  {"schema_version":"1.0.0","row_hash":"15c52ffa49af1f26db3deb3b31ea82a76d6335eaa9f0dcbd03cfc2784646e322","timestamp_utc":"2026-03-08T10:07:16.6470000Z","timestamp_desc":"LastWriteTime","source":"system_info","artifact":"Windows.Sysinternals.Autoruns","collector_kind":"velociraptor","host":"WKS-CORP-01","host_id":"4f1c0a9e-0001-4a00-9c31-b0de51000001","user":"SYSTEM","message":"Autorun entry enumerated: OneDrive (signed, Microsoft Corporation)","target":"C:\\Program Files\\Microsoft OneDrive\\OneDrive.exe","file":{"path":"C:\\Program Files\\Microsoft OneDrive\\OneDrive.exe","name":"OneDrive.exe","extension":"exe","size_bytes":2881338,"signature_status":"signed_valid","signer":"Microsoft Corporation"},"detections":[],"severity_max":"none","detection_count":0,"provenance":{"raw_file":"raw/Windows.Sysinternals.Autoruns/results.json","raw_row":29,"collection_id":"demo-wks-corp-01"}},
  {"schema_version":"1.0.0","row_hash":"6f5c2242241c4e374c7410b76f6cd20847968aae601d9ec538ee0f30221e3a9d","timestamp_utc":"2026-03-08T10:12:42.9850000Z","timestamp_desc":"RunTime","source":"scheduled_task","artifact":"Windows.System.TaskScheduler","collector_kind":"velociraptor","host":"WKS-CORP-01","host_id":"4f1c0a9e-0001-4a00-9c31-b0de51000001","user":"SYSTEM","message":"Scheduled task ran: \\Microsoft\\Windows\\UpdateOrchestrator\\Schedule Scan","target":"\\Microsoft\\Windows\\UpdateOrchestrator\\Schedule Scan","detections":[],"severity_max":"none","detection_count":0,"provenance":{"raw_file":"raw/Windows.System.TaskScheduler/results.json","raw_row":38,"collection_id":"demo-wks-corp-01"},"extra":{"result_code":0,"run_duration_seconds":29,"task_author":"Microsoft Corporation"}},
  {"schema_version":"1.0.0","row_hash":"e07ab9f24018502df320414c7c8941012e382d9d3ea8818e604194ecd746f3e1","timestamp_utc":"2026-03-08T10:17:59.8420000Z","timestamp_desc":"LastWriteTime","timestamp_source_field":"LastModified","source":"registry","artifact":"Windows.Registry.AppCompatCache","collector_kind":"velociraptor","host":"WKS-CORP-01","host_id":"4f1c0a9e-0001-4a00-9c31-b0de51000001","user":"SYSTEM","message":"AppCompatCache entry: CALC.EXE","target":"C:\\Windows\\System32\\calc.exe","registry":{"key":"HKLM\\SYSTEM\\CurrentControlSet\\Control\\Session Manager\\AppCompatCache","value_name":"AppCompatCache","value_data":"C:\\Windows\\System32\\calc.exe","value_type":"REG_BINARY","hive":"SYSTEM"},"detections":[],"severity_max":"none","detection_count":0,"provenance":{"raw_file":"raw/Windows.Registry.AppCompatCache/results.json","raw_row":29,"collection_id":"demo-wks-corp-01"},"extra":{"cache_slot":199}},
  {"schema_version":"1.0.0","row_hash":"ad3b5153fcf6081ebc838353933df2ea1d1df4056039455fcf71b142d4083155","timestamp_utc":"2026-03-08T10:20:37.8650000Z","timestamp_desc":"EventTime","source":"log","artifact":"Windows.EventLogs.Evtx","collector_kind":"native","host":"WKS-CORP-01","host_id":"4f1c0a9e-0001-4a00-9c31-b0de51000001","user":"SYSTEM","message":"Antimalware definitions updated to 1.421.371.0","target":"Microsoft-Windows-Windows Defender/Operational","process":{"name":"MsMpEng.exe","parent_name":"services.exe"},"event":{"channel":"Microsoft-Windows-Windows Defender/Operational","provider":"Microsoft-Windows-Windows-Defender","event_id":2000,"record_id":1932,"level":"Information","computer":"WKS-CORP-01.eu.corp.example"},"detections":[],"severity_max":"none","detection_count":0,"provenance":{"raw_file":"raw/Windows.EventLogs.Evtx/results.json","raw_row":244,"collection_id":"demo-wks-corp-01"}},
  {"schema_version":"1.0.0","row_hash":"e867191f630bddb95cc7b9ff5a3a528945293d246e6f3058518814d42887d639","timestamp_utc":"2026-03-08T10:22:01.7380000Z","timestamp_desc":"LastWriteTime","source":"system_info","artifact":"Windows.Sysinternals.Autoruns","collector_kind":"velociraptor","host":"WKS-CORP-01","host_id":"4f1c0a9e-0001-4a00-9c31-b0de51000001","user":"SYSTEM","message":"Autorun entry enumerated: OneDrive (signed, Microsoft Corporation)","target":"C:\\Program Files\\Microsoft OneDrive\\OneDrive.exe","file":{"path":"C:\\Program Files\\Microsoft OneDrive\\OneDrive.exe","name":"OneDrive.exe","extension":"exe","size_bytes":2820181,"signature_status":"signed_valid","signer":"Microsoft Corporation"},"detections":[],"severity_max":"none","detection_count":0,"provenance":{"raw_file":"raw/Windows.Sysinternals.Autoruns/results.json","raw_row":69,"collection_id":"demo-wks-corp-01"}},
  {"schema_version":"1.0.0","row_hash":"73cd153740b9f0a985806e197eaf5a3db9adc7c5622fad1094314355d99dae17","timestamp_utc":"2026-03-08T10:26:47.6480000Z","timestamp_desc":"VisitTime","timestamp_source_field":"last_visit_time","source":"browser","artifact":"Windows.Applications.Edge.History","collector_kind":"velociraptor","host":"WKS-CORP-01","host_id":"4f1c0a9e-0001-4a00-9c31-b0de51000001","user":"EU\\alice","message":"Edge visit: Finance document library","target":"https://sharepoint.corp.example/sites/finance/Shared%20Documents","network":{"domain":"sharepoint.corp.example","url":"https://sharepoint.corp.example/sites/finance/Shared%20Documents","direction":"outbound"},"detections":[],"severity_max":"none","detection_count":0,"provenance":{"raw_file":"raw/Windows.Applications.Edge.History/results.json","raw_row":2,"collection_id":"demo-wks-corp-01"}},
  {"schema_version":"1.0.0","row_hash":"16dc20b6c2944c428b62f76dd43a1c80adee2450010b3ebc101c00105c70a2b4","timestamp_utc":"2026-03-08T10:27:10.5730000Z","timestamp_desc":"InstallDate","source":"usb_device","artifact":"Windows.Registry.USBSTOR","collector_kind":"velociraptor","host":"WKS-CORP-01","host_id":"4f1c0a9e-0001-4a00-9c31-b0de51000001","user":"EU\\alice","message":"Sanctioned encrypted USB volume connected (asset FIN-USB-04)","target":"USBSTOR\\Disk&Ven_Corp&Prod_SecureKey&Rev_1.0","registry":{"key":"HKLM\\SYSTEM\\CurrentControlSet\\Enum\\USBSTOR\\Disk&Ven_Corp&Prod_SecureKey&Rev_1.0","value_name":"FriendlyName","value_data":"Corp SecureKey USB Device","value_type":"REG_SZ","hive":"SYSTEM"},"detections":[],"severity_max":"none","detection_count":0,"provenance":{"raw_file":"raw/Windows.Registry.USBSTOR/results.json","raw_row":80,"collection_id":"demo-wks-corp-01"},"extra":{"serial_number":"FINUSB049230","volume_label":"FIN-USB-04"}},
  {"schema_version":"1.0.0","row_hash":"f782637e571356d164103bd27f41e8464e1be9c96710aa589352913c4a5cce2e","timestamp_utc":"2026-03-08T10:39:25.1670000Z","timestamp_desc":"LastWriteTime","timestamp_source_field":"LastModified","source":"registry","artifact":"Windows.Registry.AppCompatCache","collector_kind":"velociraptor","host":"WKS-CORP-01","host_id":"4f1c0a9e-0001-4a00-9c31-b0de51000001","user":"SYSTEM","message":"AppCompatCache entry: EXCEL.EXE","target":"C:\\Program Files\\Microsoft Office\\root\\Office16\\EXCEL.EXE","registry":{"key":"HKLM\\SYSTEM\\CurrentControlSet\\Control\\Session Manager\\AppCompatCache","value_name":"AppCompatCache","value_data":"C:\\Program Files\\Microsoft Office\\root\\Office16\\EXCEL.EXE","value_type":"REG_BINARY","hive":"SYSTEM"},"detections":[],"severity_max":"none","detection_count":0,"provenance":{"raw_file":"raw/Windows.Registry.AppCompatCache/results.json","raw_row":5,"collection_id":"demo-wks-corp-01"},"extra":{"cache_slot":920}},
  {"schema_version":"1.0.0","row_hash":"e5b91632c11fdd197e3fee30ea99df474e56161194d42cadb5d98b17f74e3677","timestamp_utc":"2026-03-08T10:41:11.8530000Z","timestamp_desc":"InstallDate","source":"usb_device","artifact":"Windows.Registry.USBSTOR","collector_kind":"velociraptor","host":"WKS-CORP-01","host_id":"4f1c0a9e-0001-4a00-9c31-b0de51000001","user":"EU\\alice","message":"Sanctioned encrypted USB volume connected (asset FIN-USB-04)","target":"USBSTOR\\Disk&Ven_Corp&Prod_SecureKey&Rev_1.0","registry":{"key":"HKLM\\SYSTEM\\CurrentControlSet\\Enum\\USBSTOR\\Disk&Ven_Corp&Prod_SecureKey&Rev_1.0","value_name":"FriendlyName","value_data":"Corp SecureKey USB Device","value_type":"REG_SZ","hive":"SYSTEM"},"detections":[],"severity_max":"none","detection_count":0,"provenance":{"raw_file":"raw/Windows.Registry.USBSTOR/results.json","raw_row":72,"collection_id":"demo-wks-corp-01"},"extra":{"serial_number":"FINUSB044191","volume_label":"FIN-USB-04"}},
  {"schema_version":"1.0.0","row_hash":"4bd91e9b87067e59cfb8f174e7a482db1e3bec5cc60e034ad6340e2bbf6bd937","timestamp_utc":"2026-03-08T10:41:42.8660000Z","timestamp_desc":"EventTime","source":"service","artifact":"Windows.EventLogs.Evtx","collector_kind":"native","host":"WKS-CORP-01","host_id":"4f1c0a9e-0001-4a00-9c31-b0de51000001","user":"SYSTEM","message":"Service entered the running state: Windows Update (wuauserv)","target":"wuauserv","process":{"name":"services.exe","image_path":"C:\\Windows\\System32\\services.exe"},"event":{"channel":"System","provider":"Service Control Manager","event_id":7036,"record_id":6542,"level":"Information","computer":"WKS-CORP-01.eu.corp.example"},"detections":[],"severity_max":"none","detection_count":0,"provenance":{"raw_file":"raw/Windows.EventLogs.Evtx/results.json","raw_row":227,"collection_id":"demo-wks-corp-01"}},
  {"schema_version":"1.0.0","row_hash":"1fee4d46acb09bbbd122d3a7626d4438dbf7fce2854ff9704384fb4f71366bd8","timestamp_utc":"2026-03-08T10:50:11.1710000Z","timestamp_desc":"VisitTime","timestamp_source_field":"last_visit_time","source":"browser","artifact":"Windows.Applications.Edge.History","collector_kind":"velociraptor","host":"WKS-CORP-01","host_id":"4f1c0a9e-0001-4a00-9c31-b0de51000001","user":"EU\\alice","message":"Edge visit: Company news","target":"https://intranet.corp.example/news","network":{"domain":"intranet.corp.example","url":"https://intranet.corp.example/news","direction":"outbound"},"detections":[],"severity_max":"none","detection_count":0,"provenance":{"raw_file":"raw/Windows.Applications.Edge.History/results.json","raw_row":50,"collection_id":"demo-wks-corp-01"}},
  {"schema_version":"1.0.0","row_hash":"5897e8da5ae67afe56d6e733d0fac9439dafc98c2bee7ff33b5575f6e2c4b276","timestamp_utc":"2026-03-08T10:54:18.6350000Z","timestamp_desc":"EventTime","source":"network","artifact":"Windows.Network.Netstat","collector_kind":"velociraptor","host":"WKS-CORP-01","host_id":"4f1c0a9e-0001-4a00-9c31-b0de51000001","user":"EU\\alice","message":"Outbound HTTPS session via corporate proxy","target":"10.0.5.9:8080","process":{"name":"MSEDGE.EXE","image_path":"C:\\Program Files (x86)\\Microsoft\\Edge\\Application\\msedge.exe","parent_name":"explorer.exe"},"network":{"src_ip":"10.0.5.41","src_port":64638,"dst_ip":"10.0.5.9","dst_port":8080,"protocol":"tcp","domain":"mail.corp.example","direction":"outbound","state":"ESTABLISHED"},"detections":[],"severity_max":"none","detection_count":0,"provenance":{"raw_file":"raw/Windows.Network.Netstat/results.json","raw_row":15,"collection_id":"demo-wks-corp-01"}},
  {"schema_version":"1.0.0","row_hash":"0d6bbe794b01ede38a1d1bcb64fdbfea83f532216823e15fb3ed546e26ef0187","timestamp_utc":"2026-03-08T10:55:22.9290000Z","timestamp_desc":"EventTime","timestamp_source_field":"System.TimeCreated.SystemTime","source":"eventlog","artifact":"Windows.EventLogs.Evtx","collector_kind":"native","host":"WKS-CORP-01","host_id":"4f1c0a9e-0001-4a00-9c31-b0de51000001","user":"EU\\bob","message":"An account was successfully logged on (interactive): EU\\bob","target":"EU\\bob","event":{"channel":"Security","provider":"Microsoft-Windows-Security-Auditing","event_id":4624,"record_id":285827,"level":"Information","computer":"WKS-CORP-01.eu.corp.example","logon_type":2,"logon_id":"0x3a92a"},"detections":[],"severity_max":"none","detection_count":0,"provenance":{"raw_file":"raw/Windows.EventLogs.Evtx/results.json","raw_row":9,"collection_id":"demo-wks-corp-01"}},
  {"schema_version":"1.0.0","row_hash":"7b7c488d60618fc212858b2b902d7079c617380730f62df5b079f5f9e2c00082","timestamp_utc":"2026-03-08T10:58:42.5810000Z","timestamp_desc":"Modified","timestamp_source_field":"Mtime","source":"filesystem","artifact":"Windows.NTFS.MFT","collector_kind":"velociraptor","host":"WKS-CORP-01","host_id":"4f1c0a9e-0001-4a00-9c31-b0de51000001","user":"EU\\alice","message":"File modified: contract-renewal.docx","target":"C:\\Users\\alice\\Documents\\contract-renewal.docx","file":{"path":"C:\\Users\\alice\\Documents\\contract-renewal.docx","name":"contract-renewal.docx","extension":"docx","size_bytes":287587,"mft_entry":94188,"is_directory":false,"is_allocated":true},"detections":[],"severity_max":"none","detection_count":0,"provenance":{"raw_file":"raw/Windows.NTFS.MFT/results.json","raw_row":17,"collection_id":"demo-wks-corp-01"}},
  {"schema_version":"1.0.0","row_hash":"c36ddf266dc41130b6935bbd58d8d5f0caa97439334e97d6ac0e359b6e04d965","timestamp_utc":"2026-03-08T11:12:24.2050000Z","timestamp_desc":"InstallDate","source":"usb_device","artifact":"Windows.Registry.USBSTOR","collector_kind":"velociraptor","host":"WKS-CORP-01","host_id":"4f1c0a9e-0001-4a00-9c31-b0de51000001","user":"EU\\alice","message":"Sanctioned encrypted USB volume connected (asset FIN-USB-04)","target":"USBSTOR\\Disk&Ven_Corp&Prod_SecureKey&Rev_1.0","registry":{"key":"HKLM\\SYSTEM\\CurrentControlSet\\Enum\\USBSTOR\\Disk&Ven_Corp&Prod_SecureKey&Rev_1.0","value_name":"FriendlyName","value_data":"Corp SecureKey USB Device","value_type":"REG_SZ","hive":"SYSTEM"},"detections":[],"severity_max":"none","detection_count":0,"provenance":{"raw_file":"raw/Windows.Registry.USBSTOR/results.json","raw_row":8,"collection_id":"demo-wks-corp-01"},"extra":{"serial_number":"FINUSB041331","volume_label":"FIN-USB-04"}},
  {"schema_version":"1.0.0","row_hash":"6b33d2d71d456a3b70f9e610f29d111535cf2120e71a52a82f29af9a30ff2460","timestamp_utc":"2026-03-08T11:18:08.9380000Z","timestamp_desc":"EventTime","source":"network","artifact":"Windows.Network.Netstat","collector_kind":"velociraptor","host":"WKS-CORP-01","host_id":"4f1c0a9e-0001-4a00-9c31-b0de51000001","user":"EU\\alice","message":"Outbound HTTPS session via corporate proxy","target":"10.0.5.9:8080","process":{"name":"MSEDGE.EXE","image_path":"C:\\Program Files (x86)\\Microsoft\\Edge\\Application\\msedge.exe","parent_name":"explorer.exe"},"network":{"src_ip":"10.0.5.41","src_port":50894,"dst_ip":"10.0.5.9","dst_port":8080,"protocol":"tcp","domain":"mail.corp.example","direction":"outbound","state":"ESTABLISHED"},"detections":[],"severity_max":"none","detection_count":0,"provenance":{"raw_file":"raw/Windows.Network.Netstat/results.json","raw_row":79,"collection_id":"demo-wks-corp-01"}},
  {"schema_version":"1.0.0","row_hash":"581efb5bd9c04d7e5709d7e0ceca8cd3f9cea743c9bb2d130f9fa9e74d2f1967","timestamp_utc":"2026-03-08T11:19:13.9960000Z","timestamp_desc":"Modified","timestamp_source_field":"Mtime","source":"filesystem","artifact":"Windows.NTFS.MFT","collector_kind":"velociraptor","host":"WKS-CORP-01","host_id":"4f1c0a9e-0001-4a00-9c31-b0de51000001","user":"EU\\alice","message":"File modified: board-pack-march.pptx","target":"C:\\Users\\alice\\Documents\\board-pack-march.pptx","file":{"path":"C:\\Users\\alice\\Documents\\board-pack-march.pptx","name":"board-pack-march.pptx","extension":"pptx","size_bytes":373348,"mft_entry":123572,"is_directory":false,"is_allocated":true},"detections":[],"severity_max":"none","detection_count":0,"provenance":{"raw_file":"raw/Windows.NTFS.MFT/results.json","raw_row":33,"collection_id":"demo-wks-corp-01"}},
  {"schema_version":"1.0.0","row_hash":"8a8b987e0fac83d924a182f17c0f78809c73d26c7d72e38c0b74b04c4599a436","timestamp_utc":"2026-03-08T11:27:33.8860000Z","timestamp_desc":"LastExecuted","timestamp_source_field":"LastRunTimes","source":"execution","artifact":"Windows.Forensics.Prefetch","collector_kind":"velociraptor","host":"WKS-CORP-01","host_id":"4f1c0a9e-0001-4a00-9c31-b0de51000001","user":"EU\\alice","message":"TEAMS.EXE executed (prefetch run count 32)","target":"C:\\Program Files\\WindowsApps\\MSTeams_24245\\ms-teams.exe","process":{"name":"TEAMS.EXE","image_path":"C:\\Program Files\\WindowsApps\\MSTeams_24245\\ms-teams.exe","parent_name":"explorer.exe"},"detections":[],"severity_max":"none","detection_count":0,"provenance":{"raw_file":"raw/Windows.Forensics.Prefetch/results.json","raw_row":38,"collection_id":"demo-wks-corp-01"},"extra":{"prefetch_file":"TEAMS.EXE-1727EAE5.pf"}},
  {"schema_version":"1.0.0","row_hash":"87238c3e2dc134efdc4e245bc8cccc3437089e716e077472a55ab95586ad494a","timestamp_utc":"2026-03-08T11:41:33.6840000Z","timestamp_desc":"LastExecuted","timestamp_source_field":"LastRunTimes","source":"execution","artifact":"Windows.Forensics.Prefetch","collector_kind":"velociraptor","host":"WKS-CORP-01","host_id":"4f1c0a9e-0001-4a00-9c31-b0de51000001","user":"EU\\alice","message":"WINWORD.EXE executed (prefetch run count 42)","target":"C:\\Program Files\\Microsoft Office\\root\\Office16\\WINWORD.EXE","process":{"name":"WINWORD.EXE","image_path":"C:\\Program Files\\Microsoft Office\\root\\Office16\\WINWORD.EXE","parent_name":"explorer.exe"},"detections":[],"severity_max":"none","detection_count":0,"provenance":{"raw_file":"raw/Windows.Forensics.Prefetch/results.json","raw_row":62,"collection_id":"demo-wks-corp-01"},"extra":{"prefetch_file":"WINWORD.EXE-10E738E8.pf"}},
  {"schema_version":"1.0.0","row_hash":"5e4ab19826ff04a1f96d849fda9c22ca74a86135f2697acacff5114e75171538","timestamp_utc":"2026-03-08T11:51:23.6720000Z","timestamp_desc":"LastExecuted","timestamp_source_field":"LastRunTimes","source":"execution","artifact":"Windows.Forensics.Prefetch","collector_kind":"velociraptor","host":"WKS-CORP-01","host_id":"4f1c0a9e-0001-4a00-9c31-b0de51000001","user":"EU\\alice","message":"CALC.EXE executed (prefetch run count 58)","target":"C:\\Windows\\System32\\calc.exe","process":{"name":"CALC.EXE","image_path":"C:\\Windows\\System32\\calc.exe","parent_name":"explorer.exe"},"detections":[],"severity_max":"none","detection_count":0,"provenance":{"raw_file":"raw/Windows.Forensics.Prefetch/results.json","raw_row":22,"collection_id":"demo-wks-corp-01"},"extra":{"prefetch_file":"CALC.EXE-1C2D381E.pf"}},
  {"schema_version":"1.0.0","row_hash":"06cd152d220b00fc97658143f3e4e05601685a3d48ce1e0ff185b8186c0f6577","timestamp_utc":"2026-03-08T11:52:59.8570000Z","timestamp_desc":"EventTime","source":"log","artifact":"Windows.EventLogs.Evtx","collector_kind":"native","host":"WKS-CORP-01","host_id":"4f1c0a9e-0001-4a00-9c31-b0de51000001","user":"SYSTEM","message":"Antimalware definitions updated to 1.421.309.0","target":"Microsoft-Windows-Windows Defender/Operational","process":{"name":"MsMpEng.exe","parent_name":"services.exe"},"event":{"channel":"Microsoft-Windows-Windows Defender/Operational","provider":"Microsoft-Windows-Windows-Defender","event_id":2000,"record_id":3816,"level":"Information","computer":"WKS-CORP-01.eu.corp.example"},"detections":[],"severity_max":"none","detection_count":0,"provenance":{"raw_file":"raw/Windows.EventLogs.Evtx/results.json","raw_row":220,"collection_id":"demo-wks-corp-01"}},
  {"schema_version":"1.0.0","row_hash":"13443aea439e43d586d03ffcc5cd434fbda6bd8f21d10f0d06ee6c5905598ccd","timestamp_utc":"2026-03-08T11:57:00.2840000Z","timestamp_desc":"InstallDate","source":"usb_device","artifact":"Windows.Registry.USBSTOR","collector_kind":"velociraptor","host":"WKS-CORP-01","host_id":"4f1c0a9e-0001-4a00-9c31-b0de51000001","user":"EU\\alice","message":"Sanctioned encrypted USB volume connected (asset FIN-USB-04)","target":"USBSTOR\\Disk&Ven_Corp&Prod_SecureKey&Rev_1.0","registry":{"key":"HKLM\\SYSTEM\\CurrentControlSet\\Enum\\USBSTOR\\Disk&Ven_Corp&Prod_SecureKey&Rev_1.0","value_name":"FriendlyName","value_data":"Corp SecureKey USB Device","value_type":"REG_SZ","hive":"SYSTEM"},"detections":[],"severity_max":"none","detection_count":0,"provenance":{"raw_file":"raw/Windows.Registry.USBSTOR/results.json","raw_row":16,"collection_id":"demo-wks-corp-01"},"extra":{"serial_number":"FINUSB048577","volume_label":"FIN-USB-04"}},
  {"schema_version":"1.0.0","row_hash":"0db002fb61e4baae2384c69e12e83550531bea8a486ce883727a75f14add11f1","timestamp_utc":"2026-03-08T11:59:17.2760000Z","timestamp_desc":"EventTime","timestamp_source_field":"System.TimeCreated.SystemTime","source":"eventlog","artifact":"Windows.EventLogs.Evtx","collector_kind":"native","host":"WKS-CORP-01","host_id":"4f1c0a9e-0001-4a00-9c31-b0de51000001","user":"EU\\alice","message":"An account was successfully logged on (interactive): EU\\alice","target":"EU\\alice","event":{"channel":"Security","provider":"Microsoft-Windows-Security-Auditing","event_id":4624,"record_id":833991,"level":"Information","computer":"WKS-CORP-01.eu.corp.example","logon_type":2,"logon_id":"0x39062"},"detections":[],"severity_max":"none","detection_count":0,"provenance":{"raw_file":"raw/Windows.EventLogs.Evtx/results.json","raw_row":105,"collection_id":"demo-wks-corp-01"}},
  {"schema_version":"1.0.0","row_hash":"25057df66c82c3351148c49793c17c136da637bbe950592211d4da379b1ff09f","timestamp_utc":"2026-03-08T12:16:28.1200000Z","timestamp_desc":"EventTime","timestamp_source_field":"System.TimeCreated.SystemTime","source":"eventlog","artifact":"Windows.EventLogs.Evtx","collector_kind":"native","host":"WKS-CORP-01","host_id":"4f1c0a9e-0001-4a00-9c31-b0de51000001","user":"EU\\alice","message":"An account was successfully logged on (interactive): EU\\alice","target":"EU\\alice","event":{"channel":"Security","provider":"Microsoft-Windows-Security-Auditing","event_id":4624,"record_id":391287,"level":"Information","computer":"WKS-CORP-01.eu.corp.example","logon_type":2,"logon_id":"0x3be7a"},"detections":[],"severity_max":"none","detection_count":0,"provenance":{"raw_file":"raw/Windows.EventLogs.Evtx/results.json","raw_row":225,"collection_id":"demo-wks-corp-01"}},
  {"schema_version":"1.0.0","row_hash":"b82187ac45911d1f03c88f8952e09e64f322293d9bd2e2c4a1a50843a1722580","timestamp_utc":"2026-03-08T12:38:07.2010000Z","timestamp_desc":"VisitTime","timestamp_source_field":"last_visit_time","source":"browser","artifact":"Windows.Applications.Edge.History","collector_kind":"velociraptor","host":"WKS-CORP-01","host_id":"4f1c0a9e-0001-4a00-9c31-b0de51000001","user":"EU\\alice","message":"Edge visit: Finance - monthly close","target":"https://intranet.corp.example/finance/monthly-close","network":{"domain":"intranet.corp.example","url":"https://intranet.corp.example/finance/monthly-close","direction":"outbound"},"detections":[],"severity_max":"none","detection_count":0,"provenance":{"raw_file":"raw/Windows.Applications.Edge.History/results.json","raw_row":74,"collection_id":"demo-wks-corp-01"}},
  {"schema_version":"1.0.0","row_hash":"c02c05b26cf783ed23ab63d68b1678cdb935ea32051b355989332e5eff61d130","timestamp_utc":"2026-03-08T13:03:42.5670000Z","timestamp_desc":"LastWriteTime","timestamp_source_field":"LastModified","source":"registry","artifact":"Windows.Registry.AppCompatCache","collector_kind":"velociraptor","host":"WKS-CORP-01","host_id":"4f1c0a9e-0001-4a00-9c31-b0de51000001","user":"SYSTEM","message":"AppCompatCache entry: SNIPPINGTOOL.EXE","target":"C:\\Windows\\System32\\SnippingTool.exe","registry":{"key":"HKLM\\SYSTEM\\CurrentControlSet\\Control\\Session Manager\\AppCompatCache","value_name":"AppCompatCache","value_data":"C:\\Windows\\System32\\SnippingTool.exe","value_type":"REG_BINARY","hive":"SYSTEM"},"detections":[],"severity_max":"none","detection_count":0,"provenance":{"raw_file":"raw/Windows.Registry.AppCompatCache/results.json","raw_row":77,"collection_id":"demo-wks-corp-01"},"extra":{"cache_slot":445}},
  {"schema_version":"1.0.0","row_hash":"5169ea0e74ac307f24a1dc119b1fa14d6e5147de9de29c05ae357bd11f460f10","timestamp_utc":"2026-03-08T13:15:46.6690000Z","timestamp_desc":"RunTime","source":"scheduled_task","artifact":"Windows.System.TaskScheduler","collector_kind":"velociraptor","host":"WKS-CORP-01","host_id":"4f1c0a9e-0001-4a00-9c31-b0de51000001","user":"SYSTEM","message":"Scheduled task ran: \\Microsoft\\Windows\\UpdateOrchestrator\\Schedule Scan","target":"\\Microsoft\\Windows\\UpdateOrchestrator\\Schedule Scan","detections":[],"severity_max":"none","detection_count":0,"provenance":{"raw_file":"raw/Windows.System.TaskScheduler/results.json","raw_row":46,"collection_id":"demo-wks-corp-01"},"extra":{"result_code":0,"run_duration_seconds":34,"task_author":"Microsoft Corporation"}},
  {"schema_version":"1.0.0","row_hash":"8249805e8fc9bdab8cb2abc58e07c0e825fa493259ae49211148675fbe53368b","timestamp_utc":"2026-03-08T13:16:12.2300000Z","timestamp_desc":"EventTime","source":"log","artifact":"Windows.EventLogs.Evtx","collector_kind":"native","host":"WKS-CORP-01","host_id":"4f1c0a9e-0001-4a00-9c31-b0de51000001","user":"SYSTEM","message":"Antimalware definitions updated to 1.421.372.0","target":"Microsoft-Windows-Windows Defender/Operational","process":{"name":"MsMpEng.exe","parent_name":"services.exe"},"event":{"channel":"Microsoft-Windows-Windows Defender/Operational","provider":"Microsoft-Windows-Windows-Defender","event_id":2000,"record_id":1115,"level":"Information","computer":"WKS-CORP-01.eu.corp.example"},"detections":[],"severity_max":"none","detection_count":0,"provenance":{"raw_file":"raw/Windows.EventLogs.Evtx/results.json","raw_row":52,"collection_id":"demo-wks-corp-01"}},
  {"schema_version":"1.0.0","row_hash":"a3fe9169e87e7c48153042a40828d3c8df139f167b899729706615e01e06f368","timestamp_utc":"2026-03-08T13:23:24.4040000Z","timestamp_desc":"LastExecuted","timestamp_source_field":"LastRunTimes","source":"execution","artifact":"Windows.Forensics.Prefetch","collector_kind":"velociraptor","host":"WKS-CORP-01","host_id":"4f1c0a9e-0001-4a00-9c31-b0de51000001","user":"EU\\alice","message":"SNIPPINGTOOL.EXE executed (prefetch run count 64)","target":"C:\\Windows\\System32\\SnippingTool.exe","process":{"name":"SNIPPINGTOOL.EXE","image_path":"C:\\Windows\\System32\\SnippingTool.exe","parent_name":"explorer.exe"},"detections":[],"severity_max":"none","detection_count":0,"provenance":{"raw_file":"raw/Windows.Forensics.Prefetch/results.json","raw_row":78,"collection_id":"demo-wks-corp-01"},"extra":{"prefetch_file":"SNIPPINGTOOL.EXE-16747CE3.pf"}},
  {"schema_version":"1.0.0","row_hash":"ccec705879f94241d14cf130e14f59a5a303fa9f3eed091a825521e2d43f8b6d","timestamp_utc":"2026-03-08T13:27:44.5610000Z","timestamp_desc":"EventTime","source":"service","artifact":"Windows.EventLogs.Evtx","collector_kind":"native","host":"WKS-CORP-01","host_id":"4f1c0a9e-0001-4a00-9c31-b0de51000001","user":"SYSTEM","message":"Service entered the running state: Windows Update (wuauserv)","target":"wuauserv","process":{"name":"services.exe","image_path":"C:\\Windows\\System32\\services.exe"},"event":{"channel":"System","provider":"Service Control Manager","event_id":7036,"record_id":9444,"level":"Information","computer":"WKS-CORP-01.eu.corp.example"},"detections":[],"severity_max":"none","detection_count":0,"provenance":{"raw_file":"raw/Windows.EventLogs.Evtx/results.json","raw_row":59,"collection_id":"demo-wks-corp-01"}},
  {"schema_version":"1.0.0","row_hash":"d26e55e5eefe234bcdd0607cea0eee631667616e8ecd884f22ce454a29d27862","timestamp_utc":"2026-03-08T13:35:59.5080000Z","timestamp_desc":"EventTime","source":"network","artifact":"Windows.Network.Netstat","collector_kind":"velociraptor","host":"WKS-CORP-01","host_id":"4f1c0a9e-0001-4a00-9c31-b0de51000001","user":"EU\\alice","message":"Outbound HTTPS session via corporate proxy","target":"10.0.5.9:8080","process":{"name":"MSEDGE.EXE","image_path":"C:\\Program Files (x86)\\Microsoft\\Edge\\Application\\msedge.exe","parent_name":"explorer.exe"},"network":{"src_ip":"10.0.5.41","src_port":53271,"dst_ip":"10.0.5.9","dst_port":8080,"protocol":"tcp","domain":"sharepoint.corp.example","direction":"outbound","state":"ESTABLISHED"},"detections":[],"severity_max":"none","detection_count":0,"provenance":{"raw_file":"raw/Windows.Network.Netstat/results.json","raw_row":23,"collection_id":"demo-wks-corp-01"}},
  {"schema_version":"1.0.0","row_hash":"0e5999613dc58bdc7ccea7f9ec780f1f7626e6e2399d5af5d927ce2cfbcdae59","timestamp_utc":"2026-03-08T13:36:34.1340000Z","timestamp_desc":"LastWriteTime","timestamp_source_field":"LastModified","source":"registry","artifact":"Windows.Registry.AppCompatCache","collector_kind":"velociraptor","host":"WKS-CORP-01","host_id":"4f1c0a9e-0001-4a00-9c31-b0de51000001","user":"SYSTEM","message":"AppCompatCache entry: OUTLOOK.EXE","target":"C:\\Program Files\\Microsoft Office\\root\\Office16\\OUTLOOK.EXE","registry":{"key":"HKLM\\SYSTEM\\CurrentControlSet\\Control\\Session Manager\\AppCompatCache","value_name":"AppCompatCache","value_data":"C:\\Program Files\\Microsoft Office\\root\\Office16\\OUTLOOK.EXE","value_type":"REG_BINARY","hive":"SYSTEM"},"detections":[],"severity_max":"none","detection_count":0,"provenance":{"raw_file":"raw/Windows.Registry.AppCompatCache/results.json","raw_row":45,"collection_id":"demo-wks-corp-01"},"extra":{"cache_slot":937}},
  {"schema_version":"1.0.0","row_hash":"b04655ca7d82e4888a417ada09b84b59f4bf2c601a6713ba369b708d26508203","timestamp_utc":"2026-03-08T13:42:07.2160000Z","timestamp_desc":"EventTime","source":"network","artifact":"Windows.Network.Netstat","collector_kind":"velociraptor","host":"WKS-CORP-01","host_id":"4f1c0a9e-0001-4a00-9c31-b0de51000001","user":"EU\\alice","message":"Outbound HTTPS session via corporate proxy","target":"10.0.5.9:8080","process":{"name":"MSEDGE.EXE","image_path":"C:\\Program Files (x86)\\Microsoft\\Edge\\Application\\msedge.exe","parent_name":"explorer.exe"},"network":{"src_ip":"10.0.5.41","src_port":49413,"dst_ip":"10.0.5.9","dst_port":8080,"protocol":"tcp","domain":"sharepoint.corp.example","direction":"outbound","state":"ESTABLISHED"},"detections":[],"severity_max":"none","detection_count":0,"provenance":{"raw_file":"raw/Windows.Network.Netstat/results.json","raw_row":71,"collection_id":"demo-wks-corp-01"}},
  {"schema_version":"1.0.0","row_hash":"2fbec9e0a48a3ff086eb62fc661e617c27248a290196836574916dabc44d8d3f","timestamp_utc":"2026-03-08T13:47:33.1110000Z","timestamp_desc":"EventTime","source":"network","artifact":"Windows.Network.Netstat","collector_kind":"velociraptor","host":"WKS-CORP-01","host_id":"4f1c0a9e-0001-4a00-9c31-b0de51000001","user":"EU\\alice","message":"Outbound HTTPS session via corporate proxy","target":"10.0.5.9:8080","process":{"name":"MSEDGE.EXE","image_path":"C:\\Program Files (x86)\\Microsoft\\Edge\\Application\\msedge.exe","parent_name":"explorer.exe"},"network":{"src_ip":"10.0.5.41","src_port":62024,"dst_ip":"10.0.5.9","dst_port":8080,"protocol":"tcp","domain":"intranet.corp.example","direction":"outbound","state":"ESTABLISHED"},"detections":[],"severity_max":"none","detection_count":0,"provenance":{"raw_file":"raw/Windows.Network.Netstat/results.json","raw_row":7,"collection_id":"demo-wks-corp-01"}},
  {"schema_version":"1.0.0","row_hash":"4b813bb4c5503f2674451eafb489b343e97bd46cb8a5743eddcd3e77983a1b95","timestamp_utc":"2026-03-08T13:48:24.4960000Z","timestamp_desc":"EventTime","source":"service","artifact":"Windows.EventLogs.Evtx","collector_kind":"native","host":"WKS-CORP-01","host_id":"4f1c0a9e-0001-4a00-9c31-b0de51000001","user":"SYSTEM","message":"Service entered the running state: Windows Update (wuauserv)","target":"wuauserv","process":{"name":"services.exe","image_path":"C:\\Windows\\System32\\services.exe"},"event":{"channel":"System","provider":"Service Control Manager","event_id":7036,"record_id":4977,"level":"Information","computer":"WKS-CORP-01.eu.corp.example"},"detections":[],"severity_max":"none","detection_count":0,"provenance":{"raw_file":"raw/Windows.EventLogs.Evtx/results.json","raw_row":203,"collection_id":"demo-wks-corp-01"}},
  {"schema_version":"1.0.0","row_hash":"3aa71501c8810b16dd94d18ea23afc094b5a66d51059478f01884a3004af9544","timestamp_utc":"2026-03-08T13:52:47.0070000Z","timestamp_desc":"VisitTime","timestamp_source_field":"last_visit_time","source":"browser","artifact":"Windows.Applications.Edge.History","collector_kind":"velociraptor","host":"WKS-CORP-01","host_id":"4f1c0a9e-0001-4a00-9c31-b0de51000001","user":"EU\\alice","message":"Edge visit: Finance document library","target":"https://sharepoint.corp.example/sites/finance/Shared%20Documents","network":{"domain":"sharepoint.corp.example","url":"https://sharepoint.corp.example/sites/finance/Shared%20Documents","direction":"outbound"},"detections":[],"severity_max":"none","detection_count":0,"provenance":{"raw_file":"raw/Windows.Applications.Edge.History/results.json","raw_row":10,"collection_id":"demo-wks-corp-01"}},
  {"schema_version":"1.0.0","row_hash":"adecc77e3c922d9dea9d1665d97e9eebdaf2fba20b2ae870423fb8e227bad145","timestamp_utc":"2026-03-08T13:56:17.7850000Z","timestamp_desc":"EventTime","source":"network","artifact":"Windows.Network.Netstat","collector_kind":"velociraptor","host":"WKS-CORP-01","host_id":"4f1c0a9e-0001-4a00-9c31-b0de51000001","user":"EU\\alice","message":"Outbound HTTPS session via corporate proxy","target":"10.0.5.9:8080","process":{"name":"MSEDGE.EXE","image_path":"C:\\Program Files (x86)\\Microsoft\\Edge\\Application\\msedge.exe","parent_name":"explorer.exe"},"network":{"src_ip":"10.0.5.41","src_port":59203,"dst_ip":"10.0.5.9","dst_port":8080,"protocol":"tcp","domain":"intranet.corp.example","direction":"outbound","state":"ESTABLISHED"},"detections":[],"severity_max":"none","detection_count":0,"provenance":{"raw_file":"raw/Windows.Network.Netstat/results.json","raw_row":39,"collection_id":"demo-wks-corp-01"}},
  {"schema_version":"1.0.0","row_hash":"cdec7241ad3d6412898c0ab4187e4fdf1c56d572b8b140bce66f92970bd4f99b","timestamp_utc":"2026-03-08T14:00:55.2970000Z","timestamp_desc":"LastExecuted","timestamp_source_field":"LastRunTimes","source":"execution","artifact":"Windows.Forensics.Prefetch","collector_kind":"velociraptor","host":"WKS-CORP-01","host_id":"4f1c0a9e-0001-4a00-9c31-b0de51000001","user":"EU\\alice","message":"MSEDGE.EXE executed (prefetch run count 59)","target":"C:\\Program Files (x86)\\Microsoft\\Edge\\Application\\msedge.exe","process":{"name":"MSEDGE.EXE","image_path":"C:\\Program Files (x86)\\Microsoft\\Edge\\Application\\msedge.exe","parent_name":"explorer.exe"},"detections":[],"severity_max":"none","detection_count":0,"provenance":{"raw_file":"raw/Windows.Forensics.Prefetch/results.json","raw_row":6,"collection_id":"demo-wks-corp-01"},"extra":{"prefetch_file":"MSEDGE.EXE-1BA051AB.pf"}},
  {"schema_version":"1.0.0","row_hash":"292c6fda144316f517ba092d2c1c98078aca5882a072f9eef2f54bad28cdc3c8","timestamp_utc":"2026-03-08T14:02:24.6160000Z","timestamp_desc":"LastWriteTime","source":"system_info","artifact":"Windows.Sysinternals.Autoruns","collector_kind":"velociraptor","host":"WKS-CORP-01","host_id":"4f1c0a9e-0001-4a00-9c31-b0de51000001","user":"SYSTEM","message":"Autorun entry enumerated: OneDrive (signed, Microsoft Corporation)","target":"C:\\Program Files\\Microsoft OneDrive\\OneDrive.exe","file":{"path":"C:\\Program Files\\Microsoft OneDrive\\OneDrive.exe","name":"OneDrive.exe","extension":"exe","size_bytes":2819184,"signature_status":"signed_valid","signer":"Microsoft Corporation"},"detections":[],"severity_max":"none","detection_count":0,"provenance":{"raw_file":"raw/Windows.Sysinternals.Autoruns/results.json","raw_row":21,"collection_id":"demo-wks-corp-01"}},
  {"schema_version":"1.0.0","row_hash":"91958d85f4a0fc99251f71ed6c12e73b352b44d2c2af87eca5dffcf7a4742a5a","timestamp_utc":"2026-03-08T14:18:58.7230000Z","timestamp_desc":"EventTime","source":"service","artifact":"Windows.EventLogs.Evtx","collector_kind":"native","host":"WKS-CORP-01","host_id":"4f1c0a9e-0001-4a00-9c31-b0de51000001","user":"SYSTEM","message":"Service entered the running state: Windows Update (wuauserv)","target":"wuauserv","process":{"name":"services.exe","image_path":"C:\\Windows\\System32\\services.exe"},"event":{"channel":"System","provider":"Service Control Manager","event_id":7036,"record_id":8134,"level":"Information","computer":"WKS-CORP-01.eu.corp.example"},"detections":[],"severity_max":"none","detection_count":0,"provenance":{"raw_file":"raw/Windows.EventLogs.Evtx/results.json","raw_row":11,"collection_id":"demo-wks-corp-01"}},
  {"schema_version":"1.0.0","row_hash":"36692d84333c87a2683a46f0484908081c4d8bd2452d6407a83593d28131622f","timestamp_utc":"2026-03-08T14:47:21.4750000Z","timestamp_desc":"EventTime","source":"log","artifact":"Windows.EventLogs.Evtx","collector_kind":"native","host":"WKS-CORP-01","host_id":"4f1c0a9e-0001-4a00-9c31-b0de51000001","user":"SYSTEM","message":"Antimalware definitions updated to 1.421.337.0","target":"Microsoft-Windows-Windows Defender/Operational","process":{"name":"MsMpEng.exe","parent_name":"services.exe"},"event":{"channel":"Microsoft-Windows-Windows Defender/Operational","provider":"Microsoft-Windows-Windows-Defender","event_id":2000,"record_id":9668,"level":"Information","computer":"WKS-CORP-01.eu.corp.example"},"detections":[],"severity_max":"none","detection_count":0,"provenance":{"raw_file":"raw/Windows.EventLogs.Evtx/results.json","raw_row":172,"collection_id":"demo-wks-corp-01"}},
  {"schema_version":"1.0.0","row_hash":"3aa140de71d736b87c6bb8378cfdd2ff4d3beb391bf6f5441fb52ca83df7287e","timestamp_utc":"2026-03-08T14:55:39.9010000Z","timestamp_desc":"LastWriteTime","source":"system_info","artifact":"Windows.Sysinternals.Autoruns","collector_kind":"velociraptor","host":"WKS-CORP-01","host_id":"4f1c0a9e-0001-4a00-9c31-b0de51000001","user":"SYSTEM","message":"Autorun entry enumerated: OneDrive (signed, Microsoft Corporation)","target":"C:\\Program Files\\Microsoft OneDrive\\OneDrive.exe","file":{"path":"C:\\Program Files\\Microsoft OneDrive\\OneDrive.exe","name":"OneDrive.exe","extension":"exe","size_bytes":2803476,"signature_status":"signed_valid","signer":"Microsoft Corporation"},"detections":[],"severity_max":"none","detection_count":0,"provenance":{"raw_file":"raw/Windows.Sysinternals.Autoruns/results.json","raw_row":77,"collection_id":"demo-wks-corp-01"}},
  {"schema_version":"1.0.0","row_hash":"50caf04a4886542da06c731b55118656723400a4a2bdd3c9a5ad734f00ebc770","timestamp_utc":"2026-03-08T15:00:06.2520000Z","timestamp_desc":"VisitTime","timestamp_source_field":"last_visit_time","source":"browser","artifact":"Windows.Applications.Edge.History","collector_kind":"velociraptor","host":"WKS-CORP-01","host_id":"4f1c0a9e-0001-4a00-9c31-b0de51000001","user":"EU\\alice","message":"Edge visit: IT service desk","target":"https://intranet.corp.example/it/servicedesk","network":{"domain":"intranet.corp.example","url":"https://intranet.corp.example/it/servicedesk","direction":"outbound"},"detections":[],"severity_max":"none","detection_count":0,"provenance":{"raw_file":"raw/Windows.Applications.Edge.History/results.json","raw_row":26,"collection_id":"demo-wks-corp-01"}},
  {"schema_version":"1.0.0","row_hash":"7f667a717954df6592ec70b40ce64e02189ea31d7bacf7332e05294a93ec8fbc","timestamp_utc":"2026-03-08T15:01:43.9160000Z","timestamp_desc":"EventTime","source":"network","artifact":"Windows.Network.Netstat","collector_kind":"velociraptor","host":"WKS-CORP-01","host_id":"4f1c0a9e-0001-4a00-9c31-b0de51000001","user":"EU\\alice","message":"Outbound HTTPS session via corporate proxy","target":"10.0.5.9:8080","process":{"name":"MSEDGE.EXE","image_path":"C:\\Program Files (x86)\\Microsoft\\Edge\\Application\\msedge.exe","parent_name":"explorer.exe"},"network":{"src_ip":"10.0.5.41","src_port":53830,"dst_ip":"10.0.5.9","dst_port":8080,"protocol":"tcp","domain":"wsus.corp.example","direction":"outbound","state":"ESTABLISHED"},"detections":[],"severity_max":"none","detection_count":0,"provenance":{"raw_file":"raw/Windows.Network.Netstat/results.json","raw_row":47,"collection_id":"demo-wks-corp-01"}},
  {"schema_version":"1.0.0","row_hash":"e49e6f7f72ad722d37db9ebde3c18e27b02d4778dfd9853992ea5a2f4801e047","timestamp_utc":"2026-03-08T15:10:11.1570000Z","timestamp_desc":"VisitTime","timestamp_source_field":"last_visit_time","source":"browser","artifact":"Windows.Applications.Edge.History","collector_kind":"velociraptor","host":"WKS-CORP-01","host_id":"4f1c0a9e-0001-4a00-9c31-b0de51000001","user":"EU\\alice","message":"Edge visit: HR - leave balance","target":"https://intranet.corp.example/hr/leave","network":{"domain":"intranet.corp.example","url":"https://intranet.corp.example/hr/leave","direction":"outbound"},"detections":[],"severity_max":"none","detection_count":0,"provenance":{"raw_file":"raw/Windows.Applications.Edge.History/results.json","raw_row":66,"collection_id":"demo-wks-corp-01"}},
  {"schema_version":"1.0.0","row_hash":"e2ac14d4248bea11c4e65d63ef38fc12db5997c06bfdab0e3d862db66af41b34","timestamp_utc":"2026-03-08T15:10:22.3750000Z","timestamp_desc":"Modified","timestamp_source_field":"Mtime","source":"filesystem","artifact":"Windows.NTFS.MFT","collector_kind":"velociraptor","host":"WKS-CORP-01","host_id":"4f1c0a9e-0001-4a00-9c31-b0de51000001","user":"EU\\alice","message":"File modified: payroll-summary.xlsx","target":"C:\\Users\\alice\\Documents\\payroll-summary.xlsx","file":{"path":"C:\\Users\\alice\\Documents\\payroll-summary.xlsx","name":"payroll-summary.xlsx","extension":"xlsx","size_bytes":390489,"mft_entry":120627,"is_directory":false,"is_allocated":true},"detections":[],"severity_max":"none","detection_count":0,"provenance":{"raw_file":"raw/Windows.NTFS.MFT/results.json","raw_row":65,"collection_id":"demo-wks-corp-01"}},
  {"schema_version":"1.0.0","row_hash":"f3548c73b86400f40f1900c72d3d71517cd967f1f9a6b39d62515743e16e095a","timestamp_utc":"2026-03-08T15:13:18.9070000Z","timestamp_desc":"EventTime","source":"service","artifact":"Windows.EventLogs.Evtx","collector_kind":"native","host":"WKS-CORP-01","host_id":"4f1c0a9e-0001-4a00-9c31-b0de51000001","user":"SYSTEM","message":"Service entered the running state: Windows Update (wuauserv)","target":"wuauserv","process":{"name":"services.exe","image_path":"C:\\Windows\\System32\\services.exe"},"event":{"channel":"System","provider":"Service Control Manager","event_id":7036,"record_id":6045,"level":"Information","computer":"WKS-CORP-01.eu.corp.example"},"detections":[],"severity_max":"none","detection_count":0,"provenance":{"raw_file":"raw/Windows.EventLogs.Evtx/results.json","raw_row":107,"collection_id":"demo-wks-corp-01"}},
  {"schema_version":"1.0.0","row_hash":"24454a3e91eb1199f4f590ed4c73bace559fd42e20cebc87818b16d39ebe1b91","timestamp_utc":"2026-03-08T15:17:16.4600000Z","timestamp_desc":"RunTime","source":"scheduled_task","artifact":"Windows.System.TaskScheduler","collector_kind":"velociraptor","host":"WKS-CORP-01","host_id":"4f1c0a9e-0001-4a00-9c31-b0de51000001","user":"SYSTEM","message":"Scheduled task ran: \\Microsoft\\Windows\\UpdateOrchestrator\\Schedule Scan","target":"\\Microsoft\\Windows\\UpdateOrchestrator\\Schedule Scan","detections":[],"severity_max":"none","detection_count":0,"provenance":{"raw_file":"raw/Windows.System.TaskScheduler/results.json","raw_row":70,"collection_id":"demo-wks-corp-01"},"extra":{"result_code":0,"run_duration_seconds":7,"task_author":"Microsoft Corporation"}},
  {"schema_version":"1.0.0","row_hash":"f538043245a7858b42dad605af66d6ce4e6efd5c364d0841fa8beb43f80eca69","timestamp_utc":"2026-03-08T15:18:03.2650000Z","timestamp_desc":"InstallDate","source":"usb_device","artifact":"Windows.Registry.USBSTOR","collector_kind":"velociraptor","host":"WKS-CORP-01","host_id":"4f1c0a9e-0001-4a00-9c31-b0de51000001","user":"EU\\alice","message":"Sanctioned encrypted USB volume connected (asset FIN-USB-04)","target":"USBSTOR\\Disk&Ven_Corp&Prod_SecureKey&Rev_1.0","registry":{"key":"HKLM\\SYSTEM\\CurrentControlSet\\Enum\\USBSTOR\\Disk&Ven_Corp&Prod_SecureKey&Rev_1.0","value_name":"FriendlyName","value_data":"Corp SecureKey USB Device","value_type":"REG_SZ","hive":"SYSTEM"},"detections":[],"severity_max":"none","detection_count":0,"provenance":{"raw_file":"raw/Windows.Registry.USBSTOR/results.json","raw_row":24,"collection_id":"demo-wks-corp-01"},"extra":{"serial_number":"FINUSB047029","volume_label":"FIN-USB-04"}},
  {"schema_version":"1.0.0","row_hash":"f08023aabd9e06ee5e9b7799cded01d42261583fde57e2ae8780c9494a359728","timestamp_utc":"2026-03-08T15:19:25.6720000Z","timestamp_desc":"EventTime","source":"log","artifact":"Windows.EventLogs.Evtx","collector_kind":"native","host":"WKS-CORP-01","host_id":"4f1c0a9e-0001-4a00-9c31-b0de51000001","user":"SYSTEM","message":"Antimalware definitions updated to 1.421.301.0","target":"Microsoft-Windows-Windows Defender/Operational","process":{"name":"MsMpEng.exe","parent_name":"services.exe"},"event":{"channel":"Microsoft-Windows-Windows Defender/Operational","provider":"Microsoft-Windows-Windows-Defender","event_id":2000,"record_id":3981,"level":"Information","computer":"WKS-CORP-01.eu.corp.example"},"detections":[],"severity_max":"none","detection_count":0,"provenance":{"raw_file":"raw/Windows.EventLogs.Evtx/results.json","raw_row":124,"collection_id":"demo-wks-corp-01"}},
  {"schema_version":"1.0.0","row_hash":"a4f2c870467216ff0deaa6ef6990ee783895359fb55c19ca19609496edbe2e1e","timestamp_utc":"2026-03-08T15:26:47.2080000Z","timestamp_desc":"InstallDate","source":"usb_device","artifact":"Windows.Registry.USBSTOR","collector_kind":"velociraptor","host":"WKS-CORP-01","host_id":"4f1c0a9e-0001-4a00-9c31-b0de51000001","user":"EU\\alice","message":"Sanctioned encrypted USB volume connected (asset FIN-USB-04)","target":"USBSTOR\\Disk&Ven_Corp&Prod_SecureKey&Rev_1.0","registry":{"key":"HKLM\\SYSTEM\\CurrentControlSet\\Enum\\USBSTOR\\Disk&Ven_Corp&Prod_SecureKey&Rev_1.0","value_name":"FriendlyName","value_data":"Corp SecureKey USB Device","value_type":"REG_SZ","hive":"SYSTEM"},"detections":[],"severity_max":"none","detection_count":0,"provenance":{"raw_file":"raw/Windows.Registry.USBSTOR/results.json","raw_row":56,"collection_id":"demo-wks-corp-01"},"extra":{"serial_number":"FINUSB043824","volume_label":"FIN-USB-04"}},
  {"schema_version":"1.0.0","row_hash":"366e2196b8dba5431acea224c3e3dcf6fb67cb88a6558616f9177dd6e934b5ff","timestamp_utc":"2026-03-08T15:29:07.7090000Z","timestamp_desc":"EventTime","source":"log","artifact":"Windows.EventLogs.Evtx","collector_kind":"native","host":"WKS-CORP-01","host_id":"4f1c0a9e-0001-4a00-9c31-b0de51000001","user":"SYSTEM","message":"Antimalware definitions updated to 1.421.326.0","target":"Microsoft-Windows-Windows Defender/Operational","process":{"name":"MsMpEng.exe","parent_name":"services.exe"},"event":{"channel":"Microsoft-Windows-Windows Defender/Operational","provider":"Microsoft-Windows-Windows-Defender","event_id":2000,"record_id":6764,"level":"Information","computer":"WKS-CORP-01.eu.corp.example"},"detections":[],"severity_max":"none","detection_count":0,"provenance":{"raw_file":"raw/Windows.EventLogs.Evtx/results.json","raw_row":4,"collection_id":"demo-wks-corp-01"}},
  {"schema_version":"1.0.0","row_hash":"d7bb0360fceb431a597855718e4b40e134d2fe382ef607cc350c6b31e81d366e","timestamp_utc":"2026-03-08T15:42:54.2930000Z","timestamp_desc":"RunTime","source":"scheduled_task","artifact":"Windows.System.TaskScheduler","collector_kind":"velociraptor","host":"WKS-CORP-01","host_id":"4f1c0a9e-0001-4a00-9c31-b0de51000001","user":"SYSTEM","message":"Scheduled task ran: \\Microsoft\\Windows\\UpdateOrchestrator\\Schedule Scan","target":"\\Microsoft\\Windows\\UpdateOrchestrator\\Schedule Scan","detections":[],"severity_max":"none","detection_count":0,"provenance":{"raw_file":"raw/Windows.System.TaskScheduler/results.json","raw_row":78,"collection_id":"demo-wks-corp-01"},"extra":{"result_code":0,"run_duration_seconds":20,"task_author":"Microsoft Corporation"}},
  {"schema_version":"1.0.0","row_hash":"0e8d29b1c781fd6bde7032c8c09e9cae1ff4ce01fe82922062f8e705b0baafee","timestamp_utc":"2026-03-08T15:54:05.0680000Z","timestamp_desc":"EventTime","source":"network","artifact":"Windows.Network.Netstat","collector_kind":"velociraptor","host":"WKS-CORP-01","host_id":"4f1c0a9e-0001-4a00-9c31-b0de51000001","user":"EU\\alice","message":"Outbound HTTPS session via corporate proxy","target":"10.0.5.9:8080","process":{"name":"MSEDGE.EXE","image_path":"C:\\Program Files (x86)\\Microsoft\\Edge\\Application\\msedge.exe","parent_name":"explorer.exe"},"network":{"src_ip":"10.0.5.41","src_port":63102,"dst_ip":"10.0.5.9","dst_port":8080,"protocol":"tcp","domain":"dc-corp-01.corp.example","direction":"outbound","state":"ESTABLISHED"},"detections":[],"severity_max":"none","detection_count":0,"provenance":{"raw_file":"raw/Windows.Network.Netstat/results.json","raw_row":55,"collection_id":"demo-wks-corp-01"}},
  {"schema_version":"1.0.0","row_hash":"95e30d6e794434bf7e82e91045e12538ad9ded6d61186e4e68d643ff096cdca7","timestamp_utc":"2026-03-08T16:00:10.2850000Z","timestamp_desc":"EventTime","source":"service","artifact":"Windows.EventLogs.Evtx","collector_kind":"native","host":"WKS-CORP-01","host_id":"4f1c0a9e-0001-4a00-9c31-b0de51000001","user":"SYSTEM","message":"Service entered the running state: Windows Update (wuauserv)","target":"wuauserv","process":{"name":"services.exe","image_path":"C:\\Windows\\System32\\services.exe"},"event":{"channel":"System","provider":"Service Control Manager","event_id":7036,"record_id":5818,"level":"Information","computer":"WKS-CORP-01.eu.corp.example"},"detections":[],"severity_max":"none","detection_count":0,"provenance":{"raw_file":"raw/Windows.EventLogs.Evtx/results.json","raw_row":35,"collection_id":"demo-wks-corp-01"}},
