  {"schema_version":"1.0.0","row_hash":"3afe02bbce7e502d958283f71d236a8c6acd0c05f1b7627a543324551dbbc97f","timestamp_utc":"2026-03-12T10:39:39.6340000Z","timestamp_desc":"Modified","source":"filesystem","artifact":"Windows.NTFS.MFT","collector_kind":"velociraptor","host":"DC-CORP-01","host_id":"4f1c0a9e-0003-4a00-9c31-b0de51000003","user":"SYSTEM","message":"Group Policy template modified: Default Domain Policy","target":"C:\\Windows\\SYSVOL\\sysvol\\corp.example\\Policies\\{31B2F340-016D-11D2-945F-00C04FB984F9}\\GPT.INI","file":{"path":"C:\\Windows\\SYSVOL\\sysvol\\corp.example\\Policies\\{31B2F340-016D-11D2-945F-00C04FB984F9}\\GPT.INI","name":"GPT.INI","extension":"INI","size_bytes":87,"mft_entry":73548,"is_allocated":true},"detections":[],"severity_max":"none","detection_count":0,"provenance":{"raw_file":"raw/Windows.NTFS.MFT/results.json","raw_row":33,"collection_id":"demo-dc-corp-01"}},
  {"schema_version":"1.0.0","row_hash":"376cd8c908dc5fa36d2830101bdd43cd56384701b97c5b9ad5f4867627014d26","timestamp_utc":"2026-03-12T10:48:15.8610000Z","timestamp_desc":"EventTime","source":"log","artifact":"Windows.EventLogs.Evtx","collector_kind":"native","host":"DC-CORP-01","host_id":"4f1c0a9e-0003-4a00-9c31-b0de51000003","user":"SYSTEM","message":"DNS zone transfer completed for eu.corp.example","target":"Microsoft-Windows-DNS-Server/Audit","process":{"name":"dns.exe","image_path":"C:\\Windows\\System32\\dns.exe","parent_name":"services.exe"},"event":{"channel":"DNS Server","provider":"Microsoft-Windows-DNS-Server-Service","event_id":6522,"record_id":2825,"level":"Information","computer":"DC-CORP-01.corp.example"},"detections":[],"severity_max":"none","detection_count":0,"provenance":{"raw_file":"raw/Windows.EventLogs.Evtx/results.json","raw_row":69,"collection_id":"demo-dc-corp-01"}},
  {"schema_version":"1.0.0","row_hash":"7cf30b671d4b60c364e049da933bd21ff8e7dabbd1b0055bac853fd26d550e37","timestamp_utc":"2026-03-12T10:49:40.8050000Z","timestamp_desc":"EventTime","source":"system_info","artifact":"Windows.System.TrustRelationships","collector_kind":"velociraptor","host":"DC-CORP-01","host_id":"4f1c0a9e-0003-4a00-9c31-b0de51000003","user":"SYSTEM","message":"Forest trust enumerated: eu.corp.example -> corp.example (parent/child, transitive)","target":"eu.corp.example","detections":[],"severity_max":"none","detection_count":0,"provenance":{"raw_file":"raw/Windows.System.TrustRelationships/results.json","raw_row":2,"collection_id":"demo-dc-corp-01"},"extra":{"probe":0,"trust_attributes":"WITHIN_FOREST","trust_direction":"Bidirectional","trust_type":"Uplevel","validated":true}},
  {"schema_version":"1.0.0","row_hash":"9944c7b987df25954722ceba14a2d448d35e968985d3a59a6bedd24ca7c12f13","timestamp_utc":"2026-03-12T11:30:21.1460000Z","timestamp_desc":"EventTime","source":"system_info","artifact":"Windows.System.TrustRelationships","collector_kind":"velociraptor","host":"DC-CORP-01","host_id":"4f1c0a9e-0003-4a00-9c31-b0de51000003","user":"SYSTEM","message":"Forest trust enumerated: eu.corp.example -> corp.example (parent/child, transitive)","target":"eu.corp.example","detections":[],"severity_max":"none","detection_count":0,"provenance":{"raw_file":"raw/Windows.System.TrustRelationships/results.json","raw_row":34,"collection_id":"demo-dc-corp-01"},"extra":{"probe":2,"trust_attributes":"WITHIN_FOREST","trust_direction":"Bidirectional","trust_type":"Uplevel","validated":true}},
  {"schema_version":"1.0.0","row_hash":"dbb965be1b0ac00a5dd6e3d991b1b90d4c367cbcb79f704a2feff750dd8c1878","timestamp_utc":"2026-03-12T11:30:58.7440000Z","timestamp_desc":"EventTime","source":"service","artifact":"Windows.EventLogs.Evtx","collector_kind":"native","host":"DC-CORP-01","host_id":"4f1c0a9e-0003-4a00-9c31-b0de51000003","user":"SYSTEM","message":"Service entered the running state: Active Directory Domain Services (NTDS)","target":"NTDS","process":{"name":"services.exe","image_path":"C:\\Windows\\System32\\services.exe"},"event":{"channel":"System","provider":"Service Control Manager","event_id":7036,"record_id":10861,"level":"Information","computer":"DC-CORP-01.corp.example"},"detections":[],"severity_max":"none","detection_count":0,"provenance":{"raw_file":"raw/Windows.EventLogs.Evtx/results.json","raw_row":240,"collection_id":"demo-dc-corp-01"}},
  {"schema_version":"1.0.0","row_hash":"988e0310ecc8061c4a361f3d841a6f2e4a03aa12715403663858d44935185473","timestamp_utc":"2026-03-12T11:44:09.5840000Z","timestamp_desc":"EventTime","source":"system_info","artifact":"Windows.System.TrustRelationships","collector_kind":"velociraptor","host":"DC-CORP-01","host_id":"4f1c0a9e-0003-4a00-9c31-b0de51000003","user":"SYSTEM","message":"Forest trust enumerated: eu.corp.example -> corp.example (parent/child, transitive)","target":"eu.corp.example","detections":[],"severity_max":"none","detection_count":0,"provenance":{"raw_file":"raw/Windows.System.TrustRelationships/results.json","raw_row":6,"collection_id":"demo-dc-corp-01"},"extra":{"probe":4,"trust_attributes":"WITHIN_FOREST","trust_direction":"Bidirectional","trust_type":"Uplevel","validated":true}},
  {"schema_version":"1.0.0","row_hash":"e01fd974e8f33c02f869cf1ba2c9bcdf5fa7b878fbc68d59b8fcc6591cb9021c","timestamp_utc":"2026-03-12T11:44:41.8730000Z","timestamp_desc":"EventTime","source":"eventlog","artifact":"Windows.EventLogs.Evtx","collector_kind":"native","host":"DC-CORP-01","host_id":"4f1c0a9e-0003-4a00-9c31-b0de51000003","user":"EU\\svc-backup","message":"Kerberos service ticket was requested: cifs/SRV-CORP-FS02.eu.corp.example","target":"EU\\svc-backup","event":{"channel":"Security","provider":"Microsoft-Windows-Security-Auditing","event_id":4769,"record_id":787969,"level":"Information","computer":"DC-CORP-01.corp.example"},"detections":[],"severity_max":"none","detection_count":0,"provenance":{"raw_file":"raw/Windows.EventLogs.Evtx/results.json","raw_row":12,"collection_id":"demo-dc-corp-01"},"extra":{"encryption_type":"0x12 (AES256-CTS-HMAC-SHA1-96)","failure_code":"0x0"}},
  {"schema_version":"1.0.0","row_hash":"cadf05476689ed84b7e48c1ca156db43b0419059746807bcbd55fb620e7441ea","timestamp_utc":"2026-03-12T11:53:49.4650000Z","timestamp_desc":"EventTime","source":"system_info","artifact":"Windows.System.TrustRelationships","collector_kind":"velociraptor","host":"DC-CORP-01","host_id":"4f1c0a9e-0003-4a00-9c31-b0de51000003","user":"SYSTEM","message":"Forest trust enumerated: eu.corp.example -> corp.example (parent/child, transitive)","target":"eu.corp.example","detections":[],"severity_max":"none","detection_count":0,"provenance":{"raw_file":"raw/Windows.System.TrustRelationships/results.json","raw_row":18,"collection_id":"demo-dc-corp-01"},"extra":{"probe":1,"trust_attributes":"WITHIN_FOREST","trust_direction":"Bidirectional","trust_type":"Uplevel","validated":true}},
  {"schema_version":"1.0.0","row_hash":"1075e1759438fe4cd1c555ce61853ce49d6b6574a6e91d0aca2acc10377fe5a0","timestamp_utc":"2026-03-12T11:55:27.8200000Z","timestamp_desc":"EventTime","source":"log","artifact":"Windows.EventLogs.Evtx","collector_kind":"native","host":"DC-CORP-01","host_id":"4f1c0a9e-0003-4a00-9c31-b0de51000003","user":"SYSTEM","message":"DNS zone transfer completed for eu.corp.example","target":"Microsoft-Windows-DNS-Server/Audit","process":{"name":"dns.exe","image_path":"C:\\Windows\\System32\\dns.exe","parent_name":"services.exe"},"event":{"channel":"DNS Server","provider":"Microsoft-Windows-DNS-Server-Service","event_id":6522,"record_id":7861,"level":"Information","computer":"DC-CORP-01.corp.example"},"detections":[],"severity_max":"none","detection_count":0,"provenance":{"raw_file":"raw/Windows.EventLogs.Evtx/results.json","raw_row":109,"collection_id":"demo-dc-corp-01"}},
  {"schema_version":"1.0.0","row_hash":"98fbb45041442a3049408a46d890da489dfebfb6cb9449520d6983f02c46df1b","timestamp_utc":"2026-03-12T11:56:33.8800000Z","timestamp_desc":"EventTime","source":"service","artifact":"Windows.EventLogs.Evtx","collector_kind":"native","host":"DC-CORP-01","host_id":"4f1c0a9e-0003-4a00-9c31-b0de51000003","user":"SYSTEM","message":"Service entered the running state: Active Directory Domain Services (NTDS)","target":"NTDS","process":{"name":"services.exe","image_path":"C:\\Windows\\System32\\services.exe"},"event":{"channel":"System","provider":"Service Control Manager","event_id":7036,"record_id":7086,"level":"Information","computer":"DC-CORP-01.corp.example"},"detections":[],"severity_max":"none","detection_count":0,"provenance":{"raw_file":"raw/Windows.EventLogs.Evtx/results.json","raw_row":260,"collection_id":"demo-dc-corp-01"}},
  {"schema_version":"1.0.0","row_hash":"0baa0a63ea15456c3308ddad0dc771aaad8d298652cbcb59afa4b7d30e2a6305","timestamp_utc":"2026-03-12T12:15:10.1810000Z","timestamp_desc":"EventTime","source":"eventlog","artifact":"Windows.EventLogs.Evtx","collector_kind":"native","host":"DC-CORP-01","host_id":"4f1c0a9e-0003-4a00-9c31-b0de51000003","user":"CORP\\Administrator","message":"Kerberos service ticket was requested: ldap/DC-CORP-01.corp.example","target":"CORP\\Administrator","event":{"channel":"Security","provider":"Microsoft-Windows-Security-Auditing","event_id":4769,"record_id":1176268,"level":"Information","computer":"DC-CORP-01.corp.example"},"detections":[],"severity_max":"none","detection_count":0,"provenance":{"raw_file":"raw/Windows.EventLogs.Evtx/results.json","raw_row":332,"collection_id":"demo-dc-corp-01"},"extra":{"encryption_type":"0x12 (AES256-CTS-HMAC-SHA1-96)","failure_code":"0x0"}},
  {"schema_version":"1.0.0","row_hash":"dc8bb120ab53ced53230f19cd6c640b32293fb14c12f6e54f9217c86bbe51f67","timestamp_utc":"2026-03-12T12:16:27.6830000Z","timestamp_desc":"EventTime","source":"eventlog","artifact":"Windows.EventLogs.Evtx","collector_kind":"native","host":"DC-CORP-01","host_id":"4f1c0a9e-0003-4a00-9c31-b0de51000003","user":"CORP\\Administrator","message":"Kerberos service ticket was requested: host/SRV-CORP-FS02.eu.corp.example","target":"CORP\\Administrator","event":{"channel":"Security","provider":"Microsoft-Windows-Security-Auditing","event_id":4769,"record_id":528794,"level":"Information","computer":"DC-CORP-01.corp.example"},"detections":[],"severity_max":"none","detection_count":0,"provenance":{"raw_file":"raw/Windows.EventLogs.Evtx/results.json","raw_row":312,"collection_id":"demo-dc-corp-01"},"extra":{"encryption_type":"0x12 (AES256-CTS-HMAC-SHA1-96)","failure_code":"0x0"}},
  {"schema_version":"1.0.0","row_hash":"3f96d7656f8e427d7bbceaa2250956e63581310cd44f9bcdff96c522023c6776","timestamp_utc":"2026-03-12T12:21:46.6970000Z","timestamp_desc":"Modified","source":"filesystem","artifact":"Windows.NTFS.MFT","collector_kind":"velociraptor","host":"DC-CORP-01","host_id":"4f1c0a9e-0003-4a00-9c31-b0de51000003","user":"SYSTEM","message":"Group Policy template modified: Default Domain Policy","target":"C:\\Windows\\SYSVOL\\sysvol\\corp.example\\Policies\\{31B2F340-016D-11D2-945F-00C04FB984F9}\\GPT.INI","file":{"path":"C:\\Windows\\SYSVOL\\sysvol\\corp.example\\Policies\\{31B2F340-016D-11D2-945F-00C04FB984F9}\\GPT.INI","name":"GPT.INI","extension":"INI","size_bytes":61,"mft_entry":78460,"is_allocated":true},"detections":[],"severity_max":"none","detection_count":0,"provenance":{"raw_file":"raw/Windows.NTFS.MFT/results.json","raw_row":9,"collection_id":"demo-dc-corp-01"}},
  {"schema_version":"1.0.0","row_hash":"d3936274f7a109e2074cb86a24de9cecf15c728b69f24fa62ec29f0f9660cbce","timestamp_utc":"2026-03-12T12:22:19.5600000Z","timestamp_desc":"EventTime","source":"eventlog","artifact":"Windows.EventLogs.Evtx","collector_kind":"native","host":"DC-CORP-01","host_id":"4f1c0a9e-0003-4a00-9c31-b0de51000003","user":"EU\\alice","message":"Kerberos service ticket was requested: cifs/SRV-CORP-FS02.eu.corp.example","target":"EU\\alice","event":{"channel":"Security","provider":"Microsoft-Windows-Security-Auditing","event_id":4769,"record_id":421889,"level":"Information","computer":"DC-CORP-01.corp.example"},"detections":[],"severity_max":"none","detection_count":0,"provenance":{"raw_file":"raw/Windows.EventLogs.Evtx/results.json","raw_row":92,"collection_id":"demo-dc-corp-01"},"extra":{"encryption_type":"0x12 (AES256-CTS-HMAC-SHA1-96)","failure_code":"0x0"}},
  {"schema_version":"1.0.0","row_hash":"89bfc9ca1129e14dca485b13dc1966a0507e88f0347a622aececf94aba0fae66","timestamp_utc":"2026-03-12T12:45:53.6200000Z","timestamp_desc":"EventTime","source":"service","artifact":"Windows.EventLogs.Evtx","collector_kind":"native","host":"DC-CORP-01","host_id":"4f1c0a9e-0003-4a00-9c31-b0de51000003","user":"SYSTEM","message":"Service entered the running state: Active Directory Domain Services (NTDS)","target":"NTDS","process":{"name":"services.exe","image_path":"C:\\Windows\\System32\\services.exe"},"event":{"channel":"System","provider":"Service Control Manager","event_id":7036,"record_id":8954,"level":"Information","computer":"DC-CORP-01.corp.example"},"detections":[],"severity_max":"none","detection_count":0,"provenance":{"raw_file":"raw/Windows.EventLogs.Evtx/results.json","raw_row":280,"collection_id":"demo-dc-corp-01"}},
  {"schema_version":"1.0.0","row_hash":"ade6f8aeb3f4ae97d99f5963734ae9f74985beb6cf4223c9cb795b20d1104d99","timestamp_utc":"2026-03-12T13:07:42.2860000Z","timestamp_desc":"EventTime","source":"eventlog","artifact":"Windows.EventLogs.Evtx","collector_kind":"native","host":"DC-CORP-01","host_id":"4f1c0a9e-0003-4a00-9c31-b0de51000003","user":"EU\\svc-backup","message":"Kerberos service ticket was requested: host/SRV-CORP-FS02.eu.corp.example","target":"EU\\svc-backup","event":{"channel":"Security","provider":"Microsoft-Windows-Security-Auditing","event_id":4769,"record_id":499212,"level":"Information","computer":"DC-CORP-01.corp.example"},"detections":[],"severity_max":"none","detection_count":0,"provenance":{"raw_file":"raw/Windows.EventLogs.Evtx/results.json","raw_row":252,"collection_id":"demo-dc-corp-01"},"extra":{"encryption_type":"0x12 (AES256-CTS-HMAC-SHA1-96)","failure_code":"0x0"}},
  {"schema_version":"1.0.0","row_hash":"ccd76951ed7e784aebaacd104896200ac23177beb5190c583b656be355820707","timestamp_utc":"2026-03-12T13:08:19.5080000Z","timestamp_desc":"EventTime","source":"system_info","artifact":"Windows.System.TrustRelationships","collector_kind":"velociraptor","host":"DC-CORP-01","host_id":"4f1c0a9e-0003-4a00-9c31-b0de51000003","user":"SYSTEM","message":"Forest trust enumerated: eu.corp.example -> corp.example (parent/child, transitive)","target":"eu.corp.example","detections":[],"severity_max":"none","detection_count":0,"provenance":{"raw_file":"raw/Windows.System.TrustRelationships/results.json","raw_row":50,"collection_id":"demo-dc-corp-01"},"extra":{"probe":0,"trust_attributes":"WITHIN_FOREST","trust_direction":"Bidirectional","trust_type":"Uplevel","validated":true}},
  {"schema_version":"1.0.0","row_hash":"b98a25f30626572f44cbcc7215c082fa66a8ba720569e89f1a8450f457b3e222","timestamp_utc":"2026-03-12T13:24:50.7390000Z","timestamp_desc":"EventTime","source":"system_info","artifact":"Windows.System.TrustRelationships","collector_kind":"velociraptor","host":"DC-CORP-01","host_id":"4f1c0a9e-0003-4a00-9c31-b0de51000003","user":"SYSTEM","message":"Forest trust enumerated: eu.corp.example -> corp.example (parent/child, transitive)","target":"eu.corp.example","detections":[],"severity_max":"none","detection_count":0,"provenance":{"raw_file":"raw/Windows.System.TrustRelationships/results.json","raw_row":62,"collection_id":"demo-dc-corp-01"},"extra":{"probe":3,"trust_attributes":"WITHIN_FOREST","trust_direction":"Bidirectional","trust_type":"Uplevel","validated":true}},
  {"schema_version":"1.0.0","row_hash":"37efdde776639317b88f3f77cfc809ff5112864937884acdb40851d24a1e72f2","timestamp_utc":"2026-03-12T13:28:03.7770000Z","timestamp_desc":"EventTime","source":"log","artifact":"Windows.EventLogs.Evtx","collector_kind":"native","host":"DC-CORP-01","host_id":"4f1c0a9e-0003-4a00-9c31-b0de51000003","user":"SYSTEM","message":"DNS zone transfer completed for eu.corp.example","target":"Microsoft-Windows-DNS-Server/Audit","process":{"name":"dns.exe","image_path":"C:\\Windows\\System32\\dns.exe","parent_name":"services.exe"},"event":{"channel":"DNS Server","provider":"Microsoft-Windows-DNS-Server-Service","event_id":6522,"record_id":4812,"level":"Information","computer":"DC-CORP-01.corp.example"},"detections":[],"severity_max":"none","detection_count":0,"provenance":{"raw_file":"raw/Windows.EventLogs.Evtx/results.json","raw_row":9,"collection_id":"demo-dc-corp-01"}},
  {"schema_version":"1.0.0","row_hash":"f6a50bada3e6378efe97a36b5e262fe89612e0e0f6895451176df2129ce38e9d","timestamp_utc":"2026-03-12T13:41:41.0410000Z","timestamp_desc":"EventTime","source":"eventlog","artifact":"Windows.EventLogs.Evtx","collector_kind":"native","host":"DC-CORP-01","host_id":"4f1c0a9e-0003-4a00-9c31-b0de51000003","user":"CORP\\Administrator","message":"Kerberos service ticket was requested: cifs/SRV-CORP-FS02.eu.corp.example","target":"CORP\\Administrator","event":{"channel":"Security","provider":"Microsoft-Windows-Security-Auditing","event_id":4769,"record_id":1189079,"level":"Information","computer":"DC-CORP-01.corp.example"},"detections":[],"severity_max":"none","detection_count":0,"provenance":{"raw_file":"raw/Windows.EventLogs.Evtx/results.json","raw_row":112,"collection_id":"demo-dc-corp-01"},"extra":{"encryption_type":"0x12 (AES256-CTS-HMAC-SHA1-96)","failure_code":"0x0"}},
  {"schema_version":"1.0.0","row_hash":"0f0a234a492ea31c33f4181f71100af4ca0dab9eef6d1c18915809a29698a124","timestamp_utc":"2026-03-12T13:42:12.6220000Z","timestamp_desc":"EventTime","source":"eventlog","artifact":"Windows.EventLogs.Evtx","collector_kind":"native","host":"DC-CORP-01","host_id":"4f1c0a9e-0003-4a00-9c31-b0de51000003","user":"EU\\carol","message":"Kerberos service ticket was requested: ldap/DC-CORP-01.corp.example","target":"EU\\carol","event":{"channel":"Security","provider":"Microsoft-Windows-Security-Auditing","event_id":4769,"record_id":637057,"level":"Information","computer":"DC-CORP-01.corp.example"},"detections":[],"severity_max":"none","detection_count":0,"provenance":{"raw_file":"raw/Windows.EventLogs.Evtx/results.json","raw_row":192,"collection_id":"demo-dc-corp-01"},"extra":{"encryption_type":"0x12 (AES256-CTS-HMAC-SHA1-96)","failure_code":"0x0"}},
  {"schema_version":"1.0.0","row_hash":"ceaf38fe5b1a191accfb1f1ec89bc525ab2bd41a70631deefb2b18886411e763","timestamp_utc":"2026-03-12T13:44:18.1460000Z","timestamp_desc":"EventTime","source":"eventlog","artifact":"Windows.EventLogs.Evtx","collector_kind":"native","host":"DC-CORP-01","host_id":"4f1c0a9e-0003-4a00-9c31-b0de51000003","user":"CORP\\Administrator","message":"Kerberos service ticket was requested: cifs/SRV-CORP-FS02.eu.corp.example","target":"CORP\\Administrator","event":{"channel":"Security","provider":"Microsoft-Windows-Security-Auditing","event_id":4769,"record_id":587149,"level":"Information","computer":"DC-CORP-01.corp.example"},"detections":[],"severity_max":"none","detection_count":0,"provenance":{"raw_file":"raw/Windows.EventLogs.Evtx/results.json","raw_row":72,"collection_id":"demo-dc-corp-01"},"extra":{"encryption_type":"0x12 (AES256-CTS-HMAC-SHA1-96)","failure_code":"0x0"}},
  {"schema_version":"1.0.0","row_hash":"4bfe5d24bf977a22a452a6ccbb0df8aa36fc7a6a42d3a506f4362f6b6060654f","timestamp_utc":"2026-03-12T13:52:55.4840000Z","timestamp_desc":"Modified","source":"filesystem","artifact":"Windows.NTFS.MFT","collector_kind":"velociraptor","host":"DC-CORP-01","host_id":"4f1c0a9e-0003-4a00-9c31-b0de51000003","user":"SYSTEM","message":"Group Policy template modified: Default Domain Policy","target":"C:\\Windows\\SYSVOL\\sysvol\\corp.example\\Policies\\{31B2F340-016D-11D2-945F-00C04FB984F9}\\GPT.INI","file":{"path":"C:\\Windows\\SYSVOL\\sysvol\\corp.example\\Policies\\{31B2F340-016D-11D2-945F-00C04FB984F9}\\GPT.INI","name":"GPT.INI","extension":"INI","size_bytes":93,"mft_entry":75442,"is_allocated":true},"detections":[],"severity_max":"none","detection_count":0,"provenance":{"raw_file":"raw/Windows.NTFS.MFT/results.json","raw_row":57,"collection_id":"demo-dc-corp-01"}},
  {"schema_version":"1.0.0","row_hash":"00d5afc4f0684732ad4fe3ac5dc9236a976ac084f6dccae5fb5f5ab4a60dfeed","timestamp_utc":"2026-03-12T13:55:04.0730000Z","timestamp_desc":"EventTime","source":"eventlog","artifact":"Windows.EventLogs.Evtx","collector_kind":"native","host":"DC-CORP-01","host_id":"4f1c0a9e-0003-4a00-9c31-b0de51000003","user":"EU\\carol","message":"Kerberos service ticket was requested: host/SRV-CORP-FS02.eu.corp.example","target":"EU\\carol","event":{"channel":"Security","provider":"Microsoft-Windows-Security-Auditing","event_id":4769,"record_id":796800,"level":"Information","computer":"DC-CORP-01.corp.example"},"detections":[],"severity_max":"none","detection_count":0,"provenance":{"raw_file":"raw/Windows.EventLogs.Evtx/results.json","raw_row":272,"collection_id":"demo-dc-corp-01"},"extra":{"encryption_type":"0x12 (AES256-CTS-HMAC-SHA1-96)","failure_code":"0x0"}},
  {"schema_version":"1.0.0","row_hash":"ca724017e312eeb17089f426ba906843a44027112082f8633daf02ab18c60b26","timestamp_utc":"2026-03-12T13:59:02.2150000Z","timestamp_desc":"Modified","source":"filesystem","artifact":"Windows.NTFS.MFT","collector_kind":"velociraptor","host":"DC-CORP-01","host_id":"4f1c0a9e-0003-4a00-9c31-b0de51000003","user":"SYSTEM","message":"Group Policy template modified: Default Domain Policy","target":"C:\\Windows\\SYSVOL\\sysvol\\corp.example\\Policies\\{31B2F340-016D-11D2-945F-00C04FB984F9}\\GPT.INI","file":{"path":"C:\\Windows\\SYSVOL\\sysvol\\corp.example\\Policies\\{31B2F340-016D-11D2-945F-00C04FB984F9}\\GPT.INI","name":"GPT.INI","extension":"INI","size_bytes":87,"mft_entry":76167,"is_allocated":true},"detections":[],"severity_max":"none","detection_count":0,"provenance":{"raw_file":"raw/Windows.NTFS.MFT/results.json","raw_row":65,"collection_id":"demo-dc-corp-01"}},
  {"schema_version":"1.0.0","row_hash":"375d2bf8dfd32cfb25edf03fc39bc9822e313b0ea046bc6e8a654dd7a2747e8d","timestamp_utc":"2026-03-12T14:02:28.4620000Z","timestamp_desc":"Modified","source":"filesystem","artifact":"Windows.NTFS.MFT","collector_kind":"velociraptor","host":"DC-CORP-01","host_id":"4f1c0a9e-0003-4a00-9c31-b0de51000003","user":"SYSTEM","message":"Group Policy template modified: Default Domain Policy","target":"C:\\Windows\\SYSVOL\\sysvol\\corp.example\\Policies\\{31B2F340-016D-11D2-945F-00C04FB984F9}\\GPT.INI","file":{"path":"C:\\Windows\\SYSVOL\\sysvol\\corp.example\\Policies\\{31B2F340-016D-11D2-945F-00C04FB984F9}\\GPT.INI","name":"GPT.INI","extension":"INI","size_bytes":95,"mft_entry":78896,"is_allocated":true},"detections":[],"severity_max":"none","detection_count":0,"provenance":{"raw_file":"raw/Windows.NTFS.MFT/results.json","raw_row":29,"collection_id":"demo-dc-corp-01"}},
  {"schema_version":"1.0.0","row_hash":"5148ff32359339aac156701bb5348f806cf69e0298c532ec2534a01375112bea","timestamp_utc":"2026-03-12T14:11:55.8300000Z","timestamp_desc":"EventTime","source":"system_info","artifact":"Windows.System.TrustRelationships","collector_kind":"velociraptor","host":"DC-CORP-01","host_id":"4f1c0a9e-0003-4a00-9c31-b0de51000003","user":"SYSTEM","message":"Forest trust enumerated: eu.corp.example -> corp.example (parent/child, transitive)","target":"eu.corp.example","detections":[],"severity_max":"none","detection_count":0,"provenance":{"raw_file":"raw/Windows.System.TrustRelationships/results.json","raw_row":46,"collection_id":"demo-dc-corp-01"},"extra":{"probe":5,"trust_attributes":"WITHIN_FOREST","trust_direction":"Bidirectional","trust_type":"Uplevel","validated":true}},
  {"schema_version":"1.0.0","row_hash":"9839561d12b502cbb3a5d3ea92214894695b326d62193abca664a6f20b843d99","timestamp_utc":"2026-03-12T14:14:58.7770000Z","timestamp_desc":"EventTime","source":"service","artifact":"Windows.EventLogs.Evtx","collector_kind":"native","host":"DC-CORP-01","host_id":"4f1c0a9e-0003-4a00-9c31-b0de51000003","user":"SYSTEM","message":"Service entered the running state: Active Directory Domain Services (NTDS)","target":"NTDS","process":{"name":"services.exe","image_path":"C:\\Windows\\System32\\services.exe"},"event":{"channel":"System","provider":"Service Control Manager","event_id":7036,"record_id":11767,"level":"Information","computer":"DC-CORP-01.corp.example"},"detections":[],"severity_max":"none","detection_count":0,"provenance":{"raw_file":"raw/Windows.EventLogs.Evtx/results.json","raw_row":80,"collection_id":"demo-dc-corp-01"}},
  {"schema_version":"1.0.0","row_hash":"45c39f3a50960067239f279780e33bce266d195473c0ba6642cb81668b58f30f","timestamp_utc":"2026-03-12T14:17:03.6780000Z","timestamp_desc":"EventTime","source":"eventlog","artifact":"Windows.EventLogs.Evtx","collector_kind":"native","host":"DC-CORP-01","host_id":"4f1c0a9e-0003-4a00-9c31-b0de51000003","user":"CORP\\Administrator","message":"Kerberos service ticket was requested: cifs/SRV-CORP-FS02.eu.corp.example","target":"CORP\\Administrator","event":{"channel":"Security","provider":"Microsoft-Windows-Security-Auditing","event_id":4769,"record_id":582598,"level":"Information","computer":"DC-CORP-01.corp.example"},"detections":[],"severity_max":"none","detection_count":0,"provenance":{"raw_file":"raw/Windows.EventLogs.Evtx/results.json","raw_row":232,"collection_id":"demo-dc-corp-01"},"extra":{"encryption_type":"0x12 (AES256-CTS-HMAC-SHA1-96)","failure_code":"0x0"}},
  {"schema_version":"1.0.0","row_hash":"4644f4a9e59a14eb691c13676e08c58348729463641cef766f3e6ab2ef54d210","timestamp_utc":"2026-03-12T14:29:30.0480000Z","timestamp_desc":"Modified","source":"filesystem","artifact":"Windows.NTFS.MFT","collector_kind":"velociraptor","host":"DC-CORP-01","host_id":"4f1c0a9e-0003-4a00-9c31-b0de51000003","user":"SYSTEM","message":"Group Policy template modified: Default Domain Policy","target":"C:\\Windows\\SYSVOL\\sysvol\\corp.example\\Policies\\{31B2F340-016D-11D2-945F-00C04FB984F9}\\GPT.INI","file":{"path":"C:\\Windows\\SYSVOL\\sysvol\\corp.example\\Policies\\{31B2F340-016D-11D2-945F-00C04FB984F9}\\GPT.INI","name":"GPT.INI","extension":"INI","size_bytes":86,"mft_entry":76472,"is_allocated":true},"detections":[],"severity_max":"none","detection_count":0,"provenance":{"raw_file":"raw/Windows.NTFS.MFT/results.json","raw_row":69,"collection_id":"demo-dc-corp-01"}},
  {"schema_version":"1.0.0","row_hash":"9249a5e15049bda739041d116bb13ba1c2acfe0b6149cf3004b45cb2845f2741","timestamp_utc":"2026-03-12T14:54:20.8760000Z","timestamp_desc":"EventTime","source":"service","artifact":"Windows.EventLogs.Evtx","collector_kind":"native","host":"DC-CORP-01","host_id":"4f1c0a9e-0003-4a00-9c31-b0de51000003","user":"SYSTEM","message":"Service entered the running state: Active Directory Domain Services (NTDS)","target":"NTDS","process":{"name":"services.exe","image_path":"C:\\Windows\\System32\\services.exe"},"event":{"channel":"System","provider":"Service Control Manager","event_id":7036,"record_id":10525,"level":"Information","computer":"DC-CORP-01.corp.example"},"detections":[],"severity_max":"none","detection_count":0,"provenance":{"raw_file":"raw/Windows.EventLogs.Evtx/results.json","raw_row":60,"collection_id":"demo-dc-corp-01"}},
  {"schema_version":"1.0.0","row_hash":"28d9386f596dff281e9d9dfa931633ad9e8a6c3b1c9be6a4e49455c19f6755b4","timestamp_utc":"2026-03-12T15:23:07.5280000Z","timestamp_desc":"EventTime","source":"service","artifact":"Windows.EventLogs.Evtx","collector_kind":"native","host":"DC-CORP-01","host_id":"4f1c0a9e-0003-4a00-9c31-b0de51000003","user":"SYSTEM","message":"Service entered the running state: Active Directory Domain Services (NTDS)","target":"NTDS","process":{"name":"services.exe","image_path":"C:\\Windows\\System32\\services.exe"},"event":{"channel":"System","provider":"Service Control Manager","event_id":7036,"record_id":9300,"level":"Information","computer":"DC-CORP-01.corp.example"},"detections":[],"severity_max":"none","detection_count":0,"provenance":{"raw_file":"raw/Windows.EventLogs.Evtx/results.json","raw_row":100,"collection_id":"demo-dc-corp-01"}},
  {"schema_version":"1.0.0","row_hash":"a90d7ebb8246671666c764c4782e57e93e2279581a93428b6c83105fea28165e","timestamp_utc":"2026-03-12T15:47:17.8960000Z","timestamp_desc":"Modified","source":"filesystem","artifact":"Windows.NTFS.MFT","collector_kind":"velociraptor","host":"DC-CORP-01","host_id":"4f1c0a9e-0003-4a00-9c31-b0de51000003","user":"SYSTEM","message":"Group Policy template modified: Default Domain Policy","target":"C:\\Windows\\SYSVOL\\sysvol\\corp.example\\Policies\\{31B2F340-016D-11D2-945F-00C04FB984F9}\\GPT.INI","file":{"path":"C:\\Windows\\SYSVOL\\sysvol\\corp.example\\Policies\\{31B2F340-016D-11D2-945F-00C04FB984F9}\\GPT.INI","name":"GPT.INI","extension":"INI","size_bytes":90,"mft_entry":76580,"is_allocated":true},"detections":[],"severity_max":"none","detection_count":0,"provenance":{"raw_file":"raw/Windows.NTFS.MFT/results.json","raw_row":25,"collection_id":"demo-dc-corp-01"}},
  {"schema_version":"1.0.0","row_hash":"2e663832dd973a38466f88d6ef024da96672950fc15646ffa5fbf1125b9c56a4","timestamp_utc":"2026-03-12T15:49:18.0010000Z","timestamp_desc":"EventTime","source":"eventlog","artifact":"Windows.EventLogs.Evtx","collector_kind":"native","host":"DC-CORP-01","host_id":"4f1c0a9e-0003-4a00-9c31-b0de51000003","user":"CORP\\Administrator","message":"Kerberos service ticket was requested: host/SRV-CORP-FS02.eu.corp.example","target":"CORP\\Administrator","event":{"channel":"Security","provider":"Microsoft-Windows-Security-Auditing","event_id":4769,"record_id":1178760,"level":"Information","computer":"DC-CORP-01.corp.example"},"detections":[],"severity_max":"none","detection_count":0,"provenance":{"raw_file":"raw/Windows.EventLogs.Evtx/results.json","raw_row":132,"collection_id":"demo-dc-corp-01"},"extra":{"encryption_type":"0x12 (AES256-CTS-HMAC-SHA1-96)","failure_code":"0x0"}},
  {"schema_version":"1.0.0","row_hash":"00cc4e80eaa65dc9e6d784c7524f2da1fe1abf7fc018bac0cd707d0c1023244d","timestamp_utc":"2026-03-12T15:52:17.9780000Z","timestamp_desc":"EventTime","source":"log","artifact":"Windows.EventLogs.Evtx","collector_kind":"native","host":"DC-CORP-01","host_id":"4f1c0a9e-0003-4a00-9c31-b0de51000003","user":"SYSTEM","message":"DNS zone transfer completed for corp.example","target":"Microsoft-Windows-DNS-Server/Audit","process":{"name":"dns.exe","image_path":"C:\\Windows\\System32\\dns.exe","parent_name":"services.exe"},"event":{"channel":"DNS Server","provider":"Microsoft-Windows-DNS-Server-Service","event_id":6522,"record_id":4736,"level":"Information","computer":"DC-CORP-01.corp.example"},"detections":[],"severity_max":"none","detection_count":0,"provenance":{"raw_file":"raw/Windows.EventLogs.Evtx/results.json","raw_row":149,"collection_id":"demo-dc-corp-01"}},
  {"schema_version":"1.0.0","row_hash":"c81f0d0ec71d0e73a70f2bde2e0e38e0030b5fc1153e0563ca96bb58f66d073a","timestamp_utc":"2026-03-12T15:56:36.7180000Z","timestamp_desc":"EventTime","source":"service","artifact":"Windows.EventLogs.Evtx","collector_kind":"native","host":"DC-CORP-01","host_id":"4f1c0a9e-0003-4a00-9c31-b0de51000003","user":"SYSTEM","message":"Service entered the running state: Active Directory Domain Services (NTDS)","target":"NTDS","process":{"name":"services.exe","image_path":"C:\\Windows\\System32\\services.exe"},"event":{"channel":"System","provider":"Service Control Manager","event_id":7036,"record_id":6011,"level":"Information","computer":"DC-CORP-01.corp.example"},"detections":[],"severity_max":"none","detection_count":0,"provenance":{"raw_file":"raw/Windows.EventLogs.Evtx/results.json","raw_row":220,"collection_id":"demo-dc-corp-01"}},
  {"schema_version":"1.0.0","row_hash":"3f6c3f4a1bceccc0a1ae10cfe38204ea9d06ca08e3eb6b6e83fb4ec226407058","timestamp_utc":"2026-03-12T15:59:37.1900000Z","timestamp_desc":"EventTime","source":"service","artifact":"Windows.EventLogs.Evtx","collector_kind":"native","host":"DC-CORP-01","host_id":"4f1c0a9e-0003-4a00-9c31-b0de51000003","user":"SYSTEM","message":"Service entered the running state: Active Directory Domain Services (NTDS)","target":"NTDS","process":{"name":"services.exe","image_path":"C:\\Windows\\System32\\services.exe"},"event":{"channel":"System","provider":"Service Control Manager","event_id":7036,"record_id":10536,"level":"Information","computer":"DC-CORP-01.corp.example"},"detections":[],"severity_max":"none","detection_count":0,"provenance":{"raw_file":"raw/Windows.EventLogs.Evtx/results.json","raw_row":40,"collection_id":"demo-dc-corp-01"}},
  {"schema_version":"1.0.0","row_hash":"0df8cb6ad26864c632e715d7742aff9acf338fa0caa5d3cac8a6e969ba95ef98","timestamp_utc":"2026-03-12T16:01:58.1450000Z","timestamp_desc":"EventTime","source":"service","artifact":"Windows.EventLogs.Evtx","collector_kind":"native","host":"DC-CORP-01","host_id":"4f1c0a9e-0003-4a00-9c31-b0de51000003","user":"SYSTEM","message":"Service entered the running state: Active Directory Domain Services (NTDS)","target":"NTDS","process":{"name":"services.exe","image_path":"C:\\Windows\\System32\\services.exe"},"event":{"channel":"System","provider":"Service Control Manager","event_id":7036,"record_id":11523,"level":"Information","computer":"DC-CORP-01.corp.example"},"detections":[],"severity_max":"none","detection_count":0,"provenance":{"raw_file":"raw/Windows.EventLogs.Evtx/results.json","raw_row":300,"collection_id":"demo-dc-corp-01"}},
  {"schema_version":"1.0.0","row_hash":"52fcd0a3b903c4efea0f980b4018bc213be08fbe0afd5a3fa98deefd5f6b3fbe","timestamp_utc":"2026-03-12T16:04:28.4310000Z","timestamp_desc":"EventTime","source":"service","artifact":"Windows.EventLogs.Evtx","collector_kind":"native","host":"DC-CORP-01","host_id":"4f1c0a9e-0003-4a00-9c31-b0de51000003","user":"SYSTEM","message":"Service entered the running state: Active Directory Domain Services (NTDS)","target":"NTDS","process":{"name":"services.exe","image_path":"C:\\Windows\\System32\\services.exe"},"event":{"channel":"System","provider":"Service Control Manager","event_id":7036,"record_id":8113,"level":"Information","computer":"DC-CORP-01.corp.example"},"detections":[],"severity_max":"none","detection_count":0,"provenance":{"raw_file":"raw/Windows.EventLogs.Evtx/results.json","raw_row":120,"collection_id":"demo-dc-corp-01"}},
  {"schema_version":"1.0.0","row_hash":"1740856012bd0bb7c3c336e67a7b85663e001e17817dc7417c952a7c74775aa2","timestamp_utc":"2026-03-12T16:14:15.2430000Z","timestamp_desc":"Modified","source":"filesystem","artifact":"Windows.NTFS.MFT","collector_kind":"velociraptor","host":"DC-CORP-01","host_id":"4f1c0a9e-0003-4a00-9c31-b0de51000003","user":"SYSTEM","message":"Group Policy template modified: Default Domain Policy","target":"C:\\Windows\\SYSVOL\\sysvol\\corp.example\\Policies\\{31B2F340-016D-11D2-945F-00C04FB984F9}\\GPT.INI","file":{"path":"C:\\Windows\\SYSVOL\\sysvol\\corp.example\\Policies\\{31B2F340-016D-11D2-945F-00C04FB984F9}\\GPT.INI","name":"GPT.INI","extension":"INI","size_bytes":96,"mft_entry":73740,"is_allocated":true},"detections":[],"severity_max":"none","detection_count":0,"provenance":{"raw_file":"raw/Windows.NTFS.MFT/results.json","raw_row":41,"collection_id":"demo-dc-corp-01"}},
  {"schema_version":"1.0.0","row_hash":"67ce8548ef0fa6b8e0ba0edab9e663a5ee44c273bbf4467d8ae8c4a013c87337","timestamp_utc":"2026-03-12T16:19:25.8170000Z","timestamp_desc":"EventTime","source":"system_info","artifact":"Windows.System.TrustRelationships","collector_kind":"velociraptor","host":"DC-CORP-01","host_id":"4f1c0a9e-0003-4a00-9c31-b0de51000003","user":"SYSTEM","message":"Forest trust enumerated: eu.corp.example -> corp.example (parent/child, transitive)","target":"eu.corp.example","detections":[],"severity_max":"none","detection_count":0,"provenance":{"raw_file":"raw/Windows.System.TrustRelationships/results.json","raw_row":26,"collection_id":"demo-dc-corp-01"},"extra":{"probe":5,"trust_attributes":"WITHIN_FOREST","trust_direction":"Bidirectional","trust_type":"Uplevel","validated":true}},
  {"schema_version":"1.0.0","row_hash":"f173ebeb2d66636fe6b21dbb94151399204cda3e91dda7526e0e4f958dffc17b","timestamp_utc":"2026-03-12T16:26:59.5390000Z","timestamp_desc":"EventTime","source":"log","artifact":"Windows.EventLogs.Evtx","collector_kind":"native","host":"DC-CORP-01","host_id":"4f1c0a9e-0003-4a00-9c31-b0de51000003","user":"SYSTEM","message":"DNS zone transfer completed for corp.example","target":"Microsoft-Windows-DNS-Server/Audit","process":{"name":"dns.exe","image_path":"C:\\Windows\\System32\\dns.exe","parent_name":"services.exe"},"event":{"channel":"DNS Server","provider":"Microsoft-Windows-DNS-Server-Service","event_id":6522,"record_id":5378,"level":"Information","computer":"DC-CORP-01.corp.example"},"detections":[],"severity_max":"none","detection_count":0,"provenance":{"raw_file":"raw/Windows.EventLogs.Evtx/results.json","raw_row":309,"collection_id":"demo-dc-corp-01"}},
  {"schema_version":"1.0.0","row_hash":"1613ea376b6fd68046318540ded102586758b3cfac15f3d0bfd02d045d5c2a54","timestamp_utc":"2026-03-12T16:42:30.8420000Z","timestamp_desc":"Modified","source":"filesystem","artifact":"Windows.NTFS.MFT","collector_kind":"velociraptor","host":"DC-CORP-01","host_id":"4f1c0a9e-0003-4a00-9c31-b0de51000003","user":"SYSTEM","message":"Group Policy template modified: Default Domain Policy","target":"C:\\Windows\\SYSVOL\\sysvol\\corp.example\\Policies\\{31B2F340-016D-11D2-945F-00C04FB984F9}\\GPT.INI","file":{"path":"C:\\Windows\\SYSVOL\\sysvol\\corp.example\\Policies\\{31B2F340-016D-11D2-945F-00C04FB984F9}\\GPT.INI","name":"GPT.INI","extension":"INI","size_bytes":70,"mft_entry":75459,"is_allocated":true},"detections":[],"severity_max":"none","detection_count":0,"provenance":{"raw_file":"raw/Windows.NTFS.MFT/results.json","raw_row":45,"collection_id":"demo-dc-corp-01"}},
  {"schema_version":"1.0.0","row_hash":"cc9dd96b6c4b16a7c1aa928315312d992983480403e0563216e22bfddc300c30","timestamp_utc":"2026-03-12T16:50:01.9080000Z","timestamp_desc":"EventTime","source":"log","artifact":"Windows.EventLogs.Evtx","collector_kind":"native","host":"DC-CORP-01","host_id":"4f1c0a9e-0003-4a00-9c31-b0de51000003","user":"SYSTEM","message":"DNS zone transfer completed for corp.example","target":"Microsoft-Windows-DNS-Server/Audit","process":{"name":"dns.exe","image_path":"C:\\Windows\\System32\\dns.exe","parent_name":"services.exe"},"event":{"channel":"DNS Server","provider":"Microsoft-Windows-DNS-Server-Service","event_id":6522,"record_id":3479,"level":"Information","computer":"DC-CORP-01.corp.example"},"detections":[],"severity_max":"none","detection_count":0,"provenance":{"raw_file":"raw/Windows.EventLogs.Evtx/results.json","raw_row":49,"collection_id":"demo-dc-corp-01"}},
  {"schema_version":"1.0.0","row_hash":"911892f59350b5e14a4440692d2d6564824392b3950515542bfed8415e282c7b","timestamp_utc":"2026-03-12T16:50:41.8440000Z","timestamp_desc":"EventTime","source":"service","artifact":"Windows.EventLogs.Evtx","collector_kind":"native","host":"DC-CORP-01","host_id":"4f1c0a9e-0003-4a00-9c31-b0de51000003","user":"SYSTEM","message":"Service entered the running state: Active Directory Domain Services (NTDS)","target":"NTDS","process":{"name":"services.exe","image_path":"C:\\Windows\\System32\\services.exe"},"event":{"channel":"System","provider":"Service Control Manager","event_id":7036,"record_id":10547,"level":"Information","computer":"DC-CORP-01.corp.example"},"detections":[],"severity_max":"none","detection_count":0,"provenance":{"raw_file":"raw/Windows.EventLogs.Evtx/results.json","raw_row":320,"collection_id":"demo-dc-corp-01"}},
  {"schema_version":"1.0.0","row_hash":"24a185bc69f1144b183b3f4055c48f5bcbe4cb6130bf20577903a233698a7b7f","timestamp_utc":"2026-03-12T16:55:11.5100000Z","timestamp_desc":"EventTime","source":"eventlog","artifact":"Windows.EventLogs.Evtx","collector_kind":"native","host":"DC-CORP-01","host_id":"4f1c0a9e-0003-4a00-9c31-b0de51000003","user":"EU\\svc-backup","message":"Kerberos service ticket was requested: ldap/DC-CORP-01.corp.example","target":"EU\\svc-backup","event":{"channel":"Security","provider":"Microsoft-Windows-Security-Auditing","event_id":4769,"record_id":924995,"level":"Information","computer":"DC-CORP-01.corp.example"},"detections":[],"severity_max":"none","detection_count":0,"provenance":{"raw_file":"raw/Windows.EventLogs.Evtx/results.json","raw_row":152,"collection_id":"demo-dc-corp-01"},"extra":{"encryption_type":"0x12 (AES256-CTS-HMAC-SHA1-96)","failure_code":"0x0"}},
  {"schema_version":"1.0.0","row_hash":"d41c7eff5e3736139b9992193d16646dac9901103348a3e90599687ea028e92b","timestamp_utc":"2026-03-12T17:05:53.4450000Z","timestamp_desc":"Modified","source":"filesystem","artifact":"Windows.NTFS.MFT","collector_kind":"velociraptor","host":"DC-CORP-01","host_id":"4f1c0a9e-0003-4a00-9c31-b0de51000003","user":"SYSTEM","message":"Group Policy template modified: Default Domain Policy","target":"C:\\Windows\\SYSVOL\\sysvol\\corp.example\\Policies\\{31B2F340-016D-11D2-945F-00C04FB984F9}\\GPT.INI","file":{"path":"C:\\Windows\\SYSVOL\\sysvol\\corp.example\\Policies\\{31B2F340-016D-11D2-945F-00C04FB984F9}\\GPT.INI","name":"GPT.INI","extension":"INI","size_bytes":92,"mft_entry":73190,"is_allocated":true},"detections":[],"severity_max":"none","detection_count":0,"provenance":{"raw_file":"raw/Windows.NTFS.MFT/results.json","raw_row":13,"collection_id":"demo-dc-corp-01"}},
  {"schema_version":"1.0.0","row_hash":"c2e2a68a4823d6291ebe622e5d761bd23c71be2bd6e2ef0d84215c65c099cfe6","timestamp_utc":"2026-03-12T17:25:27.3980000Z","timestamp_desc":"EventTime","source":"system_info","artifact":"Windows.System.TrustRelationships","collector_kind":"velociraptor","host":"DC-CORP-01","host_id":"4f1c0a9e-0003-4a00-9c31-b0de51000003","user":"SYSTEM","message":"Forest trust enumerated: eu.corp.example -> corp.example (parent/child, transitive)","target":"eu.corp.example","detections":[],"severity_max":"none","detection_count":0,"provenance":{"raw_file":"raw/Windows.System.TrustRelationships/results.json","raw_row":58,"collection_id":"demo-dc-corp-01"},"extra":{"probe":0,"trust_attributes":"WITHIN_FOREST","trust_direction":"Bidirectional","trust_type":"Uplevel","validated":true}},
  {"schema_version":"1.0.0","row_hash":"a2fc251398c37017d2eeece07110c4a10563a09241db969db221d43e06faf673","timestamp_utc":"2026-03-12T17:32:18.7730000Z","timestamp_desc":"Modified","source":"filesystem","artifact":"Windows.NTFS.MFT","collector_kind":"velociraptor","host":"DC-CORP-01","host_id":"4f1c0a9e-0003-4a00-9c31-b0de51000003","user":"SYSTEM","message":"Group Policy template modified: Default Domain Policy","target":"C:\\Windows\\SYSVOL\\sysvol\\corp.example\\Policies\\{31B2F340-016D-11D2-945F-00C04FB984F9}\\GPT.INI","file":{"path":"C:\\Windows\\SYSVOL\\sysvol\\corp.example\\Policies\\{31B2F340-016D-11D2-945F-00C04FB984F9}\\GPT.INI","name":"GPT.INI","extension":"INI","size_bytes":76,"mft_entry":70891,"is_allocated":true},"detections":[],"severity_max":"none","detection_count":0,"provenance":{"raw_file":"raw/Windows.NTFS.MFT/results.json","raw_row":1,"collection_id":"demo-dc-corp-01"}},
  {"schema_version":"1.0.0","row_hash":"9c855b7d74bbcd5a40599c5654f16cf8d65ff68f0b377347a36b27fe66f69270","timestamp_utc":"2026-03-12T17:33:30.6340000Z","timestamp_desc":"EventTime","source":"system_info","artifact":"Windows.System.TrustRelationships","collector_kind":"velociraptor","host":"DC-CORP-01","host_id":"4f1c0a9e-0003-4a00-9c31-b0de51000003","user":"SYSTEM","message":"Forest trust enumerated: eu.corp.example -> corp.example (parent/child, transitive)","target":"eu.corp.example","detections":[],"severity_max":"none","detection_count":0,"provenance":{"raw_file":"raw/Windows.System.TrustRelationships/results.json","raw_row":22,"collection_id":"demo-dc-corp-01"},"extra":{"probe":5,"trust_attributes":"WITHIN_FOREST","trust_direction":"Bidirectional","trust_type":"Uplevel","validated":true}},
  {"schema_version":"1.0.0","row_hash":"e8cfeb238e595fa5b565408f8652abd55d76483ba6364d1001bd7facc14be048","timestamp_utc":"2026-03-12T17:41:45.1270000Z","timestamp_desc":"EventTime","source":"service","artifact":"Windows.EventLogs.Evtx","collector_kind":"native","host":"DC-CORP-01","host_id":"4f1c0a9e-0003-4a00-9c31-b0de51000003","user":"SYSTEM","message":"Service entered the running state: Active Directory Domain Services (NTDS)","target":"NTDS","process":{"name":"services.exe","image_path":"C:\\Windows\\System32\\services.exe"},"event":{"channel":"System","provider":"Service Control Manager","event_id":7036,"record_id":9668,"level":"Information","computer":"DC-CORP-01.corp.example"},"detections":[],"severity_max":"none","detection_count":0,"provenance":{"raw_file":"raw/Windows.EventLogs.Evtx/results.json","raw_row":140,"collection_id":"demo-dc-corp-01"}},
  {"schema_version":"1.0.0","row_hash":"a76deacc3ef73171a2468b7c24bdace2ce36ba27d9f69577cc9a78203f5b63ac","timestamp_utc":"2026-03-12T18:06:40.9040000Z","timestamp_desc":"Modified","source":"filesystem","artifact":"Windows.NTFS.MFT","collector_kind":"velociraptor","host":"DC-CORP-01","host_id":"4f1c0a9e-0003-4a00-9c31-b0de51000003","user":"SYSTEM","message":"Group Policy template modified: Default Domain Policy","target":"C:\\Windows\\SYSVOL\\sysvol\\corp.example\\Policies\\{31B2F340-016D-11D2-945F-00C04FB984F9}\\GPT.INI","file":{"path":"C:\\Windows\\SYSVOL\\sysvol\\corp.example\\Policies\\{31B2F340-016D-11D2-945F-00C04FB984F9}\\GPT.INI","name":"GPT.INI","extension":"INI","size_bytes":96,"mft_entry":70779,"is_allocated":true},"detections":[],"severity_max":"none","detection_count":0,"provenance":{"raw_file":"raw/Windows.NTFS.MFT/results.json","raw_row":17,"collection_id":"demo-dc-corp-01"}},
  {"schema_version":"1.0.0","row_hash":"b5b26b5a2c281e5d4d024ffce3ac3893ed95ca00626795bb0110e42c238a2af5","timestamp_utc":"2026-03-12T18:19:12.8340000Z","timestamp_desc":"EventTime","source":"service","artifact":"Windows.EventLogs.Evtx","collector_kind":"native","host":"DC-CORP-01","host_id":"4f1c0a9e-0003-4a00-9c31-b0de51000003","user":"SYSTEM","message":"Service entered the running state: Active Directory Domain Services (NTDS)","target":"NTDS","process":{"name":"services.exe","image_path":"C:\\Windows\\System32\\services.exe"},"event":{"channel":"System","provider":"Service Control Manager","event_id":7036,"record_id":6264,"level":"Information","computer":"DC-CORP-01.corp.example"},"detections":[],"severity_max":"none","detection_count":0,"provenance":{"raw_file":"raw/Windows.EventLogs.Evtx/results.json","raw_row":200,"collection_id":"demo-dc-corp-01"}},
  {"schema_version":"1.0.0","row_hash":"369edb4601ca1d9f80e9166f67bf50caae8462ba71fbcb99c0fe3ec63ba8b168","timestamp_utc":"2026-03-12T18:27:12.3780000Z","timestamp_desc":"EventTime","source":"eventlog","artifact":"Windows.EventLogs.Evtx","collector_kind":"native","host":"DC-CORP-01","host_id":"4f1c0a9e-0003-4a00-9c31-b0de51000003","user":"EU\\alice","message":"Kerberos service ticket was requested: cifs/SRV-CORP-FS02.eu.corp.example","target":"EU\\alice","event":{"channel":"Security","provider":"Microsoft-Windows-Security-Auditing","event_id":4769,"record_id":1038620,"level":"Information","computer":"DC-CORP-01.corp.example"},"detections":[],"severity_max":"none","detection_count":0,"provenance":{"raw_file":"raw/Windows.EventLogs.Evtx/results.json","raw_row":212,"collection_id":"demo-dc-corp-01"},"extra":{"encryption_type":"0x12 (AES256-CTS-HMAC-SHA1-96)","failure_code":"0x0"}},
  {"schema_version":"1.0.0","row_hash":"cd6d6a9e463f0c6cdd50fdbc272fbb06c6a5e1b52d254a56ebc8d11754fa31ea","timestamp_utc":"2026-03-12T19:24:40.2880000Z","timestamp_desc":"EventTime","source":"log","artifact":"Windows.EventLogs.Evtx","collector_kind":"native","host":"DC-CORP-01","host_id":"4f1c0a9e-0003-4a00-9c31-b0de51000003","user":"SYSTEM","message":"DNS zone transfer completed for eu.corp.example","target":"Microsoft-Windows-DNS-Server/Audit","process":{"name":"dns.exe","image_path":"C:\\Windows\\System32\\dns.exe","parent_name":"services.exe"},"event":{"channel":"DNS Server","provider":"Microsoft-Windows-DNS-Server-Service","event_id":6522,"record_id":8893,"level":"Information","computer":"DC-CORP-01.corp.example"},"detections":[],"severity_max":"none","detection_count":0,"provenance":{"raw_file":"raw/Windows.EventLogs.Evtx/results.json","raw_row":229,"collection_id":"demo-dc-corp-01"}},
  {"schema_version":"1.0.0","row_hash":"0528d7f9ac0f7a593b383e4d4ee8b64250792b8f0a1362dedf0d16dadc84844e","timestamp_utc":"2026-03-12T19:33:34.5660000Z","timestamp_desc":"EventTime","source":"eventlog","artifact":"Windows.EventLogs.Evtx","collector_kind":"native","host":"DC-CORP-01","host_id":"4f1c0a9e-0003-4a00-9c31-b0de51000003","user":"CORP\\Administrator","message":"Kerberos service ticket was requested: cifs/SRV-CORP-FS02.eu.corp.example","target":"CORP\\Administrator","event":{"channel":"Security","provider":"Microsoft-Windows-Security-Auditing","event_id":4769,"record_id":1030255,"level":"Information","computer":"DC-CORP-01.corp.example"},"detections":[],"severity_max":"none","detection_count":0,"provenance":{"raw_file":"raw/Windows.EventLogs.Evtx/results.json","raw_row":52,"collection_id":"demo-dc-corp-01"},"extra":{"encryption_type":"0x12 (AES256-CTS-HMAC-SHA1-96)","failure_code":"0x0"}},
