  {"schema_version":"1.0.0","row_hash":"e15fa9e2f4f9a7aaccf7c3333cc41501518f438b333df1662ea066279bab081e","timestamp_utc":"2026-03-14T09:16:58.8480000Z","timestamp_desc":"EventTime","source":"eventlog","artifact":"Windows.EventLogs.Evtx","collector_kind":"native","host":"DC-CORP-01","host_id":"4f1c0a9e-0003-4a00-9c31-b0de51000003","user":"EU\\svc-backup","message":"Kerberos service ticket was requested: cifs/SRV-CORP-FS02.eu.corp.example","target":"EU\\svc-backup","event":{"channel":"Security","provider":"Microsoft-Windows-Security-Auditing","event_id":4769,"record_id":607890,"level":"Information","computer":"DC-CORP-01.corp.example"},"detections":[],"severity_max":"none","detection_count":0,"provenance":{"raw_file":"raw/Windows.EventLogs.Evtx/results.json","raw_row":137,"collection_id":"demo-dc-corp-01"},"extra":{"encryption_type":"0x12 (AES256-CTS-HMAC-SHA1-96)","failure_code":"0x0"}},
  {"schema_version":"1.0.0","row_hash":"fa69f6c5eebf2575675ad4bd5e554239b2771fa373e3ed62e76b397b290ad9aa","timestamp_utc":"2026-03-14T09:44:51.2480000Z","timestamp_desc":"EventTime","source":"system_info","artifact":"Windows.System.TrustRelationships","collector_kind":"velociraptor","host":"DC-CORP-01","host_id":"4f1c0a9e-0003-4a00-9c31-b0de51000003","user":"SYSTEM","message":"Forest trust enumerated: eu.corp.example -> corp.example (parent/child, transitive)","target":"eu.corp.example","detections":[],"severity_max":"none","detection_count":0,"provenance":{"raw_file":"raw/Windows.System.TrustRelationships/results.json","raw_row":15,"collection_id":"demo-dc-corp-01"},"extra":{"probe":4,"trust_attributes":"WITHIN_FOREST","trust_direction":"Bidirectional","trust_type":"Uplevel","validated":true}},
  {"schema_version":"1.0.0","row_hash":"cd97d0b3bc6367220bf412d111e8453ea2e2cfe7f286a0b5ee7e0902c540e98a","timestamp_utc":"2026-03-14T09:45:10.3010000Z","timestamp_desc":"EventTime","source":"log","artifact":"Windows.EventLogs.Evtx","collector_kind":"native","host":"DC-CORP-01","host_id":"4f1c0a9e-0003-4a00-9c31-b0de51000003","user":"SYSTEM","message":"DNS zone transfer completed for corp.example","target":"Microsoft-Windows-DNS-Server/Audit","process":{"name":"dns.exe","image_path":"C:\\Windows\\System32\\dns.exe","parent_name":"services.exe"},"event":{"channel":"DNS Server","provider":"Microsoft-Windows-DNS-Server-Service","event_id":6522,"record_id":7039,"level":"Information","computer":"DC-CORP-01.corp.example"},"detections":[],"severity_max":"none","detection_count":0,"provenance":{"raw_file":"raw/Windows.EventLogs.Evtx/results.json","raw_row":254,"collection_id":"demo-dc-corp-01"}},
  {"schema_version":"1.0.0","row_hash":"da51e69c7a61ca1795640230dc24e2185e50aed097b7d3ac99295234ff6166b1","timestamp_utc":"2026-03-14T09:49:53.5380000Z","timestamp_desc":"EventTime","source":"log","artifact":"Windows.EventLogs.Evtx","collector_kind":"native","host":"DC-CORP-01","host_id":"4f1c0a9e-0003-4a00-9c31-b0de51000003","user":"SYSTEM","message":"DNS zone transfer completed for corp.example","target":"Microsoft-Windows-DNS-Server/Audit","process":{"name":"dns.exe","image_path":"C:\\Windows\\System32\\dns.exe","parent_name":"services.exe"},"event":{"channel":"DNS Server","provider":"Microsoft-Windows-DNS-Server-Service","event_id":6522,"record_id":8030,"level":"Information","computer":"DC-CORP-01.corp.example"},"detections":[],"severity_max":"none","detection_count":0,"provenance":{"raw_file":"raw/Windows.EventLogs.Evtx/results.json","raw_row":154,"collection_id":"demo-dc-corp-01"}},
  {"schema_version":"1.0.0","row_hash":"ff3f1c8f01acd80131e0a445a2148a4bed515d19337a9173f2db0f99a4298563","timestamp_utc":"2026-03-14T10:01:32.6410000Z","timestamp_desc":"EventTime","source":"service","artifact":"Windows.EventLogs.Evtx","collector_kind":"native","host":"DC-CORP-01","host_id":"4f1c0a9e-0003-4a00-9c31-b0de51000003","user":"SYSTEM","message":"Service entered the running state: Active Directory Domain Services (NTDS)","target":"NTDS","process":{"name":"services.exe","image_path":"C:\\Windows\\System32\\services.exe"},"event":{"channel":"System","provider":"Service Control Manager","event_id":7036,"record_id":11326,"level":"Information","computer":"DC-CORP-01.corp.example"},"detections":[],"severity_max":"none","detection_count":0,"provenance":{"raw_file":"raw/Windows.EventLogs.Evtx/results.json","raw_row":245,"collection_id":"demo-dc-corp-01"}},
  {"schema_version":"1.0.0","row_hash":"7b91297d343c4120ecfadec3cd133b30ac1d6af51a8f34edf77a6bf67e4f8f5f","timestamp_utc":"2026-03-14T10:12:16.0860000Z","timestamp_desc":"EventTime","source":"eventlog","artifact":"Windows.EventLogs.Evtx","collector_kind":"native","host":"DC-CORP-01","host_id":"4f1c0a9e-0003-4a00-9c31-b0de51000003","user":"EU\\carol","message":"Kerberos service ticket was requested: ldap/DC-CORP-01.corp.example","target":"EU\\carol","event":{"channel":"Security","provider":"Microsoft-Windows-Security-Auditing","event_id":4769,"record_id":434124,"level":"Information","computer":"DC-CORP-01.corp.example"},"detections":[],"severity_max":"none","detection_count":0,"provenance":{"raw_file":"raw/Windows.EventLogs.Evtx/results.json","raw_row":37,"collection_id":"demo-dc-corp-01"},"extra":{"encryption_type":"0x12 (AES256-CTS-HMAC-SHA1-96)","failure_code":"0x0"}},
  {"schema_version":"1.0.0","row_hash":"65f822f30c178f9ede105a933df182fb36689510ce7109ad9b7d412d60b1615c","timestamp_utc":"2026-03-14T10:25:10.8500000Z","timestamp_desc":"EventTime","source":"service","artifact":"Windows.EventLogs.Evtx","collector_kind":"native","host":"DC-CORP-01","host_id":"4f1c0a9e-0003-4a00-9c31-b0de51000003","user":"SYSTEM","message":"Service entered the running state: Active Directory Domain Services (NTDS)","target":"NTDS","process":{"name":"services.exe","image_path":"C:\\Windows\\System32\\services.exe"},"event":{"channel":"System","provider":"Service Control Manager","event_id":7036,"record_id":10863,"level":"Information","computer":"DC-CORP-01.corp.example"},"detections":[],"severity_max":"none","detection_count":0,"provenance":{"raw_file":"raw/Windows.EventLogs.Evtx/results.json","raw_row":345,"collection_id":"demo-dc-corp-01"}},
  {"schema_version":"1.0.0","row_hash":"6b4d482d28a6465e201a21e90a60f1c9a719df5708d9b619c7b3b1a824bc6540","timestamp_utc":"2026-03-14T10:29:05.6770000Z","timestamp_desc":"EventTime","source":"service","artifact":"Windows.EventLogs.Evtx","collector_kind":"native","host":"DC-CORP-01","host_id":"4f1c0a9e-0003-4a00-9c31-b0de51000003","user":"SYSTEM","message":"Service entered the running state: Active Directory Domain Services (NTDS)","target":"NTDS","process":{"name":"services.exe","image_path":"C:\\Windows\\System32\\services.exe"},"event":{"channel":"System","provider":"Service Control Manager","event_id":7036,"record_id":6422,"level":"Information","computer":"DC-CORP-01.corp.example"},"detections":[],"severity_max":"none","detection_count":0,"provenance":{"raw_file":"raw/Windows.EventLogs.Evtx/results.json","raw_row":205,"collection_id":"demo-dc-corp-01"}},
  {"schema_version":"1.0.0","row_hash":"53a48e3d9c077fdd8459f5340b4152cc8f9a71e61e711a4a9a6f7edb54d9fd00","timestamp_utc":"2026-03-14T10:32:59.3200000Z","timestamp_desc":"EventTime","source":"service","artifact":"Windows.EventLogs.Evtx","collector_kind":"native","host":"DC-CORP-01","host_id":"4f1c0a9e-0003-4a00-9c31-b0de51000003","user":"SYSTEM","message":"Service entered the running state: Active Directory Domain Services (NTDS)","target":"NTDS","process":{"name":"services.exe","image_path":"C:\\Windows\\System32\\services.exe"},"event":{"channel":"System","provider":"Service Control Manager","event_id":7036,"record_id":6203,"level":"Information","computer":"DC-CORP-01.corp.example"},"detections":[],"severity_max":"none","detection_count":0,"provenance":{"raw_file":"raw/Windows.EventLogs.Evtx/results.json","raw_row":65,"collection_id":"demo-dc-corp-01"}},
  {"schema_version":"1.0.0","row_hash":"825090499750dfd15963680c51c79505a630aa0d0a49d6e65e048fe6f2a60f4a","timestamp_utc":"2026-03-14T10:38:50.5230000Z","timestamp_desc":"EventTime","source":"log","artifact":"Windows.EventLogs.Evtx","collector_kind":"native","host":"DC-CORP-01","host_id":"4f1c0a9e-0003-4a00-9c31-b0de51000003","user":"SYSTEM","message":"DNS zone transfer completed for eu.corp.example","target":"Microsoft-Windows-DNS-Server/Audit","process":{"name":"dns.exe","image_path":"C:\\Windows\\System32\\dns.exe","parent_name":"services.exe"},"event":{"channel":"DNS Server","provider":"Microsoft-Windows-DNS-Server-Service","event_id":6522,"record_id":4840,"level":"Information","computer":"DC-CORP-01.corp.example"},"detections":[],"severity_max":"none","detection_count":0,"provenance":{"raw_file":"raw/Windows.EventLogs.Evtx/results.json","raw_row":174,"collection_id":"demo-dc-corp-01"}},
  {"schema_version":"1.0.0","row_hash":"3ca3de957b7ce37f43d12f8c6e5daef292f0e36a0fd5b4ac1b530d37d4e4a78a","timestamp_utc":"2026-03-14T10:40:09.7710000Z","timestamp_desc":"Modified","source":"filesystem","artifact":"Windows.NTFS.MFT","collector_kind":"velociraptor","host":"DC-CORP-01","host_id":"4f1c0a9e-0003-4a00-9c31-b0de51000003","user":"SYSTEM","message":"Group Policy template modified: Default Domain Policy","target":"C:\\Windows\\SYSVOL\\sysvol\\corp.example\\Policies\\{31B2F340-016D-11D2-945F-00C04FB984F9}\\GPT.INI","file":{"path":"C:\\Windows\\SYSVOL\\sysvol\\corp.example\\Policies\\{31B2F340-016D-11D2-945F-00C04FB984F9}\\GPT.INI","name":"GPT.INI","extension":"INI","size_bytes":60,"mft_entry":76821,"is_allocated":true},"detections":[],"severity_max":"none","detection_count":0,"provenance":{"raw_file":"raw/Windows.NTFS.MFT/results.json","raw_row":62,"collection_id":"demo-dc-corp-01"}},
  {"schema_version":"1.0.0","row_hash":"1bec62926e4071d806b07e263011d3c95f4a49855f3176eab41c1c81578560be","timestamp_utc":"2026-03-14T10:42:17.4810000Z","timestamp_desc":"EventTime","source":"service","artifact":"Windows.EventLogs.Evtx","collector_kind":"native","host":"DC-CORP-01","host_id":"4f1c0a9e-0003-4a00-9c31-b0de51000003","user":"SYSTEM","message":"Service entered the running state: Active Directory Domain Services (NTDS)","target":"NTDS","process":{"name":"services.exe","image_path":"C:\\Windows\\System32\\services.exe"},"event":{"channel":"System","provider":"Service Control Manager","event_id":7036,"record_id":10353,"level":"Information","computer":"DC-CORP-01.corp.example"},"detections":[],"severity_max":"none","detection_count":0,"provenance":{"raw_file":"raw/Windows.EventLogs.Evtx/results.json","raw_row":325,"collection_id":"demo-dc-corp-01"}},
  {"schema_version":"1.0.0","row_hash":"63f3695a1f952bb011a3797292d11f7a02c2551c89f6f5997cd735ea77becb2e","timestamp_utc":"2026-03-14T10:43:43.8170000Z","timestamp_desc":"Modified","source":"filesystem","artifact":"Windows.NTFS.MFT","collector_kind":"velociraptor","host":"DC-CORP-01","host_id":"4f1c0a9e-0003-4a00-9c31-b0de51000003","user":"SYSTEM","message":"Group Policy template modified: Default Domain Policy","target":"C:\\Windows\\SYSVOL\\sysvol\\corp.example\\Policies\\{31B2F340-016D-11D2-945F-00C04FB984F9}\\GPT.INI","file":{"path":"C:\\Windows\\SYSVOL\\sysvol\\corp.example\\Policies\\{31B2F340-016D-11D2-945F-00C04FB984F9}\\GPT.INI","name":"GPT.INI","extension":"INI","size_bytes":88,"mft_entry":76523,"is_allocated":true},"detections":[],"severity_max":"none","detection_count":0,"provenance":{"raw_file":"raw/Windows.NTFS.MFT/results.json","raw_row":6,"collection_id":"demo-dc-corp-01"}},
  {"schema_version":"1.0.0","row_hash":"da790f576f582ec720a0e47ff1f44a5bd713527659ec1ac23cef7b648c90965a","timestamp_utc":"2026-03-14T10:52:35.2580000Z","timestamp_desc":"EventTime","source":"service","artifact":"Windows.EventLogs.Evtx","collector_kind":"native","host":"DC-CORP-01","host_id":"4f1c0a9e-0003-4a00-9c31-b0de51000003","user":"SYSTEM","message":"Service entered the running state: Active Directory Domain Services (NTDS)","target":"NTDS","process":{"name":"services.exe","image_path":"C:\\Windows\\System32\\services.exe"},"event":{"channel":"System","provider":"Service Control Manager","event_id":7036,"record_id":9264,"level":"Information","computer":"DC-CORP-01.corp.example"},"detections":[],"severity_max":"none","detection_count":0,"provenance":{"raw_file":"raw/Windows.EventLogs.Evtx/results.json","raw_row":85,"collection_id":"demo-dc-corp-01"}},
  {"schema_version":"1.0.0","row_hash":"fe4b53cc6025b44a7cac419c45086f272bb6dd9c1ddabb2d0a6af9612306bafe","timestamp_utc":"2026-03-14T10:56:48.4070000Z","timestamp_desc":"EventTime","source":"service","artifact":"Windows.EventLogs.Evtx","collector_kind":"native","host":"DC-CORP-01","host_id":"4f1c0a9e-0003-4a00-9c31-b0de51000003","user":"SYSTEM","message":"Service entered the running state: Active Directory Domain Services (NTDS)","target":"NTDS","process":{"name":"services.exe","image_path":"C:\\Windows\\System32\\services.exe"},"event":{"channel":"System","provider":"Service Control Manager","event_id":7036,"record_id":10792,"level":"Information","computer":"DC-CORP-01.corp.example"},"detections":[],"severity_max":"none","detection_count":0,"provenance":{"raw_file":"raw/Windows.EventLogs.Evtx/results.json","raw_row":185,"collection_id":"demo-dc-corp-01"}},
  {"schema_version":"1.0.0","row_hash":"b5d4212303c35e4090f0627a75427a218e145063880008f119eea56813439ed2","timestamp_utc":"2026-03-14T10:56:52.3910000Z","timestamp_desc":"EventTime","source":"log","artifact":"Windows.EventLogs.Evtx","collector_kind":"native","host":"DC-CORP-01","host_id":"4f1c0a9e-0003-4a00-9c31-b0de51000003","user":"SYSTEM","message":"DNS zone transfer completed for corp.example","target":"Microsoft-Windows-DNS-Server/Audit","process":{"name":"dns.exe","image_path":"C:\\Windows\\System32\\dns.exe","parent_name":"services.exe"},"event":{"channel":"DNS Server","provider":"Microsoft-Windows-DNS-Server-Service","event_id":6522,"record_id":6036,"level":"Information","computer":"DC-CORP-01.corp.example"},"detections":[],"severity_max":"none","detection_count":0,"provenance":{"raw_file":"raw/Windows.EventLogs.Evtx/results.json","raw_row":294,"collection_id":"demo-dc-corp-01"}},
  {"schema_version":"1.0.0","row_hash":"52b7adf3d99920bf5644a2b7004db34271f28a966612457ad909141c3fa0d627","timestamp_utc":"2026-03-14T11:05:09.7090000Z","timestamp_desc":"EventTime","source":"system_info","artifact":"Windows.System.TrustRelationships","collector_kind":"velociraptor","host":"DC-CORP-01","host_id":"4f1c0a9e-0003-4a00-9c31-b0de51000003","user":"SYSTEM","message":"Forest trust enumerated: eu.corp.example -> corp.example (parent/child, transitive)","target":"eu.corp.example","detections":[],"severity_max":"none","detection_count":0,"provenance":{"raw_file":"raw/Windows.System.TrustRelationships/results.json","raw_row":55,"collection_id":"demo-dc-corp-01"},"extra":{"probe":3,"trust_attributes":"WITHIN_FOREST","trust_direction":"Bidirectional","trust_type":"Uplevel","validated":true}},
  {"schema_version":"1.0.0","row_hash":"0a034126a30dfe125f5a0b294536b910bc1c4e6ac769f1e4d6a36a25508e4720","timestamp_utc":"2026-03-14T11:07:47.3530000Z","timestamp_desc":"EventTime","source":"log","artifact":"Windows.EventLogs.Evtx","collector_kind":"native","host":"DC-CORP-01","host_id":"4f1c0a9e-0003-4a00-9c31-b0de51000003","user":"SYSTEM","message":"DNS zone transfer completed for corp.example","target":"Microsoft-Windows-DNS-Server/Audit","process":{"name":"dns.exe","image_path":"C:\\Windows\\System32\\dns.exe","parent_name":"services.exe"},"event":{"channel":"DNS Server","provider":"Microsoft-Windows-DNS-Server-Service","event_id":6522,"record_id":3369,"level":"Information","computer":"DC-CORP-01.corp.example"},"detections":[],"severity_max":"none","detection_count":0,"provenance":{"raw_file":"raw/Windows.EventLogs.Evtx/results.json","raw_row":194,"collection_id":"demo-dc-corp-01"}},
  {"schema_version":"1.0.0","row_hash":"78bde3feef6e569083102b5d3d514ce0e32d406a8c98c30049245f90172173ea","timestamp_utc":"2026-03-14T11:08:43.3270000Z","timestamp_desc":"EventTime","source":"log","artifact":"Windows.EventLogs.Evtx","collector_kind":"native","host":"DC-CORP-01","host_id":"4f1c0a9e-0003-4a00-9c31-b0de51000003","user":"SYSTEM","message":"DNS zone transfer completed for eu.corp.example","target":"Microsoft-Windows-DNS-Server/Audit","process":{"name":"dns.exe","image_path":"C:\\Windows\\System32\\dns.exe","parent_name":"services.exe"},"event":{"channel":"DNS Server","provider":"Microsoft-Windows-DNS-Server-Service","event_id":6522,"record_id":3323,"level":"Information","computer":"DC-CORP-01.corp.example"},"detections":[],"severity_max":"none","detection_count":0,"provenance":{"raw_file":"raw/Windows.EventLogs.Evtx/results.json","raw_row":134,"collection_id":"demo-dc-corp-01"}},
  {"schema_version":"1.0.0","row_hash":"9e4c2911cd8177062659c3e6e1611076a48ef3d01603d8c8f10d9c7dd1e89e62","timestamp_utc":"2026-03-14T11:11:07.6280000Z","timestamp_desc":"EventTime","source":"log","artifact":"Windows.EventLogs.Evtx","collector_kind":"native","host":"DC-CORP-01","host_id":"4f1c0a9e-0003-4a00-9c31-b0de51000003","user":"SYSTEM","message":"DNS zone transfer completed for eu.corp.example","target":"Microsoft-Windows-DNS-Server/Audit","process":{"name":"dns.exe","image_path":"C:\\Windows\\System32\\dns.exe","parent_name":"services.exe"},"event":{"channel":"DNS Server","provider":"Microsoft-Windows-DNS-Server-Service","event_id":6522,"record_id":3615,"level":"Information","computer":"DC-CORP-01.corp.example"},"detections":[],"severity_max":"none","detection_count":0,"provenance":{"raw_file":"raw/Windows.EventLogs.Evtx/results.json","raw_row":54,"collection_id":"demo-dc-corp-01"}},
  {"schema_version":"1.0.0","row_hash":"16a98c1c60e9244078a4d2353cc5e2ab453272d162777eadf7104f58fad95255","timestamp_utc":"2026-03-14T11:12:00.3400000Z","timestamp_desc":"EventTime","source":"system_info","artifact":"Windows.System.TrustRelationships","collector_kind":"velociraptor","host":"DC-CORP-01","host_id":"4f1c0a9e-0003-4a00-9c31-b0de51000003","user":"SYSTEM","message":"Forest trust enumerated: eu.corp.example -> corp.example (parent/child, transitive)","target":"eu.corp.example","detections":[],"severity_max":"none","detection_count":0,"provenance":{"raw_file":"raw/Windows.System.TrustRelationships/results.json","raw_row":47,"collection_id":"demo-dc-corp-01"},"extra":{"probe":5,"trust_attributes":"WITHIN_FOREST","trust_direction":"Bidirectional","trust_type":"Uplevel","validated":true}},
  {"schema_version":"1.0.0","row_hash":"6cf49faaaafda3179a2ebc47f1437008c02e38b17633493561f2ff0eb56d246a","timestamp_utc":"2026-03-14T11:18:47.1330000Z","timestamp_desc":"Modified","source":"filesystem","artifact":"Windows.NTFS.MFT","collector_kind":"velociraptor","host":"DC-CORP-01","host_id":"4f1c0a9e-0003-4a00-9c31-b0de51000003","user":"SYSTEM","message":"Group Policy template modified: Default Domain Policy","target":"C:\\Windows\\SYSVOL\\sysvol\\corp.example\\Policies\\{31B2F340-016D-11D2-945F-00C04FB984F9}\\GPT.INI","file":{"path":"C:\\Windows\\SYSVOL\\sysvol\\corp.example\\Policies\\{31B2F340-016D-11D2-945F-00C04FB984F9}\\GPT.INI","name":"GPT.INI","extension":"INI","size_bytes":95,"mft_entry":71499,"is_allocated":true},"detections":[],"severity_max":"none","detection_count":0,"provenance":{"raw_file":"raw/Windows.NTFS.MFT/results.json","raw_row":26,"collection_id":"demo-dc-corp-01"}},
  {"schema_version":"1.0.0","row_hash":"a4f35bbd6f1483261f6b5afcf1591a3f374c3b636f94d462b39f5b67938c1673","timestamp_utc":"2026-03-14T11:20:33.5370000Z","timestamp_desc":"Modified","source":"filesystem","artifact":"Windows.NTFS.MFT","collector_kind":"velociraptor","host":"DC-CORP-01","host_id":"4f1c0a9e-0003-4a00-9c31-b0de51000003","user":"SYSTEM","message":"Group Policy template modified: Default Domain Policy","target":"C:\\Windows\\SYSVOL\\sysvol\\corp.example\\Policies\\{31B2F340-016D-11D2-945F-00C04FB984F9}\\GPT.INI","file":{"path":"C:\\Windows\\SYSVOL\\sysvol\\corp.example\\Policies\\{31B2F340-016D-11D2-945F-00C04FB984F9}\\GPT.INI","name":"GPT.INI","extension":"INI","size_bytes":87,"mft_entry":76780,"is_allocated":true},"detections":[],"severity_max":"none","detection_count":0,"provenance":{"raw_file":"raw/Windows.NTFS.MFT/results.json","raw_row":14,"collection_id":"demo-dc-corp-01"}},
  {"schema_version":"1.0.0","row_hash":"6e2de0d7d86058b93e7d7951fa57ec3084dc4a07695bbd5991d36dada4858c1a","timestamp_utc":"2026-03-14T11:31:05.4670000Z","timestamp_desc":"EventTime","source":"service","artifact":"Windows.EventLogs.Evtx","collector_kind":"native","host":"DC-CORP-01","host_id":"4f1c0a9e-0003-4a00-9c31-b0de51000003","user":"SYSTEM","message":"Service entered the running state: Active Directory Domain Services (NTDS)","target":"NTDS","process":{"name":"services.exe","image_path":"C:\\Windows\\System32\\services.exe"},"event":{"channel":"System","provider":"Service Control Manager","event_id":7036,"record_id":11864,"level":"Information","computer":"DC-CORP-01.corp.example"},"detections":[],"severity_max":"none","detection_count":0,"provenance":{"raw_file":"raw/Windows.EventLogs.Evtx/results.json","raw_row":285,"collection_id":"demo-dc-corp-01"}},
  {"schema_version":"1.0.0","row_hash":"064fd756d65db78aa2434f06eb91e2b344cdcd57bcb618a1af345a5a3ee56fd2","timestamp_utc":"2026-03-14T11:37:12.0740000Z","timestamp_desc":"EventTime","source":"eventlog","artifact":"Windows.EventLogs.Evtx","collector_kind":"native","host":"DC-CORP-01","host_id":"4f1c0a9e-0003-4a00-9c31-b0de51000003","user":"EU\\alice","message":"Kerberos service ticket was requested: ldap/DC-CORP-01.corp.example","target":"EU\\alice","event":{"channel":"Security","provider":"Microsoft-Windows-Security-Auditing","event_id":4769,"record_id":1171132,"level":"Information","computer":"DC-CORP-01.corp.example"},"detections":[],"severity_max":"none","detection_count":0,"provenance":{"raw_file":"raw/Windows.EventLogs.Evtx/results.json","raw_row":257,"collection_id":"demo-dc-corp-01"},"extra":{"encryption_type":"0x12 (AES256-CTS-HMAC-SHA1-96)","failure_code":"0x0"}},
  {"schema_version":"1.0.0","row_hash":"56a64f3fdec7b34ef9cb3a2b3d14f9a9a6faf59abd7607f426483c06c498f839","timestamp_utc":"2026-03-14T11:39:18.6200000Z","timestamp_desc":"Modified","source":"filesystem","artifact":"Windows.NTFS.MFT","collector_kind":"velociraptor","host":"DC-CORP-01","host_id":"4f1c0a9e-0003-4a00-9c31-b0de51000003","user":"SYSTEM","message":"Group Policy template modified: Default Domain Policy","target":"C:\\Windows\\SYSVOL\\sysvol\\corp.example\\Policies\\{31B2F340-016D-11D2-945F-00C04FB984F9}\\GPT.INI","file":{"path":"C:\\Windows\\SYSVOL\\sysvol\\corp.example\\Policies\\{31B2F340-016D-11D2-945F-00C04FB984F9}\\GPT.INI","name":"GPT.INI","extension":"INI","size_bytes":85,"mft_entry":73692,"is_allocated":true},"detections":[],"severity_max":"none","detection_count":0,"provenance":{"raw_file":"raw/Windows.NTFS.MFT/results.json","raw_row":66,"collection_id":"demo-dc-corp-01"}},
  {"schema_version":"1.0.0","row_hash":"b5a99e16611f754fb74178150b6954487e40b922b7f2c7ceb9276e9ad9b16817","timestamp_utc":"2026-03-14T11:49:30.4280000Z","timestamp_desc":"EventTime","source":"service","artifact":"Windows.EventLogs.Evtx","collector_kind":"native","host":"DC-CORP-01","host_id":"4f1c0a9e-0003-4a00-9c31-b0de51000003","user":"SYSTEM","message":"Service entered the running state: Active Directory Domain Services (NTDS)","target":"NTDS","process":{"name":"services.exe","image_path":"C:\\Windows\\System32\\services.exe"},"event":{"channel":"System","provider":"Service Control Manager","event_id":7036,"record_id":6356,"level":"Information","computer":"DC-CORP-01.corp.example"},"detections":[],"severity_max":"none","detection_count":0,"provenance":{"raw_file":"raw/Windows.EventLogs.Evtx/results.json","raw_row":225,"collection_id":"demo-dc-corp-01"}},
  {"schema_version":"1.0.0","row_hash":"5caad9d488bdadadff079ba52f4fc4c45148c9fbad933877f0a59cdba43bbc40","timestamp_utc":"2026-03-14T11:54:29.4840000Z","timestamp_desc":"EventTime","source":"system_info","artifact":"Windows.System.TrustRelationships","collector_kind":"velociraptor","host":"DC-CORP-01","host_id":"4f1c0a9e-0003-4a00-9c31-b0de51000003","user":"SYSTEM","message":"Forest trust enumerated: eu.corp.example -> corp.example (parent/child, transitive)","target":"eu.corp.example","detections":[],"severity_max":"none","detection_count":0,"provenance":{"raw_file":"raw/Windows.System.TrustRelationships/results.json","raw_row":59,"collection_id":"demo-dc-corp-01"},"extra":{"probe":4,"trust_attributes":"WITHIN_FOREST","trust_direction":"Bidirectional","trust_type":"Uplevel","validated":true}},
  {"schema_version":"1.0.0","row_hash":"d9f469645a0c120e809c25057a0791e09313340f8327684311b2c8ef1ca1949c","timestamp_utc":"2026-03-14T12:03:04.5500000Z","timestamp_desc":"Modified","source":"filesystem","artifact":"Windows.NTFS.MFT","collector_kind":"velociraptor","host":"DC-CORP-01","host_id":"4f1c0a9e-0003-4a00-9c31-b0de51000003","user":"SYSTEM","message":"Group Policy template modified: Default Domain Policy","target":"C:\\Windows\\SYSVOL\\sysvol\\corp.example\\Policies\\{31B2F340-016D-11D2-945F-00C04FB984F9}\\GPT.INI","file":{"path":"C:\\Windows\\SYSVOL\\sysvol\\corp.example\\Policies\\{31B2F340-016D-11D2-945F-00C04FB984F9}\\GPT.INI","name":"GPT.INI","extension":"INI","size_bytes":59,"mft_entry":77405,"is_allocated":true},"detections":[],"severity_max":"none","detection_count":0,"provenance":{"raw_file":"raw/Windows.NTFS.MFT/results.json","raw_row":18,"collection_id":"demo-dc-corp-01"}},
  {"schema_version":"1.0.0","row_hash":"7c4b8eb0e8a1863c98534881b17e3bd84e1936d4de558a1f609e8f8490c7bb90","timestamp_utc":"2026-03-14T12:07:11.6130000Z","timestamp_desc":"EventTime","source":"eventlog","artifact":"Windows.EventLogs.Evtx","collector_kind":"native","host":"DC-CORP-01","host_id":"4f1c0a9e-0003-4a00-9c31-b0de51000003","user":"EU\\bob","message":"Kerberos service ticket was requested: host/SRV-CORP-FS02.eu.corp.example","target":"EU\\bob","event":{"channel":"Security","provider":"Microsoft-Windows-Security-Auditing","event_id":4769,"record_id":630639,"level":"Information","computer":"DC-CORP-01.corp.example"},"detections":[],"severity_max":"none","detection_count":0,"provenance":{"raw_file":"raw/Windows.EventLogs.Evtx/results.json","raw_row":97,"collection_id":"demo-dc-corp-01"},"extra":{"encryption_type":"0x12 (AES256-CTS-HMAC-SHA1-96)","failure_code":"0x0"}},
  {"schema_version":"1.0.0","row_hash":"67e0ae91a1edbe9c042187a513c64757b477bb44f56ca9333d33905adb1814f5","timestamp_utc":"2026-03-14T12:17:20.5730000Z","timestamp_desc":"EventTime","source":"eventlog","artifact":"Windows.EventLogs.Evtx","collector_kind":"native","host":"DC-CORP-01","host_id":"4f1c0a9e-0003-4a00-9c31-b0de51000003","user":"EU\\svc-backup","message":"Kerberos service ticket was requested: cifs/SRV-CORP-FS02.eu.corp.example","target":"EU\\svc-backup","event":{"channel":"Security","provider":"Microsoft-Windows-Security-Auditing","event_id":4769,"record_id":1101824,"level":"Information","computer":"DC-CORP-01.corp.example"},"detections":[],"severity_max":"none","detection_count":0,"provenance":{"raw_file":"raw/Windows.EventLogs.Evtx/results.json","raw_row":77,"collection_id":"demo-dc-corp-01"},"extra":{"encryption_type":"0x12 (AES256-CTS-HMAC-SHA1-96)","failure_code":"0x0"}},
  {"schema_version":"1.0.0","row_hash":"88a4b94f5bffba63509e0b728c59205c5947b535c7108746a4e74c7f1c0699ee","timestamp_utc":"2026-03-14T12:35:03.2910000Z","timestamp_desc":"EventTime","source":"eventlog","artifact":"Windows.EventLogs.Evtx","collector_kind":"native","host":"DC-CORP-01","host_id":"4f1c0a9e-0003-4a00-9c31-b0de51000003","user":"CORP\\Administrator","message":"Kerberos service ticket was requested: host/SRV-CORP-FS02.eu.corp.example","target":"CORP\\Administrator","event":{"channel":"Security","provider":"Microsoft-Windows-Security-Auditing","event_id":4769,"record_id":702242,"level":"Information","computer":"DC-CORP-01.corp.example"},"detections":[],"severity_max":"none","detection_count":0,"provenance":{"raw_file":"raw/Windows.EventLogs.Evtx/results.json","raw_row":17,"collection_id":"demo-dc-corp-01"},"extra":{"encryption_type":"0x12 (AES256-CTS-HMAC-SHA1-96)","failure_code":"0x0"}},
  {"schema_version":"1.0.0","row_hash":"8168c4ca02b57997845d45aee0590aa2b0f54f26192ae428366aa76b4bb93156","timestamp_utc":"2026-03-14T12:39:42.1990000Z","timestamp_desc":"Modified","source":"filesystem","artifact":"Windows.NTFS.MFT","collector_kind":"velociraptor","host":"DC-CORP-01","host_id":"4f1c0a9e-0003-4a00-9c31-b0de51000003","user":"SYSTEM","message":"Group Policy template modified: Default Domain Policy","target":"C:\\Windows\\SYSVOL\\sysvol\\corp.example\\Policies\\{31B2F340-016D-11D2-945F-00C04FB984F9}\\GPT.INI","file":{"path":"C:\\Windows\\SYSVOL\\sysvol\\corp.example\\Policies\\{31B2F340-016D-11D2-945F-00C04FB984F9}\\GPT.INI","name":"GPT.INI","extension":"INI","size_bytes":72,"mft_entry":73665,"is_allocated":true},"detections":[],"severity_max":"none","detection_count":0,"provenance":{"raw_file":"raw/Windows.NTFS.MFT/results.json","raw_row":38,"collection_id":"demo-dc-corp-01"}},
  {"schema_version":"1.0.0","row_hash":"49206bd102a5899cc3edeb02df500fa9fb8a64c4720882b9c5e9418996f3d2c6","timestamp_utc":"2026-03-14T12:42:22.2460000Z","timestamp_desc":"EventTime","source":"log","artifact":"Windows.EventLogs.Evtx","collector_kind":"native","host":"DC-CORP-01","host_id":"4f1c0a9e-0003-4a00-9c31-b0de51000003","user":"SYSTEM","message":"DNS zone transfer completed for corp.example","target":"Microsoft-Windows-DNS-Server/Audit","process":{"name":"dns.exe","image_path":"C:\\Windows\\System32\\dns.exe","parent_name":"services.exe"},"event":{"channel":"DNS Server","provider":"Microsoft-Windows-DNS-Server-Service","event_id":6522,"record_id":5630,"level":"Information","computer":"DC-CORP-01.corp.example"},"detections":[],"severity_max":"none","detection_count":0,"provenance":{"raw_file":"raw/Windows.EventLogs.Evtx/results.json","raw_row":214,"collection_id":"demo-dc-corp-01"}},
  {"schema_version":"1.0.0","row_hash":"81d53d89525b4c827617bf5342b90e5cf245f3d50785b7dfc4331feaa296ece9","timestamp_utc":"2026-03-14T12:46:34.6130000Z","timestamp_desc":"EventTime","source":"log","artifact":"Windows.EventLogs.Evtx","collector_kind":"native","host":"DC-CORP-01","host_id":"4f1c0a9e-0003-4a00-9c31-b0de51000003","user":"SYSTEM","message":"DNS zone transfer completed for corp.example","target":"Microsoft-Windows-DNS-Server/Audit","process":{"name":"dns.exe","image_path":"C:\\Windows\\System32\\dns.exe","parent_name":"services.exe"},"event":{"channel":"DNS Server","provider":"Microsoft-Windows-DNS-Server-Service","event_id":6522,"record_id":3906,"level":"Information","computer":"DC-CORP-01.corp.example"},"detections":[],"severity_max":"none","detection_count":0,"provenance":{"raw_file":"raw/Windows.EventLogs.Evtx/results.json","raw_row":114,"collection_id":"demo-dc-corp-01"}},
  {"schema_version":"1.0.0","row_hash":"403166d92d786dc8f8b208f643531a61a98db1d8906e9b19619554ca663b8e3a","timestamp_utc":"2026-03-14T12:53:28.0690000Z","timestamp_desc":"EventTime","source":"system_info","artifact":"Windows.System.TrustRelationships","collector_kind":"velociraptor","host":"DC-CORP-01","host_id":"4f1c0a9e-0003-4a00-9c31-b0de51000003","user":"SYSTEM","message":"Forest trust enumerated: eu.corp.example -> corp.example (parent/child, transitive)","target":"eu.corp.example","detections":[],"severity_max":"none","detection_count":0,"provenance":{"raw_file":"raw/Windows.System.TrustRelationships/results.json","raw_row":67,"collection_id":"demo-dc-corp-01"},"extra":{"probe":0,"trust_attributes":"WITHIN_FOREST","trust_direction":"Bidirectional","trust_type":"Uplevel","validated":true}},
  {"schema_version":"1.0.0","row_hash":"d52034884e01ddbfff15108f515a3f5905a79155865e7241ccbc10d434f8c2e6","timestamp_utc":"2026-03-14T12:55:12.0090000Z","timestamp_desc":"EventTime","source":"service","artifact":"Windows.EventLogs.Evtx","collector_kind":"native","host":"DC-CORP-01","host_id":"4f1c0a9e-0003-4a00-9c31-b0de51000003","user":"SYSTEM","message":"Service entered the running state: Active Directory Domain Services (NTDS)","target":"NTDS","process":{"name":"services.exe","image_path":"C:\\Windows\\System32\\services.exe"},"event":{"channel":"System","provider":"Service Control Manager","event_id":7036,"record_id":8981,"level":"Information","computer":"DC-CORP-01.corp.example"},"detections":[],"severity_max":"none","detection_count":0,"provenance":{"raw_file":"raw/Windows.EventLogs.Evtx/results.json","raw_row":145,"collection_id":"demo-dc-corp-01"}},
  {"schema_version":"1.0.0","row_hash":"377928c364742718822632e752494dcfb732e24e3989a7f9c419b5c0ab9840af","timestamp_utc":"2026-03-14T12:57:18.5630000Z","timestamp_desc":"Modified","source":"filesystem","artifact":"Windows.NTFS.MFT","collector_kind":"velociraptor","host":"DC-CORP-01","host_id":"4f1c0a9e-0003-4a00-9c31-b0de51000003","user":"SYSTEM","message":"Group Policy template modified: Default Domain Policy","target":"C:\\Windows\\SYSVOL\\sysvol\\corp.example\\Policies\\{31B2F340-016D-11D2-945F-00C04FB984F9}\\GPT.INI","file":{"path":"C:\\Windows\\SYSVOL\\sysvol\\corp.example\\Policies\\{31B2F340-016D-11D2-945F-00C04FB984F9}\\GPT.INI","name":"GPT.INI","extension":"INI","size_bytes":70,"mft_entry":72172,"is_allocated":true},"detections":[],"severity_max":"none","detection_count":0,"provenance":{"raw_file":"raw/Windows.NTFS.MFT/results.json","raw_row":10,"collection_id":"demo-dc-corp-01"}},
  {"schema_version":"1.0.0","row_hash":"2658e9915a9e4118485d7c7e1b06627ec11ec7fe2caacbbf673229129638228c","timestamp_utc":"2026-03-14T13:19:08.9680000Z","timestamp_desc":"EventTime","source":"service","artifact":"Windows.EventLogs.Evtx","collector_kind":"native","host":"DC-CORP-01","host_id":"4f1c0a9e-0003-4a00-9c31-b0de51000003","user":"SYSTEM","message":"Service entered the running state: Active Directory Domain Services (NTDS)","target":"NTDS","process":{"name":"services.exe","image_path":"C:\\Windows\\System32\\services.exe"},"event":{"channel":"System","provider":"Service Control Manager","event_id":7036,"record_id":7006,"level":"Information","computer":"DC-CORP-01.corp.example"},"detections":[],"severity_max":"none","detection_count":0,"provenance":{"raw_file":"raw/Windows.EventLogs.Evtx/results.json","raw_row":125,"collection_id":"demo-dc-corp-01"}},
  {"schema_version":"1.0.0","row_hash":"41ff1f02f91d0904784d90af6e13ae828aee8d23982b31089adf63307d9d049c","timestamp_utc":"2026-03-14T13:20:36.3050000Z","timestamp_desc":"EventTime","source":"system_info","artifact":"Windows.System.TrustRelationships","collector_kind":"velociraptor","host":"DC-CORP-01","host_id":"4f1c0a9e-0003-4a00-9c31-b0de51000003","user":"SYSTEM","message":"Forest trust enumerated: eu.corp.example -> corp.example (parent/child, transitive)","target":"eu.corp.example","detections":[],"severity_max":"none","detection_count":0,"provenance":{"raw_file":"raw/Windows.System.TrustRelationships/results.json","raw_row":43,"collection_id":"demo-dc-corp-01"},"extra":{"probe":5,"trust_attributes":"WITHIN_FOREST","trust_direction":"Bidirectional","trust_type":"Uplevel","validated":true}},
  {"schema_version":"1.0.0","row_hash":"b05a01e4e036a2c6fa5a5dfbb1620919fe5ce5245ecd5a16dc3aa19a3ffc5d02","timestamp_utc":"2026-03-14T13:26:33.0010000Z","timestamp_desc":"EventTime","source":"eventlog","artifact":"Windows.EventLogs.Evtx","collector_kind":"native","host":"DC-CORP-01","host_id":"4f1c0a9e-0003-4a00-9c31-b0de51000003","user":"EU\\svc-backup","message":"Kerberos service ticket was requested: ldap/DC-CORP-01.corp.example","target":"EU\\svc-backup","event":{"channel":"Security","provider":"Microsoft-Windows-Security-Auditing","event_id":4769,"record_id":831747,"level":"Information","computer":"DC-CORP-01.corp.example"},"detections":[],"severity_max":"none","detection_count":0,"provenance":{"raw_file":"raw/Windows.EventLogs.Evtx/results.json","raw_row":277,"collection_id":"demo-dc-corp-01"},"extra":{"encryption_type":"0x12 (AES256-CTS-HMAC-SHA1-96)","failure_code":"0x0"}},
  {"schema_version":"1.0.0","row_hash":"b2c017434f6244c2923bd573e9c1f9237a9afda692c25d3bbe28f75f0fb421da","timestamp_utc":"2026-03-14T13:30:00.4010000Z","timestamp_desc":"EventTime","source":"eventlog","artifact":"Windows.EventLogs.Evtx","collector_kind":"native","host":"DC-CORP-01","host_id":"4f1c0a9e-0003-4a00-9c31-b0de51000003","user":"EU\\carol","message":"Kerberos service ticket was requested: host/SRV-CORP-FS02.eu.corp.example","target":"EU\\carol","event":{"channel":"Security","provider":"Microsoft-Windows-Security-Auditing","event_id":4769,"record_id":1307248,"level":"Information","computer":"DC-CORP-01.corp.example"},"detections":[],"severity_max":"none","detection_count":0,"provenance":{"raw_file":"raw/Windows.EventLogs.Evtx/results.json","raw_row":237,"collection_id":"demo-dc-corp-01"},"extra":{"encryption_type":"0x12 (AES256-CTS-HMAC-SHA1-96)","failure_code":"0x0"}},
  {"schema_version":"1.0.0","row_hash":"7f643eeaea3ef57c415722a8d2dc5211f98994b57cbf794e8327ca97e509a10b","timestamp_utc":"2026-03-14T13:30:03.7680000Z","timestamp_desc":"EventTime","source":"service","artifact":"Windows.EventLogs.Evtx","collector_kind":"native","host":"DC-CORP-01","host_id":"4f1c0a9e-0003-4a00-9c31-b0de51000003","user":"SYSTEM","message":"Service entered the running state: Active Directory Domain Services (NTDS)","target":"NTDS","process":{"name":"services.exe","image_path":"C:\\Windows\\System32\\services.exe"},"event":{"channel":"System","provider":"Service Control Manager","event_id":7036,"record_id":8973,"level":"Information","computer":"DC-CORP-01.corp.example"},"detections":[],"severity_max":"none","detection_count":0,"provenance":{"raw_file":"raw/Windows.EventLogs.Evtx/results.json","raw_row":105,"collection_id":"demo-dc-corp-01"}},
  {"schema_version":"1.0.0","row_hash":"1ec21cd135144292d23afdf3193357067c96140f14575bd3e9a2ff2e89398e00","timestamp_utc":"2026-03-14T13:36:47.9620000Z","timestamp_desc":"EventTime","source":"service","artifact":"Windows.EventLogs.Evtx","collector_kind":"native","host":"DC-CORP-01","host_id":"4f1c0a9e-0003-4a00-9c31-b0de51000003","user":"SYSTEM","message":"Service entered the running state: Active Directory Domain Services (NTDS)","target":"NTDS","process":{"name":"services.exe","image_path":"C:\\Windows\\System32\\services.exe"},"event":{"channel":"System","provider":"Service Control Manager","event_id":7036,"record_id":11015,"level":"Information","computer":"DC-CORP-01.corp.example"},"detections":[],"severity_max":"none","detection_count":0,"provenance":{"raw_file":"raw/Windows.EventLogs.Evtx/results.json","raw_row":45,"collection_id":"demo-dc-corp-01"}},
  {"schema_version":"1.0.0","row_hash":"5a99bcfc9d38be4ea70317e9b21ff0fa8ec7bf5dc1be4be12032570860a69c2c","timestamp_utc":"2026-03-14T13:42:42.1740000Z","timestamp_desc":"EventTime","source":"eventlog","artifact":"Windows.EventLogs.Evtx","collector_kind":"native","host":"DC-CORP-01","host_id":"4f1c0a9e-0003-4a00-9c31-b0de51000003","user":"EU\\bob","message":"Kerberos service ticket was requested: cifs/SRV-CORP-FS02.eu.corp.example","target":"EU\\bob","event":{"channel":"Security","provider":"Microsoft-Windows-Security-Auditing","event_id":4769,"record_id":542693,"level":"Information","computer":"DC-CORP-01.corp.example"},"detections":[],"severity_max":"none","detection_count":0,"provenance":{"raw_file":"raw/Windows.EventLogs.Evtx/results.json","raw_row":317,"collection_id":"demo-dc-corp-01"},"extra":{"encryption_type":"0x12 (AES256-CTS-HMAC-SHA1-96)","failure_code":"0x0"}},
  {"schema_version":"1.0.0","row_hash":"feb186943561f16ddaa16058f95385af22376e35159ba160d0505e4203d044d3","timestamp_utc":"2026-03-14T13:48:37.6210000Z","timestamp_desc":"EventTime","source":"system_info","artifact":"Windows.System.TrustRelationships","collector_kind":"velociraptor","host":"DC-CORP-01","host_id":"4f1c0a9e-0003-4a00-9c31-b0de51000003","user":"SYSTEM","message":"Forest trust enumerated: eu.corp.example -> corp.example (parent/child, transitive)","target":"eu.corp.example","detections":[],"severity_max":"none","detection_count":0,"provenance":{"raw_file":"raw/Windows.System.TrustRelationships/results.json","raw_row":11,"collection_id":"demo-dc-corp-01"},"extra":{"probe":4,"trust_attributes":"WITHIN_FOREST","trust_direction":"Bidirectional","trust_type":"Uplevel","validated":true}},
  {"schema_version":"1.0.0","row_hash":"315c02926f7b0626f91816d417399c2d534a808bbfc5172b5c984936b9d7c093","timestamp_utc":"2026-03-14T13:51:26.4730000Z","timestamp_desc":"EventTime","source":"service","artifact":"Windows.EventLogs.Evtx","collector_kind":"native","host":"DC-CORP-01","host_id":"4f1c0a9e-0003-4a00-9c31-b0de51000003","user":"SYSTEM","message":"Service entered the running state: Active Directory Domain Services (NTDS)","target":"NTDS","process":{"name":"services.exe","image_path":"C:\\Windows\\System32\\services.exe"},"event":{"channel":"System","provider":"Service Control Manager","event_id":7036,"record_id":9615,"level":"Information","computer":"DC-CORP-01.corp.example"},"detections":[],"severity_max":"none","detection_count":0,"provenance":{"raw_file":"raw/Windows.EventLogs.Evtx/results.json","raw_row":305,"collection_id":"demo-dc-corp-01"}},
  {"schema_version":"1.0.0","row_hash":"7f3bf47ee975b0d3e17796e68fd1f7d654f561fb8b555160d4409d6265fe1dc1","timestamp_utc":"2026-03-14T13:53:21.6340000Z","timestamp_desc":"EventTime","source":"service","artifact":"Windows.EventLogs.Evtx","collector_kind":"native","host":"DC-CORP-01","host_id":"4f1c0a9e-0003-4a00-9c31-b0de51000003","user":"SYSTEM","message":"Service entered the running state: Active Directory Domain Services (NTDS)","target":"NTDS","process":{"name":"services.exe","image_path":"C:\\Windows\\System32\\services.exe"},"event":{"channel":"System","provider":"Service Control Manager","event_id":7036,"record_id":11075,"level":"Information","computer":"DC-CORP-01.corp.example"},"detections":[],"severity_max":"none","detection_count":0,"provenance":{"raw_file":"raw/Windows.EventLogs.Evtx/results.json","raw_row":265,"collection_id":"demo-dc-corp-01"}},
  {"schema_version":"1.0.0","row_hash":"2df2639ddcb49b48d575f4c433e7a6e21a02c0380f037c6379c927cdb1548396","timestamp_utc":"2026-03-14T14:24:42.4770000Z","timestamp_desc":"EventTime","source":"system_info","artifact":"Windows.System.TrustRelationships","collector_kind":"velociraptor","host":"DC-CORP-01","host_id":"4f1c0a9e-0003-4a00-9c31-b0de51000003","user":"SYSTEM","message":"Forest trust enumerated: eu.corp.example -> corp.example (parent/child, transitive)","target":"eu.corp.example","detections":[],"severity_max":"none","detection_count":0,"provenance":{"raw_file":"raw/Windows.System.TrustRelationships/results.json","raw_row":27,"collection_id":"demo-dc-corp-01"},"extra":{"probe":0,"trust_attributes":"WITHIN_FOREST","trust_direction":"Bidirectional","trust_type":"Uplevel","validated":true}},
  {"schema_version":"1.0.0","row_hash":"024652a149994ee7e8994a98cdbba3994079b6ab7eadde296eeff9fad622acc3","timestamp_utc":"2026-03-14T14:38:32.7980000Z","timestamp_desc":"Modified","source":"filesystem","artifact":"Windows.NTFS.MFT","collector_kind":"velociraptor","host":"DC-CORP-01","host_id":"4f1c0a9e-0003-4a00-9c31-b0de51000003","user":"SYSTEM","message":"Group Policy template modified: Default Domain Policy","target":"C:\\Windows\\SYSVOL\\sysvol\\corp.example\\Policies\\{31B2F340-016D-11D2-945F-00C04FB984F9}\\GPT.INI","file":{"path":"C:\\Windows\\SYSVOL\\sysvol\\corp.example\\Policies\\{31B2F340-016D-11D2-945F-00C04FB984F9}\\GPT.INI","name":"GPT.INI","extension":"INI","size_bytes":75,"mft_entry":72543,"is_allocated":true},"detections":[],"severity_max":"none","detection_count":0,"provenance":{"raw_file":"raw/Windows.NTFS.MFT/results.json","raw_row":50,"collection_id":"demo-dc-corp-01"}},
  {"schema_version":"1.0.0","row_hash":"bf8df5f6afbc6562dee0797194a1b70412c76f9c0f356c645a6f24deb24e121c","timestamp_utc":"2026-03-14T14:44:13.2760000Z","timestamp_desc":"EventTime","source":"service","artifact":"Windows.EventLogs.Evtx","collector_kind":"native","host":"DC-CORP-01","host_id":"4f1c0a9e-0003-4a00-9c31-b0de51000003","user":"SYSTEM","message":"Service entered the running state: Active Directory Domain Services (NTDS)","target":"NTDS","process":{"name":"services.exe","image_path":"C:\\Windows\\System32\\services.exe"},"event":{"channel":"System","provider":"Service Control Manager","event_id":7036,"record_id":7560,"level":"Information","computer":"DC-CORP-01.corp.example"},"detections":[],"severity_max":"none","detection_count":0,"provenance":{"raw_file":"raw/Windows.EventLogs.Evtx/results.json","raw_row":165,"collection_id":"demo-dc-corp-01"}},
  {"schema_version":"1.0.0","row_hash":"34f737b2c3859ff7ffa26cd39187965ff27e5782f56367a5bdc48fd08b6c3760","timestamp_utc":"2026-03-14T14:57:29.8830000Z","timestamp_desc":"EventTime","source":"eventlog","artifact":"Windows.EventLogs.Evtx","collector_kind":"native","host":"DC-CORP-01","host_id":"4f1c0a9e-0003-4a00-9c31-b0de51000003","user":"CORP\\Administrator","message":"Kerberos service ticket was requested: cifs/SRV-CORP-FS02.eu.corp.example","target":"CORP\\Administrator","event":{"channel":"Security","provider":"Microsoft-Windows-Security-Auditing","event_id":4769,"record_id":1297435,"level":"Information","computer":"DC-CORP-01.corp.example"},"detections":[],"severity_max":"none","detection_count":0,"provenance":{"raw_file":"raw/Windows.EventLogs.Evtx/results.json","raw_row":337,"collection_id":"demo-dc-corp-01"},"extra":{"encryption_type":"0x12 (AES256-CTS-HMAC-SHA1-96)","failure_code":"0x0"}},
  {"schema_version":"1.0.0","row_hash":"b3f08c5668014bbfe33550dd0472d216529c42756f3a130599c4d55e26210fdf","timestamp_utc":"2026-03-14T14:57:35.1420000Z","timestamp_desc":"EventTime","source":"eventlog","artifact":"Windows.EventLogs.Evtx","collector_kind":"native","host":"DC-CORP-01","host_id":"4f1c0a9e-0003-4a00-9c31-b0de51000003","user":"EU\\carol","message":"Kerberos service ticket was requested: ldap/DC-CORP-01.corp.example","target":"EU\\carol","event":{"channel":"Security","provider":"Microsoft-Windows-Security-Auditing","event_id":4769,"record_id":1070316,"level":"Information","computer":"DC-CORP-01.corp.example"},"detections":[],"severity_max":"none","detection_count":0,"provenance":{"raw_file":"raw/Windows.EventLogs.Evtx/results.json","raw_row":177,"collection_id":"demo-dc-corp-01"},"extra":{"encryption_type":"0x12 (AES256-CTS-HMAC-SHA1-96)","failure_code":"0x0"}},
  {"schema_version":"1.0.0","row_hash":"5cd0fadcbcd7aa0394b56c560c1d72c847a457afb690e9fdf0aa7cfcc7f8dc8d","timestamp_utc":"2026-03-14T15:11:53.5250000Z","timestamp_desc":"EventTime","source":"eventlog","artifact":"Windows.EventLogs.Evtx","collector_kind":"native","host":"DC-CORP-01","host_id":"4f1c0a9e-0003-4a00-9c31-b0de51000003","user":"EU\\svc-backup","message":"Kerberos service ticket was requested: ldap/DC-CORP-01.corp.example","target":"EU\\svc-backup","event":{"channel":"Security","provider":"Microsoft-Windows-Security-Auditing","event_id":4769,"record_id":1195641,"level":"Information","computer":"DC-CORP-01.corp.example"},"detections":[],"severity_max":"none","detection_count":0,"provenance":{"raw_file":"raw/Windows.EventLogs.Evtx/results.json","raw_row":117,"collection_id":"demo-dc-corp-01"},"extra":{"encryption_type":"0x12 (AES256-CTS-HMAC-SHA1-96)","failure_code":"0x0"}},
  {"schema_version":"1.0.0","row_hash":"8b25faba2ceb06e92130037a7be48840f6fb2ab266c20246ece573be4fd22234","timestamp_utc":"2026-03-14T15:27:14.3770000Z","timestamp_desc":"Modified","source":"filesystem","artifact":"Windows.NTFS.MFT","collector_kind":"velociraptor","host":"DC-CORP-01","host_id":"4f1c0a9e-0003-4a00-9c31-b0de51000003","user":"SYSTEM","message":"Group Policy template modified: Default Domain Policy","target":"C:\\Windows\\SYSVOL\\sysvol\\corp.example\\Policies\\{31B2F340-016D-11D2-945F-00C04FB984F9}\\GPT.INI","file":{"path":"C:\\Windows\\SYSVOL\\sysvol\\corp.example\\Policies\\{31B2F340-016D-11D2-945F-00C04FB984F9}\\GPT.INI","name":"GPT.INI","extension":"INI","size_bytes":77,"mft_entry":75711,"is_allocated":true},"detections":[],"severity_max":"none","detection_count":0,"provenance":{"raw_file":"raw/Windows.NTFS.MFT/results.json","raw_row":70,"collection_id":"demo-dc-corp-01"}},
  {"schema_version":"1.0.0","row_hash":"7609bccd5262e25351ef51c171388d8c34e0d2fa436364a69889d3ce2544620a","timestamp_utc":"2026-03-14T15:45:23.6000000Z","timestamp_desc":"EventTime","source":"service","artifact":"Windows.EventLogs.Evtx","collector_kind":"native","host":"DC-CORP-01","host_id":"4f1c0a9e-0003-4a00-9c31-b0de51000003","user":"SYSTEM","message":"Service entered the running state: Active Directory Domain Services (NTDS)","target":"NTDS","process":{"name":"services.exe","image_path":"C:\\Windows\\System32\\services.exe"},"event":{"channel":"System","provider":"Service Control Manager","event_id":7036,"record_id":9376,"level":"Information","computer":"DC-CORP-01.corp.example"},"detections":[],"severity_max":"none","detection_count":0,"provenance":{"raw_file":"raw/Windows.EventLogs.Evtx/results.json","raw_row":25,"collection_id":"demo-dc-corp-01"}},
