  {"schema_version":"1.0.0","row_hash":"1be63d98fdfccd9bd946257254f16a6c51fdba948f08a3eb66501c09380fb484","timestamp_utc":"2026-03-08T16:10:27.9070000Z","timestamp_desc":"LastExecuted","source":"execution","artifact":"Windows.Forensics.Prefetch","collector_kind":"velociraptor","host":"SRV-CORP-FS02","host_id":"4f1c0a9e-0002-4a00-9c31-b0de51000002","user":"EU\\bob","message":"ROBOCOPY.EXE executed (share maintenance)","target":"C:\\Windows\\System32\\Robocopy.exe","process":{"name":"ROBOCOPY.EXE","image_path":"C:\\Windows\\System32\\Robocopy.exe","command_line":"robocopy D:\\Finance\\2025Q4 E:\\Archive\\2025Q4 /MIR /R:1 /W:1","parent_name":"cmd.exe","user":"EU\\bob"},"detections":[],"severity_max":"none","detection_count":0,"provenance":{"raw_file":"raw/Windows.Forensics.Prefetch/results.json","raw_row":7,"collection_id":"demo-srv-corp-fs02"},"extra":{"prefetch_file":"ROBOCOPY.EXE-1B82AC89.pf"}},
  {"schema_version":"1.0.0","row_hash":"ccbd5137ccbf818737fac77e4a754d2d7790054b12b5ae6cbe1c79374bb51fda","timestamp_utc":"2026-03-08T16:11:38.2920000Z","timestamp_desc":"EventTime","source":"network","artifact":"Windows.Network.Netstat","collector_kind":"velociraptor","host":"SRV-CORP-FS02","host_id":"4f1c0a9e-0002-4a00-9c31-b0de51000002","user":"EU\\svc-backup","message":"Backup stream to SRV-CORP-BK01","target":"10.0.10.14:10000","network":{"src_ip":"10.0.5.20","src_port":61601,"dst_ip":"10.0.10.14","dst_port":10000,"protocol":"tcp","direction":"outbound","state":"ESTABLISHED"},"detections":[],"severity_max":"none","detection_count":0,"provenance":{"raw_file":"raw/Windows.Network.Netstat/results.json","raw_row":19,"collection_id":"demo-srv-corp-fs02"}},
  {"schema_version":"1.0.0","row_hash":"03f3a6ba5b32bc18116cec6dcf342458e366502ea5b3d93e35f7118d33196f67","timestamp_utc":"2026-03-08T16:28:03.5860000Z","timestamp_desc":"Modified","timestamp_source_field":"Mtime","source":"filesystem","artifact":"Generic.Collectors.File","collector_kind":"velociraptor","host":"SRV-CORP-FS02","host_id":"4f1c0a9e-0002-4a00-9c31-b0de51000002","user":"EU\\alice","message":"File modified on share: cashflow-model.xlsx","target":"D:\\Shared\\Templates\\cashflow-model.xlsx","file":{"path":"D:\\Shared\\Templates\\cashflow-model.xlsx","name":"cashflow-model.xlsx","extension":"xlsx","size_bytes":7925179,"is_directory":false,"is_allocated":true},"detections":[],"severity_max":"none","detection_count":0,"provenance":{"raw_file":"raw/Generic.Collectors.File/results.json","raw_row":52,"collection_id":"demo-srv-corp-fs02"}},
  {"schema_version":"1.0.0","row_hash":"090c35565aad3ff497860de893cc03d459d74de030c7dcb01c6d62c4cdf25cc9","timestamp_utc":"2026-03-08T16:32:13.8260000Z","timestamp_desc":"EventTime","source":"network","artifact":"Windows.Network.Netstat","collector_kind":"velociraptor","host":"SRV-CORP-FS02","host_id":"4f1c0a9e-0002-4a00-9c31-b0de51000002","user":"EU\\svc-backup","message":"Backup stream to SRV-CORP-BK01","target":"10.0.10.14:10000","network":{"src_ip":"10.0.5.20","src_port":58934,"dst_ip":"10.0.10.14","dst_port":10000,"protocol":"tcp","direction":"outbound","state":"ESTABLISHED"},"detections":[],"severity_max":"none","detection_count":0,"provenance":{"raw_file":"raw/Windows.Network.Netstat/results.json","raw_row":31,"collection_id":"demo-srv-corp-fs02"}},
  {"schema_version":"1.0.0","row_hash":"107ad70feb29559ed6bfb1c613a8ab32d1be8988e68461274ef3764ee86c002f","timestamp_utc":"2026-03-08T16:35:32.2960000Z","timestamp_desc":"EventTime","source":"system_info","artifact":"Windows.System.DiskInfo","collector_kind":"velociraptor","host":"SRV-CORP-FS02","host_id":"4f1c0a9e-0002-4a00-9c31-b0de51000002","user":"SYSTEM","message":"Volume D: capacity report: 77% used","target":"D:\\","detections":[],"severity_max":"none","detection_count":0,"provenance":{"raw_file":"raw/Windows.System.DiskInfo/results.json","raw_row":56,"collection_id":"demo-srv-corp-fs02"},"extra":{"file_system":"NTFS","size_bytes":4000787030016,"volume_label":"DATA"}},
  {"schema_version":"1.0.0","row_hash":"5d65657928b9281796355787ec405783b706150016e03aff5dfc80399329a361","timestamp_utc":"2026-03-08T16:39:41.4430000Z","timestamp_desc":"EventTime","source":"system_info","artifact":"Windows.System.DiskInfo","collector_kind":"velociraptor","host":"SRV-CORP-FS02","host_id":"4f1c0a9e-0002-4a00-9c31-b0de51000002","user":"SYSTEM","message":"Volume D: capacity report: 81% used","target":"D:\\","detections":[],"severity_max":"none","detection_count":0,"provenance":{"raw_file":"raw/Windows.System.DiskInfo/results.json","raw_row":48,"collection_id":"demo-srv-corp-fs02"},"extra":{"file_system":"NTFS","size_bytes":4000787030016,"volume_label":"DATA"}},
  {"schema_version":"1.0.0","row_hash":"78d36ce9e9ef4540947412c23dab6162dd154bce31f70a86a89bea4dbb0f7de3","timestamp_utc":"2026-03-08T16:43:09.0150000Z","timestamp_desc":"EventTime","source":"network","artifact":"Windows.Network.Netstat","collector_kind":"velociraptor","host":"SRV-CORP-FS02","host_id":"4f1c0a9e-0002-4a00-9c31-b0de51000002","user":"EU\\svc-backup","message":"Backup stream to SRV-CORP-BK01","target":"10.0.10.14:10000","network":{"src_ip":"10.0.5.20","src_port":62748,"dst_ip":"10.0.10.14","dst_port":10000,"protocol":"tcp","direction":"outbound","state":"ESTABLISHED"},"detections":[],"severity_max":"none","detection_count":0,"provenance":{"raw_file":"raw/Windows.Network.Netstat/results.json","raw_row":63,"collection_id":"demo-srv-corp-fs02"}},
  {"schema_version":"1.0.0","row_hash":"8597d841d68d8c2adf31230db291e7e22190b5c90f9aa1c0d545e417363e0826","timestamp_utc":"2026-03-08T16:45:17.6540000Z","timestamp_desc":"EventTime","source":"log","artifact":"Windows.EventLogs.Evtx","collector_kind":"native","host":"SRV-CORP-FS02","host_id":"4f1c0a9e-0002-4a00-9c31-b0de51000002","user":"SYSTEM","message":"Volume shadow copy created for D: (nightly backup, 6 snapshots retained)","target":"D:\\","event":{"channel":"Application","provider":"VSS","event_id":8224,"record_id":2620,"level":"Information","computer":"SRV-CORP-FS02.eu.corp.example"},"detections":[],"severity_max":"none","detection_count":0,"provenance":{"raw_file":"raw/Windows.EventLogs.Evtx/results.json","raw_row":230,"collection_id":"demo-srv-corp-fs02"}},
  {"schema_version":"1.0.0","row_hash":"c760c9c063d0b7f8c31c1c91cbda05052f6ce87b33cc21471c88b09bcb0a9448","timestamp_utc":"2026-03-08T17:11:57.8930000Z","timestamp_desc":"EventTime","source":"log","artifact":"Windows.EventLogs.Evtx","collector_kind":"native","host":"SRV-CORP-FS02","host_id":"4f1c0a9e-0002-4a00-9c31-b0de51000002","user":"SYSTEM","message":"Volume shadow copy created for D: (nightly backup, 7 snapshots retained)","target":"D:\\","event":{"channel":"Application","provider":"VSS","event_id":8224,"record_id":3702,"level":"Information","computer":"SRV-CORP-FS02.eu.corp.example"},"detections":[],"severity_max":"none","detection_count":0,"provenance":{"raw_file":"raw/Windows.EventLogs.Evtx/results.json","raw_row":70,"collection_id":"demo-srv-corp-fs02"}},
  {"schema_version":"1.0.0","row_hash":"68db75e2949350bcd2dc342c70a4c565e6a5648925b3c370a8838743be4c50b0","timestamp_utc":"2026-03-08T17:12:23.9570000Z","timestamp_desc":"EventTime","source":"log","artifact":"Windows.EventLogs.Evtx","collector_kind":"native","host":"SRV-CORP-FS02","host_id":"4f1c0a9e-0002-4a00-9c31-b0de51000002","user":"SYSTEM","message":"Volume shadow copy created for D: (nightly backup, 8 snapshots retained)","target":"D:\\","event":{"channel":"Application","provider":"VSS","event_id":8224,"record_id":2309,"level":"Information","computer":"SRV-CORP-FS02.eu.corp.example"},"detections":[],"severity_max":"none","detection_count":0,"provenance":{"raw_file":"raw/Windows.EventLogs.Evtx/results.json","raw_row":134,"collection_id":"demo-srv-corp-fs02"}},
  {"schema_version":"1.0.0","row_hash":"44169d7575acb721bc1a08d18cdb83002d53192e684b4bc9d0300db4f7f672e3","timestamp_utc":"2026-03-08T17:26:31.6220000Z","timestamp_desc":"LastExecuted","source":"execution","artifact":"Windows.Forensics.Prefetch","collector_kind":"velociraptor","host":"SRV-CORP-FS02","host_id":"4f1c0a9e-0002-4a00-9c31-b0de51000002","user":"EU\\bob","message":"ROBOCOPY.EXE executed (share maintenance)","target":"C:\\Windows\\System32\\Robocopy.exe","process":{"name":"ROBOCOPY.EXE","image_path":"C:\\Windows\\System32\\Robocopy.exe","command_line":"robocopy D:\\Finance\\2025Q4 E:\\Archive\\2025Q4 /MIR /R:1 /W:1","parent_name":"cmd.exe","user":"EU\\bob"},"detections":[],"severity_max":"none","detection_count":0,"provenance":{"raw_file":"raw/Windows.Forensics.Prefetch/results.json","raw_row":27,"collection_id":"demo-srv-corp-fs02"},"extra":{"prefetch_file":"ROBOCOPY.EXE-19C8571C.pf"}},
  {"schema_version":"1.0.0","row_hash":"e8006363a3ee77ebc9b033427825c66b6fa71e64a36a746cbe633fd4f16e396a","timestamp_utc":"2026-03-08T17:54:47.4980000Z","timestamp_desc":"EventTime","source":"network","artifact":"Windows.Network.Netstat","collector_kind":"velociraptor","host":"SRV-CORP-FS02","host_id":"4f1c0a9e-0002-4a00-9c31-b0de51000002","user":"EU\\svc-backup","message":"Backup stream to SRV-CORP-BK01","target":"10.0.10.14:10000","network":{"src_ip":"10.0.5.20","src_port":56014,"dst_ip":"10.0.10.14","dst_port":10000,"protocol":"tcp","direction":"outbound","state":"ESTABLISHED"},"detections":[],"severity_max":"none","detection_count":0,"provenance":{"raw_file":"raw/Windows.Network.Netstat/results.json","raw_row":47,"collection_id":"demo-srv-corp-fs02"}},
  {"schema_version":"1.0.0","row_hash":"b8d22fad82358a4e781820c795ac9cdcbaa6353d85bad5d0e4aedb7a9121da34","timestamp_utc":"2026-03-08T18:16:16.7800000Z","timestamp_desc":"LastExecuted","source":"execution","artifact":"Windows.Forensics.Prefetch","collector_kind":"velociraptor","host":"SRV-CORP-FS02","host_id":"4f1c0a9e-0002-4a00-9c31-b0de51000002","user":"EU\\bob","message":"ROBOCOPY.EXE executed (share maintenance)","target":"C:\\Windows\\System32\\Robocopy.exe","process":{"name":"ROBOCOPY.EXE","image_path":"C:\\Windows\\System32\\Robocopy.exe","command_line":"robocopy D:\\Finance\\2025Q4 E:\\Archive\\2025Q4 /MIR /R:1 /W:1","parent_name":"cmd.exe","user":"EU\\bob"},"detections":[],"severity_max":"none","detection_count":0,"provenance":{"raw_file":"raw/Windows.Forensics.Prefetch/results.json","raw_row":23,"collection_id":"demo-srv-corp-fs02"},"extra":{"prefetch_file":"ROBOCOPY.EXE-16320ED3.pf"}},
  {"schema_version":"1.0.0","row_hash":"c2579be87855cb757f17c8020b3a9456d3be38778d86e6b855a186ebd17c5b39","timestamp_utc":"2026-03-08T18:32:55.2710000Z","timestamp_desc":"EventTime","source":"system_info","artifact":"Windows.System.DiskInfo","collector_kind":"velociraptor","host":"SRV-CORP-FS02","host_id":"4f1c0a9e-0002-4a00-9c31-b0de51000002","user":"SYSTEM","message":"Volume D: capacity report: 63% used","target":"D:\\","detections":[],"severity_max":"none","detection_count":0,"provenance":{"raw_file":"raw/Windows.System.DiskInfo/results.json","raw_row":64,"collection_id":"demo-srv-corp-fs02"},"extra":{"file_system":"NTFS","size_bytes":4000787030016,"volume_label":"DATA"}},
  {"schema_version":"1.0.0","row_hash":"16a877e9cc23222b48941d03d81f6a82a533950430226dfa68aebf1476295cf3","timestamp_utc":"2026-03-08T22:35:04.7440000Z","timestamp_desc":"Modified","timestamp_source_field":"Mtime","source":"filesystem","artifact":"Generic.Collectors.File","collector_kind":"velociraptor","host":"SRV-CORP-FS02","host_id":"4f1c0a9e-0002-4a00-9c31-b0de51000002","user":"EU\\Administrator","message":"File modified on share: audit-notes.docx","target":"D:\\Finance\\Audit\\audit-notes.docx","file":{"path":"D:\\Finance\\Audit\\audit-notes.docx","name":"audit-notes.docx","extension":"docx","size_bytes":894807,"is_directory":false,"is_allocated":true},"detections":[],"severity_max":"none","detection_count":0,"provenance":{"raw_file":"raw/Generic.Collectors.File/results.json","raw_row":48,"collection_id":"demo-srv-corp-fs02"}},
  {"schema_version":"1.0.0","row_hash":"b35f196c7f7b794f08582adfdc64587b63f0f6935ce720199c4c1e1f916dd100","timestamp_utc":"2026-03-08T22:59:33.4020000Z","timestamp_desc":"EventTime","source":"network","artifact":"Windows.Network.Netstat","collector_kind":"velociraptor","host":"SRV-CORP-FS02","host_id":"4f1c0a9e-0002-4a00-9c31-b0de51000002","user":"EU\\svc-backup","message":"Backup stream to SRV-CORP-BK01","target":"10.0.10.14:10000","network":{"src_ip":"10.0.5.20","src_port":62117,"dst_ip":"10.0.10.14","dst_port":10000,"protocol":"tcp","direction":"outbound","state":"ESTABLISHED"},"detections":[],"severity_max":"none","detection_count":0,"provenance":{"raw_file":"raw/Windows.Network.Netstat/results.json","raw_row":27,"collection_id":"demo-srv-corp-fs02"}},
  {"schema_version":"1.0.0","row_hash":"2518915877ed329ab925be3a77440da3c0db8b260540a4e1a7f8a79c1ece00d8","timestamp_utc":"2026-03-09T03:10:19.4580000Z","timestamp_desc":"EventTime","timestamp_source_field":"System.TimeCreated.SystemTime","source":"eventlog","artifact":"Windows.EventLogs.Evtx","collector_kind":"native","host":"SRV-CORP-FS02","host_id":"4f1c0a9e-0002-4a00-9c31-b0de51000002","user":"EU\\carol","message":"Network share object accessed: \\\\SRV-CORP-FS02\\Finance by EU\\carol","target":"\\\\SRV-CORP-FS02\\Finance","network":{"src_ip":"10.0.5.41","dst_ip":"10.0.5.20","dst_port":445,"protocol":"tcp","direction":"inbound"},"event":{"channel":"Security","provider":"Microsoft-Windows-Security-Auditing","event_id":5140,"record_id":678188,"level":"Information","computer":"SRV-CORP-FS02.eu.corp.example","logon_type":3},"detections":[],"severity_max":"none","detection_count":0,"provenance":{"raw_file":"raw/Windows.EventLogs.Evtx/results.json","raw_row":180,"collection_id":"demo-srv-corp-fs02"}},
  {"schema_version":"1.0.0","row_hash":"4c53f69aaa18493bc19744bd7edd669d00cb561d091d847534ca9edeeab06bda","timestamp_utc":"2026-03-09T05:14:46.3290000Z","timestamp_desc":"RunTime","source":"scheduled_task","artifact":"Windows.System.TaskScheduler","collector_kind":"velociraptor","host":"SRV-CORP-FS02","host_id":"4f1c0a9e-0002-4a00-9c31-b0de51000002","user":"EU\\svc-backup","message":"Scheduled task ran: \\Corp\\NightlyShareBackup","target":"\\Corp\\NightlyShareBackup","detections":[],"severity_max":"none","detection_count":0,"provenance":{"raw_file":"raw/Windows.System.TaskScheduler/results.json","raw_row":52,"collection_id":"demo-srv-corp-fs02"},"extra":{"result_code":0,"run_duration_seconds":1182,"task_author":"EU\\bob"}},
  {"schema_version":"1.0.0","row_hash":"23d3781c6152cd85b4a0bdd4ea1a3197ca7bff4b883f279bba06694512478c28","timestamp_utc":"2026-03-09T07:58:18.6260000Z","timestamp_desc":"EventTime","source":"account","artifact":"Windows.EventLogs.Evtx","collector_kind":"native","host":"SRV-CORP-FS02","host_id":"4f1c0a9e-0002-4a00-9c31-b0de51000002","user":"EU\\SRV-CORP-FS02$","message":"Computer account password changed (machine account maintenance)","target":"EU\\SRV-CORP-FS02$","event":{"channel":"Security","provider":"Microsoft-Windows-Security-Auditing","event_id":4742,"record_id":327287,"level":"Information","computer":"SRV-CORP-FS02.eu.corp.example"},"detections":[],"severity_max":"none","detection_count":0,"provenance":{"raw_file":"raw/Windows.EventLogs.Evtx/results.json","raw_row":231,"collection_id":"demo-srv-corp-fs02"}},
  {"schema_version":"1.0.0","row_hash":"dc4d7e25c501e0e605e9decc34e6c548f045ef80202d04ad4da0134774457f7c","timestamp_utc":"2026-03-09T08:21:07.0310000Z","timestamp_desc":"EventTime","source":"service","artifact":"Windows.EventLogs.Evtx","collector_kind":"native","host":"SRV-CORP-FS02","host_id":"4f1c0a9e-0002-4a00-9c31-b0de51000002","user":"SYSTEM","message":"Service entered the running state: DFS Replication (DFSR)","target":"DFSR","process":{"name":"dfsrs.exe","image_path":"C:\\Windows\\System32\\DFSRs.exe","parent_name":"services.exe"},"event":{"channel":"System","provider":"Service Control Manager","event_id":7036,"record_id":10279,"level":"Information","computer":"SRV-CORP-FS02.eu.corp.example"},"detections":[],"severity_max":"none","detection_count":0,"provenance":{"raw_file":"raw/Windows.EventLogs.Evtx/results.json","raw_row":269,"collection_id":"demo-srv-corp-fs02"}},
  {"schema_version":"1.0.0","row_hash":"cf1c3049e880374bf5c1506e37396551d936b14454484b077bce2d6145b13bca","timestamp_utc":"2026-03-09T08:34:03.8430000Z","timestamp_desc":"EventTime","source":"account","artifact":"Windows.EventLogs.Evtx","collector_kind":"native","host":"SRV-CORP-FS02","host_id":"4f1c0a9e-0002-4a00-9c31-b0de51000002","user":"EU\\SRV-CORP-FS02$","message":"Computer account password changed (machine account maintenance)","target":"EU\\SRV-CORP-FS02$","event":{"channel":"Security","provider":"Microsoft-Windows-Security-Auditing","event_id":4742,"record_id":813473,"level":"Information","computer":"SRV-CORP-FS02.eu.corp.example"},"detections":[],"severity_max":"none","detection_count":0,"provenance":{"raw_file":"raw/Windows.EventLogs.Evtx/results.json","raw_row":183,"collection_id":"demo-srv-corp-fs02"}},
  {"schema_version":"1.0.0","row_hash":"e67bedc563bf0e575857875e6932a3f8e7247369f19627195cb6c8ce5f84e906","timestamp_utc":"2026-03-09T08:36:48.4940000Z","timestamp_desc":"EventTime","source":"service","artifact":"Windows.EventLogs.Evtx","collector_kind":"native","host":"SRV-CORP-FS02","host_id":"4f1c0a9e-0002-4a00-9c31-b0de51000002","user":"SYSTEM","message":"Service entered the running state: DFS Replication (DFSR)","target":"DFSR","process":{"name":"dfsrs.exe","image_path":"C:\\Windows\\System32\\DFSRs.exe","parent_name":"services.exe"},"event":{"channel":"System","provider":"Service Control Manager","event_id":7036,"record_id":7612,"level":"Information","computer":"SRV-CORP-FS02.eu.corp.example"},"detections":[],"severity_max":"none","detection_count":0,"provenance":{"raw_file":"raw/Windows.EventLogs.Evtx/results.json","raw_row":189,"collection_id":"demo-srv-corp-fs02"}},
  {"schema_version":"1.0.0","row_hash":"1bb80ecaaccd21e83290de63ff25a775d29e43938d8a75414541c6966a80e61b","timestamp_utc":"2026-03-09T08:53:21.9920000Z","timestamp_desc":"RunTime","source":"scheduled_task","artifact":"Windows.System.TaskScheduler","collector_kind":"velociraptor","host":"SRV-CORP-FS02","host_id":"4f1c0a9e-0002-4a00-9c31-b0de51000002","user":"EU\\svc-backup","message":"Scheduled task ran: \\Corp\\NightlyShareBackup","target":"\\Corp\\NightlyShareBackup","detections":[],"severity_max":"none","detection_count":0,"provenance":{"raw_file":"raw/Windows.System.TaskScheduler/results.json","raw_row":32,"collection_id":"demo-srv-corp-fs02"},"extra":{"result_code":0,"run_duration_seconds":2505,"task_author":"EU\\bob"}},
  {"schema_version":"1.0.0","row_hash":"aab93de60223339e73e75f4c6a838aad6e2c30725f892f53c85a6590354dcaba","timestamp_utc":"2026-03-09T09:11:29.9090000Z","timestamp_desc":"EventTime","timestamp_source_field":"System.TimeCreated.SystemTime","source":"eventlog","artifact":"Windows.EventLogs.Evtx","collector_kind":"native","host":"SRV-CORP-FS02","host_id":"4f1c0a9e-0002-4a00-9c31-b0de51000002","user":"EU\\bob","message":"Network share object accessed: \\\\SRV-CORP-FS02\\Finance by EU\\bob","target":"\\\\SRV-CORP-FS02\\Finance","network":{"src_ip":"10.0.5.42","dst_ip":"10.0.5.20","dst_port":445,"protocol":"tcp","direction":"inbound"},"event":{"channel":"Security","provider":"Microsoft-Windows-Security-Auditing","event_id":5140,"record_id":426037,"level":"Information","computer":"SRV-CORP-FS02.eu.corp.example","logon_type":3},"detections":[],"severity_max":"none","detection_count":0,"provenance":{"raw_file":"raw/Windows.EventLogs.Evtx/results.json","raw_row":148,"collection_id":"demo-srv-corp-fs02"}},
  {"schema_version":"1.0.0","row_hash":"2984a41e05b86bc521e8a7c99662b9ec1bc7f6a2d455f27bd7de9e8d34a1664f","timestamp_utc":"2026-03-09T09:12:29.1950000Z","timestamp_desc":"EventTime","source":"account","artifact":"Windows.EventLogs.Evtx","collector_kind":"native","host":"SRV-CORP-FS02","host_id":"4f1c0a9e-0002-4a00-9c31-b0de51000002","user":"EU\\SRV-CORP-FS02$","message":"Computer account password changed (machine account maintenance)","target":"EU\\SRV-CORP-FS02$","event":{"channel":"Security","provider":"Microsoft-Windows-Security-Auditing","event_id":4742,"record_id":345360,"level":"Information","computer":"SRV-CORP-FS02.eu.corp.example"},"detections":[],"severity_max":"none","detection_count":0,"provenance":{"raw_file":"raw/Windows.EventLogs.Evtx/results.json","raw_row":87,"collection_id":"demo-srv-corp-fs02"}},
  {"schema_version":"1.0.0","row_hash":"4fec739443ef325aaee49c0c71048a14b38e25144477c388ef8fa2aeed07ab0e","timestamp_utc":"2026-03-09T09:12:48.0840000Z","timestamp_desc":"EventTime","source":"account","artifact":"Windows.EventLogs.Evtx","collector_kind":"native","host":"SRV-CORP-FS02","host_id":"4f1c0a9e-0002-4a00-9c31-b0de51000002","user":"EU\\SRV-CORP-FS02$","message":"Computer account password changed (machine account maintenance)","target":"EU\\SRV-CORP-FS02$","event":{"channel":"Security","provider":"Microsoft-Windows-Security-Auditing","event_id":4742,"record_id":724756,"level":"Information","computer":"SRV-CORP-FS02.eu.corp.example"},"detections":[],"severity_max":"none","detection_count":0,"provenance":{"raw_file":"raw/Windows.EventLogs.Evtx/results.json","raw_row":167,"collection_id":"demo-srv-corp-fs02"}},
  {"schema_version":"1.0.0","row_hash":"1b386fd2eb380fd9c22fc92b06395dbbbaec19ee3e0ab45ae3524e2e8db464c8","timestamp_utc":"2026-03-09T09:13:58.9710000Z","timestamp_desc":"EventTime","timestamp_source_field":"System.TimeCreated.SystemTime","source":"eventlog","artifact":"Windows.EventLogs.Evtx","collector_kind":"native","host":"SRV-CORP-FS02","host_id":"4f1c0a9e-0002-4a00-9c31-b0de51000002","user":"EU\\svc-backup","message":"Network share object accessed: \\\\SRV-CORP-FS02\\Finance by EU\\svc-backup","target":"\\\\SRV-CORP-FS02\\Finance","network":{"src_ip":"10.0.5.15","dst_ip":"10.0.5.20","dst_port":445,"protocol":"tcp","direction":"inbound"},"event":{"channel":"Security","provider":"Microsoft-Windows-Security-Auditing","event_id":5140,"record_id":731936,"level":"Information","computer":"SRV-CORP-FS02.eu.corp.example","logon_type":3},"detections":[],"severity_max":"none","detection_count":0,"provenance":{"raw_file":"raw/Windows.EventLogs.Evtx/results.json","raw_row":84,"collection_id":"demo-srv-corp-fs02"}},
  {"schema_version":"1.0.0","row_hash":"a50abfcea8a1b0fac01129ec15da845e24710ef1a04d9b3c1fed1d783df5e2db","timestamp_utc":"2026-03-09T09:18:15.2420000Z","timestamp_desc":"EventTime","source":"service","artifact":"Windows.EventLogs.Evtx","collector_kind":"native","host":"SRV-CORP-FS02","host_id":"4f1c0a9e-0002-4a00-9c31-b0de51000002","user":"SYSTEM","message":"Service entered the running state: DFS Replication (DFSR)","target":"DFSR","process":{"name":"dfsrs.exe","image_path":"C:\\Windows\\System32\\DFSRs.exe","parent_name":"services.exe"},"event":{"channel":"System","provider":"Service Control Manager","event_id":7036,"record_id":10803,"level":"Information","computer":"SRV-CORP-FS02.eu.corp.example"},"detections":[],"severity_max":"none","detection_count":0,"provenance":{"raw_file":"raw/Windows.EventLogs.Evtx/results.json","raw_row":13,"collection_id":"demo-srv-corp-fs02"}},
  {"schema_version":"1.0.0","row_hash":"e4d6f5ad72866d88b676762272b578c0cc1fbe3abfa613a49cd73a127d15b55a","timestamp_utc":"2026-03-09T09:22:00.0000000Z","timestamp_desc":"LastExecuted","source":"execution","artifact":"Windows.Forensics.Prefetch","collector_kind":"velociraptor","host":"SRV-CORP-FS02","host_id":"4f1c0a9e-0002-4a00-9c31-b0de51000002","user":"EU\\bob","message":"7z.exe executed to package last quarter's share for archive","target":"C:\\Program Files\\7-Zip\\7z.exe","process":{"name":"7z.exe","image_path":"C:\\Program Files\\7-Zip\\7z.exe","command_line":"7z.exe a -t7z E:\\Archive\\2025Q4.7z D:\\Finance\\2025Q4","parent_name":"cmd.exe","user":"EU\\bob"},"detections":[{"engine":"sigma","rule_id":"demo-sigma-0040","rule_name":"Archive Utility Execution From Administrative Context","severity":"informational","rule_author":"IRTriage demo rule pack","rule_description":"An archiver was executed by an administrative account.","rule_source":"sigma:demo-pack","mitre_techniques":["T1560.001"],"false_positives":["Backup and log-rotation jobs","IT packaging work"]}],"severity_max":"informational","detection_count":1,"provenance":{"raw_file":"raw/Windows.Forensics.Prefetch/results.json","raw_row":0,"collection_id":"demo-srv-corp-fs02"}},
  {"schema_version":"1.0.0","row_hash":"f81ca169d96644ae8ade8452a09b35899036fd04c25b2a197865c522ab3e5a62","timestamp_utc":"2026-03-09T09:23:04.1240000Z","timestamp_desc":"EventTime","source":"account","artifact":"Windows.EventLogs.Evtx","collector_kind":"native","host":"SRV-CORP-FS02","host_id":"4f1c0a9e-0002-4a00-9c31-b0de51000002","user":"EU\\SRV-CORP-FS02$","message":"Computer account password changed (machine account maintenance)","target":"EU\\SRV-CORP-FS02$","event":{"channel":"Security","provider":"Microsoft-Windows-Security-Auditing","event_id":4742,"record_id":512019,"level":"Information","computer":"SRV-CORP-FS02.eu.corp.example"},"detections":[],"severity_max":"none","detection_count":0,"provenance":{"raw_file":"raw/Windows.EventLogs.Evtx/results.json","raw_row":39,"collection_id":"demo-srv-corp-fs02"}},
  {"schema_version":"1.0.0","row_hash":"1c45edf295157f04be9a59dc748f65030fb078b51f3a01994fe3a4a272e87db4","timestamp_utc":"2026-03-09T09:37:46.6560000Z","timestamp_desc":"LastWriteTime","source":"registry","artifact":"Windows.Registry.Shares","collector_kind":"velociraptor","host":"SRV-CORP-FS02","host_id":"4f1c0a9e-0002-4a00-9c31-b0de51000002","user":"SYSTEM","message":"Share definition enumerated: Finance","target":"HKLM\\SYSTEM\\CurrentControlSet\\Services\\LanmanServer\\Shares\\Finance","registry":{"key":"HKLM\\SYSTEM\\CurrentControlSet\\Services\\LanmanServer\\Shares\\Finance","value_name":"Finance","value_data":"CSCFlags=0;MaxUses=4294967295;Path=D:\\Finance","value_type":"REG_MULTI_SZ","hive":"SYSTEM"},"detections":[],"severity_max":"none","detection_count":0,"provenance":{"raw_file":"raw/Windows.Registry.Shares/results.json","raw_row":22,"collection_id":"demo-srv-corp-fs02"},"extra":{"max_uses":4294967295,"slot":63}},
  {"schema_version":"1.0.0","row_hash":"11c3e403caf263f5fb3103504eb03a04613f9f6c209d4de7dbc5ca4b4dfbd0ba","timestamp_utc":"2026-03-09T09:50:12.2810000Z","timestamp_desc":"EventTime","source":"service","artifact":"Windows.EventLogs.Evtx","collector_kind":"native","host":"SRV-CORP-FS02","host_id":"4f1c0a9e-0002-4a00-9c31-b0de51000002","user":"SYSTEM","message":"Service entered the running state: DFS Replication (DFSR)","target":"DFSR","process":{"name":"dfsrs.exe","image_path":"C:\\Windows\\System32\\DFSRs.exe","parent_name":"services.exe"},"event":{"channel":"System","provider":"Service Control Manager","event_id":7036,"record_id":8362,"level":"Information","computer":"SRV-CORP-FS02.eu.corp.example"},"detections":[],"severity_max":"none","detection_count":0,"provenance":{"raw_file":"raw/Windows.EventLogs.Evtx/results.json","raw_row":237,"collection_id":"demo-srv-corp-fs02"}},
  {"schema_version":"1.0.0","row_hash":"df1fc12aa3f60029a0b5a05872857a62aa3b839a7afabedd3ddae71b9a84fc33","timestamp_utc":"2026-03-09T10:03:28.4160000Z","timestamp_desc":"RunTime","source":"scheduled_task","artifact":"Windows.System.TaskScheduler","collector_kind":"velociraptor","host":"SRV-CORP-FS02","host_id":"4f1c0a9e-0002-4a00-9c31-b0de51000002","user":"EU\\svc-backup","message":"Scheduled task ran: \\Corp\\NightlyShareBackup","target":"\\Corp\\NightlyShareBackup","detections":[],"severity_max":"none","detection_count":0,"provenance":{"raw_file":"raw/Windows.System.TaskScheduler/results.json","raw_row":60,"collection_id":"demo-srv-corp-fs02"},"extra":{"result_code":0,"run_duration_seconds":1721,"task_author":"EU\\bob"}},
  {"schema_version":"1.0.0","row_hash":"c2780109c43844399771385819fcb19b0334b79f87dd663356f742aa5889a9fb","timestamp_utc":"2026-03-09T10:17:26.5920000Z","timestamp_desc":"RunTime","source":"scheduled_task","artifact":"Windows.System.TaskScheduler","collector_kind":"velociraptor","host":"SRV-CORP-FS02","host_id":"4f1c0a9e-0002-4a00-9c31-b0de51000002","user":"EU\\svc-backup","message":"Scheduled task ran: \\Corp\\NightlyShareBackup","target":"\\Corp\\NightlyShareBackup","detections":[],"severity_max":"none","detection_count":0,"provenance":{"raw_file":"raw/Windows.System.TaskScheduler/results.json","raw_row":28,"collection_id":"demo-srv-corp-fs02"},"extra":{"result_code":0,"run_duration_seconds":1970,"task_author":"EU\\bob"}},
  {"schema_version":"1.0.0","row_hash":"b0cf841c2e99c82cf16745a541fc1b2ad3f350240a7ee4e4e23fd0bb79d82886","timestamp_utc":"2026-03-09T10:22:54.3550000Z","timestamp_desc":"EventTime","source":"account","artifact":"Windows.EventLogs.Evtx","collector_kind":"native","host":"SRV-CORP-FS02","host_id":"4f1c0a9e-0002-4a00-9c31-b0de51000002","user":"EU\\SRV-CORP-FS02$","message":"Computer account password changed (machine account maintenance)","target":"EU\\SRV-CORP-FS02$","event":{"channel":"Security","provider":"Microsoft-Windows-Security-Auditing","event_id":4742,"record_id":378000,"level":"Information","computer":"SRV-CORP-FS02.eu.corp.example"},"detections":[],"severity_max":"none","detection_count":0,"provenance":{"raw_file":"raw/Windows.EventLogs.Evtx/results.json","raw_row":151,"collection_id":"demo-srv-corp-fs02"}},
  {"schema_version":"1.0.0","row_hash":"2e3fbdf97b1a07d2c9dccca16b31091fd36ab3ef90604d5824f8244e45739864","timestamp_utc":"2026-03-09T10:24:25.5010000Z","timestamp_desc":"LastWriteTime","source":"registry","artifact":"Windows.Registry.Shares","collector_kind":"velociraptor","host":"SRV-CORP-FS02","host_id":"4f1c0a9e-0002-4a00-9c31-b0de51000002","user":"SYSTEM","message":"Share definition enumerated: Finance","target":"HKLM\\SYSTEM\\CurrentControlSet\\Services\\LanmanServer\\Shares\\Finance","registry":{"key":"HKLM\\SYSTEM\\CurrentControlSet\\Services\\LanmanServer\\Shares\\Finance","value_name":"Finance","value_data":"CSCFlags=0;MaxUses=4294967295;Path=D:\\Finance","value_type":"REG_MULTI_SZ","hive":"SYSTEM"},"detections":[],"severity_max":"none","detection_count":0,"provenance":{"raw_file":"raw/Windows.Registry.Shares/results.json","raw_row":66,"collection_id":"demo-srv-corp-fs02"},"extra":{"max_uses":4294967295,"slot":7}},
  {"schema_version":"1.0.0","row_hash":"29c39fa11038293b74628268e4c3df205bc8b44c8f2c09eb51b015fa3cbff3f2","timestamp_utc":"2026-03-09T10:49:58.9570000Z","timestamp_desc":"EventTime","source":"account","artifact":"Windows.EventLogs.Evtx","collector_kind":"native","host":"SRV-CORP-FS02","host_id":"4f1c0a9e-0002-4a00-9c31-b0de51000002","user":"EU\\SRV-CORP-FS02$","message":"Computer account password changed (machine account maintenance)","target":"EU\\SRV-CORP-FS02$","event":{"channel":"Security","provider":"Microsoft-Windows-Security-Auditing","event_id":4742,"record_id":797694,"level":"Information","computer":"SRV-CORP-FS02.eu.corp.example"},"detections":[],"severity_max":"none","detection_count":0,"provenance":{"raw_file":"raw/Windows.EventLogs.Evtx/results.json","raw_row":23,"collection_id":"demo-srv-corp-fs02"}},
  {"schema_version":"1.0.0","row_hash":"e76d39c20f62fa641a5703920be7daf2cbe802f8b5f7e5c99d02b199a122af65","timestamp_utc":"2026-03-09T10:57:49.0620000Z","timestamp_desc":"EventTime","source":"service","artifact":"Windows.EventLogs.Evtx","collector_kind":"native","host":"SRV-CORP-FS02","host_id":"4f1c0a9e-0002-4a00-9c31-b0de51000002","user":"SYSTEM","message":"Service entered the running state: DFS Replication (DFSR)","target":"DFSR","process":{"name":"dfsrs.exe","image_path":"C:\\Windows\\System32\\DFSRs.exe","parent_name":"services.exe"},"event":{"channel":"System","provider":"Service Control Manager","event_id":7036,"record_id":10025,"level":"Information","computer":"SRV-CORP-FS02.eu.corp.example"},"detections":[],"severity_max":"none","detection_count":0,"provenance":{"raw_file":"raw/Windows.EventLogs.Evtx/results.json","raw_row":77,"collection_id":"demo-srv-corp-fs02"}},
  {"schema_version":"1.0.0","row_hash":"2011b4a3bb71b0eb356856bca4dfcbde4d1870e192805cffab61e13254c5d782","timestamp_utc":"2026-03-09T11:01:27.4440000Z","timestamp_desc":"RunTime","source":"scheduled_task","artifact":"Windows.System.TaskScheduler","collector_kind":"velociraptor","host":"SRV-CORP-FS02","host_id":"4f1c0a9e-0002-4a00-9c31-b0de51000002","user":"EU\\svc-backup","message":"Scheduled task ran: \\Corp\\NightlyShareBackup","target":"\\Corp\\NightlyShareBackup","detections":[],"severity_max":"none","detection_count":0,"provenance":{"raw_file":"raw/Windows.System.TaskScheduler/results.json","raw_row":0,"collection_id":"demo-srv-corp-fs02"},"extra":{"result_code":0,"run_duration_seconds":1970,"task_author":"EU\\bob"}},
  {"schema_version":"1.0.0","row_hash":"21b22d7b647685c17555f231fd358f2ce65f4789b06d18e10590b5f3000722a3","timestamp_utc":"2026-03-09T11:04:53.8440000Z","timestamp_desc":"EventTime","source":"service","artifact":"Windows.EventLogs.Evtx","collector_kind":"native","host":"SRV-CORP-FS02","host_id":"4f1c0a9e-0002-4a00-9c31-b0de51000002","user":"SYSTEM","message":"Service entered the running state: DFS Replication (DFSR)","target":"DFSR","process":{"name":"dfsrs.exe","image_path":"C:\\Windows\\System32\\DFSRs.exe","parent_name":"services.exe"},"event":{"channel":"System","provider":"Service Control Manager","event_id":7036,"record_id":8882,"level":"Information","computer":"SRV-CORP-FS02.eu.corp.example"},"detections":[],"severity_max":"none","detection_count":0,"provenance":{"raw_file":"raw/Windows.EventLogs.Evtx/results.json","raw_row":109,"collection_id":"demo-srv-corp-fs02"}},
  {"schema_version":"1.0.0","row_hash":"56cdd8d6dd64d01a538a6900d14c5e8253e5fdb6fbe7a976648d2b9d19eab477","timestamp_utc":"2026-03-09T11:18:30.6630000Z","timestamp_desc":"RunTime","source":"scheduled_task","artifact":"Windows.System.TaskScheduler","collector_kind":"velociraptor","host":"SRV-CORP-FS02","host_id":"4f1c0a9e-0002-4a00-9c31-b0de51000002","user":"EU\\svc-backup","message":"Scheduled task ran: \\Corp\\NightlyShareBackup","target":"\\Corp\\NightlyShareBackup","detections":[],"severity_max":"none","detection_count":0,"provenance":{"raw_file":"raw/Windows.System.TaskScheduler/results.json","raw_row":8,"collection_id":"demo-srv-corp-fs02"},"extra":{"result_code":0,"run_duration_seconds":1474,"task_author":"EU\\bob"}},
  {"schema_version":"1.0.0","row_hash":"ee410046881dac05ed218871513d19201dd5beb2479dcf7249a8cc7cd0b53446","timestamp_utc":"2026-03-09T11:19:31.6350000Z","timestamp_desc":"EventTime","source":"account","artifact":"Windows.EventLogs.Evtx","collector_kind":"native","host":"SRV-CORP-FS02","host_id":"4f1c0a9e-0002-4a00-9c31-b0de51000002","user":"EU\\SRV-CORP-FS02$","message":"Computer account password changed (machine account maintenance)","target":"EU\\SRV-CORP-FS02$","event":{"channel":"Security","provider":"Microsoft-Windows-Security-Auditing","event_id":4742,"record_id":492934,"level":"Information","computer":"SRV-CORP-FS02.eu.corp.example"},"detections":[],"severity_max":"none","detection_count":0,"provenance":{"raw_file":"raw/Windows.EventLogs.Evtx/results.json","raw_row":247,"collection_id":"demo-srv-corp-fs02"}},
  {"schema_version":"1.0.0","row_hash":"15c8e6f50ddfa4c5dadf4b5c5ba805dc981ecdf4c97907b130a7f7e48e49c3ae","timestamp_utc":"2026-03-09T11:23:30.3160000Z","timestamp_desc":"RunTime","source":"scheduled_task","artifact":"Windows.System.TaskScheduler","collector_kind":"velociraptor","host":"SRV-CORP-FS02","host_id":"4f1c0a9e-0002-4a00-9c31-b0de51000002","user":"EU\\svc-backup","message":"Scheduled task ran: \\Corp\\NightlyShareBackup","target":"\\Corp\\NightlyShareBackup","detections":[],"severity_max":"none","detection_count":0,"provenance":{"raw_file":"raw/Windows.System.TaskScheduler/results.json","raw_row":40,"collection_id":"demo-srv-corp-fs02"},"extra":{"result_code":0,"run_duration_seconds":1649,"task_author":"EU\\bob"}},
  {"schema_version":"1.0.0","row_hash":"cc47608d8d4e8e5a200290f0d7d49b6fffe9c4bb40234872e7f0533616150b3c","timestamp_utc":"2026-03-09T11:27:07.6820000Z","timestamp_desc":"LastWriteTime","source":"registry","artifact":"Windows.Registry.Shares","collector_kind":"velociraptor","host":"SRV-CORP-FS02","host_id":"4f1c0a9e-0002-4a00-9c31-b0de51000002","user":"SYSTEM","message":"Share definition enumerated: Finance","target":"HKLM\\SYSTEM\\CurrentControlSet\\Services\\LanmanServer\\Shares\\Finance","registry":{"key":"HKLM\\SYSTEM\\CurrentControlSet\\Services\\LanmanServer\\Shares\\Finance","value_name":"Finance","value_data":"CSCFlags=0;MaxUses=4294967295;Path=D:\\Finance","value_type":"REG_MULTI_SZ","hive":"SYSTEM"},"detections":[],"severity_max":"none","detection_count":0,"provenance":{"raw_file":"raw/Windows.Registry.Shares/results.json","raw_row":34,"collection_id":"demo-srv-corp-fs02"},"extra":{"max_uses":4294967295,"slot":34}},
  {"schema_version":"1.0.0","row_hash":"54ecf4f1252e7db7b6e874a2106ab0d31773be8659d079919368ff6d3d22d013","timestamp_utc":"2026-03-09T11:31:08.1730000Z","timestamp_desc":"RunTime","source":"scheduled_task","artifact":"Windows.System.TaskScheduler","collector_kind":"velociraptor","host":"SRV-CORP-FS02","host_id":"4f1c0a9e-0002-4a00-9c31-b0de51000002","user":"EU\\svc-backup","message":"Scheduled task ran: \\Corp\\NightlyShareBackup","target":"\\Corp\\NightlyShareBackup","detections":[],"severity_max":"none","detection_count":0,"provenance":{"raw_file":"raw/Windows.System.TaskScheduler/results.json","raw_row":12,"collection_id":"demo-srv-corp-fs02"},"extra":{"result_code":0,"run_duration_seconds":3184,"task_author":"EU\\bob"}},
  {"schema_version":"1.0.0","row_hash":"794f67f8897e77ae337a51a7091d35ec5902840583074bbe2554b938f64f8e42","timestamp_utc":"2026-03-09T11:35:09.3100000Z","timestamp_desc":"EventTime","timestamp_source_field":"System.TimeCreated.SystemTime","source":"eventlog","artifact":"Windows.EventLogs.Evtx","collector_kind":"native","host":"SRV-CORP-FS02","host_id":"4f1c0a9e-0002-4a00-9c31-b0de51000002","user":"EU\\carol","message":"Network share object accessed: \\\\SRV-CORP-FS02\\Finance by EU\\carol","target":"\\\\SRV-CORP-FS02\\Finance","network":{"src_ip":"10.0.5.41","dst_ip":"10.0.5.20","dst_port":445,"protocol":"tcp","direction":"inbound"},"event":{"channel":"Security","provider":"Microsoft-Windows-Security-Auditing","event_id":5140,"record_id":808521,"level":"Information","computer":"SRV-CORP-FS02.eu.corp.example","logon_type":3},"detections":[],"severity_max":"none","detection_count":0,"provenance":{"raw_file":"raw/Windows.EventLogs.Evtx/results.json","raw_row":196,"collection_id":"demo-srv-corp-fs02"}},
  {"schema_version":"1.0.0","row_hash":"8712a6b99b5dab4455439d521065348e2e14bfa3eddb65ef825a1931deda48a8","timestamp_utc":"2026-03-09T11:38:36.8940000Z","timestamp_desc":"RunTime","source":"scheduled_task","artifact":"Windows.System.TaskScheduler","collector_kind":"velociraptor","host":"SRV-CORP-FS02","host_id":"4f1c0a9e-0002-4a00-9c31-b0de51000002","user":"EU\\svc-backup","message":"Scheduled task ran: \\Corp\\NightlyShareBackup","target":"\\Corp\\NightlyShareBackup","detections":[],"severity_max":"none","detection_count":0,"provenance":{"raw_file":"raw/Windows.System.TaskScheduler/results.json","raw_row":48,"collection_id":"demo-srv-corp-fs02"},"extra":{"result_code":0,"run_duration_seconds":1776,"task_author":"EU\\bob"}},
  {"schema_version":"1.0.0","row_hash":"695efd6dc99874c57c1ec45aaf707f2b8b52f5fc64237777bc64f61d54f8d902","timestamp_utc":"2026-03-09T11:39:34.9200000Z","timestamp_desc":"RunTime","source":"scheduled_task","artifact":"Windows.System.TaskScheduler","collector_kind":"velociraptor","host":"SRV-CORP-FS02","host_id":"4f1c0a9e-0002-4a00-9c31-b0de51000002","user":"EU\\svc-backup","message":"Scheduled task ran: \\Corp\\NightlyShareBackup","target":"\\Corp\\NightlyShareBackup","detections":[],"severity_max":"none","detection_count":0,"provenance":{"raw_file":"raw/Windows.System.TaskScheduler/results.json","raw_row":68,"collection_id":"demo-srv-corp-fs02"},"extra":{"result_code":0,"run_duration_seconds":2949,"task_author":"EU\\bob"}},
  {"schema_version":"1.0.0","row_hash":"116b08ba4fec353992d3f1806ddcd00b05599fc438ba2250ccfea0d8f9b0a486","timestamp_utc":"2026-03-09T11:42:45.6270000Z","timestamp_desc":"EventTime","source":"account","artifact":"Windows.EventLogs.Evtx","collector_kind":"native","host":"SRV-CORP-FS02","host_id":"4f1c0a9e-0002-4a00-9c31-b0de51000002","user":"EU\\SRV-CORP-FS02$","message":"Computer account password changed (machine account maintenance)","target":"EU\\SRV-CORP-FS02$","event":{"channel":"Security","provider":"Microsoft-Windows-Security-Auditing","event_id":4742,"record_id":284510,"level":"Information","computer":"SRV-CORP-FS02.eu.corp.example"},"detections":[],"severity_max":"none","detection_count":0,"provenance":{"raw_file":"raw/Windows.EventLogs.Evtx/results.json","raw_row":7,"collection_id":"demo-srv-corp-fs02"}},
  {"schema_version":"1.0.0","row_hash":"1796c4c95959e8077a335e5ab8d54fe643c90bf7bab3f400843685c3e44babba","timestamp_utc":"2026-03-09T11:44:05.5280000Z","timestamp_desc":"EventTime","source":"service","artifact":"Windows.EventLogs.Evtx","collector_kind":"native","host":"SRV-CORP-FS02","host_id":"4f1c0a9e-0002-4a00-9c31-b0de51000002","user":"SYSTEM","message":"Service entered the running state: DFS Replication (DFSR)","target":"DFSR","process":{"name":"dfsrs.exe","image_path":"C:\\Windows\\System32\\DFSRs.exe","parent_name":"services.exe"},"event":{"channel":"System","provider":"Service Control Manager","event_id":7036,"record_id":10303,"level":"Information","computer":"SRV-CORP-FS02.eu.corp.example"},"detections":[],"severity_max":"none","detection_count":0,"provenance":{"raw_file":"raw/Windows.EventLogs.Evtx/results.json","raw_row":221,"collection_id":"demo-srv-corp-fs02"}},
  {"schema_version":"1.0.0","row_hash":"256f16380fec92fdf41a375f567cf53fa7061a91de838a34c16a96d993f6bf3a","timestamp_utc":"2026-03-09T11:50:59.4800000Z","timestamp_desc":"EventTime","source":"account","artifact":"Windows.EventLogs.Evtx","collector_kind":"native","host":"SRV-CORP-FS02","host_id":"4f1c0a9e-0002-4a00-9c31-b0de51000002","user":"EU\\SRV-CORP-FS02$","message":"Computer account password changed (machine account maintenance)","target":"EU\\SRV-CORP-FS02$","event":{"channel":"Security","provider":"Microsoft-Windows-Security-Auditing","event_id":4742,"record_id":700265,"level":"Information","computer":"SRV-CORP-FS02.eu.corp.example"},"detections":[],"severity_max":"none","detection_count":0,"provenance":{"raw_file":"raw/Windows.EventLogs.Evtx/results.json","raw_row":215,"collection_id":"demo-srv-corp-fs02"}},
  {"schema_version":"1.0.0","row_hash":"80c62e12c4a2897346241d945045f2e56b804472be585f543995e80ab1528e27","timestamp_utc":"2026-03-09T12:15:22.0600000Z","timestamp_desc":"EventTime","timestamp_source_field":"System.TimeCreated.SystemTime","source":"eventlog","artifact":"Windows.EventLogs.Evtx","collector_kind":"native","host":"SRV-CORP-FS02","host_id":"4f1c0a9e-0002-4a00-9c31-b0de51000002","user":"EU\\alice","message":"Network share object accessed: \\\\SRV-CORP-FS02\\Finance by EU\\alice","target":"\\\\SRV-CORP-FS02\\Finance","network":{"src_ip":"10.0.5.42","dst_ip":"10.0.5.20","dst_port":445,"protocol":"tcp","direction":"inbound"},"event":{"channel":"Security","provider":"Microsoft-Windows-Security-Auditing","event_id":5140,"record_id":457142,"level":"Information","computer":"SRV-CORP-FS02.eu.corp.example","logon_type":3},"detections":[],"severity_max":"none","detection_count":0,"provenance":{"raw_file":"raw/Windows.EventLogs.Evtx/results.json","raw_row":276,"collection_id":"demo-srv-corp-fs02"}},
  {"schema_version":"1.0.0","row_hash":"078b8add7059419792d71bd82992a95cf185ba8dd3d3ab447c429e853253cf88","timestamp_utc":"2026-03-09T12:15:29.6080000Z","timestamp_desc":"EventTime","source":"service","artifact":"Windows.EventLogs.Evtx","collector_kind":"native","host":"SRV-CORP-FS02","host_id":"4f1c0a9e-0002-4a00-9c31-b0de51000002","user":"SYSTEM","message":"Service entered the running state: DFS Replication (DFSR)","target":"DFSR","process":{"name":"dfsrs.exe","image_path":"C:\\Windows\\System32\\DFSRs.exe","parent_name":"services.exe"},"event":{"channel":"System","provider":"Service Control Manager","event_id":7036,"record_id":7529,"level":"Information","computer":"SRV-CORP-FS02.eu.corp.example"},"detections":[],"severity_max":"none","detection_count":0,"provenance":{"raw_file":"raw/Windows.EventLogs.Evtx/results.json","raw_row":61,"collection_id":"demo-srv-corp-fs02"}},
  {"schema_version":"1.0.0","row_hash":"9045e470defc6169a253e09f3911e7ee3328ac79e4d9ea8e05d8a0ddb9e42893","timestamp_utc":"2026-03-09T12:44:48.1030000Z","timestamp_desc":"EventTime","source":"service","artifact":"Windows.EventLogs.Evtx","collector_kind":"native","host":"SRV-CORP-FS02","host_id":"4f1c0a9e-0002-4a00-9c31-b0de51000002","user":"SYSTEM","message":"Service entered the running state: DFS Replication (DFSR)","target":"DFSR","process":{"name":"dfsrs.exe","image_path":"C:\\Windows\\System32\\DFSRs.exe","parent_name":"services.exe"},"event":{"channel":"System","provider":"Service Control Manager","event_id":7036,"record_id":6560,"level":"Information","computer":"SRV-CORP-FS02.eu.corp.example"},"detections":[],"severity_max":"none","detection_count":0,"provenance":{"raw_file":"raw/Windows.EventLogs.Evtx/results.json","raw_row":173,"collection_id":"demo-srv-corp-fs02"}},
  {"schema_version":"1.0.0","row_hash":"05e09cdb69498fd92f9f1338582ff1500cce063f3fe5aaf1aec8d07d09a51592","timestamp_utc":"2026-03-09T13:22:10.0530000Z","timestamp_desc":"LastWriteTime","source":"registry","artifact":"Windows.Registry.Shares","collector_kind":"velociraptor","host":"SRV-CORP-FS02","host_id":"4f1c0a9e-0002-4a00-9c31-b0de51000002","user":"SYSTEM","message":"Share definition enumerated: Finance","target":"HKLM\\SYSTEM\\CurrentControlSet\\Services\\LanmanServer\\Shares\\Finance","registry":{"key":"HKLM\\SYSTEM\\CurrentControlSet\\Services\\LanmanServer\\Shares\\Finance","value_name":"Finance","value_data":"CSCFlags=0;MaxUses=4294967295;Path=D:\\Finance","value_type":"REG_MULTI_SZ","hive":"SYSTEM"},"detections":[],"severity_max":"none","detection_count":0,"provenance":{"raw_file":"raw/Windows.Registry.Shares/results.json","raw_row":10,"collection_id":"demo-srv-corp-fs02"},"extra":{"max_uses":4294967295,"slot":41}},
  {"schema_version":"1.0.0","row_hash":"78af8ade8536a475fdba0187d074eaf03917880aec7d8e99f4496db44561bf24","timestamp_utc":"2026-03-09T13:45:31.3660000Z","timestamp_desc":"EventTime","source":"service","artifact":"Windows.EventLogs.Evtx","collector_kind":"native","host":"SRV-CORP-FS02","host_id":"4f1c0a9e-0002-4a00-9c31-b0de51000002","user":"SYSTEM","message":"Service entered the running state: DFS Replication (DFSR)","target":"DFSR","process":{"name":"dfsrs.exe","image_path":"C:\\Windows\\System32\\DFSRs.exe","parent_name":"services.exe"},"event":{"channel":"System","provider":"Service Control Manager","event_id":7036,"record_id":10543,"level":"Information","computer":"SRV-CORP-FS02.eu.corp.example"},"detections":[],"severity_max":"none","detection_count":0,"provenance":{"raw_file":"raw/Windows.EventLogs.Evtx/results.json","raw_row":125,"collection_id":"demo-srv-corp-fs02"}},
  {"schema_version":"1.0.0","row_hash":"ee4155f812e1d293faddf09efffe5b19958b0d0ac7d4b0002493f1d1cae585fd","timestamp_utc":"2026-03-09T13:48:03.4700000Z","timestamp_desc":"EventTime","timestamp_source_field":"System.TimeCreated.SystemTime","source":"eventlog","artifact":"Windows.EventLogs.Evtx","collector_kind":"native","host":"SRV-CORP-FS02","host_id":"4f1c0a9e-0002-4a00-9c31-b0de51000002","user":"EU\\Administrator","message":"Network share object accessed: \\\\SRV-CORP-FS02\\Finance by EU\\Administrator","target":"\\\\SRV-CORP-FS02\\Finance","network":{"src_ip":"10.0.5.15","dst_ip":"10.0.5.20","dst_port":445,"protocol":"tcp","direction":"inbound"},"event":{"channel":"Security","provider":"Microsoft-Windows-Security-Auditing","event_id":5140,"record_id":658766,"level":"Information","computer":"SRV-CORP-FS02.eu.corp.example","logon_type":3},"detections":[],"severity_max":"none","detection_count":0,"provenance":{"raw_file":"raw/Windows.EventLogs.Evtx/results.json","raw_row":228,"collection_id":"demo-srv-corp-fs02"}},
