// GENERATED FILE -- do not edit by hand.
// Demo timeline rows for WKS-CORP-01 (940 records).
// Regenerate with:  node scripts/gen-demo-dataset.mjs
//
// SYNTHETIC DATA ONLY. Every host, account, address, domain and hash below is
// invented: RFC 5737 documentation IP ranges, the RFC 2606 reserved .example
// TLD, and hashes derived from fixed labels. No real host was ever collected.
// See docs/DEMO.md.

export const rows = [
  {"schema_version":"1.0.0","row_hash":"80b6255ecf3c44609c38504f227cfe22c0414b6a8049f0ccb4acfc76400936f3","timestamp_utc":"0001-01-01T00:00:00.0000000Z","timestamp_desc":"Created","timestamp_source_field":"Btime","source":"filesystem","artifact":"Windows.NTFS.MFT","collector_kind":"velociraptor","host":"WKS-CORP-01","host_id":"4f1c0a9e-0001-4a00-9c31-b0de51000001","user":"SYSTEM","message":"MFT entry recovered with zeroed $STANDARD_INFORMATION timestamps","target":"C:\\$Extend\\$RmMetadata\\$TxfLog\\$TxfLog.blf","file":{"path":"C:\\$Extend\\$RmMetadata\\$TxfLog\\$TxfLog.blf","name":"$TxfLog.blf","mft_entry":30,"is_allocated":true},"detections":[],"severity_max":"none","detection_count":0,"provenance":{"raw_file":"raw/Windows.NTFS.MFT/results.json","raw_row":0,"collection_id":"demo-wks-corp-01"},"extra":{"note":"timestamp unavailable in source; sentinel per docs/timeline_schema.json"}},
  {"schema_version":"1.0.0","row_hash":"55cb8097ae1258bb0fc0cfb2e7162131543916006b5a7cad357ecd9e0524ed4f","timestamp_utc":"0001-01-01T00:00:00.0000000Z","timestamp_desc":"LastWriteTime","source":"registry","artifact":"Windows.Registry.AppCompatCache","collector_kind":"velociraptor","host":"WKS-CORP-01","host_id":"4f1c0a9e-0001-4a00-9c31-b0de51000001","user":"SYSTEM","message":"AppCompatCache entry with no recoverable last-write time","target":"HKLM\\SYSTEM\\CurrentControlSet\\Control\\Session Manager\\AppCompatCache","registry":{"key":"HKLM\\SYSTEM\\CurrentControlSet\\Control\\Session Manager\\AppCompatCache","value_name":"AppCompatCache","value_type":"REG_BINARY","hive":"SYSTEM"},"detections":[],"severity_max":"none","detection_count":0,"provenance":{"raw_file":"raw/Windows.Registry.AppCompatCache/results.json","raw_row":0,"collection_id":"demo-wks-corp-01"},"extra":{"note":"timestamp unavailable in source; sentinel per docs/timeline_schema.json"}},
  {"schema_version":"1.0.0","row_hash":"233c8a8b0b30e9d839732bc909c16f245261db24943f4bc781d78fa72c8d45a5","timestamp_utc":"2026-03-07T00:05:00.0000000Z","timestamp_desc":"ProcessStartTime","timestamp_source_field":"CreateTime","source":"process","artifact":"Windows.System.Pslist","collector_kind":"velociraptor","host":"WKS-CORP-01","host_id":"4f1c0a9e-0001-4a00-9c31-b0de51000001","user":"SYSTEM","message":"Process running: wininit.exe (pid 592)","target":"C:\\Windows\\System32\\wininit.exe","process":{"pid":592,"name":"wininit.exe","image_path":"C:\\Windows\\System32\\wininit.exe","user":"SYSTEM"},"detections":[],"severity_max":"none","detection_count":0,"provenance":{"raw_file":"raw/Windows.System.Pslist/results.json","raw_row":0,"collection_id":"demo-wks-corp-01"}},
  {"schema_version":"1.0.0","row_hash":"c3f1706ccbb41cb4befe5ef6f8d31b6756fcb1e2185fe00a571b0f97c36ddfa1","timestamp_utc":"2026-03-07T00:05:01.0000000Z","timestamp_desc":"ProcessStartTime","timestamp_source_field":"CreateTime","source":"process","artifact":"Windows.System.Pslist","collector_kind":"velociraptor","host":"WKS-CORP-01","host_id":"4f1c0a9e-0001-4a00-9c31-b0de51000001","user":"SYSTEM","message":"Process running: services.exe (pid 748)","target":"C:\\Windows\\System32\\services.exe","process":{"pid":748,"ppid":592,"name":"services.exe","image_path":"C:\\Windows\\System32\\services.exe","user":"SYSTEM"},"detections":[],"severity_max":"none","detection_count":0,"provenance":{"raw_file":"raw/Windows.System.Pslist/results.json","raw_row":1,"collection_id":"demo-wks-corp-01"}},
  {"schema_version":"1.0.0","row_hash":"260607eceae97bebf7baaf4252967f985be21bb8fda1265ea3a7bc591032581f","timestamp_utc":"2026-03-07T00:05:02.0000000Z","timestamp_desc":"ProcessStartTime","timestamp_source_field":"CreateTime","source":"process","artifact":"Windows.System.Pslist","collector_kind":"velociraptor","host":"WKS-CORP-01","host_id":"4f1c0a9e-0001-4a00-9c31-b0de51000001","user":"SYSTEM","message":"Process running: lsass.exe (pid 772)","target":"C:\\Windows\\System32\\lsass.exe","process":{"pid":772,"ppid":592,"name":"lsass.exe","image_path":"C:\\Windows\\System32\\lsass.exe","user":"SYSTEM"},"detections":[],"severity_max":"none","detection_count":0,"provenance":{"raw_file":"raw/Windows.System.Pslist/results.json","raw_row":2,"collection_id":"demo-wks-corp-01"}},
  {"schema_version":"1.0.0","row_hash":"c4fe0b9a273e1e248e24069e28daa51bd6663bdbe7465e718c000e7041261da2","timestamp_utc":"2026-03-07T00:05:03.0000000Z","timestamp_desc":"ProcessStartTime","timestamp_source_field":"CreateTime","source":"process","artifact":"Windows.System.Pslist","collector_kind":"velociraptor","host":"WKS-CORP-01","host_id":"4f1c0a9e-0001-4a00-9c31-b0de51000001","user":"NETWORK SERVICE","message":"Process running: svchost.exe (pid 1064)","target":"C:\\Windows\\System32\\svchost.exe","process":{"pid":1064,"ppid":748,"name":"svchost.exe","image_path":"C:\\Windows\\System32\\svchost.exe","user":"NETWORK SERVICE"},"detections":[],"severity_max":"none","detection_count":0,"provenance":{"raw_file":"raw/Windows.System.Pslist/results.json","raw_row":3,"collection_id":"demo-wks-corp-01"}},
  {"schema_version":"1.0.0","row_hash":"3b9b2f6d441fa1402e7e924cbe82d2d107d04a03a8345e04a5e0a26937021a7a","timestamp_utc":"2026-03-07T00:05:04.0000000Z","timestamp_desc":"ProcessStartTime","timestamp_source_field":"CreateTime","source":"process","artifact":"Windows.System.Pslist","collector_kind":"velociraptor","host":"WKS-CORP-01","host_id":"4f1c0a9e-0001-4a00-9c31-b0de51000001","user":"SYSTEM","message":"Process running: winlogon.exe (pid 684)","target":"C:\\Windows\\System32\\winlogon.exe","process":{"pid":684,"name":"winlogon.exe","image_path":"C:\\Windows\\System32\\winlogon.exe","user":"SYSTEM"},"detections":[],"severity_max":"none","detection_count":0,"provenance":{"raw_file":"raw/Windows.System.Pslist/results.json","raw_row":4,"collection_id":"demo-wks-corp-01"}},
  {"schema_version":"1.0.0","row_hash":"4c6650d3138eb388aeaefba10e478ba933f5352cb3bd69735b92b5bc802f7840","timestamp_utc":"2026-03-07T00:05:05.0000000Z","timestamp_desc":"ProcessStartTime","timestamp_source_field":"CreateTime","source":"process","artifact":"Windows.System.Pslist","collector_kind":"velociraptor","host":"WKS-CORP-01","host_id":"4f1c0a9e-0001-4a00-9c31-b0de51000001","user":"EU\\alice","message":"Process running: explorer.exe (pid 4408)","target":"C:\\Windows\\explorer.exe","process":{"pid":4408,"ppid":4312,"name":"explorer.exe","image_path":"C:\\Windows\\explorer.exe","user":"EU\\alice"},"detections":[],"severity_max":"none","detection_count":0,"provenance":{"raw_file":"raw/Windows.System.Pslist/results.json","raw_row":5,"collection_id":"demo-wks-corp-01"}},
  {"schema_version":"1.0.0","row_hash":"f7d9b5e546b29c19aaf584b23886a2cf67d077c4c243b388c510b74dd26cadf4","timestamp_utc":"2026-03-07T00:05:06.0000000Z","timestamp_desc":"ProcessStartTime","timestamp_source_field":"CreateTime","source":"process","artifact":"Windows.System.Pslist","collector_kind":"velociraptor","host":"WKS-CORP-01","host_id":"4f1c0a9e-0001-4a00-9c31-b0de51000001","user":"EU\\alice","message":"Process running: taskhostw.exe (pid 5120)","target":"C:\\Windows\\System32\\taskhostw.exe","process":{"pid":5120,"ppid":1064,"name":"taskhostw.exe","image_path":"C:\\Windows\\System32\\taskhostw.exe","user":"EU\\alice"},"detections":[],"severity_max":"none","detection_count":0,"provenance":{"raw_file":"raw/Windows.System.Pslist/results.json","raw_row":6,"collection_id":"demo-wks-corp-01"}},
  {"schema_version":"1.0.0","row_hash":"bfa2226a95371d1d59937f213630b6a320f690380c7dc3df78227b0a69d54013","timestamp_utc":"2026-03-07T00:05:07.0000000Z","timestamp_desc":"ProcessStartTime","timestamp_source_field":"CreateTime","source":"process","artifact":"Windows.System.Pslist","collector_kind":"velociraptor","host":"WKS-CORP-01","host_id":"4f1c0a9e-0001-4a00-9c31-b0de51000001","user":"EU\\alice","message":"Process running: cmd.exe (pid 5388)","target":"C:\\Windows\\System32\\cmd.exe","process":{"pid":5388,"ppid":4408,"name":"cmd.exe","image_path":"C:\\Windows\\System32\\cmd.exe","user":"EU\\alice"},"detections":[],"severity_max":"none","detection_count":0,"provenance":{"raw_file":"raw/Windows.System.Pslist/results.json","raw_row":7,"collection_id":"demo-wks-corp-01"}},
  {"schema_version":"1.0.0","row_hash":"7372163695572c188d53251fb3e0fdfaba364bc421df1699317ccd6f5b469cfe","timestamp_utc":"2026-03-07T00:05:08.0000000Z","timestamp_desc":"ProcessStartTime","timestamp_source_field":"CreateTime","source":"process","artifact":"Windows.System.Pslist","collector_kind":"velociraptor","host":"WKS-CORP-01","host_id":"4f1c0a9e-0001-4a00-9c31-b0de51000001","user":"SYSTEM","message":"Process running: MsMpEng.exe (pid 2660)","target":"C:\\ProgramData\\Microsoft\\Windows Defender\\Platform\\4.18.24090.11-0\\MsMpEng.exe","process":{"pid":2660,"ppid":748,"name":"MsMpEng.exe","image_path":"C:\\ProgramData\\Microsoft\\Windows Defender\\Platform\\4.18.24090.11-0\\MsMpEng.exe","user":"SYSTEM"},"detections":[],"severity_max":"none","detection_count":0,"provenance":{"raw_file":"raw/Windows.System.Pslist/results.json","raw_row":8,"collection_id":"demo-wks-corp-01"}},
  {"schema_version":"1.0.0","row_hash":"f9d809102b6463851cf516ab7fa5150273e99a3adfe40fab5211e264933b80d2","timestamp_utc":"2026-03-07T01:29:22.9310000Z","timestamp_desc":"LastExecuted","timestamp_source_field":"LastRunTimes","source":"execution","artifact":"Windows.Forensics.Prefetch","collector_kind":"velociraptor","host":"WKS-CORP-01","host_id":"4f1c0a9e-0001-4a00-9c31-b0de51000001","user":"EU\\alice","message":"NOTEPAD.EXE executed (prefetch run count 35)","target":"C:\\Windows\\System32\\notepad.exe","process":{"name":"NOTEPAD.EXE","image_path":"C:\\Windows\\System32\\notepad.exe","parent_name":"explorer.exe"},"detections":[],"severity_max":"none","detection_count":0,"provenance":{"raw_file":"raw/Windows.Forensics.Prefetch/results.json","raw_row":59,"collection_id":"demo-wks-corp-01"},"extra":{"prefetch_file":"NOTEPAD.EXE-1C287E85.pf"}},
  {"schema_version":"1.0.0","row_hash":"6ffa0e69d0c9f3e48796fd4ecf9d046ed252d6012913d35d6741d6fb443e8d94","timestamp_utc":"2026-03-07T01:38:39.4030000Z","timestamp_desc":"LastWriteTime","timestamp_source_field":"LastModified","source":"registry","artifact":"Windows.Registry.AppCompatCache","collector_kind":"velociraptor","host":"WKS-CORP-01","host_id":"4f1c0a9e-0001-4a00-9c31-b0de51000001","user":"SYSTEM","message":"AppCompatCache entry: CALC.EXE","target":"C:\\Windows\\System32\\calc.exe","registry":{"key":"HKLM\\SYSTEM\\CurrentControlSet\\Control\\Session Manager\\AppCompatCache","value_name":"AppCompatCache","value_data":"C:\\Windows\\System32\\calc.exe","value_type":"REG_BINARY","hive":"SYSTEM"},"detections":[],"severity_max":"none","detection_count":0,"provenance":{"raw_file":"raw/Windows.Registry.AppCompatCache/results.json","raw_row":10,"collection_id":"demo-wks-corp-01"},"extra":{"cache_slot":62}},
  {"schema_version":"1.0.0","row_hash":"0232726c93855298a401697aa56839b51f2d42ddec56e2a75118ccad7bb0eedd","timestamp_utc":"2026-03-07T01:59:50.9410000Z","timestamp_desc":"EventTime","source":"service","artifact":"Windows.EventLogs.Evtx","collector_kind":"native","host":"WKS-CORP-01","host_id":"4f1c0a9e-0001-4a00-9c31-b0de51000001","user":"SYSTEM","message":"Service entered the running state: Windows Update (wuauserv)","target":"wuauserv","process":{"name":"services.exe","image_path":"C:\\Windows\\System32\\services.exe"},"event":{"channel":"System","provider":"Service Control Manager","event_id":7036,"record_id":4174,"level":"Information","computer":"WKS-CORP-01.eu.corp.example"},"detections":[],"severity_max":"none","detection_count":0,"provenance":{"raw_file":"raw/Windows.EventLogs.Evtx/results.json","raw_row":98,"collection_id":"demo-wks-corp-01"}},
  {"schema_version":"1.0.0","row_hash":"8395310a60a9b4636b3dc83c85a69d348ef8a08b076ccc30a0fea40ba065c103","timestamp_utc":"2026-03-07T02:03:42.0410000Z","timestamp_desc":"VisitTime","timestamp_source_field":"last_visit_time","source":"browser","artifact":"Windows.Applications.Edge.History","collector_kind":"velociraptor","host":"WKS-CORP-01","host_id":"4f1c0a9e-0001-4a00-9c31-b0de51000001","user":"EU\\alice","message":"Edge visit: Finance - monthly close","target":"https://intranet.corp.example/finance/monthly-close","network":{"domain":"intranet.corp.example","url":"https://intranet.corp.example/finance/monthly-close","direction":"outbound"},"detections":[],"severity_max":"none","detection_count":0,"provenance":{"raw_file":"raw/Windows.Applications.Edge.History/results.json","raw_row":7,"collection_id":"demo-wks-corp-01"}},
  {"schema_version":"1.0.0","row_hash":"1eed38740d6aedfc37b81f706cc0a3d479e470f4b9327b5589a0d7e53d89db6a","timestamp_utc":"2026-03-07T03:03:12.7490000Z","timestamp_desc":"LastExecuted","timestamp_source_field":"LastRunTimes","source":"execution","artifact":"Windows.Forensics.Prefetch","collector_kind":"velociraptor","host":"WKS-CORP-01","host_id":"4f1c0a9e-0001-4a00-9c31-b0de51000001","user":"EU\\alice","message":"MSEDGE.EXE executed (prefetch run count 89)","target":"C:\\Program Files (x86)\\Microsoft\\Edge\\Application\\msedge.exe","process":{"name":"MSEDGE.EXE","image_path":"C:\\Program Files (x86)\\Microsoft\\Edge\\Application\\msedge.exe","parent_name":"explorer.exe"},"detections":[],"severity_max":"none","detection_count":0,"provenance":{"raw_file":"raw/Windows.Forensics.Prefetch/results.json","raw_row":3,"collection_id":"demo-wks-corp-01"},"extra":{"prefetch_file":"MSEDGE.EXE-108DA6E5.pf"}},
  {"schema_version":"1.0.0","row_hash":"db07d145e0ca796bed1e0b6ac89e7a372ae35c3516cf2360261dd4eb4d56c407","timestamp_utc":"2026-03-07T03:51:42.0360000Z","timestamp_desc":"EventTime","source":"network","artifact":"Windows.Network.Netstat","collector_kind":"velociraptor","host":"WKS-CORP-01","host_id":"4f1c0a9e-0001-4a00-9c31-b0de51000001","user":"EU\\alice","message":"Outbound HTTPS session via corporate proxy","target":"10.0.5.9:8080","process":{"name":"MSEDGE.EXE","image_path":"C:\\Program Files (x86)\\Microsoft\\Edge\\Application\\msedge.exe","parent_name":"explorer.exe"},"network":{"src_ip":"10.0.5.41","src_port":61804,"dst_ip":"10.0.5.9","dst_port":8080,"protocol":"tcp","domain":"mail.corp.example","direction":"outbound","state":"ESTABLISHED"},"detections":[],"severity_max":"none","detection_count":0,"provenance":{"raw_file":"raw/Windows.Network.Netstat/results.json","raw_row":12,"collection_id":"demo-wks-corp-01"}},
  {"schema_version":"1.0.0","row_hash":"e876a8b711c24d05cae1bf267843628105c9b35bfe68a62aaad42ce9fb24ea4f","timestamp_utc":"2026-03-07T05:57:27.5230000Z","timestamp_desc":"RunTime","source":"scheduled_task","artifact":"Windows.System.TaskScheduler","collector_kind":"velociraptor","host":"WKS-CORP-01","host_id":"4f1c0a9e-0001-4a00-9c31-b0de51000001","user":"SYSTEM","message":"Scheduled task ran: \\Microsoft\\Windows\\UpdateOrchestrator\\Schedule Scan","target":"\\Microsoft\\Windows\\UpdateOrchestrator\\Schedule Scan","detections":[],"severity_max":"none","detection_count":0,"provenance":{"raw_file":"raw/Windows.System.TaskScheduler/results.json","raw_row":59,"collection_id":"demo-wks-corp-01"},"extra":{"result_code":0,"run_duration_seconds":43,"task_author":"Microsoft Corporation"}},
  {"schema_version":"1.0.0","row_hash":"a0834d380beb1f0855f3b7fd84e837350b177751866c8ed765d9fb266ba03f0d","timestamp_utc":"2026-03-07T06:07:36.2840000Z","timestamp_desc":"EventTime","source":"network","artifact":"Windows.Network.Netstat","collector_kind":"velociraptor","host":"WKS-CORP-01","host_id":"4f1c0a9e-0001-4a00-9c31-b0de51000001","user":"EU\\alice","message":"Outbound HTTPS session via corporate proxy","target":"10.0.5.9:8080","process":{"name":"MSEDGE.EXE","image_path":"C:\\Program Files (x86)\\Microsoft\\Edge\\Application\\msedge.exe","parent_name":"explorer.exe"},"network":{"src_ip":"10.0.5.41","src_port":52725,"dst_ip":"10.0.5.9","dst_port":8080,"protocol":"tcp","domain":"updates.corp.example","direction":"outbound","state":"ESTABLISHED"},"detections":[],"severity_max":"none","detection_count":0,"provenance":{"raw_file":"raw/Windows.Network.Netstat/results.json","raw_row":68,"collection_id":"demo-wks-corp-01"}},
  {"schema_version":"1.0.0","row_hash":"9c3dbce58c87b8e78567a3ee218a2d59c380661186488d7655b84121af3b24db","timestamp_utc":"2026-03-07T06:19:08.8110000Z","timestamp_desc":"EventTime","source":"log","artifact":"Windows.EventLogs.Evtx","collector_kind":"native","host":"WKS-CORP-01","host_id":"4f1c0a9e-0001-4a00-9c31-b0de51000001","user":"SYSTEM","message":"Antimalware definitions updated to 1.421.323.0","target":"Microsoft-Windows-Windows Defender/Operational","process":{"name":"MsMpEng.exe","parent_name":"services.exe"},"event":{"channel":"Microsoft-Windows-Windows Defender/Operational","provider":"Microsoft-Windows-Windows-Defender","event_id":2000,"record_id":2942,"level":"Information","computer":"WKS-CORP-01.eu.corp.example"},"detections":[],"severity_max":"none","detection_count":0,"provenance":{"raw_file":"raw/Windows.EventLogs.Evtx/results.json","raw_row":19,"collection_id":"demo-wks-corp-01"}},
  {"schema_version":"1.0.0","row_hash":"79e910150d4b26286b66e07721104098a3b09ce2b22626db6cd89bef5695834c","timestamp_utc":"2026-03-07T06:30:58.3670000Z","timestamp_desc":"RunTime","source":"scheduled_task","artifact":"Windows.System.TaskScheduler","collector_kind":"velociraptor","host":"WKS-CORP-01","host_id":"4f1c0a9e-0001-4a00-9c31-b0de51000001","user":"SYSTEM","message":"Scheduled task ran: \\Microsoft\\Windows\\UpdateOrchestrator\\Schedule Scan","target":"\\Microsoft\\Windows\\UpdateOrchestrator\\Schedule Scan","detections":[],"severity_max":"none","detection_count":0,"provenance":{"raw_file":"raw/Windows.System.TaskScheduler/results.json","raw_row":19,"collection_id":"demo-wks-corp-01"},"extra":{"result_code":0,"run_duration_seconds":27,"task_author":"Microsoft Corporation"}},
  {"schema_version":"1.0.0","row_hash":"65da7dd1915204f10eac0ea438fbe380bbacd4253492dd22d4019b1504022451","timestamp_utc":"2026-03-07T06:38:36.0320000Z","timestamp_desc":"InstallDate","source":"usb_device","artifact":"Windows.Registry.USBSTOR","collector_kind":"velociraptor","host":"WKS-CORP-01","host_id":"4f1c0a9e-0001-4a00-9c31-b0de51000001","user":"EU\\alice","message":"Sanctioned encrypted USB volume connected (asset FIN-USB-04)","target":"USBSTOR\\Disk&Ven_Corp&Prod_SecureKey&Rev_1.0","registry":{"key":"HKLM\\SYSTEM\\CurrentControlSet\\Enum\\USBSTOR\\Disk&Ven_Corp&Prod_SecureKey&Rev_1.0","value_name":"FriendlyName","value_data":"Corp SecureKey USB Device","value_type":"REG_SZ","hive":"SYSTEM"},"detections":[],"severity_max":"none","detection_count":0,"provenance":{"raw_file":"raw/Windows.Registry.USBSTOR/results.json","raw_row":69,"collection_id":"demo-wks-corp-01"},"extra":{"serial_number":"FINUSB048687","volume_label":"FIN-USB-04"}},
  {"schema_version":"1.0.0","row_hash":"24796c910b42716652dee39feeeb813dd181e22f31cc1934000225c887df214a","timestamp_utc":"2026-03-07T06:56:10.1840000Z","timestamp_desc":"EventTime","timestamp_source_field":"System.TimeCreated.SystemTime","source":"eventlog","artifact":"Windows.EventLogs.Evtx","collector_kind":"native","host":"WKS-CORP-01","host_id":"4f1c0a9e-0001-4a00-9c31-b0de51000001","user":"EU\\alice","message":"An account was successfully logged on (interactive): EU\\alice","target":"EU\\alice","event":{"channel":"Security","provider":"Microsoft-Windows-Security-Auditing","event_id":4624,"record_id":334154,"level":"Information","computer":"WKS-CORP-01.eu.corp.example","logon_type":2,"logon_id":"0x3730a"},"detections":[],"severity_max":"none","detection_count":0,"provenance":{"raw_file":"raw/Windows.EventLogs.Evtx/results.json","raw_row":144,"collection_id":"demo-wks-corp-01"}},
  {"schema_version":"1.0.0","row_hash":"68bbd44e603873bf59e91531a279d4dd72a362e46e93974044d57565fc0f5dc4","timestamp_utc":"2026-03-07T07:24:11.8720000Z","timestamp_desc":"RunTime","source":"scheduled_task","artifact":"Windows.System.TaskScheduler","collector_kind":"velociraptor","host":"WKS-CORP-01","host_id":"4f1c0a9e-0001-4a00-9c31-b0de51000001","user":"SYSTEM","message":"Scheduled task ran: \\Microsoft\\Windows\\UpdateOrchestrator\\Schedule Scan","target":"\\Microsoft\\Windows\\UpdateOrchestrator\\Schedule Scan","detections":[],"severity_max":"none","detection_count":0,"provenance":{"raw_file":"raw/Windows.System.TaskScheduler/results.json","raw_row":3,"collection_id":"demo-wks-corp-01"},"extra":{"result_code":0,"run_duration_seconds":21,"task_author":"Microsoft Corporation"}},
  {"schema_version":"1.0.0","row_hash":"ac6dfa874999f87ef0c89d4bd68631c9b840f5f8c8e166a45a1b23f188797e79","timestamp_utc":"2026-03-07T07:56:48.3360000Z","timestamp_desc":"LastWriteTime","source":"system_info","artifact":"Windows.Sysinternals.Autoruns","collector_kind":"velociraptor","host":"WKS-CORP-01","host_id":"4f1c0a9e-0001-4a00-9c31-b0de51000001","user":"SYSTEM","message":"Autorun entry enumerated: OneDrive (signed, Microsoft Corporation)","target":"C:\\Program Files\\Microsoft OneDrive\\OneDrive.exe","file":{"path":"C:\\Program Files\\Microsoft OneDrive\\OneDrive.exe","name":"OneDrive.exe","extension":"exe","size_bytes":2849305,"signature_status":"signed_valid","signer":"Microsoft Corporation"},"detections":[],"severity_max":"none","detection_count":0,"provenance":{"raw_file":"raw/Windows.Sysinternals.Autoruns/results.json","raw_row":74,"collection_id":"demo-wks-corp-01"}},
  {"schema_version":"1.0.0","row_hash":"2eb47172cae92139945c4b6be61121638ccde9e7ca68a685c093e22964db99aa","timestamp_utc":"2026-03-07T08:03:30.1510000Z","timestamp_desc":"RunTime","source":"scheduled_task","artifact":"Windows.System.TaskScheduler","collector_kind":"velociraptor","host":"WKS-CORP-01","host_id":"4f1c0a9e-0001-4a00-9c31-b0de51000001","user":"SYSTEM","message":"Scheduled task ran: \\Microsoft\\Windows\\UpdateOrchestrator\\Schedule Scan","target":"\\Microsoft\\Windows\\UpdateOrchestrator\\Schedule Scan","detections":[],"severity_max":"none","detection_count":0,"provenance":{"raw_file":"raw/Windows.System.TaskScheduler/results.json","raw_row":35,"collection_id":"demo-wks-corp-01"},"extra":{"result_code":0,"run_duration_seconds":25,"task_author":"Microsoft Corporation"}},
  {"schema_version":"1.0.0","row_hash":"5c18a4528324c05f97c5df4a74d41dac6a46c0719b413e79a04aa6e4a43c1c23","timestamp_utc":"2026-03-07T08:25:11.5820000Z","timestamp_desc":"InstallDate","source":"usb_device","artifact":"Windows.Registry.USBSTOR","collector_kind":"velociraptor","host":"WKS-CORP-01","host_id":"4f1c0a9e-0001-4a00-9c31-b0de51000001","user":"EU\\alice","message":"Sanctioned encrypted USB volume connected (asset FIN-USB-04)","target":"USBSTOR\\Disk&Ven_Corp&Prod_SecureKey&Rev_1.0","registry":{"key":"HKLM\\SYSTEM\\CurrentControlSet\\Enum\\USBSTOR\\Disk&Ven_Corp&Prod_SecureKey&Rev_1.0","value_name":"FriendlyName","value_data":"Corp SecureKey USB Device","value_type":"REG_SZ","hive":"SYSTEM"},"detections":[],"severity_max":"none","detection_count":0,"provenance":{"raw_file":"raw/Windows.Registry.USBSTOR/results.json","raw_row":13,"collection_id":"demo-wks-corp-01"},"extra":{"serial_number":"FINUSB049856","volume_label":"FIN-USB-04"}},
  {"schema_version":"1.0.0","row_hash":"fddfc7cf42a9af7c27fc41554aaeb81138387b21f7284088c4bae79569c3c563","timestamp_utc":"2026-03-07T08:27:13.8610000Z","timestamp_desc":"Modified","timestamp_source_field":"Mtime","source":"filesystem","artifact":"Windows.NTFS.MFT","collector_kind":"velociraptor","host":"WKS-CORP-01","host_id":"4f1c0a9e-0001-4a00-9c31-b0de51000001","user":"EU\\alice","message":"File modified: payroll-summary.xlsx","target":"C:\\Users\\alice\\Documents\\payroll-summary.xlsx","file":{"path":"C:\\Users\\alice\\Documents\\payroll-summary.xlsx","name":"payroll-summary.xlsx","extension":"xlsx","size_bytes":94806,"mft_entry":122676,"is_directory":false,"is_allocated":true},"detections":[],"severity_max":"none","detection_count":0,"provenance":{"raw_file":"raw/Windows.NTFS.MFT/results.json","raw_row":54,"collection_id":"demo-wks-corp-01"}},
  {"schema_version":"1.0.0","row_hash":"f342aa07204e6391f928d05731f2a93c6ca52cd79d0c6de66ba23fe4277dfd09","timestamp_utc":"2026-03-07T08:30:20.5060000Z","timestamp_desc":"EventTime","source":"network","artifact":"Windows.Network.Netstat","collector_kind":"velociraptor","host":"WKS-CORP-01","host_id":"4f1c0a9e-0001-4a00-9c31-b0de51000001","user":"EU\\alice","message":"Outbound HTTPS session via corporate proxy","target":"10.0.5.9:8080","process":{"name":"MSEDGE.EXE","image_path":"C:\\Program Files (x86)\\Microsoft\\Edge\\Application\\msedge.exe","parent_name":"explorer.exe"},"network":{"src_ip":"10.0.5.41","src_port":54075,"dst_ip":"10.0.5.9","dst_port":8080,"protocol":"tcp","domain":"dc-eu-01.eu.corp.example","direction":"outbound","state":"ESTABLISHED"},"detections":[],"severity_max":"none","detection_count":0,"provenance":{"raw_file":"raw/Windows.Network.Netstat/results.json","raw_row":36,"collection_id":"demo-wks-corp-01"}},
  {"schema_version":"1.0.0","row_hash":"41e2ccb7e649f4c65c3ee24d875f75e939c6fc0becb3c2868c046756b45bfa6f","timestamp_utc":"2026-03-07T08:31:24.1470000Z","timestamp_desc":"EventTime","source":"network","artifact":"Windows.Network.Netstat","collector_kind":"velociraptor","host":"WKS-CORP-01","host_id":"4f1c0a9e-0001-4a00-9c31-b0de51000001","user":"EU\\alice","message":"Outbound HTTPS session via corporate proxy","target":"10.0.5.9:8080","process":{"name":"MSEDGE.EXE","image_path":"C:\\Program Files (x86)\\Microsoft\\Edge\\Application\\msedge.exe","parent_name":"explorer.exe"},"network":{"src_ip":"10.0.5.41","src_port":58349,"dst_ip":"10.0.5.9","dst_port":8080,"protocol":"tcp","domain":"intranet.corp.example","direction":"outbound","state":"ESTABLISHED"},"detections":[],"severity_max":"none","detection_count":0,"provenance":{"raw_file":"raw/Windows.Network.Netstat/results.json","raw_row":4,"collection_id":"demo-wks-corp-01"}},
  {"schema_version":"1.0.0","row_hash":"d9c449dadf21718aa3115b5f345663b33d49fce9f8c880611ef686b6eb9bfb03","timestamp_utc":"2026-03-07T08:34:36.9530000Z","timestamp_desc":"VisitTime","timestamp_source_field":"last_visit_time","source":"browser","artifact":"Windows.Applications.Edge.History","collector_kind":"velociraptor","host":"WKS-CORP-01","host_id":"4f1c0a9e-0001-4a00-9c31-b0de51000001","user":"EU\\alice","message":"Edge visit: IT service desk","target":"https://intranet.corp.example/it/servicedesk","network":{"domain":"intranet.corp.example","url":"https://intranet.corp.example/it/servicedesk","direction":"outbound"},"detections":[],"severity_max":"none","detection_count":0,"provenance":{"raw_file":"raw/Windows.Applications.Edge.History/results.json","raw_row":23,"collection_id":"demo-wks-corp-01"}},
  {"schema_version":"1.0.0","row_hash":"c5da47d6edbaeb32868006049f08d5a1945903d059f75a7c2921381e6d7fadee","timestamp_utc":"2026-03-07T08:34:51.6380000Z","timestamp_desc":"RunTime","source":"scheduled_task","artifact":"Windows.System.TaskScheduler","collector_kind":"velociraptor","host":"WKS-CORP-01","host_id":"4f1c0a9e-0001-4a00-9c31-b0de51000001","user":"SYSTEM","message":"Scheduled task ran: \\Microsoft\\Windows\\UpdateOrchestrator\\Schedule Scan","target":"\\Microsoft\\Windows\\UpdateOrchestrator\\Schedule Scan","detections":[],"severity_max":"none","detection_count":0,"provenance":{"raw_file":"raw/Windows.System.TaskScheduler/results.json","raw_row":67,"collection_id":"demo-wks-corp-01"},"extra":{"result_code":0,"run_duration_seconds":34,"task_author":"Microsoft Corporation"}},
  {"schema_version":"1.0.0","row_hash":"d43fc187d45ca875abb9c67ca8ba61c835d33fc0038fe7cc59d80229bd1771db","timestamp_utc":"2026-03-07T09:03:14.8440000Z","timestamp_desc":"Modified","timestamp_source_field":"Mtime","source":"filesystem","artifact":"Windows.NTFS.MFT","collector_kind":"velociraptor","host":"WKS-CORP-01","host_id":"4f1c0a9e-0001-4a00-9c31-b0de51000001","user":"EU\\alice","message":"File modified: vat-return-2026.xlsx","target":"C:\\Users\\alice\\Documents\\vat-return-2026.xlsx","file":{"path":"C:\\Users\\alice\\Documents\\vat-return-2026.xlsx","name":"vat-return-2026.xlsx","extension":"xlsx","size_bytes":296743,"mft_entry":114007,"is_directory":false,"is_allocated":true},"detections":[],"severity_max":"none","detection_count":0,"provenance":{"raw_file":"raw/Windows.NTFS.MFT/results.json","raw_row":6,"collection_id":"demo-wks-corp-01"}},
  {"schema_version":"1.0.0","row_hash":"3e686899aba1c9fded200127ad47abd909b3d2eb409147e69580ee77693919ab","timestamp_utc":"2026-03-07T09:07:07.6120000Z","timestamp_desc":"EventTime","source":"network","artifact":"Windows.Network.Netstat","collector_kind":"velociraptor","host":"WKS-CORP-01","host_id":"4f1c0a9e-0001-4a00-9c31-b0de51000001","user":"EU\\alice","message":"Outbound HTTPS session via corporate proxy","target":"10.0.5.9:8080","process":{"name":"MSEDGE.EXE","image_path":"C:\\Program Files (x86)\\Microsoft\\Edge\\Application\\msedge.exe","parent_name":"explorer.exe"},"network":{"src_ip":"10.0.5.41","src_port":60761,"dst_ip":"10.0.5.9","dst_port":8080,"protocol":"tcp","domain":"updates.corp.example","direction":"outbound","state":"ESTABLISHED"},"detections":[],"severity_max":"none","detection_count":0,"provenance":{"raw_file":"raw/Windows.Network.Netstat/results.json","raw_row":60,"collection_id":"demo-wks-corp-01"}},
  {"schema_version":"1.0.0","row_hash":"ae87b1781b05357752a591f8cad410b81b683a473bec87b9a1889e73cd77e017","timestamp_utc":"2026-03-07T09:18:00.5520000Z","timestamp_desc":"EventTime","source":"service","artifact":"Windows.EventLogs.Evtx","collector_kind":"native","host":"WKS-CORP-01","host_id":"4f1c0a9e-0001-4a00-9c31-b0de51000001","user":"SYSTEM","message":"Service entered the running state: Windows Update (wuauserv)","target":"wuauserv","process":{"name":"services.exe","image_path":"C:\\Windows\\System32\\services.exe"},"event":{"channel":"System","provider":"Service Control Manager","event_id":7036,"record_id":5834,"level":"Information","computer":"WKS-CORP-01.eu.corp.example"},"detections":[],"severity_max":"none","detection_count":0,"provenance":{"raw_file":"raw/Windows.EventLogs.Evtx/results.json","raw_row":26,"collection_id":"demo-wks-corp-01"}},
  {"schema_version":"1.0.0","row_hash":"7c11f3e17683e0029d33a480cf74593aed7d801c65b5c56023c8f07927da25dc","timestamp_utc":"2026-03-07T09:18:49.2540000Z","timestamp_desc":"Modified","timestamp_source_field":"Mtime","source":"filesystem","artifact":"Windows.NTFS.MFT","collector_kind":"velociraptor","host":"WKS-CORP-01","host_id":"4f1c0a9e-0001-4a00-9c31-b0de51000001","user":"EU\\alice","message":"File modified: supplier-review.docx","target":"C:\\Users\\alice\\Documents\\supplier-review.docx","file":{"path":"C:\\Users\\alice\\Documents\\supplier-review.docx","name":"supplier-review.docx","extension":"docx","size_bytes":315304,"mft_entry":102293,"is_directory":false,"is_allocated":true},"detections":[],"severity_max":"none","detection_count":0,"provenance":{"raw_file":"raw/Windows.NTFS.MFT/results.json","raw_row":62,"collection_id":"demo-wks-corp-01"}},
  {"schema_version":"1.0.0","row_hash":"267e5a38cf62a70360d6e24715271bf728f649aab14e9551f0bbfc210524e1f0","timestamp_utc":"2026-03-07T09:21:20.0330000Z","timestamp_desc":"LastWriteTime","timestamp_source_field":"LastModified","source":"registry","artifact":"Windows.Registry.AppCompatCache","collector_kind":"velociraptor","host":"WKS-CORP-01","host_id":"4f1c0a9e-0001-4a00-9c31-b0de51000001","user":"SYSTEM","message":"AppCompatCache entry: WINWORD.EXE","target":"C:\\Program Files\\Microsoft Office\\root\\Office16\\WINWORD.EXE","registry":{"key":"HKLM\\SYSTEM\\CurrentControlSet\\Control\\Session Manager\\AppCompatCache","value_name":"AppCompatCache","value_data":"C:\\Program Files\\Microsoft Office\\root\\Office16\\WINWORD.EXE","value_type":"REG_BINARY","hive":"SYSTEM"},"detections":[],"severity_max":"none","detection_count":0,"provenance":{"raw_file":"raw/Windows.Registry.AppCompatCache/results.json","raw_row":2,"collection_id":"demo-wks-corp-01"},"extra":{"cache_slot":71}},
  {"schema_version":"1.0.0","row_hash":"f1fa620e6cf0e10c5382273b0d10c3129036226ac0958217c0f680f2aae3919b","timestamp_utc":"2026-03-07T09:21:41.7370000Z","timestamp_desc":"RunTime","source":"scheduled_task","artifact":"Windows.System.TaskScheduler","collector_kind":"velociraptor","host":"WKS-CORP-01","host_id":"4f1c0a9e-0001-4a00-9c31-b0de51000001","user":"SYSTEM","message":"Scheduled task ran: \\Microsoft\\Windows\\UpdateOrchestrator\\Schedule Scan","target":"\\Microsoft\\Windows\\UpdateOrchestrator\\Schedule Scan","detections":[],"severity_max":"none","detection_count":0,"provenance":{"raw_file":"raw/Windows.System.TaskScheduler/results.json","raw_row":27,"collection_id":"demo-wks-corp-01"},"extra":{"result_code":0,"run_duration_seconds":38,"task_author":"Microsoft Corporation"}},
  {"schema_version":"1.0.0","row_hash":"0c15115519b42a064c460dfed6a3b56877e538db0afba330c5d9a1f4506dcb8d","timestamp_utc":"2026-03-07T09:28:31.8270000Z","timestamp_desc":"LastExecuted","timestamp_source_field":"LastRunTimes","source":"execution","artifact":"Windows.Forensics.Prefetch","collector_kind":"velociraptor","host":"WKS-CORP-01","host_id":"4f1c0a9e-0001-4a00-9c31-b0de51000001","user":"EU\\alice","message":"EXCEL.EXE executed (prefetch run count 83)","target":"C:\\Program Files\\Microsoft Office\\root\\Office16\\EXCEL.EXE","process":{"name":"EXCEL.EXE","image_path":"C:\\Program Files\\Microsoft Office\\root\\Office16\\EXCEL.EXE","parent_name":"explorer.exe"},"detections":[],"severity_max":"none","detection_count":0,"provenance":{"raw_file":"raw/Windows.Forensics.Prefetch/results.json","raw_row":27,"collection_id":"demo-wks-corp-01"},"extra":{"prefetch_file":"EXCEL.EXE-1FB5D098.pf"}},
  {"schema_version":"1.0.0","row_hash":"d25efbfcc4c259e23dab8dbf9395542032f0118b85adaa503751e9bb2c30f4db","timestamp_utc":"2026-03-07T09:30:43.2550000Z","timestamp_desc":"Modified","timestamp_source_field":"Mtime","source":"filesystem","artifact":"Windows.NTFS.MFT","collector_kind":"velociraptor","host":"WKS-CORP-01","host_id":"4f1c0a9e-0001-4a00-9c31-b0de51000001","user":"EU\\alice","message":"File modified: vat-return-2026.xlsx","target":"C:\\Users\\alice\\Documents\\vat-return-2026.xlsx","file":{"path":"C:\\Users\\alice\\Documents\\vat-return-2026.xlsx","name":"vat-return-2026.xlsx","extension":"xlsx","size_bytes":113944,"mft_entry":105219,"is_directory":false,"is_allocated":true},"detections":[],"severity_max":"none","detection_count":0,"provenance":{"raw_file":"raw/Windows.NTFS.MFT/results.json","raw_row":46,"collection_id":"demo-wks-corp-01"}},
  {"schema_version":"1.0.0","row_hash":"42d9697f4b145b6f84c0d73059ae3936e593d474b060a216117be1e3b1b1ac6e","timestamp_utc":"2026-03-07T09:31:15.4690000Z","timestamp_desc":"EventTime","source":"service","artifact":"Windows.EventLogs.Evtx","collector_kind":"native","host":"WKS-CORP-01","host_id":"4f1c0a9e-0001-4a00-9c31-b0de51000001","user":"SYSTEM","message":"Service entered the running state: Windows Update (wuauserv)","target":"wuauserv","process":{"name":"services.exe","image_path":"C:\\Windows\\System32\\services.exe"},"event":{"channel":"System","provider":"Service Control Manager","event_id":7036,"record_id":9464,"level":"Information","computer":"WKS-CORP-01.eu.corp.example"},"detections":[],"severity_max":"none","detection_count":0,"provenance":{"raw_file":"raw/Windows.EventLogs.Evtx/results.json","raw_row":74,"collection_id":"demo-wks-corp-01"}},
  {"schema_version":"1.0.0","row_hash":"e7747ae24c27a55ee1f0dbddf343c9f5c8814488815ccfea40cf41d1bdfb7099","timestamp_utc":"2026-03-07T09:48:35.7450000Z","timestamp_desc":"VisitTime","timestamp_source_field":"last_visit_time","source":"browser","artifact":"Windows.Applications.Edge.History","collector_kind":"velociraptor","host":"WKS-CORP-01","host_id":"4f1c0a9e-0001-4a00-9c31-b0de51000001","user":"EU\\alice","message":"Edge visit: HR - leave balance","target":"https://intranet.corp.example/hr/leave","network":{"domain":"intranet.corp.example","url":"https://intranet.corp.example/hr/leave","direction":"outbound"},"detections":[],"severity_max":"none","detection_count":0,"provenance":{"raw_file":"raw/Windows.Applications.Edge.History/results.json","raw_row":63,"collection_id":"demo-wks-corp-01"}},
  {"schema_version":"1.0.0","row_hash":"beb297f38fa437de665a45a4b0130f67b9b18c8a622a787895c832b2ccf162fe","timestamp_utc":"2026-03-07T09:49:32.3530000Z","timestamp_desc":"LastWriteTime","source":"system_info","artifact":"Windows.Sysinternals.Autoruns","collector_kind":"velociraptor","host":"WKS-CORP-01","host_id":"4f1c0a9e-0001-4a00-9c31-b0de51000001","user":"SYSTEM","message":"Autorun entry enumerated: OneDrive (signed, Microsoft Corporation)","target":"C:\\Program Files\\Microsoft OneDrive\\OneDrive.exe","file":{"path":"C:\\Program Files\\Microsoft OneDrive\\OneDrive.exe","name":"OneDrive.exe","extension":"exe","size_bytes":2805156,"signature_status":"signed_valid","signer":"Microsoft Corporation"},"detections":[],"severity_max":"none","detection_count":0,"provenance":{"raw_file":"raw/Windows.Sysinternals.Autoruns/results.json","raw_row":34,"collection_id":"demo-wks-corp-01"}},
  {"schema_version":"1.0.0","row_hash":"72b28db6979a0a18e1e8e6c8cb2ba21bb765545e1881c341618b052196bc2006","timestamp_utc":"2026-03-07T09:50:02.8610000Z","timestamp_desc":"EventTime","source":"log","artifact":"Windows.EventLogs.Evtx","collector_kind":"native","host":"WKS-CORP-01","host_id":"4f1c0a9e-0001-4a00-9c31-b0de51000001","user":"SYSTEM","message":"Antimalware definitions updated to 1.421.341.0","target":"Microsoft-Windows-Windows Defender/Operational","process":{"name":"MsMpEng.exe","parent_name":"services.exe"},"event":{"channel":"Microsoft-Windows-Windows Defender/Operational","provider":"Microsoft-Windows-Windows-Defender","event_id":2000,"record_id":9862,"level":"Information","computer":"WKS-CORP-01.eu.corp.example"},"detections":[],"severity_max":"none","detection_count":0,"provenance":{"raw_file":"raw/Windows.EventLogs.Evtx/results.json","raw_row":187,"collection_id":"demo-wks-corp-01"}},
  {"schema_version":"1.0.0","row_hash":"128e5ba5f4cb44fd7ad5f26a74d6e57653ae39d4542e3522e3c95a25e470c319","timestamp_utc":"2026-03-07T09:53:45.2910000Z","timestamp_desc":"EventTime","source":"network","artifact":"Windows.Network.Netstat","collector_kind":"velociraptor","host":"WKS-CORP-01","host_id":"4f1c0a9e-0001-4a00-9c31-b0de51000001","user":"EU\\alice","message":"Outbound HTTPS session via corporate proxy","target":"10.0.5.9:8080","process":{"name":"MSEDGE.EXE","image_path":"C:\\Program Files (x86)\\Microsoft\\Edge\\Application\\msedge.exe","parent_name":"explorer.exe"},"network":{"src_ip":"10.0.5.41","src_port":49314,"dst_ip":"10.0.5.9","dst_port":8080,"protocol":"tcp","domain":"wsus.corp.example","direction":"outbound","state":"ESTABLISHED"},"detections":[],"severity_max":"none","detection_count":0,"provenance":{"raw_file":"raw/Windows.Network.Netstat/results.json","raw_row":76,"collection_id":"demo-wks-corp-01"}},
  {"schema_version":"1.0.0","row_hash":"86481f749f6234fbe98b2b5eef5ccbe8c52764068a6e106a86e2fe43b876fe3f","timestamp_utc":"2026-03-07T09:58:39.7710000Z","timestamp_desc":"EventTime","source":"log","artifact":"Windows.EventLogs.Evtx","collector_kind":"native","host":"WKS-CORP-01","host_id":"4f1c0a9e-0001-4a00-9c31-b0de51000001","user":"SYSTEM","message":"Antimalware definitions updated to 1.421.338.0","target":"Microsoft-Windows-Windows Defender/Operational","process":{"name":"MsMpEng.exe","parent_name":"services.exe"},"event":{"channel":"Microsoft-Windows-Windows Defender/Operational","provider":"Microsoft-Windows-Windows-Defender","event_id":2000,"record_id":1328,"level":"Information","computer":"WKS-CORP-01.eu.corp.example"},"detections":[],"severity_max":"none","detection_count":0,"provenance":{"raw_file":"raw/Windows.EventLogs.Evtx/results.json","raw_row":139,"collection_id":"demo-wks-corp-01"}},
  {"schema_version":"1.0.0","row_hash":"964ccd00fe37333308446af8d05d47f6f5f6c663f701273486ac6a9d1f03429d","timestamp_utc":"2026-03-07T10:01:25.6300000Z","timestamp_desc":"RunTime","source":"scheduled_task","artifact":"Windows.System.TaskScheduler","collector_kind":"velociraptor","host":"WKS-CORP-01","host_id":"4f1c0a9e-0001-4a00-9c31-b0de51000001","user":"SYSTEM","message":"Scheduled task ran: \\Microsoft\\Windows\\UpdateOrchestrator\\Schedule Scan","target":"\\Microsoft\\Windows\\UpdateOrchestrator\\Schedule Scan","detections":[],"severity_max":"none","detection_count":0,"provenance":{"raw_file":"raw/Windows.System.TaskScheduler/results.json","raw_row":43,"collection_id":"demo-wks-corp-01"},"extra":{"result_code":0,"run_duration_seconds":39,"task_author":"Microsoft Corporation"}},
  {"schema_version":"1.0.0","row_hash":"40f6c9f84b07fb89fdf1f42f974ea18e3bf840d458be91c545b2388886f670d6","timestamp_utc":"2026-03-07T10:02:40.2810000Z","timestamp_desc":"LastExecuted","timestamp_source_field":"LastRunTimes","source":"execution","artifact":"Windows.Forensics.Prefetch","collector_kind":"velociraptor","host":"WKS-CORP-01","host_id":"4f1c0a9e-0001-4a00-9c31-b0de51000001","user":"EU\\alice","message":"MSEDGE.EXE executed (prefetch run count 20)","target":"C:\\Program Files (x86)\\Microsoft\\Edge\\Application\\msedge.exe","process":{"name":"MSEDGE.EXE","image_path":"C:\\Program Files (x86)\\Microsoft\\Edge\\Application\\msedge.exe","parent_name":"explorer.exe"},"detections":[],"severity_max":"none","detection_count":0,"provenance":{"raw_file":"raw/Windows.Forensics.Prefetch/results.json","raw_row":75,"collection_id":"demo-wks-corp-01"},"extra":{"prefetch_file":"MSEDGE.EXE-1D070758.pf"}},
  {"schema_version":"1.0.0","row_hash":"e86588e2f38f47e20a570b9a4bbfd01b3d0558c7c010e3b8167865d69926adde","timestamp_utc":"2026-03-07T10:04:30.8180000Z","timestamp_desc":"InstallDate","source":"usb_device","artifact":"Windows.Registry.USBSTOR","collector_kind":"velociraptor","host":"WKS-CORP-01","host_id":"4f1c0a9e-0001-4a00-9c31-b0de51000001","user":"EU\\alice","message":"Sanctioned encrypted USB volume connected (asset FIN-USB-04)","target":"USBSTOR\\Disk&Ven_Corp&Prod_SecureKey&Rev_1.0","registry":{"key":"HKLM\\SYSTEM\\CurrentControlSet\\Enum\\USBSTOR\\Disk&Ven_Corp&Prod_SecureKey&Rev_1.0","value_name":"FriendlyName","value_data":"Corp SecureKey USB Device","value_type":"REG_SZ","hive":"SYSTEM"},"detections":[],"severity_max":"none","detection_count":0,"provenance":{"raw_file":"raw/Windows.Registry.USBSTOR/results.json","raw_row":37,"collection_id":"demo-wks-corp-01"},"extra":{"serial_number":"FINUSB042740","volume_label":"FIN-USB-04"}},
  {"schema_version":"1.0.0","row_hash":"ee032556632c4cd128a8c633636480787ca6a7a37128a6ba43804447d577f325","timestamp_utc":"2026-03-07T10:09:28.8570000Z","timestamp_desc":"VisitTime","timestamp_source_field":"last_visit_time","source":"browser","artifact":"Windows.Applications.Edge.History","collector_kind":"velociraptor","host":"WKS-CORP-01","host_id":"4f1c0a9e-0001-4a00-9c31-b0de51000001","user":"EU\\alice","message":"Edge visit: Finance document library","target":"https://sharepoint.corp.example/sites/finance/Shared%20Documents","network":{"domain":"sharepoint.corp.example","url":"https://sharepoint.corp.example/sites/finance/Shared%20Documents","direction":"outbound"},"detections":[],"severity_max":"none","detection_count":0,"provenance":{"raw_file":"raw/Windows.Applications.Edge.History/results.json","raw_row":71,"collection_id":"demo-wks-corp-01"}},
  {"schema_version":"1.0.0","row_hash":"e7c14b20098797642247592c446d59f412f1bea21619886c0aa2e50ac4f0d524","timestamp_utc":"2026-03-07T10:13:31.4800000Z","timestamp_desc":"EventTime","source":"log","artifact":"Windows.EventLogs.Evtx","collector_kind":"native","host":"WKS-CORP-01","host_id":"4f1c0a9e-0001-4a00-9c31-b0de51000001","user":"SYSTEM","message":"Antimalware definitions updated to 1.421.346.0","target":"Microsoft-Windows-Windows Defender/Operational","process":{"name":"MsMpEng.exe","parent_name":"services.exe"},"event":{"channel":"Microsoft-Windows-Windows Defender/Operational","provider":"Microsoft-Windows-Windows-Defender","event_id":2000,"record_id":6286,"level":"Information","computer":"WKS-CORP-01.eu.corp.example"},"detections":[],"severity_max":"none","detection_count":0,"provenance":{"raw_file":"raw/Windows.EventLogs.Evtx/results.json","raw_row":91,"collection_id":"demo-wks-corp-01"}},
  {"schema_version":"1.0.0","row_hash":"f4710cafe8fdf19dd6f2f8f6691d20fff80bd35ef77e6c9f14a7ccead8ee01c0","timestamp_utc":"2026-03-07T10:15:04.6840000Z","timestamp_desc":"LastWriteTime","timestamp_source_field":"LastModified","source":"registry","artifact":"Windows.Registry.AppCompatCache","collector_kind":"velociraptor","host":"WKS-CORP-01","host_id":"4f1c0a9e-0001-4a00-9c31-b0de51000001","user":"SYSTEM","message":"AppCompatCache entry: EXCEL.EXE","target":"C:\\Program Files\\Microsoft Office\\root\\Office16\\EXCEL.EXE","registry":{"key":"HKLM\\SYSTEM\\CurrentControlSet\\Control\\Session Manager\\AppCompatCache","value_name":"AppCompatCache","value_data":"C:\\Program Files\\Microsoft Office\\root\\Office16\\EXCEL.EXE","value_type":"REG_BINARY","hive":"SYSTEM"},"detections":[],"severity_max":"none","detection_count":0,"provenance":{"raw_file":"raw/Windows.Registry.AppCompatCache/results.json","raw_row":50,"collection_id":"demo-wks-corp-01"},"extra":{"cache_slot":214}},
  {"schema_version":"1.0.0","row_hash":"a9c6ece2175cbe6eb87d1b4aa7d5e4836f6c6d9a43d1df932b4264305dacf9d7","timestamp_utc":"2026-03-07T10:17:24.3950000Z","timestamp_desc":"EventTime","source":"service","artifact":"Windows.EventLogs.Evtx","collector_kind":"native","host":"WKS-CORP-01","host_id":"4f1c0a9e-0001-4a00-9c31-b0de51000001","user":"SYSTEM","message":"Service entered the running state: Windows Update (wuauserv)","target":"wuauserv","process":{"name":"services.exe","image_path":"C:\\Windows\\System32\\services.exe"},"event":{"channel":"System","provider":"Service Control Manager","event_id":7036,"record_id":8770,"level":"Information","computer":"WKS-CORP-01.eu.corp.example"},"detections":[],"severity_max":"none","detection_count":0,"provenance":{"raw_file":"raw/Windows.EventLogs.Evtx/results.json","raw_row":122,"collection_id":"demo-wks-corp-01"}},
