  {"schema_version":"1.0.0","row_hash":"fd01b6db83aa3a6fd571b6d044419f35a8c678d9d166b23755143d297b88bf64","timestamp_utc":"2026-03-12T07:51:35.2730000Z","timestamp_desc":"LastWriteTime","source":"system_info","artifact":"Windows.Sysinternals.Autoruns","collector_kind":"velociraptor","host":"WKS-CORP-01","host_id":"4f1c0a9e-0001-4a00-9c31-b0de51000001","user":"SYSTEM","message":"Autorun entry enumerated: OneDrive (signed, Microsoft Corporation)","target":"C:\\Program Files\\Microsoft OneDrive\\OneDrive.exe","file":{"path":"C:\\Program Files\\Microsoft OneDrive\\OneDrive.exe","name":"OneDrive.exe","extension":"exe","size_bytes":2882365,"signature_status":"signed_valid","signer":"Microsoft Corporation"},"detections":[],"severity_max":"none","detection_count":0,"provenance":{"raw_file":"raw/Windows.Sysinternals.Autoruns/results.json","raw_row":65,"collection_id":"demo-wks-corp-01"}},
  {"schema_version":"1.0.0","row_hash":"70bde08c809b31761a45b9395e7363f6df2855e9ecf22869c57dca7289db46e1","timestamp_utc":"2026-03-12T08:00:12.4230000Z","timestamp_desc":"RunTime","source":"scheduled_task","artifact":"Windows.System.TaskScheduler","collector_kind":"velociraptor","host":"WKS-CORP-01","host_id":"4f1c0a9e-0001-4a00-9c31-b0de51000001","user":"SYSTEM","message":"Scheduled task ran: \\Microsoft\\Windows\\UpdateOrchestrator\\Schedule Scan","target":"\\Microsoft\\Windows\\UpdateOrchestrator\\Schedule Scan","detections":[],"severity_max":"none","detection_count":0,"provenance":{"raw_file":"raw/Windows.System.TaskScheduler/results.json","raw_row":66,"collection_id":"demo-wks-corp-01"},"extra":{"result_code":0,"run_duration_seconds":41,"task_author":"Microsoft Corporation"}},
  {"schema_version":"1.0.0","row_hash":"950d6cce0cda39aa81a78bc9fc2336794a89f1b58f27a5d8f190bb322fc7ca27","timestamp_utc":"2026-03-12T08:27:37.7740000Z","timestamp_desc":"LastWriteTime","timestamp_source_field":"LastModified","source":"registry","artifact":"Windows.Registry.AppCompatCache","collector_kind":"velociraptor","host":"WKS-CORP-01","host_id":"4f1c0a9e-0001-4a00-9c31-b0de51000001","user":"SYSTEM","message":"AppCompatCache entry: NOTEPAD.EXE","target":"C:\\Windows\\System32\\notepad.exe","registry":{"key":"HKLM\\SYSTEM\\CurrentControlSet\\Control\\Session Manager\\AppCompatCache","value_name":"AppCompatCache","value_data":"C:\\Windows\\System32\\notepad.exe","value_type":"REG_BINARY","hive":"SYSTEM"},"detections":[],"severity_max":"none","detection_count":0,"provenance":{"raw_file":"raw/Windows.Registry.AppCompatCache/results.json","raw_row":25,"collection_id":"demo-wks-corp-01"},"extra":{"cache_slot":5}},
  {"schema_version":"1.0.0","row_hash":"702e7f72a9da2344e7f7722a7a7d2606cba9bf4b9dc6328589d16274f7eee9f6","timestamp_utc":"2026-03-12T08:29:54.5000000Z","timestamp_desc":"EventTime","source":"network","artifact":"Windows.Network.Netstat","collector_kind":"velociraptor","host":"WKS-CORP-01","host_id":"4f1c0a9e-0001-4a00-9c31-b0de51000001","user":"EU\\alice","message":"Outbound HTTPS session via corporate proxy","target":"10.0.5.9:8080","process":{"name":"MSEDGE.EXE","image_path":"C:\\Program Files (x86)\\Microsoft\\Edge\\Application\\msedge.exe","parent_name":"explorer.exe"},"network":{"src_ip":"10.0.5.41","src_port":61047,"dst_ip":"10.0.5.9","dst_port":8080,"protocol":"tcp","domain":"updates.corp.example","direction":"outbound","state":"ESTABLISHED"},"detections":[],"severity_max":"none","detection_count":0,"provenance":{"raw_file":"raw/Windows.Network.Netstat/results.json","raw_row":11,"collection_id":"demo-wks-corp-01"}},
  {"schema_version":"1.0.0","row_hash":"8757fdb58b4f54ab81960c1fcbea4accbc58f032498234a9862456e2289b44a6","timestamp_utc":"2026-03-12T08:45:08.5070000Z","timestamp_desc":"EventTime","source":"service","artifact":"Windows.EventLogs.Evtx","collector_kind":"native","host":"WKS-CORP-01","host_id":"4f1c0a9e-0001-4a00-9c31-b0de51000001","user":"SYSTEM","message":"Service entered the running state: Windows Update (wuauserv)","target":"wuauserv","process":{"name":"services.exe","image_path":"C:\\Windows\\System32\\services.exe"},"event":{"channel":"System","provider":"Service Control Manager","event_id":7036,"record_id":6951,"level":"Information","computer":"WKS-CORP-01.eu.corp.example"},"detections":[],"severity_max":"none","detection_count":0,"provenance":{"raw_file":"raw/Windows.EventLogs.Evtx/results.json","raw_row":167,"collection_id":"demo-wks-corp-01"}},
  {"schema_version":"1.0.0","row_hash":"4f9924915fb7854a9776d292a51d6e68217d5491f3b3bbc5d2493738598b165e","timestamp_utc":"2026-03-12T08:49:10.3390000Z","timestamp_desc":"EventTime","source":"log","artifact":"Windows.EventLogs.Evtx","collector_kind":"native","host":"WKS-CORP-01","host_id":"4f1c0a9e-0001-4a00-9c31-b0de51000001","user":"SYSTEM","message":"Antimalware definitions updated to 1.421.316.0","target":"Microsoft-Windows-Windows Defender/Operational","process":{"name":"MsMpEng.exe","parent_name":"services.exe"},"event":{"channel":"Microsoft-Windows-Windows Defender/Operational","provider":"Microsoft-Windows-Windows-Defender","event_id":2000,"record_id":4155,"level":"Information","computer":"WKS-CORP-01.eu.corp.example"},"detections":[],"severity_max":"none","detection_count":0,"provenance":{"raw_file":"raw/Windows.EventLogs.Evtx/results.json","raw_row":208,"collection_id":"demo-wks-corp-01"}},
  {"schema_version":"1.0.0","row_hash":"c677520b7e0e18aaba8a809aa41820b884a3a7b59e2c1a5d18c69d9c8c503422","timestamp_utc":"2026-03-12T09:01:46.1420000Z","timestamp_desc":"EventTime","source":"network","artifact":"Windows.Network.Netstat","collector_kind":"velociraptor","host":"WKS-CORP-01","host_id":"4f1c0a9e-0001-4a00-9c31-b0de51000001","user":"EU\\alice","message":"Outbound HTTPS session via corporate proxy","target":"10.0.5.9:8080","process":{"name":"MSEDGE.EXE","image_path":"C:\\Program Files (x86)\\Microsoft\\Edge\\Application\\msedge.exe","parent_name":"explorer.exe"},"network":{"src_ip":"10.0.5.41","src_port":58904,"dst_ip":"10.0.5.9","dst_port":8080,"protocol":"tcp","domain":"dc-eu-01.eu.corp.example","direction":"outbound","state":"ESTABLISHED"},"detections":[],"severity_max":"none","detection_count":0,"provenance":{"raw_file":"raw/Windows.Network.Netstat/results.json","raw_row":59,"collection_id":"demo-wks-corp-01"}},
  {"schema_version":"1.0.0","row_hash":"2bc997e2fd868b1bbff7b755e96d8d454f7b52eb62b5d10fd90f2b6be7ac28ea","timestamp_utc":"2026-03-12T09:09:00.7350000Z","timestamp_desc":"EventTime","source":"network","artifact":"Windows.Network.Netstat","collector_kind":"velociraptor","host":"WKS-CORP-01","host_id":"4f1c0a9e-0001-4a00-9c31-b0de51000001","user":"EU\\alice","message":"Outbound HTTPS session via corporate proxy","target":"10.0.5.9:8080","process":{"name":"MSEDGE.EXE","image_path":"C:\\Program Files (x86)\\Microsoft\\Edge\\Application\\msedge.exe","parent_name":"explorer.exe"},"network":{"src_ip":"10.0.5.41","src_port":53628,"dst_ip":"10.0.5.9","dst_port":8080,"protocol":"tcp","domain":"dc-eu-01.eu.corp.example","direction":"outbound","state":"ESTABLISHED"},"detections":[],"severity_max":"none","detection_count":0,"provenance":{"raw_file":"raw/Windows.Network.Netstat/results.json","raw_row":35,"collection_id":"demo-wks-corp-01"}},
  {"schema_version":"1.0.0","row_hash":"53e9894a90bf43af2927e8430e19031fd885b6e9f8f3a643788d0f55390c0f4e","timestamp_utc":"2026-03-12T09:09:11.8090000Z","timestamp_desc":"EventTime","source":"log","artifact":"Windows.EventLogs.Evtx","collector_kind":"native","host":"WKS-CORP-01","host_id":"4f1c0a9e-0001-4a00-9c31-b0de51000001","user":"SYSTEM","message":"Antimalware definitions updated to 1.421.365.0","target":"Microsoft-Windows-Windows Defender/Operational","process":{"name":"MsMpEng.exe","parent_name":"services.exe"},"event":{"channel":"Microsoft-Windows-Windows Defender/Operational","provider":"Microsoft-Windows-Windows-Defender","event_id":2000,"record_id":9445,"level":"Information","computer":"WKS-CORP-01.eu.corp.example"},"detections":[],"severity_max":"none","detection_count":0,"provenance":{"raw_file":"raw/Windows.EventLogs.Evtx/results.json","raw_row":64,"collection_id":"demo-wks-corp-01"}},
  {"schema_version":"1.0.0","row_hash":"35988901a9283ec0673a8193f47ea0eda17236b84f3573070b43fd9e752d7069","timestamp_utc":"2026-03-12T09:15:19.1520000Z","timestamp_desc":"EventTime","timestamp_source_field":"System.TimeCreated.SystemTime","source":"eventlog","artifact":"Windows.EventLogs.Evtx","collector_kind":"native","host":"WKS-CORP-01","host_id":"4f1c0a9e-0001-4a00-9c31-b0de51000001","user":"EU\\alice","message":"An account was successfully logged on (interactive): EU\\alice","target":"EU\\alice","event":{"channel":"Security","provider":"Microsoft-Windows-Security-Auditing","event_id":4624,"record_id":631006,"level":"Information","computer":"WKS-CORP-01.eu.corp.example","logon_type":2,"logon_id":"0x3322b"},"detections":[],"severity_max":"none","detection_count":0,"provenance":{"raw_file":"raw/Windows.EventLogs.Evtx/results.json","raw_row":69,"collection_id":"demo-wks-corp-01"}},
  {"schema_version":"1.0.0","row_hash":"151fed897d40ee660fcc40a7eeb88ef321af213d1aac5ab3890956e8adedc215","timestamp_utc":"2026-03-12T09:19:00.4650000Z","timestamp_desc":"RunTime","source":"scheduled_task","artifact":"Windows.System.TaskScheduler","collector_kind":"velociraptor","host":"WKS-CORP-01","host_id":"4f1c0a9e-0001-4a00-9c31-b0de51000001","user":"SYSTEM","message":"Scheduled task ran: \\Microsoft\\Windows\\UpdateOrchestrator\\Schedule Scan","target":"\\Microsoft\\Windows\\UpdateOrchestrator\\Schedule Scan","detections":[],"severity_max":"none","detection_count":0,"provenance":{"raw_file":"raw/Windows.System.TaskScheduler/results.json","raw_row":10,"collection_id":"demo-wks-corp-01"},"extra":{"result_code":0,"run_duration_seconds":40,"task_author":"Microsoft Corporation"}},
  {"schema_version":"1.0.0","row_hash":"c3c6251e25e8a47e395ba10b62ea5106ba663b84ede0e0e688fadd87ffe4aa55","timestamp_utc":"2026-03-12T09:21:55.4050000Z","timestamp_desc":"EventTime","timestamp_source_field":"System.TimeCreated.SystemTime","source":"eventlog","artifact":"Windows.EventLogs.Evtx","collector_kind":"native","host":"WKS-CORP-01","host_id":"4f1c0a9e-0001-4a00-9c31-b0de51000001","user":"EU\\bob","message":"An account was successfully logged on (interactive): EU\\bob","target":"EU\\bob","event":{"channel":"Security","provider":"Microsoft-Windows-Security-Auditing","event_id":4624,"record_id":456476,"level":"Information","computer":"WKS-CORP-01.eu.corp.example","logon_type":2,"logon_id":"0x3c2e0"},"detections":[],"severity_max":"none","detection_count":0,"provenance":{"raw_file":"raw/Windows.EventLogs.Evtx/results.json","raw_row":141,"collection_id":"demo-wks-corp-01"}},
  {"schema_version":"1.0.0","row_hash":"c79e83fc90d113ed1a9207ef7021120c113ef5def323746e584aaf2de3d52e24","timestamp_utc":"2026-03-12T09:24:22.2270000Z","timestamp_desc":"RunTime","source":"scheduled_task","artifact":"Windows.System.TaskScheduler","collector_kind":"velociraptor","host":"WKS-CORP-01","host_id":"4f1c0a9e-0001-4a00-9c31-b0de51000001","user":"SYSTEM","message":"Scheduled task ran: \\Microsoft\\Windows\\UpdateOrchestrator\\Schedule Scan","target":"\\Microsoft\\Windows\\UpdateOrchestrator\\Schedule Scan","detections":[],"severity_max":"none","detection_count":0,"provenance":{"raw_file":"raw/Windows.System.TaskScheduler/results.json","raw_row":26,"collection_id":"demo-wks-corp-01"},"extra":{"result_code":0,"run_duration_seconds":6,"task_author":"Microsoft Corporation"}},
  {"schema_version":"1.0.0","row_hash":"28bb7c1cc8b5c5c4113c79716ce439f4dc57124b133b908e1359790dad75b506","timestamp_utc":"2026-03-12T09:28:05.7320000Z","timestamp_desc":"LastExecuted","timestamp_source_field":"LastRunTimes","source":"execution","artifact":"Windows.Forensics.Prefetch","collector_kind":"velociraptor","host":"WKS-CORP-01","host_id":"4f1c0a9e-0001-4a00-9c31-b0de51000001","user":"EU\\alice","message":"EXCEL.EXE executed (prefetch run count 84)","target":"C:\\Program Files\\Microsoft Office\\root\\Office16\\EXCEL.EXE","process":{"name":"EXCEL.EXE","image_path":"C:\\Program Files\\Microsoft Office\\root\\Office16\\EXCEL.EXE","parent_name":"explorer.exe"},"detections":[],"severity_max":"none","detection_count":0,"provenance":{"raw_file":"raw/Windows.Forensics.Prefetch/results.json","raw_row":10,"collection_id":"demo-wks-corp-01"},"extra":{"prefetch_file":"EXCEL.EXE-1EB87B43.pf"}},
  {"schema_version":"1.0.0","row_hash":"02788d6a83d037e655e907ebb63c8265791b167faca51f0976b6b2cb2b6097b1","timestamp_utc":"2026-03-12T09:33:07.3900000Z","timestamp_desc":"RunTime","source":"scheduled_task","artifact":"Windows.System.TaskScheduler","collector_kind":"velociraptor","host":"WKS-CORP-01","host_id":"4f1c0a9e-0001-4a00-9c31-b0de51000001","user":"SYSTEM","message":"Scheduled task ran: \\Microsoft\\Windows\\UpdateOrchestrator\\Schedule Scan","target":"\\Microsoft\\Windows\\UpdateOrchestrator\\Schedule Scan","detections":[],"severity_max":"none","detection_count":0,"provenance":{"raw_file":"raw/Windows.System.TaskScheduler/results.json","raw_row":18,"collection_id":"demo-wks-corp-01"},"extra":{"result_code":0,"run_duration_seconds":8,"task_author":"Microsoft Corporation"}},
  {"schema_version":"1.0.0","row_hash":"d0b600fbc8c79d18e82f0ef8a91f715fd1e039a6c4f1a99f1ee8c42c2da30932","timestamp_utc":"2026-03-12T09:37:30.8710000Z","timestamp_desc":"LastExecuted","timestamp_source_field":"LastRunTimes","source":"execution","artifact":"Windows.Forensics.Prefetch","collector_kind":"velociraptor","host":"WKS-CORP-01","host_id":"4f1c0a9e-0001-4a00-9c31-b0de51000001","user":"EU\\alice","message":"SNIPPINGTOOL.EXE executed (prefetch run count 28)","target":"C:\\Windows\\System32\\SnippingTool.exe","process":{"name":"SNIPPINGTOOL.EXE","image_path":"C:\\Windows\\System32\\SnippingTool.exe","parent_name":"explorer.exe"},"detections":[],"severity_max":"none","detection_count":0,"provenance":{"raw_file":"raw/Windows.Forensics.Prefetch/results.json","raw_row":18,"collection_id":"demo-wks-corp-01"},"extra":{"prefetch_file":"SNIPPINGTOOL.EXE-1F243382.pf"}},
  {"schema_version":"1.0.0","row_hash":"227d6b9e3695fa8acffb5de56d705bbd36c966a49f3dcb44bee55e39215676f3","timestamp_utc":"2026-03-12T09:48:14.9200000Z","timestamp_desc":"EventTime","source":"service","artifact":"Windows.EventLogs.Evtx","collector_kind":"native","host":"WKS-CORP-01","host_id":"4f1c0a9e-0001-4a00-9c31-b0de51000001","user":"SYSTEM","message":"Service entered the running state: Windows Update (wuauserv)","target":"wuauserv","process":{"name":"services.exe","image_path":"C:\\Windows\\System32\\services.exe"},"event":{"channel":"System","provider":"Service Control Manager","event_id":7036,"record_id":5842,"level":"Information","computer":"WKS-CORP-01.eu.corp.example"},"detections":[],"severity_max":"none","detection_count":0,"provenance":{"raw_file":"raw/Windows.EventLogs.Evtx/results.json","raw_row":47,"collection_id":"demo-wks-corp-01"}},
  {"schema_version":"1.0.0","row_hash":"dda374dce5f39f47c208c59d06ebaf68b83d245136d38e777dcabea860ea4a52","timestamp_utc":"2026-03-12T09:51:00.0000000Z","timestamp_desc":"Created","source":"filesystem","artifact":"Generic.Collectors.File","collector_kind":"velociraptor","host":"WKS-CORP-01","host_id":"4f1c0a9e-0001-4a00-9c31-b0de51000001","user":"EU\\bob","message":"IT toolkit file present: procdump.exe (Microsoft-signed)","target":"C:\\Tools\\Sysinternals\\procdump.exe","file":{"path":"C:\\Tools\\Sysinternals\\procdump.exe","name":"procdump.exe","extension":"exe","size_bytes":673016,"is_allocated":true,"signature_status":"signed_valid","signer":"Microsoft Corporation"},"hashes":{"md5":"1c7d6ce3a6044325eafbf3e3bb53fcbf","sha1":"8a995cbc0e6efc74d1ff1e5b07c445ffe4a1f66d","sha256":"d62a9037cfcf81f3341e3a386a29145a9dd9452fc4abe89611a9ea81bf5f1eac"},"detections":[{"engine":"yara","rule_id":"demo-yara-0008","rule_name":"Tool_Name_Match_ProcDump","severity":"low","rule_author":"IRTriage demo rule pack","rule_description":"File name matches a known credential-dumping utility. Signature and signer are NOT evaluated by this rule.","rule_source":"yara:demo-pack","mitre_techniques":["T1003.001"],"match_detail":"$name_procdump","match_offset":512}],"severity_max":"low","detection_count":1,"provenance":{"raw_file":"raw/Generic.Collectors.File/results.json","raw_row":0,"collection_id":"demo-wks-corp-01"}},
  {"schema_version":"1.0.0","row_hash":"fde86f9f5eca21a71f4f4f92187df9861a9332046a833d79bfa40111f914bc24","timestamp_utc":"2026-03-12T09:53:52.4590000Z","timestamp_desc":"LastWriteTime","source":"system_info","artifact":"Windows.Sysinternals.Autoruns","collector_kind":"velociraptor","host":"WKS-CORP-01","host_id":"4f1c0a9e-0001-4a00-9c31-b0de51000001","user":"SYSTEM","message":"Autorun entry enumerated: OneDrive (signed, Microsoft Corporation)","target":"C:\\Program Files\\Microsoft OneDrive\\OneDrive.exe","file":{"path":"C:\\Program Files\\Microsoft OneDrive\\OneDrive.exe","name":"OneDrive.exe","extension":"exe","size_bytes":2880370,"signature_status":"signed_valid","signer":"Microsoft Corporation"},"detections":[],"severity_max":"none","detection_count":0,"provenance":{"raw_file":"raw/Windows.Sysinternals.Autoruns/results.json","raw_row":25,"collection_id":"demo-wks-corp-01"}},
  {"schema_version":"1.0.0","row_hash":"baf473d7a63ea9348c42daf694b171f9074171f49759f9bb61d5396c12ae5484","timestamp_utc":"2026-03-12T09:59:55.2590000Z","timestamp_desc":"EventTime","source":"service","artifact":"Windows.EventLogs.Evtx","collector_kind":"native","host":"WKS-CORP-01","host_id":"4f1c0a9e-0001-4a00-9c31-b0de51000001","user":"SYSTEM","message":"Service entered the running state: Windows Update (wuauserv)","target":"wuauserv","process":{"name":"services.exe","image_path":"C:\\Windows\\System32\\services.exe"},"event":{"channel":"System","provider":"Service Control Manager","event_id":7036,"record_id":7710,"level":"Information","computer":"WKS-CORP-01.eu.corp.example"},"detections":[],"severity_max":"none","detection_count":0,"provenance":{"raw_file":"raw/Windows.EventLogs.Evtx/results.json","raw_row":143,"collection_id":"demo-wks-corp-01"}},
  {"schema_version":"1.0.0","row_hash":"5d8ef8d4695093a693fb3d40febd9d797aebf034d2f59fc533dca5900a6824a1","timestamp_utc":"2026-03-12T10:03:16.1910000Z","timestamp_desc":"InstallDate","source":"usb_device","artifact":"Windows.Registry.USBSTOR","collector_kind":"velociraptor","host":"WKS-CORP-01","host_id":"4f1c0a9e-0001-4a00-9c31-b0de51000001","user":"EU\\alice","message":"Sanctioned encrypted USB volume connected (asset FIN-USB-04)","target":"USBSTOR\\Disk&Ven_Corp&Prod_SecureKey&Rev_1.0","registry":{"key":"HKLM\\SYSTEM\\CurrentControlSet\\Enum\\USBSTOR\\Disk&Ven_Corp&Prod_SecureKey&Rev_1.0","value_name":"FriendlyName","value_data":"Corp SecureKey USB Device","value_type":"REG_SZ","hive":"SYSTEM"},"detections":[],"severity_max":"none","detection_count":0,"provenance":{"raw_file":"raw/Windows.Registry.USBSTOR/results.json","raw_row":20,"collection_id":"demo-wks-corp-01"},"extra":{"serial_number":"FINUSB045106","volume_label":"FIN-USB-04"}},
  {"schema_version":"1.0.0","row_hash":"3afee3fa39027a96b4cca938ed85ec5c3c7d08b3d0a50ee1d1238b655bdd3489","timestamp_utc":"2026-03-12T10:26:26.4040000Z","timestamp_desc":"EventTime","source":"network","artifact":"Windows.Network.Netstat","collector_kind":"velociraptor","host":"WKS-CORP-01","host_id":"4f1c0a9e-0001-4a00-9c31-b0de51000001","user":"EU\\alice","message":"Outbound HTTPS session via corporate proxy","target":"10.0.5.9:8080","process":{"name":"MSEDGE.EXE","image_path":"C:\\Program Files (x86)\\Microsoft\\Edge\\Application\\msedge.exe","parent_name":"explorer.exe"},"network":{"src_ip":"10.0.5.41","src_port":57426,"dst_ip":"10.0.5.9","dst_port":8080,"protocol":"tcp","domain":"srv-corp-fs02.eu.corp.example","direction":"outbound","state":"ESTABLISHED"},"detections":[],"severity_max":"none","detection_count":0,"provenance":{"raw_file":"raw/Windows.Network.Netstat/results.json","raw_row":27,"collection_id":"demo-wks-corp-01"}},
  {"schema_version":"1.0.0","row_hash":"58620ed35599044b6a73813368b1252b407c248e15532b62885fe4581749c32e","timestamp_utc":"2026-03-12T10:38:47.1290000Z","timestamp_desc":"EventTime","source":"log","artifact":"Windows.EventLogs.Evtx","collector_kind":"native","host":"WKS-CORP-01","host_id":"4f1c0a9e-0001-4a00-9c31-b0de51000001","user":"SYSTEM","message":"Antimalware definitions updated to 1.421.337.0","target":"Microsoft-Windows-Windows Defender/Operational","process":{"name":"MsMpEng.exe","parent_name":"services.exe"},"event":{"channel":"Microsoft-Windows-Windows Defender/Operational","provider":"Microsoft-Windows-Windows-Defender","event_id":2000,"record_id":6267,"level":"Information","computer":"WKS-CORP-01.eu.corp.example"},"detections":[],"severity_max":"none","detection_count":0,"provenance":{"raw_file":"raw/Windows.EventLogs.Evtx/results.json","raw_row":16,"collection_id":"demo-wks-corp-01"}},
  {"schema_version":"1.0.0","row_hash":"4fb0cc5ac6c786566a9f37e16d7e1991f13fb1ffd8c09b1ddaf14d48e04e3c63","timestamp_utc":"2026-03-12T10:42:27.4140000Z","timestamp_desc":"EventTime","source":"network","artifact":"Windows.Network.Netstat","collector_kind":"velociraptor","host":"WKS-CORP-01","host_id":"4f1c0a9e-0001-4a00-9c31-b0de51000001","user":"EU\\alice","message":"Outbound HTTPS session via corporate proxy","target":"10.0.5.9:8080","process":{"name":"MSEDGE.EXE","image_path":"C:\\Program Files (x86)\\Microsoft\\Edge\\Application\\msedge.exe","parent_name":"explorer.exe"},"network":{"src_ip":"10.0.5.41","src_port":57302,"dst_ip":"10.0.5.9","dst_port":8080,"protocol":"tcp","domain":"dc-eu-01.eu.corp.example","direction":"outbound","state":"ESTABLISHED"},"detections":[],"severity_max":"none","detection_count":0,"provenance":{"raw_file":"raw/Windows.Network.Netstat/results.json","raw_row":51,"collection_id":"demo-wks-corp-01"}},
  {"schema_version":"1.0.0","row_hash":"8d244f65eb81e7aa1ee7937bb1e48ab642c0a522ae7ec63cdd5044adc14eb40b","timestamp_utc":"2026-03-12T10:42:33.3190000Z","timestamp_desc":"Modified","timestamp_source_field":"Mtime","source":"filesystem","artifact":"Windows.NTFS.MFT","collector_kind":"velociraptor","host":"WKS-CORP-01","host_id":"4f1c0a9e-0001-4a00-9c31-b0de51000001","user":"EU\\alice","message":"File modified: Q1-forecast.xlsx","target":"C:\\Users\\alice\\Documents\\Q1-forecast.xlsx","file":{"path":"C:\\Users\\alice\\Documents\\Q1-forecast.xlsx","name":"Q1-forecast.xlsx","extension":"xlsx","size_bytes":149685,"mft_entry":127196,"is_directory":false,"is_allocated":true},"detections":[],"severity_max":"none","detection_count":0,"provenance":{"raw_file":"raw/Windows.NTFS.MFT/results.json","raw_row":53,"collection_id":"demo-wks-corp-01"}},
  {"schema_version":"1.0.0","row_hash":"933fa77b05e146267d8f6bcd489478fa704f5249121051b8a6bf44a8b394bac8","timestamp_utc":"2026-03-12T10:46:39.3450000Z","timestamp_desc":"Modified","timestamp_source_field":"Mtime","source":"filesystem","artifact":"Windows.NTFS.MFT","collector_kind":"velociraptor","host":"WKS-CORP-01","host_id":"4f1c0a9e-0001-4a00-9c31-b0de51000001","user":"EU\\alice","message":"File modified: expenses-feb.xlsx","target":"C:\\Users\\alice\\Documents\\expenses-feb.xlsx","file":{"path":"C:\\Users\\alice\\Documents\\expenses-feb.xlsx","name":"expenses-feb.xlsx","extension":"xlsx","size_bytes":96534,"mft_entry":112097,"is_directory":false,"is_allocated":true},"detections":[],"severity_max":"none","detection_count":0,"provenance":{"raw_file":"raw/Windows.NTFS.MFT/results.json","raw_row":29,"collection_id":"demo-wks-corp-01"}},
  {"schema_version":"1.0.0","row_hash":"ce3641c39546e1db352fbdcce5ea94c1e17f6a5785a891252ac7100f2e849997","timestamp_utc":"2026-03-12T10:49:00.8830000Z","timestamp_desc":"VisitTime","timestamp_source_field":"last_visit_time","source":"browser","artifact":"Windows.Applications.Edge.History","collector_kind":"velociraptor","host":"WKS-CORP-01","host_id":"4f1c0a9e-0001-4a00-9c31-b0de51000001","user":"EU\\alice","message":"Edge visit: Company news","target":"https://intranet.corp.example/news","network":{"domain":"intranet.corp.example","url":"https://intranet.corp.example/news","direction":"outbound"},"detections":[],"severity_max":"none","detection_count":0,"provenance":{"raw_file":"raw/Windows.Applications.Edge.History/results.json","raw_row":78,"collection_id":"demo-wks-corp-01"}},
  {"schema_version":"1.0.0","row_hash":"951a798ba949f47cbb0e01bc225c233c425915f4caa78ac8fca08a37e5c08c66","timestamp_utc":"2026-03-12T10:50:58.3260000Z","timestamp_desc":"RunTime","source":"scheduled_task","artifact":"Windows.System.TaskScheduler","collector_kind":"velociraptor","host":"WKS-CORP-01","host_id":"4f1c0a9e-0001-4a00-9c31-b0de51000001","user":"SYSTEM","message":"Scheduled task ran: \\Microsoft\\Windows\\UpdateOrchestrator\\Schedule Scan","target":"\\Microsoft\\Windows\\UpdateOrchestrator\\Schedule Scan","detections":[],"severity_max":"none","detection_count":0,"provenance":{"raw_file":"raw/Windows.System.TaskScheduler/results.json","raw_row":34,"collection_id":"demo-wks-corp-01"},"extra":{"result_code":0,"run_duration_seconds":27,"task_author":"Microsoft Corporation"}},
  {"schema_version":"1.0.0","row_hash":"e144f4bdf83586bb1dd5eac20895b24e61ce370376009e12e0fd21541d5ea2bd","timestamp_utc":"2026-03-12T10:59:32.5620000Z","timestamp_desc":"VisitTime","timestamp_source_field":"last_visit_time","source":"browser","artifact":"Windows.Applications.Edge.History","collector_kind":"velociraptor","host":"WKS-CORP-01","host_id":"4f1c0a9e-0001-4a00-9c31-b0de51000001","user":"EU\\alice","message":"Edge visit: Company news","target":"https://intranet.corp.example/news","network":{"domain":"intranet.corp.example","url":"https://intranet.corp.example/news","direction":"outbound"},"detections":[],"severity_max":"none","detection_count":0,"provenance":{"raw_file":"raw/Windows.Applications.Edge.History/results.json","raw_row":62,"collection_id":"demo-wks-corp-01"}},
  {"schema_version":"1.0.0","row_hash":"448274180d259969f7c1b3c37f028e2a8275140ed34123d69f806c442458bb1a","timestamp_utc":"2026-03-12T11:02:22.1210000Z","timestamp_desc":"LastExecuted","timestamp_source_field":"LastRunTimes","source":"execution","artifact":"Windows.Forensics.Prefetch","collector_kind":"velociraptor","host":"WKS-CORP-01","host_id":"4f1c0a9e-0001-4a00-9c31-b0de51000001","user":"EU\\alice","message":"NOTEPAD.EXE executed (prefetch run count 8)","target":"C:\\Windows\\System32\\notepad.exe","process":{"name":"NOTEPAD.EXE","image_path":"C:\\Windows\\System32\\notepad.exe","parent_name":"explorer.exe"},"detections":[],"severity_max":"none","detection_count":0,"provenance":{"raw_file":"raw/Windows.Forensics.Prefetch/results.json","raw_row":82,"collection_id":"demo-wks-corp-01"},"extra":{"prefetch_file":"NOTEPAD.EXE-19570FC3.pf"}},
  {"schema_version":"1.0.0","row_hash":"09e9bafe4a41a729c8792e817c1a9fd1a351763b8d17a0b7b7af18b60781812a","timestamp_utc":"2026-03-12T11:13:56.6490000Z","timestamp_desc":"Modified","timestamp_source_field":"Mtime","source":"filesystem","artifact":"Windows.NTFS.MFT","collector_kind":"velociraptor","host":"WKS-CORP-01","host_id":"4f1c0a9e-0001-4a00-9c31-b0de51000001","user":"EU\\alice","message":"File modified: payroll-summary.xlsx","target":"C:\\Users\\alice\\Documents\\payroll-summary.xlsx","file":{"path":"C:\\Users\\alice\\Documents\\payroll-summary.xlsx","name":"payroll-summary.xlsx","extension":"xlsx","size_bytes":215997,"mft_entry":98175,"is_directory":false,"is_allocated":true},"detections":[],"severity_max":"none","detection_count":0,"provenance":{"raw_file":"raw/Windows.NTFS.MFT/results.json","raw_row":77,"collection_id":"demo-wks-corp-01"}},
  {"schema_version":"1.0.0","row_hash":"ac70a6b855b703fcd79c5bf2047be2e47a1147abb68c819af8866a246a5519af","timestamp_utc":"2026-03-12T11:35:18.2340000Z","timestamp_desc":"EventTime","source":"network","artifact":"Windows.Network.Netstat","collector_kind":"velociraptor","host":"WKS-CORP-01","host_id":"4f1c0a9e-0001-4a00-9c31-b0de51000001","user":"EU\\alice","message":"Outbound HTTPS session via corporate proxy","target":"10.0.5.9:8080","process":{"name":"MSEDGE.EXE","image_path":"C:\\Program Files (x86)\\Microsoft\\Edge\\Application\\msedge.exe","parent_name":"explorer.exe"},"network":{"src_ip":"10.0.5.41","src_port":54648,"dst_ip":"10.0.5.9","dst_port":8080,"protocol":"tcp","domain":"dc-eu-01.eu.corp.example","direction":"outbound","state":"ESTABLISHED"},"detections":[],"severity_max":"none","detection_count":0,"provenance":{"raw_file":"raw/Windows.Network.Netstat/results.json","raw_row":67,"collection_id":"demo-wks-corp-01"}},
  {"schema_version":"1.0.0","row_hash":"af7abfd3fa94df4ae557f62f3f98b53030b3dbfc8e7ef2173c2166ac4d62fc14","timestamp_utc":"2026-03-12T11:37:24.2120000Z","timestamp_desc":"EventTime","source":"service","artifact":"Windows.EventLogs.Evtx","collector_kind":"native","host":"WKS-CORP-01","host_id":"4f1c0a9e-0001-4a00-9c31-b0de51000001","user":"SYSTEM","message":"Service entered the running state: Windows Update (wuauserv)","target":"wuauserv","process":{"name":"services.exe","image_path":"C:\\Windows\\System32\\services.exe"},"event":{"channel":"System","provider":"Service Control Manager","event_id":7036,"record_id":7722,"level":"Information","computer":"WKS-CORP-01.eu.corp.example"},"detections":[],"severity_max":"none","detection_count":0,"provenance":{"raw_file":"raw/Windows.EventLogs.Evtx/results.json","raw_row":71,"collection_id":"demo-wks-corp-01"}},
  {"schema_version":"1.0.0","row_hash":"3f7dcdb3bced893ed7bdc364fd9b685e26e25720a8ca932f94fa26c8e988dbff","timestamp_utc":"2026-03-12T11:42:56.8320000Z","timestamp_desc":"LastWriteTime","source":"system_info","artifact":"Windows.Sysinternals.Autoruns","collector_kind":"velociraptor","host":"WKS-CORP-01","host_id":"4f1c0a9e-0001-4a00-9c31-b0de51000001","user":"SYSTEM","message":"Autorun entry enumerated: OneDrive (signed, Microsoft Corporation)","target":"C:\\Program Files\\Microsoft OneDrive\\OneDrive.exe","file":{"path":"C:\\Program Files\\Microsoft OneDrive\\OneDrive.exe","name":"OneDrive.exe","extension":"exe","size_bytes":2857076,"signature_status":"signed_valid","signer":"Microsoft Corporation"},"detections":[],"severity_max":"none","detection_count":0,"provenance":{"raw_file":"raw/Windows.Sysinternals.Autoruns/results.json","raw_row":1,"collection_id":"demo-wks-corp-01"}},
  {"schema_version":"1.0.0","row_hash":"16a5e5371e6596e4cdfe87cb4202f0782062daaf62b78a70a0014e50c41da2b5","timestamp_utc":"2026-03-12T11:47:16.8390000Z","timestamp_desc":"LastExecuted","timestamp_source_field":"LastRunTimes","source":"execution","artifact":"Windows.Forensics.Prefetch","collector_kind":"velociraptor","host":"WKS-CORP-01","host_id":"4f1c0a9e-0001-4a00-9c31-b0de51000001","user":"EU\\alice","message":"TEAMS.EXE executed (prefetch run count 6)","target":"C:\\Program Files\\WindowsApps\\MSTeams_24245\\ms-teams.exe","process":{"name":"TEAMS.EXE","image_path":"C:\\Program Files\\WindowsApps\\MSTeams_24245\\ms-teams.exe","parent_name":"explorer.exe"},"detections":[],"severity_max":"none","detection_count":0,"provenance":{"raw_file":"raw/Windows.Forensics.Prefetch/results.json","raw_row":42,"collection_id":"demo-wks-corp-01"},"extra":{"prefetch_file":"TEAMS.EXE-1032B3FF.pf"}},
  {"schema_version":"1.0.0","row_hash":"3774c01525f4fc45850206feb4d33f889f0c1ce9c17b4e04e7f6adc9b68231a1","timestamp_utc":"2026-03-12T11:47:59.4300000Z","timestamp_desc":"LastExecuted","timestamp_source_field":"LastRunTimes","source":"execution","artifact":"Windows.Forensics.Prefetch","collector_kind":"velociraptor","host":"WKS-CORP-01","host_id":"4f1c0a9e-0001-4a00-9c31-b0de51000001","user":"EU\\alice","message":"NOTEPAD.EXE executed (prefetch run count 77)","target":"C:\\Windows\\System32\\notepad.exe","process":{"name":"NOTEPAD.EXE","image_path":"C:\\Windows\\System32\\notepad.exe","parent_name":"explorer.exe"},"detections":[],"severity_max":"none","detection_count":0,"provenance":{"raw_file":"raw/Windows.Forensics.Prefetch/results.json","raw_row":26,"collection_id":"demo-wks-corp-01"},"extra":{"prefetch_file":"NOTEPAD.EXE-13B789B7.pf"}},
  {"schema_version":"1.0.0","row_hash":"23690f332f5a6af053d31fd41bd856d6075e4c37e1947e30d1f0715aa3dc619c","timestamp_utc":"2026-03-12T11:48:29.5870000Z","timestamp_desc":"Modified","timestamp_source_field":"Mtime","source":"filesystem","artifact":"Windows.NTFS.MFT","collector_kind":"velociraptor","host":"WKS-CORP-01","host_id":"4f1c0a9e-0001-4a00-9c31-b0de51000001","user":"EU\\alice","message":"File modified: vat-return-2026.xlsx","target":"C:\\Users\\alice\\Documents\\vat-return-2026.xlsx","file":{"path":"C:\\Users\\alice\\Documents\\vat-return-2026.xlsx","name":"vat-return-2026.xlsx","extension":"xlsx","size_bytes":398101,"mft_entry":95115,"is_directory":false,"is_allocated":true},"detections":[],"severity_max":"none","detection_count":0,"provenance":{"raw_file":"raw/Windows.NTFS.MFT/results.json","raw_row":45,"collection_id":"demo-wks-corp-01"}},
  {"schema_version":"1.0.0","row_hash":"0d4861922fc5d2a3d06c78350c2d322d7ebb2fa5568909309cb09e153e43535c","timestamp_utc":"2026-03-12T11:51:59.5620000Z","timestamp_desc":"EventTime","source":"service","artifact":"Windows.EventLogs.Evtx","collector_kind":"native","host":"WKS-CORP-01","host_id":"4f1c0a9e-0001-4a00-9c31-b0de51000001","user":"SYSTEM","message":"Service entered the running state: Windows Update (wuauserv)","target":"wuauserv","process":{"name":"services.exe","image_path":"C:\\Windows\\System32\\services.exe"},"event":{"channel":"System","provider":"Service Control Manager","event_id":7036,"record_id":8208,"level":"Information","computer":"WKS-CORP-01.eu.corp.example"},"detections":[],"severity_max":"none","detection_count":0,"provenance":{"raw_file":"raw/Windows.EventLogs.Evtx/results.json","raw_row":23,"collection_id":"demo-wks-corp-01"}},
  {"schema_version":"1.0.0","row_hash":"599573d597913cbb21d3f6d4006e40e076043b6f98c0698e887d7c1bd50e7b3d","timestamp_utc":"2026-03-12T11:53:38.5510000Z","timestamp_desc":"LastWriteTime","timestamp_source_field":"LastModified","source":"registry","artifact":"Windows.Registry.AppCompatCache","collector_kind":"velociraptor","host":"WKS-CORP-01","host_id":"4f1c0a9e-0001-4a00-9c31-b0de51000001","user":"SYSTEM","message":"AppCompatCache entry: TEAMS.EXE","target":"C:\\Program Files\\WindowsApps\\MSTeams_24245\\ms-teams.exe","registry":{"key":"HKLM\\SYSTEM\\CurrentControlSet\\Control\\Session Manager\\AppCompatCache","value_name":"AppCompatCache","value_data":"C:\\Program Files\\WindowsApps\\MSTeams_24245\\ms-teams.exe","value_type":"REG_BINARY","hive":"SYSTEM"},"detections":[],"severity_max":"none","detection_count":0,"provenance":{"raw_file":"raw/Windows.Registry.AppCompatCache/results.json","raw_row":17,"collection_id":"demo-wks-corp-01"},"extra":{"cache_slot":235}},
  {"schema_version":"1.0.0","row_hash":"d4e24d023b6f366989771b8893457a3f7dbb007564a06b6b5d2cccf321cc3385","timestamp_utc":"2026-03-12T12:01:32.8240000Z","timestamp_desc":"EventTime","source":"service","artifact":"Windows.EventLogs.Evtx","collector_kind":"native","host":"WKS-CORP-01","host_id":"4f1c0a9e-0001-4a00-9c31-b0de51000001","user":"SYSTEM","message":"Service entered the running state: Windows Update (wuauserv)","target":"wuauserv","process":{"name":"services.exe","image_path":"C:\\Windows\\System32\\services.exe"},"event":{"channel":"System","provider":"Service Control Manager","event_id":7036,"record_id":4508,"level":"Information","computer":"WKS-CORP-01.eu.corp.example"},"detections":[],"severity_max":"none","detection_count":0,"provenance":{"raw_file":"raw/Windows.EventLogs.Evtx/results.json","raw_row":239,"collection_id":"demo-wks-corp-01"}},
  {"schema_version":"1.0.0","row_hash":"5b8301be66717665da8aa584456f01aae347f61463052840fb5ba3336a969f99","timestamp_utc":"2026-03-12T12:06:33.5020000Z","timestamp_desc":"EventTime","timestamp_source_field":"System.TimeCreated.SystemTime","source":"eventlog","artifact":"Windows.EventLogs.Evtx","collector_kind":"native","host":"WKS-CORP-01","host_id":"4f1c0a9e-0001-4a00-9c31-b0de51000001","user":"EU\\alice","message":"An account was successfully logged on (interactive): EU\\alice","target":"EU\\alice","event":{"channel":"Security","provider":"Microsoft-Windows-Security-Auditing","event_id":4624,"record_id":546914,"level":"Information","computer":"WKS-CORP-01.eu.corp.example","logon_type":2,"logon_id":"0x3bccc"},"detections":[],"severity_max":"none","detection_count":0,"provenance":{"raw_file":"raw/Windows.EventLogs.Evtx/results.json","raw_row":213,"collection_id":"demo-wks-corp-01"}},
  {"schema_version":"1.0.0","row_hash":"4f4688dcc0e1c9ee13c38ac569dc554de86aea33355c73bd9a57fdd55bf9e03c","timestamp_utc":"2026-03-12T12:11:46.5700000Z","timestamp_desc":"LastWriteTime","source":"system_info","artifact":"Windows.Sysinternals.Autoruns","collector_kind":"velociraptor","host":"WKS-CORP-01","host_id":"4f1c0a9e-0001-4a00-9c31-b0de51000001","user":"SYSTEM","message":"Autorun entry enumerated: OneDrive (signed, Microsoft Corporation)","target":"C:\\Program Files\\Microsoft OneDrive\\OneDrive.exe","file":{"path":"C:\\Program Files\\Microsoft OneDrive\\OneDrive.exe","name":"OneDrive.exe","extension":"exe","size_bytes":2829798,"signature_status":"signed_valid","signer":"Microsoft Corporation"},"detections":[],"severity_max":"none","detection_count":0,"provenance":{"raw_file":"raw/Windows.Sysinternals.Autoruns/results.json","raw_row":41,"collection_id":"demo-wks-corp-01"}},
  {"schema_version":"1.0.0","row_hash":"32b63f2aee00624237fdef03363f2f28585837c05d5c31302423f7a72f10ea7e","timestamp_utc":"2026-03-12T12:14:28.4130000Z","timestamp_desc":"InstallDate","source":"usb_device","artifact":"Windows.Registry.USBSTOR","collector_kind":"velociraptor","host":"WKS-CORP-01","host_id":"4f1c0a9e-0001-4a00-9c31-b0de51000001","user":"EU\\alice","message":"Sanctioned encrypted USB volume connected (asset FIN-USB-04)","target":"USBSTOR\\Disk&Ven_Corp&Prod_SecureKey&Rev_1.0","registry":{"key":"HKLM\\SYSTEM\\CurrentControlSet\\Enum\\USBSTOR\\Disk&Ven_Corp&Prod_SecureKey&Rev_1.0","value_name":"FriendlyName","value_data":"Corp SecureKey USB Device","value_type":"REG_SZ","hive":"SYSTEM"},"detections":[],"severity_max":"none","detection_count":0,"provenance":{"raw_file":"raw/Windows.Registry.USBSTOR/results.json","raw_row":60,"collection_id":"demo-wks-corp-01"},"extra":{"serial_number":"FINUSB047091","volume_label":"FIN-USB-04"}},
  {"schema_version":"1.0.0","row_hash":"33e83d8dc9c0af383509a164ea99744cf849bc95a3d2fcbabf8041aad04a81bb","timestamp_utc":"2026-03-12T12:14:32.5990000Z","timestamp_desc":"EventTime","timestamp_source_field":"System.TimeCreated.SystemTime","source":"eventlog","artifact":"Windows.EventLogs.Evtx","collector_kind":"native","host":"WKS-CORP-01","host_id":"4f1c0a9e-0001-4a00-9c31-b0de51000001","user":"EU\\bob","message":"An account was successfully logged on (interactive): EU\\bob","target":"EU\\bob","event":{"channel":"Security","provider":"Microsoft-Windows-Security-Auditing","event_id":4624,"record_id":562971,"level":"Information","computer":"WKS-CORP-01.eu.corp.example","logon_type":2,"logon_id":"0x374b5"},"detections":[],"severity_max":"none","detection_count":0,"provenance":{"raw_file":"raw/Windows.EventLogs.Evtx/results.json","raw_row":165,"collection_id":"demo-wks-corp-01"}},
  {"schema_version":"1.0.0","row_hash":"4da6e87cb968608ae0735c3abfe19123ba7543cff2afa67ff220ad4ca5c92e2d","timestamp_utc":"2026-03-12T12:30:37.3410000Z","timestamp_desc":"RunTime","source":"scheduled_task","artifact":"Windows.System.TaskScheduler","collector_kind":"velociraptor","host":"WKS-CORP-01","host_id":"4f1c0a9e-0001-4a00-9c31-b0de51000001","user":"SYSTEM","message":"Scheduled task ran: \\Microsoft\\Windows\\UpdateOrchestrator\\Schedule Scan","target":"\\Microsoft\\Windows\\UpdateOrchestrator\\Schedule Scan","detections":[],"severity_max":"none","detection_count":0,"provenance":{"raw_file":"raw/Windows.System.TaskScheduler/results.json","raw_row":42,"collection_id":"demo-wks-corp-01"},"extra":{"result_code":0,"run_duration_seconds":37,"task_author":"Microsoft Corporation"}},
  {"schema_version":"1.0.0","row_hash":"ad5237fd946c54e97563bcdd28669a5ad6640b576732e2228e6468bec9d67316","timestamp_utc":"2026-03-12T12:30:57.6450000Z","timestamp_desc":"InstallDate","source":"usb_device","artifact":"Windows.Registry.USBSTOR","collector_kind":"velociraptor","host":"WKS-CORP-01","host_id":"4f1c0a9e-0001-4a00-9c31-b0de51000001","user":"EU\\alice","message":"Sanctioned encrypted USB volume connected (asset FIN-USB-04)","target":"USBSTOR\\Disk&Ven_Corp&Prod_SecureKey&Rev_1.0","registry":{"key":"HKLM\\SYSTEM\\CurrentControlSet\\Enum\\USBSTOR\\Disk&Ven_Corp&Prod_SecureKey&Rev_1.0","value_name":"FriendlyName","value_data":"Corp SecureKey USB Device","value_type":"REG_SZ","hive":"SYSTEM"},"detections":[],"severity_max":"none","detection_count":0,"provenance":{"raw_file":"raw/Windows.Registry.USBSTOR/results.json","raw_row":76,"collection_id":"demo-wks-corp-01"},"extra":{"serial_number":"FINUSB048256","volume_label":"FIN-USB-04"}},
  {"schema_version":"1.0.0","row_hash":"2520bbfbd0e0442bb2af610a3aaf4327442d025cd4f2d5622d53b26e2286ed21","timestamp_utc":"2026-03-12T12:31:10.7070000Z","timestamp_desc":"InstallDate","source":"usb_device","artifact":"Windows.Registry.USBSTOR","collector_kind":"velociraptor","host":"WKS-CORP-01","host_id":"4f1c0a9e-0001-4a00-9c31-b0de51000001","user":"EU\\alice","message":"Sanctioned encrypted USB volume connected (asset FIN-USB-04)","target":"USBSTOR\\Disk&Ven_Corp&Prod_SecureKey&Rev_1.0","registry":{"key":"HKLM\\SYSTEM\\CurrentControlSet\\Enum\\USBSTOR\\Disk&Ven_Corp&Prod_SecureKey&Rev_1.0","value_name":"FriendlyName","value_data":"Corp SecureKey USB Device","value_type":"REG_SZ","hive":"SYSTEM"},"detections":[],"severity_max":"none","detection_count":0,"provenance":{"raw_file":"raw/Windows.Registry.USBSTOR/results.json","raw_row":36,"collection_id":"demo-wks-corp-01"},"extra":{"serial_number":"FINUSB048000","volume_label":"FIN-USB-04"}},
  {"schema_version":"1.0.0","row_hash":"e6fb478e95b883ec7679154eab9ec5521201089f65ec7c32414c5113889967cf","timestamp_utc":"2026-03-12T12:33:59.0840000Z","timestamp_desc":"EventTime","source":"service","artifact":"Windows.EventLogs.Evtx","collector_kind":"native","host":"WKS-CORP-01","host_id":"4f1c0a9e-0001-4a00-9c31-b0de51000001","user":"SYSTEM","message":"Service entered the running state: Windows Update (wuauserv)","target":"wuauserv","process":{"name":"services.exe","image_path":"C:\\Windows\\System32\\services.exe"},"event":{"channel":"System","provider":"Service Control Manager","event_id":7036,"record_id":4050,"level":"Information","computer":"WKS-CORP-01.eu.corp.example"},"detections":[],"severity_max":"none","detection_count":0,"provenance":{"raw_file":"raw/Windows.EventLogs.Evtx/results.json","raw_row":215,"collection_id":"demo-wks-corp-01"}},
  {"schema_version":"1.0.0","row_hash":"32fdff5c198d0c99f5ec10c96b76d9a43e6de8b38f5189e980500fe203b0e5b2","timestamp_utc":"2026-03-12T12:41:55.8920000Z","timestamp_desc":"EventTime","timestamp_source_field":"System.TimeCreated.SystemTime","source":"eventlog","artifact":"Windows.EventLogs.Evtx","collector_kind":"native","host":"WKS-CORP-01","host_id":"4f1c0a9e-0001-4a00-9c31-b0de51000001","user":"EU\\alice","message":"An account was successfully logged on (interactive): EU\\alice","target":"EU\\alice","event":{"channel":"Security","provider":"Microsoft-Windows-Security-Auditing","event_id":4624,"record_id":816627,"level":"Information","computer":"WKS-CORP-01.eu.corp.example","logon_type":2,"logon_id":"0x30e85"},"detections":[],"severity_max":"none","detection_count":0,"provenance":{"raw_file":"raw/Windows.EventLogs.Evtx/results.json","raw_row":45,"collection_id":"demo-wks-corp-01"}},
  {"schema_version":"1.0.0","row_hash":"3d2d54c33f0b34bf92cadefceedff4ee42fb25376ed8fa4d47d5ce257ba0e202","timestamp_utc":"2026-03-12T12:44:42.7170000Z","timestamp_desc":"EventTime","source":"log","artifact":"Windows.EventLogs.Evtx","collector_kind":"native","host":"WKS-CORP-01","host_id":"4f1c0a9e-0001-4a00-9c31-b0de51000001","user":"SYSTEM","message":"Antimalware definitions updated to 1.421.386.0","target":"Microsoft-Windows-Windows Defender/Operational","process":{"name":"MsMpEng.exe","parent_name":"services.exe"},"event":{"channel":"Microsoft-Windows-Windows Defender/Operational","provider":"Microsoft-Windows-Windows-Defender","event_id":2000,"record_id":1330,"level":"Information","computer":"WKS-CORP-01.eu.corp.example"},"detections":[],"severity_max":"none","detection_count":0,"provenance":{"raw_file":"raw/Windows.EventLogs.Evtx/results.json","raw_row":88,"collection_id":"demo-wks-corp-01"}},
  {"schema_version":"1.0.0","row_hash":"656140469f0f3cca100f460db2463d5d20458ffa6a00fb1f9a394cb8822fb5fb","timestamp_utc":"2026-03-12T12:45:00.2380000Z","timestamp_desc":"EventTime","source":"log","artifact":"Windows.EventLogs.Evtx","collector_kind":"native","host":"WKS-CORP-01","host_id":"4f1c0a9e-0001-4a00-9c31-b0de51000001","user":"SYSTEM","message":"Antimalware definitions updated to 1.421.376.0","target":"Microsoft-Windows-Windows Defender/Operational","process":{"name":"MsMpEng.exe","parent_name":"services.exe"},"event":{"channel":"Microsoft-Windows-Windows Defender/Operational","provider":"Microsoft-Windows-Windows-Defender","event_id":2000,"record_id":4952,"level":"Information","computer":"WKS-CORP-01.eu.corp.example"},"detections":[],"severity_max":"none","detection_count":0,"provenance":{"raw_file":"raw/Windows.EventLogs.Evtx/results.json","raw_row":136,"collection_id":"demo-wks-corp-01"}},
