  {"schema_version":"1.0.0","row_hash":"8496667215cc369f0e50d841568fcab2fdb87a15bb62fb526f91aa238dcbce85","timestamp_utc":"2026-03-14T15:46:51.8600000Z","timestamp_desc":"Modified","source":"filesystem","artifact":"Windows.NTFS.MFT","collector_kind":"velociraptor","host":"DC-CORP-01","host_id":"4f1c0a9e-0003-4a00-9c31-b0de51000003","user":"SYSTEM","message":"Group Policy template modified: Default Domain Policy","target":"C:\\Windows\\SYSVOL\\sysvol\\corp.example\\Policies\\{31B2F340-016D-11D2-945F-00C04FB984F9}\\GPT.INI","file":{"path":"C:\\Windows\\SYSVOL\\sysvol\\corp.example\\Policies\\{31B2F340-016D-11D2-945F-00C04FB984F9}\\GPT.INI","name":"GPT.INI","extension":"INI","size_bytes":89,"mft_entry":75641,"is_allocated":true},"detections":[],"severity_max":"none","detection_count":0,"provenance":{"raw_file":"raw/Windows.NTFS.MFT/results.json","raw_row":54,"collection_id":"demo-dc-corp-01"}},
  {"schema_version":"1.0.0","row_hash":"ce49a8494598192da01a86c24e856e3719481eda25d5c05ab94679550d6fefa3","timestamp_utc":"2026-03-14T15:48:08.9390000Z","timestamp_desc":"EventTime","source":"system_info","artifact":"Windows.System.TrustRelationships","collector_kind":"velociraptor","host":"DC-CORP-01","host_id":"4f1c0a9e-0003-4a00-9c31-b0de51000003","user":"SYSTEM","message":"Forest trust enumerated: eu.corp.example -> corp.example (parent/child, transitive)","target":"eu.corp.example","detections":[],"severity_max":"none","detection_count":0,"provenance":{"raw_file":"raw/Windows.System.TrustRelationships/results.json","raw_row":35,"collection_id":"demo-dc-corp-01"},"extra":{"probe":1,"trust_attributes":"WITHIN_FOREST","trust_direction":"Bidirectional","trust_type":"Uplevel","validated":true}},
  {"schema_version":"1.0.0","row_hash":"72f983e986ccaf0c2769b9c73b6ee5987726f4970cacff6375b99de761e81881","timestamp_utc":"2026-03-14T15:51:25.7100000Z","timestamp_desc":"EventTime","source":"system_info","artifact":"Windows.System.TrustRelationships","collector_kind":"velociraptor","host":"DC-CORP-01","host_id":"4f1c0a9e-0003-4a00-9c31-b0de51000003","user":"SYSTEM","message":"Forest trust enumerated: eu.corp.example -> corp.example (parent/child, transitive)","target":"eu.corp.example","detections":[],"severity_max":"none","detection_count":0,"provenance":{"raw_file":"raw/Windows.System.TrustRelationships/results.json","raw_row":7,"collection_id":"demo-dc-corp-01"},"extra":{"probe":2,"trust_attributes":"WITHIN_FOREST","trust_direction":"Bidirectional","trust_type":"Uplevel","validated":true}},
  {"schema_version":"1.0.0","row_hash":"9f45e49545a15719c85cb3739460546fdd211268e72a15c39249fcd9a6cfa0a1","timestamp_utc":"2026-03-14T15:52:37.3000000Z","timestamp_desc":"EventTime","source":"system_info","artifact":"Windows.System.TrustRelationships","collector_kind":"velociraptor","host":"DC-CORP-01","host_id":"4f1c0a9e-0003-4a00-9c31-b0de51000003","user":"SYSTEM","message":"Forest trust enumerated: eu.corp.example -> corp.example (parent/child, transitive)","target":"eu.corp.example","detections":[],"severity_max":"none","detection_count":0,"provenance":{"raw_file":"raw/Windows.System.TrustRelationships/results.json","raw_row":51,"collection_id":"demo-dc-corp-01"},"extra":{"probe":7,"trust_attributes":"WITHIN_FOREST","trust_direction":"Bidirectional","trust_type":"Uplevel","validated":true}},
  {"schema_version":"1.0.0","row_hash":"0cff2c32468a94c2702da5383ca19ad02fc661c2899c159b345265fc9ab889ee","timestamp_utc":"2026-03-14T16:30:11.6190000Z","timestamp_desc":"EventTime","source":"eventlog","artifact":"Windows.EventLogs.Evtx","collector_kind":"native","host":"DC-CORP-01","host_id":"4f1c0a9e-0003-4a00-9c31-b0de51000003","user":"EU\\bob","message":"Kerberos service ticket was requested: cifs/SRV-CORP-FS02.eu.corp.example","target":"EU\\bob","event":{"channel":"Security","provider":"Microsoft-Windows-Security-Auditing","event_id":4769,"record_id":703602,"level":"Information","computer":"DC-CORP-01.corp.example"},"detections":[],"severity_max":"none","detection_count":0,"provenance":{"raw_file":"raw/Windows.EventLogs.Evtx/results.json","raw_row":197,"collection_id":"demo-dc-corp-01"},"extra":{"encryption_type":"0x12 (AES256-CTS-HMAC-SHA1-96)","failure_code":"0x0"}},
  {"schema_version":"1.0.0","row_hash":"246e8a95d70ff3936ef0c8b2d65e3cc90bed10f7cad1480b7d936f0bbd3da8ea","timestamp_utc":"2026-03-14T16:41:42.4300000Z","timestamp_desc":"EventTime","source":"log","artifact":"Windows.EventLogs.Evtx","collector_kind":"native","host":"DC-CORP-01","host_id":"4f1c0a9e-0003-4a00-9c31-b0de51000003","user":"SYSTEM","message":"DNS zone transfer completed for corp.example","target":"Microsoft-Windows-DNS-Server/Audit","process":{"name":"dns.exe","image_path":"C:\\Windows\\System32\\dns.exe","parent_name":"services.exe"},"event":{"channel":"DNS Server","provider":"Microsoft-Windows-DNS-Server-Service","event_id":6522,"record_id":6688,"level":"Information","computer":"DC-CORP-01.corp.example"},"detections":[],"severity_max":"none","detection_count":0,"provenance":{"raw_file":"raw/Windows.EventLogs.Evtx/results.json","raw_row":334,"collection_id":"demo-dc-corp-01"}},
  {"schema_version":"1.0.0","row_hash":"ca57f5fd2b7e2d309c159d746374c65033369f3e86a39e0662d4481f84a1a79c","timestamp_utc":"2026-03-14T16:43:00.2430000Z","timestamp_desc":"EventTime","source":"log","artifact":"Windows.EventLogs.Evtx","collector_kind":"native","host":"DC-CORP-01","host_id":"4f1c0a9e-0003-4a00-9c31-b0de51000003","user":"SYSTEM","message":"DNS zone transfer completed for eu.corp.example","target":"Microsoft-Windows-DNS-Server/Audit","process":{"name":"dns.exe","image_path":"C:\\Windows\\System32\\dns.exe","parent_name":"services.exe"},"event":{"channel":"DNS Server","provider":"Microsoft-Windows-DNS-Server-Service","event_id":6522,"record_id":6066,"level":"Information","computer":"DC-CORP-01.corp.example"},"detections":[],"severity_max":"none","detection_count":0,"provenance":{"raw_file":"raw/Windows.EventLogs.Evtx/results.json","raw_row":14,"collection_id":"demo-dc-corp-01"}},
  {"schema_version":"1.0.0","row_hash":"4874510697b1c70170f838ac789a76e8a132985871f6bc5b6ae277d3623bae89","timestamp_utc":"2026-03-14T16:47:51.1510000Z","timestamp_desc":"EventTime","source":"log","artifact":"Windows.EventLogs.Evtx","collector_kind":"native","host":"DC-CORP-01","host_id":"4f1c0a9e-0003-4a00-9c31-b0de51000003","user":"SYSTEM","message":"DNS zone transfer completed for eu.corp.example","target":"Microsoft-Windows-DNS-Server/Audit","process":{"name":"dns.exe","image_path":"C:\\Windows\\System32\\dns.exe","parent_name":"services.exe"},"event":{"channel":"DNS Server","provider":"Microsoft-Windows-DNS-Server-Service","event_id":6522,"record_id":7641,"level":"Information","computer":"DC-CORP-01.corp.example"},"detections":[],"severity_max":"none","detection_count":0,"provenance":{"raw_file":"raw/Windows.EventLogs.Evtx/results.json","raw_row":314,"collection_id":"demo-dc-corp-01"}},
  {"schema_version":"1.0.0","row_hash":"af5d877811a15c43d48f2bc260d5ff099817c2b3f1bd5c6007289913843bb534","timestamp_utc":"2026-03-14T16:56:41.0360000Z","timestamp_desc":"EventTime","source":"eventlog","artifact":"Windows.EventLogs.Evtx","collector_kind":"native","host":"DC-CORP-01","host_id":"4f1c0a9e-0003-4a00-9c31-b0de51000003","user":"EU\\alice","message":"Kerberos service ticket was requested: ldap/DC-CORP-01.corp.example","target":"EU\\alice","event":{"channel":"Security","provider":"Microsoft-Windows-Security-Auditing","event_id":4769,"record_id":472245,"level":"Information","computer":"DC-CORP-01.corp.example"},"detections":[],"severity_max":"none","detection_count":0,"provenance":{"raw_file":"raw/Windows.EventLogs.Evtx/results.json","raw_row":297,"collection_id":"demo-dc-corp-01"},"extra":{"encryption_type":"0x12 (AES256-CTS-HMAC-SHA1-96)","failure_code":"0x0"}},
  {"schema_version":"1.0.0","row_hash":"2a16b1bdfad1369eb53c1e9250ffc5ff6a2ddcba4be3b7d620b9002acc603cd4","timestamp_utc":"2026-03-14T16:56:55.9940000Z","timestamp_desc":"EventTime","source":"log","artifact":"Windows.EventLogs.Evtx","collector_kind":"native","host":"DC-CORP-01","host_id":"4f1c0a9e-0003-4a00-9c31-b0de51000003","user":"SYSTEM","message":"DNS zone transfer completed for eu.corp.example","target":"Microsoft-Windows-DNS-Server/Audit","process":{"name":"dns.exe","image_path":"C:\\Windows\\System32\\dns.exe","parent_name":"services.exe"},"event":{"channel":"DNS Server","provider":"Microsoft-Windows-DNS-Server-Service","event_id":6522,"record_id":7302,"level":"Information","computer":"DC-CORP-01.corp.example"},"detections":[],"severity_max":"none","detection_count":0,"provenance":{"raw_file":"raw/Windows.EventLogs.Evtx/results.json","raw_row":94,"collection_id":"demo-dc-corp-01"}},
  {"schema_version":"1.0.0","row_hash":"d66bb7d46b6cef3c7b4ca37160116f982fc245cffe3472a9e0a38c01cc9105ea","timestamp_utc":"2026-03-14T17:00:49.0360000Z","timestamp_desc":"EventTime","source":"system_info","artifact":"Windows.System.TrustRelationships","collector_kind":"velociraptor","host":"DC-CORP-01","host_id":"4f1c0a9e-0003-4a00-9c31-b0de51000003","user":"SYSTEM","message":"Forest trust enumerated: eu.corp.example -> corp.example (parent/child, transitive)","target":"eu.corp.example","detections":[],"severity_max":"none","detection_count":0,"provenance":{"raw_file":"raw/Windows.System.TrustRelationships/results.json","raw_row":19,"collection_id":"demo-dc-corp-01"},"extra":{"probe":1,"trust_attributes":"WITHIN_FOREST","trust_direction":"Bidirectional","trust_type":"Uplevel","validated":true}},
  {"schema_version":"1.0.0","row_hash":"365a6220b38003dea407cb89f396d08069555e794a4c07a46d3791e81d131b4d","timestamp_utc":"2026-03-14T17:53:26.0770000Z","timestamp_desc":"Modified","source":"filesystem","artifact":"Windows.NTFS.MFT","collector_kind":"velociraptor","host":"DC-CORP-01","host_id":"4f1c0a9e-0003-4a00-9c31-b0de51000003","user":"SYSTEM","message":"Group Policy template modified: Default Domain Policy","target":"C:\\Windows\\SYSVOL\\sysvol\\corp.example\\Policies\\{31B2F340-016D-11D2-945F-00C04FB984F9}\\GPT.INI","file":{"path":"C:\\Windows\\SYSVOL\\sysvol\\corp.example\\Policies\\{31B2F340-016D-11D2-945F-00C04FB984F9}\\GPT.INI","name":"GPT.INI","extension":"INI","size_bytes":84,"mft_entry":70133,"is_allocated":true},"detections":[],"severity_max":"none","detection_count":0,"provenance":{"raw_file":"raw/Windows.NTFS.MFT/results.json","raw_row":2,"collection_id":"demo-dc-corp-01"}},
  {"schema_version":"1.0.0","row_hash":"f5ee3a5e5f1733fbb14fcf928a585d4a4cd05dec15326819aec4adce9832f478","timestamp_utc":"2026-03-14T18:00:58.3300000Z","timestamp_desc":"Modified","source":"filesystem","artifact":"Windows.NTFS.MFT","collector_kind":"velociraptor","host":"DC-CORP-01","host_id":"4f1c0a9e-0003-4a00-9c31-b0de51000003","user":"SYSTEM","message":"Group Policy template modified: Default Domain Policy","target":"C:\\Windows\\SYSVOL\\sysvol\\corp.example\\Policies\\{31B2F340-016D-11D2-945F-00C04FB984F9}\\GPT.INI","file":{"path":"C:\\Windows\\SYSVOL\\sysvol\\corp.example\\Policies\\{31B2F340-016D-11D2-945F-00C04FB984F9}\\GPT.INI","name":"GPT.INI","extension":"INI","size_bytes":64,"mft_entry":73484,"is_allocated":true},"detections":[],"severity_max":"none","detection_count":0,"provenance":{"raw_file":"raw/Windows.NTFS.MFT/results.json","raw_row":34,"collection_id":"demo-dc-corp-01"}},
  {"schema_version":"1.0.0","row_hash":"15f5d682a0dcfe14ebf81cad506212cf9cd56eb063f8723683ba0a0d4db80aa0","timestamp_utc":"2026-03-14T22:30:41.0250000Z","timestamp_desc":"EventTime","source":"system_info","artifact":"Windows.System.TrustRelationships","collector_kind":"velociraptor","host":"DC-CORP-01","host_id":"4f1c0a9e-0003-4a00-9c31-b0de51000003","user":"SYSTEM","message":"Forest trust enumerated: eu.corp.example -> corp.example (parent/child, transitive)","target":"eu.corp.example","detections":[],"severity_max":"none","detection_count":0,"provenance":{"raw_file":"raw/Windows.System.TrustRelationships/results.json","raw_row":63,"collection_id":"demo-dc-corp-01"},"extra":{"probe":4,"trust_attributes":"WITHIN_FOREST","trust_direction":"Bidirectional","trust_type":"Uplevel","validated":true}},
  {"schema_version":"1.0.0","row_hash":"1475dcea6829a26ff48b4f99908a62c0e879bff69b31fe1597c90b4d0a57732e","timestamp_utc":"2026-03-14T22:41:50.7710000Z","timestamp_desc":"EventTime","source":"eventlog","artifact":"Windows.EventLogs.Evtx","collector_kind":"native","host":"DC-CORP-01","host_id":"4f1c0a9e-0003-4a00-9c31-b0de51000003","user":"EU\\carol","message":"Kerberos service ticket was requested: host/SRV-CORP-FS02.eu.corp.example","target":"EU\\carol","event":{"channel":"Security","provider":"Microsoft-Windows-Security-Auditing","event_id":4769,"record_id":529640,"level":"Information","computer":"DC-CORP-01.corp.example"},"detections":[],"severity_max":"none","detection_count":0,"provenance":{"raw_file":"raw/Windows.EventLogs.Evtx/results.json","raw_row":57,"collection_id":"demo-dc-corp-01"},"extra":{"encryption_type":"0x12 (AES256-CTS-HMAC-SHA1-96)","failure_code":"0x0"}},
];
