  {"schema_version":"1.0.0","row_hash":"48691cfa9876b69774c4fd042a52cc18d470bb4da7b4ca39042fa65d425d2188","timestamp_utc":"2026-03-09T13:50:26.7770000Z","timestamp_desc":"LastWriteTime","source":"registry","artifact":"Windows.Registry.Shares","collector_kind":"velociraptor","host":"SRV-CORP-FS02","host_id":"4f1c0a9e-0002-4a00-9c31-b0de51000002","user":"SYSTEM","message":"Share definition enumerated: Finance","target":"HKLM\\SYSTEM\\CurrentControlSet\\Services\\LanmanServer\\Shares\\Finance","registry":{"key":"HKLM\\SYSTEM\\CurrentControlSet\\Services\\LanmanServer\\Shares\\Finance","value_name":"Finance","value_data":"CSCFlags=0;MaxUses=4294967295;Path=D:\\Finance","value_type":"REG_MULTI_SZ","hive":"SYSTEM"},"detections":[],"severity_max":"none","detection_count":0,"provenance":{"raw_file":"raw/Windows.Registry.Shares/results.json","raw_row":38,"collection_id":"demo-srv-corp-fs02"},"extra":{"max_uses":4294967295,"slot":50}},
  {"schema_version":"1.0.0","row_hash":"81500f1eafc00acab0543789317aed2cbe98613b4e3912d23adeafd20078d08d","timestamp_utc":"2026-03-09T13:51:00.9870000Z","timestamp_desc":"EventTime","timestamp_source_field":"System.TimeCreated.SystemTime","source":"eventlog","artifact":"Windows.EventLogs.Evtx","collector_kind":"native","host":"SRV-CORP-FS02","host_id":"4f1c0a9e-0002-4a00-9c31-b0de51000002","user":"EU\\svc-backup","message":"Network share object accessed: \\\\SRV-CORP-FS02\\Finance by EU\\svc-backup","target":"\\\\SRV-CORP-FS02\\Finance","network":{"src_ip":"10.0.5.42","dst_ip":"10.0.5.20","dst_port":445,"protocol":"tcp","direction":"inbound"},"event":{"channel":"Security","provider":"Microsoft-Windows-Security-Auditing","event_id":5140,"record_id":621659,"level":"Information","computer":"SRV-CORP-FS02.eu.corp.example","logon_type":3},"detections":[],"severity_max":"none","detection_count":0,"provenance":{"raw_file":"raw/Windows.EventLogs.Evtx/results.json","raw_row":132,"collection_id":"demo-srv-corp-fs02"}},
  {"schema_version":"1.0.0","row_hash":"9c9c3e511a3a277c63b7a9c9453deb446926144038cdceaa4fe6d7c22b136761","timestamp_utc":"2026-03-09T14:07:42.3680000Z","timestamp_desc":"LastWriteTime","source":"registry","artifact":"Windows.Registry.Shares","collector_kind":"velociraptor","host":"SRV-CORP-FS02","host_id":"4f1c0a9e-0002-4a00-9c31-b0de51000002","user":"SYSTEM","message":"Share definition enumerated: Finance","target":"HKLM\\SYSTEM\\CurrentControlSet\\Services\\LanmanServer\\Shares\\Finance","registry":{"key":"HKLM\\SYSTEM\\CurrentControlSet\\Services\\LanmanServer\\Shares\\Finance","value_name":"Finance","value_data":"CSCFlags=0;MaxUses=4294967295;Path=D:\\Finance","value_type":"REG_MULTI_SZ","hive":"SYSTEM"},"detections":[],"severity_max":"none","detection_count":0,"provenance":{"raw_file":"raw/Windows.Registry.Shares/results.json","raw_row":14,"collection_id":"demo-srv-corp-fs02"},"extra":{"max_uses":4294967295,"slot":7}},
  {"schema_version":"1.0.0","row_hash":"10d80fa5ea582bc5993cab8f5d38f401754d3f9b0ee23139217e0e6682d2293e","timestamp_utc":"2026-03-09T14:08:41.4880000Z","timestamp_desc":"EventTime","timestamp_source_field":"System.TimeCreated.SystemTime","source":"eventlog","artifact":"Windows.EventLogs.Evtx","collector_kind":"native","host":"SRV-CORP-FS02","host_id":"4f1c0a9e-0002-4a00-9c31-b0de51000002","user":"EU\\bob","message":"Network share object accessed: \\\\SRV-CORP-FS02\\Finance by EU\\bob","target":"\\\\SRV-CORP-FS02\\Finance","network":{"src_ip":"10.0.5.42","dst_ip":"10.0.5.20","dst_port":445,"protocol":"tcp","direction":"inbound"},"event":{"channel":"Security","provider":"Microsoft-Windows-Security-Auditing","event_id":5140,"record_id":719848,"level":"Information","computer":"SRV-CORP-FS02.eu.corp.example","logon_type":3},"detections":[],"severity_max":"none","detection_count":0,"provenance":{"raw_file":"raw/Windows.EventLogs.Evtx/results.json","raw_row":4,"collection_id":"demo-srv-corp-fs02"}},
  {"schema_version":"1.0.0","row_hash":"550beb52f31c7e5a5fa20510b02257621d014a2e8c06f9489c1b6ddb35f0e08e","timestamp_utc":"2026-03-09T14:33:03.6410000Z","timestamp_desc":"EventTime","source":"account","artifact":"Windows.EventLogs.Evtx","collector_kind":"native","host":"SRV-CORP-FS02","host_id":"4f1c0a9e-0002-4a00-9c31-b0de51000002","user":"EU\\SRV-CORP-FS02$","message":"Computer account password changed (machine account maintenance)","target":"EU\\SRV-CORP-FS02$","event":{"channel":"Security","provider":"Microsoft-Windows-Security-Auditing","event_id":4742,"record_id":610983,"level":"Information","computer":"SRV-CORP-FS02.eu.corp.example"},"detections":[],"severity_max":"none","detection_count":0,"provenance":{"raw_file":"raw/Windows.EventLogs.Evtx/results.json","raw_row":135,"collection_id":"demo-srv-corp-fs02"}},
  {"schema_version":"1.0.0","row_hash":"5d2c134a6dce1ed7a0e34f8e3acd8672b40f97b361f750647937bf5be8ac1d7e","timestamp_utc":"2026-03-09T14:33:29.6330000Z","timestamp_desc":"RunTime","source":"scheduled_task","artifact":"Windows.System.TaskScheduler","collector_kind":"velociraptor","host":"SRV-CORP-FS02","host_id":"4f1c0a9e-0002-4a00-9c31-b0de51000002","user":"EU\\svc-backup","message":"Scheduled task ran: \\Corp\\NightlyShareBackup","target":"\\Corp\\NightlyShareBackup","detections":[],"severity_max":"none","detection_count":0,"provenance":{"raw_file":"raw/Windows.System.TaskScheduler/results.json","raw_row":36,"collection_id":"demo-srv-corp-fs02"},"extra":{"result_code":0,"run_duration_seconds":2534,"task_author":"EU\\bob"}},
  {"schema_version":"1.0.0","row_hash":"8348a6fcb210a55268c8d9a8ad9fb4853e7468843a9fdaa7de863328022cb26f","timestamp_utc":"2026-03-09T14:34:50.9270000Z","timestamp_desc":"EventTime","source":"service","artifact":"Windows.EventLogs.Evtx","collector_kind":"native","host":"SRV-CORP-FS02","host_id":"4f1c0a9e-0002-4a00-9c31-b0de51000002","user":"SYSTEM","message":"Service entered the running state: DFS Replication (DFSR)","target":"DFSR","process":{"name":"dfsrs.exe","image_path":"C:\\Windows\\System32\\DFSRs.exe","parent_name":"services.exe"},"event":{"channel":"System","provider":"Service Control Manager","event_id":7036,"record_id":8538,"level":"Information","computer":"SRV-CORP-FS02.eu.corp.example"},"detections":[],"severity_max":"none","detection_count":0,"provenance":{"raw_file":"raw/Windows.EventLogs.Evtx/results.json","raw_row":205,"collection_id":"demo-srv-corp-fs02"}},
  {"schema_version":"1.0.0","row_hash":"55e1746eb648d7dfebd1b890cbcd95977aabffb888551ea1b0815efb98d969d3","timestamp_utc":"2026-03-09T14:40:58.5580000Z","timestamp_desc":"LastWriteTime","source":"registry","artifact":"Windows.Registry.Shares","collector_kind":"velociraptor","host":"SRV-CORP-FS02","host_id":"4f1c0a9e-0002-4a00-9c31-b0de51000002","user":"SYSTEM","message":"Share definition enumerated: Finance","target":"HKLM\\SYSTEM\\CurrentControlSet\\Services\\LanmanServer\\Shares\\Finance","registry":{"key":"HKLM\\SYSTEM\\CurrentControlSet\\Services\\LanmanServer\\Shares\\Finance","value_name":"Finance","value_data":"CSCFlags=0;MaxUses=4294967295;Path=D:\\Finance","value_type":"REG_MULTI_SZ","hive":"SYSTEM"},"detections":[],"severity_max":"none","detection_count":0,"provenance":{"raw_file":"raw/Windows.Registry.Shares/results.json","raw_row":2,"collection_id":"demo-srv-corp-fs02"},"extra":{"max_uses":4294967295,"slot":18}},
  {"schema_version":"1.0.0","row_hash":"1d495a45f86eb5070234d31df60c16e28567873226dc82ab5c4eae0910b03fb7","timestamp_utc":"2026-03-09T14:42:59.7080000Z","timestamp_desc":"EventTime","source":"service","artifact":"Windows.EventLogs.Evtx","collector_kind":"native","host":"SRV-CORP-FS02","host_id":"4f1c0a9e-0002-4a00-9c31-b0de51000002","user":"SYSTEM","message":"Service entered the running state: DFS Replication (DFSR)","target":"DFSR","process":{"name":"dfsrs.exe","image_path":"C:\\Windows\\System32\\DFSRs.exe","parent_name":"services.exe"},"event":{"channel":"System","provider":"Service Control Manager","event_id":7036,"record_id":5880,"level":"Information","computer":"SRV-CORP-FS02.eu.corp.example"},"detections":[],"severity_max":"none","detection_count":0,"provenance":{"raw_file":"raw/Windows.EventLogs.Evtx/results.json","raw_row":253,"collection_id":"demo-srv-corp-fs02"}},
  {"schema_version":"1.0.0","row_hash":"ad467b55c9e1cd32b9e0cd4d99fa5ce236fc9c4a7cf237374077b2b662a3c83f","timestamp_utc":"2026-03-09T14:48:21.0660000Z","timestamp_desc":"EventTime","source":"service","artifact":"Windows.EventLogs.Evtx","collector_kind":"native","host":"SRV-CORP-FS02","host_id":"4f1c0a9e-0002-4a00-9c31-b0de51000002","user":"SYSTEM","message":"Service entered the running state: DFS Replication (DFSR)","target":"DFSR","process":{"name":"dfsrs.exe","image_path":"C:\\Windows\\System32\\DFSRs.exe","parent_name":"services.exe"},"event":{"channel":"System","provider":"Service Control Manager","event_id":7036,"record_id":9183,"level":"Information","computer":"SRV-CORP-FS02.eu.corp.example"},"detections":[],"severity_max":"none","detection_count":0,"provenance":{"raw_file":"raw/Windows.EventLogs.Evtx/results.json","raw_row":157,"collection_id":"demo-srv-corp-fs02"}},
  {"schema_version":"1.0.0","row_hash":"4b22e2e0f6bb5a881a20089da48667881b14622602bd9aebc3445905c7c42ee8","timestamp_utc":"2026-03-09T14:51:50.9460000Z","timestamp_desc":"EventTime","timestamp_source_field":"System.TimeCreated.SystemTime","source":"eventlog","artifact":"Windows.EventLogs.Evtx","collector_kind":"native","host":"SRV-CORP-FS02","host_id":"4f1c0a9e-0002-4a00-9c31-b0de51000002","user":"EU\\Administrator","message":"Network share object accessed: \\\\SRV-CORP-FS02\\Finance by EU\\Administrator","target":"\\\\SRV-CORP-FS02\\Finance","network":{"src_ip":"10.0.5.42","dst_ip":"10.0.5.20","dst_port":445,"protocol":"tcp","direction":"inbound"},"event":{"channel":"Security","provider":"Microsoft-Windows-Security-Auditing","event_id":5140,"record_id":974044,"level":"Information","computer":"SRV-CORP-FS02.eu.corp.example","logon_type":3},"detections":[],"severity_max":"none","detection_count":0,"provenance":{"raw_file":"raw/Windows.EventLogs.Evtx/results.json","raw_row":212,"collection_id":"demo-srv-corp-fs02"}},
  {"schema_version":"1.0.0","row_hash":"d1fa4fbaa49ef791b6cc58dc875f15fa18123f59e9064afc8678ee772aa19cc5","timestamp_utc":"2026-03-09T15:01:57.6730000Z","timestamp_desc":"LastWriteTime","source":"registry","artifact":"Windows.Registry.Shares","collector_kind":"velociraptor","host":"SRV-CORP-FS02","host_id":"4f1c0a9e-0002-4a00-9c31-b0de51000002","user":"SYSTEM","message":"Share definition enumerated: Finance","target":"HKLM\\SYSTEM\\CurrentControlSet\\Services\\LanmanServer\\Shares\\Finance","registry":{"key":"HKLM\\SYSTEM\\CurrentControlSet\\Services\\LanmanServer\\Shares\\Finance","value_name":"Finance","value_data":"CSCFlags=0;MaxUses=4294967295;Path=D:\\Finance","value_type":"REG_MULTI_SZ","hive":"SYSTEM"},"detections":[],"severity_max":"none","detection_count":0,"provenance":{"raw_file":"raw/Windows.Registry.Shares/results.json","raw_row":18,"collection_id":"demo-srv-corp-fs02"},"extra":{"max_uses":4294967295,"slot":49}},
  {"schema_version":"1.0.0","row_hash":"f0c8e7cad0441cfe9cbb3ef4daaf1c5da5de61048325001579815798611bd21a","timestamp_utc":"2026-03-09T15:06:48.9920000Z","timestamp_desc":"EventTime","source":"account","artifact":"Windows.EventLogs.Evtx","collector_kind":"native","host":"SRV-CORP-FS02","host_id":"4f1c0a9e-0002-4a00-9c31-b0de51000002","user":"EU\\SRV-CORP-FS02$","message":"Computer account password changed (machine account maintenance)","target":"EU\\SRV-CORP-FS02$","event":{"channel":"Security","provider":"Microsoft-Windows-Security-Auditing","event_id":4742,"record_id":731802,"level":"Information","computer":"SRV-CORP-FS02.eu.corp.example"},"detections":[],"severity_max":"none","detection_count":0,"provenance":{"raw_file":"raw/Windows.EventLogs.Evtx/results.json","raw_row":279,"collection_id":"demo-srv-corp-fs02"}},
  {"schema_version":"1.0.0","row_hash":"032693213770de4816685104e1ebfd3b501be2cd83fc1e971ce6cd49e045ae3a","timestamp_utc":"2026-03-09T15:07:42.0630000Z","timestamp_desc":"EventTime","source":"service","artifact":"Windows.EventLogs.Evtx","collector_kind":"native","host":"SRV-CORP-FS02","host_id":"4f1c0a9e-0002-4a00-9c31-b0de51000002","user":"SYSTEM","message":"Service entered the running state: DFS Replication (DFSR)","target":"DFSR","process":{"name":"dfsrs.exe","image_path":"C:\\Windows\\System32\\DFSRs.exe","parent_name":"services.exe"},"event":{"channel":"System","provider":"Service Control Manager","event_id":7036,"record_id":6551,"level":"Information","computer":"SRV-CORP-FS02.eu.corp.example"},"detections":[],"severity_max":"none","detection_count":0,"provenance":{"raw_file":"raw/Windows.EventLogs.Evtx/results.json","raw_row":141,"collection_id":"demo-srv-corp-fs02"}},
  {"schema_version":"1.0.0","row_hash":"df7d0ba59d37ab3142c7a515206b46a00745e0f80b119d644871c74a55e61b72","timestamp_utc":"2026-03-09T15:10:08.4920000Z","timestamp_desc":"EventTime","source":"service","artifact":"Windows.EventLogs.Evtx","collector_kind":"native","host":"SRV-CORP-FS02","host_id":"4f1c0a9e-0002-4a00-9c31-b0de51000002","user":"SYSTEM","message":"Service entered the running state: DFS Replication (DFSR)","target":"DFSR","process":{"name":"dfsrs.exe","image_path":"C:\\Windows\\System32\\DFSRs.exe","parent_name":"services.exe"},"event":{"channel":"System","provider":"Service Control Manager","event_id":7036,"record_id":5858,"level":"Information","computer":"SRV-CORP-FS02.eu.corp.example"},"detections":[],"severity_max":"none","detection_count":0,"provenance":{"raw_file":"raw/Windows.EventLogs.Evtx/results.json","raw_row":29,"collection_id":"demo-srv-corp-fs02"}},
  {"schema_version":"1.0.0","row_hash":"d6484f1fa9116db9fd4c0c7186e163ec63b1893e010b50117c90e6e4d1887432","timestamp_utc":"2026-03-09T15:28:17.1460000Z","timestamp_desc":"EventTime","timestamp_source_field":"System.TimeCreated.SystemTime","source":"eventlog","artifact":"Windows.EventLogs.Evtx","collector_kind":"native","host":"SRV-CORP-FS02","host_id":"4f1c0a9e-0002-4a00-9c31-b0de51000002","user":"EU\\bob","message":"Network share object accessed: \\\\SRV-CORP-FS02\\Finance by EU\\bob","target":"\\\\SRV-CORP-FS02\\Finance","network":{"src_ip":"10.0.5.41","dst_ip":"10.0.5.20","dst_port":445,"protocol":"tcp","direction":"inbound"},"event":{"channel":"Security","provider":"Microsoft-Windows-Security-Auditing","event_id":5140,"record_id":864756,"level":"Information","computer":"SRV-CORP-FS02.eu.corp.example","logon_type":3},"detections":[],"severity_max":"none","detection_count":0,"provenance":{"raw_file":"raw/Windows.EventLogs.Evtx/results.json","raw_row":116,"collection_id":"demo-srv-corp-fs02"}},
  {"schema_version":"1.0.0","row_hash":"96347e8c1b46a551af6cb0c40b32c26027caffe1fbf0957f5510c3364244c862","timestamp_utc":"2026-03-09T15:37:08.6270000Z","timestamp_desc":"EventTime","timestamp_source_field":"System.TimeCreated.SystemTime","source":"eventlog","artifact":"Windows.EventLogs.Evtx","collector_kind":"native","host":"SRV-CORP-FS02","host_id":"4f1c0a9e-0002-4a00-9c31-b0de51000002","user":"EU\\bob","message":"Network share object accessed: \\\\SRV-CORP-FS02\\Finance by EU\\bob","target":"\\\\SRV-CORP-FS02\\Finance","network":{"src_ip":"10.0.5.42","dst_ip":"10.0.5.20","dst_port":445,"protocol":"tcp","direction":"inbound"},"event":{"channel":"Security","provider":"Microsoft-Windows-Security-Auditing","event_id":5140,"record_id":480043,"level":"Information","computer":"SRV-CORP-FS02.eu.corp.example","logon_type":3},"detections":[],"severity_max":"none","detection_count":0,"provenance":{"raw_file":"raw/Windows.EventLogs.Evtx/results.json","raw_row":36,"collection_id":"demo-srv-corp-fs02"}},
  {"schema_version":"1.0.0","row_hash":"01207d429f3d97065c5b8866b24d18faaeb929deee3b697b8eff4e49f2f24fd1","timestamp_utc":"2026-03-09T15:37:59.2670000Z","timestamp_desc":"RunTime","source":"scheduled_task","artifact":"Windows.System.TaskScheduler","collector_kind":"velociraptor","host":"SRV-CORP-FS02","host_id":"4f1c0a9e-0002-4a00-9c31-b0de51000002","user":"EU\\svc-backup","message":"Scheduled task ran: \\Corp\\NightlyShareBackup","target":"\\Corp\\NightlyShareBackup","detections":[],"severity_max":"none","detection_count":0,"provenance":{"raw_file":"raw/Windows.System.TaskScheduler/results.json","raw_row":16,"collection_id":"demo-srv-corp-fs02"},"extra":{"result_code":0,"run_duration_seconds":1242,"task_author":"EU\\bob"}},
  {"schema_version":"1.0.0","row_hash":"d3d09405d5580725b68931fe2314f4f72b8e3845c4954b56820830669bdec409","timestamp_utc":"2026-03-09T15:49:39.2370000Z","timestamp_desc":"RunTime","source":"scheduled_task","artifact":"Windows.System.TaskScheduler","collector_kind":"velociraptor","host":"SRV-CORP-FS02","host_id":"4f1c0a9e-0002-4a00-9c31-b0de51000002","user":"EU\\svc-backup","message":"Scheduled task ran: \\Corp\\NightlyShareBackup","target":"\\Corp\\NightlyShareBackup","detections":[],"severity_max":"none","detection_count":0,"provenance":{"raw_file":"raw/Windows.System.TaskScheduler/results.json","raw_row":4,"collection_id":"demo-srv-corp-fs02"},"extra":{"result_code":0,"run_duration_seconds":1369,"task_author":"EU\\bob"}},
  {"schema_version":"1.0.0","row_hash":"2d827c8cfd4e89e49b2a2c8f008cdf2d6f9a19e7d2c42616d9024cd519c707f0","timestamp_utc":"2026-03-09T15:58:00.5010000Z","timestamp_desc":"LastWriteTime","source":"registry","artifact":"Windows.Registry.Shares","collector_kind":"velociraptor","host":"SRV-CORP-FS02","host_id":"4f1c0a9e-0002-4a00-9c31-b0de51000002","user":"SYSTEM","message":"Share definition enumerated: Finance","target":"HKLM\\SYSTEM\\CurrentControlSet\\Services\\LanmanServer\\Shares\\Finance","registry":{"key":"HKLM\\SYSTEM\\CurrentControlSet\\Services\\LanmanServer\\Shares\\Finance","value_name":"Finance","value_data":"CSCFlags=0;MaxUses=4294967295;Path=D:\\Finance","value_type":"REG_MULTI_SZ","hive":"SYSTEM"},"detections":[],"severity_max":"none","detection_count":0,"provenance":{"raw_file":"raw/Windows.Registry.Shares/results.json","raw_row":30,"collection_id":"demo-srv-corp-fs02"},"extra":{"max_uses":4294967295,"slot":27}},
  {"schema_version":"1.0.0","row_hash":"b9990f4716b6cdb72656e6e6af76257b7c49db4cfd42ba98e61a68fab4e522f9","timestamp_utc":"2026-03-09T16:14:15.1760000Z","timestamp_desc":"EventTime","source":"service","artifact":"Windows.EventLogs.Evtx","collector_kind":"native","host":"SRV-CORP-FS02","host_id":"4f1c0a9e-0002-4a00-9c31-b0de51000002","user":"SYSTEM","message":"Service entered the running state: DFS Replication (DFSR)","target":"DFSR","process":{"name":"dfsrs.exe","image_path":"C:\\Windows\\System32\\DFSRs.exe","parent_name":"services.exe"},"event":{"channel":"System","provider":"Service Control Manager","event_id":7036,"record_id":9861,"level":"Information","computer":"SRV-CORP-FS02.eu.corp.example"},"detections":[],"severity_max":"none","detection_count":0,"provenance":{"raw_file":"raw/Windows.EventLogs.Evtx/results.json","raw_row":93,"collection_id":"demo-srv-corp-fs02"}},
  {"schema_version":"1.0.0","row_hash":"066ad61034eb9317ac3f88ba1d3d465cdcd1457986c8bb270f23f50c16977065","timestamp_utc":"2026-03-09T16:14:25.8090000Z","timestamp_desc":"LastWriteTime","source":"registry","artifact":"Windows.Registry.Shares","collector_kind":"velociraptor","host":"SRV-CORP-FS02","host_id":"4f1c0a9e-0002-4a00-9c31-b0de51000002","user":"SYSTEM","message":"Share definition enumerated: Finance","target":"HKLM\\SYSTEM\\CurrentControlSet\\Services\\LanmanServer\\Shares\\Finance","registry":{"key":"HKLM\\SYSTEM\\CurrentControlSet\\Services\\LanmanServer\\Shares\\Finance","value_name":"Finance","value_data":"CSCFlags=0;MaxUses=4294967295;Path=D:\\Finance","value_type":"REG_MULTI_SZ","hive":"SYSTEM"},"detections":[],"severity_max":"none","detection_count":0,"provenance":{"raw_file":"raw/Windows.Registry.Shares/results.json","raw_row":26,"collection_id":"demo-srv-corp-fs02"},"extra":{"max_uses":4294967295,"slot":24}},
  {"schema_version":"1.0.0","row_hash":"3e540e01f6bc7a3419a179d772b10532bc0d2e12fa640b13e9b213f6899d3da4","timestamp_utc":"2026-03-09T16:18:26.6170000Z","timestamp_desc":"RunTime","source":"scheduled_task","artifact":"Windows.System.TaskScheduler","collector_kind":"velociraptor","host":"SRV-CORP-FS02","host_id":"4f1c0a9e-0002-4a00-9c31-b0de51000002","user":"EU\\svc-backup","message":"Scheduled task ran: \\Corp\\NightlyShareBackup","target":"\\Corp\\NightlyShareBackup","detections":[],"severity_max":"none","detection_count":0,"provenance":{"raw_file":"raw/Windows.System.TaskScheduler/results.json","raw_row":64,"collection_id":"demo-srv-corp-fs02"},"extra":{"result_code":0,"run_duration_seconds":1212,"task_author":"EU\\bob"}},
  {"schema_version":"1.0.0","row_hash":"3ae5155c97fcf8169c5671f390e1dd795ae65a98030e15bc4e8945df3a50aa6c","timestamp_utc":"2026-03-09T16:18:54.4130000Z","timestamp_desc":"EventTime","source":"service","artifact":"Windows.EventLogs.Evtx","collector_kind":"native","host":"SRV-CORP-FS02","host_id":"4f1c0a9e-0002-4a00-9c31-b0de51000002","user":"SYSTEM","message":"Service entered the running state: DFS Replication (DFSR)","target":"DFSR","process":{"name":"dfsrs.exe","image_path":"C:\\Windows\\System32\\DFSRs.exe","parent_name":"services.exe"},"event":{"channel":"System","provider":"Service Control Manager","event_id":7036,"record_id":8520,"level":"Information","computer":"SRV-CORP-FS02.eu.corp.example"},"detections":[],"severity_max":"none","detection_count":0,"provenance":{"raw_file":"raw/Windows.EventLogs.Evtx/results.json","raw_row":45,"collection_id":"demo-srv-corp-fs02"}},
  {"schema_version":"1.0.0","row_hash":"0c3774c7267554b0418cd1d59619808a065f180433fe300700e38f94620031c1","timestamp_utc":"2026-03-09T16:23:47.8670000Z","timestamp_desc":"LastWriteTime","source":"registry","artifact":"Windows.Registry.Shares","collector_kind":"velociraptor","host":"SRV-CORP-FS02","host_id":"4f1c0a9e-0002-4a00-9c31-b0de51000002","user":"SYSTEM","message":"Share definition enumerated: Finance","target":"HKLM\\SYSTEM\\CurrentControlSet\\Services\\LanmanServer\\Shares\\Finance","registry":{"key":"HKLM\\SYSTEM\\CurrentControlSet\\Services\\LanmanServer\\Shares\\Finance","value_name":"Finance","value_data":"CSCFlags=0;MaxUses=4294967295;Path=D:\\Finance","value_type":"REG_MULTI_SZ","hive":"SYSTEM"},"detections":[],"severity_max":"none","detection_count":0,"provenance":{"raw_file":"raw/Windows.Registry.Shares/results.json","raw_row":50,"collection_id":"demo-srv-corp-fs02"},"extra":{"max_uses":4294967295,"slot":48}},
  {"schema_version":"1.0.0","row_hash":"d5f69704c74dd95ed447432d1c071bda93833223e81f819008cfed9f74a36621","timestamp_utc":"2026-03-09T16:24:04.7540000Z","timestamp_desc":"EventTime","timestamp_source_field":"System.TimeCreated.SystemTime","source":"eventlog","artifact":"Windows.EventLogs.Evtx","collector_kind":"native","host":"SRV-CORP-FS02","host_id":"4f1c0a9e-0002-4a00-9c31-b0de51000002","user":"EU\\Administrator","message":"Network share object accessed: \\\\SRV-CORP-FS02\\Finance by EU\\Administrator","target":"\\\\SRV-CORP-FS02\\Finance","network":{"src_ip":"10.0.5.42","dst_ip":"10.0.5.20","dst_port":445,"protocol":"tcp","direction":"inbound"},"event":{"channel":"Security","provider":"Microsoft-Windows-Security-Auditing","event_id":5140,"record_id":960956,"level":"Information","computer":"SRV-CORP-FS02.eu.corp.example","logon_type":3},"detections":[],"severity_max":"none","detection_count":0,"provenance":{"raw_file":"raw/Windows.EventLogs.Evtx/results.json","raw_row":20,"collection_id":"demo-srv-corp-fs02"}},
  {"schema_version":"1.0.0","row_hash":"5bd8b007f40d6f6bbbd4574180a1650a3c5b6a02280e335c043f6839bd746a69","timestamp_utc":"2026-03-09T16:26:07.4120000Z","timestamp_desc":"LastWriteTime","source":"registry","artifact":"Windows.Registry.Shares","collector_kind":"velociraptor","host":"SRV-CORP-FS02","host_id":"4f1c0a9e-0002-4a00-9c31-b0de51000002","user":"SYSTEM","message":"Share definition enumerated: Finance","target":"HKLM\\SYSTEM\\CurrentControlSet\\Services\\LanmanServer\\Shares\\Finance","registry":{"key":"HKLM\\SYSTEM\\CurrentControlSet\\Services\\LanmanServer\\Shares\\Finance","value_name":"Finance","value_data":"CSCFlags=0;MaxUses=4294967295;Path=D:\\Finance","value_type":"REG_MULTI_SZ","hive":"SYSTEM"},"detections":[],"severity_max":"none","detection_count":0,"provenance":{"raw_file":"raw/Windows.Registry.Shares/results.json","raw_row":62,"collection_id":"demo-srv-corp-fs02"},"extra":{"max_uses":4294967295,"slot":7}},
  {"schema_version":"1.0.0","row_hash":"c5ff16e1ae21a6971321fdd24d6aff8d052e36e214891200f877c948ab80952d","timestamp_utc":"2026-03-09T16:29:18.5300000Z","timestamp_desc":"LastWriteTime","source":"registry","artifact":"Windows.Registry.Shares","collector_kind":"velociraptor","host":"SRV-CORP-FS02","host_id":"4f1c0a9e-0002-4a00-9c31-b0de51000002","user":"SYSTEM","message":"Share definition enumerated: Finance","target":"HKLM\\SYSTEM\\CurrentControlSet\\Services\\LanmanServer\\Shares\\Finance","registry":{"key":"HKLM\\SYSTEM\\CurrentControlSet\\Services\\LanmanServer\\Shares\\Finance","value_name":"Finance","value_data":"CSCFlags=0;MaxUses=4294967295;Path=D:\\Finance","value_type":"REG_MULTI_SZ","hive":"SYSTEM"},"detections":[],"severity_max":"none","detection_count":0,"provenance":{"raw_file":"raw/Windows.Registry.Shares/results.json","raw_row":46,"collection_id":"demo-srv-corp-fs02"},"extra":{"max_uses":4294967295,"slot":21}},
  {"schema_version":"1.0.0","row_hash":"5a90c6736dc403f3395565369986576888c203d181e3fc7bb4c8eeceb5a7d520","timestamp_utc":"2026-03-09T16:31:05.1150000Z","timestamp_desc":"EventTime","source":"account","artifact":"Windows.EventLogs.Evtx","collector_kind":"native","host":"SRV-CORP-FS02","host_id":"4f1c0a9e-0002-4a00-9c31-b0de51000002","user":"EU\\SRV-CORP-FS02$","message":"Computer account password changed (machine account maintenance)","target":"EU\\SRV-CORP-FS02$","event":{"channel":"Security","provider":"Microsoft-Windows-Security-Auditing","event_id":4742,"record_id":874826,"level":"Information","computer":"SRV-CORP-FS02.eu.corp.example"},"detections":[],"severity_max":"none","detection_count":0,"provenance":{"raw_file":"raw/Windows.EventLogs.Evtx/results.json","raw_row":199,"collection_id":"demo-srv-corp-fs02"}},
  {"schema_version":"1.0.0","row_hash":"f3328a2fb501a037eb5cbd0dd9af3f0b75ee3745106493466d6acf2340dae1b5","timestamp_utc":"2026-03-09T16:31:55.5310000Z","timestamp_desc":"EventTime","source":"account","artifact":"Windows.EventLogs.Evtx","collector_kind":"native","host":"SRV-CORP-FS02","host_id":"4f1c0a9e-0002-4a00-9c31-b0de51000002","user":"EU\\SRV-CORP-FS02$","message":"Computer account password changed (machine account maintenance)","target":"EU\\SRV-CORP-FS02$","event":{"channel":"Security","provider":"Microsoft-Windows-Security-Auditing","event_id":4742,"record_id":720701,"level":"Information","computer":"SRV-CORP-FS02.eu.corp.example"},"detections":[],"severity_max":"none","detection_count":0,"provenance":{"raw_file":"raw/Windows.EventLogs.Evtx/results.json","raw_row":103,"collection_id":"demo-srv-corp-fs02"}},
  {"schema_version":"1.0.0","row_hash":"6002e57aa54ddabb625fadb8f2a8d5f743f9aecb910babbcf8e6412269e1c7a9","timestamp_utc":"2026-03-09T16:37:48.3630000Z","timestamp_desc":"RunTime","source":"scheduled_task","artifact":"Windows.System.TaskScheduler","collector_kind":"velociraptor","host":"SRV-CORP-FS02","host_id":"4f1c0a9e-0002-4a00-9c31-b0de51000002","user":"EU\\svc-backup","message":"Scheduled task ran: \\Corp\\NightlyShareBackup","target":"\\Corp\\NightlyShareBackup","detections":[],"severity_max":"none","detection_count":0,"provenance":{"raw_file":"raw/Windows.System.TaskScheduler/results.json","raw_row":24,"collection_id":"demo-srv-corp-fs02"},"extra":{"result_code":0,"run_duration_seconds":1071,"task_author":"EU\\bob"}},
  {"schema_version":"1.0.0","row_hash":"69c2e8d0fbafb410bdc9f0ff75de01b59078b70cd488e551eb24416ea6831269","timestamp_utc":"2026-03-09T16:51:00.3270000Z","timestamp_desc":"RunTime","source":"scheduled_task","artifact":"Windows.System.TaskScheduler","collector_kind":"velociraptor","host":"SRV-CORP-FS02","host_id":"4f1c0a9e-0002-4a00-9c31-b0de51000002","user":"EU\\svc-backup","message":"Scheduled task ran: \\Corp\\NightlyShareBackup","target":"\\Corp\\NightlyShareBackup","detections":[],"severity_max":"none","detection_count":0,"provenance":{"raw_file":"raw/Windows.System.TaskScheduler/results.json","raw_row":56,"collection_id":"demo-srv-corp-fs02"},"extra":{"result_code":0,"run_duration_seconds":1690,"task_author":"EU\\bob"}},
  {"schema_version":"1.0.0","row_hash":"50aa37ff1c12392616070d7307b1bc7ec5008af74d0a652d1da1a9d0e8a2c7d4","timestamp_utc":"2026-03-09T16:56:34.5020000Z","timestamp_desc":"EventTime","timestamp_source_field":"System.TimeCreated.SystemTime","source":"eventlog","artifact":"Windows.EventLogs.Evtx","collector_kind":"native","host":"SRV-CORP-FS02","host_id":"4f1c0a9e-0002-4a00-9c31-b0de51000002","user":"EU\\svc-backup","message":"Network share object accessed: \\\\SRV-CORP-FS02\\Finance by EU\\svc-backup","target":"\\\\SRV-CORP-FS02\\Finance","network":{"src_ip":"10.0.5.15","dst_ip":"10.0.5.20","dst_port":445,"protocol":"tcp","direction":"inbound"},"event":{"channel":"Security","provider":"Microsoft-Windows-Security-Auditing","event_id":5140,"record_id":657983,"level":"Information","computer":"SRV-CORP-FS02.eu.corp.example","logon_type":3},"detections":[],"severity_max":"none","detection_count":0,"provenance":{"raw_file":"raw/Windows.EventLogs.Evtx/results.json","raw_row":52,"collection_id":"demo-srv-corp-fs02"}},
  {"schema_version":"1.0.0","row_hash":"d16933f0095cd697f96f1277c4d928af2eef9b45b5ac4996cff6160d0f5d21b1","timestamp_utc":"2026-03-09T16:58:27.9000000Z","timestamp_desc":"EventTime","timestamp_source_field":"System.TimeCreated.SystemTime","source":"eventlog","artifact":"Windows.EventLogs.Evtx","collector_kind":"native","host":"SRV-CORP-FS02","host_id":"4f1c0a9e-0002-4a00-9c31-b0de51000002","user":"EU\\svc-backup","message":"Network share object accessed: \\\\SRV-CORP-FS02\\Finance by EU\\svc-backup","target":"\\\\SRV-CORP-FS02\\Finance","network":{"src_ip":"10.0.5.42","dst_ip":"10.0.5.20","dst_port":445,"protocol":"tcp","direction":"inbound"},"event":{"channel":"Security","provider":"Microsoft-Windows-Security-Auditing","event_id":5140,"record_id":354156,"level":"Information","computer":"SRV-CORP-FS02.eu.corp.example","logon_type":3},"detections":[],"severity_max":"none","detection_count":0,"provenance":{"raw_file":"raw/Windows.EventLogs.Evtx/results.json","raw_row":244,"collection_id":"demo-srv-corp-fs02"}},
  {"schema_version":"1.0.0","row_hash":"176b67490def918ad1fa6c8260668e4ea179f2e592fc209ffe369256981dd2cb","timestamp_utc":"2026-03-09T17:11:24.8960000Z","timestamp_desc":"EventTime","source":"account","artifact":"Windows.EventLogs.Evtx","collector_kind":"native","host":"SRV-CORP-FS02","host_id":"4f1c0a9e-0002-4a00-9c31-b0de51000002","user":"EU\\SRV-CORP-FS02$","message":"Computer account password changed (machine account maintenance)","target":"EU\\SRV-CORP-FS02$","event":{"channel":"Security","provider":"Microsoft-Windows-Security-Auditing","event_id":4742,"record_id":833436,"level":"Information","computer":"SRV-CORP-FS02.eu.corp.example"},"detections":[],"severity_max":"none","detection_count":0,"provenance":{"raw_file":"raw/Windows.EventLogs.Evtx/results.json","raw_row":263,"collection_id":"demo-srv-corp-fs02"}},
  {"schema_version":"1.0.0","row_hash":"e10177558851129605c34b13297e5af1a2e7924b0bd0be0cf6325d2c7ffb45c4","timestamp_utc":"2026-03-09T17:19:44.8740000Z","timestamp_desc":"RunTime","source":"scheduled_task","artifact":"Windows.System.TaskScheduler","collector_kind":"velociraptor","host":"SRV-CORP-FS02","host_id":"4f1c0a9e-0002-4a00-9c31-b0de51000002","user":"EU\\svc-backup","message":"Scheduled task ran: \\Corp\\NightlyShareBackup","target":"\\Corp\\NightlyShareBackup","detections":[],"severity_max":"none","detection_count":0,"provenance":{"raw_file":"raw/Windows.System.TaskScheduler/results.json","raw_row":20,"collection_id":"demo-srv-corp-fs02"},"extra":{"result_code":0,"run_duration_seconds":1602,"task_author":"EU\\bob"}},
  {"schema_version":"1.0.0","row_hash":"bde83a19a17ee8af787808d6552497d07b2175702c28db6946e229815c832a18","timestamp_utc":"2026-03-09T17:23:29.3330000Z","timestamp_desc":"EventTime","source":"account","artifact":"Windows.EventLogs.Evtx","collector_kind":"native","host":"SRV-CORP-FS02","host_id":"4f1c0a9e-0002-4a00-9c31-b0de51000002","user":"EU\\SRV-CORP-FS02$","message":"Computer account password changed (machine account maintenance)","target":"EU\\SRV-CORP-FS02$","event":{"channel":"Security","provider":"Microsoft-Windows-Security-Auditing","event_id":4742,"record_id":622924,"level":"Information","computer":"SRV-CORP-FS02.eu.corp.example"},"detections":[],"severity_max":"none","detection_count":0,"provenance":{"raw_file":"raw/Windows.EventLogs.Evtx/results.json","raw_row":71,"collection_id":"demo-srv-corp-fs02"}},
  {"schema_version":"1.0.0","row_hash":"b9c993fce4382f68c71c071b0618785e5265224ac575b39cd1af906a0674d8e5","timestamp_utc":"2026-03-09T17:40:08.8790000Z","timestamp_desc":"EventTime","source":"account","artifact":"Windows.EventLogs.Evtx","collector_kind":"native","host":"SRV-CORP-FS02","host_id":"4f1c0a9e-0002-4a00-9c31-b0de51000002","user":"EU\\SRV-CORP-FS02$","message":"Computer account password changed (machine account maintenance)","target":"EU\\SRV-CORP-FS02$","event":{"channel":"Security","provider":"Microsoft-Windows-Security-Auditing","event_id":4742,"record_id":660080,"level":"Information","computer":"SRV-CORP-FS02.eu.corp.example"},"detections":[],"severity_max":"none","detection_count":0,"provenance":{"raw_file":"raw/Windows.EventLogs.Evtx/results.json","raw_row":55,"collection_id":"demo-srv-corp-fs02"}},
  {"schema_version":"1.0.0","row_hash":"111908b29fa026a62e38a47e75c8e613e76f5b2c5bc0bc6e8e85a89f0dccfdf6","timestamp_utc":"2026-03-09T17:42:55.6740000Z","timestamp_desc":"LastWriteTime","source":"registry","artifact":"Windows.Registry.Shares","collector_kind":"velociraptor","host":"SRV-CORP-FS02","host_id":"4f1c0a9e-0002-4a00-9c31-b0de51000002","user":"SYSTEM","message":"Share definition enumerated: Finance","target":"HKLM\\SYSTEM\\CurrentControlSet\\Services\\LanmanServer\\Shares\\Finance","registry":{"key":"HKLM\\SYSTEM\\CurrentControlSet\\Services\\LanmanServer\\Shares\\Finance","value_name":"Finance","value_data":"CSCFlags=0;MaxUses=4294967295;Path=D:\\Finance","value_type":"REG_MULTI_SZ","hive":"SYSTEM"},"detections":[],"severity_max":"none","detection_count":0,"provenance":{"raw_file":"raw/Windows.Registry.Shares/results.json","raw_row":58,"collection_id":"demo-srv-corp-fs02"},"extra":{"max_uses":4294967295,"slot":29}},
  {"schema_version":"1.0.0","row_hash":"5b24c264713ba89c3440dd62b0d458d524402ac83c0ef3987a57827006c9989a","timestamp_utc":"2026-03-09T17:55:47.3440000Z","timestamp_desc":"EventTime","timestamp_source_field":"System.TimeCreated.SystemTime","source":"eventlog","artifact":"Windows.EventLogs.Evtx","collector_kind":"native","host":"SRV-CORP-FS02","host_id":"4f1c0a9e-0002-4a00-9c31-b0de51000002","user":"EU\\Administrator","message":"Network share object accessed: \\\\SRV-CORP-FS02\\Finance by EU\\Administrator","target":"\\\\SRV-CORP-FS02\\Finance","network":{"src_ip":"10.0.5.41","dst_ip":"10.0.5.20","dst_port":445,"protocol":"tcp","direction":"inbound"},"event":{"channel":"Security","provider":"Microsoft-Windows-Security-Auditing","event_id":5140,"record_id":336791,"level":"Information","computer":"SRV-CORP-FS02.eu.corp.example","logon_type":3},"detections":[],"severity_max":"none","detection_count":0,"provenance":{"raw_file":"raw/Windows.EventLogs.Evtx/results.json","raw_row":260,"collection_id":"demo-srv-corp-fs02"}},
  {"schema_version":"1.0.0","row_hash":"b6366fe14b1c8c559318a5e86d73aad2df98c6cdb7c50d16b1ab0fe2565d1f04","timestamp_utc":"2026-03-09T17:58:28.4830000Z","timestamp_desc":"RunTime","source":"scheduled_task","artifact":"Windows.System.TaskScheduler","collector_kind":"velociraptor","host":"SRV-CORP-FS02","host_id":"4f1c0a9e-0002-4a00-9c31-b0de51000002","user":"EU\\svc-backup","message":"Scheduled task ran: \\Corp\\NightlyShareBackup","target":"\\Corp\\NightlyShareBackup","detections":[],"severity_max":"none","detection_count":0,"provenance":{"raw_file":"raw/Windows.System.TaskScheduler/results.json","raw_row":44,"collection_id":"demo-srv-corp-fs02"},"extra":{"result_code":0,"run_duration_seconds":2392,"task_author":"EU\\bob"}},
  {"schema_version":"1.0.0","row_hash":"f304ea453ad48202cc63d470b099ec023c23d364dcb5a36e5c916acb0bb92a36","timestamp_utc":"2026-03-09T18:10:33.8390000Z","timestamp_desc":"EventTime","timestamp_source_field":"System.TimeCreated.SystemTime","source":"eventlog","artifact":"Windows.EventLogs.Evtx","collector_kind":"native","host":"SRV-CORP-FS02","host_id":"4f1c0a9e-0002-4a00-9c31-b0de51000002","user":"EU\\bob","message":"Network share object accessed: \\\\SRV-CORP-FS02\\Finance by EU\\bob","target":"\\\\SRV-CORP-FS02\\Finance","network":{"src_ip":"10.0.5.15","dst_ip":"10.0.5.20","dst_port":445,"protocol":"tcp","direction":"inbound"},"event":{"channel":"Security","provider":"Microsoft-Windows-Security-Auditing","event_id":5140,"record_id":535205,"level":"Information","computer":"SRV-CORP-FS02.eu.corp.example","logon_type":3},"detections":[],"severity_max":"none","detection_count":0,"provenance":{"raw_file":"raw/Windows.EventLogs.Evtx/results.json","raw_row":164,"collection_id":"demo-srv-corp-fs02"}},
  {"schema_version":"1.0.0","row_hash":"5bf3aeee7542ca3fd05dc4512dcde3928bf03f9dcce81d6bf46a3d2a0a206432","timestamp_utc":"2026-03-09T18:12:33.7910000Z","timestamp_desc":"EventTime","timestamp_source_field":"System.TimeCreated.SystemTime","source":"eventlog","artifact":"Windows.EventLogs.Evtx","collector_kind":"native","host":"SRV-CORP-FS02","host_id":"4f1c0a9e-0002-4a00-9c31-b0de51000002","user":"EU\\svc-backup","message":"Network share object accessed: \\\\SRV-CORP-FS02\\Finance by EU\\svc-backup","target":"\\\\SRV-CORP-FS02\\Finance","network":{"src_ip":"10.0.5.42","dst_ip":"10.0.5.20","dst_port":445,"protocol":"tcp","direction":"inbound"},"event":{"channel":"Security","provider":"Microsoft-Windows-Security-Auditing","event_id":5140,"record_id":493606,"level":"Information","computer":"SRV-CORP-FS02.eu.corp.example","logon_type":3},"detections":[],"severity_max":"none","detection_count":0,"provenance":{"raw_file":"raw/Windows.EventLogs.Evtx/results.json","raw_row":100,"collection_id":"demo-srv-corp-fs02"}},
  {"schema_version":"1.0.0","row_hash":"e45f1c9f5b59a0ac459ffc4dbf56cb1fb26b4c13b67f693d07fed52f553d9a20","timestamp_utc":"2026-03-09T18:44:45.8780000Z","timestamp_desc":"LastWriteTime","source":"registry","artifact":"Windows.Registry.Shares","collector_kind":"velociraptor","host":"SRV-CORP-FS02","host_id":"4f1c0a9e-0002-4a00-9c31-b0de51000002","user":"SYSTEM","message":"Share definition enumerated: Finance","target":"HKLM\\SYSTEM\\CurrentControlSet\\Services\\LanmanServer\\Shares\\Finance","registry":{"key":"HKLM\\SYSTEM\\CurrentControlSet\\Services\\LanmanServer\\Shares\\Finance","value_name":"Finance","value_data":"CSCFlags=0;MaxUses=4294967295;Path=D:\\Finance","value_type":"REG_MULTI_SZ","hive":"SYSTEM"},"detections":[],"severity_max":"none","detection_count":0,"provenance":{"raw_file":"raw/Windows.Registry.Shares/results.json","raw_row":42,"collection_id":"demo-srv-corp-fs02"},"extra":{"max_uses":4294967295,"slot":55}},
  {"schema_version":"1.0.0","row_hash":"0c5a91f64492a41b12a0a6f3673d6ac8550370b41ecb775ec1f231467b369aec","timestamp_utc":"2026-03-09T19:26:30.5840000Z","timestamp_desc":"EventTime","timestamp_source_field":"System.TimeCreated.SystemTime","source":"eventlog","artifact":"Windows.EventLogs.Evtx","collector_kind":"native","host":"SRV-CORP-FS02","host_id":"4f1c0a9e-0002-4a00-9c31-b0de51000002","user":"EU\\Administrator","message":"Network share object accessed: \\\\SRV-CORP-FS02\\Finance by EU\\Administrator","target":"\\\\SRV-CORP-FS02\\Finance","network":{"src_ip":"10.0.5.42","dst_ip":"10.0.5.20","dst_port":445,"protocol":"tcp","direction":"inbound"},"event":{"channel":"Security","provider":"Microsoft-Windows-Security-Auditing","event_id":5140,"record_id":468188,"level":"Information","computer":"SRV-CORP-FS02.eu.corp.example","logon_type":3},"detections":[],"severity_max":"none","detection_count":0,"provenance":{"raw_file":"raw/Windows.EventLogs.Evtx/results.json","raw_row":68,"collection_id":"demo-srv-corp-fs02"}},
  {"schema_version":"1.0.0","row_hash":"272b11e3cb061fd90b0f245e83a0cb26a4517b855f1c7afdc0556042bf80280d","timestamp_utc":"2026-03-09T19:43:34.3290000Z","timestamp_desc":"LastWriteTime","source":"registry","artifact":"Windows.Registry.Shares","collector_kind":"velociraptor","host":"SRV-CORP-FS02","host_id":"4f1c0a9e-0002-4a00-9c31-b0de51000002","user":"SYSTEM","message":"Share definition enumerated: Finance","target":"HKLM\\SYSTEM\\CurrentControlSet\\Services\\LanmanServer\\Shares\\Finance","registry":{"key":"HKLM\\SYSTEM\\CurrentControlSet\\Services\\LanmanServer\\Shares\\Finance","value_name":"Finance","value_data":"CSCFlags=0;MaxUses=4294967295;Path=D:\\Finance","value_type":"REG_MULTI_SZ","hive":"SYSTEM"},"detections":[],"severity_max":"none","detection_count":0,"provenance":{"raw_file":"raw/Windows.Registry.Shares/results.json","raw_row":6,"collection_id":"demo-srv-corp-fs02"},"extra":{"max_uses":4294967295,"slot":32}},
  {"schema_version":"1.0.0","row_hash":"215bfe91197401acab7face06478ea3f6c7176aa7d4dd4c8df5f11b1d9bbff37","timestamp_utc":"2026-03-09T20:46:09.6150000Z","timestamp_desc":"EventTime","source":"account","artifact":"Windows.EventLogs.Evtx","collector_kind":"native","host":"SRV-CORP-FS02","host_id":"4f1c0a9e-0002-4a00-9c31-b0de51000002","user":"EU\\SRV-CORP-FS02$","message":"Computer account password changed (machine account maintenance)","target":"EU\\SRV-CORP-FS02$","event":{"channel":"Security","provider":"Microsoft-Windows-Security-Auditing","event_id":4742,"record_id":733456,"level":"Information","computer":"SRV-CORP-FS02.eu.corp.example"},"detections":[],"severity_max":"none","detection_count":0,"provenance":{"raw_file":"raw/Windows.EventLogs.Evtx/results.json","raw_row":119,"collection_id":"demo-srv-corp-fs02"}},
  {"schema_version":"1.0.0","row_hash":"d9718b7879ed551a7e358191da8f4808d9c14a0617bb383c3974c3380befeb5b","timestamp_utc":"2026-03-09T21:50:43.9920000Z","timestamp_desc":"LastWriteTime","source":"registry","artifact":"Windows.Registry.Shares","collector_kind":"velociraptor","host":"SRV-CORP-FS02","host_id":"4f1c0a9e-0002-4a00-9c31-b0de51000002","user":"SYSTEM","message":"Share definition enumerated: Finance","target":"HKLM\\SYSTEM\\CurrentControlSet\\Services\\LanmanServer\\Shares\\Finance","registry":{"key":"HKLM\\SYSTEM\\CurrentControlSet\\Services\\LanmanServer\\Shares\\Finance","value_name":"Finance","value_data":"CSCFlags=0;MaxUses=4294967295;Path=D:\\Finance","value_type":"REG_MULTI_SZ","hive":"SYSTEM"},"detections":[],"severity_max":"none","detection_count":0,"provenance":{"raw_file":"raw/Windows.Registry.Shares/results.json","raw_row":54,"collection_id":"demo-srv-corp-fs02"},"extra":{"max_uses":4294967295,"slot":56}},
  {"schema_version":"1.0.0","row_hash":"92953e30b1dcf7baaa3ee4059d247ceb94f1909e94ea1ab03b3ed8c3d59073a8","timestamp_utc":"2026-03-10T00:45:49.6600000Z","timestamp_desc":"EventTime","source":"network","artifact":"Windows.Network.Netstat","collector_kind":"velociraptor","host":"SRV-CORP-FS02","host_id":"4f1c0a9e-0002-4a00-9c31-b0de51000002","user":"EU\\svc-backup","message":"Backup stream to SRV-CORP-BK01","target":"10.0.10.14:10000","network":{"src_ip":"10.0.5.20","src_port":56761,"dst_ip":"10.0.10.14","dst_port":10000,"protocol":"tcp","direction":"outbound","state":"ESTABLISHED"},"detections":[],"severity_max":"none","detection_count":0,"provenance":{"raw_file":"raw/Windows.Network.Netstat/results.json","raw_row":32,"collection_id":"demo-srv-corp-fs02"}},
  {"schema_version":"1.0.0","row_hash":"37f24c12065358a264e922b6935e6d25ffc5166d345c6283425814697fbf6d42","timestamp_utc":"2026-03-10T02:06:08.9760000Z","timestamp_desc":"EventTime","source":"network","artifact":"Windows.Network.Netstat","collector_kind":"velociraptor","host":"SRV-CORP-FS02","host_id":"4f1c0a9e-0002-4a00-9c31-b0de51000002","user":"EU\\svc-backup","message":"Backup stream to SRV-CORP-BK01","target":"10.0.10.14:10000","network":{"src_ip":"10.0.5.20","src_port":58381,"dst_ip":"10.0.10.14","dst_port":10000,"protocol":"tcp","direction":"outbound","state":"ESTABLISHED"},"detections":[],"severity_max":"none","detection_count":0,"provenance":{"raw_file":"raw/Windows.Network.Netstat/results.json","raw_row":40,"collection_id":"demo-srv-corp-fs02"}},
  {"schema_version":"1.0.0","row_hash":"d4c58dc5e875e23b9c23040b9602487b7d37c6319d0a77df38666659e868e8db","timestamp_utc":"2026-03-10T03:16:56.7630000Z","timestamp_desc":"EventTime","source":"log","artifact":"Windows.EventLogs.Evtx","collector_kind":"native","host":"SRV-CORP-FS02","host_id":"4f1c0a9e-0002-4a00-9c31-b0de51000002","user":"SYSTEM","message":"Volume shadow copy created for D: (nightly backup, 2 snapshots retained)","target":"D:\\","event":{"channel":"Application","provider":"VSS","event_id":8224,"record_id":4110,"level":"Information","computer":"SRV-CORP-FS02.eu.corp.example"},"detections":[],"severity_max":"none","detection_count":0,"provenance":{"raw_file":"raw/Windows.EventLogs.Evtx/results.json","raw_row":202,"collection_id":"demo-srv-corp-fs02"}},
