  {"schema_version":"1.0.0","row_hash":"5170e99a71dd13ae0e00efd1362d492799990ddabd13ec09524e1d5e767e86be","timestamp_utc":"2026-03-08T14:49:36.5860000Z","timestamp_desc":"Modified","source":"filesystem","artifact":"Windows.NTFS.MFT","collector_kind":"velociraptor","host":"DC-CORP-01","host_id":"4f1c0a9e-0003-4a00-9c31-b0de51000003","user":"SYSTEM","message":"Group Policy template modified: Default Domain Policy","target":"C:\\Windows\\SYSVOL\\sysvol\\corp.example\\Policies\\{31B2F340-016D-11D2-945F-00C04FB984F9}\\GPT.INI","file":{"path":"C:\\Windows\\SYSVOL\\sysvol\\corp.example\\Policies\\{31B2F340-016D-11D2-945F-00C04FB984F9}\\GPT.INI","name":"GPT.INI","extension":"INI","size_bytes":64,"mft_entry":74500,"is_allocated":true},"detections":[],"severity_max":"none","detection_count":0,"provenance":{"raw_file":"raw/Windows.NTFS.MFT/results.json","raw_row":15,"collection_id":"demo-dc-corp-01"}},
  {"schema_version":"1.0.0","row_hash":"8795f751f6f63ec4e2d768e1409754e38085c5f8ea94eb699c42c5267a38163c","timestamp_utc":"2026-03-08T14:55:08.7150000Z","timestamp_desc":"EventTime","source":"service","artifact":"Windows.EventLogs.Evtx","collector_kind":"native","host":"DC-CORP-01","host_id":"4f1c0a9e-0003-4a00-9c31-b0de51000003","user":"SYSTEM","message":"Service entered the running state: Active Directory Domain Services (NTDS)","target":"NTDS","process":{"name":"services.exe","image_path":"C:\\Windows\\System32\\services.exe"},"event":{"channel":"System","provider":"Service Control Manager","event_id":7036,"record_id":10547,"level":"Information","computer":"DC-CORP-01.corp.example"},"detections":[],"severity_max":"none","detection_count":0,"provenance":{"raw_file":"raw/Windows.EventLogs.Evtx/results.json","raw_row":250,"collection_id":"demo-dc-corp-01"}},
  {"schema_version":"1.0.0","row_hash":"9657d5ec283f8895ab82a7f446ab8266931317d0a6c4a7f7209e19515f4d8541","timestamp_utc":"2026-03-08T15:05:12.4780000Z","timestamp_desc":"EventTime","source":"eventlog","artifact":"Windows.EventLogs.Evtx","collector_kind":"native","host":"DC-CORP-01","host_id":"4f1c0a9e-0003-4a00-9c31-b0de51000003","user":"EU\\alice","message":"Kerberos service ticket was requested: cifs/SRV-CORP-FS02.eu.corp.example","target":"EU\\alice","event":{"channel":"Security","provider":"Microsoft-Windows-Security-Auditing","event_id":4769,"record_id":742906,"level":"Information","computer":"DC-CORP-01.corp.example"},"detections":[],"severity_max":"none","detection_count":0,"provenance":{"raw_file":"raw/Windows.EventLogs.Evtx/results.json","raw_row":302,"collection_id":"demo-dc-corp-01"},"extra":{"encryption_type":"0x12 (AES256-CTS-HMAC-SHA1-96)","failure_code":"0x0"}},
  {"schema_version":"1.0.0","row_hash":"323a9f85aed2316edd3a963fd5580f3a88611adc03164805349a973b9ef73948","timestamp_utc":"2026-03-08T15:33:55.1340000Z","timestamp_desc":"EventTime","source":"system_info","artifact":"Windows.System.TrustRelationships","collector_kind":"velociraptor","host":"DC-CORP-01","host_id":"4f1c0a9e-0003-4a00-9c31-b0de51000003","user":"SYSTEM","message":"Forest trust enumerated: eu.corp.example -> corp.example (parent/child, transitive)","target":"eu.corp.example","detections":[],"severity_max":"none","detection_count":0,"provenance":{"raw_file":"raw/Windows.System.TrustRelationships/results.json","raw_row":0,"collection_id":"demo-dc-corp-01"},"extra":{"probe":3,"trust_attributes":"WITHIN_FOREST","trust_direction":"Bidirectional","trust_type":"Uplevel","validated":true}},
  {"schema_version":"1.0.0","row_hash":"b8ec0a2e53cd2abf00c878838bf3a5341c4094e9131ab99c6a9718290da5ab86","timestamp_utc":"2026-03-08T15:51:59.0160000Z","timestamp_desc":"EventTime","source":"log","artifact":"Windows.EventLogs.Evtx","collector_kind":"native","host":"DC-CORP-01","host_id":"4f1c0a9e-0003-4a00-9c31-b0de51000003","user":"SYSTEM","message":"DNS zone transfer completed for corp.example","target":"Microsoft-Windows-DNS-Server/Audit","process":{"name":"dns.exe","image_path":"C:\\Windows\\System32\\dns.exe","parent_name":"services.exe"},"event":{"channel":"DNS Server","provider":"Microsoft-Windows-DNS-Server-Service","event_id":6522,"record_id":1324,"level":"Information","computer":"DC-CORP-01.corp.example"},"detections":[],"severity_max":"none","detection_count":0,"provenance":{"raw_file":"raw/Windows.EventLogs.Evtx/results.json","raw_row":279,"collection_id":"demo-dc-corp-01"}},
  {"schema_version":"1.0.0","row_hash":"b11001e9f7b17c6604ef5b0aac57cdc692a44446b237088cec08a6aaa805e698","timestamp_utc":"2026-03-08T15:53:20.0790000Z","timestamp_desc":"Modified","source":"filesystem","artifact":"Windows.NTFS.MFT","collector_kind":"velociraptor","host":"DC-CORP-01","host_id":"4f1c0a9e-0003-4a00-9c31-b0de51000003","user":"SYSTEM","message":"Group Policy template modified: Default Domain Policy","target":"C:\\Windows\\SYSVOL\\sysvol\\corp.example\\Policies\\{31B2F340-016D-11D2-945F-00C04FB984F9}\\GPT.INI","file":{"path":"C:\\Windows\\SYSVOL\\sysvol\\corp.example\\Policies\\{31B2F340-016D-11D2-945F-00C04FB984F9}\\GPT.INI","name":"GPT.INI","extension":"INI","size_bytes":98,"mft_entry":70696,"is_allocated":true},"detections":[],"severity_max":"none","detection_count":0,"provenance":{"raw_file":"raw/Windows.NTFS.MFT/results.json","raw_row":55,"collection_id":"demo-dc-corp-01"}},
  {"schema_version":"1.0.0","row_hash":"e2c619993f39b3d6f59a22bcc37f75f08b4903b175e9c871726cce16875ea3e3","timestamp_utc":"2026-03-08T15:55:26.7590000Z","timestamp_desc":"EventTime","source":"eventlog","artifact":"Windows.EventLogs.Evtx","collector_kind":"native","host":"DC-CORP-01","host_id":"4f1c0a9e-0003-4a00-9c31-b0de51000003","user":"EU\\bob","message":"Kerberos service ticket was requested: host/SRV-CORP-FS02.eu.corp.example","target":"EU\\bob","event":{"channel":"Security","provider":"Microsoft-Windows-Security-Auditing","event_id":4769,"record_id":968444,"level":"Information","computer":"DC-CORP-01.corp.example"},"detections":[],"severity_max":"none","detection_count":0,"provenance":{"raw_file":"raw/Windows.EventLogs.Evtx/results.json","raw_row":22,"collection_id":"demo-dc-corp-01"},"extra":{"encryption_type":"0x12 (AES256-CTS-HMAC-SHA1-96)","failure_code":"0x0"}},
  {"schema_version":"1.0.0","row_hash":"89888c19a233bddafaae9f33a85bd45848619929897eed5e18a1895d260a18cc","timestamp_utc":"2026-03-08T16:06:07.0930000Z","timestamp_desc":"EventTime","source":"system_info","artifact":"Windows.System.TrustRelationships","collector_kind":"velociraptor","host":"DC-CORP-01","host_id":"4f1c0a9e-0003-4a00-9c31-b0de51000003","user":"SYSTEM","message":"Forest trust enumerated: eu.corp.example -> corp.example (parent/child, transitive)","target":"eu.corp.example","detections":[],"severity_max":"none","detection_count":0,"provenance":{"raw_file":"raw/Windows.System.TrustRelationships/results.json","raw_row":48,"collection_id":"demo-dc-corp-01"},"extra":{"probe":2,"trust_attributes":"WITHIN_FOREST","trust_direction":"Bidirectional","trust_type":"Uplevel","validated":true}},
  {"schema_version":"1.0.0","row_hash":"bcecd6e41f6ec7e9566dd49c9777ebeae9d7d09db9518d5467d0b29ea94f7c9a","timestamp_utc":"2026-03-08T16:06:53.3580000Z","timestamp_desc":"Modified","source":"filesystem","artifact":"Windows.NTFS.MFT","collector_kind":"velociraptor","host":"DC-CORP-01","host_id":"4f1c0a9e-0003-4a00-9c31-b0de51000003","user":"SYSTEM","message":"Group Policy template modified: Default Domain Policy","target":"C:\\Windows\\SYSVOL\\sysvol\\corp.example\\Policies\\{31B2F340-016D-11D2-945F-00C04FB984F9}\\GPT.INI","file":{"path":"C:\\Windows\\SYSVOL\\sysvol\\corp.example\\Policies\\{31B2F340-016D-11D2-945F-00C04FB984F9}\\GPT.INI","name":"GPT.INI","extension":"INI","size_bytes":95,"mft_entry":78985,"is_allocated":true},"detections":[],"severity_max":"none","detection_count":0,"provenance":{"raw_file":"raw/Windows.NTFS.MFT/results.json","raw_row":23,"collection_id":"demo-dc-corp-01"}},
  {"schema_version":"1.0.0","row_hash":"388470b2bd339bb147af3d5f76aa45f2dc8824b17d8c0cf7350f84fe322bc31e","timestamp_utc":"2026-03-08T16:07:00.1980000Z","timestamp_desc":"EventTime","source":"log","artifact":"Windows.EventLogs.Evtx","collector_kind":"native","host":"DC-CORP-01","host_id":"4f1c0a9e-0003-4a00-9c31-b0de51000003","user":"SYSTEM","message":"DNS zone transfer completed for corp.example","target":"Microsoft-Windows-DNS-Server/Audit","process":{"name":"dns.exe","image_path":"C:\\Windows\\System32\\dns.exe","parent_name":"services.exe"},"event":{"channel":"DNS Server","provider":"Microsoft-Windows-DNS-Server-Service","event_id":6522,"record_id":3558,"level":"Information","computer":"DC-CORP-01.corp.example"},"detections":[],"severity_max":"none","detection_count":0,"provenance":{"raw_file":"raw/Windows.EventLogs.Evtx/results.json","raw_row":299,"collection_id":"demo-dc-corp-01"}},
  {"schema_version":"1.0.0","row_hash":"c9bea3c5e8aab30ddad980b6118e5be0abc01a9cf0a71c48f82d210dc10e779e","timestamp_utc":"2026-03-08T16:29:48.6120000Z","timestamp_desc":"EventTime","source":"eventlog","artifact":"Windows.EventLogs.Evtx","collector_kind":"native","host":"DC-CORP-01","host_id":"4f1c0a9e-0003-4a00-9c31-b0de51000003","user":"EU\\bob","message":"Kerberos service ticket was requested: host/SRV-CORP-FS02.eu.corp.example","target":"EU\\bob","event":{"channel":"Security","provider":"Microsoft-Windows-Security-Auditing","event_id":4769,"record_id":629650,"level":"Information","computer":"DC-CORP-01.corp.example"},"detections":[],"severity_max":"none","detection_count":0,"provenance":{"raw_file":"raw/Windows.EventLogs.Evtx/results.json","raw_row":322,"collection_id":"demo-dc-corp-01"},"extra":{"encryption_type":"0x12 (AES256-CTS-HMAC-SHA1-96)","failure_code":"0x0"}},
  {"schema_version":"1.0.0","row_hash":"45d4414d873d7af9885ff65e2ed3ad1e2c42c37c91027a0cce90224392954c72","timestamp_utc":"2026-03-08T16:33:55.3970000Z","timestamp_desc":"EventTime","source":"eventlog","artifact":"Windows.EventLogs.Evtx","collector_kind":"native","host":"DC-CORP-01","host_id":"4f1c0a9e-0003-4a00-9c31-b0de51000003","user":"EU\\carol","message":"Kerberos service ticket was requested: cifs/SRV-CORP-FS02.eu.corp.example","target":"EU\\carol","event":{"channel":"Security","provider":"Microsoft-Windows-Security-Auditing","event_id":4769,"record_id":817671,"level":"Information","computer":"DC-CORP-01.corp.example"},"detections":[],"severity_max":"none","detection_count":0,"provenance":{"raw_file":"raw/Windows.EventLogs.Evtx/results.json","raw_row":282,"collection_id":"demo-dc-corp-01"},"extra":{"encryption_type":"0x12 (AES256-CTS-HMAC-SHA1-96)","failure_code":"0x0"}},
  {"schema_version":"1.0.0","row_hash":"16b38adaebf27b7e30416c3396a32d32bc1b44d2888f2a399d4bfef1327fa524","timestamp_utc":"2026-03-08T16:42:39.9810000Z","timestamp_desc":"EventTime","source":"log","artifact":"Windows.EventLogs.Evtx","collector_kind":"native","host":"DC-CORP-01","host_id":"4f1c0a9e-0003-4a00-9c31-b0de51000003","user":"SYSTEM","message":"DNS zone transfer completed for eu.corp.example","target":"Microsoft-Windows-DNS-Server/Audit","process":{"name":"dns.exe","image_path":"C:\\Windows\\System32\\dns.exe","parent_name":"services.exe"},"event":{"channel":"DNS Server","provider":"Microsoft-Windows-DNS-Server-Service","event_id":6522,"record_id":3015,"level":"Information","computer":"DC-CORP-01.corp.example"},"detections":[],"severity_max":"none","detection_count":0,"provenance":{"raw_file":"raw/Windows.EventLogs.Evtx/results.json","raw_row":199,"collection_id":"demo-dc-corp-01"}},
  {"schema_version":"1.0.0","row_hash":"997b3cd96f5f2eaea71155fe1b56573ae49e79fe5a8ade2e976a92f1c75536d7","timestamp_utc":"2026-03-08T16:46:14.0240000Z","timestamp_desc":"EventTime","source":"log","artifact":"Windows.EventLogs.Evtx","collector_kind":"native","host":"DC-CORP-01","host_id":"4f1c0a9e-0003-4a00-9c31-b0de51000003","user":"SYSTEM","message":"DNS zone transfer completed for corp.example","target":"Microsoft-Windows-DNS-Server/Audit","process":{"name":"dns.exe","image_path":"C:\\Windows\\System32\\dns.exe","parent_name":"services.exe"},"event":{"channel":"DNS Server","provider":"Microsoft-Windows-DNS-Server-Service","event_id":6522,"record_id":6994,"level":"Information","computer":"DC-CORP-01.corp.example"},"detections":[],"severity_max":"none","detection_count":0,"provenance":{"raw_file":"raw/Windows.EventLogs.Evtx/results.json","raw_row":339,"collection_id":"demo-dc-corp-01"}},
  {"schema_version":"1.0.0","row_hash":"4a94dae96184a1874f4d381f7c4896f81ed84b128d8bd3837d5ef33e5e5be588","timestamp_utc":"2026-03-08T17:03:19.2440000Z","timestamp_desc":"EventTime","source":"service","artifact":"Windows.EventLogs.Evtx","collector_kind":"native","host":"DC-CORP-01","host_id":"4f1c0a9e-0003-4a00-9c31-b0de51000003","user":"SYSTEM","message":"Service entered the running state: Active Directory Domain Services (NTDS)","target":"NTDS","process":{"name":"services.exe","image_path":"C:\\Windows\\System32\\services.exe"},"event":{"channel":"System","provider":"Service Control Manager","event_id":7036,"record_id":7727,"level":"Information","computer":"DC-CORP-01.corp.example"},"detections":[],"severity_max":"none","detection_count":0,"provenance":{"raw_file":"raw/Windows.EventLogs.Evtx/results.json","raw_row":230,"collection_id":"demo-dc-corp-01"}},
  {"schema_version":"1.0.0","row_hash":"4d398bcfb83c1299c0639e4794bc296b0c667053c09316cdf339c6cbdcb5995c","timestamp_utc":"2026-03-08T17:28:49.4850000Z","timestamp_desc":"EventTime","source":"service","artifact":"Windows.EventLogs.Evtx","collector_kind":"native","host":"DC-CORP-01","host_id":"4f1c0a9e-0003-4a00-9c31-b0de51000003","user":"SYSTEM","message":"Service entered the running state: Active Directory Domain Services (NTDS)","target":"NTDS","process":{"name":"services.exe","image_path":"C:\\Windows\\System32\\services.exe"},"event":{"channel":"System","provider":"Service Control Manager","event_id":7036,"record_id":7782,"level":"Information","computer":"DC-CORP-01.corp.example"},"detections":[],"severity_max":"none","detection_count":0,"provenance":{"raw_file":"raw/Windows.EventLogs.Evtx/results.json","raw_row":110,"collection_id":"demo-dc-corp-01"}},
  {"schema_version":"1.0.0","row_hash":"0ebe2020a89367538e82f0dc77b8572fca47bc9a171a8b054a16453e8ea7cc1e","timestamp_utc":"2026-03-08T18:16:27.7890000Z","timestamp_desc":"Modified","source":"filesystem","artifact":"Windows.NTFS.MFT","collector_kind":"velociraptor","host":"DC-CORP-01","host_id":"4f1c0a9e-0003-4a00-9c31-b0de51000003","user":"SYSTEM","message":"Group Policy template modified: Default Domain Policy","target":"C:\\Windows\\SYSVOL\\sysvol\\corp.example\\Policies\\{31B2F340-016D-11D2-945F-00C04FB984F9}\\GPT.INI","file":{"path":"C:\\Windows\\SYSVOL\\sysvol\\corp.example\\Policies\\{31B2F340-016D-11D2-945F-00C04FB984F9}\\GPT.INI","name":"GPT.INI","extension":"INI","size_bytes":97,"mft_entry":73364,"is_allocated":true},"detections":[],"severity_max":"none","detection_count":0,"provenance":{"raw_file":"raw/Windows.NTFS.MFT/results.json","raw_row":3,"collection_id":"demo-dc-corp-01"}},
  {"schema_version":"1.0.0","row_hash":"a5866d236b349be9bfb9a93502d1cf3d04240794b38df0a2ea5d5031e5ca4ba1","timestamp_utc":"2026-03-08T18:31:37.4760000Z","timestamp_desc":"EventTime","source":"log","artifact":"Windows.EventLogs.Evtx","collector_kind":"native","host":"DC-CORP-01","host_id":"4f1c0a9e-0003-4a00-9c31-b0de51000003","user":"SYSTEM","message":"DNS zone transfer completed for corp.example","target":"Microsoft-Windows-DNS-Server/Audit","process":{"name":"dns.exe","image_path":"C:\\Windows\\System32\\dns.exe","parent_name":"services.exe"},"event":{"channel":"DNS Server","provider":"Microsoft-Windows-DNS-Server-Service","event_id":6522,"record_id":1788,"level":"Information","computer":"DC-CORP-01.corp.example"},"detections":[],"severity_max":"none","detection_count":0,"provenance":{"raw_file":"raw/Windows.EventLogs.Evtx/results.json","raw_row":59,"collection_id":"demo-dc-corp-01"}},
  {"schema_version":"1.0.0","row_hash":"ea76aa4d2bb3532900fef18561243b6a02b0266237926196bfaf93815bd84b15","timestamp_utc":"2026-03-08T18:52:38.7470000Z","timestamp_desc":"EventTime","source":"service","artifact":"Windows.EventLogs.Evtx","collector_kind":"native","host":"DC-CORP-01","host_id":"4f1c0a9e-0003-4a00-9c31-b0de51000003","user":"SYSTEM","message":"Service entered the running state: Active Directory Domain Services (NTDS)","target":"NTDS","process":{"name":"services.exe","image_path":"C:\\Windows\\System32\\services.exe"},"event":{"channel":"System","provider":"Service Control Manager","event_id":7036,"record_id":11555,"level":"Information","computer":"DC-CORP-01.corp.example"},"detections":[],"severity_max":"none","detection_count":0,"provenance":{"raw_file":"raw/Windows.EventLogs.Evtx/results.json","raw_row":350,"collection_id":"demo-dc-corp-01"}},
  {"schema_version":"1.0.0","row_hash":"9d60911d262e9e4f4cea569ed12f39f2b4fc07133004f893243b12d71268b23c","timestamp_utc":"2026-03-08T19:02:56.5020000Z","timestamp_desc":"EventTime","source":"eventlog","artifact":"Windows.EventLogs.Evtx","collector_kind":"native","host":"DC-CORP-01","host_id":"4f1c0a9e-0003-4a00-9c31-b0de51000003","user":"CORP\\Administrator","message":"Kerberos service ticket was requested: host/SRV-CORP-FS02.eu.corp.example","target":"CORP\\Administrator","event":{"channel":"Security","provider":"Microsoft-Windows-Security-Auditing","event_id":4769,"record_id":994456,"level":"Information","computer":"DC-CORP-01.corp.example"},"detections":[],"severity_max":"none","detection_count":0,"provenance":{"raw_file":"raw/Windows.EventLogs.Evtx/results.json","raw_row":162,"collection_id":"demo-dc-corp-01"},"extra":{"encryption_type":"0x12 (AES256-CTS-HMAC-SHA1-96)","failure_code":"0x0"}},
  {"schema_version":"1.0.0","row_hash":"8f45b3fd029a61c826d0fdf8fbdf73c81f4302805584584bd8a508fd3960152e","timestamp_utc":"2026-03-08T19:11:57.4890000Z","timestamp_desc":"EventTime","source":"system_info","artifact":"Windows.System.TrustRelationships","collector_kind":"velociraptor","host":"DC-CORP-01","host_id":"4f1c0a9e-0003-4a00-9c31-b0de51000003","user":"SYSTEM","message":"Forest trust enumerated: eu.corp.example -> corp.example (parent/child, transitive)","target":"eu.corp.example","detections":[],"severity_max":"none","detection_count":0,"provenance":{"raw_file":"raw/Windows.System.TrustRelationships/results.json","raw_row":40,"collection_id":"demo-dc-corp-01"},"extra":{"probe":1,"trust_attributes":"WITHIN_FOREST","trust_direction":"Bidirectional","trust_type":"Uplevel","validated":true}},
  {"schema_version":"1.0.0","row_hash":"558bea6fb9e5c85aa7283715c8ca9e915ace064e3af86e74ce17065a158902cb","timestamp_utc":"2026-03-08T19:33:52.2950000Z","timestamp_desc":"EventTime","source":"log","artifact":"Windows.EventLogs.Evtx","collector_kind":"native","host":"DC-CORP-01","host_id":"4f1c0a9e-0003-4a00-9c31-b0de51000003","user":"SYSTEM","message":"DNS zone transfer completed for eu.corp.example","target":"Microsoft-Windows-DNS-Server/Audit","process":{"name":"dns.exe","image_path":"C:\\Windows\\System32\\dns.exe","parent_name":"services.exe"},"event":{"channel":"DNS Server","provider":"Microsoft-Windows-DNS-Server-Service","event_id":6522,"record_id":7063,"level":"Information","computer":"DC-CORP-01.corp.example"},"detections":[],"severity_max":"none","detection_count":0,"provenance":{"raw_file":"raw/Windows.EventLogs.Evtx/results.json","raw_row":119,"collection_id":"demo-dc-corp-01"}},
  {"schema_version":"1.0.0","row_hash":"ec45d0941789ae4693dc3df313ad7b911c54bc6c53cca4d2b01db35f62b04629","timestamp_utc":"2026-03-08T19:37:00.4950000Z","timestamp_desc":"EventTime","source":"system_info","artifact":"Windows.System.TrustRelationships","collector_kind":"velociraptor","host":"DC-CORP-01","host_id":"4f1c0a9e-0003-4a00-9c31-b0de51000003","user":"SYSTEM","message":"Forest trust enumerated: eu.corp.example -> corp.example (parent/child, transitive)","target":"eu.corp.example","detections":[],"severity_max":"none","detection_count":0,"provenance":{"raw_file":"raw/Windows.System.TrustRelationships/results.json","raw_row":44,"collection_id":"demo-dc-corp-01"},"extra":{"probe":4,"trust_attributes":"WITHIN_FOREST","trust_direction":"Bidirectional","trust_type":"Uplevel","validated":true}},
  {"schema_version":"1.0.0","row_hash":"3a05cc807546ee39389f332baa8f34e5919aaf1d1a0e5457d5f68fe50135318a","timestamp_utc":"2026-03-08T21:21:19.0690000Z","timestamp_desc":"EventTime","source":"system_info","artifact":"Windows.System.TrustRelationships","collector_kind":"velociraptor","host":"DC-CORP-01","host_id":"4f1c0a9e-0003-4a00-9c31-b0de51000003","user":"SYSTEM","message":"Forest trust enumerated: eu.corp.example -> corp.example (parent/child, transitive)","target":"eu.corp.example","detections":[],"severity_max":"none","detection_count":0,"provenance":{"raw_file":"raw/Windows.System.TrustRelationships/results.json","raw_row":32,"collection_id":"demo-dc-corp-01"},"extra":{"probe":1,"trust_attributes":"WITHIN_FOREST","trust_direction":"Bidirectional","trust_type":"Uplevel","validated":true}},
  {"schema_version":"1.0.0","row_hash":"a7848d4d1ccaa9ded1a7c41de08b218df9981782fe1264870f9163c9a3733ddd","timestamp_utc":"2026-03-08T23:43:32.3950000Z","timestamp_desc":"EventTime","source":"system_info","artifact":"Windows.System.TrustRelationships","collector_kind":"velociraptor","host":"DC-CORP-01","host_id":"4f1c0a9e-0003-4a00-9c31-b0de51000003","user":"SYSTEM","message":"Forest trust enumerated: eu.corp.example -> corp.example (parent/child, transitive)","target":"eu.corp.example","detections":[],"severity_max":"none","detection_count":0,"provenance":{"raw_file":"raw/Windows.System.TrustRelationships/results.json","raw_row":60,"collection_id":"demo-dc-corp-01"},"extra":{"probe":3,"trust_attributes":"WITHIN_FOREST","trust_direction":"Bidirectional","trust_type":"Uplevel","validated":true}},
  {"schema_version":"1.0.0","row_hash":"fb69292d547a880a66bd99fa8b020e42714fb2c3e44c49d1dbb8158c86108ec7","timestamp_utc":"2026-03-08T23:49:48.6140000Z","timestamp_desc":"EventTime","source":"service","artifact":"Windows.EventLogs.Evtx","collector_kind":"native","host":"DC-CORP-01","host_id":"4f1c0a9e-0003-4a00-9c31-b0de51000003","user":"SYSTEM","message":"Service entered the running state: Active Directory Domain Services (NTDS)","target":"NTDS","process":{"name":"services.exe","image_path":"C:\\Windows\\System32\\services.exe"},"event":{"channel":"System","provider":"Service Control Manager","event_id":7036,"record_id":7523,"level":"Information","computer":"DC-CORP-01.corp.example"},"detections":[],"severity_max":"none","detection_count":0,"provenance":{"raw_file":"raw/Windows.EventLogs.Evtx/results.json","raw_row":150,"collection_id":"demo-dc-corp-01"}},
  {"schema_version":"1.0.0","row_hash":"8be629bd0788962485fe1d5ad4df93971ab3e96144b8f888f68b77b62e72fc38","timestamp_utc":"2026-03-09T02:49:28.2320000Z","timestamp_desc":"EventTime","source":"account","artifact":"Windows.EventLogs.Evtx","collector_kind":"native","host":"DC-CORP-01","host_id":"4f1c0a9e-0003-4a00-9c31-b0de51000003","user":"EU\\alice","message":"User password was changed at the request of the account owner","target":"EU\\alice","event":{"channel":"Security","provider":"Microsoft-Windows-Security-Auditing","event_id":4723,"record_id":857664,"level":"Information","computer":"DC-CORP-01.corp.example"},"detections":[],"severity_max":"none","detection_count":0,"provenance":{"raw_file":"raw/Windows.EventLogs.Evtx/results.json","raw_row":203,"collection_id":"demo-dc-corp-01"}},
  {"schema_version":"1.0.0","row_hash":"63fd0f698995160afc8f67cb293f2dc11225cf499758f3893defa0ce6ba2fc44","timestamp_utc":"2026-03-09T05:52:18.2640000Z","timestamp_desc":"EventTime","source":"account","artifact":"Windows.EventLogs.Evtx","collector_kind":"native","host":"DC-CORP-01","host_id":"4f1c0a9e-0003-4a00-9c31-b0de51000003","user":"EU\\alice","message":"User password was changed at the request of the account owner","target":"EU\\alice","event":{"channel":"Security","provider":"Microsoft-Windows-Security-Auditing","event_id":4723,"record_id":790784,"level":"Information","computer":"DC-CORP-01.corp.example"},"detections":[],"severity_max":"none","detection_count":0,"provenance":{"raw_file":"raw/Windows.EventLogs.Evtx/results.json","raw_row":3,"collection_id":"demo-dc-corp-01"}},
  {"schema_version":"1.0.0","row_hash":"8f251cca08e09b2335e18255e651c104aeed71232d3f19505cbbb1e7f4de4f63","timestamp_utc":"2026-03-09T06:28:07.7840000Z","timestamp_desc":"LastExecuted","source":"execution","artifact":"Windows.Forensics.Prefetch","collector_kind":"velociraptor","host":"DC-CORP-01","host_id":"4f1c0a9e-0003-4a00-9c31-b0de51000003","user":"CORP\\Administrator","message":"REPADMIN.EXE executed (replication health check)","target":"C:\\Windows\\System32\\repadmin.exe","process":{"name":"REPADMIN.EXE","image_path":"C:\\Windows\\System32\\repadmin.exe","command_line":"repadmin /replsummary","parent_name":"cmd.exe","user":"CORP\\Administrator"},"detections":[],"severity_max":"none","detection_count":0,"provenance":{"raw_file":"raw/Windows.Forensics.Prefetch/results.json","raw_row":9,"collection_id":"demo-dc-corp-01"},"extra":{"prefetch_file":"REPADMIN.EXE-10B95FC6.pf"}},
  {"schema_version":"1.0.0","row_hash":"fb10ed6b90dee6323e814629d90352bb2dafe6b527c9e048bc6ec2589e6a581b","timestamp_utc":"2026-03-09T07:33:13.3350000Z","timestamp_desc":"LastExecuted","source":"execution","artifact":"Windows.Forensics.Prefetch","collector_kind":"velociraptor","host":"DC-CORP-01","host_id":"4f1c0a9e-0003-4a00-9c31-b0de51000003","user":"CORP\\Administrator","message":"REPADMIN.EXE executed (replication health check)","target":"C:\\Windows\\System32\\repadmin.exe","process":{"name":"REPADMIN.EXE","image_path":"C:\\Windows\\System32\\repadmin.exe","command_line":"repadmin /replsummary","parent_name":"cmd.exe","user":"CORP\\Administrator"},"detections":[],"severity_max":"none","detection_count":0,"provenance":{"raw_file":"raw/Windows.Forensics.Prefetch/results.json","raw_row":37,"collection_id":"demo-dc-corp-01"},"extra":{"prefetch_file":"REPADMIN.EXE-131894EE.pf"}},
  {"schema_version":"1.0.0","row_hash":"8f454b5d9e0d651e4b3364731eb8cd3573f001b90e2ee3b7f9fd2f14a10ffbce","timestamp_utc":"2026-03-09T07:48:54.8420000Z","timestamp_desc":"EventTime","source":"network","artifact":"Windows.Network.Netstat","collector_kind":"velociraptor","host":"DC-CORP-01","host_id":"4f1c0a9e-0003-4a00-9c31-b0de51000003","user":"SYSTEM","message":"Inter-site AD replication session with DC-EU-01","target":"10.0.5.10:135","network":{"src_ip":"10.0.10.10","src_port":57106,"dst_ip":"10.0.5.10","dst_port":135,"protocol":"tcp","direction":"outbound","state":"ESTABLISHED"},"detections":[],"severity_max":"none","detection_count":0,"provenance":{"raw_file":"raw/Windows.Network.Netstat/results.json","raw_row":6,"collection_id":"demo-dc-corp-01"},"extra":{"naming_context":"DC=eu,DC=corp,DC=example","replication_partner":"DC-EU-01"}},
  {"schema_version":"1.0.0","row_hash":"7c47d1c6dce3ec870df0dff5774fdee4de60939d6a67747a24a767b67e7f4a74","timestamp_utc":"2026-03-09T08:03:32.3880000Z","timestamp_desc":"EventTime","source":"network","artifact":"Windows.Network.Netstat","collector_kind":"velociraptor","host":"DC-CORP-01","host_id":"4f1c0a9e-0003-4a00-9c31-b0de51000003","user":"SYSTEM","message":"Inter-site AD replication session with DC-EU-01","target":"10.0.5.10:135","network":{"src_ip":"10.0.10.10","src_port":57966,"dst_ip":"10.0.5.10","dst_port":135,"protocol":"tcp","direction":"outbound","state":"ESTABLISHED"},"detections":[],"severity_max":"none","detection_count":0,"provenance":{"raw_file":"raw/Windows.Network.Netstat/results.json","raw_row":38,"collection_id":"demo-dc-corp-01"},"extra":{"naming_context":"DC=eu,DC=corp,DC=example","replication_partner":"DC-EU-01"}},
  {"schema_version":"1.0.0","row_hash":"c8ed0ac0c5c57b8e964d3cae35b5294221b7ffc391bdb1eff8302c55c866ff0d","timestamp_utc":"2026-03-09T08:05:55.7740000Z","timestamp_desc":"LastExecuted","source":"execution","artifact":"Windows.Forensics.Prefetch","collector_kind":"velociraptor","host":"DC-CORP-01","host_id":"4f1c0a9e-0003-4a00-9c31-b0de51000003","user":"CORP\\Administrator","message":"REPADMIN.EXE executed (replication health check)","target":"C:\\Windows\\System32\\repadmin.exe","process":{"name":"REPADMIN.EXE","image_path":"C:\\Windows\\System32\\repadmin.exe","command_line":"repadmin /replsummary","parent_name":"cmd.exe","user":"CORP\\Administrator"},"detections":[],"severity_max":"none","detection_count":0,"provenance":{"raw_file":"raw/Windows.Forensics.Prefetch/results.json","raw_row":25,"collection_id":"demo-dc-corp-01"},"extra":{"prefetch_file":"REPADMIN.EXE-187E93C4.pf"}},
  {"schema_version":"1.0.0","row_hash":"9652e7cc8253ddb81cc0587862f2b35269458df94d5fa72e63a0f2c912ecd5fb","timestamp_utc":"2026-03-09T08:10:03.3950000Z","timestamp_desc":"EventTime","timestamp_source_field":"System.TimeCreated.SystemTime","source":"eventlog","artifact":"Windows.EventLogs.Evtx","collector_kind":"native","host":"DC-CORP-01","host_id":"4f1c0a9e-0003-4a00-9c31-b0de51000003","user":"EU\\svc-backup","message":"Kerberos authentication ticket (TGT) was requested for EU\\svc-backup","target":"EU\\svc-backup","network":{"src_ip":"10.0.5.20","dst_ip":"10.0.10.10","dst_port":88,"protocol":"tcp","direction":"inbound"},"event":{"channel":"Security","provider":"Microsoft-Windows-Security-Auditing","event_id":4768,"record_id":1217669,"level":"Information","computer":"DC-CORP-01.corp.example"},"detections":[],"severity_max":"none","detection_count":0,"provenance":{"raw_file":"raw/Windows.EventLogs.Evtx/results.json","raw_row":126,"collection_id":"demo-dc-corp-01"},"extra":{"encryption_type":"0x12 (AES256-CTS-HMAC-SHA1-96)","ticket_options":"0x40810010"}},
  {"schema_version":"1.0.0","row_hash":"99adcce5c040cd14ae0971d1ea9a40a964afacc7b67742be858e8a024f1d78ce","timestamp_utc":"2026-03-09T08:12:38.7470000Z","timestamp_desc":"LastWriteTime","source":"registry","artifact":"Windows.Registry.NTDS","collector_kind":"velociraptor","host":"DC-CORP-01","host_id":"4f1c0a9e-0003-4a00-9c31-b0de51000003","user":"SYSTEM","message":"NTDS parameter enumerated: Database backup path","target":"HKLM\\SYSTEM\\CurrentControlSet\\Services\\NTDS\\Parameters","registry":{"key":"HKLM\\SYSTEM\\CurrentControlSet\\Services\\NTDS\\Parameters","value_name":"DSA Database file","value_data":"C:\\Windows\\NTDS\\ntds.dit","value_type":"REG_SZ","hive":"SYSTEM"},"detections":[],"severity_max":"none","detection_count":0,"provenance":{"raw_file":"raw/Windows.Registry.NTDS/results.json","raw_row":39,"collection_id":"demo-dc-corp-01"},"extra":{"slot":27}},
  {"schema_version":"1.0.0","row_hash":"744551d6e2e5f73f0161e356fa40ca1f664150590dbf1af360ece29568844f2a","timestamp_utc":"2026-03-09T08:21:00.0360000Z","timestamp_desc":"LastExecuted","source":"execution","artifact":"Windows.Forensics.Prefetch","collector_kind":"velociraptor","host":"DC-CORP-01","host_id":"4f1c0a9e-0003-4a00-9c31-b0de51000003","user":"CORP\\Administrator","message":"REPADMIN.EXE executed (replication health check)","target":"C:\\Windows\\System32\\repadmin.exe","process":{"name":"REPADMIN.EXE","image_path":"C:\\Windows\\System32\\repadmin.exe","command_line":"repadmin /replsummary","parent_name":"cmd.exe","user":"CORP\\Administrator"},"detections":[],"severity_max":"none","detection_count":0,"provenance":{"raw_file":"raw/Windows.Forensics.Prefetch/results.json","raw_row":13,"collection_id":"demo-dc-corp-01"},"extra":{"prefetch_file":"REPADMIN.EXE-185B6CF6.pf"}},
  {"schema_version":"1.0.0","row_hash":"32dd2ca25b107bffb7e51f4324d84d07e31de81d621bcf57ebc13bc7818e54cf","timestamp_utc":"2026-03-09T08:29:53.1220000Z","timestamp_desc":"EventTime","source":"account","artifact":"Windows.EventLogs.Evtx","collector_kind":"native","host":"DC-CORP-01","host_id":"4f1c0a9e-0003-4a00-9c31-b0de51000003","user":"EU\\bob","message":"User password was changed at the request of the account owner","target":"EU\\bob","event":{"channel":"Security","provider":"Microsoft-Windows-Security-Auditing","event_id":4723,"record_id":591909,"level":"Information","computer":"DC-CORP-01.corp.example"},"detections":[],"severity_max":"none","detection_count":0,"provenance":{"raw_file":"raw/Windows.EventLogs.Evtx/results.json","raw_row":183,"collection_id":"demo-dc-corp-01"}},
  {"schema_version":"1.0.0","row_hash":"1bba42f7dc5fe22a181c3d4b8c32a2d88bda25fe1d0a22c7c3d69a6ec906bba3","timestamp_utc":"2026-03-09T08:33:31.8220000Z","timestamp_desc":"EventTime","source":"account","artifact":"Windows.EventLogs.Evtx","collector_kind":"native","host":"DC-CORP-01","host_id":"4f1c0a9e-0003-4a00-9c31-b0de51000003","user":"EU\\alice","message":"User password was changed at the request of the account owner","target":"EU\\alice","event":{"channel":"Security","provider":"Microsoft-Windows-Security-Auditing","event_id":4723,"record_id":846665,"level":"Information","computer":"DC-CORP-01.corp.example"},"detections":[],"severity_max":"none","detection_count":0,"provenance":{"raw_file":"raw/Windows.EventLogs.Evtx/results.json","raw_row":123,"collection_id":"demo-dc-corp-01"}},
  {"schema_version":"1.0.0","row_hash":"6df565c155a73fd48fb4328c864b2bdf5f24e4a0e2553016885fdc133d15c97e","timestamp_utc":"2026-03-09T08:54:37.4330000Z","timestamp_desc":"EventTime","source":"network","artifact":"Windows.Network.Netstat","collector_kind":"velociraptor","host":"DC-CORP-01","host_id":"4f1c0a9e-0003-4a00-9c31-b0de51000003","user":"SYSTEM","message":"Inter-site AD replication session with DC-EU-01","target":"10.0.5.10:135","network":{"src_ip":"10.0.10.10","src_port":58069,"dst_ip":"10.0.5.10","dst_port":135,"protocol":"tcp","direction":"outbound","state":"ESTABLISHED"},"detections":[],"severity_max":"none","detection_count":0,"provenance":{"raw_file":"raw/Windows.Network.Netstat/results.json","raw_row":18,"collection_id":"demo-dc-corp-01"},"extra":{"naming_context":"DC=eu,DC=corp,DC=example","replication_partner":"DC-EU-01"}},
  {"schema_version":"1.0.0","row_hash":"27615e969a42d465278e0aefd976d1084c22929140f7292cada8cfe791307fac","timestamp_utc":"2026-03-09T09:01:36.9380000Z","timestamp_desc":"EventTime","timestamp_source_field":"System.TimeCreated.SystemTime","source":"eventlog","artifact":"Windows.EventLogs.Evtx","collector_kind":"native","host":"DC-CORP-01","host_id":"4f1c0a9e-0003-4a00-9c31-b0de51000003","user":"EU\\bob","message":"Kerberos authentication ticket (TGT) was requested for EU\\bob","target":"EU\\bob","network":{"src_ip":"10.0.5.42","dst_ip":"10.0.10.10","dst_port":88,"protocol":"tcp","direction":"inbound"},"event":{"channel":"Security","provider":"Microsoft-Windows-Security-Auditing","event_id":4768,"record_id":925394,"level":"Information","computer":"DC-CORP-01.corp.example"},"detections":[],"severity_max":"none","detection_count":0,"provenance":{"raw_file":"raw/Windows.EventLogs.Evtx/results.json","raw_row":306,"collection_id":"demo-dc-corp-01"},"extra":{"encryption_type":"0x12 (AES256-CTS-HMAC-SHA1-96)","ticket_options":"0x40810010"}},
  {"schema_version":"1.0.0","row_hash":"7ea55906a0519c567df87af746aa9f0c2dde712c1bea2254c66d58cf464fc4fc","timestamp_utc":"2026-03-09T09:05:28.9700000Z","timestamp_desc":"LastExecuted","source":"execution","artifact":"Windows.Forensics.Prefetch","collector_kind":"velociraptor","host":"DC-CORP-01","host_id":"4f1c0a9e-0003-4a00-9c31-b0de51000003","user":"CORP\\Administrator","message":"REPADMIN.EXE executed (replication health check)","target":"C:\\Windows\\System32\\repadmin.exe","process":{"name":"REPADMIN.EXE","image_path":"C:\\Windows\\System32\\repadmin.exe","command_line":"repadmin /replsummary","parent_name":"cmd.exe","user":"CORP\\Administrator"},"detections":[],"severity_max":"none","detection_count":0,"provenance":{"raw_file":"raw/Windows.Forensics.Prefetch/results.json","raw_row":41,"collection_id":"demo-dc-corp-01"},"extra":{"prefetch_file":"REPADMIN.EXE-10EA08CE.pf"}},
  {"schema_version":"1.0.0","row_hash":"6ce8f6fe357c463f6a84270a7e0548a0aad59b29890ea236fdb675bd3bd90586","timestamp_utc":"2026-03-09T09:06:57.5370000Z","timestamp_desc":"EventTime","source":"network","artifact":"Windows.Network.Netstat","collector_kind":"velociraptor","host":"DC-CORP-01","host_id":"4f1c0a9e-0003-4a00-9c31-b0de51000003","user":"SYSTEM","message":"Inter-site AD replication session with DC-EU-01","target":"10.0.5.10:135","network":{"src_ip":"10.0.10.10","src_port":54509,"dst_ip":"10.0.5.10","dst_port":135,"protocol":"tcp","direction":"outbound","state":"ESTABLISHED"},"detections":[],"severity_max":"none","detection_count":0,"provenance":{"raw_file":"raw/Windows.Network.Netstat/results.json","raw_row":66,"collection_id":"demo-dc-corp-01"},"extra":{"naming_context":"DC=eu,DC=corp,DC=example","replication_partner":"DC-EU-01"}},
  {"schema_version":"1.0.0","row_hash":"6969c2785ea5421c8afe2696273a2870b9cab852b611bd02842278c7d64ac9b4","timestamp_utc":"2026-03-09T09:08:36.1200000Z","timestamp_desc":"EventTime","timestamp_source_field":"System.TimeCreated.SystemTime","source":"eventlog","artifact":"Windows.EventLogs.Evtx","collector_kind":"native","host":"DC-CORP-01","host_id":"4f1c0a9e-0003-4a00-9c31-b0de51000003","user":"EU\\carol","message":"Kerberos authentication ticket (TGT) was requested for EU\\carol","target":"EU\\carol","network":{"src_ip":"10.0.5.41","dst_ip":"10.0.10.10","dst_port":88,"protocol":"tcp","direction":"inbound"},"event":{"channel":"Security","provider":"Microsoft-Windows-Security-Auditing","event_id":4768,"record_id":464814,"level":"Information","computer":"DC-CORP-01.corp.example"},"detections":[],"severity_max":"none","detection_count":0,"provenance":{"raw_file":"raw/Windows.EventLogs.Evtx/results.json","raw_row":326,"collection_id":"demo-dc-corp-01"},"extra":{"encryption_type":"0x12 (AES256-CTS-HMAC-SHA1-96)","ticket_options":"0x40810010"}},
  {"schema_version":"1.0.0","row_hash":"0f6295e8db7a57e8059a8544b5a5465e29ad9bd6eed59223f3be763d78d7aaaf","timestamp_utc":"2026-03-09T09:32:28.5770000Z","timestamp_desc":"EventTime","source":"network","artifact":"Windows.Network.Netstat","collector_kind":"velociraptor","host":"DC-CORP-01","host_id":"4f1c0a9e-0003-4a00-9c31-b0de51000003","user":"SYSTEM","message":"Inter-site AD replication session with DC-EU-01","target":"10.0.5.10:135","network":{"src_ip":"10.0.10.10","src_port":54609,"dst_ip":"10.0.5.10","dst_port":135,"protocol":"tcp","direction":"outbound","state":"ESTABLISHED"},"detections":[],"severity_max":"none","detection_count":0,"provenance":{"raw_file":"raw/Windows.Network.Netstat/results.json","raw_row":46,"collection_id":"demo-dc-corp-01"},"extra":{"naming_context":"DC=eu,DC=corp,DC=example","replication_partner":"DC-EU-01"}},
  {"schema_version":"1.0.0","row_hash":"45e16888c9deaec50005e02d1237763af6044e292fd333603c38bbfa8566804d","timestamp_utc":"2026-03-09T09:53:28.7710000Z","timestamp_desc":"LastWriteTime","source":"registry","artifact":"Windows.Registry.NTDS","collector_kind":"velociraptor","host":"DC-CORP-01","host_id":"4f1c0a9e-0003-4a00-9c31-b0de51000003","user":"SYSTEM","message":"NTDS parameter enumerated: Database backup path","target":"HKLM\\SYSTEM\\CurrentControlSet\\Services\\NTDS\\Parameters","registry":{"key":"HKLM\\SYSTEM\\CurrentControlSet\\Services\\NTDS\\Parameters","value_name":"DSA Database file","value_data":"C:\\Windows\\NTDS\\ntds.dit","value_type":"REG_SZ","hive":"SYSTEM"},"detections":[],"severity_max":"none","detection_count":0,"provenance":{"raw_file":"raw/Windows.Registry.NTDS/results.json","raw_row":27,"collection_id":"demo-dc-corp-01"},"extra":{"slot":18}},
  {"schema_version":"1.0.0","row_hash":"d31f1ed87e887c97cdda35b9cef812cf9a36de5743ff4e04d50c70f9f10c1b18","timestamp_utc":"2026-03-09T10:01:39.9430000Z","timestamp_desc":"EventTime","timestamp_source_field":"System.TimeCreated.SystemTime","source":"eventlog","artifact":"Windows.EventLogs.Evtx","collector_kind":"native","host":"DC-CORP-01","host_id":"4f1c0a9e-0003-4a00-9c31-b0de51000003","user":"EU\\svc-backup","message":"Kerberos authentication ticket (TGT) was requested for EU\\svc-backup","target":"EU\\svc-backup","network":{"src_ip":"10.0.5.41","dst_ip":"10.0.10.10","dst_port":88,"protocol":"tcp","direction":"inbound"},"event":{"channel":"Security","provider":"Microsoft-Windows-Security-Auditing","event_id":4768,"record_id":1074204,"level":"Information","computer":"DC-CORP-01.corp.example"},"detections":[],"severity_max":"none","detection_count":0,"provenance":{"raw_file":"raw/Windows.EventLogs.Evtx/results.json","raw_row":66,"collection_id":"demo-dc-corp-01"},"extra":{"encryption_type":"0x12 (AES256-CTS-HMAC-SHA1-96)","ticket_options":"0x40810010"}},
  {"schema_version":"1.0.0","row_hash":"1f27a228681d49a1b5e1b6274ea54b7423a9655feeb0f386734008478c35f0e2","timestamp_utc":"2026-03-09T10:09:20.2520000Z","timestamp_desc":"LastWriteTime","source":"registry","artifact":"Windows.Registry.NTDS","collector_kind":"velociraptor","host":"DC-CORP-01","host_id":"4f1c0a9e-0003-4a00-9c31-b0de51000003","user":"SYSTEM","message":"NTDS parameter enumerated: Database backup path","target":"HKLM\\SYSTEM\\CurrentControlSet\\Services\\NTDS\\Parameters","registry":{"key":"HKLM\\SYSTEM\\CurrentControlSet\\Services\\NTDS\\Parameters","value_name":"DSA Database file","value_data":"C:\\Windows\\NTDS\\ntds.dit","value_type":"REG_SZ","hive":"SYSTEM"},"detections":[],"severity_max":"none","detection_count":0,"provenance":{"raw_file":"raw/Windows.Registry.NTDS/results.json","raw_row":19,"collection_id":"demo-dc-corp-01"},"extra":{"slot":17}},
  {"schema_version":"1.0.0","row_hash":"34164ef20f7b9f1b45108b31d73ce2d3f1f142ab30afb8fdcd5f93d509595aa9","timestamp_utc":"2026-03-09T10:14:03.5130000Z","timestamp_desc":"LastExecuted","source":"execution","artifact":"Windows.Forensics.Prefetch","collector_kind":"velociraptor","host":"DC-CORP-01","host_id":"4f1c0a9e-0003-4a00-9c31-b0de51000003","user":"CORP\\Administrator","message":"REPADMIN.EXE executed (replication health check)","target":"C:\\Windows\\System32\\repadmin.exe","process":{"name":"REPADMIN.EXE","image_path":"C:\\Windows\\System32\\repadmin.exe","command_line":"repadmin /replsummary","parent_name":"cmd.exe","user":"CORP\\Administrator"},"detections":[],"severity_max":"none","detection_count":0,"provenance":{"raw_file":"raw/Windows.Forensics.Prefetch/results.json","raw_row":57,"collection_id":"demo-dc-corp-01"},"extra":{"prefetch_file":"REPADMIN.EXE-1E6B03E9.pf"}},
  {"schema_version":"1.0.0","row_hash":"c95575677a0c0b95d0da30a6ac69c4eed259824176c9730b4c9926bff57e7b7e","timestamp_utc":"2026-03-09T10:20:56.5360000Z","timestamp_desc":"EventTime","timestamp_source_field":"System.TimeCreated.SystemTime","source":"eventlog","artifact":"Windows.EventLogs.Evtx","collector_kind":"native","host":"DC-CORP-01","host_id":"4f1c0a9e-0003-4a00-9c31-b0de51000003","user":"EU\\carol","message":"Kerberos authentication ticket (TGT) was requested for EU\\carol","target":"EU\\carol","network":{"src_ip":"10.0.5.41","dst_ip":"10.0.10.10","dst_port":88,"protocol":"tcp","direction":"inbound"},"event":{"channel":"Security","provider":"Microsoft-Windows-Security-Auditing","event_id":4768,"record_id":1158525,"level":"Information","computer":"DC-CORP-01.corp.example"},"detections":[],"severity_max":"none","detection_count":0,"provenance":{"raw_file":"raw/Windows.EventLogs.Evtx/results.json","raw_row":146,"collection_id":"demo-dc-corp-01"},"extra":{"encryption_type":"0x12 (AES256-CTS-HMAC-SHA1-96)","ticket_options":"0x40810010"}},
  {"schema_version":"1.0.0","row_hash":"560ed944dfc064a01a0928cd94168894084e81e6cf0276ad9456c37b018b76c6","timestamp_utc":"2026-03-09T10:22:27.5600000Z","timestamp_desc":"LastExecuted","source":"execution","artifact":"Windows.Forensics.Prefetch","collector_kind":"velociraptor","host":"DC-CORP-01","host_id":"4f1c0a9e-0003-4a00-9c31-b0de51000003","user":"CORP\\Administrator","message":"REPADMIN.EXE executed (replication health check)","target":"C:\\Windows\\System32\\repadmin.exe","process":{"name":"REPADMIN.EXE","image_path":"C:\\Windows\\System32\\repadmin.exe","command_line":"repadmin /replsummary","parent_name":"cmd.exe","user":"CORP\\Administrator"},"detections":[],"severity_max":"none","detection_count":0,"provenance":{"raw_file":"raw/Windows.Forensics.Prefetch/results.json","raw_row":49,"collection_id":"demo-dc-corp-01"},"extra":{"prefetch_file":"REPADMIN.EXE-12426E42.pf"}},
  {"schema_version":"1.0.0","row_hash":"ae6e703b39299bace6551428a84dd8279c2d9012fb644a4f0ae52b51e71b2f13","timestamp_utc":"2026-03-09T10:30:25.0390000Z","timestamp_desc":"LastExecuted","source":"execution","artifact":"Windows.Forensics.Prefetch","collector_kind":"velociraptor","host":"DC-CORP-01","host_id":"4f1c0a9e-0003-4a00-9c31-b0de51000003","user":"CORP\\Administrator","message":"REPADMIN.EXE executed (replication health check)","target":"C:\\Windows\\System32\\repadmin.exe","process":{"name":"REPADMIN.EXE","image_path":"C:\\Windows\\System32\\repadmin.exe","command_line":"repadmin /replsummary","parent_name":"cmd.exe","user":"CORP\\Administrator"},"detections":[],"severity_max":"none","detection_count":0,"provenance":{"raw_file":"raw/Windows.Forensics.Prefetch/results.json","raw_row":61,"collection_id":"demo-dc-corp-01"},"extra":{"prefetch_file":"REPADMIN.EXE-14B950BF.pf"}},
  {"schema_version":"1.0.0","row_hash":"29f75f2a9b0376f2c221713ec4eed86165332becffc694ab18ba503be7d431dc","timestamp_utc":"2026-03-09T10:44:32.5800000Z","timestamp_desc":"LastWriteTime","source":"registry","artifact":"Windows.Registry.NTDS","collector_kind":"velociraptor","host":"DC-CORP-01","host_id":"4f1c0a9e-0003-4a00-9c31-b0de51000003","user":"SYSTEM","message":"NTDS parameter enumerated: Database backup path","target":"HKLM\\SYSTEM\\CurrentControlSet\\Services\\NTDS\\Parameters","registry":{"key":"HKLM\\SYSTEM\\CurrentControlSet\\Services\\NTDS\\Parameters","value_name":"DSA Database file","value_data":"C:\\Windows\\NTDS\\ntds.dit","value_type":"REG_SZ","hive":"SYSTEM"},"detections":[],"severity_max":"none","detection_count":0,"provenance":{"raw_file":"raw/Windows.Registry.NTDS/results.json","raw_row":67,"collection_id":"demo-dc-corp-01"},"extra":{"slot":28}},
  {"schema_version":"1.0.0","row_hash":"467e3035356ae6ebfeab6791ca700de48c1c855bfe25bcad5f63d9b7596ee784","timestamp_utc":"2026-03-09T10:45:50.9290000Z","timestamp_desc":"EventTime","source":"account","artifact":"Windows.EventLogs.Evtx","collector_kind":"native","host":"DC-CORP-01","host_id":"4f1c0a9e-0003-4a00-9c31-b0de51000003","user":"EU\\bob","message":"User password was changed at the request of the account owner","target":"EU\\bob","event":{"channel":"Security","provider":"Microsoft-Windows-Security-Auditing","event_id":4723,"record_id":743116,"level":"Information","computer":"DC-CORP-01.corp.example"},"detections":[],"severity_max":"none","detection_count":0,"provenance":{"raw_file":"raw/Windows.EventLogs.Evtx/results.json","raw_row":263,"collection_id":"demo-dc-corp-01"}},
  {"schema_version":"1.0.0","row_hash":"124678c53a230b22e13e9c2bda77fdb267361a00d217254198b786eb26e71135","timestamp_utc":"2026-03-09T10:46:31.1760000Z","timestamp_desc":"EventTime","source":"account","artifact":"Windows.EventLogs.Evtx","collector_kind":"native","host":"DC-CORP-01","host_id":"4f1c0a9e-0003-4a00-9c31-b0de51000003","user":"EU\\carol","message":"User password was changed at the request of the account owner","target":"EU\\carol","event":{"channel":"Security","provider":"Microsoft-Windows-Security-Auditing","event_id":4723,"record_id":508983,"level":"Information","computer":"DC-CORP-01.corp.example"},"detections":[],"severity_max":"none","detection_count":0,"provenance":{"raw_file":"raw/Windows.EventLogs.Evtx/results.json","raw_row":103,"collection_id":"demo-dc-corp-01"}},
  {"schema_version":"1.0.0","row_hash":"42976e6917e6cba9e45f96ab7760322bc6b6954a70f678d4247df16767533353","timestamp_utc":"2026-03-09T10:48:29.2870000Z","timestamp_desc":"EventTime","source":"account","artifact":"Windows.EventLogs.Evtx","collector_kind":"native","host":"DC-CORP-01","host_id":"4f1c0a9e-0003-4a00-9c31-b0de51000003","user":"EU\\bob","message":"User password was changed at the request of the account owner","target":"EU\\alice","event":{"channel":"Security","provider":"Microsoft-Windows-Security-Auditing","event_id":4723,"record_id":635590,"level":"Information","computer":"DC-CORP-01.corp.example"},"detections":[],"severity_max":"none","detection_count":0,"provenance":{"raw_file":"raw/Windows.EventLogs.Evtx/results.json","raw_row":223,"collection_id":"demo-dc-corp-01"}},
