  {"schema_version":"1.0.0","row_hash":"dac65973f57967f86c5d37066b87bb294ae1531e93fac435aea252a958cd7dfc","timestamp_utc":"2026-03-08T16:01:24.7810000Z","timestamp_desc":"LastExecuted","timestamp_source_field":"LastRunTimes","source":"execution","artifact":"Windows.Forensics.Prefetch","collector_kind":"velociraptor","host":"WKS-CORP-01","host_id":"4f1c0a9e-0001-4a00-9c31-b0de51000001","user":"EU\\alice","message":"SNIPPINGTOOL.EXE executed (prefetch run count 32)","target":"C:\\Windows\\System32\\SnippingTool.exe","process":{"name":"SNIPPINGTOOL.EXE","image_path":"C:\\Windows\\System32\\SnippingTool.exe","parent_name":"explorer.exe"},"detections":[],"severity_max":"none","detection_count":0,"provenance":{"raw_file":"raw/Windows.Forensics.Prefetch/results.json","raw_row":70,"collection_id":"demo-wks-corp-01"},"extra":{"prefetch_file":"SNIPPINGTOOL.EXE-14EA2BBE.pf"}},
  {"schema_version":"1.0.0","row_hash":"ca1e81a6e6e99306d6cbc05ac6cbd2b601283bbae689109412d54f4c664d4b98","timestamp_utc":"2026-03-08T16:13:51.6160000Z","timestamp_desc":"InstallDate","source":"usb_device","artifact":"Windows.Registry.USBSTOR","collector_kind":"velociraptor","host":"WKS-CORP-01","host_id":"4f1c0a9e-0001-4a00-9c31-b0de51000001","user":"EU\\alice","message":"Sanctioned encrypted USB volume connected (asset FIN-USB-04)","target":"USBSTOR\\Disk&Ven_Corp&Prod_SecureKey&Rev_1.0","registry":{"key":"HKLM\\SYSTEM\\CurrentControlSet\\Enum\\USBSTOR\\Disk&Ven_Corp&Prod_SecureKey&Rev_1.0","value_name":"FriendlyName","value_data":"Corp SecureKey USB Device","value_type":"REG_SZ","hive":"SYSTEM"},"detections":[],"severity_max":"none","detection_count":0,"provenance":{"raw_file":"raw/Windows.Registry.USBSTOR/results.json","raw_row":40,"collection_id":"demo-wks-corp-01"},"extra":{"serial_number":"FINUSB047913","volume_label":"FIN-USB-04"}},
  {"schema_version":"1.0.0","row_hash":"f69e29ed91af6fe18e125b9c5f445a5d553418e2727509afc268cfcf61e8365d","timestamp_utc":"2026-03-08T16:14:19.8770000Z","timestamp_desc":"LastWriteTime","timestamp_source_field":"LastModified","source":"registry","artifact":"Windows.Registry.AppCompatCache","collector_kind":"velociraptor","host":"WKS-CORP-01","host_id":"4f1c0a9e-0001-4a00-9c31-b0de51000001","user":"SYSTEM","message":"AppCompatCache entry: OUTLOOK.EXE","target":"C:\\Program Files\\Microsoft Office\\root\\Office16\\OUTLOOK.EXE","registry":{"key":"HKLM\\SYSTEM\\CurrentControlSet\\Control\\Session Manager\\AppCompatCache","value_name":"AppCompatCache","value_data":"C:\\Program Files\\Microsoft Office\\root\\Office16\\OUTLOOK.EXE","value_type":"REG_BINARY","hive":"SYSTEM"},"detections":[],"severity_max":"none","detection_count":0,"provenance":{"raw_file":"raw/Windows.Registry.AppCompatCache/results.json","raw_row":53,"collection_id":"demo-wks-corp-01"},"extra":{"cache_slot":360}},
  {"schema_version":"1.0.0","row_hash":"2e7cd802f3ee3330b3e3420cf5968a5cc8b0b81aa15ecd44b322bfbb7af2319c","timestamp_utc":"2026-03-08T16:18:56.0440000Z","timestamp_desc":"RunTime","source":"scheduled_task","artifact":"Windows.System.TaskScheduler","collector_kind":"velociraptor","host":"WKS-CORP-01","host_id":"4f1c0a9e-0001-4a00-9c31-b0de51000001","user":"SYSTEM","message":"Scheduled task ran: \\Microsoft\\Windows\\UpdateOrchestrator\\Schedule Scan","target":"\\Microsoft\\Windows\\UpdateOrchestrator\\Schedule Scan","detections":[],"severity_max":"none","detection_count":0,"provenance":{"raw_file":"raw/Windows.System.TaskScheduler/results.json","raw_row":30,"collection_id":"demo-wks-corp-01"},"extra":{"result_code":0,"run_duration_seconds":39,"task_author":"Microsoft Corporation"}},
  {"schema_version":"1.0.0","row_hash":"a75a3613b50025c4fd3db05f5213d47a6db204db8868502b78a62e8801990dd0","timestamp_utc":"2026-03-08T16:19:58.4460000Z","timestamp_desc":"LastWriteTime","source":"system_info","artifact":"Windows.Sysinternals.Autoruns","collector_kind":"velociraptor","host":"WKS-CORP-01","host_id":"4f1c0a9e-0001-4a00-9c31-b0de51000001","user":"SYSTEM","message":"Autorun entry enumerated: OneDrive (signed, Microsoft Corporation)","target":"C:\\Program Files\\Microsoft OneDrive\\OneDrive.exe","file":{"path":"C:\\Program Files\\Microsoft OneDrive\\OneDrive.exe","name":"OneDrive.exe","extension":"exe","size_bytes":2806264,"signature_status":"signed_valid","signer":"Microsoft Corporation"},"detections":[],"severity_max":"none","detection_count":0,"provenance":{"raw_file":"raw/Windows.Sysinternals.Autoruns/results.json","raw_row":45,"collection_id":"demo-wks-corp-01"}},
  {"schema_version":"1.0.0","row_hash":"0e170b8a1c59356d686c2c070ec1e16280dd7b095c76de635ebd51ec1379f652","timestamp_utc":"2026-03-08T16:22:59.3460000Z","timestamp_desc":"EventTime","timestamp_source_field":"System.TimeCreated.SystemTime","source":"eventlog","artifact":"Windows.EventLogs.Evtx","collector_kind":"native","host":"WKS-CORP-01","host_id":"4f1c0a9e-0001-4a00-9c31-b0de51000001","user":"EU\\alice","message":"An account was successfully logged on (interactive): EU\\alice","target":"EU\\alice","event":{"channel":"Security","provider":"Microsoft-Windows-Security-Auditing","event_id":4624,"record_id":872859,"level":"Information","computer":"WKS-CORP-01.eu.corp.example","logon_type":2,"logon_id":"0x37422"},"detections":[],"severity_max":"none","detection_count":0,"provenance":{"raw_file":"raw/Windows.EventLogs.Evtx/results.json","raw_row":57,"collection_id":"demo-wks-corp-01"}},
  {"schema_version":"1.0.0","row_hash":"28d0a23c3fd282bd5aabb39b3c8917f37c3cbdb0e6a9b63d57d9df1c0895cc57","timestamp_utc":"2026-03-08T16:27:31.3150000Z","timestamp_desc":"Modified","timestamp_source_field":"Mtime","source":"filesystem","artifact":"Windows.NTFS.MFT","collector_kind":"velociraptor","host":"WKS-CORP-01","host_id":"4f1c0a9e-0001-4a00-9c31-b0de51000001","user":"EU\\alice","message":"File modified: headcount-plan.xlsx","target":"C:\\Users\\alice\\Documents\\headcount-plan.xlsx","file":{"path":"C:\\Users\\alice\\Documents\\headcount-plan.xlsx","name":"headcount-plan.xlsx","extension":"xlsx","size_bytes":33824,"mft_entry":91522,"is_directory":false,"is_allocated":true},"detections":[],"severity_max":"none","detection_count":0,"provenance":{"raw_file":"raw/Windows.NTFS.MFT/results.json","raw_row":57,"collection_id":"demo-wks-corp-01"}},
  {"schema_version":"1.0.0","row_hash":"14b60b5709d9c6060d7c0aba368b256614322cf4e129f339e909463209b94de1","timestamp_utc":"2026-03-08T16:33:26.4810000Z","timestamp_desc":"LastWriteTime","source":"system_info","artifact":"Windows.Sysinternals.Autoruns","collector_kind":"velociraptor","host":"WKS-CORP-01","host_id":"4f1c0a9e-0001-4a00-9c31-b0de51000001","user":"SYSTEM","message":"Autorun entry enumerated: OneDrive (signed, Microsoft Corporation)","target":"C:\\Program Files\\Microsoft OneDrive\\OneDrive.exe","file":{"path":"C:\\Program Files\\Microsoft OneDrive\\OneDrive.exe","name":"OneDrive.exe","extension":"exe","size_bytes":2829129,"signature_status":"signed_valid","signer":"Microsoft Corporation"},"detections":[],"severity_max":"none","detection_count":0,"provenance":{"raw_file":"raw/Windows.Sysinternals.Autoruns/results.json","raw_row":13,"collection_id":"demo-wks-corp-01"}},
  {"schema_version":"1.0.0","row_hash":"addb5c5252d8f52577c39a2afcc272f94a8739287d9dc1ccb13e2a48cf21292a","timestamp_utc":"2026-03-08T16:42:44.8040000Z","timestamp_desc":"InstallDate","source":"usb_device","artifact":"Windows.Registry.USBSTOR","collector_kind":"velociraptor","host":"WKS-CORP-01","host_id":"4f1c0a9e-0001-4a00-9c31-b0de51000001","user":"EU\\alice","message":"Sanctioned encrypted USB volume connected (asset FIN-USB-04)","target":"USBSTOR\\Disk&Ven_Corp&Prod_SecureKey&Rev_1.0","registry":{"key":"HKLM\\SYSTEM\\CurrentControlSet\\Enum\\USBSTOR\\Disk&Ven_Corp&Prod_SecureKey&Rev_1.0","value_name":"FriendlyName","value_data":"Corp SecureKey USB Device","value_type":"REG_SZ","hive":"SYSTEM"},"detections":[],"severity_max":"none","detection_count":0,"provenance":{"raw_file":"raw/Windows.Registry.USBSTOR/results.json","raw_row":48,"collection_id":"demo-wks-corp-01"},"extra":{"serial_number":"FINUSB044619","volume_label":"FIN-USB-04"}},
  {"schema_version":"1.0.0","row_hash":"d86e86e030601eed86b34592ed2e0cf1689ac9fa7cee3131573155c2bfa7c476","timestamp_utc":"2026-03-08T16:47:22.8230000Z","timestamp_desc":"LastExecuted","timestamp_source_field":"LastRunTimes","source":"execution","artifact":"Windows.Forensics.Prefetch","collector_kind":"velociraptor","host":"WKS-CORP-01","host_id":"4f1c0a9e-0001-4a00-9c31-b0de51000001","user":"EU\\alice","message":"EXCEL.EXE executed (prefetch run count 69)","target":"C:\\Program Files\\Microsoft Office\\root\\Office16\\EXCEL.EXE","process":{"name":"EXCEL.EXE","image_path":"C:\\Program Files\\Microsoft Office\\root\\Office16\\EXCEL.EXE","parent_name":"explorer.exe"},"detections":[],"severity_max":"none","detection_count":0,"provenance":{"raw_file":"raw/Windows.Forensics.Prefetch/results.json","raw_row":54,"collection_id":"demo-wks-corp-01"},"extra":{"prefetch_file":"EXCEL.EXE-1B854549.pf"}},
  {"schema_version":"1.0.0","row_hash":"13cd5df97bf8ce31a01d72b6d985da1f0b806a86d3d6edd2681080ef6918c943","timestamp_utc":"2026-03-08T16:48:41.8790000Z","timestamp_desc":"VisitTime","timestamp_source_field":"last_visit_time","source":"browser","artifact":"Windows.Applications.Edge.History","collector_kind":"velociraptor","host":"WKS-CORP-01","host_id":"4f1c0a9e-0001-4a00-9c31-b0de51000001","user":"EU\\alice","message":"Edge visit: IT service desk","target":"https://intranet.corp.example/it/servicedesk","network":{"domain":"intranet.corp.example","url":"https://intranet.corp.example/it/servicedesk","direction":"outbound"},"detections":[],"severity_max":"none","detection_count":0,"provenance":{"raw_file":"raw/Windows.Applications.Edge.History/results.json","raw_row":18,"collection_id":"demo-wks-corp-01"}},
  {"schema_version":"1.0.0","row_hash":"8ad7baea60f9024a458179445da7cb243f7b60fd0bfa61b9bf88bdba78e4e2ba","timestamp_utc":"2026-03-08T16:48:53.9430000Z","timestamp_desc":"EventTime","source":"log","artifact":"Windows.EventLogs.Evtx","collector_kind":"native","host":"WKS-CORP-01","host_id":"4f1c0a9e-0001-4a00-9c31-b0de51000001","user":"SYSTEM","message":"Antimalware definitions updated to 1.421.342.0","target":"Microsoft-Windows-Windows Defender/Operational","process":{"name":"MsMpEng.exe","parent_name":"services.exe"},"event":{"channel":"Microsoft-Windows-Windows Defender/Operational","provider":"Microsoft-Windows-Windows-Defender","event_id":2000,"record_id":3547,"level":"Information","computer":"WKS-CORP-01.eu.corp.example"},"detections":[],"severity_max":"none","detection_count":0,"provenance":{"raw_file":"raw/Windows.EventLogs.Evtx/results.json","raw_row":196,"collection_id":"demo-wks-corp-01"}},
  {"schema_version":"1.0.0","row_hash":"c3bbf46b7ef2319deb150092a25a2a0b9eed8df17398df5a5f85954636e2db60","timestamp_utc":"2026-03-08T17:01:30.2290000Z","timestamp_desc":"EventTime","timestamp_source_field":"System.TimeCreated.SystemTime","source":"eventlog","artifact":"Windows.EventLogs.Evtx","collector_kind":"native","host":"WKS-CORP-01","host_id":"4f1c0a9e-0001-4a00-9c31-b0de51000001","user":"EU\\bob","message":"An account was successfully logged on (interactive): EU\\bob","target":"EU\\bob","event":{"channel":"Security","provider":"Microsoft-Windows-Security-Auditing","event_id":4624,"record_id":902551,"level":"Information","computer":"WKS-CORP-01.eu.corp.example","logon_type":2,"logon_id":"0x345bb"},"detections":[],"severity_max":"none","detection_count":0,"provenance":{"raw_file":"raw/Windows.EventLogs.Evtx/results.json","raw_row":177,"collection_id":"demo-wks-corp-01"}},
  {"schema_version":"1.0.0","row_hash":"6ecd6e5438d4595d22ef5891d7e30594ef17029ae20999cf24150342ec1f3100","timestamp_utc":"2026-03-08T17:14:23.8910000Z","timestamp_desc":"EventTime","source":"log","artifact":"Windows.EventLogs.Evtx","collector_kind":"native","host":"WKS-CORP-01","host_id":"4f1c0a9e-0001-4a00-9c31-b0de51000001","user":"SYSTEM","message":"Antimalware definitions updated to 1.421.335.0","target":"Microsoft-Windows-Windows Defender/Operational","process":{"name":"MsMpEng.exe","parent_name":"services.exe"},"event":{"channel":"Microsoft-Windows-Windows Defender/Operational","provider":"Microsoft-Windows-Windows-Defender","event_id":2000,"record_id":2216,"level":"Information","computer":"WKS-CORP-01.eu.corp.example"},"detections":[],"severity_max":"none","detection_count":0,"provenance":{"raw_file":"raw/Windows.EventLogs.Evtx/results.json","raw_row":100,"collection_id":"demo-wks-corp-01"}},
  {"schema_version":"1.0.0","row_hash":"ef9ae1e1a32ed9a66b507ec8563b18ac6ef02073e9c2d4e4c7e2dbf7985f956c","timestamp_utc":"2026-03-08T17:31:19.6190000Z","timestamp_desc":"RunTime","source":"scheduled_task","artifact":"Windows.System.TaskScheduler","collector_kind":"velociraptor","host":"WKS-CORP-01","host_id":"4f1c0a9e-0001-4a00-9c31-b0de51000001","user":"SYSTEM","message":"Scheduled task ran: \\Microsoft\\Windows\\UpdateOrchestrator\\Schedule Scan","target":"\\Microsoft\\Windows\\UpdateOrchestrator\\Schedule Scan","detections":[],"severity_max":"none","detection_count":0,"provenance":{"raw_file":"raw/Windows.System.TaskScheduler/results.json","raw_row":14,"collection_id":"demo-wks-corp-01"},"extra":{"result_code":0,"run_duration_seconds":15,"task_author":"Microsoft Corporation"}},
  {"schema_version":"1.0.0","row_hash":"4e5b133cec4c6c78141bd48fa072ff7eac03a925a962c9aaf4c3a65478382bb6","timestamp_utc":"2026-03-08T17:39:53.3060000Z","timestamp_desc":"VisitTime","timestamp_source_field":"last_visit_time","source":"browser","artifact":"Windows.Applications.Edge.History","collector_kind":"velociraptor","host":"WKS-CORP-01","host_id":"4f1c0a9e-0001-4a00-9c31-b0de51000001","user":"EU\\alice","message":"Edge visit: Finance - monthly close","target":"https://intranet.corp.example/finance/monthly-close","network":{"domain":"intranet.corp.example","url":"https://intranet.corp.example/finance/monthly-close","direction":"outbound"},"detections":[],"severity_max":"none","detection_count":0,"provenance":{"raw_file":"raw/Windows.Applications.Edge.History/results.json","raw_row":58,"collection_id":"demo-wks-corp-01"}},
  {"schema_version":"1.0.0","row_hash":"ae6350817b2345fc1058c817d28eb8ec244c0c7eb3738f764304655c101a1e54","timestamp_utc":"2026-03-08T17:50:02.4120000Z","timestamp_desc":"RunTime","source":"scheduled_task","artifact":"Windows.System.TaskScheduler","collector_kind":"velociraptor","host":"WKS-CORP-01","host_id":"4f1c0a9e-0001-4a00-9c31-b0de51000001","user":"SYSTEM","message":"Scheduled task ran: \\Microsoft\\Windows\\UpdateOrchestrator\\Schedule Scan","target":"\\Microsoft\\Windows\\UpdateOrchestrator\\Schedule Scan","detections":[],"severity_max":"none","detection_count":0,"provenance":{"raw_file":"raw/Windows.System.TaskScheduler/results.json","raw_row":54,"collection_id":"demo-wks-corp-01"},"extra":{"result_code":0,"run_duration_seconds":18,"task_author":"Microsoft Corporation"}},
  {"schema_version":"1.0.0","row_hash":"9fb45890057bcb238ea0b182c92c515f9f41a31b6103b0b2f9f62692e3133005","timestamp_utc":"2026-03-08T18:07:54.3840000Z","timestamp_desc":"LastWriteTime","timestamp_source_field":"LastModified","source":"registry","artifact":"Windows.Registry.AppCompatCache","collector_kind":"velociraptor","host":"WKS-CORP-01","host_id":"4f1c0a9e-0001-4a00-9c31-b0de51000001","user":"SYSTEM","message":"AppCompatCache entry: EXCEL.EXE","target":"C:\\Program Files\\Microsoft Office\\root\\Office16\\EXCEL.EXE","registry":{"key":"HKLM\\SYSTEM\\CurrentControlSet\\Control\\Session Manager\\AppCompatCache","value_name":"AppCompatCache","value_data":"C:\\Program Files\\Microsoft Office\\root\\Office16\\EXCEL.EXE","value_type":"REG_BINARY","hive":"SYSTEM"},"detections":[],"severity_max":"none","detection_count":0,"provenance":{"raw_file":"raw/Windows.Registry.AppCompatCache/results.json","raw_row":21,"collection_id":"demo-wks-corp-01"},"extra":{"cache_slot":740}},
  {"schema_version":"1.0.0","row_hash":"283303e3b98583ce13a929b8aec5dfe05f6d520ddc20c77e72f2795b07ca5647","timestamp_utc":"2026-03-08T18:32:00.4610000Z","timestamp_desc":"EventTime","source":"log","artifact":"Windows.EventLogs.Evtx","collector_kind":"native","host":"WKS-CORP-01","host_id":"4f1c0a9e-0001-4a00-9c31-b0de51000001","user":"SYSTEM","message":"Antimalware definitions updated to 1.421.359.0","target":"Microsoft-Windows-Windows Defender/Operational","process":{"name":"MsMpEng.exe","parent_name":"services.exe"},"event":{"channel":"Microsoft-Windows-Windows Defender/Operational","provider":"Microsoft-Windows-Windows-Defender","event_id":2000,"record_id":4324,"level":"Information","computer":"WKS-CORP-01.eu.corp.example"},"detections":[],"severity_max":"none","detection_count":0,"provenance":{"raw_file":"raw/Windows.EventLogs.Evtx/results.json","raw_row":148,"collection_id":"demo-wks-corp-01"}},
  {"schema_version":"1.0.0","row_hash":"45c267ca273e905352ae2959020cfc6ae53cd68d722c864eeea564a6bf1a00ea","timestamp_utc":"2026-03-08T19:10:46.2700000Z","timestamp_desc":"LastExecuted","timestamp_source_field":"LastRunTimes","source":"execution","artifact":"Windows.Forensics.Prefetch","collector_kind":"velociraptor","host":"WKS-CORP-01","host_id":"4f1c0a9e-0001-4a00-9c31-b0de51000001","user":"EU\\alice","message":"NOTEPAD.EXE executed (prefetch run count 14)","target":"C:\\Windows\\System32\\notepad.exe","process":{"name":"NOTEPAD.EXE","image_path":"C:\\Windows\\System32\\notepad.exe","parent_name":"explorer.exe"},"detections":[],"severity_max":"none","detection_count":0,"provenance":{"raw_file":"raw/Windows.Forensics.Prefetch/results.json","raw_row":46,"collection_id":"demo-wks-corp-01"},"extra":{"prefetch_file":"NOTEPAD.EXE-11891114.pf"}},
  {"schema_version":"1.0.0","row_hash":"f89920cbdf2ea240500049a97071a909529151c6f2a5913cf4bd70d87aa88c3f","timestamp_utc":"2026-03-08T19:24:16.9280000Z","timestamp_desc":"LastWriteTime","timestamp_source_field":"LastModified","source":"registry","artifact":"Windows.Registry.AppCompatCache","collector_kind":"velociraptor","host":"WKS-CORP-01","host_id":"4f1c0a9e-0001-4a00-9c31-b0de51000001","user":"SYSTEM","message":"AppCompatCache entry: NOTEPAD.EXE","target":"C:\\Windows\\System32\\notepad.exe","registry":{"key":"HKLM\\SYSTEM\\CurrentControlSet\\Control\\Session Manager\\AppCompatCache","value_name":"AppCompatCache","value_data":"C:\\Windows\\System32\\notepad.exe","value_type":"REG_BINARY","hive":"SYSTEM"},"detections":[],"severity_max":"none","detection_count":0,"provenance":{"raw_file":"raw/Windows.Registry.AppCompatCache/results.json","raw_row":69,"collection_id":"demo-wks-corp-01"},"extra":{"cache_slot":101}},
  {"schema_version":"1.0.0","row_hash":"7217660a66dda5c2aeec6399d675f8141803cc12a1d0b90eafd088646df986bd","timestamp_utc":"2026-03-08T19:32:32.8610000Z","timestamp_desc":"InstallDate","source":"usb_device","artifact":"Windows.Registry.USBSTOR","collector_kind":"velociraptor","host":"WKS-CORP-01","host_id":"4f1c0a9e-0001-4a00-9c31-b0de51000001","user":"EU\\alice","message":"Sanctioned encrypted USB volume connected (asset FIN-USB-04)","target":"USBSTOR\\Disk&Ven_Corp&Prod_SecureKey&Rev_1.0","registry":{"key":"HKLM\\SYSTEM\\CurrentControlSet\\Enum\\USBSTOR\\Disk&Ven_Corp&Prod_SecureKey&Rev_1.0","value_name":"FriendlyName","value_data":"Corp SecureKey USB Device","value_type":"REG_SZ","hive":"SYSTEM"},"detections":[],"severity_max":"none","detection_count":0,"provenance":{"raw_file":"raw/Windows.Registry.USBSTOR/results.json","raw_row":32,"collection_id":"demo-wks-corp-01"},"extra":{"serial_number":"FINUSB049953","volume_label":"FIN-USB-04"}},
  {"schema_version":"1.0.0","row_hash":"ce5557ebab9fced0492bcd14d76eba588ac2e50c383b01ddd9e19a1e5ad8ba83","timestamp_utc":"2026-03-08T22:07:31.1790000Z","timestamp_desc":"EventTime","timestamp_source_field":"System.TimeCreated.SystemTime","source":"eventlog","artifact":"Windows.EventLogs.Evtx","collector_kind":"native","host":"WKS-CORP-01","host_id":"4f1c0a9e-0001-4a00-9c31-b0de51000001","user":"EU\\bob","message":"An account was successfully logged on (interactive): EU\\bob","target":"EU\\bob","event":{"channel":"Security","provider":"Microsoft-Windows-Security-Auditing","event_id":4624,"record_id":189994,"level":"Information","computer":"WKS-CORP-01.eu.corp.example","logon_type":2,"logon_id":"0x3bd55"},"detections":[],"severity_max":"none","detection_count":0,"provenance":{"raw_file":"raw/Windows.EventLogs.Evtx/results.json","raw_row":81,"collection_id":"demo-wks-corp-01"}},
  {"schema_version":"1.0.0","row_hash":"1bfe8219fe628d02cc961853a8219c7e8b4a866a0a98fe935381d57002166f3f","timestamp_utc":"2026-03-08T23:09:38.3170000Z","timestamp_desc":"EventTime","source":"service","artifact":"Windows.EventLogs.Evtx","collector_kind":"native","host":"WKS-CORP-01","host_id":"4f1c0a9e-0001-4a00-9c31-b0de51000001","user":"SYSTEM","message":"Service entered the running state: Windows Update (wuauserv)","target":"wuauserv","process":{"name":"services.exe","image_path":"C:\\Windows\\System32\\services.exe"},"event":{"channel":"System","provider":"Service Control Manager","event_id":7036,"record_id":7924,"level":"Information","computer":"WKS-CORP-01.eu.corp.example"},"detections":[],"severity_max":"none","detection_count":0,"provenance":{"raw_file":"raw/Windows.EventLogs.Evtx/results.json","raw_row":83,"collection_id":"demo-wks-corp-01"}},
  {"schema_version":"1.0.0","row_hash":"9e93a5a10ae95e45417717575557b3a36eed16b3a9827b61a72a069fcf4d512e","timestamp_utc":"2026-03-09T01:00:31.6850000Z","timestamp_desc":"EventTime","timestamp_source_field":"System.TimeCreated.SystemTime","source":"eventlog","artifact":"Windows.EventLogs.Evtx","collector_kind":"native","host":"WKS-CORP-01","host_id":"4f1c0a9e-0001-4a00-9c31-b0de51000001","user":"EU\\alice","message":"An account was successfully logged on (interactive): EU\\alice","target":"EU\\alice","event":{"channel":"Security","provider":"Microsoft-Windows-Security-Auditing","event_id":4624,"record_id":629914,"level":"Information","computer":"WKS-CORP-01.eu.corp.example","logon_type":2,"logon_id":"0x3f7c2"},"detections":[],"severity_max":"none","detection_count":0,"provenance":{"raw_file":"raw/Windows.EventLogs.Evtx/results.json","raw_row":42,"collection_id":"demo-wks-corp-01"}},
  {"schema_version":"1.0.0","row_hash":"46537c085d138956cd5296d9bf7ed7f9a1c9cc81c9cd0cb4714f55729b10836a","timestamp_utc":"2026-03-09T02:40:29.5070000Z","timestamp_desc":"EventTime","source":"service","artifact":"Windows.EventLogs.Evtx","collector_kind":"native","host":"WKS-CORP-01","host_id":"4f1c0a9e-0001-4a00-9c31-b0de51000001","user":"SYSTEM","message":"Service entered the running state: Windows Update (wuauserv)","target":"wuauserv","process":{"name":"services.exe","image_path":"C:\\Windows\\System32\\services.exe"},"event":{"channel":"System","provider":"Service Control Manager","event_id":7036,"record_id":7613,"level":"Information","computer":"WKS-CORP-01.eu.corp.example"},"detections":[],"severity_max":"none","detection_count":0,"provenance":{"raw_file":"raw/Windows.EventLogs.Evtx/results.json","raw_row":188,"collection_id":"demo-wks-corp-01"}},
  {"schema_version":"1.0.0","row_hash":"61ee7359be1a44f275c97efddb0847dd507643ad8a1724daf99d1c48597583f3","timestamp_utc":"2026-03-09T02:40:34.5610000Z","timestamp_desc":"LastWriteTime","timestamp_source_field":"LastModified","source":"registry","artifact":"Windows.Registry.AppCompatCache","collector_kind":"velociraptor","host":"WKS-CORP-01","host_id":"4f1c0a9e-0001-4a00-9c31-b0de51000001","user":"SYSTEM","message":"AppCompatCache entry: WINWORD.EXE","target":"C:\\Program Files\\Microsoft Office\\root\\Office16\\WINWORD.EXE","registry":{"key":"HKLM\\SYSTEM\\CurrentControlSet\\Control\\Session Manager\\AppCompatCache","value_name":"AppCompatCache","value_data":"C:\\Program Files\\Microsoft Office\\root\\Office16\\WINWORD.EXE","value_type":"REG_BINARY","hive":"SYSTEM"},"detections":[],"severity_max":"none","detection_count":0,"provenance":{"raw_file":"raw/Windows.Registry.AppCompatCache/results.json","raw_row":40,"collection_id":"demo-wks-corp-01"},"extra":{"cache_slot":525}},
  {"schema_version":"1.0.0","row_hash":"750d74e76881930a800166f18db5e8c1c3272b2aa3c2bfcdaf326bab25bdfd51","timestamp_utc":"2026-03-09T03:00:53.0850000Z","timestamp_desc":"RunTime","source":"scheduled_task","artifact":"Windows.System.TaskScheduler","collector_kind":"velociraptor","host":"WKS-CORP-01","host_id":"4f1c0a9e-0001-4a00-9c31-b0de51000001","user":"SYSTEM","message":"Scheduled task ran: \\Microsoft\\Windows\\UpdateOrchestrator\\Schedule Scan","target":"\\Microsoft\\Windows\\UpdateOrchestrator\\Schedule Scan","detections":[],"severity_max":"none","detection_count":0,"provenance":{"raw_file":"raw/Windows.System.TaskScheduler/results.json","raw_row":33,"collection_id":"demo-wks-corp-01"},"extra":{"result_code":0,"run_duration_seconds":31,"task_author":"Microsoft Corporation"}},
  {"schema_version":"1.0.0","row_hash":"7426cb9d642f9415722b8ca09f8ed25518cde1cf0679971e6a3edffb4d7e3b13","timestamp_utc":"2026-03-09T03:09:07.3400000Z","timestamp_desc":"LastExecuted","timestamp_source_field":"LastRunTimes","source":"execution","artifact":"Windows.Forensics.Prefetch","collector_kind":"velociraptor","host":"WKS-CORP-01","host_id":"4f1c0a9e-0001-4a00-9c31-b0de51000001","user":"EU\\alice","message":"CALC.EXE executed (prefetch run count 84)","target":"C:\\Windows\\System32\\calc.exe","process":{"name":"CALC.EXE","image_path":"C:\\Windows\\System32\\calc.exe","parent_name":"explorer.exe"},"detections":[],"severity_max":"none","detection_count":0,"provenance":{"raw_file":"raw/Windows.Forensics.Prefetch/results.json","raw_row":41,"collection_id":"demo-wks-corp-01"},"extra":{"prefetch_file":"CALC.EXE-1B1F175E.pf"}},
  {"schema_version":"1.0.0","row_hash":"b51b0a09c3bad3e1baf88bdd53ffdb786bb98b2de6f731232c1e253aef1df657","timestamp_utc":"2026-03-09T03:56:06.6150000Z","timestamp_desc":"EventTime","source":"service","artifact":"Windows.EventLogs.Evtx","collector_kind":"native","host":"WKS-CORP-01","host_id":"4f1c0a9e-0001-4a00-9c31-b0de51000001","user":"SYSTEM","message":"Service entered the running state: Windows Update (wuauserv)","target":"wuauserv","process":{"name":"services.exe","image_path":"C:\\Windows\\System32\\services.exe"},"event":{"channel":"System","provider":"Service Control Manager","event_id":7036,"record_id":7756,"level":"Information","computer":"WKS-CORP-01.eu.corp.example"},"detections":[],"severity_max":"none","detection_count":0,"provenance":{"raw_file":"raw/Windows.EventLogs.Evtx/results.json","raw_row":212,"collection_id":"demo-wks-corp-01"}},
  {"schema_version":"1.0.0","row_hash":"d984c48f9b4cbaf17701ef2f9c9a8337a32ed485faecb6831a8c822af58a72ce","timestamp_utc":"2026-03-09T04:09:45.3440000Z","timestamp_desc":"LastWriteTime","timestamp_source_field":"LastModified","source":"registry","artifact":"Windows.Registry.AppCompatCache","collector_kind":"velociraptor","host":"WKS-CORP-01","host_id":"4f1c0a9e-0001-4a00-9c31-b0de51000001","user":"SYSTEM","message":"AppCompatCache entry: SNIPPINGTOOL.EXE","target":"C:\\Windows\\System32\\SnippingTool.exe","registry":{"key":"HKLM\\SYSTEM\\CurrentControlSet\\Control\\Session Manager\\AppCompatCache","value_name":"AppCompatCache","value_data":"C:\\Windows\\System32\\SnippingTool.exe","value_type":"REG_BINARY","hive":"SYSTEM"},"detections":[],"severity_max":"none","detection_count":0,"provenance":{"raw_file":"raw/Windows.Registry.AppCompatCache/results.json","raw_row":32,"collection_id":"demo-wks-corp-01"},"extra":{"cache_slot":222}},
  {"schema_version":"1.0.0","row_hash":"d77f0869d888d959594948a24ffba913f91d1d981f3c07e9b14c084bbdbf0c02","timestamp_utc":"2026-03-09T05:43:53.5620000Z","timestamp_desc":"EventTime","source":"network","artifact":"Windows.Network.Netstat","collector_kind":"velociraptor","host":"WKS-CORP-01","host_id":"4f1c0a9e-0001-4a00-9c31-b0de51000001","user":"EU\\alice","message":"Outbound HTTPS session via corporate proxy","target":"10.0.5.9:8080","process":{"name":"MSEDGE.EXE","image_path":"C:\\Program Files (x86)\\Microsoft\\Edge\\Application\\msedge.exe","parent_name":"explorer.exe"},"network":{"src_ip":"10.0.5.41","src_port":50569,"dst_ip":"10.0.5.9","dst_port":8080,"protocol":"tcp","domain":"updates.corp.example","direction":"outbound","state":"ESTABLISHED"},"detections":[],"severity_max":"none","detection_count":0,"provenance":{"raw_file":"raw/Windows.Network.Netstat/results.json","raw_row":10,"collection_id":"demo-wks-corp-01"}},
  {"schema_version":"1.0.0","row_hash":"bcbb2855fe7a9d9cdd8edaf4ab6afa9a13d8031af7e6f8ff9d2a7665407a2d64","timestamp_utc":"2026-03-09T06:28:30.8950000Z","timestamp_desc":"RunTime","source":"scheduled_task","artifact":"Windows.System.TaskScheduler","collector_kind":"velociraptor","host":"WKS-CORP-01","host_id":"4f1c0a9e-0001-4a00-9c31-b0de51000001","user":"SYSTEM","message":"Scheduled task ran: \\Microsoft\\Windows\\UpdateOrchestrator\\Schedule Scan","target":"\\Microsoft\\Windows\\UpdateOrchestrator\\Schedule Scan","detections":[],"severity_max":"none","detection_count":0,"provenance":{"raw_file":"raw/Windows.System.TaskScheduler/results.json","raw_row":65,"collection_id":"demo-wks-corp-01"},"extra":{"result_code":0,"run_duration_seconds":18,"task_author":"Microsoft Corporation"}},
  {"schema_version":"1.0.0","row_hash":"7ff3da10eb9a1538ead7e9c932240c7a6495671ee7d983f2bed4443004f1926e","timestamp_utc":"2026-03-09T07:04:53.6050000Z","timestamp_desc":"EventTime","source":"service","artifact":"Windows.EventLogs.Evtx","collector_kind":"native","host":"WKS-CORP-01","host_id":"4f1c0a9e-0001-4a00-9c31-b0de51000001","user":"SYSTEM","message":"Service entered the running state: Windows Update (wuauserv)","target":"wuauserv","process":{"name":"services.exe","image_path":"C:\\Windows\\System32\\services.exe"},"event":{"channel":"System","provider":"Service Control Manager","event_id":7036,"record_id":7157,"level":"Information","computer":"WKS-CORP-01.eu.corp.example"},"detections":[],"severity_max":"none","detection_count":0,"provenance":{"raw_file":"raw/Windows.EventLogs.Evtx/results.json","raw_row":92,"collection_id":"demo-wks-corp-01"}},
  {"schema_version":"1.0.0","row_hash":"f5df718d61532868e6935d2805212f08d38da114616f57370abf62cf963df8e1","timestamp_utc":"2026-03-09T08:02:51.4060000Z","timestamp_desc":"LastWriteTime","timestamp_source_field":"LastModified","source":"registry","artifact":"Windows.Registry.AppCompatCache","collector_kind":"velociraptor","host":"WKS-CORP-01","host_id":"4f1c0a9e-0001-4a00-9c31-b0de51000001","user":"SYSTEM","message":"AppCompatCache entry: MSEDGE.EXE","target":"C:\\Program Files (x86)\\Microsoft\\Edge\\Application\\msedge.exe","registry":{"key":"HKLM\\SYSTEM\\CurrentControlSet\\Control\\Session Manager\\AppCompatCache","value_name":"AppCompatCache","value_data":"C:\\Program Files (x86)\\Microsoft\\Edge\\Application\\msedge.exe","value_type":"REG_BINARY","hive":"SYSTEM"},"detections":[],"severity_max":"none","detection_count":0,"provenance":{"raw_file":"raw/Windows.Registry.AppCompatCache/results.json","raw_row":72,"collection_id":"demo-wks-corp-01"},"extra":{"cache_slot":446}},
  {"schema_version":"1.0.0","row_hash":"75deabe3d8cde1a1bea2029e943be5cf263c8e303f04f789e172c0299a35fb1a","timestamp_utc":"2026-03-09T08:03:13.5010000Z","timestamp_desc":"EventTime","source":"network","artifact":"Windows.Network.Netstat","collector_kind":"velociraptor","host":"WKS-CORP-01","host_id":"4f1c0a9e-0001-4a00-9c31-b0de51000001","user":"EU\\alice","message":"Outbound HTTPS session via corporate proxy","target":"10.0.5.9:8080","process":{"name":"MSEDGE.EXE","image_path":"C:\\Program Files (x86)\\Microsoft\\Edge\\Application\\msedge.exe","parent_name":"explorer.exe"},"network":{"src_ip":"10.0.5.41","src_port":50483,"dst_ip":"10.0.5.9","dst_port":8080,"protocol":"tcp","domain":"srv-corp-fs02.eu.corp.example","direction":"outbound","state":"ESTABLISHED"},"detections":[],"severity_max":"none","detection_count":0,"provenance":{"raw_file":"raw/Windows.Network.Netstat/results.json","raw_row":58,"collection_id":"demo-wks-corp-01"}},
  {"schema_version":"1.0.0","row_hash":"9c5f1bd9201d9360e99761ab9abf124f0b8a6f0e95ffc5aff3d2f0341768c0d5","timestamp_utc":"2026-03-09T08:21:19.8830000Z","timestamp_desc":"LastWriteTime","timestamp_source_field":"LastModified","source":"registry","artifact":"Windows.Registry.AppCompatCache","collector_kind":"velociraptor","host":"WKS-CORP-01","host_id":"4f1c0a9e-0001-4a00-9c31-b0de51000001","user":"SYSTEM","message":"AppCompatCache entry: CALC.EXE","target":"C:\\Windows\\System32\\calc.exe","registry":{"key":"HKLM\\SYSTEM\\CurrentControlSet\\Control\\Session Manager\\AppCompatCache","value_name":"AppCompatCache","value_data":"C:\\Windows\\System32\\calc.exe","value_type":"REG_BINARY","hive":"SYSTEM"},"detections":[],"severity_max":"none","detection_count":0,"provenance":{"raw_file":"raw/Windows.Registry.AppCompatCache/results.json","raw_row":24,"collection_id":"demo-wks-corp-01"},"extra":{"cache_slot":759}},
  {"schema_version":"1.0.0","row_hash":"5e253dc0d39d8812981c24eeab3fae99e21b292e545721f217263fa0f91d44a4","timestamp_utc":"2026-03-09T08:22:42.1500000Z","timestamp_desc":"VisitTime","timestamp_source_field":"last_visit_time","source":"browser","artifact":"Windows.Applications.Edge.History","collector_kind":"velociraptor","host":"WKS-CORP-01","host_id":"4f1c0a9e-0001-4a00-9c31-b0de51000001","user":"EU\\alice","message":"Edge visit: Finance document library","target":"https://sharepoint.corp.example/sites/finance/Shared%20Documents","network":{"domain":"sharepoint.corp.example","url":"https://sharepoint.corp.example/sites/finance/Shared%20Documents","direction":"outbound"},"detections":[],"severity_max":"none","detection_count":0,"provenance":{"raw_file":"raw/Windows.Applications.Edge.History/results.json","raw_row":37,"collection_id":"demo-wks-corp-01"}},
  {"schema_version":"1.0.0","row_hash":"12a2e47abaa4f8ac52ff0bcf83396c251d900babd874b4c23f15a16201ea2f46","timestamp_utc":"2026-03-09T08:29:27.3350000Z","timestamp_desc":"EventTime","timestamp_source_field":"System.TimeCreated.SystemTime","source":"eventlog","artifact":"Windows.EventLogs.Evtx","collector_kind":"native","host":"WKS-CORP-01","host_id":"4f1c0a9e-0001-4a00-9c31-b0de51000001","user":"EU\\alice","message":"An account was successfully logged on (interactive): EU\\alice","target":"EU\\alice","event":{"channel":"Security","provider":"Microsoft-Windows-Security-Auditing","event_id":4624,"record_id":897146,"level":"Information","computer":"WKS-CORP-01.eu.corp.example","logon_type":2,"logon_id":"0x3c761"},"detections":[],"severity_max":"none","detection_count":0,"provenance":{"raw_file":"raw/Windows.EventLogs.Evtx/results.json","raw_row":90,"collection_id":"demo-wks-corp-01"}},
  {"schema_version":"1.0.0","row_hash":"70af65a859b7679d2e3be462e22e2ce13b5128f36e846d6aa8a9df8ee203c6cb","timestamp_utc":"2026-03-09T08:36:27.9110000Z","timestamp_desc":"LastExecuted","timestamp_source_field":"LastRunTimes","source":"execution","artifact":"Windows.Forensics.Prefetch","collector_kind":"velociraptor","host":"WKS-CORP-01","host_id":"4f1c0a9e-0001-4a00-9c31-b0de51000001","user":"EU\\alice","message":"NOTEPAD.EXE executed (prefetch run count 62)","target":"C:\\Windows\\System32\\notepad.exe","process":{"name":"NOTEPAD.EXE","image_path":"C:\\Windows\\System32\\notepad.exe","parent_name":"explorer.exe"},"detections":[],"severity_max":"none","detection_count":0,"provenance":{"raw_file":"raw/Windows.Forensics.Prefetch/results.json","raw_row":33,"collection_id":"demo-wks-corp-01"},"extra":{"prefetch_file":"NOTEPAD.EXE-1C7523DB.pf"}},
  {"schema_version":"1.0.0","row_hash":"b770ddcdbe66a38b3329b53c19491e5bc295b22548907f11166652f6fed35b6b","timestamp_utc":"2026-03-09T08:46:00.3670000Z","timestamp_desc":"Modified","timestamp_source_field":"Mtime","source":"filesystem","artifact":"Windows.NTFS.MFT","collector_kind":"velociraptor","host":"WKS-CORP-01","host_id":"4f1c0a9e-0001-4a00-9c31-b0de51000001","user":"EU\\alice","message":"File modified: Q1-forecast.xlsx","target":"C:\\Users\\alice\\Documents\\Q1-forecast.xlsx","file":{"path":"C:\\Users\\alice\\Documents\\Q1-forecast.xlsx","name":"Q1-forecast.xlsx","extension":"xlsx","size_bytes":163596,"mft_entry":95508,"is_directory":false,"is_allocated":true},"detections":[],"severity_max":"none","detection_count":0,"provenance":{"raw_file":"raw/Windows.NTFS.MFT/results.json","raw_row":12,"collection_id":"demo-wks-corp-01"}},
  {"schema_version":"1.0.0","row_hash":"16948020a627b7b9c467b0f57a7f05a7179cdd6c00fc1925db2fc9150ef5eeb8","timestamp_utc":"2026-03-09T09:04:12.0000000Z","timestamp_desc":"EventTime","source":"log","artifact":"Windows.Applications.Outlook.Items","collector_kind":"velociraptor","host":"WKS-CORP-01","host_id":"4f1c0a9e-0001-4a00-9c31-b0de51000001","user":"EU\\alice","message":"Inbound mail delivered with external link: \"Outstanding invoice Q1 2026\"","target":"billing@invoices.billing-portal.example","network":{"src_ip":"192.0.2.61","domain":"invoices.billing-portal.example","direction":"inbound"},"detections":[{"engine":"sigma","rule_id":"demo-sigma-0001","rule_name":"External Mail With Financial Lure Subject And SPF Softfail","severity":"low","rule_author":"IRTriage demo rule pack","rule_description":"Inbound external mail whose subject matches a finance-themed lure pattern and whose SPF result is softfail.","rule_source":"sigma:demo-pack","mitre_techniques":["T1566.002"]}],"severity_max":"low","detection_count":1,"provenance":{"raw_file":"raw/Windows.Applications.Outlook.Items/results.json","raw_row":0,"collection_id":"demo-wks-corp-01"},"extra":{"external_sender":true,"spf":"softfail","subject":"Outstanding invoice Q1 2026"}},
  {"schema_version":"1.0.0","row_hash":"9a099f3dd9114649b68d047b1717686a546bdd0e9d2e401e1dc6b56629ccd261","timestamp_utc":"2026-03-09T09:12:36.1290000Z","timestamp_desc":"VisitTime","timestamp_source_field":"last_visit_time","source":"browser","artifact":"Windows.Applications.Edge.History","collector_kind":"velociraptor","host":"WKS-CORP-01","host_id":"4f1c0a9e-0001-4a00-9c31-b0de51000001","user":"EU\\alice","message":"Edge visit: Finance - monthly close","target":"https://intranet.corp.example/finance/monthly-close","network":{"domain":"intranet.corp.example","url":"https://intranet.corp.example/finance/monthly-close","direction":"outbound"},"detections":[],"severity_max":"none","detection_count":0,"provenance":{"raw_file":"raw/Windows.Applications.Edge.History/results.json","raw_row":45,"collection_id":"demo-wks-corp-01"}},
  {"schema_version":"1.0.0","row_hash":"52de27b38dcdf875cb0e8c1b1a0274b0d619152a3cdaa087f3b8b0f196cd932e","timestamp_utc":"2026-03-09T09:12:44.0000000Z","timestamp_desc":"DownloadTime","timestamp_source_field":"downloads.end_time","source":"browser","artifact":"Windows.Applications.Edge.History","collector_kind":"velociraptor","host":"WKS-CORP-01","host_id":"4f1c0a9e-0001-4a00-9c31-b0de51000001","user":"EU\\alice","message":"Edge download completed: Invoice_Q1_2026.xlsm from an external host first seen today","target":"https://invoices.billing-portal.example/dl/inv-8841/Invoice_Q1_2026.xlsm","file":{"path":"C:\\Users\\alice\\Downloads\\Invoice_Q1_2026.xlsm","name":"Invoice_Q1_2026.xlsm","extension":"xlsm","size_bytes":184320},"hashes":{"md5":"fb9246c13e262d93011e7151c20125aa","sha1":"75ca0f3fe49c111176c66e93a759840532e430df","sha256":"c1d85360bd6f4a15e401b4b97fd3f5d9bb99a51c73088b1fdae7129d3232b61e"},"network":{"dst_ip":"198.51.100.24","dst_port":443,"protocol":"tcp","domain":"invoices.billing-portal.example","url":"https://invoices.billing-portal.example/dl/inv-8841/Invoice_Q1_2026.xlsm","direction":"outbound"},"detections":[{"engine":"sigma","rule_id":"demo-sigma-0002","rule_name":"Macro-Enabled Office Download From Newly Observed Domain","severity":"medium","rule_author":"IRTriage demo rule pack","rule_description":"A macro-enabled Office document was downloaded from a domain not previously seen in this environment.","rule_source":"sigma:demo-pack","mitre_techniques":["T1566.002","T1204.002"]}],"severity_max":"medium","detection_count":1,"provenance":{"raw_file":"raw/Windows.Applications.Edge.History/results.json","raw_row":82,"collection_id":"demo-wks-corp-01"}},
  {"schema_version":"1.0.0","row_hash":"9cb2081b95af2908bafaf4d5de40d32f2cf60b4b79661adb7025d973958c3711","timestamp_utc":"2026-03-09T09:12:47.0000000Z","timestamp_desc":"Created","timestamp_source_field":"Btime","source":"filesystem","artifact":"Windows.NTFS.MFT","collector_kind":"velociraptor","host":"WKS-CORP-01","host_id":"4f1c0a9e-0001-4a00-9c31-b0de51000001","user":"EU\\alice","message":"File created: Invoice_Q1_2026.xlsm (Mark-of-the-Web zone 3)","target":"C:\\Users\\alice\\Downloads\\Invoice_Q1_2026.xlsm","file":{"path":"C:\\Users\\alice\\Downloads\\Invoice_Q1_2026.xlsm","name":"Invoice_Q1_2026.xlsm","extension":"xlsm","size_bytes":184320,"mft_entry":118432,"mft_sequence":3,"is_allocated":true,"ads_name":"Zone.Identifier","signature_status":"unsigned"},"hashes":{"md5":"fb9246c13e262d93011e7151c20125aa","sha1":"75ca0f3fe49c111176c66e93a759840532e430df","sha256":"c1d85360bd6f4a15e401b4b97fd3f5d9bb99a51c73088b1fdae7129d3232b61e"},"detections":[],"severity_max":"none","detection_count":0,"provenance":{"raw_file":"raw/Windows.NTFS.MFT/results.json","raw_row":83,"collection_id":"demo-wks-corp-01"},"extra":{"referrer_url":"https://invoices.billing-portal.example/dl/inv-8841","zone_id":3}},
  {"schema_version":"1.0.0","row_hash":"18228214edd3328111d38af0435710ea7f3362e56aab90dce2012ed820957ee6","timestamp_utc":"2026-03-09T09:13:58.0000000Z","timestamp_desc":"ProcessStartTime","source":"execution","artifact":"Windows.EventLogs.Evtx","collector_kind":"native","host":"WKS-CORP-01","host_id":"4f1c0a9e-0001-4a00-9c31-b0de51000001","user":"EU\\alice","message":"Process created: EXCEL.EXE opened Invoice_Q1_2026.xlsm","target":"C:\\Program Files\\Microsoft Office\\root\\Office16\\EXCEL.EXE","process":{"pid":6112,"ppid":4408,"name":"EXCEL.EXE","image_path":"C:\\Program Files\\Microsoft Office\\root\\Office16\\EXCEL.EXE","command_line":"\"C:\\Program Files\\Microsoft Office\\root\\Office16\\EXCEL.EXE\" \"C:\\Users\\alice\\Downloads\\Invoice_Q1_2026.xlsm\"","parent_name":"explorer.exe","integrity_level":"Medium","session_id":2,"user":"EU\\alice"},"event":{"channel":"Microsoft-Windows-Sysmon/Operational","provider":"Microsoft-Windows-Sysmon","event_id":1,"record_id":884201,"level":"Information"},"detections":[],"severity_max":"none","detection_count":0,"provenance":{"raw_file":"raw/Windows.EventLogs.Evtx/results.json","raw_row":246,"collection_id":"demo-wks-corp-01"}},
  {"schema_version":"1.0.0","row_hash":"de402144e2e4483f9c362c288c902d84ae7e326f3c0d69af6094e10f26907539","timestamp_utc":"2026-03-09T09:14:02.0000000Z","timestamp_desc":"ProcessStartTime","source":"execution","artifact":"Windows.EventLogs.Evtx","collector_kind":"native","host":"WKS-CORP-01","host_id":"4f1c0a9e-0001-4a00-9c31-b0de51000001","user":"EU\\alice","message":"Office application spawned a script interpreter: EXCEL.EXE -> wscript.exe","target":"C:\\Windows\\System32\\wscript.exe","process":{"pid":7320,"ppid":6112,"name":"wscript.exe","image_path":"C:\\Windows\\System32\\wscript.exe","command_line":"wscript.exe \"C:\\Users\\alice\\AppData\\Local\\Temp\\inv8841.js\"","parent_name":"EXCEL.EXE","parent_command_line":"\"C:\\Program Files\\Microsoft Office\\root\\Office16\\EXCEL.EXE\" \"C:\\Users\\alice\\Downloads\\Invoice_Q1_2026.xlsm\"","integrity_level":"Medium","session_id":2,"user":"EU\\alice"},"event":{"channel":"Microsoft-Windows-Sysmon/Operational","provider":"Microsoft-Windows-Sysmon","event_id":1,"record_id":884219,"level":"Information"},"detections":[{"engine":"sigma","rule_id":"demo-sigma-0003","rule_name":"Office Application Spawned Script Interpreter","severity":"high","rule_author":"IRTriage demo rule pack","rule_description":"EXCEL.EXE created a wscript.exe child process, which is not part of any documented Office workflow in this environment.","rule_source":"sigma:demo-pack","mitre_techniques":["T1566.001","T1204.002","T1059.007"],"match_detail":"ParentImage endswith EXCEL.EXE AND Image endswith wscript.exe"},{"engine":"hayabusa","rule_id":"demo-haya-0001","rule_name":"Proc Exec: Office Child Script Host","severity":"high","rule_author":"IRTriage demo rule pack","rule_description":"Proc Exec: Office Child Script Host","rule_source":"hayabusa:demo-pack","mitre_techniques":["T1204.002"],"match_detail":"Sysmon 1 ParentImage=EXCEL.EXE"}],"severity_max":"high","detection_count":2,"provenance":{"raw_file":"raw/Windows.EventLogs.Evtx/results.json","raw_row":247,"collection_id":"demo-wks-corp-01"}},
  {"schema_version":"1.0.0","row_hash":"a90de20f3af3b96b4a4c21e3253756271263130fec5733efa19839b4557ff9a0","timestamp_utc":"2026-03-09T09:14:09.0000000Z","timestamp_desc":"Created","timestamp_source_field":"Btime","source":"filesystem","artifact":"Windows.NTFS.MFT","collector_kind":"velociraptor","host":"WKS-CORP-01","host_id":"4f1c0a9e-0001-4a00-9c31-b0de51000001","user":"EU\\alice","message":"File created by EXCEL.EXE: inv8841.js (JScript dropper)","target":"C:\\Users\\alice\\AppData\\Local\\Temp\\inv8841.js","file":{"path":"C:\\Users\\alice\\AppData\\Local\\Temp\\inv8841.js","name":"inv8841.js","extension":"js","size_bytes":9216,"mft_entry":118501,"is_allocated":true},"hashes":{"md5":"c57b01d7804fd401f99cbb9577244dd6","sha1":"659b97b61c4d22dba26b3e2f07e361203f967459","sha256":"c03dda7b05b4325f3cee22b9557c30f620ead98104fc60ea6f3b08b1d906cb62"},"detections":[{"engine":"yara","rule_id":"demo-yara-0001","rule_name":"IRTriage_Demo_JScript_Dropper","severity":"high","rule_author":"IRTriage demo rule pack","rule_description":"JScript containing a base64 blob and a WScript.Shell invocation.","rule_source":"yara:demo-pack","mitre_techniques":["T1059.007"],"match_detail":"$b64_shell","match_offset":1284}],"severity_max":"high","detection_count":1,"provenance":{"raw_file":"raw/Windows.NTFS.MFT/results.json","raw_row":84,"collection_id":"demo-wks-corp-01"}},
  {"schema_version":"1.0.0","row_hash":"645f677d4b826a9d64672424995db4f1b32b53304fc81639e9fa0dde5eaea068","timestamp_utc":"2026-03-09T09:14:31.0000000Z","timestamp_desc":"ProcessStartTime","source":"execution","artifact":"Windows.EventLogs.Evtx","collector_kind":"native","host":"WKS-CORP-01","host_id":"4f1c0a9e-0001-4a00-9c31-b0de51000001","user":"EU\\alice","message":"Encoded PowerShell launched by the script interpreter (hidden window, execution policy bypassed)","target":"C:\\Windows\\System32\\WindowsPowerShell\\v1.0\\powershell.exe","process":{"pid":7484,"ppid":7320,"name":"powershell.exe","image_path":"C:\\Windows\\System32\\WindowsPowerShell\\v1.0\\powershell.exe","command_line":"powershell.exe -nop -w hidden -ep bypass -enc SQBFAFgAIAAoAE4AZQB3AC0ATwBiAGoAZQBjAHQAIABOAGUAdAAuAFcAZQBiAEMAbABpAGUAbgB0ACkA","parent_name":"wscript.exe","parent_command_line":"wscript.exe \"C:\\Users\\alice\\AppData\\Local\\Temp\\inv8841.js\"","integrity_level":"Medium","session_id":2,"user":"EU\\alice"},"event":{"channel":"Microsoft-Windows-Sysmon/Operational","provider":"Microsoft-Windows-Sysmon","event_id":1,"record_id":884231,"level":"Information"},"detections":[{"engine":"sigma","rule_id":"demo-sigma-0004","rule_name":"Encoded PowerShell Command Line With Hidden Window","severity":"high","rule_author":"IRTriage demo rule pack","rule_description":"powershell.exe invoked with -enc, -w hidden and -ep bypass by a non-interactive parent.","rule_source":"sigma:demo-pack","mitre_techniques":["T1059.001","T1027"],"match_detail":"CommandLine contains -enc AND -w hidden"}],"severity_max":"high","detection_count":1,"provenance":{"raw_file":"raw/Windows.EventLogs.Evtx/results.json","raw_row":248,"collection_id":"demo-wks-corp-01"}},
