  {"schema_version":"1.0.0","row_hash":"6747198a9d301cba30ffaeb6546cd0a9e1dfdcca547d2890c11e2aa8b1302cad","timestamp_utc":"2026-03-13T03:06:56.7490000Z","timestamp_desc":"RunTime","source":"scheduled_task","artifact":"Windows.System.TaskScheduler","collector_kind":"velociraptor","host":"SRV-CORP-FS02","host_id":"4f1c0a9e-0002-4a00-9c31-b0de51000002","user":"EU\\svc-backup","message":"Scheduled task ran: \\Corp\\NightlyShareBackup","target":"\\Corp\\NightlyShareBackup","detections":[],"severity_max":"none","detection_count":0,"provenance":{"raw_file":"raw/Windows.System.TaskScheduler/results.json","raw_row":34,"collection_id":"demo-srv-corp-fs02"},"extra":{"result_code":0,"run_duration_seconds":2440,"task_author":"EU\\bob"}},
  {"schema_version":"1.0.0","row_hash":"3889b91ac4f50c78096ad3875a3020fb22ce3255d8edf7431ae21138a041d9f0","timestamp_utc":"2026-03-13T06:09:26.9240000Z","timestamp_desc":"EventTime","source":"service","artifact":"Windows.EventLogs.Evtx","collector_kind":"native","host":"SRV-CORP-FS02","host_id":"4f1c0a9e-0002-4a00-9c31-b0de51000002","user":"SYSTEM","message":"Service entered the running state: DFS Replication (DFSR)","target":"DFSR","process":{"name":"dfsrs.exe","image_path":"C:\\Windows\\System32\\DFSRs.exe","parent_name":"services.exe"},"event":{"channel":"System","provider":"Service Control Manager","event_id":7036,"record_id":10408,"level":"Information","computer":"SRV-CORP-FS02.eu.corp.example"},"detections":[],"severity_max":"none","detection_count":0,"provenance":{"raw_file":"raw/Windows.EventLogs.Evtx/results.json","raw_row":85,"collection_id":"demo-srv-corp-fs02"}},
  {"schema_version":"1.0.0","row_hash":"b04d5841b7a4a8bdf8970700857c0158ea6033fc7e332733a7d25826ca4a7efa","timestamp_utc":"2026-03-13T06:39:55.1760000Z","timestamp_desc":"EventTime","source":"account","artifact":"Windows.EventLogs.Evtx","collector_kind":"native","host":"SRV-CORP-FS02","host_id":"4f1c0a9e-0002-4a00-9c31-b0de51000002","user":"EU\\SRV-CORP-FS02$","message":"Computer account password changed (machine account maintenance)","target":"EU\\SRV-CORP-FS02$","event":{"channel":"Security","provider":"Microsoft-Windows-Security-Auditing","event_id":4742,"record_id":777009,"level":"Information","computer":"SRV-CORP-FS02.eu.corp.example"},"detections":[],"severity_max":"none","detection_count":0,"provenance":{"raw_file":"raw/Windows.EventLogs.Evtx/results.json","raw_row":271,"collection_id":"demo-srv-corp-fs02"}},
  {"schema_version":"1.0.0","row_hash":"14ab4ad6bd331b38aa036a2c3e199eb915ff37a48835519d6fde27b2f8a144d0","timestamp_utc":"2026-03-13T07:14:24.6570000Z","timestamp_desc":"EventTime","timestamp_source_field":"System.TimeCreated.SystemTime","source":"eventlog","artifact":"Windows.EventLogs.Evtx","collector_kind":"native","host":"SRV-CORP-FS02","host_id":"4f1c0a9e-0002-4a00-9c31-b0de51000002","user":"EU\\svc-backup","message":"Network share object accessed: \\\\SRV-CORP-FS02\\Finance by EU\\svc-backup","target":"\\\\SRV-CORP-FS02\\Finance","network":{"src_ip":"10.0.5.42","dst_ip":"10.0.5.20","dst_port":445,"protocol":"tcp","direction":"inbound"},"event":{"channel":"Security","provider":"Microsoft-Windows-Security-Auditing","event_id":5140,"record_id":716155,"level":"Information","computer":"SRV-CORP-FS02.eu.corp.example","logon_type":3},"detections":[],"severity_max":"none","detection_count":0,"provenance":{"raw_file":"raw/Windows.EventLogs.Evtx/results.json","raw_row":140,"collection_id":"demo-srv-corp-fs02"}},
  {"schema_version":"1.0.0","row_hash":"2f52dac0d0fb4039fc551c6a104b7f1835abc5947ae39764ee4d2922db6d1cde","timestamp_utc":"2026-03-13T07:24:17.2290000Z","timestamp_desc":"EventTime","source":"service","artifact":"Windows.EventLogs.Evtx","collector_kind":"native","host":"SRV-CORP-FS02","host_id":"4f1c0a9e-0002-4a00-9c31-b0de51000002","user":"SYSTEM","message":"Service entered the running state: DFS Replication (DFSR)","target":"DFSR","process":{"name":"dfsrs.exe","image_path":"C:\\Windows\\System32\\DFSRs.exe","parent_name":"services.exe"},"event":{"channel":"System","provider":"Service Control Manager","event_id":7036,"record_id":5654,"level":"Information","computer":"SRV-CORP-FS02.eu.corp.example"},"detections":[],"severity_max":"none","detection_count":0,"provenance":{"raw_file":"raw/Windows.EventLogs.Evtx/results.json","raw_row":21,"collection_id":"demo-srv-corp-fs02"}},
  {"schema_version":"1.0.0","row_hash":"48078eb20e6ac6d92ed4e834e9076693d6db5f2d630df1b55652966de54af387","timestamp_utc":"2026-03-13T07:59:01.8780000Z","timestamp_desc":"LastWriteTime","source":"registry","artifact":"Windows.Registry.Shares","collector_kind":"velociraptor","host":"SRV-CORP-FS02","host_id":"4f1c0a9e-0002-4a00-9c31-b0de51000002","user":"SYSTEM","message":"Share definition enumerated: Finance","target":"HKLM\\SYSTEM\\CurrentControlSet\\Services\\LanmanServer\\Shares\\Finance","registry":{"key":"HKLM\\SYSTEM\\CurrentControlSet\\Services\\LanmanServer\\Shares\\Finance","value_name":"Finance","value_data":"CSCFlags=0;MaxUses=4294967295;Path=D:\\Finance","value_type":"REG_MULTI_SZ","hive":"SYSTEM"},"detections":[],"severity_max":"none","detection_count":0,"provenance":{"raw_file":"raw/Windows.Registry.Shares/results.json","raw_row":48,"collection_id":"demo-srv-corp-fs02"},"extra":{"max_uses":4294967295,"slot":48}},
  {"schema_version":"1.0.0","row_hash":"5359e3a9d3944f9cec0cd5dc198fa765305466313221669a66f726b1f4dcd069","timestamp_utc":"2026-03-13T08:01:05.9710000Z","timestamp_desc":"EventTime","source":"service","artifact":"Windows.EventLogs.Evtx","collector_kind":"native","host":"SRV-CORP-FS02","host_id":"4f1c0a9e-0002-4a00-9c31-b0de51000002","user":"SYSTEM","message":"Service entered the running state: DFS Replication (DFSR)","target":"DFSR","process":{"name":"dfsrs.exe","image_path":"C:\\Windows\\System32\\DFSRs.exe","parent_name":"services.exe"},"event":{"channel":"System","provider":"Service Control Manager","event_id":7036,"record_id":8802,"level":"Information","computer":"SRV-CORP-FS02.eu.corp.example"},"detections":[],"severity_max":"none","detection_count":0,"provenance":{"raw_file":"raw/Windows.EventLogs.Evtx/results.json","raw_row":245,"collection_id":"demo-srv-corp-fs02"}},
  {"schema_version":"1.0.0","row_hash":"3dac638d7e18d1d08061cf4713174b45e20b54764aa3ccc7ceeb519fdc13625f","timestamp_utc":"2026-03-13T08:02:03.0030000Z","timestamp_desc":"LastWriteTime","source":"registry","artifact":"Windows.Registry.Shares","collector_kind":"velociraptor","host":"SRV-CORP-FS02","host_id":"4f1c0a9e-0002-4a00-9c31-b0de51000002","user":"SYSTEM","message":"Share definition enumerated: Finance","target":"HKLM\\SYSTEM\\CurrentControlSet\\Services\\LanmanServer\\Shares\\Finance","registry":{"key":"HKLM\\SYSTEM\\CurrentControlSet\\Services\\LanmanServer\\Shares\\Finance","value_name":"Finance","value_data":"CSCFlags=0;MaxUses=4294967295;Path=D:\\Finance","value_type":"REG_MULTI_SZ","hive":"SYSTEM"},"detections":[],"severity_max":"none","detection_count":0,"provenance":{"raw_file":"raw/Windows.Registry.Shares/results.json","raw_row":24,"collection_id":"demo-srv-corp-fs02"},"extra":{"max_uses":4294967295,"slot":21}},
  {"schema_version":"1.0.0","row_hash":"5f13c3ac0df0599b2d3a89ef287c9811423ef7600d37665173b4240c63eff864","timestamp_utc":"2026-03-13T08:28:10.2780000Z","timestamp_desc":"EventTime","source":"service","artifact":"Windows.EventLogs.Evtx","collector_kind":"native","host":"SRV-CORP-FS02","host_id":"4f1c0a9e-0002-4a00-9c31-b0de51000002","user":"SYSTEM","message":"Service entered the running state: DFS Replication (DFSR)","target":"DFSR","process":{"name":"dfsrs.exe","image_path":"C:\\Windows\\System32\\DFSRs.exe","parent_name":"services.exe"},"event":{"channel":"System","provider":"Service Control Manager","event_id":7036,"record_id":7425,"level":"Information","computer":"SRV-CORP-FS02.eu.corp.example"},"detections":[],"severity_max":"none","detection_count":0,"provenance":{"raw_file":"raw/Windows.EventLogs.Evtx/results.json","raw_row":69,"collection_id":"demo-srv-corp-fs02"}},
  {"schema_version":"1.0.0","row_hash":"8808dd10f9029504b4c2ac6318e9d37cda4b1e6d3b365302d953b8af744eaac8","timestamp_utc":"2026-03-13T08:44:23.3930000Z","timestamp_desc":"EventTime","source":"account","artifact":"Windows.EventLogs.Evtx","collector_kind":"native","host":"SRV-CORP-FS02","host_id":"4f1c0a9e-0002-4a00-9c31-b0de51000002","user":"EU\\SRV-CORP-FS02$","message":"Computer account password changed (machine account maintenance)","target":"EU\\SRV-CORP-FS02$","event":{"channel":"Security","provider":"Microsoft-Windows-Security-Auditing","event_id":4742,"record_id":830825,"level":"Information","computer":"SRV-CORP-FS02.eu.corp.example"},"detections":[],"severity_max":"none","detection_count":0,"provenance":{"raw_file":"raw/Windows.EventLogs.Evtx/results.json","raw_row":143,"collection_id":"demo-srv-corp-fs02"}},
  {"schema_version":"1.0.0","row_hash":"3ca62b05c7b22b45f647fff80c2c50ba1e7b964acda5d31a89427b50ba5bd3c8","timestamp_utc":"2026-03-13T08:49:10.9890000Z","timestamp_desc":"EventTime","source":"service","artifact":"Windows.EventLogs.Evtx","collector_kind":"native","host":"SRV-CORP-FS02","host_id":"4f1c0a9e-0002-4a00-9c31-b0de51000002","user":"SYSTEM","message":"Service entered the running state: DFS Replication (DFSR)","target":"DFSR","process":{"name":"dfsrs.exe","image_path":"C:\\Windows\\System32\\DFSRs.exe","parent_name":"services.exe"},"event":{"channel":"System","provider":"Service Control Manager","event_id":7036,"record_id":5647,"level":"Information","computer":"SRV-CORP-FS02.eu.corp.example"},"detections":[],"severity_max":"none","detection_count":0,"provenance":{"raw_file":"raw/Windows.EventLogs.Evtx/results.json","raw_row":117,"collection_id":"demo-srv-corp-fs02"}},
  {"schema_version":"1.0.0","row_hash":"ea902bcb028869178a889bcaaf88503a418815b8b8a9300b5a247ce90112b18e","timestamp_utc":"2026-03-13T09:01:59.9370000Z","timestamp_desc":"LastWriteTime","source":"registry","artifact":"Windows.Registry.Shares","collector_kind":"velociraptor","host":"SRV-CORP-FS02","host_id":"4f1c0a9e-0002-4a00-9c31-b0de51000002","user":"SYSTEM","message":"Share definition enumerated: Finance","target":"HKLM\\SYSTEM\\CurrentControlSet\\Services\\LanmanServer\\Shares\\Finance","registry":{"key":"HKLM\\SYSTEM\\CurrentControlSet\\Services\\LanmanServer\\Shares\\Finance","value_name":"Finance","value_data":"CSCFlags=0;MaxUses=4294967295;Path=D:\\Finance","value_type":"REG_MULTI_SZ","hive":"SYSTEM"},"detections":[],"severity_max":"none","detection_count":0,"provenance":{"raw_file":"raw/Windows.Registry.Shares/results.json","raw_row":44,"collection_id":"demo-srv-corp-fs02"},"extra":{"max_uses":4294967295,"slot":10}},
  {"schema_version":"1.0.0","row_hash":"8a230f121f491aca3c0416d40ae2ba4e2d68d018b7c539551d9f51fdd2291e49","timestamp_utc":"2026-03-13T09:06:33.9390000Z","timestamp_desc":"LastWriteTime","source":"registry","artifact":"Windows.Registry.Shares","collector_kind":"velociraptor","host":"SRV-CORP-FS02","host_id":"4f1c0a9e-0002-4a00-9c31-b0de51000002","user":"SYSTEM","message":"Share definition enumerated: Finance","target":"HKLM\\SYSTEM\\CurrentControlSet\\Services\\LanmanServer\\Shares\\Finance","registry":{"key":"HKLM\\SYSTEM\\CurrentControlSet\\Services\\LanmanServer\\Shares\\Finance","value_name":"Finance","value_data":"CSCFlags=0;MaxUses=4294967295;Path=D:\\Finance","value_type":"REG_MULTI_SZ","hive":"SYSTEM"},"detections":[],"severity_max":"none","detection_count":0,"provenance":{"raw_file":"raw/Windows.Registry.Shares/results.json","raw_row":60,"collection_id":"demo-srv-corp-fs02"},"extra":{"max_uses":4294967295,"slot":40}},
  {"schema_version":"1.0.0","row_hash":"c889354abba65cfdd015b2d1d7788848f69dd84777c29c28c40e2710720e6bae","timestamp_utc":"2026-03-13T09:07:36.2810000Z","timestamp_desc":"EventTime","source":"service","artifact":"Windows.EventLogs.Evtx","collector_kind":"native","host":"SRV-CORP-FS02","host_id":"4f1c0a9e-0002-4a00-9c31-b0de51000002","user":"SYSTEM","message":"Service entered the running state: DFS Replication (DFSR)","target":"DFSR","process":{"name":"dfsrs.exe","image_path":"C:\\Windows\\System32\\DFSRs.exe","parent_name":"services.exe"},"event":{"channel":"System","provider":"Service Control Manager","event_id":7036,"record_id":6463,"level":"Information","computer":"SRV-CORP-FS02.eu.corp.example"},"detections":[],"severity_max":"none","detection_count":0,"provenance":{"raw_file":"raw/Windows.EventLogs.Evtx/results.json","raw_row":101,"collection_id":"demo-srv-corp-fs02"}},
  {"schema_version":"1.0.0","row_hash":"7387b4538ee39dcc93efc4411a7320ad44d7e17e4eaca7222eab2d3303aeae1c","timestamp_utc":"2026-03-13T09:10:31.8740000Z","timestamp_desc":"EventTime","source":"account","artifact":"Windows.EventLogs.Evtx","collector_kind":"native","host":"SRV-CORP-FS02","host_id":"4f1c0a9e-0002-4a00-9c31-b0de51000002","user":"EU\\SRV-CORP-FS02$","message":"Computer account password changed (machine account maintenance)","target":"EU\\SRV-CORP-FS02$","event":{"channel":"Security","provider":"Microsoft-Windows-Security-Auditing","event_id":4742,"record_id":216158,"level":"Information","computer":"SRV-CORP-FS02.eu.corp.example"},"detections":[],"severity_max":"none","detection_count":0,"provenance":{"raw_file":"raw/Windows.EventLogs.Evtx/results.json","raw_row":223,"collection_id":"demo-srv-corp-fs02"}},
  {"schema_version":"1.0.0","row_hash":"3a5d99f7c1d82e0323f1b2d2525cb7c7b82fae1820dddfe86c087c50ace5a9bb","timestamp_utc":"2026-03-13T09:33:15.5670000Z","timestamp_desc":"RunTime","source":"scheduled_task","artifact":"Windows.System.TaskScheduler","collector_kind":"velociraptor","host":"SRV-CORP-FS02","host_id":"4f1c0a9e-0002-4a00-9c31-b0de51000002","user":"EU\\svc-backup","message":"Scheduled task ran: \\Corp\\NightlyShareBackup","target":"\\Corp\\NightlyShareBackup","detections":[],"severity_max":"none","detection_count":0,"provenance":{"raw_file":"raw/Windows.System.TaskScheduler/results.json","raw_row":10,"collection_id":"demo-srv-corp-fs02"},"extra":{"result_code":0,"run_duration_seconds":1920,"task_author":"EU\\bob"}},
  {"schema_version":"1.0.0","row_hash":"b75505ea10d03c6a3d8966d37bad5cd691adafcbcd4141fc9f42690cd27288af","timestamp_utc":"2026-03-13T09:37:11.2300000Z","timestamp_desc":"EventTime","source":"service","artifact":"Windows.EventLogs.Evtx","collector_kind":"native","host":"SRV-CORP-FS02","host_id":"4f1c0a9e-0002-4a00-9c31-b0de51000002","user":"SYSTEM","message":"Service entered the running state: DFS Replication (DFSR)","target":"DFSR","process":{"name":"dfsrs.exe","image_path":"C:\\Windows\\System32\\DFSRs.exe","parent_name":"services.exe"},"event":{"channel":"System","provider":"Service Control Manager","event_id":7036,"record_id":10407,"level":"Information","computer":"SRV-CORP-FS02.eu.corp.example"},"detections":[],"severity_max":"none","detection_count":0,"provenance":{"raw_file":"raw/Windows.EventLogs.Evtx/results.json","raw_row":181,"collection_id":"demo-srv-corp-fs02"}},
  {"schema_version":"1.0.0","row_hash":"4c3e72319a27f322b0bb32fddddd0097944e0e3498e8068b3749987fedc2a38b","timestamp_utc":"2026-03-13T09:53:29.9570000Z","timestamp_desc":"EventTime","source":"account","artifact":"Windows.EventLogs.Evtx","collector_kind":"native","host":"SRV-CORP-FS02","host_id":"4f1c0a9e-0002-4a00-9c31-b0de51000002","user":"EU\\SRV-CORP-FS02$","message":"Computer account password changed (machine account maintenance)","target":"EU\\SRV-CORP-FS02$","event":{"channel":"Security","provider":"Microsoft-Windows-Security-Auditing","event_id":4742,"record_id":738761,"level":"Information","computer":"SRV-CORP-FS02.eu.corp.example"},"detections":[],"severity_max":"none","detection_count":0,"provenance":{"raw_file":"raw/Windows.EventLogs.Evtx/results.json","raw_row":175,"collection_id":"demo-srv-corp-fs02"}},
  {"schema_version":"1.0.0","row_hash":"ed64698a0299f63097773efa310d8ad27df88332302a69e8a8ea1b343759d0bc","timestamp_utc":"2026-03-13T09:54:47.9740000Z","timestamp_desc":"EventTime","timestamp_source_field":"System.TimeCreated.SystemTime","source":"eventlog","artifact":"Windows.EventLogs.Evtx","collector_kind":"native","host":"SRV-CORP-FS02","host_id":"4f1c0a9e-0002-4a00-9c31-b0de51000002","user":"EU\\svc-backup","message":"Network share object accessed: \\\\SRV-CORP-FS02\\Finance by EU\\svc-backup","target":"\\\\SRV-CORP-FS02\\Finance","network":{"src_ip":"10.0.5.42","dst_ip":"10.0.5.20","dst_port":445,"protocol":"tcp","direction":"inbound"},"event":{"channel":"Security","provider":"Microsoft-Windows-Security-Auditing","event_id":5140,"record_id":961454,"level":"Information","computer":"SRV-CORP-FS02.eu.corp.example","logon_type":3},"detections":[],"severity_max":"none","detection_count":0,"provenance":{"raw_file":"raw/Windows.EventLogs.Evtx/results.json","raw_row":268,"collection_id":"demo-srv-corp-fs02"}},
  {"schema_version":"1.0.0","row_hash":"4f8ffa0a8084f182fb36f16bc755839b809704d513fe4151a10b7ce664cfbaa7","timestamp_utc":"2026-03-13T09:57:55.2340000Z","timestamp_desc":"EventTime","timestamp_source_field":"System.TimeCreated.SystemTime","source":"eventlog","artifact":"Windows.EventLogs.Evtx","collector_kind":"native","host":"SRV-CORP-FS02","host_id":"4f1c0a9e-0002-4a00-9c31-b0de51000002","user":"EU\\carol","message":"Network share object accessed: \\\\SRV-CORP-FS02\\Finance by EU\\carol","target":"\\\\SRV-CORP-FS02\\Finance","network":{"src_ip":"10.0.5.41","dst_ip":"10.0.5.20","dst_port":445,"protocol":"tcp","direction":"inbound"},"event":{"channel":"Security","provider":"Microsoft-Windows-Security-Auditing","event_id":5140,"record_id":382335,"level":"Information","computer":"SRV-CORP-FS02.eu.corp.example","logon_type":3},"detections":[],"severity_max":"none","detection_count":0,"provenance":{"raw_file":"raw/Windows.EventLogs.Evtx/results.json","raw_row":156,"collection_id":"demo-srv-corp-fs02"}},
  {"schema_version":"1.0.0","row_hash":"1ac433d0d512052b24792f13813a125ffcce3bb915c2096c50706646238a8f83","timestamp_utc":"2026-03-13T10:00:38.6940000Z","timestamp_desc":"RunTime","source":"scheduled_task","artifact":"Windows.System.TaskScheduler","collector_kind":"velociraptor","host":"SRV-CORP-FS02","host_id":"4f1c0a9e-0002-4a00-9c31-b0de51000002","user":"EU\\svc-backup","message":"Scheduled task ran: \\Corp\\NightlyShareBackup","target":"\\Corp\\NightlyShareBackup","detections":[],"severity_max":"none","detection_count":0,"provenance":{"raw_file":"raw/Windows.System.TaskScheduler/results.json","raw_row":18,"collection_id":"demo-srv-corp-fs02"},"extra":{"result_code":0,"run_duration_seconds":2421,"task_author":"EU\\bob"}},
  {"schema_version":"1.0.0","row_hash":"30c02c964dbb294c74ad830c1f8fdd019b0a945ccfdac2c96b58d377726cb0b1","timestamp_utc":"2026-03-13T10:03:30.0450000Z","timestamp_desc":"EventTime","timestamp_source_field":"System.TimeCreated.SystemTime","source":"eventlog","artifact":"Windows.EventLogs.Evtx","collector_kind":"native","host":"SRV-CORP-FS02","host_id":"4f1c0a9e-0002-4a00-9c31-b0de51000002","user":"EU\\svc-backup","message":"Network share object accessed: \\\\SRV-CORP-FS02\\Finance by EU\\svc-backup","target":"\\\\SRV-CORP-FS02\\Finance","network":{"src_ip":"10.0.5.42","dst_ip":"10.0.5.20","dst_port":445,"protocol":"tcp","direction":"inbound"},"event":{"channel":"Security","provider":"Microsoft-Windows-Security-Auditing","event_id":5140,"record_id":632336,"level":"Information","computer":"SRV-CORP-FS02.eu.corp.example","logon_type":3},"detections":[],"severity_max":"none","detection_count":0,"provenance":{"raw_file":"raw/Windows.EventLogs.Evtx/results.json","raw_row":172,"collection_id":"demo-srv-corp-fs02"}},
  {"schema_version":"1.0.0","row_hash":"4cd4dee8eb7f38f23037f3dc091eb9ecd5cc947bc1bb6ba52393234fb1134c27","timestamp_utc":"2026-03-13T10:04:10.5110000Z","timestamp_desc":"EventTime","source":"service","artifact":"Windows.EventLogs.Evtx","collector_kind":"native","host":"SRV-CORP-FS02","host_id":"4f1c0a9e-0002-4a00-9c31-b0de51000002","user":"SYSTEM","message":"Service entered the running state: DFS Replication (DFSR)","target":"DFSR","process":{"name":"dfsrs.exe","image_path":"C:\\Windows\\System32\\DFSRs.exe","parent_name":"services.exe"},"event":{"channel":"System","provider":"Service Control Manager","event_id":7036,"record_id":10804,"level":"Information","computer":"SRV-CORP-FS02.eu.corp.example"},"detections":[],"severity_max":"none","detection_count":0,"provenance":{"raw_file":"raw/Windows.EventLogs.Evtx/results.json","raw_row":229,"collection_id":"demo-srv-corp-fs02"}},
  {"schema_version":"1.0.0","row_hash":"32a681a9fde4b512e24701a783c09e15ae1d28f1249d894d314f0d6cfe2469cb","timestamp_utc":"2026-03-13T10:10:23.1920000Z","timestamp_desc":"RunTime","source":"scheduled_task","artifact":"Windows.System.TaskScheduler","collector_kind":"velociraptor","host":"SRV-CORP-FS02","host_id":"4f1c0a9e-0002-4a00-9c31-b0de51000002","user":"EU\\svc-backup","message":"Scheduled task ran: \\Corp\\NightlyShareBackup","target":"\\Corp\\NightlyShareBackup","detections":[],"severity_max":"none","detection_count":0,"provenance":{"raw_file":"raw/Windows.System.TaskScheduler/results.json","raw_row":42,"collection_id":"demo-srv-corp-fs02"},"extra":{"result_code":0,"run_duration_seconds":1012,"task_author":"EU\\bob"}},
  {"schema_version":"1.0.0","row_hash":"3efa966a7d7f7c522d20480d5ccd967e517f5cb4387fe4c530823994f38cd434","timestamp_utc":"2026-03-13T10:16:50.1340000Z","timestamp_desc":"EventTime","timestamp_source_field":"System.TimeCreated.SystemTime","source":"eventlog","artifact":"Windows.EventLogs.Evtx","collector_kind":"native","host":"SRV-CORP-FS02","host_id":"4f1c0a9e-0002-4a00-9c31-b0de51000002","user":"EU\\carol","message":"Network share object accessed: \\\\SRV-CORP-FS02\\Finance by EU\\carol","target":"\\\\SRV-CORP-FS02\\Finance","network":{"src_ip":"10.0.5.42","dst_ip":"10.0.5.20","dst_port":445,"protocol":"tcp","direction":"inbound"},"event":{"channel":"Security","provider":"Microsoft-Windows-Security-Auditing","event_id":5140,"record_id":723037,"level":"Information","computer":"SRV-CORP-FS02.eu.corp.example","logon_type":3},"detections":[],"severity_max":"none","detection_count":0,"provenance":{"raw_file":"raw/Windows.EventLogs.Evtx/results.json","raw_row":108,"collection_id":"demo-srv-corp-fs02"}},
  {"schema_version":"1.0.0","row_hash":"88999d5ec888609e03dd4fe69eba8045a441ad7a6f5d1d2e0fdde604c63312bb","timestamp_utc":"2026-03-13T10:19:32.4510000Z","timestamp_desc":"EventTime","source":"account","artifact":"Windows.EventLogs.Evtx","collector_kind":"native","host":"SRV-CORP-FS02","host_id":"4f1c0a9e-0002-4a00-9c31-b0de51000002","user":"EU\\SRV-CORP-FS02$","message":"Computer account password changed (machine account maintenance)","target":"EU\\SRV-CORP-FS02$","event":{"channel":"Security","provider":"Microsoft-Windows-Security-Auditing","event_id":4742,"record_id":241088,"level":"Information","computer":"SRV-CORP-FS02.eu.corp.example"},"detections":[],"severity_max":"none","detection_count":0,"provenance":{"raw_file":"raw/Windows.EventLogs.Evtx/results.json","raw_row":31,"collection_id":"demo-srv-corp-fs02"}},
  {"schema_version":"1.0.0","row_hash":"2172c39e1b6602c0c6e236e150adf59b45dc16a98be29b370621e66ee098bc4e","timestamp_utc":"2026-03-13T10:24:25.2080000Z","timestamp_desc":"RunTime","source":"scheduled_task","artifact":"Windows.System.TaskScheduler","collector_kind":"velociraptor","host":"SRV-CORP-FS02","host_id":"4f1c0a9e-0002-4a00-9c31-b0de51000002","user":"EU\\svc-backup","message":"Scheduled task ran: \\Corp\\NightlyShareBackup","target":"\\Corp\\NightlyShareBackup","detections":[],"severity_max":"none","detection_count":0,"provenance":{"raw_file":"raw/Windows.System.TaskScheduler/results.json","raw_row":54,"collection_id":"demo-srv-corp-fs02"},"extra":{"result_code":0,"run_duration_seconds":2386,"task_author":"EU\\bob"}},
  {"schema_version":"1.0.0","row_hash":"93b7db4524f13189354f64471831ba41f0ee653c2ed17435e1e55cb56807d18a","timestamp_utc":"2026-03-13T10:41:53.0320000Z","timestamp_desc":"RunTime","source":"scheduled_task","artifact":"Windows.System.TaskScheduler","collector_kind":"velociraptor","host":"SRV-CORP-FS02","host_id":"4f1c0a9e-0002-4a00-9c31-b0de51000002","user":"EU\\svc-backup","message":"Scheduled task ran: \\Corp\\NightlyShareBackup","target":"\\Corp\\NightlyShareBackup","detections":[],"severity_max":"none","detection_count":0,"provenance":{"raw_file":"raw/Windows.System.TaskScheduler/results.json","raw_row":26,"collection_id":"demo-srv-corp-fs02"},"extra":{"result_code":0,"run_duration_seconds":1691,"task_author":"EU\\bob"}},
  {"schema_version":"1.0.0","row_hash":"d68dd52b3fd4a7c0d150f6e05a9eb5b175c86e14037495c7c7bd5747a9de63cf","timestamp_utc":"2026-03-13T10:46:15.5100000Z","timestamp_desc":"EventTime","source":"service","artifact":"Windows.EventLogs.Evtx","collector_kind":"native","host":"SRV-CORP-FS02","host_id":"4f1c0a9e-0002-4a00-9c31-b0de51000002","user":"SYSTEM","message":"Service entered the running state: DFS Replication (DFSR)","target":"DFSR","process":{"name":"dfsrs.exe","image_path":"C:\\Windows\\System32\\DFSRs.exe","parent_name":"services.exe"},"event":{"channel":"System","provider":"Service Control Manager","event_id":7036,"record_id":8142,"level":"Information","computer":"SRV-CORP-FS02.eu.corp.example"},"detections":[],"severity_max":"none","detection_count":0,"provenance":{"raw_file":"raw/Windows.EventLogs.Evtx/results.json","raw_row":165,"collection_id":"demo-srv-corp-fs02"}},
  {"schema_version":"1.0.0","row_hash":"fe17bc45b53d9774e5b74d17649770e5b1289b87c70a251ab68010dec45cd147","timestamp_utc":"2026-03-13T11:05:38.6540000Z","timestamp_desc":"LastWriteTime","source":"registry","artifact":"Windows.Registry.Shares","collector_kind":"velociraptor","host":"SRV-CORP-FS02","host_id":"4f1c0a9e-0002-4a00-9c31-b0de51000002","user":"SYSTEM","message":"Share definition enumerated: Finance","target":"HKLM\\SYSTEM\\CurrentControlSet\\Services\\LanmanServer\\Shares\\Finance","registry":{"key":"HKLM\\SYSTEM\\CurrentControlSet\\Services\\LanmanServer\\Shares\\Finance","value_name":"Finance","value_data":"CSCFlags=0;MaxUses=4294967295;Path=D:\\Finance","value_type":"REG_MULTI_SZ","hive":"SYSTEM"},"detections":[],"severity_max":"none","detection_count":0,"provenance":{"raw_file":"raw/Windows.Registry.Shares/results.json","raw_row":68,"collection_id":"demo-srv-corp-fs02"},"extra":{"max_uses":4294967295,"slot":62}},
  {"schema_version":"1.0.0","row_hash":"dcd1dff7fdca0ac1805db0da31b8ff24e97eb2040d8ab73701592b08d02e816f","timestamp_utc":"2026-03-13T11:16:22.0290000Z","timestamp_desc":"EventTime","timestamp_source_field":"System.TimeCreated.SystemTime","source":"eventlog","artifact":"Windows.EventLogs.Evtx","collector_kind":"native","host":"SRV-CORP-FS02","host_id":"4f1c0a9e-0002-4a00-9c31-b0de51000002","user":"EU\\carol","message":"Network share object accessed: \\\\SRV-CORP-FS02\\Finance by EU\\carol","target":"\\\\SRV-CORP-FS02\\Finance","network":{"src_ip":"10.0.5.15","dst_ip":"10.0.5.20","dst_port":445,"protocol":"tcp","direction":"inbound"},"event":{"channel":"Security","provider":"Microsoft-Windows-Security-Auditing","event_id":5140,"record_id":268365,"level":"Information","computer":"SRV-CORP-FS02.eu.corp.example","logon_type":3},"detections":[],"severity_max":"none","detection_count":0,"provenance":{"raw_file":"raw/Windows.EventLogs.Evtx/results.json","raw_row":44,"collection_id":"demo-srv-corp-fs02"}},
  {"schema_version":"1.0.0","row_hash":"17fcb22af12e546e66beca797a489008de452a11dc4852b977d88f40d50e8370","timestamp_utc":"2026-03-13T11:20:40.0970000Z","timestamp_desc":"EventTime","timestamp_source_field":"System.TimeCreated.SystemTime","source":"eventlog","artifact":"Windows.EventLogs.Evtx","collector_kind":"native","host":"SRV-CORP-FS02","host_id":"4f1c0a9e-0002-4a00-9c31-b0de51000002","user":"EU\\alice","message":"Network share object accessed: \\\\SRV-CORP-FS02\\Finance by EU\\alice","target":"\\\\SRV-CORP-FS02\\Finance","network":{"src_ip":"10.0.5.42","dst_ip":"10.0.5.20","dst_port":445,"protocol":"tcp","direction":"inbound"},"event":{"channel":"Security","provider":"Microsoft-Windows-Security-Auditing","event_id":5140,"record_id":386582,"level":"Information","computer":"SRV-CORP-FS02.eu.corp.example","logon_type":3},"detections":[],"severity_max":"none","detection_count":0,"provenance":{"raw_file":"raw/Windows.EventLogs.Evtx/results.json","raw_row":188,"collection_id":"demo-srv-corp-fs02"}},
  {"schema_version":"1.0.0","row_hash":"561582958c8b0987f41a538f9243201636bcf0729dce440cbc591a8d6e9708ca","timestamp_utc":"2026-03-13T11:21:28.7170000Z","timestamp_desc":"EventTime","source":"service","artifact":"Windows.EventLogs.Evtx","collector_kind":"native","host":"SRV-CORP-FS02","host_id":"4f1c0a9e-0002-4a00-9c31-b0de51000002","user":"SYSTEM","message":"Service entered the running state: DFS Replication (DFSR)","target":"DFSR","process":{"name":"dfsrs.exe","image_path":"C:\\Windows\\System32\\DFSRs.exe","parent_name":"services.exe"},"event":{"channel":"System","provider":"Service Control Manager","event_id":7036,"record_id":6400,"level":"Information","computer":"SRV-CORP-FS02.eu.corp.example"},"detections":[],"severity_max":"none","detection_count":0,"provenance":{"raw_file":"raw/Windows.EventLogs.Evtx/results.json","raw_row":5,"collection_id":"demo-srv-corp-fs02"}},
  {"schema_version":"1.0.0","row_hash":"3e2b8424c49c20c5a6dd1496d66a162e48c30c72dc157cf540c7097838474090","timestamp_utc":"2026-03-13T11:36:57.7160000Z","timestamp_desc":"EventTime","timestamp_source_field":"System.TimeCreated.SystemTime","source":"eventlog","artifact":"Windows.EventLogs.Evtx","collector_kind":"native","host":"SRV-CORP-FS02","host_id":"4f1c0a9e-0002-4a00-9c31-b0de51000002","user":"EU\\carol","message":"Network share object accessed: \\\\SRV-CORP-FS02\\Finance by EU\\carol","target":"\\\\SRV-CORP-FS02\\Finance","network":{"src_ip":"10.0.5.41","dst_ip":"10.0.5.20","dst_port":445,"protocol":"tcp","direction":"inbound"},"event":{"channel":"Security","provider":"Microsoft-Windows-Security-Auditing","event_id":5140,"record_id":379946,"level":"Information","computer":"SRV-CORP-FS02.eu.corp.example","logon_type":3},"detections":[],"severity_max":"none","detection_count":0,"provenance":{"raw_file":"raw/Windows.EventLogs.Evtx/results.json","raw_row":28,"collection_id":"demo-srv-corp-fs02"}},
  {"schema_version":"1.0.0","row_hash":"b74db71afbb0c335f8cf24934ad726859593bc307e19cb6af2c9ffa51be7dcc4","timestamp_utc":"2026-03-13T11:44:07.6770000Z","timestamp_desc":"EventTime","source":"account","artifact":"Windows.EventLogs.Evtx","collector_kind":"native","host":"SRV-CORP-FS02","host_id":"4f1c0a9e-0002-4a00-9c31-b0de51000002","user":"EU\\SRV-CORP-FS02$","message":"Computer account password changed (machine account maintenance)","target":"EU\\SRV-CORP-FS02$","event":{"channel":"Security","provider":"Microsoft-Windows-Security-Auditing","event_id":4742,"record_id":906247,"level":"Information","computer":"SRV-CORP-FS02.eu.corp.example"},"detections":[],"severity_max":"none","detection_count":0,"provenance":{"raw_file":"raw/Windows.EventLogs.Evtx/results.json","raw_row":127,"collection_id":"demo-srv-corp-fs02"}},
  {"schema_version":"1.0.0","row_hash":"e1f703ffac6961be3c7bd3bb661486085ba89637d75e579378efa619ff70b8b1","timestamp_utc":"2026-03-13T11:47:34.0770000Z","timestamp_desc":"LastWriteTime","source":"registry","artifact":"Windows.Registry.Shares","collector_kind":"velociraptor","host":"SRV-CORP-FS02","host_id":"4f1c0a9e-0002-4a00-9c31-b0de51000002","user":"SYSTEM","message":"Share definition enumerated: Finance","target":"HKLM\\SYSTEM\\CurrentControlSet\\Services\\LanmanServer\\Shares\\Finance","registry":{"key":"HKLM\\SYSTEM\\CurrentControlSet\\Services\\LanmanServer\\Shares\\Finance","value_name":"Finance","value_data":"CSCFlags=0;MaxUses=4294967295;Path=D:\\Finance","value_type":"REG_MULTI_SZ","hive":"SYSTEM"},"detections":[],"severity_max":"none","detection_count":0,"provenance":{"raw_file":"raw/Windows.Registry.Shares/results.json","raw_row":56,"collection_id":"demo-srv-corp-fs02"},"extra":{"max_uses":4294967295,"slot":36}},
  {"schema_version":"1.0.0","row_hash":"1b974e5f73755781a309bd2c8104a35b4bb86059ebc881b8f693f2abd60fc4e1","timestamp_utc":"2026-03-13T11:48:48.1220000Z","timestamp_desc":"EventTime","timestamp_source_field":"System.TimeCreated.SystemTime","source":"eventlog","artifact":"Windows.EventLogs.Evtx","collector_kind":"native","host":"SRV-CORP-FS02","host_id":"4f1c0a9e-0002-4a00-9c31-b0de51000002","user":"EU\\carol","message":"Network share object accessed: \\\\SRV-CORP-FS02\\Finance by EU\\carol","target":"\\\\SRV-CORP-FS02\\Finance","network":{"src_ip":"10.0.5.42","dst_ip":"10.0.5.20","dst_port":445,"protocol":"tcp","direction":"inbound"},"event":{"channel":"Security","provider":"Microsoft-Windows-Security-Auditing","event_id":5140,"record_id":697262,"level":"Information","computer":"SRV-CORP-FS02.eu.corp.example","logon_type":3},"detections":[],"severity_max":"none","detection_count":0,"provenance":{"raw_file":"raw/Windows.EventLogs.Evtx/results.json","raw_row":252,"collection_id":"demo-srv-corp-fs02"}},
  {"schema_version":"1.0.0","row_hash":"8f4b4139e211940768d695378543dbd12a487fc2966d81494303f7c3be1a7ab4","timestamp_utc":"2026-03-13T12:15:51.4010000Z","timestamp_desc":"LastWriteTime","source":"registry","artifact":"Windows.Registry.Shares","collector_kind":"velociraptor","host":"SRV-CORP-FS02","host_id":"4f1c0a9e-0002-4a00-9c31-b0de51000002","user":"SYSTEM","message":"Share definition enumerated: Finance","target":"HKLM\\SYSTEM\\CurrentControlSet\\Services\\LanmanServer\\Shares\\Finance","registry":{"key":"HKLM\\SYSTEM\\CurrentControlSet\\Services\\LanmanServer\\Shares\\Finance","value_name":"Finance","value_data":"CSCFlags=0;MaxUses=4294967295;Path=D:\\Finance","value_type":"REG_MULTI_SZ","hive":"SYSTEM"},"detections":[],"severity_max":"none","detection_count":0,"provenance":{"raw_file":"raw/Windows.Registry.Shares/results.json","raw_row":64,"collection_id":"demo-srv-corp-fs02"},"extra":{"max_uses":4294967295,"slot":47}},
  {"schema_version":"1.0.0","row_hash":"619128119affe598702cf019804891f4507a1075cc11e3e7860daa400fb1477f","timestamp_utc":"2026-03-13T12:20:21.4760000Z","timestamp_desc":"EventTime","source":"account","artifact":"Windows.EventLogs.Evtx","collector_kind":"native","host":"SRV-CORP-FS02","host_id":"4f1c0a9e-0002-4a00-9c31-b0de51000002","user":"EU\\SRV-CORP-FS02$","message":"Computer account password changed (machine account maintenance)","target":"EU\\SRV-CORP-FS02$","event":{"channel":"Security","provider":"Microsoft-Windows-Security-Auditing","event_id":4742,"record_id":844888,"level":"Information","computer":"SRV-CORP-FS02.eu.corp.example"},"detections":[],"severity_max":"none","detection_count":0,"provenance":{"raw_file":"raw/Windows.EventLogs.Evtx/results.json","raw_row":111,"collection_id":"demo-srv-corp-fs02"}},
  {"schema_version":"1.0.0","row_hash":"a309acd92b845b9d727d2598ab568d237a9224addbbec6cc1ef12943ed07c10a","timestamp_utc":"2026-03-13T12:32:20.3320000Z","timestamp_desc":"EventTime","source":"service","artifact":"Windows.EventLogs.Evtx","collector_kind":"native","host":"SRV-CORP-FS02","host_id":"4f1c0a9e-0002-4a00-9c31-b0de51000002","user":"SYSTEM","message":"Service entered the running state: DFS Replication (DFSR)","target":"DFSR","process":{"name":"dfsrs.exe","image_path":"C:\\Windows\\System32\\DFSRs.exe","parent_name":"services.exe"},"event":{"channel":"System","provider":"Service Control Manager","event_id":7036,"record_id":5160,"level":"Information","computer":"SRV-CORP-FS02.eu.corp.example"},"detections":[],"severity_max":"none","detection_count":0,"provenance":{"raw_file":"raw/Windows.EventLogs.Evtx/results.json","raw_row":37,"collection_id":"demo-srv-corp-fs02"}},
  {"schema_version":"1.0.0","row_hash":"7279a9fd143f9718e973713bebf15f607b7ca768ffcca83718beb9fb7c08fea3","timestamp_utc":"2026-03-13T13:01:44.1220000Z","timestamp_desc":"RunTime","source":"scheduled_task","artifact":"Windows.System.TaskScheduler","collector_kind":"velociraptor","host":"SRV-CORP-FS02","host_id":"4f1c0a9e-0002-4a00-9c31-b0de51000002","user":"EU\\svc-backup","message":"Scheduled task ran: \\Corp\\NightlyShareBackup","target":"\\Corp\\NightlyShareBackup","detections":[],"severity_max":"none","detection_count":0,"provenance":{"raw_file":"raw/Windows.System.TaskScheduler/results.json","raw_row":50,"collection_id":"demo-srv-corp-fs02"},"extra":{"result_code":0,"run_duration_seconds":2030,"task_author":"EU\\bob"}},
  {"schema_version":"1.0.0","row_hash":"370a6afeea12049a22ba9c09980b0679016841f453f7e0f8a511ba69a97f3ac0","timestamp_utc":"2026-03-13T13:03:32.4510000Z","timestamp_desc":"LastWriteTime","source":"registry","artifact":"Windows.Registry.Shares","collector_kind":"velociraptor","host":"SRV-CORP-FS02","host_id":"4f1c0a9e-0002-4a00-9c31-b0de51000002","user":"SYSTEM","message":"Share definition enumerated: Finance","target":"HKLM\\SYSTEM\\CurrentControlSet\\Services\\LanmanServer\\Shares\\Finance","registry":{"key":"HKLM\\SYSTEM\\CurrentControlSet\\Services\\LanmanServer\\Shares\\Finance","value_name":"Finance","value_data":"CSCFlags=0;MaxUses=4294967295;Path=D:\\Finance","value_type":"REG_MULTI_SZ","hive":"SYSTEM"},"detections":[],"severity_max":"none","detection_count":0,"provenance":{"raw_file":"raw/Windows.Registry.Shares/results.json","raw_row":40,"collection_id":"demo-srv-corp-fs02"},"extra":{"max_uses":4294967295,"slot":50}},
  {"schema_version":"1.0.0","row_hash":"886163c2d6118fe80c2f9d2136c64507179d5ff3fdfa8c0d26f9aa3eeb181bf9","timestamp_utc":"2026-03-13T13:35:19.8650000Z","timestamp_desc":"EventTime","timestamp_source_field":"System.TimeCreated.SystemTime","source":"eventlog","artifact":"Windows.EventLogs.Evtx","collector_kind":"native","host":"SRV-CORP-FS02","host_id":"4f1c0a9e-0002-4a00-9c31-b0de51000002","user":"EU\\alice","message":"Network share object accessed: \\\\SRV-CORP-FS02\\Finance by EU\\alice","target":"\\\\SRV-CORP-FS02\\Finance","network":{"src_ip":"10.0.5.42","dst_ip":"10.0.5.20","dst_port":445,"protocol":"tcp","direction":"inbound"},"event":{"channel":"Security","provider":"Microsoft-Windows-Security-Auditing","event_id":5140,"record_id":512122,"level":"Information","computer":"SRV-CORP-FS02.eu.corp.example","logon_type":3},"detections":[],"severity_max":"none","detection_count":0,"provenance":{"raw_file":"raw/Windows.EventLogs.Evtx/results.json","raw_row":60,"collection_id":"demo-srv-corp-fs02"}},
  {"schema_version":"1.0.0","row_hash":"72985503503f36e07f6687cfc6d3c32a6e1bfbb4b91c7a16f64ce51869d3f693","timestamp_utc":"2026-03-13T13:40:34.0110000Z","timestamp_desc":"LastWriteTime","source":"registry","artifact":"Windows.Registry.Shares","collector_kind":"velociraptor","host":"SRV-CORP-FS02","host_id":"4f1c0a9e-0002-4a00-9c31-b0de51000002","user":"SYSTEM","message":"Share definition enumerated: Finance","target":"HKLM\\SYSTEM\\CurrentControlSet\\Services\\LanmanServer\\Shares\\Finance","registry":{"key":"HKLM\\SYSTEM\\CurrentControlSet\\Services\\LanmanServer\\Shares\\Finance","value_name":"Finance","value_data":"CSCFlags=0;MaxUses=4294967295;Path=D:\\Finance","value_type":"REG_MULTI_SZ","hive":"SYSTEM"},"detections":[],"severity_max":"none","detection_count":0,"provenance":{"raw_file":"raw/Windows.Registry.Shares/results.json","raw_row":52,"collection_id":"demo-srv-corp-fs02"},"extra":{"max_uses":4294967295,"slot":28}},
  {"schema_version":"1.0.0","row_hash":"17be8e4b3b368bca48ba565632ae2b9afce290e90139bffb8d1bbae6d85c9476","timestamp_utc":"2026-03-13T13:50:02.7940000Z","timestamp_desc":"LastWriteTime","source":"registry","artifact":"Windows.Registry.Shares","collector_kind":"velociraptor","host":"SRV-CORP-FS02","host_id":"4f1c0a9e-0002-4a00-9c31-b0de51000002","user":"SYSTEM","message":"Share definition enumerated: Finance","target":"HKLM\\SYSTEM\\CurrentControlSet\\Services\\LanmanServer\\Shares\\Finance","registry":{"key":"HKLM\\SYSTEM\\CurrentControlSet\\Services\\LanmanServer\\Shares\\Finance","value_name":"Finance","value_data":"CSCFlags=0;MaxUses=4294967295;Path=D:\\Finance","value_type":"REG_MULTI_SZ","hive":"SYSTEM"},"detections":[],"severity_max":"none","detection_count":0,"provenance":{"raw_file":"raw/Windows.Registry.Shares/results.json","raw_row":28,"collection_id":"demo-srv-corp-fs02"},"extra":{"max_uses":4294967295,"slot":12}},
  {"schema_version":"1.0.0","row_hash":"2ae6478c5981d3e39483e0447d347abd3cad7f933b4213291bc856a3d2fa8ee9","timestamp_utc":"2026-03-13T14:08:35.5360000Z","timestamp_desc":"EventTime","timestamp_source_field":"System.TimeCreated.SystemTime","source":"eventlog","artifact":"Windows.EventLogs.Evtx","collector_kind":"native","host":"SRV-CORP-FS02","host_id":"4f1c0a9e-0002-4a00-9c31-b0de51000002","user":"EU\\carol","message":"Network share object accessed: \\\\SRV-CORP-FS02\\Finance by EU\\carol","target":"\\\\SRV-CORP-FS02\\Finance","network":{"src_ip":"10.0.5.41","dst_ip":"10.0.5.20","dst_port":445,"protocol":"tcp","direction":"inbound"},"event":{"channel":"Security","provider":"Microsoft-Windows-Security-Auditing","event_id":5140,"record_id":435521,"level":"Information","computer":"SRV-CORP-FS02.eu.corp.example","logon_type":3},"detections":[],"severity_max":"none","detection_count":0,"provenance":{"raw_file":"raw/Windows.EventLogs.Evtx/results.json","raw_row":76,"collection_id":"demo-srv-corp-fs02"}},
  {"schema_version":"1.0.0","row_hash":"c57b4a0e1237d6bab2547177512e9ee3969fa7153b3be8bf722f02063b3aff36","timestamp_utc":"2026-03-13T14:11:11.9960000Z","timestamp_desc":"EventTime","timestamp_source_field":"System.TimeCreated.SystemTime","source":"eventlog","artifact":"Windows.EventLogs.Evtx","collector_kind":"native","host":"SRV-CORP-FS02","host_id":"4f1c0a9e-0002-4a00-9c31-b0de51000002","user":"EU\\bob","message":"Network share object accessed: \\\\SRV-CORP-FS02\\Finance by EU\\bob","target":"\\\\SRV-CORP-FS02\\Finance","network":{"src_ip":"10.0.5.15","dst_ip":"10.0.5.20","dst_port":445,"protocol":"tcp","direction":"inbound"},"event":{"channel":"Security","provider":"Microsoft-Windows-Security-Auditing","event_id":5140,"record_id":975344,"level":"Information","computer":"SRV-CORP-FS02.eu.corp.example","logon_type":3},"detections":[],"severity_max":"none","detection_count":0,"provenance":{"raw_file":"raw/Windows.EventLogs.Evtx/results.json","raw_row":236,"collection_id":"demo-srv-corp-fs02"}},
  {"schema_version":"1.0.0","row_hash":"0d784169fca54ef3db83057a1f8e2c5e8ee90a9d68549a26180844136a2aff15","timestamp_utc":"2026-03-13T14:19:37.5330000Z","timestamp_desc":"RunTime","source":"scheduled_task","artifact":"Windows.System.TaskScheduler","collector_kind":"velociraptor","host":"SRV-CORP-FS02","host_id":"4f1c0a9e-0002-4a00-9c31-b0de51000002","user":"EU\\svc-backup","message":"Scheduled task ran: \\Corp\\NightlyShareBackup","target":"\\Corp\\NightlyShareBackup","detections":[],"severity_max":"none","detection_count":0,"provenance":{"raw_file":"raw/Windows.System.TaskScheduler/results.json","raw_row":62,"collection_id":"demo-srv-corp-fs02"},"extra":{"result_code":0,"run_duration_seconds":2952,"task_author":"EU\\bob"}},
  {"schema_version":"1.0.0","row_hash":"455ec64999a91dd21181f04c62c42d773e13f550c0d9d85bd44783899af532af","timestamp_utc":"2026-03-13T14:20:00.1450000Z","timestamp_desc":"LastWriteTime","source":"registry","artifact":"Windows.Registry.Shares","collector_kind":"velociraptor","host":"SRV-CORP-FS02","host_id":"4f1c0a9e-0002-4a00-9c31-b0de51000002","user":"SYSTEM","message":"Share definition enumerated: Finance","target":"HKLM\\SYSTEM\\CurrentControlSet\\Services\\LanmanServer\\Shares\\Finance","registry":{"key":"HKLM\\SYSTEM\\CurrentControlSet\\Services\\LanmanServer\\Shares\\Finance","value_name":"Finance","value_data":"CSCFlags=0;MaxUses=4294967295;Path=D:\\Finance","value_type":"REG_MULTI_SZ","hive":"SYSTEM"},"detections":[],"severity_max":"none","detection_count":0,"provenance":{"raw_file":"raw/Windows.Registry.Shares/results.json","raw_row":32,"collection_id":"demo-srv-corp-fs02"},"extra":{"max_uses":4294967295,"slot":3}},
  {"schema_version":"1.0.0","row_hash":"30e0537c1e4fbb1fa93e21e3f45b50b045d9e8819c657b2f88eb5de6649ffdfe","timestamp_utc":"2026-03-13T14:22:56.7850000Z","timestamp_desc":"RunTime","source":"scheduled_task","artifact":"Windows.System.TaskScheduler","collector_kind":"velociraptor","host":"SRV-CORP-FS02","host_id":"4f1c0a9e-0002-4a00-9c31-b0de51000002","user":"EU\\svc-backup","message":"Scheduled task ran: \\Corp\\NightlyShareBackup","target":"\\Corp\\NightlyShareBackup","detections":[],"severity_max":"none","detection_count":0,"provenance":{"raw_file":"raw/Windows.System.TaskScheduler/results.json","raw_row":22,"collection_id":"demo-srv-corp-fs02"},"extra":{"result_code":0,"run_duration_seconds":2826,"task_author":"EU\\bob"}},
  {"schema_version":"1.0.0","row_hash":"0a2fb74d832ef0c931372636605abdcfe8d137c23ee6b8db78e37eaed087cb9b","timestamp_utc":"2026-03-13T14:25:04.4700000Z","timestamp_desc":"RunTime","source":"scheduled_task","artifact":"Windows.System.TaskScheduler","collector_kind":"velociraptor","host":"SRV-CORP-FS02","host_id":"4f1c0a9e-0002-4a00-9c31-b0de51000002","user":"EU\\svc-backup","message":"Scheduled task ran: \\Corp\\NightlyShareBackup","target":"\\Corp\\NightlyShareBackup","detections":[],"severity_max":"none","detection_count":0,"provenance":{"raw_file":"raw/Windows.System.TaskScheduler/results.json","raw_row":30,"collection_id":"demo-srv-corp-fs02"},"extra":{"result_code":0,"run_duration_seconds":1776,"task_author":"EU\\bob"}},
  {"schema_version":"1.0.0","row_hash":"4a58672a40c083a46ffbd941309760b1bc0d27c9154246e6bd365dde89d86373","timestamp_utc":"2026-03-13T14:32:33.4700000Z","timestamp_desc":"LastWriteTime","source":"registry","artifact":"Windows.Registry.Shares","collector_kind":"velociraptor","host":"SRV-CORP-FS02","host_id":"4f1c0a9e-0002-4a00-9c31-b0de51000002","user":"SYSTEM","message":"Share definition enumerated: Finance","target":"HKLM\\SYSTEM\\CurrentControlSet\\Services\\LanmanServer\\Shares\\Finance","registry":{"key":"HKLM\\SYSTEM\\CurrentControlSet\\Services\\LanmanServer\\Shares\\Finance","value_name":"Finance","value_data":"CSCFlags=0;MaxUses=4294967295;Path=D:\\Finance","value_type":"REG_MULTI_SZ","hive":"SYSTEM"},"detections":[],"severity_max":"none","detection_count":0,"provenance":{"raw_file":"raw/Windows.Registry.Shares/results.json","raw_row":4,"collection_id":"demo-srv-corp-fs02"},"extra":{"max_uses":4294967295,"slot":36}},
  {"schema_version":"1.0.0","row_hash":"e491a96331b4d1d2acde09f6e1ac3eadac750a149c411780cea9f4d6a9e7aa7b","timestamp_utc":"2026-03-13T14:39:25.2570000Z","timestamp_desc":"EventTime","source":"service","artifact":"Windows.EventLogs.Evtx","collector_kind":"native","host":"SRV-CORP-FS02","host_id":"4f1c0a9e-0002-4a00-9c31-b0de51000002","user":"SYSTEM","message":"Service entered the running state: DFS Replication (DFSR)","target":"DFSR","process":{"name":"dfsrs.exe","image_path":"C:\\Windows\\System32\\DFSRs.exe","parent_name":"services.exe"},"event":{"channel":"System","provider":"Service Control Manager","event_id":7036,"record_id":10741,"level":"Information","computer":"SRV-CORP-FS02.eu.corp.example"},"detections":[],"severity_max":"none","detection_count":0,"provenance":{"raw_file":"raw/Windows.EventLogs.Evtx/results.json","raw_row":53,"collection_id":"demo-srv-corp-fs02"}},
  {"schema_version":"1.0.0","row_hash":"d5b84f8fa395e00f589f01163a8253134b2fbdca7883f4a5ca794f9a0648b8f3","timestamp_utc":"2026-03-13T14:41:09.3290000Z","timestamp_desc":"EventTime","timestamp_source_field":"System.TimeCreated.SystemTime","source":"eventlog","artifact":"Windows.EventLogs.Evtx","collector_kind":"native","host":"SRV-CORP-FS02","host_id":"4f1c0a9e-0002-4a00-9c31-b0de51000002","user":"EU\\carol","message":"Network share object accessed: \\\\SRV-CORP-FS02\\Finance by EU\\carol","target":"\\\\SRV-CORP-FS02\\Finance","network":{"src_ip":"10.0.5.42","dst_ip":"10.0.5.20","dst_port":445,"protocol":"tcp","direction":"inbound"},"event":{"channel":"Security","provider":"Microsoft-Windows-Security-Auditing","event_id":5140,"record_id":293240,"level":"Information","computer":"SRV-CORP-FS02.eu.corp.example","logon_type":3},"detections":[],"severity_max":"none","detection_count":0,"provenance":{"raw_file":"raw/Windows.EventLogs.Evtx/results.json","raw_row":204,"collection_id":"demo-srv-corp-fs02"}},
  {"schema_version":"1.0.0","row_hash":"6aeca639689541e595fe401d8c0903c980d40c3318bf9e5f31e4f59b9dea8fac","timestamp_utc":"2026-03-13T14:41:51.7060000Z","timestamp_desc":"EventTime","source":"service","artifact":"Windows.EventLogs.Evtx","collector_kind":"native","host":"SRV-CORP-FS02","host_id":"4f1c0a9e-0002-4a00-9c31-b0de51000002","user":"SYSTEM","message":"Service entered the running state: DFS Replication (DFSR)","target":"DFSR","process":{"name":"dfsrs.exe","image_path":"C:\\Windows\\System32\\DFSRs.exe","parent_name":"services.exe"},"event":{"channel":"System","provider":"Service Control Manager","event_id":7036,"record_id":7566,"level":"Information","computer":"SRV-CORP-FS02.eu.corp.example"},"detections":[],"severity_max":"none","detection_count":0,"provenance":{"raw_file":"raw/Windows.EventLogs.Evtx/results.json","raw_row":261,"collection_id":"demo-srv-corp-fs02"}},
