  {"schema_version":"1.0.0","row_hash":"008eba553b772bb4f7a2fe302a71f88cea9db3cb4fe5f77f636ae7965449896a","timestamp_utc":"2026-03-09T19:09:45.6730000Z","timestamp_desc":"LastExecuted","source":"execution","artifact":"Windows.Forensics.Prefetch","collector_kind":"velociraptor","host":"DC-CORP-01","host_id":"4f1c0a9e-0003-4a00-9c31-b0de51000003","user":"CORP\\Administrator","message":"REPADMIN.EXE executed (replication health check)","target":"C:\\Windows\\System32\\repadmin.exe","process":{"name":"REPADMIN.EXE","image_path":"C:\\Windows\\System32\\repadmin.exe","command_line":"repadmin /replsummary","parent_name":"cmd.exe","user":"CORP\\Administrator"},"detections":[],"severity_max":"none","detection_count":0,"provenance":{"raw_file":"raw/Windows.Forensics.Prefetch/results.json","raw_row":65,"collection_id":"demo-dc-corp-01"},"extra":{"prefetch_file":"REPADMIN.EXE-1EB7ABEF.pf"}},
  {"schema_version":"1.0.0","row_hash":"b2f0276c6c0b29f04d4e0c8367f42531b04fbf2f82ab89576e2b3da9d98300ed","timestamp_utc":"2026-03-09T19:58:48.8980000Z","timestamp_desc":"EventTime","source":"network","artifact":"Windows.Network.Netstat","collector_kind":"velociraptor","host":"DC-CORP-01","host_id":"4f1c0a9e-0003-4a00-9c31-b0de51000003","user":"SYSTEM","message":"Inter-site AD replication session with DC-EU-01","target":"10.0.5.10:135","network":{"src_ip":"10.0.10.10","src_port":58226,"dst_ip":"10.0.5.10","dst_port":135,"protocol":"tcp","direction":"outbound","state":"ESTABLISHED"},"detections":[],"severity_max":"none","detection_count":0,"provenance":{"raw_file":"raw/Windows.Network.Netstat/results.json","raw_row":62,"collection_id":"demo-dc-corp-01"},"extra":{"naming_context":"DC=eu,DC=corp,DC=example","replication_partner":"DC-EU-01"}},
  {"schema_version":"1.0.0","row_hash":"596e8853939458cc29001d1e51051348ce7274e3705e9fd9c96e4407dee5537e","timestamp_utc":"2026-03-09T19:59:15.8680000Z","timestamp_desc":"EventTime","source":"network","artifact":"Windows.Network.Netstat","collector_kind":"velociraptor","host":"DC-CORP-01","host_id":"4f1c0a9e-0003-4a00-9c31-b0de51000003","user":"SYSTEM","message":"Inter-site AD replication session with DC-EU-01","target":"10.0.5.10:135","network":{"src_ip":"10.0.10.10","src_port":57070,"dst_ip":"10.0.5.10","dst_port":135,"protocol":"tcp","direction":"outbound","state":"ESTABLISHED"},"detections":[],"severity_max":"none","detection_count":0,"provenance":{"raw_file":"raw/Windows.Network.Netstat/results.json","raw_row":58,"collection_id":"demo-dc-corp-01"},"extra":{"naming_context":"DC=eu,DC=corp,DC=example","replication_partner":"DC-EU-01"}},
  {"schema_version":"1.0.0","row_hash":"5702f6bc865419a4780d7fe2d841c642ec408e0bd7b9a54068b5ee55d8115247","timestamp_utc":"2026-03-09T21:30:15.4900000Z","timestamp_desc":"EventTime","source":"network","artifact":"Windows.Network.Netstat","collector_kind":"velociraptor","host":"DC-CORP-01","host_id":"4f1c0a9e-0003-4a00-9c31-b0de51000003","user":"SYSTEM","message":"Inter-site AD replication session with DC-EU-01","target":"10.0.5.10:135","network":{"src_ip":"10.0.10.10","src_port":59624,"dst_ip":"10.0.5.10","dst_port":135,"protocol":"tcp","direction":"outbound","state":"ESTABLISHED"},"detections":[],"severity_max":"none","detection_count":0,"provenance":{"raw_file":"raw/Windows.Network.Netstat/results.json","raw_row":2,"collection_id":"demo-dc-corp-01"},"extra":{"naming_context":"DC=eu,DC=corp,DC=example","replication_partner":"DC-EU-01"}},
  {"schema_version":"1.0.0","row_hash":"5c1652524562463f6c074e969e18d43d332fdc49a7d4ace23bffee354edb7158","timestamp_utc":"2026-03-09T21:50:38.1520000Z","timestamp_desc":"LastExecuted","source":"execution","artifact":"Windows.Forensics.Prefetch","collector_kind":"velociraptor","host":"DC-CORP-01","host_id":"4f1c0a9e-0003-4a00-9c31-b0de51000003","user":"CORP\\Administrator","message":"REPADMIN.EXE executed (replication health check)","target":"C:\\Windows\\System32\\repadmin.exe","process":{"name":"REPADMIN.EXE","image_path":"C:\\Windows\\System32\\repadmin.exe","command_line":"repadmin /replsummary","parent_name":"cmd.exe","user":"CORP\\Administrator"},"detections":[],"severity_max":"none","detection_count":0,"provenance":{"raw_file":"raw/Windows.Forensics.Prefetch/results.json","raw_row":45,"collection_id":"demo-dc-corp-01"},"extra":{"prefetch_file":"REPADMIN.EXE-16862B2D.pf"}},
  {"schema_version":"1.0.0","row_hash":"2cbc4bdd8f0ee7442c50e972d1fe39574ef425155dc81eba59ae366b269a8e94","timestamp_utc":"2026-03-09T21:56:02.1710000Z","timestamp_desc":"EventTime","source":"network","artifact":"Windows.Network.Netstat","collector_kind":"velociraptor","host":"DC-CORP-01","host_id":"4f1c0a9e-0003-4a00-9c31-b0de51000003","user":"SYSTEM","message":"Inter-site AD replication session with DC-EU-01","target":"10.0.5.10:135","network":{"src_ip":"10.0.10.10","src_port":53168,"dst_ip":"10.0.5.10","dst_port":135,"protocol":"tcp","direction":"outbound","state":"ESTABLISHED"},"detections":[],"severity_max":"none","detection_count":0,"provenance":{"raw_file":"raw/Windows.Network.Netstat/results.json","raw_row":10,"collection_id":"demo-dc-corp-01"},"extra":{"naming_context":"DC=eu,DC=corp,DC=example","replication_partner":"DC-EU-01"}},
  {"schema_version":"1.0.0","row_hash":"744c67fed73e829b97d71db3e2edce8556eefb22fb98d145f95510dbfbfb7efa","timestamp_utc":"2026-03-09T22:02:26.6570000Z","timestamp_desc":"EventTime","timestamp_source_field":"System.TimeCreated.SystemTime","source":"eventlog","artifact":"Windows.EventLogs.Evtx","collector_kind":"native","host":"DC-CORP-01","host_id":"4f1c0a9e-0003-4a00-9c31-b0de51000003","user":"EU\\svc-backup","message":"Kerberos authentication ticket (TGT) was requested for EU\\svc-backup","target":"EU\\svc-backup","network":{"src_ip":"10.0.5.20","dst_ip":"10.0.10.10","dst_port":88,"protocol":"tcp","direction":"inbound"},"event":{"channel":"Security","provider":"Microsoft-Windows-Security-Auditing","event_id":4768,"record_id":1272808,"level":"Information","computer":"DC-CORP-01.corp.example"},"detections":[],"severity_max":"none","detection_count":0,"provenance":{"raw_file":"raw/Windows.EventLogs.Evtx/results.json","raw_row":106,"collection_id":"demo-dc-corp-01"},"extra":{"encryption_type":"0x12 (AES256-CTS-HMAC-SHA1-96)","ticket_options":"0x40810010"}},
  {"schema_version":"1.0.0","row_hash":"2e2fb733a544e603058e7636488a5924ae30fd925ae01471484787e837c5f597","timestamp_utc":"2026-03-09T22:20:48.4810000Z","timestamp_desc":"EventTime","timestamp_source_field":"System.TimeCreated.SystemTime","source":"eventlog","artifact":"Windows.EventLogs.Evtx","collector_kind":"native","host":"DC-CORP-01","host_id":"4f1c0a9e-0003-4a00-9c31-b0de51000003","user":"EU\\svc-backup","message":"Kerberos authentication ticket (TGT) was requested for EU\\svc-backup","target":"EU\\svc-backup","network":{"src_ip":"10.0.5.42","dst_ip":"10.0.10.10","dst_port":88,"protocol":"tcp","direction":"inbound"},"event":{"channel":"Security","provider":"Microsoft-Windows-Security-Auditing","event_id":4768,"record_id":429483,"level":"Information","computer":"DC-CORP-01.corp.example"},"detections":[],"severity_max":"none","detection_count":0,"provenance":{"raw_file":"raw/Windows.EventLogs.Evtx/results.json","raw_row":206,"collection_id":"demo-dc-corp-01"},"extra":{"encryption_type":"0x12 (AES256-CTS-HMAC-SHA1-96)","ticket_options":"0x40810010"}},
  {"schema_version":"1.0.0","row_hash":"d3e786ac5e0c789406a11a448e6ecf18090e94083d75673944cf78f8541ba0bb","timestamp_utc":"2026-03-10T02:14:10.0000000Z","timestamp_desc":"EventTime","source":"eventlog","artifact":"Windows.EventLogs.Evtx","collector_kind":"native","host":"DC-CORP-01","host_id":"4f1c0a9e-0003-4a00-9c31-b0de51000003","user":"EU\\alice","message":"Bulk directory-service access from WKS-CORP-01: 4,118 object reads in 90 seconds","target":"CN=Users,DC=eu,DC=corp,DC=example","network":{"src_ip":"10.0.5.41","dst_ip":"10.0.10.10","dst_port":389,"protocol":"tcp","direction":"inbound"},"event":{"channel":"Security","provider":"Microsoft-Windows-Security-Auditing","event_id":4662,"record_id":4410221,"level":"Information","computer":"DC-CORP-01.corp.example","logon_id":"0x5a1f04"},"detections":[{"engine":"sigma","rule_id":"demo-sigma-0013","rule_name":"Bulk LDAP Directory Enumeration From A Workstation","severity":"medium","rule_author":"IRTriage demo rule pack","rule_description":"A single workstation read thousands of directory objects in a short window.","rule_source":"sigma:demo-pack","mitre_techniques":["T1087.002","T1018"],"false_positives":["Identity-governance scanners","Vulnerability management discovery"]}],"severity_max":"medium","detection_count":1,"provenance":{"raw_file":"raw/Windows.EventLogs.Evtx/results.json","raw_row":351,"collection_id":"demo-dc-corp-01"},"extra":{"access_mask":"0x100","object_count":4118,"object_type":"organizationalUnit","window_seconds":90}},
  {"schema_version":"1.0.0","row_hash":"6803206e2de5995d2695cf6b294d74a137671028232e9b93e6feab7aaa412c8f","timestamp_utc":"2026-03-10T02:48:12.0000000Z","timestamp_desc":"EventTime","source":"eventlog","artifact":"Windows.EventLogs.Evtx","collector_kind":"native","host":"DC-CORP-01","host_id":"4f1c0a9e-0003-4a00-9c31-b0de51000003","user":"EU\\alice","message":"Kerberos service ticket requested with RC4 encryption for SPN MSSQLSvc/srv-corp-fs02.eu.corp.example:1433","target":"EU\\svc-backup","network":{"src_ip":"10.0.5.41","dst_ip":"10.0.10.10","dst_port":88,"protocol":"tcp","direction":"inbound"},"event":{"channel":"Security","provider":"Microsoft-Windows-Security-Auditing","event_id":4769,"record_id":4411880,"level":"Information","computer":"DC-CORP-01.corp.example","logon_id":"0x5a1f04"},"detections":[{"engine":"sigma","rule_id":"demo-sigma-0016","rule_name":"Kerberoasting: RC4 Service Ticket Requested For A Service Account","severity":"high","rule_author":"IRTriage demo rule pack","rule_description":"A service ticket was requested with the legacy RC4 encryption type from a workstation, the signature of offline SPN cracking.","rule_source":"sigma:demo-pack","mitre_techniques":["T1558.003"],"false_positives":["Legacy applications pinned to RC4"]}],"severity_max":"high","detection_count":1,"provenance":{"raw_file":"raw/Windows.EventLogs.Evtx/results.json","raw_row":352,"collection_id":"demo-dc-corp-01"},"extra":{"encryption_type":"0x17 (RC4-HMAC)","service_name":"EU\\svc-backup","service_spn":"MSSQLSvc/srv-corp-fs02.eu.corp.example:1433","ticket_options":"0x40810000"}},
  {"schema_version":"1.0.0","row_hash":"c84ab18c2dee3db4b3cc5c541a41de33627965a00c066e30cb637b03a34e0959","timestamp_utc":"2026-03-10T02:52:31.0000000Z","timestamp_desc":"EventTime","source":"eventlog","artifact":"Windows.EventLogs.Evtx","collector_kind":"native","host":"DC-CORP-01","host_id":"4f1c0a9e-0003-4a00-9c31-b0de51000003","user":"EU\\alice","message":"Second RC4 service ticket requested for SPN cifs/srv-corp-fs02.eu.corp.example","target":"EU\\svc-backup","event":{"channel":"Security","provider":"Microsoft-Windows-Security-Auditing","event_id":4769,"record_id":4411903,"level":"Information","computer":"DC-CORP-01.corp.example","logon_id":"0x5a1f04"},"detections":[{"engine":"sigma","rule_id":"demo-sigma-0017","rule_name":"Repeated RC4 Service Ticket Requests From One Source","severity":"high","rule_author":"IRTriage demo rule pack","rule_description":"Multiple RC4 TGS requests for different SPNs from a single host within minutes.","rule_source":"sigma:demo-pack","mitre_techniques":["T1558.003"]}],"severity_max":"high","detection_count":1,"provenance":{"raw_file":"raw/Windows.EventLogs.Evtx/results.json","raw_row":353,"collection_id":"demo-dc-corp-01"},"extra":{"encryption_type":"0x17 (RC4-HMAC)","service_name":"EU\\svc-backup","service_spn":"cifs/srv-corp-fs02.eu.corp.example"}},
  {"schema_version":"1.0.0","row_hash":"ac61966873c992bf507b26910d521bec4e126b7e44c0e1635dfbeeae32bb3d1f","timestamp_utc":"2026-03-10T03:32:19.0280000Z","timestamp_desc":"EventTime","source":"service","artifact":"Windows.EventLogs.Evtx","collector_kind":"native","host":"DC-CORP-01","host_id":"4f1c0a9e-0003-4a00-9c31-b0de51000003","user":"SYSTEM","message":"Service entered the running state: Active Directory Domain Services (NTDS)","target":"NTDS","process":{"name":"services.exe","image_path":"C:\\Windows\\System32\\services.exe"},"event":{"channel":"System","provider":"Service Control Manager","event_id":7036,"record_id":6399,"level":"Information","computer":"DC-CORP-01.corp.example"},"detections":[],"severity_max":"none","detection_count":0,"provenance":{"raw_file":"raw/Windows.EventLogs.Evtx/results.json","raw_row":35,"collection_id":"demo-dc-corp-01"}},
  {"schema_version":"1.0.0","row_hash":"bbeba97723fd30ba6a82853d593b27fa65c1bbe978c3647ce5a28dc166ebc7fa","timestamp_utc":"2026-03-10T03:57:12.3150000Z","timestamp_desc":"EventTime","source":"system_info","artifact":"Windows.System.TrustRelationships","collector_kind":"velociraptor","host":"DC-CORP-01","host_id":"4f1c0a9e-0003-4a00-9c31-b0de51000003","user":"SYSTEM","message":"Forest trust enumerated: eu.corp.example -> corp.example (parent/child, transitive)","target":"eu.corp.example","detections":[],"severity_max":"none","detection_count":0,"provenance":{"raw_file":"raw/Windows.System.TrustRelationships/results.json","raw_row":57,"collection_id":"demo-dc-corp-01"},"extra":{"probe":7,"trust_attributes":"WITHIN_FOREST","trust_direction":"Bidirectional","trust_type":"Uplevel","validated":true}},
  {"schema_version":"1.0.0","row_hash":"584b764e0e47950adaa9646ac5c0829fe880d28142f5ec6cce89285d03693353","timestamp_utc":"2026-03-10T03:57:43.9400000Z","timestamp_desc":"EventTime","source":"system_info","artifact":"Windows.System.TrustRelationships","collector_kind":"velociraptor","host":"DC-CORP-01","host_id":"4f1c0a9e-0003-4a00-9c31-b0de51000003","user":"SYSTEM","message":"Forest trust enumerated: eu.corp.example -> corp.example (parent/child, transitive)","target":"eu.corp.example","detections":[],"severity_max":"none","detection_count":0,"provenance":{"raw_file":"raw/Windows.System.TrustRelationships/results.json","raw_row":13,"collection_id":"demo-dc-corp-01"},"extra":{"probe":7,"trust_attributes":"WITHIN_FOREST","trust_direction":"Bidirectional","trust_type":"Uplevel","validated":true}},
  {"schema_version":"1.0.0","row_hash":"82c5fc36c7d4b0a467975c2fa4e0f75aca88194ae8ee0eb75b054166f0001a20","timestamp_utc":"2026-03-10T04:56:46.1400000Z","timestamp_desc":"Modified","source":"filesystem","artifact":"Windows.NTFS.MFT","collector_kind":"velociraptor","host":"DC-CORP-01","host_id":"4f1c0a9e-0003-4a00-9c31-b0de51000003","user":"SYSTEM","message":"Group Policy template modified: Default Domain Policy","target":"C:\\Windows\\SYSVOL\\sysvol\\corp.example\\Policies\\{31B2F340-016D-11D2-945F-00C04FB984F9}\\GPT.INI","file":{"path":"C:\\Windows\\SYSVOL\\sysvol\\corp.example\\Policies\\{31B2F340-016D-11D2-945F-00C04FB984F9}\\GPT.INI","name":"GPT.INI","extension":"INI","size_bytes":63,"mft_entry":71127,"is_allocated":true},"detections":[],"severity_max":"none","detection_count":0,"provenance":{"raw_file":"raw/Windows.NTFS.MFT/results.json","raw_row":60,"collection_id":"demo-dc-corp-01"}},
  {"schema_version":"1.0.0","row_hash":"c2d0f606e70562c423aa2a78a3693ff1396810a1ba9796618eb799dbc2416b7a","timestamp_utc":"2026-03-10T05:04:13.8520000Z","timestamp_desc":"EventTime","source":"service","artifact":"Windows.EventLogs.Evtx","collector_kind":"native","host":"DC-CORP-01","host_id":"4f1c0a9e-0003-4a00-9c31-b0de51000003","user":"SYSTEM","message":"Service entered the running state: Active Directory Domain Services (NTDS)","target":"NTDS","process":{"name":"services.exe","image_path":"C:\\Windows\\System32\\services.exe"},"event":{"channel":"System","provider":"Service Control Manager","event_id":7036,"record_id":8331,"level":"Information","computer":"DC-CORP-01.corp.example"},"detections":[],"severity_max":"none","detection_count":0,"provenance":{"raw_file":"raw/Windows.EventLogs.Evtx/results.json","raw_row":235,"collection_id":"demo-dc-corp-01"}},
  {"schema_version":"1.0.0","row_hash":"9a2c636ab779cf6b86228365355d4d00c77013f1286406cc84984863ab5399a3","timestamp_utc":"2026-03-10T06:14:49.1110000Z","timestamp_desc":"EventTime","source":"system_info","artifact":"Windows.System.TrustRelationships","collector_kind":"velociraptor","host":"DC-CORP-01","host_id":"4f1c0a9e-0003-4a00-9c31-b0de51000003","user":"SYSTEM","message":"Forest trust enumerated: eu.corp.example -> corp.example (parent/child, transitive)","target":"eu.corp.example","detections":[],"severity_max":"none","detection_count":0,"provenance":{"raw_file":"raw/Windows.System.TrustRelationships/results.json","raw_row":61,"collection_id":"demo-dc-corp-01"},"extra":{"probe":6,"trust_attributes":"WITHIN_FOREST","trust_direction":"Bidirectional","trust_type":"Uplevel","validated":true}},
  {"schema_version":"1.0.0","row_hash":"cba982bc08c8a47262d453806f90406c5389df0408174cd1e3d630096fee637a","timestamp_utc":"2026-03-10T07:20:21.4970000Z","timestamp_desc":"EventTime","source":"log","artifact":"Windows.EventLogs.Evtx","collector_kind":"native","host":"DC-CORP-01","host_id":"4f1c0a9e-0003-4a00-9c31-b0de51000003","user":"SYSTEM","message":"DNS zone transfer completed for eu.corp.example","target":"Microsoft-Windows-DNS-Server/Audit","process":{"name":"dns.exe","image_path":"C:\\Windows\\System32\\dns.exe","parent_name":"services.exe"},"event":{"channel":"DNS Server","provider":"Microsoft-Windows-DNS-Server-Service","event_id":6522,"record_id":4573,"level":"Information","computer":"DC-CORP-01.corp.example"},"detections":[],"severity_max":"none","detection_count":0,"provenance":{"raw_file":"raw/Windows.EventLogs.Evtx/results.json","raw_row":144,"collection_id":"demo-dc-corp-01"}},
  {"schema_version":"1.0.0","row_hash":"93c9a360182f31c4ddfe1b952bfe052e7f82b978d58fc5f0cb8006c1d66509ea","timestamp_utc":"2026-03-10T07:22:07.0650000Z","timestamp_desc":"Modified","source":"filesystem","artifact":"Windows.NTFS.MFT","collector_kind":"velociraptor","host":"DC-CORP-01","host_id":"4f1c0a9e-0003-4a00-9c31-b0de51000003","user":"SYSTEM","message":"Group Policy template modified: Default Domain Policy","target":"C:\\Windows\\SYSVOL\\sysvol\\corp.example\\Policies\\{31B2F340-016D-11D2-945F-00C04FB984F9}\\GPT.INI","file":{"path":"C:\\Windows\\SYSVOL\\sysvol\\corp.example\\Policies\\{31B2F340-016D-11D2-945F-00C04FB984F9}\\GPT.INI","name":"GPT.INI","extension":"INI","size_bytes":69,"mft_entry":74118,"is_allocated":true},"detections":[],"severity_max":"none","detection_count":0,"provenance":{"raw_file":"raw/Windows.NTFS.MFT/results.json","raw_row":48,"collection_id":"demo-dc-corp-01"}},
  {"schema_version":"1.0.0","row_hash":"93ab61e5b22785bce7764261b9dd12648537129c63e63770cc0bbe17012a74ca","timestamp_utc":"2026-03-10T07:34:18.1750000Z","timestamp_desc":"EventTime","source":"eventlog","artifact":"Windows.EventLogs.Evtx","collector_kind":"native","host":"DC-CORP-01","host_id":"4f1c0a9e-0003-4a00-9c31-b0de51000003","user":"EU\\svc-backup","message":"Kerberos service ticket was requested: host/SRV-CORP-FS02.eu.corp.example","target":"EU\\svc-backup","event":{"channel":"Security","provider":"Microsoft-Windows-Security-Auditing","event_id":4769,"record_id":848568,"level":"Information","computer":"DC-CORP-01.corp.example"},"detections":[],"severity_max":"none","detection_count":0,"provenance":{"raw_file":"raw/Windows.EventLogs.Evtx/results.json","raw_row":287,"collection_id":"demo-dc-corp-01"},"extra":{"encryption_type":"0x12 (AES256-CTS-HMAC-SHA1-96)","failure_code":"0x0"}},
  {"schema_version":"1.0.0","row_hash":"d5e5110dad14dc22d59b6a6500633b925f687f9f78323bb0796ce8f6c0fede44","timestamp_utc":"2026-03-10T07:59:28.4780000Z","timestamp_desc":"EventTime","source":"eventlog","artifact":"Windows.EventLogs.Evtx","collector_kind":"native","host":"DC-CORP-01","host_id":"4f1c0a9e-0003-4a00-9c31-b0de51000003","user":"EU\\bob","message":"Kerberos service ticket was requested: cifs/SRV-CORP-FS02.eu.corp.example","target":"EU\\bob","event":{"channel":"Security","provider":"Microsoft-Windows-Security-Auditing","event_id":4769,"record_id":1298214,"level":"Information","computer":"DC-CORP-01.corp.example"},"detections":[],"severity_max":"none","detection_count":0,"provenance":{"raw_file":"raw/Windows.EventLogs.Evtx/results.json","raw_row":187,"collection_id":"demo-dc-corp-01"},"extra":{"encryption_type":"0x12 (AES256-CTS-HMAC-SHA1-96)","failure_code":"0x0"}},
  {"schema_version":"1.0.0","row_hash":"b674416f44827327e361ed0fc94ad3e38708771bdc7f3e3c9426beac3866f764","timestamp_utc":"2026-03-10T08:20:34.4540000Z","timestamp_desc":"EventTime","source":"log","artifact":"Windows.EventLogs.Evtx","collector_kind":"native","host":"DC-CORP-01","host_id":"4f1c0a9e-0003-4a00-9c31-b0de51000003","user":"SYSTEM","message":"DNS zone transfer completed for eu.corp.example","target":"Microsoft-Windows-DNS-Server/Audit","process":{"name":"dns.exe","image_path":"C:\\Windows\\System32\\dns.exe","parent_name":"services.exe"},"event":{"channel":"DNS Server","provider":"Microsoft-Windows-DNS-Server-Service","event_id":6522,"record_id":6863,"level":"Information","computer":"DC-CORP-01.corp.example"},"detections":[],"severity_max":"none","detection_count":0,"provenance":{"raw_file":"raw/Windows.EventLogs.Evtx/results.json","raw_row":224,"collection_id":"demo-dc-corp-01"}},
  {"schema_version":"1.0.0","row_hash":"77d1755afa7571eae2b6817c9300d00f12ef6eb0d539e2523b53fba1bdcac4e4","timestamp_utc":"2026-03-10T08:27:24.2010000Z","timestamp_desc":"EventTime","source":"log","artifact":"Windows.EventLogs.Evtx","collector_kind":"native","host":"DC-CORP-01","host_id":"4f1c0a9e-0003-4a00-9c31-b0de51000003","user":"SYSTEM","message":"DNS zone transfer completed for eu.corp.example","target":"Microsoft-Windows-DNS-Server/Audit","process":{"name":"dns.exe","image_path":"C:\\Windows\\System32\\dns.exe","parent_name":"services.exe"},"event":{"channel":"DNS Server","provider":"Microsoft-Windows-DNS-Server-Service","event_id":6522,"record_id":9048,"level":"Information","computer":"DC-CORP-01.corp.example"},"detections":[],"severity_max":"none","detection_count":0,"provenance":{"raw_file":"raw/Windows.EventLogs.Evtx/results.json","raw_row":244,"collection_id":"demo-dc-corp-01"}},
  {"schema_version":"1.0.0","row_hash":"bdefcde186fa8a761bff93fb9e4a23c5a11ea2aaf1d09a6df9b366d20f2a2472","timestamp_utc":"2026-03-10T08:32:54.8300000Z","timestamp_desc":"EventTime","source":"service","artifact":"Windows.EventLogs.Evtx","collector_kind":"native","host":"DC-CORP-01","host_id":"4f1c0a9e-0003-4a00-9c31-b0de51000003","user":"SYSTEM","message":"Service entered the running state: Active Directory Domain Services (NTDS)","target":"NTDS","process":{"name":"services.exe","image_path":"C:\\Windows\\System32\\services.exe"},"event":{"channel":"System","provider":"Service Control Manager","event_id":7036,"record_id":8114,"level":"Information","computer":"DC-CORP-01.corp.example"},"detections":[],"severity_max":"none","detection_count":0,"provenance":{"raw_file":"raw/Windows.EventLogs.Evtx/results.json","raw_row":315,"collection_id":"demo-dc-corp-01"}},
  {"schema_version":"1.0.0","row_hash":"47ebc0fe02420b33fa9e1a96dbbe851594a7551be8d5470eaecf6e563ba47dcc","timestamp_utc":"2026-03-10T08:45:36.2430000Z","timestamp_desc":"EventTime","source":"log","artifact":"Windows.EventLogs.Evtx","collector_kind":"native","host":"DC-CORP-01","host_id":"4f1c0a9e-0003-4a00-9c31-b0de51000003","user":"SYSTEM","message":"DNS zone transfer completed for corp.example","target":"Microsoft-Windows-DNS-Server/Audit","process":{"name":"dns.exe","image_path":"C:\\Windows\\System32\\dns.exe","parent_name":"services.exe"},"event":{"channel":"DNS Server","provider":"Microsoft-Windows-DNS-Server-Service","event_id":6522,"record_id":1475,"level":"Information","computer":"DC-CORP-01.corp.example"},"detections":[],"severity_max":"none","detection_count":0,"provenance":{"raw_file":"raw/Windows.EventLogs.Evtx/results.json","raw_row":264,"collection_id":"demo-dc-corp-01"}},
  {"schema_version":"1.0.0","row_hash":"29d46a2cbc000617571968a2dd77901033cf484b476f1478e28c1dd8c6157c33","timestamp_utc":"2026-03-10T09:00:48.0380000Z","timestamp_desc":"EventTime","source":"log","artifact":"Windows.EventLogs.Evtx","collector_kind":"native","host":"DC-CORP-01","host_id":"4f1c0a9e-0003-4a00-9c31-b0de51000003","user":"SYSTEM","message":"DNS zone transfer completed for eu.corp.example","target":"Microsoft-Windows-DNS-Server/Audit","process":{"name":"dns.exe","image_path":"C:\\Windows\\System32\\dns.exe","parent_name":"services.exe"},"event":{"channel":"DNS Server","provider":"Microsoft-Windows-DNS-Server-Service","event_id":6522,"record_id":3174,"level":"Information","computer":"DC-CORP-01.corp.example"},"detections":[],"severity_max":"none","detection_count":0,"provenance":{"raw_file":"raw/Windows.EventLogs.Evtx/results.json","raw_row":124,"collection_id":"demo-dc-corp-01"}},
  {"schema_version":"1.0.0","row_hash":"46c4f49d726e6753956c73010476afc77cbf99817db67cfe9c4740f8c6079018","timestamp_utc":"2026-03-10T09:04:01.0940000Z","timestamp_desc":"Modified","source":"filesystem","artifact":"Windows.NTFS.MFT","collector_kind":"velociraptor","host":"DC-CORP-01","host_id":"4f1c0a9e-0003-4a00-9c31-b0de51000003","user":"SYSTEM","message":"Group Policy template modified: Default Domain Policy","target":"C:\\Windows\\SYSVOL\\sysvol\\corp.example\\Policies\\{31B2F340-016D-11D2-945F-00C04FB984F9}\\GPT.INI","file":{"path":"C:\\Windows\\SYSVOL\\sysvol\\corp.example\\Policies\\{31B2F340-016D-11D2-945F-00C04FB984F9}\\GPT.INI","name":"GPT.INI","extension":"INI","size_bytes":72,"mft_entry":70471,"is_allocated":true},"detections":[],"severity_max":"none","detection_count":0,"provenance":{"raw_file":"raw/Windows.NTFS.MFT/results.json","raw_row":8,"collection_id":"demo-dc-corp-01"}},
  {"schema_version":"1.0.0","row_hash":"563933b55594a6fe7edc0cd0a0722a2fa955c71d812fc580f16107eff0957bf1","timestamp_utc":"2026-03-10T09:09:35.9520000Z","timestamp_desc":"Modified","source":"filesystem","artifact":"Windows.NTFS.MFT","collector_kind":"velociraptor","host":"DC-CORP-01","host_id":"4f1c0a9e-0003-4a00-9c31-b0de51000003","user":"SYSTEM","message":"Group Policy template modified: Default Domain Policy","target":"C:\\Windows\\SYSVOL\\sysvol\\corp.example\\Policies\\{31B2F340-016D-11D2-945F-00C04FB984F9}\\GPT.INI","file":{"path":"C:\\Windows\\SYSVOL\\sysvol\\corp.example\\Policies\\{31B2F340-016D-11D2-945F-00C04FB984F9}\\GPT.INI","name":"GPT.INI","extension":"INI","size_bytes":95,"mft_entry":78212,"is_allocated":true},"detections":[],"severity_max":"none","detection_count":0,"provenance":{"raw_file":"raw/Windows.NTFS.MFT/results.json","raw_row":36,"collection_id":"demo-dc-corp-01"}},
  {"schema_version":"1.0.0","row_hash":"0d12bc631dd0d4e147c4ff81c413f3da7c5bcab4f52e1790fae2f60cba333b4e","timestamp_utc":"2026-03-10T09:14:08.6090000Z","timestamp_desc":"EventTime","source":"service","artifact":"Windows.EventLogs.Evtx","collector_kind":"native","host":"DC-CORP-01","host_id":"4f1c0a9e-0003-4a00-9c31-b0de51000003","user":"SYSTEM","message":"Service entered the running state: Active Directory Domain Services (NTDS)","target":"NTDS","process":{"name":"services.exe","image_path":"C:\\Windows\\System32\\services.exe"},"event":{"channel":"System","provider":"Service Control Manager","event_id":7036,"record_id":11403,"level":"Information","computer":"DC-CORP-01.corp.example"},"detections":[],"severity_max":"none","detection_count":0,"provenance":{"raw_file":"raw/Windows.EventLogs.Evtx/results.json","raw_row":135,"collection_id":"demo-dc-corp-01"}},
  {"schema_version":"1.0.0","row_hash":"65264c5f240c6d74d5847b2ed172b6e56303d6fbfcfc58ed0961f7d05a1a7a8e","timestamp_utc":"2026-03-10T09:27:08.2210000Z","timestamp_desc":"EventTime","source":"log","artifact":"Windows.EventLogs.Evtx","collector_kind":"native","host":"DC-CORP-01","host_id":"4f1c0a9e-0003-4a00-9c31-b0de51000003","user":"SYSTEM","message":"DNS zone transfer completed for eu.corp.example","target":"Microsoft-Windows-DNS-Server/Audit","process":{"name":"dns.exe","image_path":"C:\\Windows\\System32\\dns.exe","parent_name":"services.exe"},"event":{"channel":"DNS Server","provider":"Microsoft-Windows-DNS-Server-Service","event_id":6522,"record_id":3893,"level":"Information","computer":"DC-CORP-01.corp.example"},"detections":[],"severity_max":"none","detection_count":0,"provenance":{"raw_file":"raw/Windows.EventLogs.Evtx/results.json","raw_row":184,"collection_id":"demo-dc-corp-01"}},
  {"schema_version":"1.0.0","row_hash":"acf241e6f7fa523be6353b1261a6caa29068fee3629e89d30edceb95f88edfa5","timestamp_utc":"2026-03-10T09:27:22.3750000Z","timestamp_desc":"Modified","source":"filesystem","artifact":"Windows.NTFS.MFT","collector_kind":"velociraptor","host":"DC-CORP-01","host_id":"4f1c0a9e-0003-4a00-9c31-b0de51000003","user":"SYSTEM","message":"Group Policy template modified: Default Domain Policy","target":"C:\\Windows\\SYSVOL\\sysvol\\corp.example\\Policies\\{31B2F340-016D-11D2-945F-00C04FB984F9}\\GPT.INI","file":{"path":"C:\\Windows\\SYSVOL\\sysvol\\corp.example\\Policies\\{31B2F340-016D-11D2-945F-00C04FB984F9}\\GPT.INI","name":"GPT.INI","extension":"INI","size_bytes":83,"mft_entry":71218,"is_allocated":true},"detections":[],"severity_max":"none","detection_count":0,"provenance":{"raw_file":"raw/Windows.NTFS.MFT/results.json","raw_row":40,"collection_id":"demo-dc-corp-01"}},
  {"schema_version":"1.0.0","row_hash":"7dfc4002bfa52d74ab82f87b8c3fe46e7f38118ae821f19527d8b6f717f32178","timestamp_utc":"2026-03-10T09:56:38.6740000Z","timestamp_desc":"EventTime","source":"eventlog","artifact":"Windows.EventLogs.Evtx","collector_kind":"native","host":"DC-CORP-01","host_id":"4f1c0a9e-0003-4a00-9c31-b0de51000003","user":"CORP\\Administrator","message":"Kerberos service ticket was requested: cifs/SRV-CORP-FS02.eu.corp.example","target":"CORP\\Administrator","event":{"channel":"Security","provider":"Microsoft-Windows-Security-Auditing","event_id":4769,"record_id":1037820,"level":"Information","computer":"DC-CORP-01.corp.example"},"detections":[],"severity_max":"none","detection_count":0,"provenance":{"raw_file":"raw/Windows.EventLogs.Evtx/results.json","raw_row":147,"collection_id":"demo-dc-corp-01"},"extra":{"encryption_type":"0x12 (AES256-CTS-HMAC-SHA1-96)","failure_code":"0x0"}},
  {"schema_version":"1.0.0","row_hash":"19bf92963e703448640b5719648247837ce9308d3f54f5f2a7f475ef761654d6","timestamp_utc":"2026-03-10T09:59:32.3400000Z","timestamp_desc":"Modified","source":"filesystem","artifact":"Windows.NTFS.MFT","collector_kind":"velociraptor","host":"DC-CORP-01","host_id":"4f1c0a9e-0003-4a00-9c31-b0de51000003","user":"SYSTEM","message":"Group Policy template modified: Default Domain Policy","target":"C:\\Windows\\SYSVOL\\sysvol\\corp.example\\Policies\\{31B2F340-016D-11D2-945F-00C04FB984F9}\\GPT.INI","file":{"path":"C:\\Windows\\SYSVOL\\sysvol\\corp.example\\Policies\\{31B2F340-016D-11D2-945F-00C04FB984F9}\\GPT.INI","name":"GPT.INI","extension":"INI","size_bytes":71,"mft_entry":71788,"is_allocated":true},"detections":[],"severity_max":"none","detection_count":0,"provenance":{"raw_file":"raw/Windows.NTFS.MFT/results.json","raw_row":64,"collection_id":"demo-dc-corp-01"}},
  {"schema_version":"1.0.0","row_hash":"518cc229db6599a7cf3b5255bc46cb9101f4a9ecf805ec5e1f5a8fe3cdf48b0d","timestamp_utc":"2026-03-10T10:06:30.8460000Z","timestamp_desc":"Modified","source":"filesystem","artifact":"Windows.NTFS.MFT","collector_kind":"velociraptor","host":"DC-CORP-01","host_id":"4f1c0a9e-0003-4a00-9c31-b0de51000003","user":"SYSTEM","message":"Group Policy template modified: Default Domain Policy","target":"C:\\Windows\\SYSVOL\\sysvol\\corp.example\\Policies\\{31B2F340-016D-11D2-945F-00C04FB984F9}\\GPT.INI","file":{"path":"C:\\Windows\\SYSVOL\\sysvol\\corp.example\\Policies\\{31B2F340-016D-11D2-945F-00C04FB984F9}\\GPT.INI","name":"GPT.INI","extension":"INI","size_bytes":63,"mft_entry":72070,"is_allocated":true},"detections":[],"severity_max":"none","detection_count":0,"provenance":{"raw_file":"raw/Windows.NTFS.MFT/results.json","raw_row":44,"collection_id":"demo-dc-corp-01"}},
  {"schema_version":"1.0.0","row_hash":"de6753568464bf691a72b57c9ed7644ae04ab4bdc28e836811614e8d232b09f8","timestamp_utc":"2026-03-10T10:10:30.8490000Z","timestamp_desc":"Modified","source":"filesystem","artifact":"Windows.NTFS.MFT","collector_kind":"velociraptor","host":"DC-CORP-01","host_id":"4f1c0a9e-0003-4a00-9c31-b0de51000003","user":"SYSTEM","message":"Group Policy template modified: Default Domain Policy","target":"C:\\Windows\\SYSVOL\\sysvol\\corp.example\\Policies\\{31B2F340-016D-11D2-945F-00C04FB984F9}\\GPT.INI","file":{"path":"C:\\Windows\\SYSVOL\\sysvol\\corp.example\\Policies\\{31B2F340-016D-11D2-945F-00C04FB984F9}\\GPT.INI","name":"GPT.INI","extension":"INI","size_bytes":81,"mft_entry":78436,"is_allocated":true},"detections":[],"severity_max":"none","detection_count":0,"provenance":{"raw_file":"raw/Windows.NTFS.MFT/results.json","raw_row":20,"collection_id":"demo-dc-corp-01"}},
  {"schema_version":"1.0.0","row_hash":"170e512fa9e9a6a8f98ea3ebdb553d203423b3ec468b14e5db7be00c0ae8dfd2","timestamp_utc":"2026-03-10T10:20:38.4480000Z","timestamp_desc":"EventTime","source":"eventlog","artifact":"Windows.EventLogs.Evtx","collector_kind":"native","host":"DC-CORP-01","host_id":"4f1c0a9e-0003-4a00-9c31-b0de51000003","user":"EU\\svc-backup","message":"Kerberos service ticket was requested: ldap/DC-CORP-01.corp.example","target":"EU\\svc-backup","event":{"channel":"Security","provider":"Microsoft-Windows-Security-Auditing","event_id":4769,"record_id":570873,"level":"Information","computer":"DC-CORP-01.corp.example"},"detections":[],"severity_max":"none","detection_count":0,"provenance":{"raw_file":"raw/Windows.EventLogs.Evtx/results.json","raw_row":87,"collection_id":"demo-dc-corp-01"},"extra":{"encryption_type":"0x12 (AES256-CTS-HMAC-SHA1-96)","failure_code":"0x0"}},
  {"schema_version":"1.0.0","row_hash":"3299672381ac20d2ce3135bd47af361f66d4a66f271282035e322bcd0328eb71","timestamp_utc":"2026-03-10T10:21:28.3770000Z","timestamp_desc":"EventTime","source":"service","artifact":"Windows.EventLogs.Evtx","collector_kind":"native","host":"DC-CORP-01","host_id":"4f1c0a9e-0003-4a00-9c31-b0de51000003","user":"SYSTEM","message":"Service entered the running state: Active Directory Domain Services (NTDS)","target":"NTDS","process":{"name":"services.exe","image_path":"C:\\Windows\\System32\\services.exe"},"event":{"channel":"System","provider":"Service Control Manager","event_id":7036,"record_id":6341,"level":"Information","computer":"DC-CORP-01.corp.example"},"detections":[],"severity_max":"none","detection_count":0,"provenance":{"raw_file":"raw/Windows.EventLogs.Evtx/results.json","raw_row":275,"collection_id":"demo-dc-corp-01"}},
  {"schema_version":"1.0.0","row_hash":"2c022b27020a314489b98a8193f73f382639eb17c6fc86fcf771f70b3bef2a5d","timestamp_utc":"2026-03-10T10:26:42.0080000Z","timestamp_desc":"EventTime","source":"service","artifact":"Windows.EventLogs.Evtx","collector_kind":"native","host":"DC-CORP-01","host_id":"4f1c0a9e-0003-4a00-9c31-b0de51000003","user":"SYSTEM","message":"Service entered the running state: Active Directory Domain Services (NTDS)","target":"NTDS","process":{"name":"services.exe","image_path":"C:\\Windows\\System32\\services.exe"},"event":{"channel":"System","provider":"Service Control Manager","event_id":7036,"record_id":6959,"level":"Information","computer":"DC-CORP-01.corp.example"},"detections":[],"severity_max":"none","detection_count":0,"provenance":{"raw_file":"raw/Windows.EventLogs.Evtx/results.json","raw_row":15,"collection_id":"demo-dc-corp-01"}},
  {"schema_version":"1.0.0","row_hash":"8e98f906453f53a5bdc3cb950cb494aa174b1b802d11215ce6d52f4c594cad04","timestamp_utc":"2026-03-10T10:29:14.1230000Z","timestamp_desc":"EventTime","source":"log","artifact":"Windows.EventLogs.Evtx","collector_kind":"native","host":"DC-CORP-01","host_id":"4f1c0a9e-0003-4a00-9c31-b0de51000003","user":"SYSTEM","message":"DNS zone transfer completed for corp.example","target":"Microsoft-Windows-DNS-Server/Audit","process":{"name":"dns.exe","image_path":"C:\\Windows\\System32\\dns.exe","parent_name":"services.exe"},"event":{"channel":"DNS Server","provider":"Microsoft-Windows-DNS-Server-Service","event_id":6522,"record_id":3493,"level":"Information","computer":"DC-CORP-01.corp.example"},"detections":[],"severity_max":"none","detection_count":0,"provenance":{"raw_file":"raw/Windows.EventLogs.Evtx/results.json","raw_row":204,"collection_id":"demo-dc-corp-01"}},
  {"schema_version":"1.0.0","row_hash":"145a12078c1a835fbb3777913bbed858852e4e01ae5096fb2d48b76d57c31faa","timestamp_utc":"2026-03-10T10:31:04.0300000Z","timestamp_desc":"EventTime","source":"service","artifact":"Windows.EventLogs.Evtx","collector_kind":"native","host":"DC-CORP-01","host_id":"4f1c0a9e-0003-4a00-9c31-b0de51000003","user":"SYSTEM","message":"Service entered the running state: Active Directory Domain Services (NTDS)","target":"NTDS","process":{"name":"services.exe","image_path":"C:\\Windows\\System32\\services.exe"},"event":{"channel":"System","provider":"Service Control Manager","event_id":7036,"record_id":6783,"level":"Information","computer":"DC-CORP-01.corp.example"},"detections":[],"severity_max":"none","detection_count":0,"provenance":{"raw_file":"raw/Windows.EventLogs.Evtx/results.json","raw_row":335,"collection_id":"demo-dc-corp-01"}},
  {"schema_version":"1.0.0","row_hash":"4a0b48742564fbb930ae8207acade84685324859be491b6c73da7b065cf660b4","timestamp_utc":"2026-03-10T10:58:51.4620000Z","timestamp_desc":"EventTime","source":"log","artifact":"Windows.EventLogs.Evtx","collector_kind":"native","host":"DC-CORP-01","host_id":"4f1c0a9e-0003-4a00-9c31-b0de51000003","user":"SYSTEM","message":"DNS zone transfer completed for corp.example","target":"Microsoft-Windows-DNS-Server/Audit","process":{"name":"dns.exe","image_path":"C:\\Windows\\System32\\dns.exe","parent_name":"services.exe"},"event":{"channel":"DNS Server","provider":"Microsoft-Windows-DNS-Server-Service","event_id":6522,"record_id":8579,"level":"Information","computer":"DC-CORP-01.corp.example"},"detections":[],"severity_max":"none","detection_count":0,"provenance":{"raw_file":"raw/Windows.EventLogs.Evtx/results.json","raw_row":4,"collection_id":"demo-dc-corp-01"}},
  {"schema_version":"1.0.0","row_hash":"0176283bbc1a3b0e86199aa7104ffad0c667a20162e650d74d11b89a730a249f","timestamp_utc":"2026-03-10T11:19:28.5480000Z","timestamp_desc":"EventTime","source":"eventlog","artifact":"Windows.EventLogs.Evtx","collector_kind":"native","host":"DC-CORP-01","host_id":"4f1c0a9e-0003-4a00-9c31-b0de51000003","user":"EU\\svc-backup","message":"Kerberos service ticket was requested: cifs/SRV-CORP-FS02.eu.corp.example","target":"EU\\svc-backup","event":{"channel":"Security","provider":"Microsoft-Windows-Security-Auditing","event_id":4769,"record_id":524644,"level":"Information","computer":"DC-CORP-01.corp.example"},"detections":[],"severity_max":"none","detection_count":0,"provenance":{"raw_file":"raw/Windows.EventLogs.Evtx/results.json","raw_row":47,"collection_id":"demo-dc-corp-01"},"extra":{"encryption_type":"0x12 (AES256-CTS-HMAC-SHA1-96)","failure_code":"0x0"}},
  {"schema_version":"1.0.0","row_hash":"7ec5ec85a683c6595e24e8ee1a954d14bc235bc0a06760adc56717b5b6af497d","timestamp_utc":"2026-03-10T11:24:33.0810000Z","timestamp_desc":"Modified","source":"filesystem","artifact":"Windows.NTFS.MFT","collector_kind":"velociraptor","host":"DC-CORP-01","host_id":"4f1c0a9e-0003-4a00-9c31-b0de51000003","user":"SYSTEM","message":"Group Policy template modified: Default Domain Policy","target":"C:\\Windows\\SYSVOL\\sysvol\\corp.example\\Policies\\{31B2F340-016D-11D2-945F-00C04FB984F9}\\GPT.INI","file":{"path":"C:\\Windows\\SYSVOL\\sysvol\\corp.example\\Policies\\{31B2F340-016D-11D2-945F-00C04FB984F9}\\GPT.INI","name":"GPT.INI","extension":"INI","size_bytes":91,"mft_entry":71415,"is_allocated":true},"detections":[],"severity_max":"none","detection_count":0,"provenance":{"raw_file":"raw/Windows.NTFS.MFT/results.json","raw_row":4,"collection_id":"demo-dc-corp-01"}},
  {"schema_version":"1.0.0","row_hash":"f7a7310bb549ed0a2ca2ac8bd00efdaf798d48b7ee6f6fc1bdb3f83b30328b44","timestamp_utc":"2026-03-10T11:38:26.7620000Z","timestamp_desc":"EventTime","source":"system_info","artifact":"Windows.System.TrustRelationships","collector_kind":"velociraptor","host":"DC-CORP-01","host_id":"4f1c0a9e-0003-4a00-9c31-b0de51000003","user":"SYSTEM","message":"Forest trust enumerated: eu.corp.example -> corp.example (parent/child, transitive)","target":"eu.corp.example","detections":[],"severity_max":"none","detection_count":0,"provenance":{"raw_file":"raw/Windows.System.TrustRelationships/results.json","raw_row":29,"collection_id":"demo-dc-corp-01"},"extra":{"probe":5,"trust_attributes":"WITHIN_FOREST","trust_direction":"Bidirectional","trust_type":"Uplevel","validated":true}},
  {"schema_version":"1.0.0","row_hash":"1980ffb6a6f63b694205d4b3eac75eedd5ba0532c910d3e1b745b9699aa3bbf2","timestamp_utc":"2026-03-10T12:00:29.9310000Z","timestamp_desc":"EventTime","source":"log","artifact":"Windows.EventLogs.Evtx","collector_kind":"native","host":"DC-CORP-01","host_id":"4f1c0a9e-0003-4a00-9c31-b0de51000003","user":"SYSTEM","message":"DNS zone transfer completed for eu.corp.example","target":"Microsoft-Windows-DNS-Server/Audit","process":{"name":"dns.exe","image_path":"C:\\Windows\\System32\\dns.exe","parent_name":"services.exe"},"event":{"channel":"DNS Server","provider":"Microsoft-Windows-DNS-Server-Service","event_id":6522,"record_id":1313,"level":"Information","computer":"DC-CORP-01.corp.example"},"detections":[],"severity_max":"none","detection_count":0,"provenance":{"raw_file":"raw/Windows.EventLogs.Evtx/results.json","raw_row":284,"collection_id":"demo-dc-corp-01"}},
  {"schema_version":"1.0.0","row_hash":"1c220630fb95cd8617164bb898169558b36c53aabf9fa4ddc1b3f732cb72f2df","timestamp_utc":"2026-03-10T12:17:28.1020000Z","timestamp_desc":"EventTime","source":"system_info","artifact":"Windows.System.TrustRelationships","collector_kind":"velociraptor","host":"DC-CORP-01","host_id":"4f1c0a9e-0003-4a00-9c31-b0de51000003","user":"SYSTEM","message":"Forest trust enumerated: eu.corp.example -> corp.example (parent/child, transitive)","target":"eu.corp.example","detections":[],"severity_max":"none","detection_count":0,"provenance":{"raw_file":"raw/Windows.System.TrustRelationships/results.json","raw_row":37,"collection_id":"demo-dc-corp-01"},"extra":{"probe":7,"trust_attributes":"WITHIN_FOREST","trust_direction":"Bidirectional","trust_type":"Uplevel","validated":true}},
  {"schema_version":"1.0.0","row_hash":"ff8012d8680617864189a5d667aef7ae6af420dda3c14ab0bb5171afef24f275","timestamp_utc":"2026-03-10T12:19:41.3890000Z","timestamp_desc":"Modified","source":"filesystem","artifact":"Windows.NTFS.MFT","collector_kind":"velociraptor","host":"DC-CORP-01","host_id":"4f1c0a9e-0003-4a00-9c31-b0de51000003","user":"SYSTEM","message":"Group Policy template modified: Default Domain Policy","target":"C:\\Windows\\SYSVOL\\sysvol\\corp.example\\Policies\\{31B2F340-016D-11D2-945F-00C04FB984F9}\\GPT.INI","file":{"path":"C:\\Windows\\SYSVOL\\sysvol\\corp.example\\Policies\\{31B2F340-016D-11D2-945F-00C04FB984F9}\\GPT.INI","name":"GPT.INI","extension":"INI","size_bytes":80,"mft_entry":77267,"is_allocated":true},"detections":[],"severity_max":"none","detection_count":0,"provenance":{"raw_file":"raw/Windows.NTFS.MFT/results.json","raw_row":52,"collection_id":"demo-dc-corp-01"}},
  {"schema_version":"1.0.0","row_hash":"16d0035826645aa24a8141ec3b49d171ad5f105a288fbcbf5c7132087553ca19","timestamp_utc":"2026-03-10T12:21:44.6150000Z","timestamp_desc":"EventTime","source":"system_info","artifact":"Windows.System.TrustRelationships","collector_kind":"velociraptor","host":"DC-CORP-01","host_id":"4f1c0a9e-0003-4a00-9c31-b0de51000003","user":"SYSTEM","message":"Forest trust enumerated: eu.corp.example -> corp.example (parent/child, transitive)","target":"eu.corp.example","detections":[],"severity_max":"none","detection_count":0,"provenance":{"raw_file":"raw/Windows.System.TrustRelationships/results.json","raw_row":41,"collection_id":"demo-dc-corp-01"},"extra":{"probe":6,"trust_attributes":"WITHIN_FOREST","trust_direction":"Bidirectional","trust_type":"Uplevel","validated":true}},
  {"schema_version":"1.0.0","row_hash":"e0bb3edec3a910e2ce2ab0f4edd40b0bdc92c75f7a72ccc69c68bd21f51b55cc","timestamp_utc":"2026-03-10T12:28:00.2140000Z","timestamp_desc":"EventTime","source":"log","artifact":"Windows.EventLogs.Evtx","collector_kind":"native","host":"DC-CORP-01","host_id":"4f1c0a9e-0003-4a00-9c31-b0de51000003","user":"SYSTEM","message":"DNS zone transfer completed for corp.example","target":"Microsoft-Windows-DNS-Server/Audit","process":{"name":"dns.exe","image_path":"C:\\Windows\\System32\\dns.exe","parent_name":"services.exe"},"event":{"channel":"DNS Server","provider":"Microsoft-Windows-DNS-Server-Service","event_id":6522,"record_id":6718,"level":"Information","computer":"DC-CORP-01.corp.example"},"detections":[],"severity_max":"none","detection_count":0,"provenance":{"raw_file":"raw/Windows.EventLogs.Evtx/results.json","raw_row":24,"collection_id":"demo-dc-corp-01"}},
  {"schema_version":"1.0.0","row_hash":"97f61f8d1168acad13557d6bef25f8f5280e7acfd0650fea1c16e799f9f379b4","timestamp_utc":"2026-03-10T12:34:36.6210000Z","timestamp_desc":"EventTime","source":"eventlog","artifact":"Windows.EventLogs.Evtx","collector_kind":"native","host":"DC-CORP-01","host_id":"4f1c0a9e-0003-4a00-9c31-b0de51000003","user":"EU\\alice","message":"Kerberos service ticket was requested: cifs/SRV-CORP-FS02.eu.corp.example","target":"EU\\alice","event":{"channel":"Security","provider":"Microsoft-Windows-Security-Auditing","event_id":4769,"record_id":1245746,"level":"Information","computer":"DC-CORP-01.corp.example"},"detections":[],"severity_max":"none","detection_count":0,"provenance":{"raw_file":"raw/Windows.EventLogs.Evtx/results.json","raw_row":347,"collection_id":"demo-dc-corp-01"},"extra":{"encryption_type":"0x12 (AES256-CTS-HMAC-SHA1-96)","failure_code":"0x0"}},
  {"schema_version":"1.0.0","row_hash":"28ffa4b228a72f9f41d83eb5ddaeb49399833c784f30f0c451d50fc05d486ae3","timestamp_utc":"2026-03-10T12:53:28.7040000Z","timestamp_desc":"EventTime","source":"log","artifact":"Windows.EventLogs.Evtx","collector_kind":"native","host":"DC-CORP-01","host_id":"4f1c0a9e-0003-4a00-9c31-b0de51000003","user":"SYSTEM","message":"DNS zone transfer completed for eu.corp.example","target":"Microsoft-Windows-DNS-Server/Audit","process":{"name":"dns.exe","image_path":"C:\\Windows\\System32\\dns.exe","parent_name":"services.exe"},"event":{"channel":"DNS Server","provider":"Microsoft-Windows-DNS-Server-Service","event_id":6522,"record_id":3138,"level":"Information","computer":"DC-CORP-01.corp.example"},"detections":[],"severity_max":"none","detection_count":0,"provenance":{"raw_file":"raw/Windows.EventLogs.Evtx/results.json","raw_row":64,"collection_id":"demo-dc-corp-01"}},
  {"schema_version":"1.0.0","row_hash":"17634ceb6b7a146aac4ec6a3701887e08921ac60c346125ed0dc9901ddcffc85","timestamp_utc":"2026-03-10T12:54:19.8370000Z","timestamp_desc":"EventTime","source":"service","artifact":"Windows.EventLogs.Evtx","collector_kind":"native","host":"DC-CORP-01","host_id":"4f1c0a9e-0003-4a00-9c31-b0de51000003","user":"SYSTEM","message":"Service entered the running state: Active Directory Domain Services (NTDS)","target":"NTDS","process":{"name":"services.exe","image_path":"C:\\Windows\\System32\\services.exe"},"event":{"channel":"System","provider":"Service Control Manager","event_id":7036,"record_id":9439,"level":"Information","computer":"DC-CORP-01.corp.example"},"detections":[],"severity_max":"none","detection_count":0,"provenance":{"raw_file":"raw/Windows.EventLogs.Evtx/results.json","raw_row":75,"collection_id":"demo-dc-corp-01"}},
  {"schema_version":"1.0.0","row_hash":"c4b69c8afcbe441dbe4a1f464fda67558e0cb5fe880b4a797e8801fad393ff3e","timestamp_utc":"2026-03-10T12:58:38.6930000Z","timestamp_desc":"EventTime","source":"system_info","artifact":"Windows.System.TrustRelationships","collector_kind":"velociraptor","host":"DC-CORP-01","host_id":"4f1c0a9e-0003-4a00-9c31-b0de51000003","user":"SYSTEM","message":"Forest trust enumerated: eu.corp.example -> corp.example (parent/child, transitive)","target":"eu.corp.example","detections":[],"severity_max":"none","detection_count":0,"provenance":{"raw_file":"raw/Windows.System.TrustRelationships/results.json","raw_row":21,"collection_id":"demo-dc-corp-01"},"extra":{"probe":2,"trust_attributes":"WITHIN_FOREST","trust_direction":"Bidirectional","trust_type":"Uplevel","validated":true}},
  {"schema_version":"1.0.0","row_hash":"d433d055469ec636a35b0f3d2b113de2619a03615d23044b823f338d0eaa5502","timestamp_utc":"2026-03-10T13:01:57.4100000Z","timestamp_desc":"EventTime","source":"log","artifact":"Windows.EventLogs.Evtx","collector_kind":"native","host":"DC-CORP-01","host_id":"4f1c0a9e-0003-4a00-9c31-b0de51000003","user":"SYSTEM","message":"DNS zone transfer completed for corp.example","target":"Microsoft-Windows-DNS-Server/Audit","process":{"name":"dns.exe","image_path":"C:\\Windows\\System32\\dns.exe","parent_name":"services.exe"},"event":{"channel":"DNS Server","provider":"Microsoft-Windows-DNS-Server-Service","event_id":6522,"record_id":2171,"level":"Information","computer":"DC-CORP-01.corp.example"},"detections":[],"severity_max":"none","detection_count":0,"provenance":{"raw_file":"raw/Windows.EventLogs.Evtx/results.json","raw_row":324,"collection_id":"demo-dc-corp-01"}},
