// GENERATED FILE -- do not edit by hand.
// Demo timeline rows for DC-CORP-01 (721 records).
// Regenerate with:  node scripts/gen-demo-dataset.mjs
//
// SYNTHETIC DATA ONLY. Every host, account, address, domain and hash below is
// invented: RFC 5737 documentation IP ranges, the RFC 2606 reserved .example
// TLD, and hashes derived from fixed labels. No real host was ever collected.
// See docs/DEMO.md.

export const rows = [
  {"schema_version":"1.0.0","row_hash":"5d764273ca89fdbfab2fd02a754cba9646d988b120309c5666d8d440dc778ce1","timestamp_utc":"0001-01-01T00:00:00.0000000Z","timestamp_desc":"Created","timestamp_source_field":"Btime","source":"filesystem","artifact":"Windows.NTFS.MFT","collector_kind":"velociraptor","host":"DC-CORP-01","host_id":"4f1c0a9e-0003-4a00-9c31-b0de51000003","user":"SYSTEM","message":"MFT entry recovered with zeroed $STANDARD_INFORMATION timestamps","target":"C:\\$Extend\\$RmMetadata\\$TxfLog\\$TxfLog.blf","file":{"path":"C:\\$Extend\\$RmMetadata\\$TxfLog\\$TxfLog.blf","name":"$TxfLog.blf","mft_entry":30,"is_allocated":true},"detections":[],"severity_max":"none","detection_count":0,"provenance":{"raw_file":"raw/Windows.NTFS.MFT/results.json","raw_row":0,"collection_id":"demo-dc-corp-01"},"extra":{"note":"timestamp unavailable in source; sentinel per docs/timeline_schema.json"}},
  {"schema_version":"1.0.0","row_hash":"7d65f5599b34ed854e65318c4418dabf7c62e5d4d2d43956843ae90be639cbaa","timestamp_utc":"0001-01-01T00:00:00.0000000Z","timestamp_desc":"LastWriteTime","source":"registry","artifact":"Windows.Registry.AppCompatCache","collector_kind":"velociraptor","host":"DC-CORP-01","host_id":"4f1c0a9e-0003-4a00-9c31-b0de51000003","user":"SYSTEM","message":"AppCompatCache entry with no recoverable last-write time","target":"HKLM\\SYSTEM\\CurrentControlSet\\Control\\Session Manager\\AppCompatCache","registry":{"key":"HKLM\\SYSTEM\\CurrentControlSet\\Control\\Session Manager\\AppCompatCache","value_name":"AppCompatCache","value_type":"REG_BINARY","hive":"SYSTEM"},"detections":[],"severity_max":"none","detection_count":0,"provenance":{"raw_file":"raw/Windows.Registry.AppCompatCache/results.json","raw_row":0,"collection_id":"demo-dc-corp-01"},"extra":{"note":"timestamp unavailable in source; sentinel per docs/timeline_schema.json"}},
  {"schema_version":"1.0.0","row_hash":"4e767b77a01b6eafd185e21f2002434f08102e89680b6bb7a15cf461c2afa4da","timestamp_utc":"2026-03-07T00:05:00.0000000Z","timestamp_desc":"ProcessStartTime","timestamp_source_field":"CreateTime","source":"process","artifact":"Windows.System.Pslist","collector_kind":"velociraptor","host":"DC-CORP-01","host_id":"4f1c0a9e-0003-4a00-9c31-b0de51000003","user":"SYSTEM","message":"Process running: wininit.exe (pid 552)","target":"C:\\Windows\\System32\\wininit.exe","process":{"pid":552,"name":"wininit.exe","image_path":"C:\\Windows\\System32\\wininit.exe","user":"SYSTEM"},"detections":[],"severity_max":"none","detection_count":0,"provenance":{"raw_file":"raw/Windows.System.Pslist/results.json","raw_row":0,"collection_id":"demo-dc-corp-01"}},
  {"schema_version":"1.0.0","row_hash":"dee6794d8f2ab53953a4c2fd4ee2242689a193f2224c0422ba5cb507ebbccdcb","timestamp_utc":"2026-03-07T00:05:01.0000000Z","timestamp_desc":"ProcessStartTime","timestamp_source_field":"CreateTime","source":"process","artifact":"Windows.System.Pslist","collector_kind":"velociraptor","host":"DC-CORP-01","host_id":"4f1c0a9e-0003-4a00-9c31-b0de51000003","user":"SYSTEM","message":"Process running: services.exe (pid 904)","target":"C:\\Windows\\System32\\services.exe","process":{"pid":904,"ppid":552,"name":"services.exe","image_path":"C:\\Windows\\System32\\services.exe","user":"SYSTEM"},"detections":[],"severity_max":"none","detection_count":0,"provenance":{"raw_file":"raw/Windows.System.Pslist/results.json","raw_row":1,"collection_id":"demo-dc-corp-01"}},
  {"schema_version":"1.0.0","row_hash":"2d6cacbf6d917d4a5504e29fd6ab91e8588e657da812948fc3d354e65bbb24fd","timestamp_utc":"2026-03-07T00:05:02.0000000Z","timestamp_desc":"ProcessStartTime","timestamp_source_field":"CreateTime","source":"process","artifact":"Windows.System.Pslist","collector_kind":"velociraptor","host":"DC-CORP-01","host_id":"4f1c0a9e-0003-4a00-9c31-b0de51000003","user":"SYSTEM","message":"Process running: lsass.exe (pid 920)","target":"C:\\Windows\\System32\\lsass.exe","process":{"pid":920,"ppid":552,"name":"lsass.exe","image_path":"C:\\Windows\\System32\\lsass.exe","user":"SYSTEM"},"detections":[],"severity_max":"none","detection_count":0,"provenance":{"raw_file":"raw/Windows.System.Pslist/results.json","raw_row":2,"collection_id":"demo-dc-corp-01"}},
  {"schema_version":"1.0.0","row_hash":"32d456e458667668f14310c7359d1890e730315f67a3e5464f36dfa58524d8af","timestamp_utc":"2026-03-07T00:05:03.0000000Z","timestamp_desc":"ProcessStartTime","timestamp_source_field":"CreateTime","source":"process","artifact":"Windows.System.Pslist","collector_kind":"velociraptor","host":"DC-CORP-01","host_id":"4f1c0a9e-0003-4a00-9c31-b0de51000003","user":"NETWORK SERVICE","message":"Process running: svchost.exe (pid 1188)","target":"C:\\Windows\\System32\\svchost.exe","process":{"pid":1188,"ppid":904,"name":"svchost.exe","image_path":"C:\\Windows\\System32\\svchost.exe","user":"NETWORK SERVICE"},"detections":[],"severity_max":"none","detection_count":0,"provenance":{"raw_file":"raw/Windows.System.Pslist/results.json","raw_row":3,"collection_id":"demo-dc-corp-01"}},
  {"schema_version":"1.0.0","row_hash":"fed5ad93c7d4963b12d9f49c218a934bc40930f20238b5476ed76ea2865d2c6f","timestamp_utc":"2026-03-07T00:05:04.0000000Z","timestamp_desc":"ProcessStartTime","timestamp_source_field":"CreateTime","source":"process","artifact":"Windows.System.Pslist","collector_kind":"velociraptor","host":"DC-CORP-01","host_id":"4f1c0a9e-0003-4a00-9c31-b0de51000003","user":"SYSTEM","message":"Process running: dns.exe (pid 1972)","target":"C:\\Windows\\System32\\dns.exe","process":{"pid":1972,"ppid":904,"name":"dns.exe","image_path":"C:\\Windows\\System32\\dns.exe","user":"SYSTEM"},"detections":[],"severity_max":"none","detection_count":0,"provenance":{"raw_file":"raw/Windows.System.Pslist/results.json","raw_row":4,"collection_id":"demo-dc-corp-01"}},
  {"schema_version":"1.0.0","row_hash":"e4845e9f48de05bdf1c43105b0aec6865c2f1729c7601b0a38db33216ef9b3ce","timestamp_utc":"2026-03-07T00:05:05.0000000Z","timestamp_desc":"ProcessStartTime","timestamp_source_field":"CreateTime","source":"process","artifact":"Windows.System.Pslist","collector_kind":"velociraptor","host":"DC-CORP-01","host_id":"4f1c0a9e-0003-4a00-9c31-b0de51000003","user":"CORP\\Administrator","message":"Process running: explorer.exe (pid 3644)","target":"C:\\Windows\\explorer.exe","process":{"pid":3644,"ppid":3580,"name":"explorer.exe","image_path":"C:\\Windows\\explorer.exe","user":"CORP\\Administrator"},"detections":[],"severity_max":"none","detection_count":0,"provenance":{"raw_file":"raw/Windows.System.Pslist/results.json","raw_row":5,"collection_id":"demo-dc-corp-01"}},
  {"schema_version":"1.0.0","row_hash":"e8b934de59eb826eb5ac65ee66b61b514d38fc9ddb3bb191b7d61740b8fc1126","timestamp_utc":"2026-03-07T00:05:06.0000000Z","timestamp_desc":"ProcessStartTime","timestamp_source_field":"CreateTime","source":"process","artifact":"Windows.System.Pslist","collector_kind":"velociraptor","host":"DC-CORP-01","host_id":"4f1c0a9e-0003-4a00-9c31-b0de51000003","user":"CORP\\Administrator","message":"Process running: cmd.exe (pid 3712)","target":"C:\\Windows\\System32\\cmd.exe","process":{"pid":3712,"ppid":3644,"name":"cmd.exe","image_path":"C:\\Windows\\System32\\cmd.exe","user":"CORP\\Administrator"},"detections":[],"severity_max":"none","detection_count":0,"provenance":{"raw_file":"raw/Windows.System.Pslist/results.json","raw_row":6,"collection_id":"demo-dc-corp-01"}},
  {"schema_version":"1.0.0","row_hash":"ca6e638223eada4c35378599ed7ff0b411505b1a41c9e17c7bd30e0e1d178bff","timestamp_utc":"2026-03-07T00:05:07.0000000Z","timestamp_desc":"ProcessStartTime","timestamp_source_field":"CreateTime","source":"process","artifact":"Windows.System.Pslist","collector_kind":"velociraptor","host":"DC-CORP-01","host_id":"4f1c0a9e-0003-4a00-9c31-b0de51000003","user":"SYSTEM","message":"Process running: taskhostw.exe (pid 4132)","target":"C:\\Windows\\System32\\taskhostw.exe","process":{"pid":4132,"ppid":1188,"name":"taskhostw.exe","image_path":"C:\\Windows\\System32\\taskhostw.exe","user":"SYSTEM"},"detections":[],"severity_max":"none","detection_count":0,"provenance":{"raw_file":"raw/Windows.System.Pslist/results.json","raw_row":7,"collection_id":"demo-dc-corp-01"}},
  {"schema_version":"1.0.0","row_hash":"96851704644a59238a86cbb964927a3a86358501c8dbabbe3402794bf465cf41","timestamp_utc":"2026-03-07T00:05:08.0000000Z","timestamp_desc":"ProcessStartTime","timestamp_source_field":"CreateTime","source":"process","artifact":"Windows.System.Pslist","collector_kind":"velociraptor","host":"DC-CORP-01","host_id":"4f1c0a9e-0003-4a00-9c31-b0de51000003","user":"SYSTEM","message":"Process running: MsMpEng.exe (pid 2588)","target":"C:\\ProgramData\\Microsoft\\Windows Defender\\Platform\\4.18.24090.11-0\\MsMpEng.exe","process":{"pid":2588,"ppid":904,"name":"MsMpEng.exe","image_path":"C:\\ProgramData\\Microsoft\\Windows Defender\\Platform\\4.18.24090.11-0\\MsMpEng.exe","user":"SYSTEM"},"detections":[],"severity_max":"none","detection_count":0,"provenance":{"raw_file":"raw/Windows.System.Pslist/results.json","raw_row":8,"collection_id":"demo-dc-corp-01"}},
  {"schema_version":"1.0.0","row_hash":"ee149a0a0310d0a0db107ad53ef2018e2fc87bfb0e3f36804d6a4ae1235df804","timestamp_utc":"2026-03-07T00:55:55.3390000Z","timestamp_desc":"EventTime","timestamp_source_field":"System.TimeCreated.SystemTime","source":"eventlog","artifact":"Windows.EventLogs.Evtx","collector_kind":"native","host":"DC-CORP-01","host_id":"4f1c0a9e-0003-4a00-9c31-b0de51000003","user":"EU\\alice","message":"Kerberos authentication ticket (TGT) was requested for EU\\alice","target":"EU\\alice","network":{"src_ip":"10.0.5.15","dst_ip":"10.0.10.10","dst_port":88,"protocol":"tcp","direction":"inbound"},"event":{"channel":"Security","provider":"Microsoft-Windows-Security-Auditing","event_id":4768,"record_id":796930,"level":"Information","computer":"DC-CORP-01.corp.example"},"detections":[],"severity_max":"none","detection_count":0,"provenance":{"raw_file":"raw/Windows.EventLogs.Evtx/results.json","raw_row":281,"collection_id":"demo-dc-corp-01"},"extra":{"encryption_type":"0x12 (AES256-CTS-HMAC-SHA1-96)","ticket_options":"0x40810010"}},
  {"schema_version":"1.0.0","row_hash":"5925d36c7d4447814dd644ce22319200a911782f45ee02d8ecbfbf6191ab4179","timestamp_utc":"2026-03-07T01:54:47.6630000Z","timestamp_desc":"EventTime","source":"network","artifact":"Windows.Network.Netstat","collector_kind":"velociraptor","host":"DC-CORP-01","host_id":"4f1c0a9e-0003-4a00-9c31-b0de51000003","user":"SYSTEM","message":"Inter-site AD replication session with DC-EU-01","target":"10.0.5.10:135","network":{"src_ip":"10.0.10.10","src_port":60341,"dst_ip":"10.0.5.10","dst_port":135,"protocol":"tcp","direction":"outbound","state":"ESTABLISHED"},"detections":[],"severity_max":"none","detection_count":0,"provenance":{"raw_file":"raw/Windows.Network.Netstat/results.json","raw_row":69,"collection_id":"demo-dc-corp-01"},"extra":{"naming_context":"DC=eu,DC=corp,DC=example","replication_partner":"DC-EU-01"}},
  {"schema_version":"1.0.0","row_hash":"c193de2597a65e61d4912f18bf707d1f0d7a9fa301fae414efac62feb7686265","timestamp_utc":"2026-03-07T02:29:51.8530000Z","timestamp_desc":"EventTime","source":"account","artifact":"Windows.EventLogs.Evtx","collector_kind":"native","host":"DC-CORP-01","host_id":"4f1c0a9e-0003-4a00-9c31-b0de51000003","user":"EU\\carol","message":"User password was changed at the request of the account owner","target":"EU\\alice","event":{"channel":"Security","provider":"Microsoft-Windows-Security-Auditing","event_id":4723,"record_id":796597,"level":"Information","computer":"DC-CORP-01.corp.example"},"detections":[],"severity_max":"none","detection_count":0,"provenance":{"raw_file":"raw/Windows.EventLogs.Evtx/results.json","raw_row":58,"collection_id":"demo-dc-corp-01"}},
  {"schema_version":"1.0.0","row_hash":"1cbc6e4807405b3609425eaa7a18476164c3d96c7ef170377722821f2aaaf020","timestamp_utc":"2026-03-07T03:20:22.7060000Z","timestamp_desc":"EventTime","source":"account","artifact":"Windows.EventLogs.Evtx","collector_kind":"native","host":"DC-CORP-01","host_id":"4f1c0a9e-0003-4a00-9c31-b0de51000003","user":"EU\\carol","message":"User password was changed at the request of the account owner","target":"EU\\alice","event":{"channel":"Security","provider":"Microsoft-Windows-Security-Auditing","event_id":4723,"record_id":802502,"level":"Information","computer":"DC-CORP-01.corp.example"},"detections":[],"severity_max":"none","detection_count":0,"provenance":{"raw_file":"raw/Windows.EventLogs.Evtx/results.json","raw_row":278,"collection_id":"demo-dc-corp-01"}},
  {"schema_version":"1.0.0","row_hash":"4719d878d4af6feef3bb3dd7fca068318cdb3d6d65532b190b26699b3e87c547","timestamp_utc":"2026-03-07T06:26:41.8670000Z","timestamp_desc":"LastWriteTime","source":"registry","artifact":"Windows.Registry.NTDS","collector_kind":"velociraptor","host":"DC-CORP-01","host_id":"4f1c0a9e-0003-4a00-9c31-b0de51000003","user":"SYSTEM","message":"NTDS parameter enumerated: Database backup path","target":"HKLM\\SYSTEM\\CurrentControlSet\\Services\\NTDS\\Parameters","registry":{"key":"HKLM\\SYSTEM\\CurrentControlSet\\Services\\NTDS\\Parameters","value_name":"DSA Database file","value_data":"C:\\Windows\\NTDS\\ntds.dit","value_type":"REG_SZ","hive":"SYSTEM"},"detections":[],"severity_max":"none","detection_count":0,"provenance":{"raw_file":"raw/Windows.Registry.NTDS/results.json","raw_row":58,"collection_id":"demo-dc-corp-01"},"extra":{"slot":0}},
  {"schema_version":"1.0.0","row_hash":"97e5bbbfdb0c32d8ed7f6acd53a25334270669d13d6dab1411eb3e678658a500","timestamp_utc":"2026-03-07T06:27:46.3030000Z","timestamp_desc":"LastWriteTime","source":"registry","artifact":"Windows.Registry.NTDS","collector_kind":"velociraptor","host":"DC-CORP-01","host_id":"4f1c0a9e-0003-4a00-9c31-b0de51000003","user":"SYSTEM","message":"NTDS parameter enumerated: Database backup path","target":"HKLM\\SYSTEM\\CurrentControlSet\\Services\\NTDS\\Parameters","registry":{"key":"HKLM\\SYSTEM\\CurrentControlSet\\Services\\NTDS\\Parameters","value_name":"DSA Database file","value_data":"C:\\Windows\\NTDS\\ntds.dit","value_type":"REG_SZ","hive":"SYSTEM"},"detections":[],"severity_max":"none","detection_count":0,"provenance":{"raw_file":"raw/Windows.Registry.NTDS/results.json","raw_row":46,"collection_id":"demo-dc-corp-01"},"extra":{"slot":8}},
  {"schema_version":"1.0.0","row_hash":"c4f06b7c4adc6ce79519f42b287102ebebf4835ddc52383641c7e72ca3c136de","timestamp_utc":"2026-03-07T06:43:11.7330000Z","timestamp_desc":"EventTime","source":"account","artifact":"Windows.EventLogs.Evtx","collector_kind":"native","host":"DC-CORP-01","host_id":"4f1c0a9e-0003-4a00-9c31-b0de51000003","user":"EU\\carol","message":"User password was changed at the request of the account owner","target":"EU\\carol","event":{"channel":"Security","provider":"Microsoft-Windows-Security-Auditing","event_id":4723,"record_id":884520,"level":"Information","computer":"DC-CORP-01.corp.example"},"detections":[],"severity_max":"none","detection_count":0,"provenance":{"raw_file":"raw/Windows.EventLogs.Evtx/results.json","raw_row":178,"collection_id":"demo-dc-corp-01"}},
  {"schema_version":"1.0.0","row_hash":"e7f05e9524302288ba2ba64f71e2da77eeeafaa18ae22b305f84bc55adf6de5c","timestamp_utc":"2026-03-07T07:31:05.1700000Z","timestamp_desc":"LastWriteTime","source":"registry","artifact":"Windows.Registry.NTDS","collector_kind":"velociraptor","host":"DC-CORP-01","host_id":"4f1c0a9e-0003-4a00-9c31-b0de51000003","user":"SYSTEM","message":"NTDS parameter enumerated: Database backup path","target":"HKLM\\SYSTEM\\CurrentControlSet\\Services\\NTDS\\Parameters","registry":{"key":"HKLM\\SYSTEM\\CurrentControlSet\\Services\\NTDS\\Parameters","value_name":"DSA Database file","value_data":"C:\\Windows\\NTDS\\ntds.dit","value_type":"REG_SZ","hive":"SYSTEM"},"detections":[],"severity_max":"none","detection_count":0,"provenance":{"raw_file":"raw/Windows.Registry.NTDS/results.json","raw_row":50,"collection_id":"demo-dc-corp-01"},"extra":{"slot":27}},
  {"schema_version":"1.0.0","row_hash":"4392dd3366dcd99d4973fd533797774e24bdabc6d25c0d23da14500c13f02173","timestamp_utc":"2026-03-07T07:51:20.2060000Z","timestamp_desc":"EventTime","source":"account","artifact":"Windows.EventLogs.Evtx","collector_kind":"native","host":"DC-CORP-01","host_id":"4f1c0a9e-0003-4a00-9c31-b0de51000003","user":"EU\\bob","message":"User password was changed at the request of the account owner","target":"EU\\alice","event":{"channel":"Security","provider":"Microsoft-Windows-Security-Auditing","event_id":4723,"record_id":799531,"level":"Information","computer":"DC-CORP-01.corp.example"},"detections":[],"severity_max":"none","detection_count":0,"provenance":{"raw_file":"raw/Windows.EventLogs.Evtx/results.json","raw_row":98,"collection_id":"demo-dc-corp-01"}},
  {"schema_version":"1.0.0","row_hash":"88af9aff3b886af424c034bc370a0759a23b4212685453f91bb1102626025fce","timestamp_utc":"2026-03-07T07:58:17.1310000Z","timestamp_desc":"EventTime","source":"network","artifact":"Windows.Network.Netstat","collector_kind":"velociraptor","host":"DC-CORP-01","host_id":"4f1c0a9e-0003-4a00-9c31-b0de51000003","user":"SYSTEM","message":"Inter-site AD replication session with DC-EU-01","target":"10.0.5.10:135","network":{"src_ip":"10.0.10.10","src_port":56793,"dst_ip":"10.0.5.10","dst_port":135,"protocol":"tcp","direction":"outbound","state":"ESTABLISHED"},"detections":[],"severity_max":"none","detection_count":0,"provenance":{"raw_file":"raw/Windows.Network.Netstat/results.json","raw_row":17,"collection_id":"demo-dc-corp-01"},"extra":{"naming_context":"DC=eu,DC=corp,DC=example","replication_partner":"DC-EU-01"}},
  {"schema_version":"1.0.0","row_hash":"8b5a5da323b0c4f18a253c64f1c37bbdf0fc87c1bec60ef1ef7831a79c3f678b","timestamp_utc":"2026-03-07T08:41:22.3500000Z","timestamp_desc":"EventTime","source":"account","artifact":"Windows.EventLogs.Evtx","collector_kind":"native","host":"DC-CORP-01","host_id":"4f1c0a9e-0003-4a00-9c31-b0de51000003","user":"EU\\alice","message":"User password was changed at the request of the account owner","target":"EU\\alice","event":{"channel":"Security","provider":"Microsoft-Windows-Security-Auditing","event_id":4723,"record_id":608253,"level":"Information","computer":"DC-CORP-01.corp.example"},"detections":[],"severity_max":"none","detection_count":0,"provenance":{"raw_file":"raw/Windows.EventLogs.Evtx/results.json","raw_row":218,"collection_id":"demo-dc-corp-01"}},
  {"schema_version":"1.0.0","row_hash":"e1436be78b5dd531e9bed25376dd4644cbe1fa1fb41b5f540d7eeef6a042ef1c","timestamp_utc":"2026-03-07T08:57:05.4890000Z","timestamp_desc":"LastWriteTime","source":"registry","artifact":"Windows.Registry.NTDS","collector_kind":"velociraptor","host":"DC-CORP-01","host_id":"4f1c0a9e-0003-4a00-9c31-b0de51000003","user":"SYSTEM","message":"NTDS parameter enumerated: Database backup path","target":"HKLM\\SYSTEM\\CurrentControlSet\\Services\\NTDS\\Parameters","registry":{"key":"HKLM\\SYSTEM\\CurrentControlSet\\Services\\NTDS\\Parameters","value_name":"DSA Database file","value_data":"C:\\Windows\\NTDS\\ntds.dit","value_type":"REG_SZ","hive":"SYSTEM"},"detections":[],"severity_max":"none","detection_count":0,"provenance":{"raw_file":"raw/Windows.Registry.NTDS/results.json","raw_row":2,"collection_id":"demo-dc-corp-01"},"extra":{"slot":31}},
  {"schema_version":"1.0.0","row_hash":"7d0c7fc3076bdcf04e241497c3e97e260e85e507f0c1355fe37c9671402fe8bc","timestamp_utc":"2026-03-07T09:07:04.9250000Z","timestamp_desc":"LastExecuted","source":"execution","artifact":"Windows.Forensics.Prefetch","collector_kind":"velociraptor","host":"DC-CORP-01","host_id":"4f1c0a9e-0003-4a00-9c31-b0de51000003","user":"CORP\\Administrator","message":"REPADMIN.EXE executed (replication health check)","target":"C:\\Windows\\System32\\repadmin.exe","process":{"name":"REPADMIN.EXE","image_path":"C:\\Windows\\System32\\repadmin.exe","command_line":"repadmin /replsummary","parent_name":"cmd.exe","user":"CORP\\Administrator"},"detections":[],"severity_max":"none","detection_count":0,"provenance":{"raw_file":"raw/Windows.Forensics.Prefetch/results.json","raw_row":64,"collection_id":"demo-dc-corp-01"},"extra":{"prefetch_file":"REPADMIN.EXE-1B885896.pf"}},
  {"schema_version":"1.0.0","row_hash":"52399bacf9e922d2d90d5f8a8b87d85e988a78dd20b66c16f808c61c1bda3c0d","timestamp_utc":"2026-03-07T09:09:05.0950000Z","timestamp_desc":"EventTime","timestamp_source_field":"System.TimeCreated.SystemTime","source":"eventlog","artifact":"Windows.EventLogs.Evtx","collector_kind":"native","host":"DC-CORP-01","host_id":"4f1c0a9e-0003-4a00-9c31-b0de51000003","user":"EU\\alice","message":"Kerberos authentication ticket (TGT) was requested for EU\\alice","target":"EU\\alice","network":{"src_ip":"10.0.5.42","dst_ip":"10.0.10.10","dst_port":88,"protocol":"tcp","direction":"inbound"},"event":{"channel":"Security","provider":"Microsoft-Windows-Security-Auditing","event_id":4768,"record_id":1048229,"level":"Information","computer":"DC-CORP-01.corp.example"},"detections":[],"severity_max":"none","detection_count":0,"provenance":{"raw_file":"raw/Windows.EventLogs.Evtx/results.json","raw_row":341,"collection_id":"demo-dc-corp-01"},"extra":{"encryption_type":"0x12 (AES256-CTS-HMAC-SHA1-96)","ticket_options":"0x40810010"}},
  {"schema_version":"1.0.0","row_hash":"8401873d72646b2fe5b745f75f5ee37a93edbec493ee64960a9c195a916ba9e8","timestamp_utc":"2026-03-07T09:09:09.4930000Z","timestamp_desc":"EventTime","source":"network","artifact":"Windows.Network.Netstat","collector_kind":"velociraptor","host":"DC-CORP-01","host_id":"4f1c0a9e-0003-4a00-9c31-b0de51000003","user":"SYSTEM","message":"Inter-site AD replication session with DC-EU-01","target":"10.0.5.10:135","network":{"src_ip":"10.0.10.10","src_port":65028,"dst_ip":"10.0.5.10","dst_port":135,"protocol":"tcp","direction":"outbound","state":"ESTABLISHED"},"detections":[],"severity_max":"none","detection_count":0,"provenance":{"raw_file":"raw/Windows.Network.Netstat/results.json","raw_row":65,"collection_id":"demo-dc-corp-01"},"extra":{"naming_context":"DC=eu,DC=corp,DC=example","replication_partner":"DC-EU-01"}},
  {"schema_version":"1.0.0","row_hash":"933403a6e196538856c33a32dd8fb1167d3355500481425e5fa2a68d8cb7627f","timestamp_utc":"2026-03-07T09:11:40.1240000Z","timestamp_desc":"EventTime","source":"network","artifact":"Windows.Network.Netstat","collector_kind":"velociraptor","host":"DC-CORP-01","host_id":"4f1c0a9e-0003-4a00-9c31-b0de51000003","user":"SYSTEM","message":"Inter-site AD replication session with DC-EU-01","target":"10.0.5.10:135","network":{"src_ip":"10.0.10.10","src_port":56779,"dst_ip":"10.0.5.10","dst_port":135,"protocol":"tcp","direction":"outbound","state":"ESTABLISHED"},"detections":[],"severity_max":"none","detection_count":0,"provenance":{"raw_file":"raw/Windows.Network.Netstat/results.json","raw_row":9,"collection_id":"demo-dc-corp-01"},"extra":{"naming_context":"DC=eu,DC=corp,DC=example","replication_partner":"DC-EU-01"}},
  {"schema_version":"1.0.0","row_hash":"14cd6b4c416c40cbcb46d2288d70499b7bf4c31afe786274acff77c346428cda","timestamp_utc":"2026-03-07T09:35:32.3990000Z","timestamp_desc":"LastExecuted","source":"execution","artifact":"Windows.Forensics.Prefetch","collector_kind":"velociraptor","host":"DC-CORP-01","host_id":"4f1c0a9e-0003-4a00-9c31-b0de51000003","user":"CORP\\Administrator","message":"REPADMIN.EXE executed (replication health check)","target":"C:\\Windows\\System32\\repadmin.exe","process":{"name":"REPADMIN.EXE","image_path":"C:\\Windows\\System32\\repadmin.exe","command_line":"repadmin /replsummary","parent_name":"cmd.exe","user":"CORP\\Administrator"},"detections":[],"severity_max":"none","detection_count":0,"provenance":{"raw_file":"raw/Windows.Forensics.Prefetch/results.json","raw_row":60,"collection_id":"demo-dc-corp-01"},"extra":{"prefetch_file":"REPADMIN.EXE-10C39500.pf"}},
  {"schema_version":"1.0.0","row_hash":"8db9986e868e196d5bea917fb76247a1e194ae7852d73169503aa06b71593fbd","timestamp_utc":"2026-03-07T09:38:17.5860000Z","timestamp_desc":"LastExecuted","source":"execution","artifact":"Windows.Forensics.Prefetch","collector_kind":"velociraptor","host":"DC-CORP-01","host_id":"4f1c0a9e-0003-4a00-9c31-b0de51000003","user":"CORP\\Administrator","message":"REPADMIN.EXE executed (replication health check)","target":"C:\\Windows\\System32\\repadmin.exe","process":{"name":"REPADMIN.EXE","image_path":"C:\\Windows\\System32\\repadmin.exe","command_line":"repadmin /replsummary","parent_name":"cmd.exe","user":"CORP\\Administrator"},"detections":[],"severity_max":"none","detection_count":0,"provenance":{"raw_file":"raw/Windows.Forensics.Prefetch/results.json","raw_row":56,"collection_id":"demo-dc-corp-01"},"extra":{"prefetch_file":"REPADMIN.EXE-1D7C51F0.pf"}},
  {"schema_version":"1.0.0","row_hash":"0f7580324e6e32e3101602ab06c224bcb58f5b56fd5fb7b8377ed350ddc85824","timestamp_utc":"2026-03-07T09:48:39.0120000Z","timestamp_desc":"LastExecuted","source":"execution","artifact":"Windows.Forensics.Prefetch","collector_kind":"velociraptor","host":"DC-CORP-01","host_id":"4f1c0a9e-0003-4a00-9c31-b0de51000003","user":"CORP\\Administrator","message":"REPADMIN.EXE executed (replication health check)","target":"C:\\Windows\\System32\\repadmin.exe","process":{"name":"REPADMIN.EXE","image_path":"C:\\Windows\\System32\\repadmin.exe","command_line":"repadmin /replsummary","parent_name":"cmd.exe","user":"CORP\\Administrator"},"detections":[],"severity_max":"none","detection_count":0,"provenance":{"raw_file":"raw/Windows.Forensics.Prefetch/results.json","raw_row":48,"collection_id":"demo-dc-corp-01"},"extra":{"prefetch_file":"REPADMIN.EXE-1F1823C0.pf"}},
  {"schema_version":"1.0.0","row_hash":"f04216462fe9c4a3e73189f4019631cf58ef4646101965dafa842bc824079cef","timestamp_utc":"2026-03-07T09:49:26.5410000Z","timestamp_desc":"EventTime","source":"network","artifact":"Windows.Network.Netstat","collector_kind":"velociraptor","host":"DC-CORP-01","host_id":"4f1c0a9e-0003-4a00-9c31-b0de51000003","user":"SYSTEM","message":"Inter-site AD replication session with DC-EU-01","target":"10.0.5.10:135","network":{"src_ip":"10.0.10.10","src_port":59228,"dst_ip":"10.0.5.10","dst_port":135,"protocol":"tcp","direction":"outbound","state":"ESTABLISHED"},"detections":[],"severity_max":"none","detection_count":0,"provenance":{"raw_file":"raw/Windows.Network.Netstat/results.json","raw_row":53,"collection_id":"demo-dc-corp-01"},"extra":{"naming_context":"DC=eu,DC=corp,DC=example","replication_partner":"DC-EU-01"}},
  {"schema_version":"1.0.0","row_hash":"6e50f6b7d866a726bf8fc2c28ac5178c468b2722fca9b0332e85d578cd060bcf","timestamp_utc":"2026-03-07T09:49:44.1090000Z","timestamp_desc":"EventTime","source":"account","artifact":"Windows.EventLogs.Evtx","collector_kind":"native","host":"DC-CORP-01","host_id":"4f1c0a9e-0003-4a00-9c31-b0de51000003","user":"EU\\bob","message":"User password was changed at the request of the account owner","target":"EU\\alice","event":{"channel":"Security","provider":"Microsoft-Windows-Security-Auditing","event_id":4723,"record_id":813025,"level":"Information","computer":"DC-CORP-01.corp.example"},"detections":[],"severity_max":"none","detection_count":0,"provenance":{"raw_file":"raw/Windows.EventLogs.Evtx/results.json","raw_row":318,"collection_id":"demo-dc-corp-01"}},
  {"schema_version":"1.0.0","row_hash":"4336cb63a0ad564c7326925fa4ddc1bc4f8febb5301c2d2b22704b2c92542fa6","timestamp_utc":"2026-03-07T09:54:09.8490000Z","timestamp_desc":"LastExecuted","source":"execution","artifact":"Windows.Forensics.Prefetch","collector_kind":"velociraptor","host":"DC-CORP-01","host_id":"4f1c0a9e-0003-4a00-9c31-b0de51000003","user":"CORP\\Administrator","message":"REPADMIN.EXE executed (replication health check)","target":"C:\\Windows\\System32\\repadmin.exe","process":{"name":"REPADMIN.EXE","image_path":"C:\\Windows\\System32\\repadmin.exe","command_line":"repadmin /replsummary","parent_name":"cmd.exe","user":"CORP\\Administrator"},"detections":[],"severity_max":"none","detection_count":0,"provenance":{"raw_file":"raw/Windows.Forensics.Prefetch/results.json","raw_row":68,"collection_id":"demo-dc-corp-01"},"extra":{"prefetch_file":"REPADMIN.EXE-1682A7A9.pf"}},
  {"schema_version":"1.0.0","row_hash":"3e984ae1227d9578745d6a8f715987cbf40e2b7b827311eae7d155864e003985","timestamp_utc":"2026-03-07T10:02:22.2070000Z","timestamp_desc":"EventTime","timestamp_source_field":"System.TimeCreated.SystemTime","source":"eventlog","artifact":"Windows.EventLogs.Evtx","collector_kind":"native","host":"DC-CORP-01","host_id":"4f1c0a9e-0003-4a00-9c31-b0de51000003","user":"CORP\\Administrator","message":"Kerberos authentication ticket (TGT) was requested for CORP\\Administrator","target":"CORP\\Administrator","network":{"src_ip":"10.0.5.41","dst_ip":"10.0.10.10","dst_port":88,"protocol":"tcp","direction":"inbound"},"event":{"channel":"Security","provider":"Microsoft-Windows-Security-Auditing","event_id":4768,"record_id":1044603,"level":"Information","computer":"DC-CORP-01.corp.example"},"detections":[],"severity_max":"none","detection_count":0,"provenance":{"raw_file":"raw/Windows.EventLogs.Evtx/results.json","raw_row":161,"collection_id":"demo-dc-corp-01"},"extra":{"encryption_type":"0x12 (AES256-CTS-HMAC-SHA1-96)","ticket_options":"0x40810010"}},
  {"schema_version":"1.0.0","row_hash":"1e65bf89140bd5cf36752a041dc2bea202cc5b900586f1be2a590c7628919ea0","timestamp_utc":"2026-03-07T10:13:09.4410000Z","timestamp_desc":"LastExecuted","source":"execution","artifact":"Windows.Forensics.Prefetch","collector_kind":"velociraptor","host":"DC-CORP-01","host_id":"4f1c0a9e-0003-4a00-9c31-b0de51000003","user":"CORP\\Administrator","message":"REPADMIN.EXE executed (replication health check)","target":"C:\\Windows\\System32\\repadmin.exe","process":{"name":"REPADMIN.EXE","image_path":"C:\\Windows\\System32\\repadmin.exe","command_line":"repadmin /replsummary","parent_name":"cmd.exe","user":"CORP\\Administrator"},"detections":[],"severity_max":"none","detection_count":0,"provenance":{"raw_file":"raw/Windows.Forensics.Prefetch/results.json","raw_row":12,"collection_id":"demo-dc-corp-01"},"extra":{"prefetch_file":"REPADMIN.EXE-19549C4C.pf"}},
  {"schema_version":"1.0.0","row_hash":"15dc5b2af762c87fda18c8ae43fc0d1be7068fc4a5cd0fff9feca11444d1d14b","timestamp_utc":"2026-03-07T10:18:06.9990000Z","timestamp_desc":"EventTime","source":"account","artifact":"Windows.EventLogs.Evtx","collector_kind":"native","host":"DC-CORP-01","host_id":"4f1c0a9e-0003-4a00-9c31-b0de51000003","user":"EU\\alice","message":"User password was changed at the request of the account owner","target":"EU\\bob","event":{"channel":"Security","provider":"Microsoft-Windows-Security-Auditing","event_id":4723,"record_id":598160,"level":"Information","computer":"DC-CORP-01.corp.example"},"detections":[],"severity_max":"none","detection_count":0,"provenance":{"raw_file":"raw/Windows.EventLogs.Evtx/results.json","raw_row":338,"collection_id":"demo-dc-corp-01"}},
  {"schema_version":"1.0.0","row_hash":"565e33201d2128a3b904711c3f0a32d24e7aa4e96c22891f143f70132b68f014","timestamp_utc":"2026-03-07T10:31:57.0450000Z","timestamp_desc":"LastExecuted","source":"execution","artifact":"Windows.Forensics.Prefetch","collector_kind":"velociraptor","host":"DC-CORP-01","host_id":"4f1c0a9e-0003-4a00-9c31-b0de51000003","user":"CORP\\Administrator","message":"REPADMIN.EXE executed (replication health check)","target":"C:\\Windows\\System32\\repadmin.exe","process":{"name":"REPADMIN.EXE","image_path":"C:\\Windows\\System32\\repadmin.exe","command_line":"repadmin /replsummary","parent_name":"cmd.exe","user":"CORP\\Administrator"},"detections":[],"severity_max":"none","detection_count":0,"provenance":{"raw_file":"raw/Windows.Forensics.Prefetch/results.json","raw_row":36,"collection_id":"demo-dc-corp-01"},"extra":{"prefetch_file":"REPADMIN.EXE-188F47CD.pf"}},
  {"schema_version":"1.0.0","row_hash":"03fc3cb4377232cea18e423433071dfa370c9a5cf7ad642ac393fe309d91aa40","timestamp_utc":"2026-03-07T10:34:30.9930000Z","timestamp_desc":"EventTime","timestamp_source_field":"System.TimeCreated.SystemTime","source":"eventlog","artifact":"Windows.EventLogs.Evtx","collector_kind":"native","host":"DC-CORP-01","host_id":"4f1c0a9e-0003-4a00-9c31-b0de51000003","user":"EU\\svc-backup","message":"Kerberos authentication ticket (TGT) was requested for EU\\svc-backup","target":"EU\\svc-backup","network":{"src_ip":"10.0.5.42","dst_ip":"10.0.10.10","dst_port":88,"protocol":"tcp","direction":"inbound"},"event":{"channel":"Security","provider":"Microsoft-Windows-Security-Auditing","event_id":4768,"record_id":1291550,"level":"Information","computer":"DC-CORP-01.corp.example"},"detections":[],"severity_max":"none","detection_count":0,"provenance":{"raw_file":"raw/Windows.EventLogs.Evtx/results.json","raw_row":21,"collection_id":"demo-dc-corp-01"},"extra":{"encryption_type":"0x12 (AES256-CTS-HMAC-SHA1-96)","ticket_options":"0x40810010"}},
  {"schema_version":"1.0.0","row_hash":"cfbcd01e9682fea6a47fa7164ced657fe7234f57d1ef900616d43c4da653383a","timestamp_utc":"2026-03-07T10:39:47.0610000Z","timestamp_desc":"LastWriteTime","source":"registry","artifact":"Windows.Registry.NTDS","collector_kind":"velociraptor","host":"DC-CORP-01","host_id":"4f1c0a9e-0003-4a00-9c31-b0de51000003","user":"SYSTEM","message":"NTDS parameter enumerated: Database backup path","target":"HKLM\\SYSTEM\\CurrentControlSet\\Services\\NTDS\\Parameters","registry":{"key":"HKLM\\SYSTEM\\CurrentControlSet\\Services\\NTDS\\Parameters","value_name":"DSA Database file","value_data":"C:\\Windows\\NTDS\\ntds.dit","value_type":"REG_SZ","hive":"SYSTEM"},"detections":[],"severity_max":"none","detection_count":0,"provenance":{"raw_file":"raw/Windows.Registry.NTDS/results.json","raw_row":42,"collection_id":"demo-dc-corp-01"},"extra":{"slot":10}},
  {"schema_version":"1.0.0","row_hash":"3eb3dc7d6a99c3396361a1918b157095dadb64ce74f78dc0aed580009d413e1d","timestamp_utc":"2026-03-07T10:41:04.3860000Z","timestamp_desc":"EventTime","source":"account","artifact":"Windows.EventLogs.Evtx","collector_kind":"native","host":"DC-CORP-01","host_id":"4f1c0a9e-0003-4a00-9c31-b0de51000003","user":"EU\\bob","message":"User password was changed at the request of the account owner","target":"EU\\carol","event":{"channel":"Security","provider":"Microsoft-Windows-Security-Auditing","event_id":4723,"record_id":664521,"level":"Information","computer":"DC-CORP-01.corp.example"},"detections":[],"severity_max":"none","detection_count":0,"provenance":{"raw_file":"raw/Windows.EventLogs.Evtx/results.json","raw_row":78,"collection_id":"demo-dc-corp-01"}},
  {"schema_version":"1.0.0","row_hash":"2501eb3491f37d86e7a4e36f17a7150002e3e8a24bd5491451780df3ea3b58a7","timestamp_utc":"2026-03-07T10:46:54.8330000Z","timestamp_desc":"EventTime","timestamp_source_field":"System.TimeCreated.SystemTime","source":"eventlog","artifact":"Windows.EventLogs.Evtx","collector_kind":"native","host":"DC-CORP-01","host_id":"4f1c0a9e-0003-4a00-9c31-b0de51000003","user":"EU\\carol","message":"Kerberos authentication ticket (TGT) was requested for EU\\carol","target":"EU\\carol","network":{"src_ip":"10.0.5.15","dst_ip":"10.0.10.10","dst_port":88,"protocol":"tcp","direction":"inbound"},"event":{"channel":"Security","provider":"Microsoft-Windows-Security-Auditing","event_id":4768,"record_id":834215,"level":"Information","computer":"DC-CORP-01.corp.example"},"detections":[],"severity_max":"none","detection_count":0,"provenance":{"raw_file":"raw/Windows.EventLogs.Evtx/results.json","raw_row":81,"collection_id":"demo-dc-corp-01"},"extra":{"encryption_type":"0x12 (AES256-CTS-HMAC-SHA1-96)","ticket_options":"0x40810010"}},
  {"schema_version":"1.0.0","row_hash":"655c1caf4ec02e3c35a5909f49f0936ea08f71f7093c0a26542274922cfe620f","timestamp_utc":"2026-03-07T10:49:05.5350000Z","timestamp_desc":"LastExecuted","source":"execution","artifact":"Windows.Forensics.Prefetch","collector_kind":"velociraptor","host":"DC-CORP-01","host_id":"4f1c0a9e-0003-4a00-9c31-b0de51000003","user":"CORP\\Administrator","message":"REPADMIN.EXE executed (replication health check)","target":"C:\\Windows\\System32\\repadmin.exe","process":{"name":"REPADMIN.EXE","image_path":"C:\\Windows\\System32\\repadmin.exe","command_line":"repadmin /replsummary","parent_name":"cmd.exe","user":"CORP\\Administrator"},"detections":[],"severity_max":"none","detection_count":0,"provenance":{"raw_file":"raw/Windows.Forensics.Prefetch/results.json","raw_row":4,"collection_id":"demo-dc-corp-01"},"extra":{"prefetch_file":"REPADMIN.EXE-13E97447.pf"}},
  {"schema_version":"1.0.0","row_hash":"dd6e4f678f0859a2dc04449ecb99e275251b21352a7a45b5f6f3c0b76f3e3d80","timestamp_utc":"2026-03-07T10:49:34.3880000Z","timestamp_desc":"EventTime","source":"account","artifact":"Windows.EventLogs.Evtx","collector_kind":"native","host":"DC-CORP-01","host_id":"4f1c0a9e-0003-4a00-9c31-b0de51000003","user":"EU\\bob","message":"User password was changed at the request of the account owner","target":"EU\\alice","event":{"channel":"Security","provider":"Microsoft-Windows-Security-Auditing","event_id":4723,"record_id":758221,"level":"Information","computer":"DC-CORP-01.corp.example"},"detections":[],"severity_max":"none","detection_count":0,"provenance":{"raw_file":"raw/Windows.EventLogs.Evtx/results.json","raw_row":18,"collection_id":"demo-dc-corp-01"}},
  {"schema_version":"1.0.0","row_hash":"cd86952d4e57577ea22455c8f5dab3ba1e265f01b0f01d3fffee6d7e1eaf8c7e","timestamp_utc":"2026-03-07T10:59:12.2060000Z","timestamp_desc":"EventTime","source":"network","artifact":"Windows.Network.Netstat","collector_kind":"velociraptor","host":"DC-CORP-01","host_id":"4f1c0a9e-0003-4a00-9c31-b0de51000003","user":"SYSTEM","message":"Inter-site AD replication session with DC-EU-01","target":"10.0.5.10:135","network":{"src_ip":"10.0.10.10","src_port":57563,"dst_ip":"10.0.5.10","dst_port":135,"protocol":"tcp","direction":"outbound","state":"ESTABLISHED"},"detections":[],"severity_max":"none","detection_count":0,"provenance":{"raw_file":"raw/Windows.Network.Netstat/results.json","raw_row":25,"collection_id":"demo-dc-corp-01"},"extra":{"naming_context":"DC=eu,DC=corp,DC=example","replication_partner":"DC-EU-01"}},
  {"schema_version":"1.0.0","row_hash":"9a658be20973ccce30323bcac01c627bcf50a894216a2c3b539bc002fc535b25","timestamp_utc":"2026-03-07T11:07:01.6170000Z","timestamp_desc":"LastWriteTime","source":"registry","artifact":"Windows.Registry.NTDS","collector_kind":"velociraptor","host":"DC-CORP-01","host_id":"4f1c0a9e-0003-4a00-9c31-b0de51000003","user":"SYSTEM","message":"NTDS parameter enumerated: Database backup path","target":"HKLM\\SYSTEM\\CurrentControlSet\\Services\\NTDS\\Parameters","registry":{"key":"HKLM\\SYSTEM\\CurrentControlSet\\Services\\NTDS\\Parameters","value_name":"DSA Database file","value_data":"C:\\Windows\\NTDS\\ntds.dit","value_type":"REG_SZ","hive":"SYSTEM"},"detections":[],"severity_max":"none","detection_count":0,"provenance":{"raw_file":"raw/Windows.Registry.NTDS/results.json","raw_row":18,"collection_id":"demo-dc-corp-01"},"extra":{"slot":26}},
  {"schema_version":"1.0.0","row_hash":"6c146238a5a9bf58f5bb2840d7b9cd158e1b5d3fd751a2c4d6272840b92cbf0a","timestamp_utc":"2026-03-07T11:08:19.9480000Z","timestamp_desc":"EventTime","source":"account","artifact":"Windows.EventLogs.Evtx","collector_kind":"native","host":"DC-CORP-01","host_id":"4f1c0a9e-0003-4a00-9c31-b0de51000003","user":"EU\\carol","message":"User password was changed at the request of the account owner","target":"EU\\bob","event":{"channel":"Security","provider":"Microsoft-Windows-Security-Auditing","event_id":4723,"record_id":573022,"level":"Information","computer":"DC-CORP-01.corp.example"},"detections":[],"severity_max":"none","detection_count":0,"provenance":{"raw_file":"raw/Windows.EventLogs.Evtx/results.json","raw_row":238,"collection_id":"demo-dc-corp-01"}},
  {"schema_version":"1.0.0","row_hash":"fb03c7175b9f2ab6e685614a1eb46b3a33e95932fdf68dfca3160740a7e39be8","timestamp_utc":"2026-03-07T11:12:48.5510000Z","timestamp_desc":"EventTime","source":"account","artifact":"Windows.EventLogs.Evtx","collector_kind":"native","host":"DC-CORP-01","host_id":"4f1c0a9e-0003-4a00-9c31-b0de51000003","user":"EU\\carol","message":"User password was changed at the request of the account owner","target":"EU\\bob","event":{"channel":"Security","provider":"Microsoft-Windows-Security-Auditing","event_id":4723,"record_id":474476,"level":"Information","computer":"DC-CORP-01.corp.example"},"detections":[],"severity_max":"none","detection_count":0,"provenance":{"raw_file":"raw/Windows.EventLogs.Evtx/results.json","raw_row":198,"collection_id":"demo-dc-corp-01"}},
  {"schema_version":"1.0.0","row_hash":"630271aa7f0fb281508370ae56cb2d491b44d42d070d30fb17f5436ef2fa7495","timestamp_utc":"2026-03-07T11:16:28.8320000Z","timestamp_desc":"EventTime","timestamp_source_field":"System.TimeCreated.SystemTime","source":"eventlog","artifact":"Windows.EventLogs.Evtx","collector_kind":"native","host":"DC-CORP-01","host_id":"4f1c0a9e-0003-4a00-9c31-b0de51000003","user":"EU\\carol","message":"Kerberos authentication ticket (TGT) was requested for EU\\carol","target":"EU\\carol","network":{"src_ip":"10.0.5.42","dst_ip":"10.0.10.10","dst_port":88,"protocol":"tcp","direction":"inbound"},"event":{"channel":"Security","provider":"Microsoft-Windows-Security-Auditing","event_id":4768,"record_id":954556,"level":"Information","computer":"DC-CORP-01.corp.example"},"detections":[],"severity_max":"none","detection_count":0,"provenance":{"raw_file":"raw/Windows.EventLogs.Evtx/results.json","raw_row":201,"collection_id":"demo-dc-corp-01"},"extra":{"encryption_type":"0x12 (AES256-CTS-HMAC-SHA1-96)","ticket_options":"0x40810010"}},
  {"schema_version":"1.0.0","row_hash":"51dcf24822a2eef01b19e18749297b214a77822e2d9defc7a831738ffbcd83e3","timestamp_utc":"2026-03-07T11:21:54.0110000Z","timestamp_desc":"LastExecuted","source":"execution","artifact":"Windows.Forensics.Prefetch","collector_kind":"velociraptor","host":"DC-CORP-01","host_id":"4f1c0a9e-0003-4a00-9c31-b0de51000003","user":"CORP\\Administrator","message":"REPADMIN.EXE executed (replication health check)","target":"C:\\Windows\\System32\\repadmin.exe","process":{"name":"REPADMIN.EXE","image_path":"C:\\Windows\\System32\\repadmin.exe","command_line":"repadmin /replsummary","parent_name":"cmd.exe","user":"CORP\\Administrator"},"detections":[],"severity_max":"none","detection_count":0,"provenance":{"raw_file":"raw/Windows.Forensics.Prefetch/results.json","raw_row":0,"collection_id":"demo-dc-corp-01"},"extra":{"prefetch_file":"REPADMIN.EXE-1DC3ED36.pf"}},
  {"schema_version":"1.0.0","row_hash":"d177fcaa8efc5c0d4e93f767e573e4f2ec2b9e485ec2a11ad8d988d17c118f92","timestamp_utc":"2026-03-07T11:54:35.2460000Z","timestamp_desc":"LastExecuted","source":"execution","artifact":"Windows.Forensics.Prefetch","collector_kind":"velociraptor","host":"DC-CORP-01","host_id":"4f1c0a9e-0003-4a00-9c31-b0de51000003","user":"CORP\\Administrator","message":"REPADMIN.EXE executed (replication health check)","target":"C:\\Windows\\System32\\repadmin.exe","process":{"name":"REPADMIN.EXE","image_path":"C:\\Windows\\System32\\repadmin.exe","command_line":"repadmin /replsummary","parent_name":"cmd.exe","user":"CORP\\Administrator"},"detections":[],"severity_max":"none","detection_count":0,"provenance":{"raw_file":"raw/Windows.Forensics.Prefetch/results.json","raw_row":44,"collection_id":"demo-dc-corp-01"},"extra":{"prefetch_file":"REPADMIN.EXE-185827A8.pf"}},
  {"schema_version":"1.0.0","row_hash":"83e04b09062ada982e3592ca77e0e036ec2b035791c92bb05c2b88f8a62a3dce","timestamp_utc":"2026-03-07T12:09:42.9340000Z","timestamp_desc":"EventTime","source":"network","artifact":"Windows.Network.Netstat","collector_kind":"velociraptor","host":"DC-CORP-01","host_id":"4f1c0a9e-0003-4a00-9c31-b0de51000003","user":"SYSTEM","message":"Inter-site AD replication session with DC-EU-01","target":"10.0.5.10:135","network":{"src_ip":"10.0.10.10","src_port":59991,"dst_ip":"10.0.5.10","dst_port":135,"protocol":"tcp","direction":"outbound","state":"ESTABLISHED"},"detections":[],"severity_max":"none","detection_count":0,"provenance":{"raw_file":"raw/Windows.Network.Netstat/results.json","raw_row":37,"collection_id":"demo-dc-corp-01"},"extra":{"naming_context":"DC=eu,DC=corp,DC=example","replication_partner":"DC-EU-01"}},
  {"schema_version":"1.0.0","row_hash":"548b6f898390cbba576ad0e82509769a5bfe72e31f42510297b5b7464d149d1b","timestamp_utc":"2026-03-07T12:36:46.9360000Z","timestamp_desc":"EventTime","timestamp_source_field":"System.TimeCreated.SystemTime","source":"eventlog","artifact":"Windows.EventLogs.Evtx","collector_kind":"native","host":"DC-CORP-01","host_id":"4f1c0a9e-0003-4a00-9c31-b0de51000003","user":"CORP\\Administrator","message":"Kerberos authentication ticket (TGT) was requested for CORP\\Administrator","target":"CORP\\Administrator","network":{"src_ip":"10.0.5.15","dst_ip":"10.0.10.10","dst_port":88,"protocol":"tcp","direction":"inbound"},"event":{"channel":"Security","provider":"Microsoft-Windows-Security-Auditing","event_id":4768,"record_id":602115,"level":"Information","computer":"DC-CORP-01.corp.example"},"detections":[],"severity_max":"none","detection_count":0,"provenance":{"raw_file":"raw/Windows.EventLogs.Evtx/results.json","raw_row":61,"collection_id":"demo-dc-corp-01"},"extra":{"encryption_type":"0x12 (AES256-CTS-HMAC-SHA1-96)","ticket_options":"0x40810010"}},
