  {"schema_version":"1.0.0","row_hash":"863c9f2fe20723d6b5b6589f3efe3cfe5209436c8ce92c53d9b24263db6bf989","timestamp_utc":"2026-03-10T02:06:40.0000000Z","timestamp_desc":"ProcessStartTime","source":"execution","artifact":"Windows.EventLogs.Evtx","collector_kind":"native","host":"WKS-CORP-01","host_id":"4f1c0a9e-0001-4a00-9c31-b0de51000001","user":"EU\\alice","message":"Domain group enumeration: net group \"Domain Admins\" /domain","target":"C:\\Windows\\System32\\net.exe","process":{"pid":8140,"ppid":7900,"name":"net.exe","image_path":"C:\\Windows\\System32\\net.exe","command_line":"net group \"Domain Admins\" /domain","parent_name":"updatesvc.exe","user":"EU\\alice"},"event":{"channel":"Microsoft-Windows-Sysmon/Operational","provider":"Microsoft-Windows-Sysmon","event_id":1,"record_id":891008,"level":"Information"},"detections":[{"engine":"sigma","rule_id":"demo-sigma-0011","rule_name":"Privileged Group Enumeration","severity":"medium","rule_author":"IRTriage demo rule pack","rule_description":"Enumeration of a privileged domain group from a workstation.","rule_source":"sigma:demo-pack","mitre_techniques":["T1069.002"]}],"severity_max":"medium","detection_count":1,"provenance":{"raw_file":"raw/Windows.EventLogs.Evtx/results.json","raw_row":252,"collection_id":"demo-wks-corp-01"}},
  {"schema_version":"1.0.0","row_hash":"2b44d68b26aa56a255023597983fa045b71ac5f8c31bc4d38b785a64fd330cee","timestamp_utc":"2026-03-10T02:08:15.0000000Z","timestamp_desc":"ProcessStartTime","source":"execution","artifact":"Windows.EventLogs.Evtx","collector_kind":"native","host":"WKS-CORP-01","host_id":"4f1c0a9e-0001-4a00-9c31-b0de51000001","user":"EU\\alice","message":"Forest trust enumeration: nltest /domain_trusts /all_trusts (reveals corp.example <- eu.corp.example)","target":"C:\\Windows\\System32\\nltest.exe","process":{"pid":8168,"ppid":7900,"name":"nltest.exe","image_path":"C:\\Windows\\System32\\nltest.exe","command_line":"nltest.exe /domain_trusts /all_trusts","parent_name":"updatesvc.exe","user":"EU\\alice"},"event":{"channel":"Microsoft-Windows-Sysmon/Operational","provider":"Microsoft-Windows-Sysmon","event_id":1,"record_id":891014,"level":"Information"},"detections":[{"engine":"sigma","rule_id":"demo-sigma-0012","rule_name":"Domain Trust Discovery","severity":"medium","rule_author":"IRTriage demo rule pack","rule_description":"Trust relationships enumerated from a workstation, typically a precursor to cross-domain movement.","rule_source":"sigma:demo-pack","mitre_techniques":["T1482"]}],"severity_max":"medium","detection_count":1,"provenance":{"raw_file":"raw/Windows.EventLogs.Evtx/results.json","raw_row":253,"collection_id":"demo-wks-corp-01"},"extra":{"discovered_domains":"corp.example; eu.corp.example"}},
  {"schema_version":"1.0.0","row_hash":"711c76cf4ff5902a2635b8bf26e32ef06600704e6eef33b2975437e3e0d3ddc0","timestamp_utc":"2026-03-10T02:12:09.4240000Z","timestamp_desc":"Modified","timestamp_source_field":"Mtime","source":"filesystem","artifact":"Windows.NTFS.MFT","collector_kind":"velociraptor","host":"WKS-CORP-01","host_id":"4f1c0a9e-0001-4a00-9c31-b0de51000001","user":"EU\\alice","message":"File modified: cashflow-model.xlsx","target":"C:\\Users\\alice\\Documents\\cashflow-model.xlsx","file":{"path":"C:\\Users\\alice\\Documents\\cashflow-model.xlsx","name":"cashflow-model.xlsx","extension":"xlsx","size_bytes":144638,"mft_entry":110584,"is_directory":false,"is_allocated":true},"detections":[],"severity_max":"none","detection_count":0,"provenance":{"raw_file":"raw/Windows.NTFS.MFT/results.json","raw_row":39,"collection_id":"demo-wks-corp-01"}},
  {"schema_version":"1.0.0","row_hash":"d515440f105918d1fabe0fdda7b165851e958f6795963fe48f1759af42df05c1","timestamp_utc":"2026-03-10T02:12:33.0000000Z","timestamp_desc":"Created","source":"filesystem","artifact":"Windows.NTFS.MFT","collector_kind":"velociraptor","host":"WKS-CORP-01","host_id":"4f1c0a9e-0001-4a00-9c31-b0de51000001","user":"EU\\alice","message":"AD enumeration utility staged in the user temp directory: adq.exe","target":"C:\\Users\\alice\\AppData\\Local\\Temp\\adq.exe","file":{"path":"C:\\Users\\alice\\AppData\\Local\\Temp\\adq.exe","name":"adq.exe","extension":"exe","size_bytes":1048576,"mft_entry":119002,"is_allocated":true,"signature_status":"unsigned"},"hashes":{"md5":"b09f31096efa0b53f8aeea1abdc99a95","sha1":"6004d414a0567a4a919e2681182eb6d9fe57b305","sha256":"362495bdb4404d73c8edf1c046ab790e45dc2b7e0972f6e0b2642f146e4c726d"},"detections":[{"engine":"yara","rule_id":"demo-yara-0003","rule_name":"IRTriage_Demo_AD_Enumeration_Tool","severity":"medium","rule_author":"IRTriage demo rule pack","rule_description":"Binary containing LDAP filter strings characteristic of bulk directory enumeration tooling.","rule_source":"yara:demo-pack","mitre_techniques":["T1087.002"],"match_detail":"$ldap_filter","match_offset":8452}],"severity_max":"medium","detection_count":1,"provenance":{"raw_file":"raw/Windows.NTFS.MFT/results.json","raw_row":86,"collection_id":"demo-wks-corp-01"}},
  {"schema_version":"1.0.0","row_hash":"c7f1f3c0224f23b0cbfbc4430eedf0175be6430bec61a7bd10c8ac7803f66112","timestamp_utc":"2026-03-10T02:12:49.0340000Z","timestamp_desc":"EventTime","source":"network","artifact":"Windows.Network.Netstat","collector_kind":"velociraptor","host":"WKS-CORP-01","host_id":"4f1c0a9e-0001-4a00-9c31-b0de51000001","user":"EU\\alice","message":"Outbound HTTPS session via corporate proxy","target":"10.0.5.9:8080","process":{"name":"MSEDGE.EXE","image_path":"C:\\Program Files (x86)\\Microsoft\\Edge\\Application\\msedge.exe","parent_name":"explorer.exe"},"network":{"src_ip":"10.0.5.41","src_port":55330,"dst_ip":"10.0.5.9","dst_port":8080,"protocol":"tcp","domain":"updates.corp.example","direction":"outbound","state":"ESTABLISHED"},"detections":[],"severity_max":"none","detection_count":0,"provenance":{"raw_file":"raw/Windows.Network.Netstat/results.json","raw_row":61,"collection_id":"demo-wks-corp-01"}},
  {"schema_version":"1.0.0","row_hash":"3f65fa34fb1b085a430c38428f2c55497b133331191384b025db5558667ee551","timestamp_utc":"2026-03-10T02:13:02.0000000Z","timestamp_desc":"LastExecuted","source":"execution","artifact":"Windows.Forensics.Prefetch","collector_kind":"velociraptor","host":"WKS-CORP-01","host_id":"4f1c0a9e-0001-4a00-9c31-b0de51000001","user":"EU\\alice","message":"ADQ.EXE executed, writing results to the user temp directory","target":"C:\\Users\\alice\\AppData\\Local\\Temp\\adq.exe","hashes":{"md5":"b09f31096efa0b53f8aeea1abdc99a95","sha1":"6004d414a0567a4a919e2681182eb6d9fe57b305","sha256":"362495bdb4404d73c8edf1c046ab790e45dc2b7e0972f6e0b2642f146e4c726d"},"process":{"name":"adq.exe","image_path":"C:\\Users\\alice\\AppData\\Local\\Temp\\adq.exe","command_line":"adq.exe -f \"(objectClass=user)\" -o C:\\Users\\alice\\AppData\\Local\\Temp\\u.csv","parent_name":"updatesvc.exe","user":"EU\\alice"},"detections":[],"severity_max":"none","detection_count":0,"provenance":{"raw_file":"raw/Windows.Forensics.Prefetch/results.json","raw_row":84,"collection_id":"demo-wks-corp-01"},"extra":{"prefetch_file":"ADQ.EXE-11C4B7A9.pf","run_count":1}},
  {"schema_version":"1.0.0","row_hash":"f5e22a6e14e0060ff118b2efe85935554782ae94bd354ae4e3f9d09b564d0c33","timestamp_utc":"2026-03-10T02:20:29.8910000Z","timestamp_desc":"EventTime","source":"log","artifact":"Windows.EventLogs.Evtx","collector_kind":"native","host":"WKS-CORP-01","host_id":"4f1c0a9e-0001-4a00-9c31-b0de51000001","user":"SYSTEM","message":"Antimalware definitions updated to 1.421.302.0","target":"Microsoft-Windows-Windows Defender/Operational","process":{"name":"MsMpEng.exe","parent_name":"services.exe"},"event":{"channel":"Microsoft-Windows-Windows Defender/Operational","provider":"Microsoft-Windows-Windows-Defender","event_id":2000,"record_id":1329,"level":"Information","computer":"WKS-CORP-01.eu.corp.example"},"detections":[],"severity_max":"none","detection_count":0,"provenance":{"raw_file":"raw/Windows.EventLogs.Evtx/results.json","raw_row":142,"collection_id":"demo-wks-corp-01"}},
  {"schema_version":"1.0.0","row_hash":"cc51804132c712d5c73901b6c1918a1c29e743847cd01f52787785062621f4f3","timestamp_utc":"2026-03-10T02:31:19.0000000Z","timestamp_desc":"ProcessStartTime","source":"execution","artifact":"Windows.EventLogs.Evtx","collector_kind":"native","host":"WKS-CORP-01","host_id":"4f1c0a9e-0001-4a00-9c31-b0de51000001","user":"EU\\alice","message":"LSASS minidump via rundll32 comsvcs.dll MiniDump (pid 772 -> C:\\Windows\\Temp\\ls.dmp)","target":"C:\\Windows\\Temp\\ls.dmp","process":{"pid":8360,"ppid":7900,"name":"rundll32.exe","image_path":"C:\\Windows\\System32\\rundll32.exe","command_line":"rundll32.exe C:\\Windows\\System32\\comsvcs.dll, MiniDump 772 C:\\Windows\\Temp\\ls.dmp full","parent_name":"updatesvc.exe","integrity_level":"High","session_id":2,"user":"EU\\alice"},"event":{"channel":"Microsoft-Windows-Sysmon/Operational","provider":"Microsoft-Windows-Sysmon","event_id":1,"record_id":891120,"level":"Information"},"detections":[{"engine":"sigma","rule_id":"demo-sigma-0014","rule_name":"LSASS Memory Dump via comsvcs.dll MiniDump","severity":"critical","rule_author":"IRTriage demo rule pack","rule_description":"The comsvcs.dll MiniDump export was invoked against the LSASS process id.","rule_source":"sigma:demo-pack","mitre_techniques":["T1003.001"],"match_detail":"CommandLine contains comsvcs.dll AND MiniDump"},{"engine":"hayabusa","rule_id":"demo-haya-0002","rule_name":"Cred Dump: comsvcs MiniDump","severity":"critical","rule_author":"IRTriage demo rule pack","rule_description":"Cred Dump: comsvcs MiniDump","rule_source":"hayabusa:demo-pack","mitre_techniques":["T1003.001"],"match_detail":"Sysmon 1 CommandLine=comsvcs.dll,MiniDump"}],"severity_max":"critical","detection_count":2,"provenance":{"raw_file":"raw/Windows.EventLogs.Evtx/results.json","raw_row":254,"collection_id":"demo-wks-corp-01"}},
  {"schema_version":"1.0.0","row_hash":"c9fe88278696e76e149f8a8d1269ccdca3286ad8356eace642fd42c6b4ba78b7","timestamp_utc":"2026-03-10T02:31:20.0000000Z","timestamp_desc":"EventTime","source":"eventlog","artifact":"Windows.EventLogs.Evtx","collector_kind":"native","host":"WKS-CORP-01","host_id":"4f1c0a9e-0001-4a00-9c31-b0de51000001","user":"EU\\alice","message":"Process access to lsass.exe granted PROCESS_VM_READ|PROCESS_QUERY_INFORMATION from rundll32.exe","target":"C:\\Windows\\System32\\lsass.exe","process":{"pid":8360,"name":"rundll32.exe","image_path":"C:\\Windows\\System32\\rundll32.exe","parent_name":"updatesvc.exe","user":"EU\\alice"},"event":{"channel":"Microsoft-Windows-Sysmon/Operational","provider":"Microsoft-Windows-Sysmon","event_id":10,"record_id":891121,"level":"Information"},"detections":[{"engine":"sigma","rule_id":"demo-sigma-0015","rule_name":"Suspicious Process Access To LSASS","severity":"high","rule_author":"IRTriage demo rule pack","rule_description":"A non-security process opened LSASS with read access.","rule_source":"sigma:demo-pack","mitre_techniques":["T1003.001"]}],"severity_max":"high","detection_count":1,"provenance":{"raw_file":"raw/Windows.EventLogs.Evtx/results.json","raw_row":255,"collection_id":"demo-wks-corp-01"},"extra":{"granted_access":"0x1410","target_image":"C:\\Windows\\System32\\lsass.exe","target_pid":772}},
  {"schema_version":"1.0.0","row_hash":"f8d43e4300fee31c4e83ff9e05618c9af57cda010120134f46222a83461d8d0b","timestamp_utc":"2026-03-10T02:31:24.0000000Z","timestamp_desc":"Created","source":"filesystem","artifact":"Windows.NTFS.MFT","collector_kind":"velociraptor","host":"WKS-CORP-01","host_id":"4f1c0a9e-0001-4a00-9c31-b0de51000001","user":"SYSTEM","message":"Process minidump written: ls.dmp (56 MB, LSASS signature present)","target":"C:\\Windows\\Temp\\ls.dmp","file":{"path":"C:\\Windows\\Temp\\ls.dmp","name":"ls.dmp","extension":"dmp","size_bytes":58720256,"mft_entry":119204,"is_allocated":true},"hashes":{"md5":"4a135403d877c864f455702902e0cd11","sha1":"c4ce92f4ad117231a74b3ff5b55e3d1253cfc10f","sha256":"4e2861ff65eafb848dac6cb0371c782b5d7d2810766b0094712da215501ec4df"},"detections":[{"engine":"yara","rule_id":"demo-yara-0004","rule_name":"IRTriage_Demo_LSASS_Minidump","severity":"critical","rule_author":"IRTriage demo rule pack","rule_description":"Minidump stream header combined with lsass.exe module names.","rule_source":"yara:demo-pack","mitre_techniques":["T1003.001"],"match_detail":"$mdmp_lsasrv","match_offset":4096}],"severity_max":"critical","detection_count":1,"provenance":{"raw_file":"raw/Windows.NTFS.MFT/results.json","raw_row":87,"collection_id":"demo-wks-corp-01"}},
  {"schema_version":"1.0.0","row_hash":"edab0727d0f12beb09c32a21a7a18096eeb7b022750655a1ee5fe69eb2f063e3","timestamp_utc":"2026-03-10T02:40:16.4020000Z","timestamp_desc":"InstallDate","source":"usb_device","artifact":"Windows.Registry.USBSTOR","collector_kind":"velociraptor","host":"WKS-CORP-01","host_id":"4f1c0a9e-0001-4a00-9c31-b0de51000001","user":"EU\\alice","message":"Sanctioned encrypted USB volume connected (asset FIN-USB-04)","target":"USBSTOR\\Disk&Ven_Corp&Prod_SecureKey&Rev_1.0","registry":{"key":"HKLM\\SYSTEM\\CurrentControlSet\\Enum\\USBSTOR\\Disk&Ven_Corp&Prod_SecureKey&Rev_1.0","value_name":"FriendlyName","value_data":"Corp SecureKey USB Device","value_type":"REG_SZ","hive":"SYSTEM"},"detections":[],"severity_max":"none","detection_count":0,"provenance":{"raw_file":"raw/Windows.Registry.USBSTOR/results.json","raw_row":38,"collection_id":"demo-wks-corp-01"},"extra":{"serial_number":"FINUSB048541","volume_label":"FIN-USB-04"}},
  {"schema_version":"1.0.0","row_hash":"39730224a3ce10fdf8c0b1420a5050a14ed4d29b8855117adea564b83cf4e462","timestamp_utc":"2026-03-10T02:44:08.0000000Z","timestamp_desc":"Created","source":"filesystem","artifact":"Windows.NTFS.MFT","collector_kind":"velociraptor","host":"WKS-CORP-01","host_id":"4f1c0a9e-0001-4a00-9c31-b0de51000001","user":"EU\\alice","message":"Kerberos ticket-harvesting tool staged: svcq.exe","target":"C:\\Users\\alice\\AppData\\Local\\Temp\\svcq.exe","file":{"path":"C:\\Users\\alice\\AppData\\Local\\Temp\\svcq.exe","name":"svcq.exe","extension":"exe","size_bytes":356352,"mft_entry":119311,"is_allocated":true,"signature_status":"unsigned"},"hashes":{"md5":"f22ac1709e731ab257504c681498e2a0","sha1":"8b03a6d659a50d0f39c8a38d1b056f07019b70bf","sha256":"74cd297cee86867e865e4b48ed5ef485c8803748e972f3178a0eb6c2b9b57665"},"detections":[{"engine":"yara","rule_id":"demo-yara-0005","rule_name":"IRTriage_Demo_Kerberos_Roasting_Tool","severity":"high","rule_author":"IRTriage demo rule pack","rule_description":"Binary containing Kerberos TGS-REQ construction strings and RC4 downgrade markers.","rule_source":"yara:demo-pack","mitre_techniques":["T1558.003"],"match_detail":"$tgs_req_rc4","match_offset":15872}],"severity_max":"high","detection_count":1,"provenance":{"raw_file":"raw/Windows.NTFS.MFT/results.json","raw_row":88,"collection_id":"demo-wks-corp-01"}},
  {"schema_version":"1.0.0","row_hash":"4c912239829f0fba8eb6c7dcfb72841afbaf36d548bfc8c31a17fe5d59065471","timestamp_utc":"2026-03-10T02:45:50.8540000Z","timestamp_desc":"VisitTime","timestamp_source_field":"last_visit_time","source":"browser","artifact":"Windows.Applications.Edge.History","collector_kind":"velociraptor","host":"WKS-CORP-01","host_id":"4f1c0a9e-0001-4a00-9c31-b0de51000001","user":"EU\\alice","message":"Edge visit: Finance - monthly close","target":"https://intranet.corp.example/finance/monthly-close","network":{"domain":"intranet.corp.example","url":"https://intranet.corp.example/finance/monthly-close","direction":"outbound"},"detections":[],"severity_max":"none","detection_count":0,"provenance":{"raw_file":"raw/Windows.Applications.Edge.History/results.json","raw_row":8,"collection_id":"demo-wks-corp-01"}},
  {"schema_version":"1.0.0","row_hash":"5094dc2a583a44b0f01c40d8ae3bb1adb5fa1cc73474144d6c2767cfae605041","timestamp_utc":"2026-03-10T03:12:05.3560000Z","timestamp_desc":"EventTime","source":"service","artifact":"Windows.EventLogs.Evtx","collector_kind":"native","host":"WKS-CORP-01","host_id":"4f1c0a9e-0001-4a00-9c31-b0de51000001","user":"SYSTEM","message":"Service entered the running state: Windows Update (wuauserv)","target":"wuauserv","process":{"name":"services.exe","image_path":"C:\\Windows\\System32\\services.exe"},"event":{"channel":"System","provider":"Service Control Manager","event_id":7036,"record_id":4520,"level":"Information","computer":"WKS-CORP-01.eu.corp.example"},"detections":[],"severity_max":"none","detection_count":0,"provenance":{"raw_file":"raw/Windows.EventLogs.Evtx/results.json","raw_row":29,"collection_id":"demo-wks-corp-01"}},
  {"schema_version":"1.0.0","row_hash":"b600904aa8cd34582d7c0122862e494a891d25f199bed27c93a9dac4cec11164","timestamp_utc":"2026-03-10T03:12:17.5370000Z","timestamp_desc":"Modified","timestamp_source_field":"Mtime","source":"filesystem","artifact":"Windows.NTFS.MFT","collector_kind":"velociraptor","host":"WKS-CORP-01","host_id":"4f1c0a9e-0001-4a00-9c31-b0de51000001","user":"EU\\alice","message":"File modified: audit-notes.docx","target":"C:\\Users\\alice\\Documents\\audit-notes.docx","file":{"path":"C:\\Users\\alice\\Documents\\audit-notes.docx","name":"audit-notes.docx","extension":"docx","size_bytes":347090,"mft_entry":103309,"is_directory":false,"is_allocated":true},"detections":[],"severity_max":"none","detection_count":0,"provenance":{"raw_file":"raw/Windows.NTFS.MFT/results.json","raw_row":79,"collection_id":"demo-wks-corp-01"}},
  {"schema_version":"1.0.0","row_hash":"55e86a7ae3006647da9557157a46102777d6886f6c7c1679316133b8658ec70d","timestamp_utc":"2026-03-10T05:07:41.7010000Z","timestamp_desc":"LastExecuted","timestamp_source_field":"LastRunTimes","source":"execution","artifact":"Windows.Forensics.Prefetch","collector_kind":"velociraptor","host":"WKS-CORP-01","host_id":"4f1c0a9e-0001-4a00-9c31-b0de51000001","user":"EU\\alice","message":"OUTLOOK.EXE executed (prefetch run count 24)","target":"C:\\Program Files\\Microsoft Office\\root\\Office16\\OUTLOOK.EXE","process":{"name":"OUTLOOK.EXE","image_path":"C:\\Program Files\\Microsoft Office\\root\\Office16\\OUTLOOK.EXE","parent_name":"explorer.exe"},"detections":[],"severity_max":"none","detection_count":0,"provenance":{"raw_file":"raw/Windows.Forensics.Prefetch/results.json","raw_row":76,"collection_id":"demo-wks-corp-01"},"extra":{"prefetch_file":"OUTLOOK.EXE-1CD64154.pf"}},
  {"schema_version":"1.0.0","row_hash":"e7d90427d3583cd6b39ca6c6d578ec1f9d5840506f7745306f3ebf3b422bdf2d","timestamp_utc":"2026-03-10T05:11:36.3960000Z","timestamp_desc":"EventTime","timestamp_source_field":"System.TimeCreated.SystemTime","source":"eventlog","artifact":"Windows.EventLogs.Evtx","collector_kind":"native","host":"WKS-CORP-01","host_id":"4f1c0a9e-0001-4a00-9c31-b0de51000001","user":"EU\\alice","message":"An account was successfully logged on (interactive): EU\\alice","target":"EU\\alice","event":{"channel":"Security","provider":"Microsoft-Windows-Security-Auditing","event_id":4624,"record_id":975629,"level":"Information","computer":"WKS-CORP-01.eu.corp.example","logon_type":2,"logon_id":"0x37e74"},"detections":[],"severity_max":"none","detection_count":0,"provenance":{"raw_file":"raw/Windows.EventLogs.Evtx/results.json","raw_row":3,"collection_id":"demo-wks-corp-01"}},
  {"schema_version":"1.0.0","row_hash":"50e3d33b078cc7b668bfe1acd585caa3979970d873b6de9fdf747cdc96776db7","timestamp_utc":"2026-03-10T06:35:08.9740000Z","timestamp_desc":"Modified","timestamp_source_field":"Mtime","source":"filesystem","artifact":"Windows.NTFS.MFT","collector_kind":"velociraptor","host":"WKS-CORP-01","host_id":"4f1c0a9e-0001-4a00-9c31-b0de51000001","user":"EU\\alice","message":"File modified: payroll-summary.xlsx","target":"C:\\Users\\alice\\Documents\\payroll-summary.xlsx","file":{"path":"C:\\Users\\alice\\Documents\\payroll-summary.xlsx","name":"payroll-summary.xlsx","extension":"xlsx","size_bytes":382374,"mft_entry":119069,"is_directory":false,"is_allocated":true},"detections":[],"severity_max":"none","detection_count":0,"provenance":{"raw_file":"raw/Windows.NTFS.MFT/results.json","raw_row":31,"collection_id":"demo-wks-corp-01"}},
  {"schema_version":"1.0.0","row_hash":"ec21a8ee8f548a9a8996f14253970692562020a19b90be62cd5b013a8dbfd8bf","timestamp_utc":"2026-03-10T07:09:59.5980000Z","timestamp_desc":"InstallDate","source":"usb_device","artifact":"Windows.Registry.USBSTOR","collector_kind":"velociraptor","host":"WKS-CORP-01","host_id":"4f1c0a9e-0001-4a00-9c31-b0de51000001","user":"EU\\alice","message":"Sanctioned encrypted USB volume connected (asset FIN-USB-04)","target":"USBSTOR\\Disk&Ven_Corp&Prod_SecureKey&Rev_1.0","registry":{"key":"HKLM\\SYSTEM\\CurrentControlSet\\Enum\\USBSTOR\\Disk&Ven_Corp&Prod_SecureKey&Rev_1.0","value_name":"FriendlyName","value_data":"Corp SecureKey USB Device","value_type":"REG_SZ","hive":"SYSTEM"},"detections":[],"severity_max":"none","detection_count":0,"provenance":{"raw_file":"raw/Windows.Registry.USBSTOR/results.json","raw_row":70,"collection_id":"demo-wks-corp-01"},"extra":{"serial_number":"FINUSB046556","volume_label":"FIN-USB-04"}},
  {"schema_version":"1.0.0","row_hash":"737564c25191e3192f52d0b95bcbdee909d09e149be3ca5b2e925e6a6df1b76e","timestamp_utc":"2026-03-10T08:03:50.1660000Z","timestamp_desc":"LastWriteTime","source":"system_info","artifact":"Windows.Sysinternals.Autoruns","collector_kind":"velociraptor","host":"WKS-CORP-01","host_id":"4f1c0a9e-0001-4a00-9c31-b0de51000001","user":"SYSTEM","message":"Autorun entry enumerated: OneDrive (signed, Microsoft Corporation)","target":"C:\\Program Files\\Microsoft OneDrive\\OneDrive.exe","file":{"path":"C:\\Program Files\\Microsoft OneDrive\\OneDrive.exe","name":"OneDrive.exe","extension":"exe","size_bytes":2815236,"signature_status":"signed_valid","signer":"Microsoft Corporation"},"detections":[],"severity_max":"none","detection_count":0,"provenance":{"raw_file":"raw/Windows.Sysinternals.Autoruns/results.json","raw_row":35,"collection_id":"demo-wks-corp-01"}},
  {"schema_version":"1.0.0","row_hash":"6657e3f19fe43abdb80bec8a9af33c7799534fd67b8951b38cb75b44b9701688","timestamp_utc":"2026-03-10T08:11:33.2670000Z","timestamp_desc":"LastWriteTime","source":"system_info","artifact":"Windows.Sysinternals.Autoruns","collector_kind":"velociraptor","host":"WKS-CORP-01","host_id":"4f1c0a9e-0001-4a00-9c31-b0de51000001","user":"SYSTEM","message":"Autorun entry enumerated: OneDrive (signed, Microsoft Corporation)","target":"C:\\Program Files\\Microsoft OneDrive\\OneDrive.exe","file":{"path":"C:\\Program Files\\Microsoft OneDrive\\OneDrive.exe","name":"OneDrive.exe","extension":"exe","size_bytes":2880702,"signature_status":"signed_valid","signer":"Microsoft Corporation"},"detections":[],"severity_max":"none","detection_count":0,"provenance":{"raw_file":"raw/Windows.Sysinternals.Autoruns/results.json","raw_row":59,"collection_id":"demo-wks-corp-01"}},
  {"schema_version":"1.0.0","row_hash":"ce7700c048781f435070bbf0c3801bc503a33677f9342ca8e0905b15b494f14d","timestamp_utc":"2026-03-10T08:17:53.9350000Z","timestamp_desc":"EventTime","source":"service","artifact":"Windows.EventLogs.Evtx","collector_kind":"native","host":"WKS-CORP-01","host_id":"4f1c0a9e-0001-4a00-9c31-b0de51000001","user":"SYSTEM","message":"Service entered the running state: Windows Update (wuauserv)","target":"wuauserv","process":{"name":"services.exe","image_path":"C:\\Windows\\System32\\services.exe"},"event":{"channel":"System","provider":"Service Control Manager","event_id":7036,"record_id":9554,"level":"Information","computer":"WKS-CORP-01.eu.corp.example"},"detections":[],"severity_max":"none","detection_count":0,"provenance":{"raw_file":"raw/Windows.EventLogs.Evtx/results.json","raw_row":77,"collection_id":"demo-wks-corp-01"}},
  {"schema_version":"1.0.0","row_hash":"c395ef413030b26404481c8626fef553f6bcbbf5b108a94225fda1b4bb6707a0","timestamp_utc":"2026-03-10T08:17:57.8560000Z","timestamp_desc":"LastWriteTime","timestamp_source_field":"LastModified","source":"registry","artifact":"Windows.Registry.AppCompatCache","collector_kind":"velociraptor","host":"WKS-CORP-01","host_id":"4f1c0a9e-0001-4a00-9c31-b0de51000001","user":"SYSTEM","message":"AppCompatCache entry: MSEDGE.EXE","target":"C:\\Program Files (x86)\\Microsoft\\Edge\\Application\\msedge.exe","registry":{"key":"HKLM\\SYSTEM\\CurrentControlSet\\Control\\Session Manager\\AppCompatCache","value_name":"AppCompatCache","value_data":"C:\\Program Files (x86)\\Microsoft\\Edge\\Application\\msedge.exe","value_type":"REG_BINARY","hive":"SYSTEM"},"detections":[],"severity_max":"none","detection_count":0,"provenance":{"raw_file":"raw/Windows.Registry.AppCompatCache/results.json","raw_row":75,"collection_id":"demo-wks-corp-01"},"extra":{"cache_slot":833}},
  {"schema_version":"1.0.0","row_hash":"827444d4c34bc1785006fc442f3df09215e0c8c49d0b91e513d54b2fbcfb2898","timestamp_utc":"2026-03-10T08:18:18.9630000Z","timestamp_desc":"VisitTime","timestamp_source_field":"last_visit_time","source":"browser","artifact":"Windows.Applications.Edge.History","collector_kind":"velociraptor","host":"WKS-CORP-01","host_id":"4f1c0a9e-0001-4a00-9c31-b0de51000001","user":"EU\\alice","message":"Edge visit: HR - leave balance","target":"https://intranet.corp.example/hr/leave","network":{"domain":"intranet.corp.example","url":"https://intranet.corp.example/hr/leave","direction":"outbound"},"detections":[],"severity_max":"none","detection_count":0,"provenance":{"raw_file":"raw/Windows.Applications.Edge.History/results.json","raw_row":40,"collection_id":"demo-wks-corp-01"}},
  {"schema_version":"1.0.0","row_hash":"a4e21614b864b384a9a43ab4215c8e9da33dce192bcc3c9aeb146e1ebd581af2","timestamp_utc":"2026-03-10T08:18:54.6210000Z","timestamp_desc":"LastWriteTime","timestamp_source_field":"LastModified","source":"registry","artifact":"Windows.Registry.AppCompatCache","collector_kind":"velociraptor","host":"WKS-CORP-01","host_id":"4f1c0a9e-0001-4a00-9c31-b0de51000001","user":"SYSTEM","message":"AppCompatCache entry: NOTEPAD.EXE","target":"C:\\Windows\\System32\\notepad.exe","registry":{"key":"HKLM\\SYSTEM\\CurrentControlSet\\Control\\Session Manager\\AppCompatCache","value_name":"AppCompatCache","value_data":"C:\\Windows\\System32\\notepad.exe","value_type":"REG_BINARY","hive":"SYSTEM"},"detections":[],"severity_max":"none","detection_count":0,"provenance":{"raw_file":"raw/Windows.Registry.AppCompatCache/results.json","raw_row":3,"collection_id":"demo-wks-corp-01"},"extra":{"cache_slot":336}},
  {"schema_version":"1.0.0","row_hash":"efacb36afe4fa32a45325f29562704e3815c82765edf32af7c05ab52a37ee9a7","timestamp_utc":"2026-03-10T08:31:07.3310000Z","timestamp_desc":"EventTime","source":"log","artifact":"Windows.EventLogs.Evtx","collector_kind":"native","host":"WKS-CORP-01","host_id":"4f1c0a9e-0001-4a00-9c31-b0de51000001","user":"SYSTEM","message":"Antimalware definitions updated to 1.421.374.0","target":"Microsoft-Windows-Windows Defender/Operational","process":{"name":"MsMpEng.exe","parent_name":"services.exe"},"event":{"channel":"Microsoft-Windows-Windows Defender/Operational","provider":"Microsoft-Windows-Windows-Defender","event_id":2000,"record_id":7499,"level":"Information","computer":"WKS-CORP-01.eu.corp.example"},"detections":[],"severity_max":"none","detection_count":0,"provenance":{"raw_file":"raw/Windows.EventLogs.Evtx/results.json","raw_row":70,"collection_id":"demo-wks-corp-01"}},
  {"schema_version":"1.0.0","row_hash":"2ff2115a170b3716d724fb91a4ce44a605081ea808d6539bb64b367ca3dca53b","timestamp_utc":"2026-03-10T08:32:34.2980000Z","timestamp_desc":"RunTime","source":"scheduled_task","artifact":"Windows.System.TaskScheduler","collector_kind":"velociraptor","host":"WKS-CORP-01","host_id":"4f1c0a9e-0001-4a00-9c31-b0de51000001","user":"SYSTEM","message":"Scheduled task ran: \\Microsoft\\Windows\\UpdateOrchestrator\\Schedule Scan","target":"\\Microsoft\\Windows\\UpdateOrchestrator\\Schedule Scan","detections":[],"severity_max":"none","detection_count":0,"provenance":{"raw_file":"raw/Windows.System.TaskScheduler/results.json","raw_row":44,"collection_id":"demo-wks-corp-01"},"extra":{"result_code":0,"run_duration_seconds":27,"task_author":"Microsoft Corporation"}},
  {"schema_version":"1.0.0","row_hash":"5737b104201bf33a9bd11789ff0975cd802556202abea0405f02ea8d1c3ffda0","timestamp_utc":"2026-03-10T08:45:52.3970000Z","timestamp_desc":"RunTime","source":"scheduled_task","artifact":"Windows.System.TaskScheduler","collector_kind":"velociraptor","host":"WKS-CORP-01","host_id":"4f1c0a9e-0001-4a00-9c31-b0de51000001","user":"SYSTEM","message":"Scheduled task ran: \\Microsoft\\Windows\\UpdateOrchestrator\\Schedule Scan","target":"\\Microsoft\\Windows\\UpdateOrchestrator\\Schedule Scan","detections":[],"severity_max":"none","detection_count":0,"provenance":{"raw_file":"raw/Windows.System.TaskScheduler/results.json","raw_row":36,"collection_id":"demo-wks-corp-01"},"extra":{"result_code":0,"run_duration_seconds":40,"task_author":"Microsoft Corporation"}},
  {"schema_version":"1.0.0","row_hash":"2b7dc33a7215e416efbcfbc4c16eda5eafd378ee6c65ac8ac85eb471018adde5","timestamp_utc":"2026-03-10T08:52:16.7270000Z","timestamp_desc":"VisitTime","timestamp_source_field":"last_visit_time","source":"browser","artifact":"Windows.Applications.Edge.History","collector_kind":"velociraptor","host":"WKS-CORP-01","host_id":"4f1c0a9e-0001-4a00-9c31-b0de51000001","user":"EU\\alice","message":"Edge visit: Finance - monthly close","target":"https://intranet.corp.example/finance/monthly-close","network":{"domain":"intranet.corp.example","url":"https://intranet.corp.example/finance/monthly-close","direction":"outbound"},"detections":[],"severity_max":"none","detection_count":0,"provenance":{"raw_file":"raw/Windows.Applications.Edge.History/results.json","raw_row":0,"collection_id":"demo-wks-corp-01"}},
  {"schema_version":"1.0.0","row_hash":"37ccd3d6f7c960b72724ae091fa25ebab2b8626d1e0a6b7835735524efa8ed55","timestamp_utc":"2026-03-10T08:56:40.1680000Z","timestamp_desc":"EventTime","source":"log","artifact":"Windows.EventLogs.Evtx","collector_kind":"native","host":"WKS-CORP-01","host_id":"4f1c0a9e-0001-4a00-9c31-b0de51000001","user":"SYSTEM","message":"Antimalware definitions updated to 1.421.344.0","target":"Microsoft-Windows-Windows Defender/Operational","process":{"name":"MsMpEng.exe","parent_name":"services.exe"},"event":{"channel":"Microsoft-Windows-Windows Defender/Operational","provider":"Microsoft-Windows-Windows-Defender","event_id":2000,"record_id":9997,"level":"Information","computer":"WKS-CORP-01.eu.corp.example"},"detections":[],"severity_max":"none","detection_count":0,"provenance":{"raw_file":"raw/Windows.EventLogs.Evtx/results.json","raw_row":238,"collection_id":"demo-wks-corp-01"}},
  {"schema_version":"1.0.0","row_hash":"3b995b80257a36895fc2e0c98b262a35ac60938072db565e52eb8244c7361dba","timestamp_utc":"2026-03-10T09:19:14.2520000Z","timestamp_desc":"EventTime","source":"log","artifact":"Windows.EventLogs.Evtx","collector_kind":"native","host":"WKS-CORP-01","host_id":"4f1c0a9e-0001-4a00-9c31-b0de51000001","user":"SYSTEM","message":"Antimalware definitions updated to 1.421.346.0","target":"Microsoft-Windows-Windows Defender/Operational","process":{"name":"MsMpEng.exe","parent_name":"services.exe"},"event":{"channel":"Microsoft-Windows-Windows Defender/Operational","provider":"Microsoft-Windows-Windows-Defender","event_id":2000,"record_id":4112,"level":"Information","computer":"WKS-CORP-01.eu.corp.example"},"detections":[],"severity_max":"none","detection_count":0,"provenance":{"raw_file":"raw/Windows.EventLogs.Evtx/results.json","raw_row":22,"collection_id":"demo-wks-corp-01"}},
  {"schema_version":"1.0.0","row_hash":"f95ccb4ba29c7ce528602ac6485e2ce70d1c066b7c400abda040eb4869ccfae4","timestamp_utc":"2026-03-10T09:29:01.7510000Z","timestamp_desc":"EventTime","timestamp_source_field":"System.TimeCreated.SystemTime","source":"eventlog","artifact":"Windows.EventLogs.Evtx","collector_kind":"native","host":"WKS-CORP-01","host_id":"4f1c0a9e-0001-4a00-9c31-b0de51000001","user":"EU\\bob","message":"An account was successfully logged on (interactive): EU\\bob","target":"EU\\bob","event":{"channel":"Security","provider":"Microsoft-Windows-Security-Auditing","event_id":4624,"record_id":674081,"level":"Information","computer":"WKS-CORP-01.eu.corp.example","logon_type":2,"logon_id":"0x3f806"},"detections":[],"severity_max":"none","detection_count":0,"provenance":{"raw_file":"raw/Windows.EventLogs.Evtx/results.json","raw_row":219,"collection_id":"demo-wks-corp-01"}},
  {"schema_version":"1.0.0","row_hash":"498e4e5987ac39c28750a594e0f94bf22f320acef29805cf31e7695f2955eccb","timestamp_utc":"2026-03-10T09:30:19.8420000Z","timestamp_desc":"EventTime","source":"log","artifact":"Windows.EventLogs.Evtx","collector_kind":"native","host":"WKS-CORP-01","host_id":"4f1c0a9e-0001-4a00-9c31-b0de51000001","user":"SYSTEM","message":"Antimalware definitions updated to 1.421.312.0","target":"Microsoft-Windows-Windows Defender/Operational","process":{"name":"MsMpEng.exe","parent_name":"services.exe"},"event":{"channel":"Microsoft-Windows-Windows Defender/Operational","provider":"Microsoft-Windows-Windows-Defender","event_id":2000,"record_id":4374,"level":"Information","computer":"WKS-CORP-01.eu.corp.example"},"detections":[],"severity_max":"none","detection_count":0,"provenance":{"raw_file":"raw/Windows.EventLogs.Evtx/results.json","raw_row":166,"collection_id":"demo-wks-corp-01"}},
  {"schema_version":"1.0.0","row_hash":"915c405b3fd0db28b4636fa7a641134562fe6dba0d40e82dad11cc3713bf27c0","timestamp_utc":"2026-03-10T09:33:32.4520000Z","timestamp_desc":"InstallDate","source":"usb_device","artifact":"Windows.Registry.USBSTOR","collector_kind":"velociraptor","host":"WKS-CORP-01","host_id":"4f1c0a9e-0001-4a00-9c31-b0de51000001","user":"EU\\alice","message":"Sanctioned encrypted USB volume connected (asset FIN-USB-04)","target":"USBSTOR\\Disk&Ven_Corp&Prod_SecureKey&Rev_1.0","registry":{"key":"HKLM\\SYSTEM\\CurrentControlSet\\Enum\\USBSTOR\\Disk&Ven_Corp&Prod_SecureKey&Rev_1.0","value_name":"FriendlyName","value_data":"Corp SecureKey USB Device","value_type":"REG_SZ","hive":"SYSTEM"},"detections":[],"severity_max":"none","detection_count":0,"provenance":{"raw_file":"raw/Windows.Registry.USBSTOR/results.json","raw_row":6,"collection_id":"demo-wks-corp-01"},"extra":{"serial_number":"FINUSB047410","volume_label":"FIN-USB-04"}},
  {"schema_version":"1.0.0","row_hash":"b5b353fead9f061c455b482cfb19f6e53362cdd0f0a900e5b31a01b297f8525a","timestamp_utc":"2026-03-10T09:34:00.0000000Z","timestamp_desc":"ProcessStartTime","source":"execution","artifact":"Windows.System.Pslist","collector_kind":"velociraptor","host":"WKS-CORP-01","host_id":"4f1c0a9e-0001-4a00-9c31-b0de51000001","user":"EU\\alice","message":"rundll32.exe launched by Control Panel with no arguments","target":"C:\\Windows\\System32\\rundll32.exe","process":{"pid":6820,"ppid":4408,"name":"rundll32.exe","image_path":"C:\\Windows\\System32\\rundll32.exe","command_line":"rundll32.exe","parent_name":"explorer.exe","user":"EU\\alice"},"detections":[{"engine":"sigma","rule_id":"demo-sigma-0039","rule_name":"Rundll32 Execution Without Command-Line Arguments","severity":"low","rule_author":"IRTriage demo rule pack","rule_description":"rundll32.exe observed with no arguments.","rule_source":"sigma:demo-pack","mitre_techniques":["T1218.011"],"false_positives":["Control Panel applets","Printer driver installation"]}],"severity_max":"low","detection_count":1,"provenance":{"raw_file":"raw/Windows.System.Pslist/results.json","raw_row":9,"collection_id":"demo-wks-corp-01"}},
  {"schema_version":"1.0.0","row_hash":"7253209d781058ca3bee54fce8dc47fe1a0722404a4deb29e9c8a6b06b5c0940","timestamp_utc":"2026-03-10T09:48:10.9820000Z","timestamp_desc":"RunTime","source":"scheduled_task","artifact":"Windows.System.TaskScheduler","collector_kind":"velociraptor","host":"WKS-CORP-01","host_id":"4f1c0a9e-0001-4a00-9c31-b0de51000001","user":"SYSTEM","message":"Scheduled task ran: \\Microsoft\\Windows\\UpdateOrchestrator\\Schedule Scan","target":"\\Microsoft\\Windows\\UpdateOrchestrator\\Schedule Scan","detections":[],"severity_max":"none","detection_count":0,"provenance":{"raw_file":"raw/Windows.System.TaskScheduler/results.json","raw_row":60,"collection_id":"demo-wks-corp-01"},"extra":{"result_code":0,"run_duration_seconds":32,"task_author":"Microsoft Corporation"}},
  {"schema_version":"1.0.0","row_hash":"6da10142e97a368867735f51f14263bdec391ce3d1fbac9aa818b68e594d3fcb","timestamp_utc":"2026-03-10T09:48:31.5640000Z","timestamp_desc":"EventTime","timestamp_source_field":"System.TimeCreated.SystemTime","source":"eventlog","artifact":"Windows.EventLogs.Evtx","collector_kind":"native","host":"WKS-CORP-01","host_id":"4f1c0a9e-0001-4a00-9c31-b0de51000001","user":"EU\\alice","message":"An account was successfully logged on (interactive): EU\\alice","target":"EU\\alice","event":{"channel":"Security","provider":"Microsoft-Windows-Security-Auditing","event_id":4624,"record_id":519932,"level":"Information","computer":"WKS-CORP-01.eu.corp.example","logon_type":2,"logon_id":"0x39103"},"detections":[],"severity_max":"none","detection_count":0,"provenance":{"raw_file":"raw/Windows.EventLogs.Evtx/results.json","raw_row":147,"collection_id":"demo-wks-corp-01"}},
  {"schema_version":"1.0.0","row_hash":"55d44144e61af689131091071c38fa6750ab14924825c2440203bb564eff86c9","timestamp_utc":"2026-03-10T10:10:32.7260000Z","timestamp_desc":"EventTime","timestamp_source_field":"System.TimeCreated.SystemTime","source":"eventlog","artifact":"Windows.EventLogs.Evtx","collector_kind":"native","host":"WKS-CORP-01","host_id":"4f1c0a9e-0001-4a00-9c31-b0de51000001","user":"EU\\alice","message":"An account was successfully logged on (interactive): EU\\alice","target":"EU\\alice","event":{"channel":"Security","provider":"Microsoft-Windows-Security-Auditing","event_id":4624,"record_id":823369,"level":"Information","computer":"WKS-CORP-01.eu.corp.example","logon_type":2,"logon_id":"0x30afe"},"detections":[],"severity_max":"none","detection_count":0,"provenance":{"raw_file":"raw/Windows.EventLogs.Evtx/results.json","raw_row":195,"collection_id":"demo-wks-corp-01"}},
  {"schema_version":"1.0.0","row_hash":"71a2a99ad664e67e0e6176de63f1e81e95ba275bedec3dc4a1493eaf0b6bb291","timestamp_utc":"2026-03-10T10:13:06.5260000Z","timestamp_desc":"VisitTime","timestamp_source_field":"last_visit_time","source":"browser","artifact":"Windows.Applications.Edge.History","collector_kind":"velociraptor","host":"WKS-CORP-01","host_id":"4f1c0a9e-0001-4a00-9c31-b0de51000001","user":"EU\\alice","message":"Edge visit: Company news","target":"https://intranet.corp.example/news","network":{"domain":"intranet.corp.example","url":"https://intranet.corp.example/news","direction":"outbound"},"detections":[],"severity_max":"none","detection_count":0,"provenance":{"raw_file":"raw/Windows.Applications.Edge.History/results.json","raw_row":32,"collection_id":"demo-wks-corp-01"}},
  {"schema_version":"1.0.0","row_hash":"dcffd94081f5c2b0f1d1a6289cb8619d9ae78a0096e5228eb372f25bf212f096","timestamp_utc":"2026-03-10T10:18:44.8780000Z","timestamp_desc":"RunTime","source":"scheduled_task","artifact":"Windows.System.TaskScheduler","collector_kind":"velociraptor","host":"WKS-CORP-01","host_id":"4f1c0a9e-0001-4a00-9c31-b0de51000001","user":"SYSTEM","message":"Scheduled task ran: \\Microsoft\\Windows\\UpdateOrchestrator\\Schedule Scan","target":"\\Microsoft\\Windows\\UpdateOrchestrator\\Schedule Scan","detections":[],"severity_max":"none","detection_count":0,"provenance":{"raw_file":"raw/Windows.System.TaskScheduler/results.json","raw_row":4,"collection_id":"demo-wks-corp-01"},"extra":{"result_code":0,"run_duration_seconds":17,"task_author":"Microsoft Corporation"}},
  {"schema_version":"1.0.0","row_hash":"6c5f30c63de052f3789d22242eeb80a4da148da707ac81c075951cbc9845db35","timestamp_utc":"2026-03-10T10:19:31.1590000Z","timestamp_desc":"EventTime","source":"log","artifact":"Windows.EventLogs.Evtx","collector_kind":"native","host":"WKS-CORP-01","host_id":"4f1c0a9e-0001-4a00-9c31-b0de51000001","user":"SYSTEM","message":"Antimalware definitions updated to 1.421.303.0","target":"Microsoft-Windows-Windows Defender/Operational","process":{"name":"MsMpEng.exe","parent_name":"services.exe"},"event":{"channel":"Microsoft-Windows-Windows Defender/Operational","provider":"Microsoft-Windows-Windows-Defender","event_id":2000,"record_id":1214,"level":"Information","computer":"WKS-CORP-01.eu.corp.example"},"detections":[],"severity_max":"none","detection_count":0,"provenance":{"raw_file":"raw/Windows.EventLogs.Evtx/results.json","raw_row":118,"collection_id":"demo-wks-corp-01"}},
  {"schema_version":"1.0.0","row_hash":"6ef5011fd6339ec8926e17ac4ca6518abba98817afaf9f7503a09adee151f381","timestamp_utc":"2026-03-10T10:25:30.6910000Z","timestamp_desc":"Modified","timestamp_source_field":"Mtime","source":"filesystem","artifact":"Windows.NTFS.MFT","collector_kind":"velociraptor","host":"WKS-CORP-01","host_id":"4f1c0a9e-0001-4a00-9c31-b0de51000001","user":"EU\\alice","message":"File modified: payroll-summary.xlsx","target":"C:\\Users\\alice\\Documents\\payroll-summary.xlsx","file":{"path":"C:\\Users\\alice\\Documents\\payroll-summary.xlsx","name":"payroll-summary.xlsx","extension":"xlsx","size_bytes":170672,"mft_entry":120693,"is_directory":false,"is_allocated":true},"detections":[],"severity_max":"none","detection_count":0,"provenance":{"raw_file":"raw/Windows.NTFS.MFT/results.json","raw_row":63,"collection_id":"demo-wks-corp-01"}},
  {"schema_version":"1.0.0","row_hash":"d25dbeaad306645c91f8b5ad8964c69745106b3adb351a21727859f1b2e171fc","timestamp_utc":"2026-03-10T10:30:27.8300000Z","timestamp_desc":"LastWriteTime","timestamp_source_field":"LastModified","source":"registry","artifact":"Windows.Registry.AppCompatCache","collector_kind":"velociraptor","host":"WKS-CORP-01","host_id":"4f1c0a9e-0001-4a00-9c31-b0de51000001","user":"SYSTEM","message":"AppCompatCache entry: MSEDGE.EXE","target":"C:\\Program Files (x86)\\Microsoft\\Edge\\Application\\msedge.exe","registry":{"key":"HKLM\\SYSTEM\\CurrentControlSet\\Control\\Session Manager\\AppCompatCache","value_name":"AppCompatCache","value_data":"C:\\Program Files (x86)\\Microsoft\\Edge\\Application\\msedge.exe","value_type":"REG_BINARY","hive":"SYSTEM"},"detections":[],"severity_max":"none","detection_count":0,"provenance":{"raw_file":"raw/Windows.Registry.AppCompatCache/results.json","raw_row":35,"collection_id":"demo-wks-corp-01"},"extra":{"cache_slot":153}},
  {"schema_version":"1.0.0","row_hash":"52cc869b8d0f480049a9c194b6233cc6710e2605669142b2d1cca5ad957352bb","timestamp_utc":"2026-03-10T10:33:48.3470000Z","timestamp_desc":"EventTime","source":"network","artifact":"Windows.Network.Netstat","collector_kind":"velociraptor","host":"WKS-CORP-01","host_id":"4f1c0a9e-0001-4a00-9c31-b0de51000001","user":"EU\\alice","message":"Outbound HTTPS session via corporate proxy","target":"10.0.5.9:8080","process":{"name":"MSEDGE.EXE","image_path":"C:\\Program Files (x86)\\Microsoft\\Edge\\Application\\msedge.exe","parent_name":"explorer.exe"},"network":{"src_ip":"10.0.5.41","src_port":58644,"dst_ip":"10.0.5.9","dst_port":8080,"protocol":"tcp","domain":"sharepoint.corp.example","direction":"outbound","state":"ESTABLISHED"},"detections":[],"severity_max":"none","detection_count":0,"provenance":{"raw_file":"raw/Windows.Network.Netstat/results.json","raw_row":37,"collection_id":"demo-wks-corp-01"}},
  {"schema_version":"1.0.0","row_hash":"a5f55e8dfab8ed13e6eed469e31a91515956571e36b5ab766b416bfe0a83f840","timestamp_utc":"2026-03-10T10:35:35.9540000Z","timestamp_desc":"LastWriteTime","timestamp_source_field":"LastModified","source":"registry","artifact":"Windows.Registry.AppCompatCache","collector_kind":"velociraptor","host":"WKS-CORP-01","host_id":"4f1c0a9e-0001-4a00-9c31-b0de51000001","user":"SYSTEM","message":"AppCompatCache entry: NOTEPAD.EXE","target":"C:\\Windows\\System32\\notepad.exe","registry":{"key":"HKLM\\SYSTEM\\CurrentControlSet\\Control\\Session Manager\\AppCompatCache","value_name":"AppCompatCache","value_data":"C:\\Windows\\System32\\notepad.exe","value_type":"REG_BINARY","hive":"SYSTEM"},"detections":[],"severity_max":"none","detection_count":0,"provenance":{"raw_file":"raw/Windows.Registry.AppCompatCache/results.json","raw_row":67,"collection_id":"demo-wks-corp-01"},"extra":{"cache_slot":585}},
  {"schema_version":"1.0.0","row_hash":"4c4116d47890692dc83dc59667e7ec2af10dbcaa8d343ddc8610c2c8783d36d5","timestamp_utc":"2026-03-10T10:38:26.7370000Z","timestamp_desc":"LastExecuted","timestamp_source_field":"LastRunTimes","source":"execution","artifact":"Windows.Forensics.Prefetch","collector_kind":"velociraptor","host":"WKS-CORP-01","host_id":"4f1c0a9e-0001-4a00-9c31-b0de51000001","user":"EU\\alice","message":"MSEDGE.EXE executed (prefetch run count 55)","target":"C:\\Program Files (x86)\\Microsoft\\Edge\\Application\\msedge.exe","process":{"name":"MSEDGE.EXE","image_path":"C:\\Program Files (x86)\\Microsoft\\Edge\\Application\\msedge.exe","parent_name":"explorer.exe"},"detections":[],"severity_max":"none","detection_count":0,"provenance":{"raw_file":"raw/Windows.Forensics.Prefetch/results.json","raw_row":4,"collection_id":"demo-wks-corp-01"},"extra":{"prefetch_file":"MSEDGE.EXE-154BF90E.pf"}},
  {"schema_version":"1.0.0","row_hash":"94d77484efe6f38212d1588fd41f8d4c63b83646fa598bd49ee375285c7f7ba7","timestamp_utc":"2026-03-10T10:39:05.2090000Z","timestamp_desc":"LastWriteTime","timestamp_source_field":"LastModified","source":"registry","artifact":"Windows.Registry.AppCompatCache","collector_kind":"velociraptor","host":"WKS-CORP-01","host_id":"4f1c0a9e-0001-4a00-9c31-b0de51000001","user":"SYSTEM","message":"AppCompatCache entry: OUTLOOK.EXE","target":"C:\\Program Files\\Microsoft Office\\root\\Office16\\OUTLOOK.EXE","registry":{"key":"HKLM\\SYSTEM\\CurrentControlSet\\Control\\Session Manager\\AppCompatCache","value_name":"AppCompatCache","value_data":"C:\\Program Files\\Microsoft Office\\root\\Office16\\OUTLOOK.EXE","value_type":"REG_BINARY","hive":"SYSTEM"},"detections":[],"severity_max":"none","detection_count":0,"provenance":{"raw_file":"raw/Windows.Registry.AppCompatCache/results.json","raw_row":11,"collection_id":"demo-wks-corp-01"},"extra":{"cache_slot":508}},
  {"schema_version":"1.0.0","row_hash":"68e32979cbd8adfc7bc8cd84eeba2a68c08490f5c5551a7a46f825668c6b070a","timestamp_utc":"2026-03-10T10:54:04.2660000Z","timestamp_desc":"EventTime","source":"network","artifact":"Windows.Network.Netstat","collector_kind":"velociraptor","host":"WKS-CORP-01","host_id":"4f1c0a9e-0001-4a00-9c31-b0de51000001","user":"EU\\alice","message":"Outbound HTTPS session via corporate proxy","target":"10.0.5.9:8080","process":{"name":"MSEDGE.EXE","image_path":"C:\\Program Files (x86)\\Microsoft\\Edge\\Application\\msedge.exe","parent_name":"explorer.exe"},"network":{"src_ip":"10.0.5.41","src_port":64346,"dst_ip":"10.0.5.9","dst_port":8080,"protocol":"tcp","domain":"mail.corp.example","direction":"outbound","state":"ESTABLISHED"},"detections":[],"severity_max":"none","detection_count":0,"provenance":{"raw_file":"raw/Windows.Network.Netstat/results.json","raw_row":21,"collection_id":"demo-wks-corp-01"}},
  {"schema_version":"1.0.0","row_hash":"5f777e082c6631d85f4f826315da2c2f2c92712f2c0079b65d41b67c8993d5f3","timestamp_utc":"2026-03-10T10:55:26.9340000Z","timestamp_desc":"LastWriteTime","timestamp_source_field":"LastModified","source":"registry","artifact":"Windows.Registry.AppCompatCache","collector_kind":"velociraptor","host":"WKS-CORP-01","host_id":"4f1c0a9e-0001-4a00-9c31-b0de51000001","user":"SYSTEM","message":"AppCompatCache entry: CALC.EXE","target":"C:\\Windows\\System32\\calc.exe","registry":{"key":"HKLM\\SYSTEM\\CurrentControlSet\\Control\\Session Manager\\AppCompatCache","value_name":"AppCompatCache","value_data":"C:\\Windows\\System32\\calc.exe","value_type":"REG_BINARY","hive":"SYSTEM"},"detections":[],"severity_max":"none","detection_count":0,"provenance":{"raw_file":"raw/Windows.Registry.AppCompatCache/results.json","raw_row":19,"collection_id":"demo-wks-corp-01"},"extra":{"cache_slot":750}},
  {"schema_version":"1.0.0","row_hash":"85c3435c17642aad4a3e701b1d5855da398aa7f09f2cdba79e11b1f5c2c864df","timestamp_utc":"2026-03-10T11:06:45.4240000Z","timestamp_desc":"EventTime","timestamp_source_field":"System.TimeCreated.SystemTime","source":"eventlog","artifact":"Windows.EventLogs.Evtx","collector_kind":"native","host":"WKS-CORP-01","host_id":"4f1c0a9e-0001-4a00-9c31-b0de51000001","user":"EU\\alice","message":"An account was successfully logged on (interactive): EU\\alice","target":"EU\\alice","event":{"channel":"Security","provider":"Microsoft-Windows-Security-Auditing","event_id":4624,"record_id":949488,"level":"Information","computer":"WKS-CORP-01.eu.corp.example","logon_type":2,"logon_id":"0x30eea"},"detections":[],"severity_max":"none","detection_count":0,"provenance":{"raw_file":"raw/Windows.EventLogs.Evtx/results.json","raw_row":51,"collection_id":"demo-wks-corp-01"}},
