  {"schema_version":"1.0.0","row_hash":"6713b06ededc3f0c8a759dd7bfb0efe15e3b9550b920dae7585b8b906aaf72bf","timestamp_utc":"2026-03-07T12:36:54.0450000Z","timestamp_desc":"LastExecuted","source":"execution","artifact":"Windows.Forensics.Prefetch","collector_kind":"velociraptor","host":"DC-CORP-01","host_id":"4f1c0a9e-0003-4a00-9c31-b0de51000003","user":"CORP\\Administrator","message":"REPADMIN.EXE executed (replication health check)","target":"C:\\Windows\\System32\\repadmin.exe","process":{"name":"REPADMIN.EXE","image_path":"C:\\Windows\\System32\\repadmin.exe","command_line":"repadmin /replsummary","parent_name":"cmd.exe","user":"CORP\\Administrator"},"detections":[],"severity_max":"none","detection_count":0,"provenance":{"raw_file":"raw/Windows.Forensics.Prefetch/results.json","raw_row":16,"collection_id":"demo-dc-corp-01"},"extra":{"prefetch_file":"REPADMIN.EXE-13CAA824.pf"}},
  {"schema_version":"1.0.0","row_hash":"866294cbbc3485336fccd38b415ce76beeb0d176d6d1b3ac674ec794bfc969ed","timestamp_utc":"2026-03-07T12:44:28.0720000Z","timestamp_desc":"LastWriteTime","source":"registry","artifact":"Windows.Registry.NTDS","collector_kind":"velociraptor","host":"DC-CORP-01","host_id":"4f1c0a9e-0003-4a00-9c31-b0de51000003","user":"SYSTEM","message":"NTDS parameter enumerated: Database backup path","target":"HKLM\\SYSTEM\\CurrentControlSet\\Services\\NTDS\\Parameters","registry":{"key":"HKLM\\SYSTEM\\CurrentControlSet\\Services\\NTDS\\Parameters","value_name":"DSA Database file","value_data":"C:\\Windows\\NTDS\\ntds.dit","value_type":"REG_SZ","hive":"SYSTEM"},"detections":[],"severity_max":"none","detection_count":0,"provenance":{"raw_file":"raw/Windows.Registry.NTDS/results.json","raw_row":6,"collection_id":"demo-dc-corp-01"},"extra":{"slot":8}},
  {"schema_version":"1.0.0","row_hash":"656caf8c4cfc5f3a9cdf14bc0b89bbb3958815fcfe4f9fa7961a05feb905b85b","timestamp_utc":"2026-03-07T12:51:42.5670000Z","timestamp_desc":"LastWriteTime","source":"registry","artifact":"Windows.Registry.NTDS","collector_kind":"velociraptor","host":"DC-CORP-01","host_id":"4f1c0a9e-0003-4a00-9c31-b0de51000003","user":"SYSTEM","message":"NTDS parameter enumerated: Database backup path","target":"HKLM\\SYSTEM\\CurrentControlSet\\Services\\NTDS\\Parameters","registry":{"key":"HKLM\\SYSTEM\\CurrentControlSet\\Services\\NTDS\\Parameters","value_name":"DSA Database file","value_data":"C:\\Windows\\NTDS\\ntds.dit","value_type":"REG_SZ","hive":"SYSTEM"},"detections":[],"severity_max":"none","detection_count":0,"provenance":{"raw_file":"raw/Windows.Registry.NTDS/results.json","raw_row":38,"collection_id":"demo-dc-corp-01"},"extra":{"slot":12}},
  {"schema_version":"1.0.0","row_hash":"7b92ebed9868e15f382dcd7dc67de0d6d9460e27c11162c6676eac3645ebb6f3","timestamp_utc":"2026-03-07T12:58:33.6150000Z","timestamp_desc":"EventTime","source":"network","artifact":"Windows.Network.Netstat","collector_kind":"velociraptor","host":"DC-CORP-01","host_id":"4f1c0a9e-0003-4a00-9c31-b0de51000003","user":"SYSTEM","message":"Inter-site AD replication session with DC-EU-01","target":"10.0.5.10:135","network":{"src_ip":"10.0.10.10","src_port":61041,"dst_ip":"10.0.5.10","dst_port":135,"protocol":"tcp","direction":"outbound","state":"ESTABLISHED"},"detections":[],"severity_max":"none","detection_count":0,"provenance":{"raw_file":"raw/Windows.Network.Netstat/results.json","raw_row":45,"collection_id":"demo-dc-corp-01"},"extra":{"naming_context":"DC=eu,DC=corp,DC=example","replication_partner":"DC-EU-01"}},
  {"schema_version":"1.0.0","row_hash":"28982891ded3554d612caa30493acbd8f5453d04c756385de68180368de2533d","timestamp_utc":"2026-03-07T13:13:37.4020000Z","timestamp_desc":"EventTime","timestamp_source_field":"System.TimeCreated.SystemTime","source":"eventlog","artifact":"Windows.EventLogs.Evtx","collector_kind":"native","host":"DC-CORP-01","host_id":"4f1c0a9e-0003-4a00-9c31-b0de51000003","user":"EU\\svc-backup","message":"Kerberos authentication ticket (TGT) was requested for EU\\svc-backup","target":"EU\\svc-backup","network":{"src_ip":"10.0.5.42","dst_ip":"10.0.10.10","dst_port":88,"protocol":"tcp","direction":"inbound"},"event":{"channel":"Security","provider":"Microsoft-Windows-Security-Auditing","event_id":4768,"record_id":1188994,"level":"Information","computer":"DC-CORP-01.corp.example"},"detections":[],"severity_max":"none","detection_count":0,"provenance":{"raw_file":"raw/Windows.EventLogs.Evtx/results.json","raw_row":261,"collection_id":"demo-dc-corp-01"},"extra":{"encryption_type":"0x12 (AES256-CTS-HMAC-SHA1-96)","ticket_options":"0x40810010"}},
  {"schema_version":"1.0.0","row_hash":"ee04185802c7e208cc5874293ed586ab5476c5a8f796d2f924f03aeab721c585","timestamp_utc":"2026-03-07T13:15:21.5220000Z","timestamp_desc":"EventTime","source":"account","artifact":"Windows.EventLogs.Evtx","collector_kind":"native","host":"DC-CORP-01","host_id":"4f1c0a9e-0003-4a00-9c31-b0de51000003","user":"EU\\carol","message":"User password was changed at the request of the account owner","target":"EU\\carol","event":{"channel":"Security","provider":"Microsoft-Windows-Security-Auditing","event_id":4723,"record_id":688013,"level":"Information","computer":"DC-CORP-01.corp.example"},"detections":[],"severity_max":"none","detection_count":0,"provenance":{"raw_file":"raw/Windows.EventLogs.Evtx/results.json","raw_row":38,"collection_id":"demo-dc-corp-01"}},
  {"schema_version":"1.0.0","row_hash":"83775c477da663b7e4bd34ad1f121a4364e43bf8ca489cf9667b62e0e04a9847","timestamp_utc":"2026-03-07T13:21:30.5160000Z","timestamp_desc":"EventTime","source":"account","artifact":"Windows.EventLogs.Evtx","collector_kind":"native","host":"DC-CORP-01","host_id":"4f1c0a9e-0003-4a00-9c31-b0de51000003","user":"EU\\carol","message":"User password was changed at the request of the account owner","target":"EU\\bob","event":{"channel":"Security","provider":"Microsoft-Windows-Security-Auditing","event_id":4723,"record_id":691959,"level":"Information","computer":"DC-CORP-01.corp.example"},"detections":[],"severity_max":"none","detection_count":0,"provenance":{"raw_file":"raw/Windows.EventLogs.Evtx/results.json","raw_row":158,"collection_id":"demo-dc-corp-01"}},
  {"schema_version":"1.0.0","row_hash":"78c2b1e7c13c32845422d2a589598a05ba5d46e691df57386882f88667e53e4a","timestamp_utc":"2026-03-07T13:31:10.6460000Z","timestamp_desc":"LastExecuted","source":"execution","artifact":"Windows.Forensics.Prefetch","collector_kind":"velociraptor","host":"DC-CORP-01","host_id":"4f1c0a9e-0003-4a00-9c31-b0de51000003","user":"CORP\\Administrator","message":"REPADMIN.EXE executed (replication health check)","target":"C:\\Windows\\System32\\repadmin.exe","process":{"name":"REPADMIN.EXE","image_path":"C:\\Windows\\System32\\repadmin.exe","command_line":"repadmin /replsummary","parent_name":"cmd.exe","user":"CORP\\Administrator"},"detections":[],"severity_max":"none","detection_count":0,"provenance":{"raw_file":"raw/Windows.Forensics.Prefetch/results.json","raw_row":28,"collection_id":"demo-dc-corp-01"},"extra":{"prefetch_file":"REPADMIN.EXE-1090FF94.pf"}},
  {"schema_version":"1.0.0","row_hash":"bc2423da3145b502af8293a819fca3fc18a58f2e74261fb130d2cabe4573d54d","timestamp_utc":"2026-03-07T13:32:48.3020000Z","timestamp_desc":"EventTime","source":"network","artifact":"Windows.Network.Netstat","collector_kind":"velociraptor","host":"DC-CORP-01","host_id":"4f1c0a9e-0003-4a00-9c31-b0de51000003","user":"SYSTEM","message":"Inter-site AD replication session with DC-EU-01","target":"10.0.5.10:135","network":{"src_ip":"10.0.10.10","src_port":63504,"dst_ip":"10.0.5.10","dst_port":135,"protocol":"tcp","direction":"outbound","state":"ESTABLISHED"},"detections":[],"severity_max":"none","detection_count":0,"provenance":{"raw_file":"raw/Windows.Network.Netstat/results.json","raw_row":5,"collection_id":"demo-dc-corp-01"},"extra":{"naming_context":"DC=eu,DC=corp,DC=example","replication_partner":"DC-EU-01"}},
  {"schema_version":"1.0.0","row_hash":"128114b263a51d08dabb155a58302d4ce2f885337ff2452a4d11daa375672983","timestamp_utc":"2026-03-07T13:38:16.9790000Z","timestamp_desc":"EventTime","timestamp_source_field":"System.TimeCreated.SystemTime","source":"eventlog","artifact":"Windows.EventLogs.Evtx","collector_kind":"native","host":"DC-CORP-01","host_id":"4f1c0a9e-0003-4a00-9c31-b0de51000003","user":"CORP\\Administrator","message":"Kerberos authentication ticket (TGT) was requested for CORP\\Administrator","target":"CORP\\Administrator","network":{"src_ip":"10.0.5.15","dst_ip":"10.0.10.10","dst_port":88,"protocol":"tcp","direction":"inbound"},"event":{"channel":"Security","provider":"Microsoft-Windows-Security-Auditing","event_id":4768,"record_id":1267129,"level":"Information","computer":"DC-CORP-01.corp.example"},"detections":[],"severity_max":"none","detection_count":0,"provenance":{"raw_file":"raw/Windows.EventLogs.Evtx/results.json","raw_row":301,"collection_id":"demo-dc-corp-01"},"extra":{"encryption_type":"0x12 (AES256-CTS-HMAC-SHA1-96)","ticket_options":"0x40810010"}},
  {"schema_version":"1.0.0","row_hash":"d50834b8b3f988db328fe38c4cdbcfc182c2f59f2802ec59568e534ea207adff","timestamp_utc":"2026-03-07T13:41:43.6250000Z","timestamp_desc":"LastWriteTime","source":"registry","artifact":"Windows.Registry.NTDS","collector_kind":"velociraptor","host":"DC-CORP-01","host_id":"4f1c0a9e-0003-4a00-9c31-b0de51000003","user":"SYSTEM","message":"NTDS parameter enumerated: Database backup path","target":"HKLM\\SYSTEM\\CurrentControlSet\\Services\\NTDS\\Parameters","registry":{"key":"HKLM\\SYSTEM\\CurrentControlSet\\Services\\NTDS\\Parameters","value_name":"DSA Database file","value_data":"C:\\Windows\\NTDS\\ntds.dit","value_type":"REG_SZ","hive":"SYSTEM"},"detections":[],"severity_max":"none","detection_count":0,"provenance":{"raw_file":"raw/Windows.Registry.NTDS/results.json","raw_row":62,"collection_id":"demo-dc-corp-01"},"extra":{"slot":19}},
  {"schema_version":"1.0.0","row_hash":"2b53389aedcd8254b73ecf01a3016914d0d3a1d2b36d78e9dd86eae226e25004","timestamp_utc":"2026-03-07T13:49:20.6140000Z","timestamp_desc":"EventTime","source":"network","artifact":"Windows.Network.Netstat","collector_kind":"velociraptor","host":"DC-CORP-01","host_id":"4f1c0a9e-0003-4a00-9c31-b0de51000003","user":"SYSTEM","message":"Inter-site AD replication session with DC-EU-01","target":"10.0.5.10:135","network":{"src_ip":"10.0.10.10","src_port":58601,"dst_ip":"10.0.5.10","dst_port":135,"protocol":"tcp","direction":"outbound","state":"ESTABLISHED"},"detections":[],"severity_max":"none","detection_count":0,"provenance":{"raw_file":"raw/Windows.Network.Netstat/results.json","raw_row":29,"collection_id":"demo-dc-corp-01"},"extra":{"naming_context":"DC=eu,DC=corp,DC=example","replication_partner":"DC-EU-01"}},
  {"schema_version":"1.0.0","row_hash":"1c10561921a1f31881e7f805a581234c9a3b9916a9aef65069b56cbdea738171","timestamp_utc":"2026-03-07T14:10:46.8310000Z","timestamp_desc":"LastWriteTime","source":"registry","artifact":"Windows.Registry.NTDS","collector_kind":"velociraptor","host":"DC-CORP-01","host_id":"4f1c0a9e-0003-4a00-9c31-b0de51000003","user":"SYSTEM","message":"NTDS parameter enumerated: Database backup path","target":"HKLM\\SYSTEM\\CurrentControlSet\\Services\\NTDS\\Parameters","registry":{"key":"HKLM\\SYSTEM\\CurrentControlSet\\Services\\NTDS\\Parameters","value_name":"DSA Database file","value_data":"C:\\Windows\\NTDS\\ntds.dit","value_type":"REG_SZ","hive":"SYSTEM"},"detections":[],"severity_max":"none","detection_count":0,"provenance":{"raw_file":"raw/Windows.Registry.NTDS/results.json","raw_row":14,"collection_id":"demo-dc-corp-01"},"extra":{"slot":6}},
  {"schema_version":"1.0.0","row_hash":"461a62a795c49e54ac3e4b216e716031b0d7b42f1d1395475a2019adf9f46471","timestamp_utc":"2026-03-07T14:13:51.6760000Z","timestamp_desc":"LastWriteTime","source":"registry","artifact":"Windows.Registry.NTDS","collector_kind":"velociraptor","host":"DC-CORP-01","host_id":"4f1c0a9e-0003-4a00-9c31-b0de51000003","user":"SYSTEM","message":"NTDS parameter enumerated: Database backup path","target":"HKLM\\SYSTEM\\CurrentControlSet\\Services\\NTDS\\Parameters","registry":{"key":"HKLM\\SYSTEM\\CurrentControlSet\\Services\\NTDS\\Parameters","value_name":"DSA Database file","value_data":"C:\\Windows\\NTDS\\ntds.dit","value_type":"REG_SZ","hive":"SYSTEM"},"detections":[],"severity_max":"none","detection_count":0,"provenance":{"raw_file":"raw/Windows.Registry.NTDS/results.json","raw_row":22,"collection_id":"demo-dc-corp-01"},"extra":{"slot":11}},
  {"schema_version":"1.0.0","row_hash":"57fbfbeec1d6a8c66e7f4faebc82879f2e4c1d13e5b531f7e8c5fe098e374d3f","timestamp_utc":"2026-03-07T14:19:13.3370000Z","timestamp_desc":"EventTime","timestamp_source_field":"System.TimeCreated.SystemTime","source":"eventlog","artifact":"Windows.EventLogs.Evtx","collector_kind":"native","host":"DC-CORP-01","host_id":"4f1c0a9e-0003-4a00-9c31-b0de51000003","user":"EU\\svc-backup","message":"Kerberos authentication ticket (TGT) was requested for EU\\svc-backup","target":"EU\\svc-backup","network":{"src_ip":"10.0.5.41","dst_ip":"10.0.10.10","dst_port":88,"protocol":"tcp","direction":"inbound"},"event":{"channel":"Security","provider":"Microsoft-Windows-Security-Auditing","event_id":4768,"record_id":409190,"level":"Information","computer":"DC-CORP-01.corp.example"},"detections":[],"severity_max":"none","detection_count":0,"provenance":{"raw_file":"raw/Windows.EventLogs.Evtx/results.json","raw_row":241,"collection_id":"demo-dc-corp-01"},"extra":{"encryption_type":"0x12 (AES256-CTS-HMAC-SHA1-96)","ticket_options":"0x40810010"}},
  {"schema_version":"1.0.0","row_hash":"6e0e07c20f480a99f4ed8f725777d0bd56416f85f1497e70695d140a25658edb","timestamp_utc":"2026-03-07T14:21:14.3050000Z","timestamp_desc":"EventTime","source":"account","artifact":"Windows.EventLogs.Evtx","collector_kind":"native","host":"DC-CORP-01","host_id":"4f1c0a9e-0003-4a00-9c31-b0de51000003","user":"EU\\alice","message":"User password was changed at the request of the account owner","target":"EU\\carol","event":{"channel":"Security","provider":"Microsoft-Windows-Security-Auditing","event_id":4723,"record_id":839287,"level":"Information","computer":"DC-CORP-01.corp.example"},"detections":[],"severity_max":"none","detection_count":0,"provenance":{"raw_file":"raw/Windows.EventLogs.Evtx/results.json","raw_row":118,"collection_id":"demo-dc-corp-01"}},
  {"schema_version":"1.0.0","row_hash":"daf2be9bf5463b83e6389d09153c671ef1f2fd09e6c0dc6ace9126fefd526aa4","timestamp_utc":"2026-03-07T14:48:42.2600000Z","timestamp_desc":"LastWriteTime","source":"registry","artifact":"Windows.Registry.NTDS","collector_kind":"velociraptor","host":"DC-CORP-01","host_id":"4f1c0a9e-0003-4a00-9c31-b0de51000003","user":"SYSTEM","message":"NTDS parameter enumerated: Database backup path","target":"HKLM\\SYSTEM\\CurrentControlSet\\Services\\NTDS\\Parameters","registry":{"key":"HKLM\\SYSTEM\\CurrentControlSet\\Services\\NTDS\\Parameters","value_name":"DSA Database file","value_data":"C:\\Windows\\NTDS\\ntds.dit","value_type":"REG_SZ","hive":"SYSTEM"},"detections":[],"severity_max":"none","detection_count":0,"provenance":{"raw_file":"raw/Windows.Registry.NTDS/results.json","raw_row":54,"collection_id":"demo-dc-corp-01"},"extra":{"slot":11}},
  {"schema_version":"1.0.0","row_hash":"85c30684fd6da1060730159c4b7e10dc989604d1699112e2b6cfd37e67e101e3","timestamp_utc":"2026-03-07T14:52:16.3740000Z","timestamp_desc":"EventTime","source":"account","artifact":"Windows.EventLogs.Evtx","collector_kind":"native","host":"DC-CORP-01","host_id":"4f1c0a9e-0003-4a00-9c31-b0de51000003","user":"EU\\carol","message":"User password was changed at the request of the account owner","target":"EU\\alice","event":{"channel":"Security","provider":"Microsoft-Windows-Security-Auditing","event_id":4723,"record_id":862247,"level":"Information","computer":"DC-CORP-01.corp.example"},"detections":[],"severity_max":"none","detection_count":0,"provenance":{"raw_file":"raw/Windows.EventLogs.Evtx/results.json","raw_row":138,"collection_id":"demo-dc-corp-01"}},
  {"schema_version":"1.0.0","row_hash":"5eb41af64ec277875f9b15ad7ebf5a8ab5f200cb48178adcd24a0940ca06ed98","timestamp_utc":"2026-03-07T14:54:13.1430000Z","timestamp_desc":"EventTime","timestamp_source_field":"System.TimeCreated.SystemTime","source":"eventlog","artifact":"Windows.EventLogs.Evtx","collector_kind":"native","host":"DC-CORP-01","host_id":"4f1c0a9e-0003-4a00-9c31-b0de51000003","user":"EU\\carol","message":"Kerberos authentication ticket (TGT) was requested for EU\\carol","target":"EU\\carol","network":{"src_ip":"10.0.5.15","dst_ip":"10.0.10.10","dst_port":88,"protocol":"tcp","direction":"inbound"},"event":{"channel":"Security","provider":"Microsoft-Windows-Security-Auditing","event_id":4768,"record_id":1040487,"level":"Information","computer":"DC-CORP-01.corp.example"},"detections":[],"severity_max":"none","detection_count":0,"provenance":{"raw_file":"raw/Windows.EventLogs.Evtx/results.json","raw_row":101,"collection_id":"demo-dc-corp-01"},"extra":{"encryption_type":"0x12 (AES256-CTS-HMAC-SHA1-96)","ticket_options":"0x40810010"}},
  {"schema_version":"1.0.0","row_hash":"00c3376528d57b8282cfb92f445300fd8abef0e6cd4819468cfde6d8ebbd0585","timestamp_utc":"2026-03-07T14:54:56.3770000Z","timestamp_desc":"EventTime","timestamp_source_field":"System.TimeCreated.SystemTime","source":"eventlog","artifact":"Windows.EventLogs.Evtx","collector_kind":"native","host":"DC-CORP-01","host_id":"4f1c0a9e-0003-4a00-9c31-b0de51000003","user":"EU\\carol","message":"Kerberos authentication ticket (TGT) was requested for EU\\carol","target":"EU\\carol","network":{"src_ip":"10.0.5.41","dst_ip":"10.0.10.10","dst_port":88,"protocol":"tcp","direction":"inbound"},"event":{"channel":"Security","provider":"Microsoft-Windows-Security-Auditing","event_id":4768,"record_id":719537,"level":"Information","computer":"DC-CORP-01.corp.example"},"detections":[],"severity_max":"none","detection_count":0,"provenance":{"raw_file":"raw/Windows.EventLogs.Evtx/results.json","raw_row":321,"collection_id":"demo-dc-corp-01"},"extra":{"encryption_type":"0x12 (AES256-CTS-HMAC-SHA1-96)","ticket_options":"0x40810010"}},
  {"schema_version":"1.0.0","row_hash":"2cc98dbcecca94da850f0518512ee6b3264fd1de60fb8b71c0dd484c188e7f76","timestamp_utc":"2026-03-07T14:56:17.6840000Z","timestamp_desc":"LastExecuted","source":"execution","artifact":"Windows.Forensics.Prefetch","collector_kind":"velociraptor","host":"DC-CORP-01","host_id":"4f1c0a9e-0003-4a00-9c31-b0de51000003","user":"CORP\\Administrator","message":"REPADMIN.EXE executed (replication health check)","target":"C:\\Windows\\System32\\repadmin.exe","process":{"name":"REPADMIN.EXE","image_path":"C:\\Windows\\System32\\repadmin.exe","command_line":"repadmin /replsummary","parent_name":"cmd.exe","user":"CORP\\Administrator"},"detections":[],"severity_max":"none","detection_count":0,"provenance":{"raw_file":"raw/Windows.Forensics.Prefetch/results.json","raw_row":24,"collection_id":"demo-dc-corp-01"},"extra":{"prefetch_file":"REPADMIN.EXE-1CC7C230.pf"}},
  {"schema_version":"1.0.0","row_hash":"4f460c249e01d66d69f6e7972317ac1af07528c4c22defa0b284bb0031d00a11","timestamp_utc":"2026-03-07T14:58:59.5650000Z","timestamp_desc":"LastExecuted","source":"execution","artifact":"Windows.Forensics.Prefetch","collector_kind":"velociraptor","host":"DC-CORP-01","host_id":"4f1c0a9e-0003-4a00-9c31-b0de51000003","user":"CORP\\Administrator","message":"REPADMIN.EXE executed (replication health check)","target":"C:\\Windows\\System32\\repadmin.exe","process":{"name":"REPADMIN.EXE","image_path":"C:\\Windows\\System32\\repadmin.exe","command_line":"repadmin /replsummary","parent_name":"cmd.exe","user":"CORP\\Administrator"},"detections":[],"severity_max":"none","detection_count":0,"provenance":{"raw_file":"raw/Windows.Forensics.Prefetch/results.json","raw_row":8,"collection_id":"demo-dc-corp-01"},"extra":{"prefetch_file":"REPADMIN.EXE-11E6ADE6.pf"}},
  {"schema_version":"1.0.0","row_hash":"e8f5f3fb47522bbe6f1a75de1372e82e5bb316e72be5f91bf43c4381959f6e80","timestamp_utc":"2026-03-07T15:21:46.3420000Z","timestamp_desc":"EventTime","source":"network","artifact":"Windows.Network.Netstat","collector_kind":"velociraptor","host":"DC-CORP-01","host_id":"4f1c0a9e-0003-4a00-9c31-b0de51000003","user":"SYSTEM","message":"Inter-site AD replication session with DC-EU-01","target":"10.0.5.10:135","network":{"src_ip":"10.0.10.10","src_port":52392,"dst_ip":"10.0.5.10","dst_port":135,"protocol":"tcp","direction":"outbound","state":"ESTABLISHED"},"detections":[],"severity_max":"none","detection_count":0,"provenance":{"raw_file":"raw/Windows.Network.Netstat/results.json","raw_row":61,"collection_id":"demo-dc-corp-01"},"extra":{"naming_context":"DC=eu,DC=corp,DC=example","replication_partner":"DC-EU-01"}},
  {"schema_version":"1.0.0","row_hash":"e33ce9e2f657086a098c26347886e14e069f3e103c7885ce86b45f840cec4b8e","timestamp_utc":"2026-03-07T15:32:43.4430000Z","timestamp_desc":"EventTime","source":"network","artifact":"Windows.Network.Netstat","collector_kind":"velociraptor","host":"DC-CORP-01","host_id":"4f1c0a9e-0003-4a00-9c31-b0de51000003","user":"SYSTEM","message":"Inter-site AD replication session with DC-EU-01","target":"10.0.5.10:135","network":{"src_ip":"10.0.10.10","src_port":58289,"dst_ip":"10.0.5.10","dst_port":135,"protocol":"tcp","direction":"outbound","state":"ESTABLISHED"},"detections":[],"severity_max":"none","detection_count":0,"provenance":{"raw_file":"raw/Windows.Network.Netstat/results.json","raw_row":1,"collection_id":"demo-dc-corp-01"},"extra":{"naming_context":"DC=eu,DC=corp,DC=example","replication_partner":"DC-EU-01"}},
  {"schema_version":"1.0.0","row_hash":"1ea30cf3ef0943d390386d729f0ac58961bdab37599de88650c98a90c6a97c93","timestamp_utc":"2026-03-07T15:34:40.7110000Z","timestamp_desc":"EventTime","source":"network","artifact":"Windows.Network.Netstat","collector_kind":"velociraptor","host":"DC-CORP-01","host_id":"4f1c0a9e-0003-4a00-9c31-b0de51000003","user":"SYSTEM","message":"Inter-site AD replication session with DC-EU-01","target":"10.0.5.10:135","network":{"src_ip":"10.0.10.10","src_port":58406,"dst_ip":"10.0.5.10","dst_port":135,"protocol":"tcp","direction":"outbound","state":"ESTABLISHED"},"detections":[],"severity_max":"none","detection_count":0,"provenance":{"raw_file":"raw/Windows.Network.Netstat/results.json","raw_row":41,"collection_id":"demo-dc-corp-01"},"extra":{"naming_context":"DC=eu,DC=corp,DC=example","replication_partner":"DC-EU-01"}},
  {"schema_version":"1.0.0","row_hash":"7bc2bf44ef1ff9e477fbdf00c6fe7a6468bec2f361a980762efd0e93b7d9f6b5","timestamp_utc":"2026-03-07T15:36:56.1920000Z","timestamp_desc":"EventTime","source":"network","artifact":"Windows.Network.Netstat","collector_kind":"velociraptor","host":"DC-CORP-01","host_id":"4f1c0a9e-0003-4a00-9c31-b0de51000003","user":"SYSTEM","message":"Inter-site AD replication session with DC-EU-01","target":"10.0.5.10:135","network":{"src_ip":"10.0.10.10","src_port":61224,"dst_ip":"10.0.5.10","dst_port":135,"protocol":"tcp","direction":"outbound","state":"ESTABLISHED"},"detections":[],"severity_max":"none","detection_count":0,"provenance":{"raw_file":"raw/Windows.Network.Netstat/results.json","raw_row":13,"collection_id":"demo-dc-corp-01"},"extra":{"naming_context":"DC=eu,DC=corp,DC=example","replication_partner":"DC-EU-01"}},
  {"schema_version":"1.0.0","row_hash":"1694e0fb340563d1c8d8d430ea11f306c7d59d851397ec736d5a78c8c4a4a729","timestamp_utc":"2026-03-07T15:37:27.0200000Z","timestamp_desc":"LastExecuted","source":"execution","artifact":"Windows.Forensics.Prefetch","collector_kind":"velociraptor","host":"DC-CORP-01","host_id":"4f1c0a9e-0003-4a00-9c31-b0de51000003","user":"CORP\\Administrator","message":"REPADMIN.EXE executed (replication health check)","target":"C:\\Windows\\System32\\repadmin.exe","process":{"name":"REPADMIN.EXE","image_path":"C:\\Windows\\System32\\repadmin.exe","command_line":"repadmin /replsummary","parent_name":"cmd.exe","user":"CORP\\Administrator"},"detections":[],"severity_max":"none","detection_count":0,"provenance":{"raw_file":"raw/Windows.Forensics.Prefetch/results.json","raw_row":52,"collection_id":"demo-dc-corp-01"},"extra":{"prefetch_file":"REPADMIN.EXE-1D54ECED.pf"}},
  {"schema_version":"1.0.0","row_hash":"74aa9ef0370d68418c63b4cb014b0142c3e3894960e90fc8d30de93595e2361a","timestamp_utc":"2026-03-07T15:40:06.1160000Z","timestamp_desc":"EventTime","source":"network","artifact":"Windows.Network.Netstat","collector_kind":"velociraptor","host":"DC-CORP-01","host_id":"4f1c0a9e-0003-4a00-9c31-b0de51000003","user":"SYSTEM","message":"Inter-site AD replication session with DC-EU-01","target":"10.0.5.10:135","network":{"src_ip":"10.0.10.10","src_port":51486,"dst_ip":"10.0.5.10","dst_port":135,"protocol":"tcp","direction":"outbound","state":"ESTABLISHED"},"detections":[],"severity_max":"none","detection_count":0,"provenance":{"raw_file":"raw/Windows.Network.Netstat/results.json","raw_row":21,"collection_id":"demo-dc-corp-01"},"extra":{"naming_context":"DC=eu,DC=corp,DC=example","replication_partner":"DC-EU-01"}},
  {"schema_version":"1.0.0","row_hash":"e7a1ce2c25416b43ba1f975568e98605188f95ce7e9f206c5519af28473d675e","timestamp_utc":"2026-03-07T15:51:12.7340000Z","timestamp_desc":"EventTime","source":"account","artifact":"Windows.EventLogs.Evtx","collector_kind":"native","host":"DC-CORP-01","host_id":"4f1c0a9e-0003-4a00-9c31-b0de51000003","user":"EU\\carol","message":"User password was changed at the request of the account owner","target":"EU\\carol","event":{"channel":"Security","provider":"Microsoft-Windows-Security-Auditing","event_id":4723,"record_id":897942,"level":"Information","computer":"DC-CORP-01.corp.example"},"detections":[],"severity_max":"none","detection_count":0,"provenance":{"raw_file":"raw/Windows.EventLogs.Evtx/results.json","raw_row":258,"collection_id":"demo-dc-corp-01"}},
  {"schema_version":"1.0.0","row_hash":"5ddd025e2e0e3abd9f21a77f2576e37d43d451fc3bec13ddd4250a9257a32528","timestamp_utc":"2026-03-07T15:52:56.9800000Z","timestamp_desc":"EventTime","timestamp_source_field":"System.TimeCreated.SystemTime","source":"eventlog","artifact":"Windows.EventLogs.Evtx","collector_kind":"native","host":"DC-CORP-01","host_id":"4f1c0a9e-0003-4a00-9c31-b0de51000003","user":"EU\\bob","message":"Kerberos authentication ticket (TGT) was requested for EU\\bob","target":"EU\\bob","network":{"src_ip":"10.0.5.20","dst_ip":"10.0.10.10","dst_port":88,"protocol":"tcp","direction":"inbound"},"event":{"channel":"Security","provider":"Microsoft-Windows-Security-Auditing","event_id":4768,"record_id":717398,"level":"Information","computer":"DC-CORP-01.corp.example"},"detections":[],"severity_max":"none","detection_count":0,"provenance":{"raw_file":"raw/Windows.EventLogs.Evtx/results.json","raw_row":221,"collection_id":"demo-dc-corp-01"},"extra":{"encryption_type":"0x12 (AES256-CTS-HMAC-SHA1-96)","ticket_options":"0x40810010"}},
  {"schema_version":"1.0.0","row_hash":"a0da199e70d598c994846c03ead18f90869ef62ac0675ab8dfb78f4fbddc25e3","timestamp_utc":"2026-03-07T15:56:53.6730000Z","timestamp_desc":"LastWriteTime","source":"registry","artifact":"Windows.Registry.NTDS","collector_kind":"velociraptor","host":"DC-CORP-01","host_id":"4f1c0a9e-0003-4a00-9c31-b0de51000003","user":"SYSTEM","message":"NTDS parameter enumerated: Database backup path","target":"HKLM\\SYSTEM\\CurrentControlSet\\Services\\NTDS\\Parameters","registry":{"key":"HKLM\\SYSTEM\\CurrentControlSet\\Services\\NTDS\\Parameters","value_name":"DSA Database file","value_data":"C:\\Windows\\NTDS\\ntds.dit","value_type":"REG_SZ","hive":"SYSTEM"},"detections":[],"severity_max":"none","detection_count":0,"provenance":{"raw_file":"raw/Windows.Registry.NTDS/results.json","raw_row":26,"collection_id":"demo-dc-corp-01"},"extra":{"slot":4}},
  {"schema_version":"1.0.0","row_hash":"f2589133fea7119e245395d90af717330a5936768c34158558b7e2ecbe176b8d","timestamp_utc":"2026-03-07T16:13:53.2510000Z","timestamp_desc":"EventTime","source":"network","artifact":"Windows.Network.Netstat","collector_kind":"velociraptor","host":"DC-CORP-01","host_id":"4f1c0a9e-0003-4a00-9c31-b0de51000003","user":"SYSTEM","message":"Inter-site AD replication session with DC-EU-01","target":"10.0.5.10:135","network":{"src_ip":"10.0.10.10","src_port":50484,"dst_ip":"10.0.5.10","dst_port":135,"protocol":"tcp","direction":"outbound","state":"ESTABLISHED"},"detections":[],"severity_max":"none","detection_count":0,"provenance":{"raw_file":"raw/Windows.Network.Netstat/results.json","raw_row":33,"collection_id":"demo-dc-corp-01"},"extra":{"naming_context":"DC=eu,DC=corp,DC=example","replication_partner":"DC-EU-01"}},
  {"schema_version":"1.0.0","row_hash":"96959b0a41c209b86632edd0d30cbf92a1a76cb315442c540d4edfbf47df020c","timestamp_utc":"2026-03-07T16:15:24.6320000Z","timestamp_desc":"EventTime","timestamp_source_field":"System.TimeCreated.SystemTime","source":"eventlog","artifact":"Windows.EventLogs.Evtx","collector_kind":"native","host":"DC-CORP-01","host_id":"4f1c0a9e-0003-4a00-9c31-b0de51000003","user":"EU\\bob","message":"Kerberos authentication ticket (TGT) was requested for EU\\bob","target":"EU\\bob","network":{"src_ip":"10.0.5.41","dst_ip":"10.0.10.10","dst_port":88,"protocol":"tcp","direction":"inbound"},"event":{"channel":"Security","provider":"Microsoft-Windows-Security-Auditing","event_id":4768,"record_id":1222902,"level":"Information","computer":"DC-CORP-01.corp.example"},"detections":[],"severity_max":"none","detection_count":0,"provenance":{"raw_file":"raw/Windows.EventLogs.Evtx/results.json","raw_row":141,"collection_id":"demo-dc-corp-01"},"extra":{"encryption_type":"0x12 (AES256-CTS-HMAC-SHA1-96)","ticket_options":"0x40810010"}},
  {"schema_version":"1.0.0","row_hash":"caaa54aeb55887287fd2739c105be03263f013f46ce3125833423dd4f52237a8","timestamp_utc":"2026-03-07T16:16:11.0960000Z","timestamp_desc":"EventTime","timestamp_source_field":"System.TimeCreated.SystemTime","source":"eventlog","artifact":"Windows.EventLogs.Evtx","collector_kind":"native","host":"DC-CORP-01","host_id":"4f1c0a9e-0003-4a00-9c31-b0de51000003","user":"EU\\alice","message":"Kerberos authentication ticket (TGT) was requested for EU\\alice","target":"EU\\alice","network":{"src_ip":"10.0.5.41","dst_ip":"10.0.10.10","dst_port":88,"protocol":"tcp","direction":"inbound"},"event":{"channel":"Security","provider":"Microsoft-Windows-Security-Auditing","event_id":4768,"record_id":702056,"level":"Information","computer":"DC-CORP-01.corp.example"},"detections":[],"severity_max":"none","detection_count":0,"provenance":{"raw_file":"raw/Windows.EventLogs.Evtx/results.json","raw_row":121,"collection_id":"demo-dc-corp-01"},"extra":{"encryption_type":"0x12 (AES256-CTS-HMAC-SHA1-96)","ticket_options":"0x40810010"}},
  {"schema_version":"1.0.0","row_hash":"811e2d30e57cd6843908e5df49bb20620c10ef6f6b6bb6e2b3e61ea664b03f00","timestamp_utc":"2026-03-07T16:16:14.1670000Z","timestamp_desc":"LastWriteTime","source":"registry","artifact":"Windows.Registry.NTDS","collector_kind":"velociraptor","host":"DC-CORP-01","host_id":"4f1c0a9e-0003-4a00-9c31-b0de51000003","user":"SYSTEM","message":"NTDS parameter enumerated: Database backup path","target":"HKLM\\SYSTEM\\CurrentControlSet\\Services\\NTDS\\Parameters","registry":{"key":"HKLM\\SYSTEM\\CurrentControlSet\\Services\\NTDS\\Parameters","value_name":"DSA Database file","value_data":"C:\\Windows\\NTDS\\ntds.dit","value_type":"REG_SZ","hive":"SYSTEM"},"detections":[],"severity_max":"none","detection_count":0,"provenance":{"raw_file":"raw/Windows.Registry.NTDS/results.json","raw_row":66,"collection_id":"demo-dc-corp-01"},"extra":{"slot":29}},
  {"schema_version":"1.0.0","row_hash":"7ce8d952362ebbef3e13dbf94d261615a5dcbf895bd5cdb0f30b26eb12688126","timestamp_utc":"2026-03-07T16:23:44.1890000Z","timestamp_desc":"LastWriteTime","source":"registry","artifact":"Windows.Registry.NTDS","collector_kind":"velociraptor","host":"DC-CORP-01","host_id":"4f1c0a9e-0003-4a00-9c31-b0de51000003","user":"SYSTEM","message":"NTDS parameter enumerated: Database backup path","target":"HKLM\\SYSTEM\\CurrentControlSet\\Services\\NTDS\\Parameters","registry":{"key":"HKLM\\SYSTEM\\CurrentControlSet\\Services\\NTDS\\Parameters","value_name":"DSA Database file","value_data":"C:\\Windows\\NTDS\\ntds.dit","value_type":"REG_SZ","hive":"SYSTEM"},"detections":[],"severity_max":"none","detection_count":0,"provenance":{"raw_file":"raw/Windows.Registry.NTDS/results.json","raw_row":34,"collection_id":"demo-dc-corp-01"},"extra":{"slot":20}},
  {"schema_version":"1.0.0","row_hash":"c13f2d06053b36b3ea05e59bc3c95e2e2f4b0333be435abbde4c75792dca54cb","timestamp_utc":"2026-03-07T16:25:13.2850000Z","timestamp_desc":"EventTime","timestamp_source_field":"System.TimeCreated.SystemTime","source":"eventlog","artifact":"Windows.EventLogs.Evtx","collector_kind":"native","host":"DC-CORP-01","host_id":"4f1c0a9e-0003-4a00-9c31-b0de51000003","user":"EU\\carol","message":"Kerberos authentication ticket (TGT) was requested for EU\\carol","target":"EU\\carol","network":{"src_ip":"10.0.5.20","dst_ip":"10.0.10.10","dst_port":88,"protocol":"tcp","direction":"inbound"},"event":{"channel":"Security","provider":"Microsoft-Windows-Security-Auditing","event_id":4768,"record_id":535126,"level":"Information","computer":"DC-CORP-01.corp.example"},"detections":[],"severity_max":"none","detection_count":0,"provenance":{"raw_file":"raw/Windows.EventLogs.Evtx/results.json","raw_row":181,"collection_id":"demo-dc-corp-01"},"extra":{"encryption_type":"0x12 (AES256-CTS-HMAC-SHA1-96)","ticket_options":"0x40810010"}},
  {"schema_version":"1.0.0","row_hash":"f5837fb622205d4cac9a74db1a82e970f0b52a849b7b8fabfae4aec4d81b5665","timestamp_utc":"2026-03-07T16:42:56.0690000Z","timestamp_desc":"EventTime","source":"network","artifact":"Windows.Network.Netstat","collector_kind":"velociraptor","host":"DC-CORP-01","host_id":"4f1c0a9e-0003-4a00-9c31-b0de51000003","user":"SYSTEM","message":"Inter-site AD replication session with DC-EU-01","target":"10.0.5.10:135","network":{"src_ip":"10.0.10.10","src_port":63715,"dst_ip":"10.0.5.10","dst_port":135,"protocol":"tcp","direction":"outbound","state":"ESTABLISHED"},"detections":[],"severity_max":"none","detection_count":0,"provenance":{"raw_file":"raw/Windows.Network.Netstat/results.json","raw_row":49,"collection_id":"demo-dc-corp-01"},"extra":{"naming_context":"DC=eu,DC=corp,DC=example","replication_partner":"DC-EU-01"}},
  {"schema_version":"1.0.0","row_hash":"d11d19a7cfa3ca0d806d3c676afee603d1923b0e42ecaac275ef156e64bfad55","timestamp_utc":"2026-03-07T17:21:57.7960000Z","timestamp_desc":"LastExecuted","source":"execution","artifact":"Windows.Forensics.Prefetch","collector_kind":"velociraptor","host":"DC-CORP-01","host_id":"4f1c0a9e-0003-4a00-9c31-b0de51000003","user":"CORP\\Administrator","message":"REPADMIN.EXE executed (replication health check)","target":"C:\\Windows\\System32\\repadmin.exe","process":{"name":"REPADMIN.EXE","image_path":"C:\\Windows\\System32\\repadmin.exe","command_line":"repadmin /replsummary","parent_name":"cmd.exe","user":"CORP\\Administrator"},"detections":[],"severity_max":"none","detection_count":0,"provenance":{"raw_file":"raw/Windows.Forensics.Prefetch/results.json","raw_row":32,"collection_id":"demo-dc-corp-01"},"extra":{"prefetch_file":"REPADMIN.EXE-1668D497.pf"}},
  {"schema_version":"1.0.0","row_hash":"50054c182ed1069d08eca3511c0e34f879686ebaea3dcb4d3164957970a0c784","timestamp_utc":"2026-03-07T17:31:05.4300000Z","timestamp_desc":"EventTime","timestamp_source_field":"System.TimeCreated.SystemTime","source":"eventlog","artifact":"Windows.EventLogs.Evtx","collector_kind":"native","host":"DC-CORP-01","host_id":"4f1c0a9e-0003-4a00-9c31-b0de51000003","user":"EU\\carol","message":"Kerberos authentication ticket (TGT) was requested for EU\\carol","target":"EU\\carol","network":{"src_ip":"10.0.5.42","dst_ip":"10.0.10.10","dst_port":88,"protocol":"tcp","direction":"inbound"},"event":{"channel":"Security","provider":"Microsoft-Windows-Security-Auditing","event_id":4768,"record_id":544153,"level":"Information","computer":"DC-CORP-01.corp.example"},"detections":[],"severity_max":"none","detection_count":0,"provenance":{"raw_file":"raw/Windows.EventLogs.Evtx/results.json","raw_row":1,"collection_id":"demo-dc-corp-01"},"extra":{"encryption_type":"0x12 (AES256-CTS-HMAC-SHA1-96)","ticket_options":"0x40810010"}},
  {"schema_version":"1.0.0","row_hash":"8e65808177dd42250aaecdf7eb492cf589798e7493b88c09251d4febb0e75ed6","timestamp_utc":"2026-03-07T17:36:28.0740000Z","timestamp_desc":"EventTime","source":"network","artifact":"Windows.Network.Netstat","collector_kind":"velociraptor","host":"DC-CORP-01","host_id":"4f1c0a9e-0003-4a00-9c31-b0de51000003","user":"SYSTEM","message":"Inter-site AD replication session with DC-EU-01","target":"10.0.5.10:135","network":{"src_ip":"10.0.10.10","src_port":52801,"dst_ip":"10.0.5.10","dst_port":135,"protocol":"tcp","direction":"outbound","state":"ESTABLISHED"},"detections":[],"severity_max":"none","detection_count":0,"provenance":{"raw_file":"raw/Windows.Network.Netstat/results.json","raw_row":57,"collection_id":"demo-dc-corp-01"},"extra":{"naming_context":"DC=eu,DC=corp,DC=example","replication_partner":"DC-EU-01"}},
  {"schema_version":"1.0.0","row_hash":"ec12cdac515e5f8dfdbc2b8e7df9dc7ede8ad55218983c2852349812a56e3579","timestamp_utc":"2026-03-07T17:41:23.6830000Z","timestamp_desc":"EventTime","source":"account","artifact":"Windows.EventLogs.Evtx","collector_kind":"native","host":"DC-CORP-01","host_id":"4f1c0a9e-0003-4a00-9c31-b0de51000003","user":"EU\\carol","message":"User password was changed at the request of the account owner","target":"EU\\alice","event":{"channel":"Security","provider":"Microsoft-Windows-Security-Auditing","event_id":4723,"record_id":641113,"level":"Information","computer":"DC-CORP-01.corp.example"},"detections":[],"severity_max":"none","detection_count":0,"provenance":{"raw_file":"raw/Windows.EventLogs.Evtx/results.json","raw_row":298,"collection_id":"demo-dc-corp-01"}},
  {"schema_version":"1.0.0","row_hash":"e1ac5097c02ce258f8f51aedc08cc8188deaf215a3e8667a8f78999b601dae7c","timestamp_utc":"2026-03-07T19:29:07.6880000Z","timestamp_desc":"LastWriteTime","source":"registry","artifact":"Windows.Registry.NTDS","collector_kind":"velociraptor","host":"DC-CORP-01","host_id":"4f1c0a9e-0003-4a00-9c31-b0de51000003","user":"SYSTEM","message":"NTDS parameter enumerated: Database backup path","target":"HKLM\\SYSTEM\\CurrentControlSet\\Services\\NTDS\\Parameters","registry":{"key":"HKLM\\SYSTEM\\CurrentControlSet\\Services\\NTDS\\Parameters","value_name":"DSA Database file","value_data":"C:\\Windows\\NTDS\\ntds.dit","value_type":"REG_SZ","hive":"SYSTEM"},"detections":[],"severity_max":"none","detection_count":0,"provenance":{"raw_file":"raw/Windows.Registry.NTDS/results.json","raw_row":30,"collection_id":"demo-dc-corp-01"},"extra":{"slot":15}},
  {"schema_version":"1.0.0","row_hash":"d6f71ea108b7fc44c336edbf132bc126396d9dcf95c1ec6462e5fd248fc0cf16","timestamp_utc":"2026-03-07T19:52:09.3270000Z","timestamp_desc":"LastExecuted","source":"execution","artifact":"Windows.Forensics.Prefetch","collector_kind":"velociraptor","host":"DC-CORP-01","host_id":"4f1c0a9e-0003-4a00-9c31-b0de51000003","user":"CORP\\Administrator","message":"REPADMIN.EXE executed (replication health check)","target":"C:\\Windows\\System32\\repadmin.exe","process":{"name":"REPADMIN.EXE","image_path":"C:\\Windows\\System32\\repadmin.exe","command_line":"repadmin /replsummary","parent_name":"cmd.exe","user":"CORP\\Administrator"},"detections":[],"severity_max":"none","detection_count":0,"provenance":{"raw_file":"raw/Windows.Forensics.Prefetch/results.json","raw_row":20,"collection_id":"demo-dc-corp-01"},"extra":{"prefetch_file":"REPADMIN.EXE-1BD8A59A.pf"}},
  {"schema_version":"1.0.0","row_hash":"5fd9913435a0768305fe492ed2d0aef3e5c02a27efed74c950fb59f7e0431121","timestamp_utc":"2026-03-07T21:30:37.6760000Z","timestamp_desc":"EventTime","timestamp_source_field":"System.TimeCreated.SystemTime","source":"eventlog","artifact":"Windows.EventLogs.Evtx","collector_kind":"native","host":"DC-CORP-01","host_id":"4f1c0a9e-0003-4a00-9c31-b0de51000003","user":"EU\\svc-backup","message":"Kerberos authentication ticket (TGT) was requested for EU\\svc-backup","target":"EU\\svc-backup","network":{"src_ip":"10.0.5.41","dst_ip":"10.0.10.10","dst_port":88,"protocol":"tcp","direction":"inbound"},"event":{"channel":"Security","provider":"Microsoft-Windows-Security-Auditing","event_id":4768,"record_id":1156122,"level":"Information","computer":"DC-CORP-01.corp.example"},"detections":[],"severity_max":"none","detection_count":0,"provenance":{"raw_file":"raw/Windows.EventLogs.Evtx/results.json","raw_row":41,"collection_id":"demo-dc-corp-01"},"extra":{"encryption_type":"0x12 (AES256-CTS-HMAC-SHA1-96)","ticket_options":"0x40810010"}},
  {"schema_version":"1.0.0","row_hash":"c0a73f3a50af49806855e8ebaf515d71dd3261ee4199acd00e13aa04ed5e34fc","timestamp_utc":"2026-03-07T22:14:12.2150000Z","timestamp_desc":"LastExecuted","source":"execution","artifact":"Windows.Forensics.Prefetch","collector_kind":"velociraptor","host":"DC-CORP-01","host_id":"4f1c0a9e-0003-4a00-9c31-b0de51000003","user":"CORP\\Administrator","message":"REPADMIN.EXE executed (replication health check)","target":"C:\\Windows\\System32\\repadmin.exe","process":{"name":"REPADMIN.EXE","image_path":"C:\\Windows\\System32\\repadmin.exe","command_line":"repadmin /replsummary","parent_name":"cmd.exe","user":"CORP\\Administrator"},"detections":[],"severity_max":"none","detection_count":0,"provenance":{"raw_file":"raw/Windows.Forensics.Prefetch/results.json","raw_row":40,"collection_id":"demo-dc-corp-01"},"extra":{"prefetch_file":"REPADMIN.EXE-1F6ED334.pf"}},
  {"schema_version":"1.0.0","row_hash":"db32510ac0c207b09ad065bcc3b4df38eba1501bbbd57b589de2bbc313087521","timestamp_utc":"2026-03-07T23:41:29.1730000Z","timestamp_desc":"LastWriteTime","source":"registry","artifact":"Windows.Registry.NTDS","collector_kind":"velociraptor","host":"DC-CORP-01","host_id":"4f1c0a9e-0003-4a00-9c31-b0de51000003","user":"SYSTEM","message":"NTDS parameter enumerated: Database backup path","target":"HKLM\\SYSTEM\\CurrentControlSet\\Services\\NTDS\\Parameters","registry":{"key":"HKLM\\SYSTEM\\CurrentControlSet\\Services\\NTDS\\Parameters","value_name":"DSA Database file","value_data":"C:\\Windows\\NTDS\\ntds.dit","value_type":"REG_SZ","hive":"SYSTEM"},"detections":[],"severity_max":"none","detection_count":0,"provenance":{"raw_file":"raw/Windows.Registry.NTDS/results.json","raw_row":10,"collection_id":"demo-dc-corp-01"},"extra":{"slot":12}},
  {"schema_version":"1.0.0","row_hash":"75433703a1b1ed2c7406c99559c9a4e7398cfcc54350131d55f6810938d83d5b","timestamp_utc":"2026-03-08T00:20:32.6640000Z","timestamp_desc":"EventTime","source":"system_info","artifact":"Windows.System.TrustRelationships","collector_kind":"velociraptor","host":"DC-CORP-01","host_id":"4f1c0a9e-0003-4a00-9c31-b0de51000003","user":"SYSTEM","message":"Forest trust enumerated: eu.corp.example -> corp.example (parent/child, transitive)","target":"eu.corp.example","detections":[],"severity_max":"none","detection_count":0,"provenance":{"raw_file":"raw/Windows.System.TrustRelationships/results.json","raw_row":68,"collection_id":"demo-dc-corp-01"},"extra":{"probe":2,"trust_attributes":"WITHIN_FOREST","trust_direction":"Bidirectional","trust_type":"Uplevel","validated":true}},
  {"schema_version":"1.0.0","row_hash":"00effa8691100854f8c0b9cfeba7f18ec178440491bb4ef0316ad16b60f97e6a","timestamp_utc":"2026-03-08T01:27:24.6300000Z","timestamp_desc":"EventTime","source":"log","artifact":"Windows.EventLogs.Evtx","collector_kind":"native","host":"DC-CORP-01","host_id":"4f1c0a9e-0003-4a00-9c31-b0de51000003","user":"SYSTEM","message":"DNS zone transfer completed for corp.example","target":"Microsoft-Windows-DNS-Server/Audit","process":{"name":"dns.exe","image_path":"C:\\Windows\\System32\\dns.exe","parent_name":"services.exe"},"event":{"channel":"DNS Server","provider":"Microsoft-Windows-DNS-Server-Service","event_id":6522,"record_id":6515,"level":"Information","computer":"DC-CORP-01.corp.example"},"detections":[],"severity_max":"none","detection_count":0,"provenance":{"raw_file":"raw/Windows.EventLogs.Evtx/results.json","raw_row":159,"collection_id":"demo-dc-corp-01"}},
  {"schema_version":"1.0.0","row_hash":"eb12505f48df9836aae7a0884296779d6f926dce2791cd5888979effcafe8262","timestamp_utc":"2026-03-08T02:03:43.1700000Z","timestamp_desc":"EventTime","source":"system_info","artifact":"Windows.System.TrustRelationships","collector_kind":"velociraptor","host":"DC-CORP-01","host_id":"4f1c0a9e-0003-4a00-9c31-b0de51000003","user":"SYSTEM","message":"Forest trust enumerated: eu.corp.example -> corp.example (parent/child, transitive)","target":"eu.corp.example","detections":[],"severity_max":"none","detection_count":0,"provenance":{"raw_file":"raw/Windows.System.TrustRelationships/results.json","raw_row":16,"collection_id":"demo-dc-corp-01"},"extra":{"probe":5,"trust_attributes":"WITHIN_FOREST","trust_direction":"Bidirectional","trust_type":"Uplevel","validated":true}},
  {"schema_version":"1.0.0","row_hash":"5b67bad0e01cb1485981f2de5b0a90bbc8c20b61e4690854468e83347c544d44","timestamp_utc":"2026-03-08T03:30:53.7860000Z","timestamp_desc":"Modified","source":"filesystem","artifact":"Windows.NTFS.MFT","collector_kind":"velociraptor","host":"DC-CORP-01","host_id":"4f1c0a9e-0003-4a00-9c31-b0de51000003","user":"SYSTEM","message":"Group Policy template modified: Default Domain Policy","target":"C:\\Windows\\SYSVOL\\sysvol\\corp.example\\Policies\\{31B2F340-016D-11D2-945F-00C04FB984F9}\\GPT.INI","file":{"path":"C:\\Windows\\SYSVOL\\sysvol\\corp.example\\Policies\\{31B2F340-016D-11D2-945F-00C04FB984F9}\\GPT.INI","name":"GPT.INI","extension":"INI","size_bytes":94,"mft_entry":75142,"is_allocated":true},"detections":[],"severity_max":"none","detection_count":0,"provenance":{"raw_file":"raw/Windows.NTFS.MFT/results.json","raw_row":7,"collection_id":"demo-dc-corp-01"}},
  {"schema_version":"1.0.0","row_hash":"490378899e5c364b5a91fba221158010876f9c37168835729f0d3fec9cd48f98","timestamp_utc":"2026-03-08T03:33:52.0390000Z","timestamp_desc":"EventTime","source":"log","artifact":"Windows.EventLogs.Evtx","collector_kind":"native","host":"DC-CORP-01","host_id":"4f1c0a9e-0003-4a00-9c31-b0de51000003","user":"SYSTEM","message":"DNS zone transfer completed for eu.corp.example","target":"Microsoft-Windows-DNS-Server/Audit","process":{"name":"dns.exe","image_path":"C:\\Windows\\System32\\dns.exe","parent_name":"services.exe"},"event":{"channel":"DNS Server","provider":"Microsoft-Windows-DNS-Server-Service","event_id":6522,"record_id":6059,"level":"Information","computer":"DC-CORP-01.corp.example"},"detections":[],"severity_max":"none","detection_count":0,"provenance":{"raw_file":"raw/Windows.EventLogs.Evtx/results.json","raw_row":239,"collection_id":"demo-dc-corp-01"}},
  {"schema_version":"1.0.0","row_hash":"d23856f713962fd13406a3bc77a948c0adbb82020468080e6b77b2d34e42cde1","timestamp_utc":"2026-03-08T03:37:05.8880000Z","timestamp_desc":"EventTime","source":"service","artifact":"Windows.EventLogs.Evtx","collector_kind":"native","host":"DC-CORP-01","host_id":"4f1c0a9e-0003-4a00-9c31-b0de51000003","user":"SYSTEM","message":"Service entered the running state: Active Directory Domain Services (NTDS)","target":"NTDS","process":{"name":"services.exe","image_path":"C:\\Windows\\System32\\services.exe"},"event":{"channel":"System","provider":"Service Control Manager","event_id":7036,"record_id":9052,"level":"Information","computer":"DC-CORP-01.corp.example"},"detections":[],"severity_max":"none","detection_count":0,"provenance":{"raw_file":"raw/Windows.EventLogs.Evtx/results.json","raw_row":30,"collection_id":"demo-dc-corp-01"}},
