  {"schema_version":"1.0.0","row_hash":"6ea07eaa0910e0c01e51c29a07e8da77f836f4a1e2ecf9ab95954a84e240f193","timestamp_utc":"2026-03-11T16:06:15.1940000Z","timestamp_desc":"LastWriteTime","source":"registry","artifact":"Windows.Registry.Shares","collector_kind":"velociraptor","host":"SRV-CORP-FS02","host_id":"4f1c0a9e-0002-4a00-9c31-b0de51000002","user":"SYSTEM","message":"Share definition enumerated: Finance","target":"HKLM\\SYSTEM\\CurrentControlSet\\Services\\LanmanServer\\Shares\\Finance","registry":{"key":"HKLM\\SYSTEM\\CurrentControlSet\\Services\\LanmanServer\\Shares\\Finance","value_name":"Finance","value_data":"CSCFlags=0;MaxUses=4294967295;Path=D:\\Finance","value_type":"REG_MULTI_SZ","hive":"SYSTEM"},"detections":[],"severity_max":"none","detection_count":0,"provenance":{"raw_file":"raw/Windows.Registry.Shares/results.json","raw_row":27,"collection_id":"demo-srv-corp-fs02"},"extra":{"max_uses":4294967295,"slot":15}},
  {"schema_version":"1.0.0","row_hash":"7d5443642d5a35a71bd51499f8f6e15b2b11d9976d77685e62caa397bb651f77","timestamp_utc":"2026-03-11T16:06:34.6510000Z","timestamp_desc":"RunTime","source":"scheduled_task","artifact":"Windows.System.TaskScheduler","collector_kind":"velociraptor","host":"SRV-CORP-FS02","host_id":"4f1c0a9e-0002-4a00-9c31-b0de51000002","user":"EU\\svc-backup","message":"Scheduled task ran: \\Corp\\NightlyShareBackup","target":"\\Corp\\NightlyShareBackup","detections":[],"severity_max":"none","detection_count":0,"provenance":{"raw_file":"raw/Windows.System.TaskScheduler/results.json","raw_row":29,"collection_id":"demo-srv-corp-fs02"},"extra":{"result_code":0,"run_duration_seconds":1110,"task_author":"EU\\bob"}},
  {"schema_version":"1.0.0","row_hash":"2292f10466c09266d3df4ebbfd125bff779420e9426ad8bb8768e4ff7a096661","timestamp_utc":"2026-03-11T16:42:50.9090000Z","timestamp_desc":"LastWriteTime","source":"registry","artifact":"Windows.Registry.Shares","collector_kind":"velociraptor","host":"SRV-CORP-FS02","host_id":"4f1c0a9e-0002-4a00-9c31-b0de51000002","user":"SYSTEM","message":"Share definition enumerated: Finance","target":"HKLM\\SYSTEM\\CurrentControlSet\\Services\\LanmanServer\\Shares\\Finance","registry":{"key":"HKLM\\SYSTEM\\CurrentControlSet\\Services\\LanmanServer\\Shares\\Finance","value_name":"Finance","value_data":"CSCFlags=0;MaxUses=4294967295;Path=D:\\Finance","value_type":"REG_MULTI_SZ","hive":"SYSTEM"},"detections":[],"severity_max":"none","detection_count":0,"provenance":{"raw_file":"raw/Windows.Registry.Shares/results.json","raw_row":7,"collection_id":"demo-srv-corp-fs02"},"extra":{"max_uses":4294967295,"slot":21}},
  {"schema_version":"1.0.0","row_hash":"c07f1b7620373c936b7d1f5dc382068c143d256bcfec00edabbb89d7a4bab4c1","timestamp_utc":"2026-03-11T16:54:29.3470000Z","timestamp_desc":"EventTime","timestamp_source_field":"System.TimeCreated.SystemTime","source":"eventlog","artifact":"Windows.EventLogs.Evtx","collector_kind":"native","host":"SRV-CORP-FS02","host_id":"4f1c0a9e-0002-4a00-9c31-b0de51000002","user":"EU\\Administrator","message":"Network share object accessed: \\\\SRV-CORP-FS02\\Finance by EU\\Administrator","target":"\\\\SRV-CORP-FS02\\Finance","network":{"src_ip":"10.0.5.41","dst_ip":"10.0.5.20","dst_port":445,"protocol":"tcp","direction":"inbound"},"event":{"channel":"Security","provider":"Microsoft-Windows-Security-Auditing","event_id":5140,"record_id":732783,"level":"Information","computer":"SRV-CORP-FS02.eu.corp.example","logon_type":3},"detections":[],"severity_max":"none","detection_count":0,"provenance":{"raw_file":"raw/Windows.EventLogs.Evtx/results.json","raw_row":216,"collection_id":"demo-srv-corp-fs02"}},
  {"schema_version":"1.0.0","row_hash":"c4c551f0a8d3a1cb4101bc618adae964c7c5d08eae64c0e4565e77a64549dfc6","timestamp_utc":"2026-03-11T16:58:48.4010000Z","timestamp_desc":"RunTime","source":"scheduled_task","artifact":"Windows.System.TaskScheduler","collector_kind":"velociraptor","host":"SRV-CORP-FS02","host_id":"4f1c0a9e-0002-4a00-9c31-b0de51000002","user":"EU\\svc-backup","message":"Scheduled task ran: \\Corp\\NightlyShareBackup","target":"\\Corp\\NightlyShareBackup","detections":[],"severity_max":"none","detection_count":0,"provenance":{"raw_file":"raw/Windows.System.TaskScheduler/results.json","raw_row":5,"collection_id":"demo-srv-corp-fs02"},"extra":{"result_code":0,"run_duration_seconds":2982,"task_author":"EU\\bob"}},
  {"schema_version":"1.0.0","row_hash":"a40bc8d03c360e79d252cb763dcc02ae130c8c7d4d8025d5320a6e3a59e33c2e","timestamp_utc":"2026-03-11T17:12:25.5380000Z","timestamp_desc":"EventTime","source":"service","artifact":"Windows.EventLogs.Evtx","collector_kind":"native","host":"SRV-CORP-FS02","host_id":"4f1c0a9e-0002-4a00-9c31-b0de51000002","user":"SYSTEM","message":"Service entered the running state: DFS Replication (DFSR)","target":"DFSR","process":{"name":"dfsrs.exe","image_path":"C:\\Windows\\System32\\DFSRs.exe","parent_name":"services.exe"},"event":{"channel":"System","provider":"Service Control Manager","event_id":7036,"record_id":9119,"level":"Information","computer":"SRV-CORP-FS02.eu.corp.example"},"detections":[],"severity_max":"none","detection_count":0,"provenance":{"raw_file":"raw/Windows.EventLogs.Evtx/results.json","raw_row":161,"collection_id":"demo-srv-corp-fs02"}},
  {"schema_version":"1.0.0","row_hash":"d84193d9d54351b6d027074a885dde44e6d183d612ef4221a9bc6fd9fd657e9b","timestamp_utc":"2026-03-11T17:19:56.0620000Z","timestamp_desc":"LastWriteTime","source":"registry","artifact":"Windows.Registry.Shares","collector_kind":"velociraptor","host":"SRV-CORP-FS02","host_id":"4f1c0a9e-0002-4a00-9c31-b0de51000002","user":"SYSTEM","message":"Share definition enumerated: Finance","target":"HKLM\\SYSTEM\\CurrentControlSet\\Services\\LanmanServer\\Shares\\Finance","registry":{"key":"HKLM\\SYSTEM\\CurrentControlSet\\Services\\LanmanServer\\Shares\\Finance","value_name":"Finance","value_data":"CSCFlags=0;MaxUses=4294967295;Path=D:\\Finance","value_type":"REG_MULTI_SZ","hive":"SYSTEM"},"detections":[],"severity_max":"none","detection_count":0,"provenance":{"raw_file":"raw/Windows.Registry.Shares/results.json","raw_row":59,"collection_id":"demo-srv-corp-fs02"},"extra":{"max_uses":4294967295,"slot":33}},
  {"schema_version":"1.0.0","row_hash":"ad4fdfa06cc974f660a11b0c5bc16783488f1bc12e61b3004ae0fbcd9c546d36","timestamp_utc":"2026-03-11T17:21:09.4770000Z","timestamp_desc":"EventTime","source":"account","artifact":"Windows.EventLogs.Evtx","collector_kind":"native","host":"SRV-CORP-FS02","host_id":"4f1c0a9e-0002-4a00-9c31-b0de51000002","user":"EU\\SRV-CORP-FS02$","message":"Computer account password changed (machine account maintenance)","target":"EU\\SRV-CORP-FS02$","event":{"channel":"Security","provider":"Microsoft-Windows-Security-Auditing","event_id":4742,"record_id":360461,"level":"Information","computer":"SRV-CORP-FS02.eu.corp.example"},"detections":[],"severity_max":"none","detection_count":0,"provenance":{"raw_file":"raw/Windows.EventLogs.Evtx/results.json","raw_row":187,"collection_id":"demo-srv-corp-fs02"}},
  {"schema_version":"1.0.0","row_hash":"310bd100a82bfc3487b7ee0222a5c9d9850d40ec3324e1bdc5cf179eccf0fc10","timestamp_utc":"2026-03-11T17:33:28.5370000Z","timestamp_desc":"LastWriteTime","source":"registry","artifact":"Windows.Registry.Shares","collector_kind":"velociraptor","host":"SRV-CORP-FS02","host_id":"4f1c0a9e-0002-4a00-9c31-b0de51000002","user":"SYSTEM","message":"Share definition enumerated: Finance","target":"HKLM\\SYSTEM\\CurrentControlSet\\Services\\LanmanServer\\Shares\\Finance","registry":{"key":"HKLM\\SYSTEM\\CurrentControlSet\\Services\\LanmanServer\\Shares\\Finance","value_name":"Finance","value_data":"CSCFlags=0;MaxUses=4294967295;Path=D:\\Finance","value_type":"REG_MULTI_SZ","hive":"SYSTEM"},"detections":[],"severity_max":"none","detection_count":0,"provenance":{"raw_file":"raw/Windows.Registry.Shares/results.json","raw_row":43,"collection_id":"demo-srv-corp-fs02"},"extra":{"max_uses":4294967295,"slot":26}},
  {"schema_version":"1.0.0","row_hash":"0cc67f5fa34f51e69a82eb0a8e07361a268221540876a63c395981bb11282d2a","timestamp_utc":"2026-03-11T17:42:58.2340000Z","timestamp_desc":"EventTime","source":"service","artifact":"Windows.EventLogs.Evtx","collector_kind":"native","host":"SRV-CORP-FS02","host_id":"4f1c0a9e-0002-4a00-9c31-b0de51000002","user":"SYSTEM","message":"Service entered the running state: DFS Replication (DFSR)","target":"DFSR","process":{"name":"dfsrs.exe","image_path":"C:\\Windows\\System32\\DFSRs.exe","parent_name":"services.exe"},"event":{"channel":"System","provider":"Service Control Manager","event_id":7036,"record_id":10658,"level":"Information","computer":"SRV-CORP-FS02.eu.corp.example"},"detections":[],"severity_max":"none","detection_count":0,"provenance":{"raw_file":"raw/Windows.EventLogs.Evtx/results.json","raw_row":97,"collection_id":"demo-srv-corp-fs02"}},
  {"schema_version":"1.0.0","row_hash":"5e681b230e5afe2b1efd02e9c8940c62fd7c4abcf6b961c35cb7587b73450104","timestamp_utc":"2026-03-11T17:49:28.1370000Z","timestamp_desc":"EventTime","source":"service","artifact":"Windows.EventLogs.Evtx","collector_kind":"native","host":"SRV-CORP-FS02","host_id":"4f1c0a9e-0002-4a00-9c31-b0de51000002","user":"SYSTEM","message":"Service entered the running state: DFS Replication (DFSR)","target":"DFSR","process":{"name":"dfsrs.exe","image_path":"C:\\Windows\\System32\\DFSRs.exe","parent_name":"services.exe"},"event":{"channel":"System","provider":"Service Control Manager","event_id":7036,"record_id":7500,"level":"Information","computer":"SRV-CORP-FS02.eu.corp.example"},"detections":[],"severity_max":"none","detection_count":0,"provenance":{"raw_file":"raw/Windows.EventLogs.Evtx/results.json","raw_row":129,"collection_id":"demo-srv-corp-fs02"}},
  {"schema_version":"1.0.0","row_hash":"fc271e96221a50db6f4606b81f805f138f5497b788bf0cb9d11b1fd65d42e24b","timestamp_utc":"2026-03-11T18:26:23.5300000Z","timestamp_desc":"LastWriteTime","source":"registry","artifact":"Windows.Registry.Shares","collector_kind":"velociraptor","host":"SRV-CORP-FS02","host_id":"4f1c0a9e-0002-4a00-9c31-b0de51000002","user":"SYSTEM","message":"Share definition enumerated: Finance","target":"HKLM\\SYSTEM\\CurrentControlSet\\Services\\LanmanServer\\Shares\\Finance","registry":{"key":"HKLM\\SYSTEM\\CurrentControlSet\\Services\\LanmanServer\\Shares\\Finance","value_name":"Finance","value_data":"CSCFlags=0;MaxUses=4294967295;Path=D:\\Finance","value_type":"REG_MULTI_SZ","hive":"SYSTEM"},"detections":[],"severity_max":"none","detection_count":0,"provenance":{"raw_file":"raw/Windows.Registry.Shares/results.json","raw_row":55,"collection_id":"demo-srv-corp-fs02"},"extra":{"max_uses":4294967295,"slot":58}},
  {"schema_version":"1.0.0","row_hash":"382f195efd1510d3ff065d2e1cf551d502d80672af607ad6d01c9b550f298b02","timestamp_utc":"2026-03-11T19:54:17.8190000Z","timestamp_desc":"EventTime","timestamp_source_field":"System.TimeCreated.SystemTime","source":"eventlog","artifact":"Windows.EventLogs.Evtx","collector_kind":"native","host":"SRV-CORP-FS02","host_id":"4f1c0a9e-0002-4a00-9c31-b0de51000002","user":"EU\\Administrator","message":"Network share object accessed: \\\\SRV-CORP-FS02\\Finance by EU\\Administrator","target":"\\\\SRV-CORP-FS02\\Finance","network":{"src_ip":"10.0.5.41","dst_ip":"10.0.5.20","dst_port":445,"protocol":"tcp","direction":"inbound"},"event":{"channel":"Security","provider":"Microsoft-Windows-Security-Auditing","event_id":5140,"record_id":570574,"level":"Information","computer":"SRV-CORP-FS02.eu.corp.example","logon_type":3},"detections":[],"severity_max":"none","detection_count":0,"provenance":{"raw_file":"raw/Windows.EventLogs.Evtx/results.json","raw_row":56,"collection_id":"demo-srv-corp-fs02"}},
  {"schema_version":"1.0.0","row_hash":"4bfbdc91c429907ac8a25a31057d02a64651413818fc3b04de7329979a4e6ef6","timestamp_utc":"2026-03-12T00:34:12.1370000Z","timestamp_desc":"EventTime","source":"system_info","artifact":"Windows.System.DiskInfo","collector_kind":"velociraptor","host":"SRV-CORP-FS02","host_id":"4f1c0a9e-0002-4a00-9c31-b0de51000002","user":"SYSTEM","message":"Volume D: capacity report: 84% used","target":"D:\\","detections":[],"severity_max":"none","detection_count":0,"provenance":{"raw_file":"raw/Windows.System.DiskInfo/results.json","raw_row":18,"collection_id":"demo-srv-corp-fs02"},"extra":{"file_system":"NTFS","size_bytes":4000787030016,"volume_label":"DATA"}},
  {"schema_version":"1.0.0","row_hash":"877919bb4ec3ea76727b72083eeff3d9d55b40651bd65f9787cea58bca166919","timestamp_utc":"2026-03-12T01:32:14.0000000Z","timestamp_desc":"Created","source":"filesystem","artifact":"Windows.NTFS.MFT","collector_kind":"velociraptor","host":"SRV-CORP-FS02","host_id":"4f1c0a9e-0002-4a00-9c31-b0de51000002","user":"SYSTEM","message":"Ticket-manipulation tool staged on the file server: kt.exe","target":"C:\\Windows\\Temp\\kt.exe","file":{"path":"C:\\Windows\\Temp\\kt.exe","name":"kt.exe","extension":"exe","size_bytes":1264128,"mft_entry":64510,"is_allocated":true,"signature_status":"unsigned"},"hashes":{"md5":"0fcb91ef600c384487f4d3f404fc69c5","sha1":"20983f696804ddef3d71dfa0792c0eca21271190","sha256":"7b60f0a0b74fe4c24525a1661ad5e9ace42b2ed1449d4e53bc3deb0eb02ae263"},"detections":[{"engine":"yara","rule_id":"demo-yara-0007","rule_name":"IRTriage_Demo_Ticket_Forging_Tool","severity":"critical","rule_author":"IRTriage demo rule pack","rule_description":"Binary containing PAC-construction strings and a SID-history injection template.","rule_source":"yara:demo-pack","mitre_techniques":["T1558.001","T1134.005"],"match_detail":"$extra_sids_template","match_offset":44160}],"severity_max":"critical","detection_count":1,"provenance":{"raw_file":"raw/Windows.NTFS.MFT/results.json","raw_row":2,"collection_id":"demo-srv-corp-fs02"}},
  {"schema_version":"1.0.0","row_hash":"872d570a51d5eb4881248863e0d28b2d130c9c3dffe52e0ba82380b526d62bf5","timestamp_utc":"2026-03-12T01:36:02.0000000Z","timestamp_desc":"ProcessStartTime","source":"execution","artifact":"Windows.EventLogs.Evtx","collector_kind":"native","host":"SRV-CORP-FS02","host_id":"4f1c0a9e-0002-4a00-9c31-b0de51000002","user":"SYSTEM","message":"kt.exe executed with a cross-realm SID-history argument referencing the forest-root Enterprise Admins SID","target":"C:\\Windows\\Temp\\kt.exe","hashes":{"md5":"0fcb91ef600c384487f4d3f404fc69c5","sha1":"20983f696804ddef3d71dfa0792c0eca21271190","sha256":"7b60f0a0b74fe4c24525a1661ad5e9ace42b2ed1449d4e53bc3deb0eb02ae263"},"process":{"pid":4922,"ppid":4188,"name":"kt.exe","image_path":"C:\\Windows\\Temp\\kt.exe","command_line":"kt.exe /domain:eu.corp.example /sids:S-1-5-21-3390-2041-7712-519 /target:corp.example","parent_name":"upd.exe","integrity_level":"System","session_id":0,"user":"SYSTEM"},"event":{"channel":"Microsoft-Windows-Sysmon/Operational","provider":"Microsoft-Windows-Sysmon","event_id":1,"record_id":5512990,"level":"Information"},"detections":[{"engine":"sigma","rule_id":"demo-sigma-0023","rule_name":"SID History Injection Targeting A Parent Domain","severity":"critical","rule_author":"IRTriage demo rule pack","rule_description":"A command line referencing the forest-root Enterprise Admins RID (519) was issued from a child-domain member server.","rule_source":"sigma:demo-pack","mitre_techniques":["T1134.005","T1558.001"]}],"severity_max":"critical","detection_count":1,"provenance":{"raw_file":"raw/Windows.EventLogs.Evtx/results.json","raw_row":283,"collection_id":"demo-srv-corp-fs02"}},
  {"schema_version":"1.0.0","row_hash":"fad96e34973b91997d880227f6b2378422bd4ac12bf2517e0427b809db549cd6","timestamp_utc":"2026-03-12T04:05:09.8600000Z","timestamp_desc":"EventTime","source":"network","artifact":"Windows.Network.Netstat","collector_kind":"velociraptor","host":"SRV-CORP-FS02","host_id":"4f1c0a9e-0002-4a00-9c31-b0de51000002","user":"EU\\svc-backup","message":"Backup stream to SRV-CORP-BK01","target":"10.0.10.14:10000","network":{"src_ip":"10.0.5.20","src_port":50572,"dst_ip":"10.0.10.14","dst_port":10000,"protocol":"tcp","direction":"outbound","state":"ESTABLISHED"},"detections":[],"severity_max":"none","detection_count":0,"provenance":{"raw_file":"raw/Windows.Network.Netstat/results.json","raw_row":53,"collection_id":"demo-srv-corp-fs02"}},
  {"schema_version":"1.0.0","row_hash":"3d826e987a258efca534956f5e672a4ec42821a84179e05a120a8c658298ec8d","timestamp_utc":"2026-03-12T05:31:39.6050000Z","timestamp_desc":"EventTime","source":"system_info","artifact":"Windows.System.DiskInfo","collector_kind":"velociraptor","host":"SRV-CORP-FS02","host_id":"4f1c0a9e-0002-4a00-9c31-b0de51000002","user":"SYSTEM","message":"Volume D: capacity report: 69% used","target":"D:\\","detections":[],"severity_max":"none","detection_count":0,"provenance":{"raw_file":"raw/Windows.System.DiskInfo/results.json","raw_row":58,"collection_id":"demo-srv-corp-fs02"},"extra":{"file_system":"NTFS","size_bytes":4000787030016,"volume_label":"DATA"}},
  {"schema_version":"1.0.0","row_hash":"fd22b56cd503f4ff4447e63424e00a459d2920dfdb5f51887cd6029867700415","timestamp_utc":"2026-03-12T06:18:34.7970000Z","timestamp_desc":"EventTime","source":"network","artifact":"Windows.Network.Netstat","collector_kind":"velociraptor","host":"SRV-CORP-FS02","host_id":"4f1c0a9e-0002-4a00-9c31-b0de51000002","user":"EU\\svc-backup","message":"Backup stream to SRV-CORP-BK01","target":"10.0.10.14:10000","network":{"src_ip":"10.0.5.20","src_port":61928,"dst_ip":"10.0.10.14","dst_port":10000,"protocol":"tcp","direction":"outbound","state":"ESTABLISHED"},"detections":[],"severity_max":"none","detection_count":0,"provenance":{"raw_file":"raw/Windows.Network.Netstat/results.json","raw_row":13,"collection_id":"demo-srv-corp-fs02"}},
  {"schema_version":"1.0.0","row_hash":"5a8bff73e625dd1aea9497de13f324521068ab816fc059c037c00be137adfa52","timestamp_utc":"2026-03-12T06:24:14.5680000Z","timestamp_desc":"EventTime","source":"system_info","artifact":"Windows.System.DiskInfo","collector_kind":"velociraptor","host":"SRV-CORP-FS02","host_id":"4f1c0a9e-0002-4a00-9c31-b0de51000002","user":"SYSTEM","message":"Volume D: capacity report: 72% used","target":"D:\\","detections":[],"severity_max":"none","detection_count":0,"provenance":{"raw_file":"raw/Windows.System.DiskInfo/results.json","raw_row":62,"collection_id":"demo-srv-corp-fs02"},"extra":{"file_system":"NTFS","size_bytes":4000787030016,"volume_label":"DATA"}},
  {"schema_version":"1.0.0","row_hash":"9d28d47e6c49438ec55e565c7128581151a0dc438bdda7a4cd7c36b38e269cb5","timestamp_utc":"2026-03-12T06:35:53.6530000Z","timestamp_desc":"Modified","timestamp_source_field":"Mtime","source":"filesystem","artifact":"Generic.Collectors.File","collector_kind":"velociraptor","host":"SRV-CORP-FS02","host_id":"4f1c0a9e-0002-4a00-9c31-b0de51000002","user":"EU\\Administrator","message":"File modified on share: vat-return-2026.xlsx","target":"D:\\Finance\\Audit\\vat-return-2026.xlsx","file":{"path":"D:\\Finance\\Audit\\vat-return-2026.xlsx","name":"vat-return-2026.xlsx","extension":"xlsx","size_bytes":7655253,"is_directory":false,"is_allocated":true},"detections":[],"severity_max":"none","detection_count":0,"provenance":{"raw_file":"raw/Generic.Collectors.File/results.json","raw_row":10,"collection_id":"demo-srv-corp-fs02"}},
  {"schema_version":"1.0.0","row_hash":"5314ddb647835008deb824ff656fbbf0223f5d89f6a0285ad98b2e5fa91ae25c","timestamp_utc":"2026-03-12T06:41:15.9940000Z","timestamp_desc":"EventTime","source":"network","artifact":"Windows.Network.Netstat","collector_kind":"velociraptor","host":"SRV-CORP-FS02","host_id":"4f1c0a9e-0002-4a00-9c31-b0de51000002","user":"EU\\svc-backup","message":"Backup stream to SRV-CORP-BK01","target":"10.0.10.14:10000","network":{"src_ip":"10.0.5.20","src_port":51824,"dst_ip":"10.0.10.14","dst_port":10000,"protocol":"tcp","direction":"outbound","state":"ESTABLISHED"},"detections":[],"severity_max":"none","detection_count":0,"provenance":{"raw_file":"raw/Windows.Network.Netstat/results.json","raw_row":17,"collection_id":"demo-srv-corp-fs02"}},
  {"schema_version":"1.0.0","row_hash":"7a92e18f691776b03410e99fb3ee07607cb22ab5b198da047de222b0ca252d73","timestamp_utc":"2026-03-12T06:41:34.7930000Z","timestamp_desc":"EventTime","source":"network","artifact":"Windows.Network.Netstat","collector_kind":"velociraptor","host":"SRV-CORP-FS02","host_id":"4f1c0a9e-0002-4a00-9c31-b0de51000002","user":"EU\\svc-backup","message":"Backup stream to SRV-CORP-BK01","target":"10.0.10.14:10000","network":{"src_ip":"10.0.5.20","src_port":55500,"dst_ip":"10.0.10.14","dst_port":10000,"protocol":"tcp","direction":"outbound","state":"ESTABLISHED"},"detections":[],"severity_max":"none","detection_count":0,"provenance":{"raw_file":"raw/Windows.Network.Netstat/results.json","raw_row":45,"collection_id":"demo-srv-corp-fs02"}},
  {"schema_version":"1.0.0","row_hash":"f2df1a4e46ea902470537d51018451f43d7a5a64d56d42ae172a9be67df66d0e","timestamp_utc":"2026-03-12T07:35:37.5640000Z","timestamp_desc":"EventTime","source":"system_info","artifact":"Windows.System.DiskInfo","collector_kind":"velociraptor","host":"SRV-CORP-FS02","host_id":"4f1c0a9e-0002-4a00-9c31-b0de51000002","user":"SYSTEM","message":"Volume D: capacity report: 76% used","target":"D:\\","detections":[],"severity_max":"none","detection_count":0,"provenance":{"raw_file":"raw/Windows.System.DiskInfo/results.json","raw_row":14,"collection_id":"demo-srv-corp-fs02"},"extra":{"file_system":"NTFS","size_bytes":4000787030016,"volume_label":"DATA"}},
  {"schema_version":"1.0.0","row_hash":"65fb04730e5a3543b1f994fd11d46ff7c0f2280b21ef4050935952cc4e33a8bc","timestamp_utc":"2026-03-12T08:03:51.7650000Z","timestamp_desc":"EventTime","source":"system_info","artifact":"Windows.System.DiskInfo","collector_kind":"velociraptor","host":"SRV-CORP-FS02","host_id":"4f1c0a9e-0002-4a00-9c31-b0de51000002","user":"SYSTEM","message":"Volume D: capacity report: 61% used","target":"D:\\","detections":[],"severity_max":"none","detection_count":0,"provenance":{"raw_file":"raw/Windows.System.DiskInfo/results.json","raw_row":42,"collection_id":"demo-srv-corp-fs02"},"extra":{"file_system":"NTFS","size_bytes":4000787030016,"volume_label":"DATA"}},
  {"schema_version":"1.0.0","row_hash":"c45fa5cde42c018f274b92c2e56c71383f361c9071fdd99551dfdb7d396a5911","timestamp_utc":"2026-03-12T08:39:16.2580000Z","timestamp_desc":"EventTime","source":"log","artifact":"Windows.EventLogs.Evtx","collector_kind":"native","host":"SRV-CORP-FS02","host_id":"4f1c0a9e-0002-4a00-9c31-b0de51000002","user":"SYSTEM","message":"Volume shadow copy created for D: (nightly backup, 6 snapshots retained)","target":"D:\\","event":{"channel":"Application","provider":"VSS","event_id":8224,"record_id":1192,"level":"Information","computer":"SRV-CORP-FS02.eu.corp.example"},"detections":[],"severity_max":"none","detection_count":0,"provenance":{"raw_file":"raw/Windows.EventLogs.Evtx/results.json","raw_row":62,"collection_id":"demo-srv-corp-fs02"}},
  {"schema_version":"1.0.0","row_hash":"f595b0270c4634442cb948c67ce62e853e4ce51d25c1a4c8ea5bf2d3e7f6cf0e","timestamp_utc":"2026-03-12T08:47:51.6380000Z","timestamp_desc":"EventTime","source":"system_info","artifact":"Windows.System.DiskInfo","collector_kind":"velociraptor","host":"SRV-CORP-FS02","host_id":"4f1c0a9e-0002-4a00-9c31-b0de51000002","user":"SYSTEM","message":"Volume D: capacity report: 68% used","target":"D:\\","detections":[],"severity_max":"none","detection_count":0,"provenance":{"raw_file":"raw/Windows.System.DiskInfo/results.json","raw_row":6,"collection_id":"demo-srv-corp-fs02"},"extra":{"file_system":"NTFS","size_bytes":4000787030016,"volume_label":"DATA"}},
  {"schema_version":"1.0.0","row_hash":"c73a6e6bfb59d38e8c48e3a163fec30399b041943ec0d0e29573a790baab3105","timestamp_utc":"2026-03-12T08:55:12.4320000Z","timestamp_desc":"Modified","timestamp_source_field":"Mtime","source":"filesystem","artifact":"Generic.Collectors.File","collector_kind":"velociraptor","host":"SRV-CORP-FS02","host_id":"4f1c0a9e-0002-4a00-9c31-b0de51000002","user":"EU\\carol","message":"File modified on share: contract-renewal.docx","target":"D:\\Finance\\Audit\\contract-renewal.docx","file":{"path":"D:\\Finance\\Audit\\contract-renewal.docx","name":"contract-renewal.docx","extension":"docx","size_bytes":7089113,"is_directory":false,"is_allocated":true},"detections":[],"severity_max":"none","detection_count":0,"provenance":{"raw_file":"raw/Generic.Collectors.File/results.json","raw_row":54,"collection_id":"demo-srv-corp-fs02"}},
  {"schema_version":"1.0.0","row_hash":"654764d42516c06fb683497b113a974b0de2c9d80c4c16a13cd72785117e4b9a","timestamp_utc":"2026-03-12T09:04:37.4000000Z","timestamp_desc":"EventTime","source":"log","artifact":"Windows.EventLogs.Evtx","collector_kind":"native","host":"SRV-CORP-FS02","host_id":"4f1c0a9e-0002-4a00-9c31-b0de51000002","user":"SYSTEM","message":"Volume shadow copy created for D: (nightly backup, 4 snapshots retained)","target":"D:\\","event":{"channel":"Application","provider":"VSS","event_id":8224,"record_id":2788,"level":"Information","computer":"SRV-CORP-FS02.eu.corp.example"},"detections":[],"severity_max":"none","detection_count":0,"provenance":{"raw_file":"raw/Windows.EventLogs.Evtx/results.json","raw_row":126,"collection_id":"demo-srv-corp-fs02"}},
  {"schema_version":"1.0.0","row_hash":"df92e71d7abd356db65b6caf691d17c2ae1d8455527d3f262a4f932851a762f2","timestamp_utc":"2026-03-12T09:24:19.5720000Z","timestamp_desc":"LastExecuted","source":"execution","artifact":"Windows.Forensics.Prefetch","collector_kind":"velociraptor","host":"SRV-CORP-FS02","host_id":"4f1c0a9e-0002-4a00-9c31-b0de51000002","user":"EU\\bob","message":"ROBOCOPY.EXE executed (share maintenance)","target":"C:\\Windows\\System32\\Robocopy.exe","process":{"name":"ROBOCOPY.EXE","image_path":"C:\\Windows\\System32\\Robocopy.exe","command_line":"robocopy D:\\Finance\\2025Q4 E:\\Archive\\2025Q4 /MIR /R:1 /W:1","parent_name":"cmd.exe","user":"EU\\bob"},"detections":[],"severity_max":"none","detection_count":0,"provenance":{"raw_file":"raw/Windows.Forensics.Prefetch/results.json","raw_row":25,"collection_id":"demo-srv-corp-fs02"},"extra":{"prefetch_file":"ROBOCOPY.EXE-18BDB160.pf"}},
  {"schema_version":"1.0.0","row_hash":"06a7da07ee3a20effb5b028ac25f1af0080b2b5530c5e949c724fe7b72a9b976","timestamp_utc":"2026-03-12T09:27:05.2080000Z","timestamp_desc":"LastExecuted","source":"execution","artifact":"Windows.Forensics.Prefetch","collector_kind":"velociraptor","host":"SRV-CORP-FS02","host_id":"4f1c0a9e-0002-4a00-9c31-b0de51000002","user":"EU\\bob","message":"ROBOCOPY.EXE executed (share maintenance)","target":"C:\\Windows\\System32\\Robocopy.exe","process":{"name":"ROBOCOPY.EXE","image_path":"C:\\Windows\\System32\\Robocopy.exe","command_line":"robocopy D:\\Finance\\2025Q4 E:\\Archive\\2025Q4 /MIR /R:1 /W:1","parent_name":"cmd.exe","user":"EU\\bob"},"detections":[],"severity_max":"none","detection_count":0,"provenance":{"raw_file":"raw/Windows.Forensics.Prefetch/results.json","raw_row":41,"collection_id":"demo-srv-corp-fs02"},"extra":{"prefetch_file":"ROBOCOPY.EXE-1A03DD44.pf"}},
  {"schema_version":"1.0.0","row_hash":"25f4129161c3705be994c67063a06e42ab09318d1e11c84f33f6fa31b556e6ca","timestamp_utc":"2026-03-12T09:35:36.6080000Z","timestamp_desc":"Modified","timestamp_source_field":"Mtime","source":"filesystem","artifact":"Generic.Collectors.File","collector_kind":"velociraptor","host":"SRV-CORP-FS02","host_id":"4f1c0a9e-0002-4a00-9c31-b0de51000002","user":"EU\\bob","message":"File modified on share: cashflow-model.xlsx","target":"D:\\Shared\\Templates\\cashflow-model.xlsx","file":{"path":"D:\\Shared\\Templates\\cashflow-model.xlsx","name":"cashflow-model.xlsx","extension":"xlsx","size_bytes":2405900,"is_directory":false,"is_allocated":true},"detections":[],"severity_max":"none","detection_count":0,"provenance":{"raw_file":"raw/Generic.Collectors.File/results.json","raw_row":6,"collection_id":"demo-srv-corp-fs02"}},
  {"schema_version":"1.0.0","row_hash":"d425c7e76c64380a589d7eeb692989d227e910bbc780f462f141b146a0b95102","timestamp_utc":"2026-03-12T09:39:03.9660000Z","timestamp_desc":"EventTime","source":"system_info","artifact":"Windows.System.DiskInfo","collector_kind":"velociraptor","host":"SRV-CORP-FS02","host_id":"4f1c0a9e-0002-4a00-9c31-b0de51000002","user":"SYSTEM","message":"Volume D: capacity report: 74% used","target":"D:\\","detections":[],"severity_max":"none","detection_count":0,"provenance":{"raw_file":"raw/Windows.System.DiskInfo/results.json","raw_row":22,"collection_id":"demo-srv-corp-fs02"},"extra":{"file_system":"NTFS","size_bytes":4000787030016,"volume_label":"DATA"}},
  {"schema_version":"1.0.0","row_hash":"541eab279ce52e2e58f205130c22fa2e69a51a642d17647968fde8b757aad836","timestamp_utc":"2026-03-12T09:41:05.1150000Z","timestamp_desc":"LastExecuted","source":"execution","artifact":"Windows.Forensics.Prefetch","collector_kind":"velociraptor","host":"SRV-CORP-FS02","host_id":"4f1c0a9e-0002-4a00-9c31-b0de51000002","user":"EU\\bob","message":"ROBOCOPY.EXE executed (share maintenance)","target":"C:\\Windows\\System32\\Robocopy.exe","process":{"name":"ROBOCOPY.EXE","image_path":"C:\\Windows\\System32\\Robocopy.exe","command_line":"robocopy D:\\Finance\\2025Q4 E:\\Archive\\2025Q4 /MIR /R:1 /W:1","parent_name":"cmd.exe","user":"EU\\bob"},"detections":[],"severity_max":"none","detection_count":0,"provenance":{"raw_file":"raw/Windows.Forensics.Prefetch/results.json","raw_row":45,"collection_id":"demo-srv-corp-fs02"},"extra":{"prefetch_file":"ROBOCOPY.EXE-1BC41265.pf"}},
  {"schema_version":"1.0.0","row_hash":"7b3aa050ef1e23c4b2365a9e2c964d67b6a5df55277fe8f719218732a80113ff","timestamp_utc":"2026-03-12T09:43:08.1890000Z","timestamp_desc":"LastExecuted","source":"execution","artifact":"Windows.Forensics.Prefetch","collector_kind":"velociraptor","host":"SRV-CORP-FS02","host_id":"4f1c0a9e-0002-4a00-9c31-b0de51000002","user":"EU\\bob","message":"ROBOCOPY.EXE executed (share maintenance)","target":"C:\\Windows\\System32\\Robocopy.exe","process":{"name":"ROBOCOPY.EXE","image_path":"C:\\Windows\\System32\\Robocopy.exe","command_line":"robocopy D:\\Finance\\2025Q4 E:\\Archive\\2025Q4 /MIR /R:1 /W:1","parent_name":"cmd.exe","user":"EU\\bob"},"detections":[],"severity_max":"none","detection_count":0,"provenance":{"raw_file":"raw/Windows.Forensics.Prefetch/results.json","raw_row":37,"collection_id":"demo-srv-corp-fs02"},"extra":{"prefetch_file":"ROBOCOPY.EXE-1150CE9D.pf"}},
  {"schema_version":"1.0.0","row_hash":"e33a6c20375407b128d4c1a36d5e2b3dee9a8b51bf07bbeea11b67be1e9199bd","timestamp_utc":"2026-03-12T09:45:18.0160000Z","timestamp_desc":"EventTime","source":"log","artifact":"Windows.EventLogs.Evtx","collector_kind":"native","host":"SRV-CORP-FS02","host_id":"4f1c0a9e-0002-4a00-9c31-b0de51000002","user":"SYSTEM","message":"Volume shadow copy created for D: (nightly backup, 4 snapshots retained)","target":"D:\\","event":{"channel":"Application","provider":"VSS","event_id":8224,"record_id":1543,"level":"Information","computer":"SRV-CORP-FS02.eu.corp.example"},"detections":[],"severity_max":"none","detection_count":0,"provenance":{"raw_file":"raw/Windows.EventLogs.Evtx/results.json","raw_row":222,"collection_id":"demo-srv-corp-fs02"}},
  {"schema_version":"1.0.0","row_hash":"9cf101f72db3f9e2e48d0ffaf8a3b97429fbcf61e715534af2449ea58197c6da","timestamp_utc":"2026-03-12T09:45:32.5830000Z","timestamp_desc":"Modified","timestamp_source_field":"Mtime","source":"filesystem","artifact":"Generic.Collectors.File","collector_kind":"velociraptor","host":"SRV-CORP-FS02","host_id":"4f1c0a9e-0002-4a00-9c31-b0de51000002","user":"EU\\carol","message":"File modified on share: Q1-forecast.xlsx","target":"D:\\Finance\\2025Q4\\Q1-forecast.xlsx","file":{"path":"D:\\Finance\\2025Q4\\Q1-forecast.xlsx","name":"Q1-forecast.xlsx","extension":"xlsx","size_bytes":7254383,"is_directory":false,"is_allocated":true},"detections":[],"severity_max":"none","detection_count":0,"provenance":{"raw_file":"raw/Generic.Collectors.File/results.json","raw_row":42,"collection_id":"demo-srv-corp-fs02"}},
  {"schema_version":"1.0.0","row_hash":"a3ec0505b973b2e1cb6f69f69446cd58dd973a36b97c4bea72457e1335325868","timestamp_utc":"2026-03-12T09:50:12.4130000Z","timestamp_desc":"EventTime","source":"log","artifact":"Windows.EventLogs.Evtx","collector_kind":"native","host":"SRV-CORP-FS02","host_id":"4f1c0a9e-0002-4a00-9c31-b0de51000002","user":"SYSTEM","message":"Volume shadow copy created for D: (nightly backup, 2 snapshots retained)","target":"D:\\","event":{"channel":"Application","provider":"VSS","event_id":8224,"record_id":2813,"level":"Information","computer":"SRV-CORP-FS02.eu.corp.example"},"detections":[],"severity_max":"none","detection_count":0,"provenance":{"raw_file":"raw/Windows.EventLogs.Evtx/results.json","raw_row":46,"collection_id":"demo-srv-corp-fs02"}},
  {"schema_version":"1.0.0","row_hash":"7ca08f604be6aa8a420e85c55e9b318f60dc4447452c53f3ae730330f439c139","timestamp_utc":"2026-03-12T09:59:57.0280000Z","timestamp_desc":"Modified","timestamp_source_field":"Mtime","source":"filesystem","artifact":"Generic.Collectors.File","collector_kind":"velociraptor","host":"SRV-CORP-FS02","host_id":"4f1c0a9e-0002-4a00-9c31-b0de51000002","user":"EU\\carol","message":"File modified on share: payroll-summary.xlsx","target":"D:\\Finance\\Audit\\payroll-summary.xlsx","file":{"path":"D:\\Finance\\Audit\\payroll-summary.xlsx","name":"payroll-summary.xlsx","extension":"xlsx","size_bytes":7909371,"is_directory":false,"is_allocated":true},"detections":[],"severity_max":"none","detection_count":0,"provenance":{"raw_file":"raw/Generic.Collectors.File/results.json","raw_row":66,"collection_id":"demo-srv-corp-fs02"}},
  {"schema_version":"1.0.0","row_hash":"b2710ef09d54e7ba77e4842f2669417a5c7b184be934873f3b066998a060cda2","timestamp_utc":"2026-03-12T10:07:38.0750000Z","timestamp_desc":"Modified","timestamp_source_field":"Mtime","source":"filesystem","artifact":"Generic.Collectors.File","collector_kind":"velociraptor","host":"SRV-CORP-FS02","host_id":"4f1c0a9e-0002-4a00-9c31-b0de51000002","user":"EU\\carol","message":"File modified on share: headcount-plan.xlsx","target":"D:\\Finance\\2026Q1\\headcount-plan.xlsx","file":{"path":"D:\\Finance\\2026Q1\\headcount-plan.xlsx","name":"headcount-plan.xlsx","extension":"xlsx","size_bytes":7463534,"is_directory":false,"is_allocated":true},"detections":[],"severity_max":"none","detection_count":0,"provenance":{"raw_file":"raw/Generic.Collectors.File/results.json","raw_row":50,"collection_id":"demo-srv-corp-fs02"}},
  {"schema_version":"1.0.0","row_hash":"d698a1015e16e3b472749df786ed6fa6eb9a689d501dcfe26b2d2c80665f597c","timestamp_utc":"2026-03-12T10:15:18.5570000Z","timestamp_desc":"Modified","timestamp_source_field":"Mtime","source":"filesystem","artifact":"Generic.Collectors.File","collector_kind":"velociraptor","host":"SRV-CORP-FS02","host_id":"4f1c0a9e-0002-4a00-9c31-b0de51000002","user":"EU\\alice","message":"File modified on share: Q1-forecast.xlsx","target":"D:\\Finance\\Audit\\Q1-forecast.xlsx","file":{"path":"D:\\Finance\\Audit\\Q1-forecast.xlsx","name":"Q1-forecast.xlsx","extension":"xlsx","size_bytes":6535550,"is_directory":false,"is_allocated":true},"detections":[],"severity_max":"none","detection_count":0,"provenance":{"raw_file":"raw/Generic.Collectors.File/results.json","raw_row":34,"collection_id":"demo-srv-corp-fs02"}},
  {"schema_version":"1.0.0","row_hash":"2dfe400bab2da2e76b8fb465256ac58956299c04bcbbc87e3dd404b857735e1a","timestamp_utc":"2026-03-12T10:18:44.4000000Z","timestamp_desc":"EventTime","source":"network","artifact":"Windows.Network.Netstat","collector_kind":"velociraptor","host":"SRV-CORP-FS02","host_id":"4f1c0a9e-0002-4a00-9c31-b0de51000002","user":"EU\\svc-backup","message":"Backup stream to SRV-CORP-BK01","target":"10.0.10.14:10000","network":{"src_ip":"10.0.5.20","src_port":50040,"dst_ip":"10.0.10.14","dst_port":10000,"protocol":"tcp","direction":"outbound","state":"ESTABLISHED"},"detections":[],"severity_max":"none","detection_count":0,"provenance":{"raw_file":"raw/Windows.Network.Netstat/results.json","raw_row":33,"collection_id":"demo-srv-corp-fs02"}},
  {"schema_version":"1.0.0","row_hash":"da62d699314452917588a4143cb457f7c471e4854f753acc53485cbb5dfa497b","timestamp_utc":"2026-03-12T10:31:41.2690000Z","timestamp_desc":"Modified","timestamp_source_field":"Mtime","source":"filesystem","artifact":"Generic.Collectors.File","collector_kind":"velociraptor","host":"SRV-CORP-FS02","host_id":"4f1c0a9e-0002-4a00-9c31-b0de51000002","user":"EU\\alice","message":"File modified on share: headcount-plan.xlsx","target":"D:\\Finance\\Audit\\headcount-plan.xlsx","file":{"path":"D:\\Finance\\Audit\\headcount-plan.xlsx","name":"headcount-plan.xlsx","extension":"xlsx","size_bytes":321871,"is_directory":false,"is_allocated":true},"detections":[],"severity_max":"none","detection_count":0,"provenance":{"raw_file":"raw/Generic.Collectors.File/results.json","raw_row":2,"collection_id":"demo-srv-corp-fs02"}},
  {"schema_version":"1.0.0","row_hash":"53dfec05a7babb1d3e2679f798c292898941333d2649d817c8282ce9335acd8a","timestamp_utc":"2026-03-12T10:37:40.6870000Z","timestamp_desc":"LastExecuted","source":"execution","artifact":"Windows.Forensics.Prefetch","collector_kind":"velociraptor","host":"SRV-CORP-FS02","host_id":"4f1c0a9e-0002-4a00-9c31-b0de51000002","user":"EU\\bob","message":"ROBOCOPY.EXE executed (share maintenance)","target":"C:\\Windows\\System32\\Robocopy.exe","process":{"name":"ROBOCOPY.EXE","image_path":"C:\\Windows\\System32\\Robocopy.exe","command_line":"robocopy D:\\Finance\\2025Q4 E:\\Archive\\2025Q4 /MIR /R:1 /W:1","parent_name":"cmd.exe","user":"EU\\bob"},"detections":[],"severity_max":"none","detection_count":0,"provenance":{"raw_file":"raw/Windows.Forensics.Prefetch/results.json","raw_row":9,"collection_id":"demo-srv-corp-fs02"},"extra":{"prefetch_file":"ROBOCOPY.EXE-1380C27C.pf"}},
  {"schema_version":"1.0.0","row_hash":"69d5cbf2d80eacc6da12e07456488d29e3c0c379fb0423501f0ba7ce8145e70e","timestamp_utc":"2026-03-12T10:41:25.3730000Z","timestamp_desc":"EventTime","source":"log","artifact":"Windows.EventLogs.Evtx","collector_kind":"native","host":"SRV-CORP-FS02","host_id":"4f1c0a9e-0002-4a00-9c31-b0de51000002","user":"SYSTEM","message":"Volume shadow copy created for D: (nightly backup, 3 snapshots retained)","target":"D:\\","event":{"channel":"Application","provider":"VSS","event_id":8224,"record_id":2813,"level":"Information","computer":"SRV-CORP-FS02.eu.corp.example"},"detections":[],"severity_max":"none","detection_count":0,"provenance":{"raw_file":"raw/Windows.EventLogs.Evtx/results.json","raw_row":78,"collection_id":"demo-srv-corp-fs02"}},
  {"schema_version":"1.0.0","row_hash":"3916e125be2a3b42915ac277fe09e0bd1336da5191383eb8f4923b4d273258c1","timestamp_utc":"2026-03-12T10:46:52.9960000Z","timestamp_desc":"Modified","timestamp_source_field":"Mtime","source":"filesystem","artifact":"Generic.Collectors.File","collector_kind":"velociraptor","host":"SRV-CORP-FS02","host_id":"4f1c0a9e-0002-4a00-9c31-b0de51000002","user":"EU\\carol","message":"File modified on share: board-pack-march.pptx","target":"D:\\Shared\\Templates\\board-pack-march.pptx","file":{"path":"D:\\Shared\\Templates\\board-pack-march.pptx","name":"board-pack-march.pptx","extension":"pptx","size_bytes":3564206,"is_directory":false,"is_allocated":true},"detections":[],"severity_max":"none","detection_count":0,"provenance":{"raw_file":"raw/Generic.Collectors.File/results.json","raw_row":14,"collection_id":"demo-srv-corp-fs02"}},
  {"schema_version":"1.0.0","row_hash":"ed4c3693582aeb22a93f0a0521dcd8c18b7576fc5715524fbcc57e9ab0426829","timestamp_utc":"2026-03-12T10:59:38.4090000Z","timestamp_desc":"EventTime","source":"log","artifact":"Windows.EventLogs.Evtx","collector_kind":"native","host":"SRV-CORP-FS02","host_id":"4f1c0a9e-0002-4a00-9c31-b0de51000002","user":"SYSTEM","message":"Volume shadow copy created for D: (nightly backup, 5 snapshots retained)","target":"D:\\","event":{"channel":"Application","provider":"VSS","event_id":8224,"record_id":512,"level":"Information","computer":"SRV-CORP-FS02.eu.corp.example"},"detections":[],"severity_max":"none","detection_count":0,"provenance":{"raw_file":"raw/Windows.EventLogs.Evtx/results.json","raw_row":238,"collection_id":"demo-srv-corp-fs02"}},
  {"schema_version":"1.0.0","row_hash":"73d8ce8579cb043c54981d02613e52d2e496f160cfc4f1b13bd15ee14c1ffb5d","timestamp_utc":"2026-03-12T11:00:33.3960000Z","timestamp_desc":"EventTime","source":"log","artifact":"Windows.EventLogs.Evtx","collector_kind":"native","host":"SRV-CORP-FS02","host_id":"4f1c0a9e-0002-4a00-9c31-b0de51000002","user":"SYSTEM","message":"Volume shadow copy created for D: (nightly backup, 7 snapshots retained)","target":"D:\\","event":{"channel":"Application","provider":"VSS","event_id":8224,"record_id":1393,"level":"Information","computer":"SRV-CORP-FS02.eu.corp.example"},"detections":[],"severity_max":"none","detection_count":0,"provenance":{"raw_file":"raw/Windows.EventLogs.Evtx/results.json","raw_row":142,"collection_id":"demo-srv-corp-fs02"}},
