  {"schema_version":"1.0.0","row_hash":"fe0b6b69b9d01f7ae67a9fa5561e5467d73a62d53dd918c080bc7e56406997ec","timestamp_utc":"2026-03-10T14:25:53.2940000Z","timestamp_desc":"EventTime","source":"system_info","artifact":"Windows.System.DiskInfo","collector_kind":"velociraptor","host":"SRV-CORP-FS02","host_id":"4f1c0a9e-0002-4a00-9c31-b0de51000002","user":"SYSTEM","message":"Volume D: capacity report: 72% used","target":"D:\\","detections":[],"severity_max":"none","detection_count":0,"provenance":{"raw_file":"raw/Windows.System.DiskInfo/results.json","raw_row":5,"collection_id":"demo-srv-corp-fs02"},"extra":{"file_system":"NTFS","size_bytes":4000787030016,"volume_label":"DATA"}},
  {"schema_version":"1.0.0","row_hash":"56faefb2a3f83520d286433bcdd6f7832644b3e5577af1c1c420425b34d03205","timestamp_utc":"2026-03-10T14:37:09.0050000Z","timestamp_desc":"EventTime","source":"network","artifact":"Windows.Network.Netstat","collector_kind":"velociraptor","host":"SRV-CORP-FS02","host_id":"4f1c0a9e-0002-4a00-9c31-b0de51000002","user":"EU\\svc-backup","message":"Backup stream to SRV-CORP-BK01","target":"10.0.10.14:10000","network":{"src_ip":"10.0.5.20","src_port":49543,"dst_ip":"10.0.10.14","dst_port":10000,"protocol":"tcp","direction":"outbound","state":"ESTABLISHED"},"detections":[],"severity_max":"none","detection_count":0,"provenance":{"raw_file":"raw/Windows.Network.Netstat/results.json","raw_row":16,"collection_id":"demo-srv-corp-fs02"}},
  {"schema_version":"1.0.0","row_hash":"c0749a3bbcd5bd5d758e1aed042059c58276b270882e36004ef524aa9e61522b","timestamp_utc":"2026-03-10T14:40:42.7070000Z","timestamp_desc":"Modified","timestamp_source_field":"Mtime","source":"filesystem","artifact":"Generic.Collectors.File","collector_kind":"velociraptor","host":"SRV-CORP-FS02","host_id":"4f1c0a9e-0002-4a00-9c31-b0de51000002","user":"EU\\bob","message":"File modified on share: board-pack-march.pptx","target":"D:\\Finance\\Audit\\board-pack-march.pptx","file":{"path":"D:\\Finance\\Audit\\board-pack-march.pptx","name":"board-pack-march.pptx","extension":"pptx","size_bytes":7040121,"is_directory":false,"is_allocated":true},"detections":[],"severity_max":"none","detection_count":0,"provenance":{"raw_file":"raw/Generic.Collectors.File/results.json","raw_row":65,"collection_id":"demo-srv-corp-fs02"}},
  {"schema_version":"1.0.0","row_hash":"cbacc7008c2ff4edf5032116405bd2530a49c88b4e0ea1ab9580d40818cdbed3","timestamp_utc":"2026-03-10T14:48:59.0480000Z","timestamp_desc":"EventTime","source":"system_info","artifact":"Windows.System.DiskInfo","collector_kind":"velociraptor","host":"SRV-CORP-FS02","host_id":"4f1c0a9e-0002-4a00-9c31-b0de51000002","user":"SYSTEM","message":"Volume D: capacity report: 89% used","target":"D:\\","detections":[],"severity_max":"none","detection_count":0,"provenance":{"raw_file":"raw/Windows.System.DiskInfo/results.json","raw_row":61,"collection_id":"demo-srv-corp-fs02"},"extra":{"file_system":"NTFS","size_bytes":4000787030016,"volume_label":"DATA"}},
  {"schema_version":"1.0.0","row_hash":"8a4ba2c6f92be619014ce980bbe4b583cc07d682a6eaed74ff2530be138b0b9e","timestamp_utc":"2026-03-10T14:57:59.2470000Z","timestamp_desc":"EventTime","source":"network","artifact":"Windows.Network.Netstat","collector_kind":"velociraptor","host":"SRV-CORP-FS02","host_id":"4f1c0a9e-0002-4a00-9c31-b0de51000002","user":"EU\\svc-backup","message":"Backup stream to SRV-CORP-BK01","target":"10.0.10.14:10000","network":{"src_ip":"10.0.5.20","src_port":58274,"dst_ip":"10.0.10.14","dst_port":10000,"protocol":"tcp","direction":"outbound","state":"ESTABLISHED"},"detections":[],"severity_max":"none","detection_count":0,"provenance":{"raw_file":"raw/Windows.Network.Netstat/results.json","raw_row":36,"collection_id":"demo-srv-corp-fs02"}},
  {"schema_version":"1.0.0","row_hash":"23b50366955ad24df0fea413cfc609b2efc257c6fc0bb615c34e9898a28c1158","timestamp_utc":"2026-03-10T15:11:31.7270000Z","timestamp_desc":"LastExecuted","source":"execution","artifact":"Windows.Forensics.Prefetch","collector_kind":"velociraptor","host":"SRV-CORP-FS02","host_id":"4f1c0a9e-0002-4a00-9c31-b0de51000002","user":"EU\\bob","message":"ROBOCOPY.EXE executed (share maintenance)","target":"C:\\Windows\\System32\\Robocopy.exe","process":{"name":"ROBOCOPY.EXE","image_path":"C:\\Windows\\System32\\Robocopy.exe","command_line":"robocopy D:\\Finance\\2025Q4 E:\\Archive\\2025Q4 /MIR /R:1 /W:1","parent_name":"cmd.exe","user":"EU\\bob"},"detections":[],"severity_max":"none","detection_count":0,"provenance":{"raw_file":"raw/Windows.Forensics.Prefetch/results.json","raw_row":12,"collection_id":"demo-srv-corp-fs02"},"extra":{"prefetch_file":"ROBOCOPY.EXE-1926F81A.pf"}},
  {"schema_version":"1.0.0","row_hash":"5eafe1b0beef872d80093b2ecfebbb1fa04d954139763c20753e9a6f77526b10","timestamp_utc":"2026-03-10T15:23:31.3020000Z","timestamp_desc":"LastExecuted","source":"execution","artifact":"Windows.Forensics.Prefetch","collector_kind":"velociraptor","host":"SRV-CORP-FS02","host_id":"4f1c0a9e-0002-4a00-9c31-b0de51000002","user":"EU\\bob","message":"ROBOCOPY.EXE executed (share maintenance)","target":"C:\\Windows\\System32\\Robocopy.exe","process":{"name":"ROBOCOPY.EXE","image_path":"C:\\Windows\\System32\\Robocopy.exe","command_line":"robocopy D:\\Finance\\2025Q4 E:\\Archive\\2025Q4 /MIR /R:1 /W:1","parent_name":"cmd.exe","user":"EU\\bob"},"detections":[],"severity_max":"none","detection_count":0,"provenance":{"raw_file":"raw/Windows.Forensics.Prefetch/results.json","raw_row":48,"collection_id":"demo-srv-corp-fs02"},"extra":{"prefetch_file":"ROBOCOPY.EXE-1709DA3D.pf"}},
  {"schema_version":"1.0.0","row_hash":"fb568347fb03a2577499a615aad8385e30acff04d63c4724f1b86a421b0345d7","timestamp_utc":"2026-03-10T15:36:46.5120000Z","timestamp_desc":"LastExecuted","source":"execution","artifact":"Windows.Forensics.Prefetch","collector_kind":"velociraptor","host":"SRV-CORP-FS02","host_id":"4f1c0a9e-0002-4a00-9c31-b0de51000002","user":"EU\\bob","message":"ROBOCOPY.EXE executed (share maintenance)","target":"C:\\Windows\\System32\\Robocopy.exe","process":{"name":"ROBOCOPY.EXE","image_path":"C:\\Windows\\System32\\Robocopy.exe","command_line":"robocopy D:\\Finance\\2025Q4 E:\\Archive\\2025Q4 /MIR /R:1 /W:1","parent_name":"cmd.exe","user":"EU\\bob"},"detections":[],"severity_max":"none","detection_count":0,"provenance":{"raw_file":"raw/Windows.Forensics.Prefetch/results.json","raw_row":4,"collection_id":"demo-srv-corp-fs02"},"extra":{"prefetch_file":"ROBOCOPY.EXE-1B594509.pf"}},
  {"schema_version":"1.0.0","row_hash":"54391ebbdb27c88b7b5aac66863bb7bed9ee94abb553296501e6beff4cbaa6ca","timestamp_utc":"2026-03-10T15:37:42.3420000Z","timestamp_desc":"Modified","timestamp_source_field":"Mtime","source":"filesystem","artifact":"Generic.Collectors.File","collector_kind":"velociraptor","host":"SRV-CORP-FS02","host_id":"4f1c0a9e-0002-4a00-9c31-b0de51000002","user":"EU\\bob","message":"File modified on share: vat-return-2026.xlsx","target":"D:\\Shared\\Templates\\vat-return-2026.xlsx","file":{"path":"D:\\Shared\\Templates\\vat-return-2026.xlsx","name":"vat-return-2026.xlsx","extension":"xlsx","size_bytes":2575906,"is_directory":false,"is_allocated":true},"detections":[],"severity_max":"none","detection_count":0,"provenance":{"raw_file":"raw/Generic.Collectors.File/results.json","raw_row":9,"collection_id":"demo-srv-corp-fs02"}},
  {"schema_version":"1.0.0","row_hash":"15bb23b3ed8c37a18b05405a938ebc2dd899a961b64a6de6b5734358090777fb","timestamp_utc":"2026-03-10T15:51:08.5800000Z","timestamp_desc":"EventTime","source":"network","artifact":"Windows.Network.Netstat","collector_kind":"velociraptor","host":"SRV-CORP-FS02","host_id":"4f1c0a9e-0002-4a00-9c31-b0de51000002","user":"EU\\svc-backup","message":"Backup stream to SRV-CORP-BK01","target":"10.0.10.14:10000","network":{"src_ip":"10.0.5.20","src_port":51232,"dst_ip":"10.0.10.14","dst_port":10000,"protocol":"tcp","direction":"outbound","state":"ESTABLISHED"},"detections":[],"severity_max":"none","detection_count":0,"provenance":{"raw_file":"raw/Windows.Network.Netstat/results.json","raw_row":28,"collection_id":"demo-srv-corp-fs02"}},
  {"schema_version":"1.0.0","row_hash":"c4230123770f65fa9397b59a3d31890c028c44fd8ca09dc79c08499acb4daa0d","timestamp_utc":"2026-03-10T15:57:33.8390000Z","timestamp_desc":"Modified","timestamp_source_field":"Mtime","source":"filesystem","artifact":"Generic.Collectors.File","collector_kind":"velociraptor","host":"SRV-CORP-FS02","host_id":"4f1c0a9e-0002-4a00-9c31-b0de51000002","user":"EU\\Administrator","message":"File modified on share: audit-notes.docx","target":"D:\\Finance\\2026Q1\\audit-notes.docx","file":{"path":"D:\\Finance\\2026Q1\\audit-notes.docx","name":"audit-notes.docx","extension":"docx","size_bytes":1802362,"is_directory":false,"is_allocated":true},"detections":[],"severity_max":"none","detection_count":0,"provenance":{"raw_file":"raw/Generic.Collectors.File/results.json","raw_row":5,"collection_id":"demo-srv-corp-fs02"}},
  {"schema_version":"1.0.0","row_hash":"d1b4a7c605613f3924f46838ed989ea77c8e9626cf6a1a772c2fb35410675d3b","timestamp_utc":"2026-03-10T16:07:54.6040000Z","timestamp_desc":"EventTime","source":"system_info","artifact":"Windows.System.DiskInfo","collector_kind":"velociraptor","host":"SRV-CORP-FS02","host_id":"4f1c0a9e-0002-4a00-9c31-b0de51000002","user":"SYSTEM","message":"Volume D: capacity report: 83% used","target":"D:\\","detections":[],"severity_max":"none","detection_count":0,"provenance":{"raw_file":"raw/Windows.System.DiskInfo/results.json","raw_row":17,"collection_id":"demo-srv-corp-fs02"},"extra":{"file_system":"NTFS","size_bytes":4000787030016,"volume_label":"DATA"}},
  {"schema_version":"1.0.0","row_hash":"c545d71da24cde93b2e190c88323c047f445600e4819c66d91d22c868a8610b6","timestamp_utc":"2026-03-10T16:20:06.8060000Z","timestamp_desc":"EventTime","source":"network","artifact":"Windows.Network.Netstat","collector_kind":"velociraptor","host":"SRV-CORP-FS02","host_id":"4f1c0a9e-0002-4a00-9c31-b0de51000002","user":"EU\\svc-backup","message":"Backup stream to SRV-CORP-BK01","target":"10.0.10.14:10000","network":{"src_ip":"10.0.5.20","src_port":64140,"dst_ip":"10.0.10.14","dst_port":10000,"protocol":"tcp","direction":"outbound","state":"ESTABLISHED"},"detections":[],"severity_max":"none","detection_count":0,"provenance":{"raw_file":"raw/Windows.Network.Netstat/results.json","raw_row":8,"collection_id":"demo-srv-corp-fs02"}},
  {"schema_version":"1.0.0","row_hash":"54f1dab4f6c095acccce3e07595b26dfebfa3b658c48137580dc4a6ee13a8a53","timestamp_utc":"2026-03-10T16:20:21.7070000Z","timestamp_desc":"EventTime","source":"log","artifact":"Windows.EventLogs.Evtx","collector_kind":"native","host":"SRV-CORP-FS02","host_id":"4f1c0a9e-0002-4a00-9c31-b0de51000002","user":"SYSTEM","message":"Volume shadow copy created for D: (nightly backup, 7 snapshots retained)","target":"D:\\","event":{"channel":"Application","provider":"VSS","event_id":8224,"record_id":1318,"level":"Information","computer":"SRV-CORP-FS02.eu.corp.example"},"detections":[],"severity_max":"none","detection_count":0,"provenance":{"raw_file":"raw/Windows.EventLogs.Evtx/results.json","raw_row":234,"collection_id":"demo-srv-corp-fs02"}},
  {"schema_version":"1.0.0","row_hash":"e6d39b40229f2038e1b20adb8e5cd48f829ea5760519ac48666b5ab993a73166","timestamp_utc":"2026-03-10T16:21:03.9610000Z","timestamp_desc":"EventTime","source":"system_info","artifact":"Windows.System.DiskInfo","collector_kind":"velociraptor","host":"SRV-CORP-FS02","host_id":"4f1c0a9e-0002-4a00-9c31-b0de51000002","user":"SYSTEM","message":"Volume D: capacity report: 79% used","target":"D:\\","detections":[],"severity_max":"none","detection_count":0,"provenance":{"raw_file":"raw/Windows.System.DiskInfo/results.json","raw_row":69,"collection_id":"demo-srv-corp-fs02"},"extra":{"file_system":"NTFS","size_bytes":4000787030016,"volume_label":"DATA"}},
  {"schema_version":"1.0.0","row_hash":"272156c15573d640df6c43f3a1647385b8311c9bb8f8fbd093850cc78aa10498","timestamp_utc":"2026-03-10T16:21:31.1790000Z","timestamp_desc":"EventTime","source":"network","artifact":"Windows.Network.Netstat","collector_kind":"velociraptor","host":"SRV-CORP-FS02","host_id":"4f1c0a9e-0002-4a00-9c31-b0de51000002","user":"EU\\svc-backup","message":"Backup stream to SRV-CORP-BK01","target":"10.0.10.14:10000","network":{"src_ip":"10.0.5.20","src_port":49705,"dst_ip":"10.0.10.14","dst_port":10000,"protocol":"tcp","direction":"outbound","state":"ESTABLISHED"},"detections":[],"severity_max":"none","detection_count":0,"provenance":{"raw_file":"raw/Windows.Network.Netstat/results.json","raw_row":44,"collection_id":"demo-srv-corp-fs02"}},
  {"schema_version":"1.0.0","row_hash":"0302d20cedf43bf218eab2309497a0945ec667186405f179d69f57777a2aa6df","timestamp_utc":"2026-03-10T16:23:31.3810000Z","timestamp_desc":"EventTime","source":"log","artifact":"Windows.EventLogs.Evtx","collector_kind":"native","host":"SRV-CORP-FS02","host_id":"4f1c0a9e-0002-4a00-9c31-b0de51000002","user":"SYSTEM","message":"Volume shadow copy created for D: (nightly backup, 2 snapshots retained)","target":"D:\\","event":{"channel":"Application","provider":"VSS","event_id":8224,"record_id":2512,"level":"Information","computer":"SRV-CORP-FS02.eu.corp.example"},"detections":[],"severity_max":"none","detection_count":0,"provenance":{"raw_file":"raw/Windows.EventLogs.Evtx/results.json","raw_row":266,"collection_id":"demo-srv-corp-fs02"}},
  {"schema_version":"1.0.0","row_hash":"6b9a6c0fee512f769a7db35a153c566637d7d0b797727d3e997bf4f4ab4ed12d","timestamp_utc":"2026-03-10T16:43:03.7180000Z","timestamp_desc":"EventTime","source":"log","artifact":"Windows.EventLogs.Evtx","collector_kind":"native","host":"SRV-CORP-FS02","host_id":"4f1c0a9e-0002-4a00-9c31-b0de51000002","user":"SYSTEM","message":"Volume shadow copy created for D: (nightly backup, 6 snapshots retained)","target":"D:\\","event":{"channel":"Application","provider":"VSS","event_id":8224,"record_id":2607,"level":"Information","computer":"SRV-CORP-FS02.eu.corp.example"},"detections":[],"severity_max":"none","detection_count":0,"provenance":{"raw_file":"raw/Windows.EventLogs.Evtx/results.json","raw_row":170,"collection_id":"demo-srv-corp-fs02"}},
  {"schema_version":"1.0.0","row_hash":"5157f8757f46898429e81a82853a1cfaaca0aa630ab2ec4a9d895b1412c65e21","timestamp_utc":"2026-03-10T16:51:31.7680000Z","timestamp_desc":"EventTime","source":"system_info","artifact":"Windows.System.DiskInfo","collector_kind":"velociraptor","host":"SRV-CORP-FS02","host_id":"4f1c0a9e-0002-4a00-9c31-b0de51000002","user":"SYSTEM","message":"Volume D: capacity report: 71% used","target":"D:\\","detections":[],"severity_max":"none","detection_count":0,"provenance":{"raw_file":"raw/Windows.System.DiskInfo/results.json","raw_row":13,"collection_id":"demo-srv-corp-fs02"},"extra":{"file_system":"NTFS","size_bytes":4000787030016,"volume_label":"DATA"}},
  {"schema_version":"1.0.0","row_hash":"2ebddd5c88bce06242449158e006dbf12414d8935659bad8e1a7a12f5af3df60","timestamp_utc":"2026-03-10T16:57:46.3920000Z","timestamp_desc":"LastExecuted","source":"execution","artifact":"Windows.Forensics.Prefetch","collector_kind":"velociraptor","host":"SRV-CORP-FS02","host_id":"4f1c0a9e-0002-4a00-9c31-b0de51000002","user":"EU\\bob","message":"ROBOCOPY.EXE executed (share maintenance)","target":"C:\\Windows\\System32\\Robocopy.exe","process":{"name":"ROBOCOPY.EXE","image_path":"C:\\Windows\\System32\\Robocopy.exe","command_line":"robocopy D:\\Finance\\2025Q4 E:\\Archive\\2025Q4 /MIR /R:1 /W:1","parent_name":"cmd.exe","user":"EU\\bob"},"detections":[],"severity_max":"none","detection_count":0,"provenance":{"raw_file":"raw/Windows.Forensics.Prefetch/results.json","raw_row":64,"collection_id":"demo-srv-corp-fs02"},"extra":{"prefetch_file":"ROBOCOPY.EXE-151FB075.pf"}},
  {"schema_version":"1.0.0","row_hash":"867287879fc247d936553ccaf8ba1e091dde9857222b36f2170c7691e1793498","timestamp_utc":"2026-03-10T17:07:53.8620000Z","timestamp_desc":"Modified","timestamp_source_field":"Mtime","source":"filesystem","artifact":"Generic.Collectors.File","collector_kind":"velociraptor","host":"SRV-CORP-FS02","host_id":"4f1c0a9e-0002-4a00-9c31-b0de51000002","user":"EU\\svc-backup","message":"File modified on share: headcount-plan.xlsx","target":"D:\\Finance\\2025Q4\\headcount-plan.xlsx","file":{"path":"D:\\Finance\\2025Q4\\headcount-plan.xlsx","name":"headcount-plan.xlsx","extension":"xlsx","size_bytes":2161259,"is_directory":false,"is_allocated":true},"detections":[],"severity_max":"none","detection_count":0,"provenance":{"raw_file":"raw/Generic.Collectors.File/results.json","raw_row":1,"collection_id":"demo-srv-corp-fs02"}},
  {"schema_version":"1.0.0","row_hash":"90fedb647e8c161e5f1c3b84a8fabeaa66505857a74d223b363be3714ec27a4f","timestamp_utc":"2026-03-10T17:33:27.3830000Z","timestamp_desc":"LastExecuted","source":"execution","artifact":"Windows.Forensics.Prefetch","collector_kind":"velociraptor","host":"SRV-CORP-FS02","host_id":"4f1c0a9e-0002-4a00-9c31-b0de51000002","user":"EU\\bob","message":"ROBOCOPY.EXE executed (share maintenance)","target":"C:\\Windows\\System32\\Robocopy.exe","process":{"name":"ROBOCOPY.EXE","image_path":"C:\\Windows\\System32\\Robocopy.exe","command_line":"robocopy D:\\Finance\\2025Q4 E:\\Archive\\2025Q4 /MIR /R:1 /W:1","parent_name":"cmd.exe","user":"EU\\bob"},"detections":[],"severity_max":"none","detection_count":0,"provenance":{"raw_file":"raw/Windows.Forensics.Prefetch/results.json","raw_row":28,"collection_id":"demo-srv-corp-fs02"},"extra":{"prefetch_file":"ROBOCOPY.EXE-12B0AA84.pf"}},
  {"schema_version":"1.0.0","row_hash":"54c6acfbbd7ea2dd77994307c931b8784225f830ade75af540d6619a06ad4b8f","timestamp_utc":"2026-03-10T17:49:39.1320000Z","timestamp_desc":"EventTime","source":"log","artifact":"Windows.EventLogs.Evtx","collector_kind":"native","host":"SRV-CORP-FS02","host_id":"4f1c0a9e-0002-4a00-9c31-b0de51000002","user":"SYSTEM","message":"Volume shadow copy created for D: (nightly backup, 4 snapshots retained)","target":"D:\\","event":{"channel":"Application","provider":"VSS","event_id":8224,"record_id":491,"level":"Information","computer":"SRV-CORP-FS02.eu.corp.example"},"detections":[],"severity_max":"none","detection_count":0,"provenance":{"raw_file":"raw/Windows.EventLogs.Evtx/results.json","raw_row":90,"collection_id":"demo-srv-corp-fs02"}},
  {"schema_version":"1.0.0","row_hash":"a47b78b30f389579ee101cc2f4e974c7833e36c3f0a9720b79452b8e33e5e104","timestamp_utc":"2026-03-10T17:50:59.0450000Z","timestamp_desc":"LastExecuted","source":"execution","artifact":"Windows.Forensics.Prefetch","collector_kind":"velociraptor","host":"SRV-CORP-FS02","host_id":"4f1c0a9e-0002-4a00-9c31-b0de51000002","user":"EU\\bob","message":"ROBOCOPY.EXE executed (share maintenance)","target":"C:\\Windows\\System32\\Robocopy.exe","process":{"name":"ROBOCOPY.EXE","image_path":"C:\\Windows\\System32\\Robocopy.exe","command_line":"robocopy D:\\Finance\\2025Q4 E:\\Archive\\2025Q4 /MIR /R:1 /W:1","parent_name":"cmd.exe","user":"EU\\bob"},"detections":[],"severity_max":"none","detection_count":0,"provenance":{"raw_file":"raw/Windows.Forensics.Prefetch/results.json","raw_row":68,"collection_id":"demo-srv-corp-fs02"},"extra":{"prefetch_file":"ROBOCOPY.EXE-16A5DB16.pf"}},
  {"schema_version":"1.0.0","row_hash":"8eef5106c722ce53a34bfd84b5869ccbe2aaf5f7a9d388618510a103b20b4376","timestamp_utc":"2026-03-10T17:56:57.7250000Z","timestamp_desc":"LastExecuted","source":"execution","artifact":"Windows.Forensics.Prefetch","collector_kind":"velociraptor","host":"SRV-CORP-FS02","host_id":"4f1c0a9e-0002-4a00-9c31-b0de51000002","user":"EU\\bob","message":"ROBOCOPY.EXE executed (share maintenance)","target":"C:\\Windows\\System32\\Robocopy.exe","process":{"name":"ROBOCOPY.EXE","image_path":"C:\\Windows\\System32\\Robocopy.exe","command_line":"robocopy D:\\Finance\\2025Q4 E:\\Archive\\2025Q4 /MIR /R:1 /W:1","parent_name":"cmd.exe","user":"EU\\bob"},"detections":[],"severity_max":"none","detection_count":0,"provenance":{"raw_file":"raw/Windows.Forensics.Prefetch/results.json","raw_row":36,"collection_id":"demo-srv-corp-fs02"},"extra":{"prefetch_file":"ROBOCOPY.EXE-15873CF6.pf"}},
  {"schema_version":"1.0.0","row_hash":"34b0c0633b0a4050e3065ad65c92a1986587ba3af2077ed22c9ede3c1d2bfee5","timestamp_utc":"2026-03-10T17:58:22.1750000Z","timestamp_desc":"EventTime","source":"system_info","artifact":"Windows.System.DiskInfo","collector_kind":"velociraptor","host":"SRV-CORP-FS02","host_id":"4f1c0a9e-0002-4a00-9c31-b0de51000002","user":"SYSTEM","message":"Volume D: capacity report: 74% used","target":"D:\\","detections":[],"severity_max":"none","detection_count":0,"provenance":{"raw_file":"raw/Windows.System.DiskInfo/results.json","raw_row":33,"collection_id":"demo-srv-corp-fs02"},"extra":{"file_system":"NTFS","size_bytes":4000787030016,"volume_label":"DATA"}},
  {"schema_version":"1.0.0","row_hash":"6a8de5395ae520bb119a0585b1ad5ef7263caf6466c77ec3fd0ff72d51a5a820","timestamp_utc":"2026-03-10T18:52:09.6680000Z","timestamp_desc":"EventTime","source":"log","artifact":"Windows.EventLogs.Evtx","collector_kind":"native","host":"SRV-CORP-FS02","host_id":"4f1c0a9e-0002-4a00-9c31-b0de51000002","user":"SYSTEM","message":"Volume shadow copy created for D: (nightly backup, 6 snapshots retained)","target":"D:\\","event":{"channel":"Application","provider":"VSS","event_id":8224,"record_id":2580,"level":"Information","computer":"SRV-CORP-FS02.eu.corp.example"},"detections":[],"severity_max":"none","detection_count":0,"provenance":{"raw_file":"raw/Windows.EventLogs.Evtx/results.json","raw_row":10,"collection_id":"demo-srv-corp-fs02"}},
  {"schema_version":"1.0.0","row_hash":"dcdff13d97e5b450e08196de3fab685e2b5186e041b1477253e0d717a68d53e7","timestamp_utc":"2026-03-10T19:01:08.4030000Z","timestamp_desc":"EventTime","source":"system_info","artifact":"Windows.System.DiskInfo","collector_kind":"velociraptor","host":"SRV-CORP-FS02","host_id":"4f1c0a9e-0002-4a00-9c31-b0de51000002","user":"SYSTEM","message":"Volume D: capacity report: 62% used","target":"D:\\","detections":[],"severity_max":"none","detection_count":0,"provenance":{"raw_file":"raw/Windows.System.DiskInfo/results.json","raw_row":41,"collection_id":"demo-srv-corp-fs02"},"extra":{"file_system":"NTFS","size_bytes":4000787030016,"volume_label":"DATA"}},
  {"schema_version":"1.0.0","row_hash":"fb5134b4484e07672677dde3caeea19328a2cd3e1daf7a76d79a9917e1398094","timestamp_utc":"2026-03-10T19:06:28.5240000Z","timestamp_desc":"EventTime","source":"system_info","artifact":"Windows.System.DiskInfo","collector_kind":"velociraptor","host":"SRV-CORP-FS02","host_id":"4f1c0a9e-0002-4a00-9c31-b0de51000002","user":"SYSTEM","message":"Volume D: capacity report: 75% used","target":"D:\\","detections":[],"severity_max":"none","detection_count":0,"provenance":{"raw_file":"raw/Windows.System.DiskInfo/results.json","raw_row":25,"collection_id":"demo-srv-corp-fs02"},"extra":{"file_system":"NTFS","size_bytes":4000787030016,"volume_label":"DATA"}},
  {"schema_version":"1.0.0","row_hash":"c4b83a0f20567d55413905888f264eeffe960eede729628d5365b3fc525580f5","timestamp_utc":"2026-03-10T19:18:37.6370000Z","timestamp_desc":"EventTime","source":"log","artifact":"Windows.EventLogs.Evtx","collector_kind":"native","host":"SRV-CORP-FS02","host_id":"4f1c0a9e-0002-4a00-9c31-b0de51000002","user":"SYSTEM","message":"Volume shadow copy created for D: (nightly backup, 7 snapshots retained)","target":"D:\\","event":{"channel":"Application","provider":"VSS","event_id":8224,"record_id":2515,"level":"Information","computer":"SRV-CORP-FS02.eu.corp.example"},"detections":[],"severity_max":"none","detection_count":0,"provenance":{"raw_file":"raw/Windows.EventLogs.Evtx/results.json","raw_row":58,"collection_id":"demo-srv-corp-fs02"}},
  {"schema_version":"1.0.0","row_hash":"46afbd32eddb5763ca95a97739eceda5f3fb5b154786fc6ba7c7cbd9bee0db30","timestamp_utc":"2026-03-10T19:30:59.4170000Z","timestamp_desc":"EventTime","source":"network","artifact":"Windows.Network.Netstat","collector_kind":"velociraptor","host":"SRV-CORP-FS02","host_id":"4f1c0a9e-0002-4a00-9c31-b0de51000002","user":"EU\\svc-backup","message":"Backup stream to SRV-CORP-BK01","target":"10.0.10.14:10000","network":{"src_ip":"10.0.5.20","src_port":59727,"dst_ip":"10.0.10.14","dst_port":10000,"protocol":"tcp","direction":"outbound","state":"ESTABLISHED"},"detections":[],"severity_max":"none","detection_count":0,"provenance":{"raw_file":"raw/Windows.Network.Netstat/results.json","raw_row":48,"collection_id":"demo-srv-corp-fs02"}},
  {"schema_version":"1.0.0","row_hash":"b6f5516fdd5ba22135b679f5f1eea66dff6b77adb12c6b28afe044d4f74114f6","timestamp_utc":"2026-03-11T01:37:05.9900000Z","timestamp_desc":"EventTime","source":"account","artifact":"Windows.EventLogs.Evtx","collector_kind":"native","host":"SRV-CORP-FS02","host_id":"4f1c0a9e-0002-4a00-9c31-b0de51000002","user":"EU\\SRV-CORP-FS02$","message":"Computer account password changed (machine account maintenance)","target":"EU\\SRV-CORP-FS02$","event":{"channel":"Security","provider":"Microsoft-Windows-Security-Auditing","event_id":4742,"record_id":488320,"level":"Information","computer":"SRV-CORP-FS02.eu.corp.example"},"detections":[],"severity_max":"none","detection_count":0,"provenance":{"raw_file":"raw/Windows.EventLogs.Evtx/results.json","raw_row":155,"collection_id":"demo-srv-corp-fs02"}},
  {"schema_version":"1.0.0","row_hash":"c812d3365ac4040c5b890a96ac599c181d478b4f2eb9cdb59050bb633c150dfb","timestamp_utc":"2026-03-11T02:16:29.1250000Z","timestamp_desc":"EventTime","timestamp_source_field":"System.TimeCreated.SystemTime","source":"eventlog","artifact":"Windows.EventLogs.Evtx","collector_kind":"native","host":"SRV-CORP-FS02","host_id":"4f1c0a9e-0002-4a00-9c31-b0de51000002","user":"EU\\alice","message":"Network share object accessed: \\\\SRV-CORP-FS02\\Finance by EU\\alice","target":"\\\\SRV-CORP-FS02\\Finance","network":{"src_ip":"10.0.5.41","dst_ip":"10.0.5.20","dst_port":445,"protocol":"tcp","direction":"inbound"},"event":{"channel":"Security","provider":"Microsoft-Windows-Security-Auditing","event_id":5140,"record_id":662091,"level":"Information","computer":"SRV-CORP-FS02.eu.corp.example","logon_type":3},"detections":[],"severity_max":"none","detection_count":0,"provenance":{"raw_file":"raw/Windows.EventLogs.Evtx/results.json","raw_row":200,"collection_id":"demo-srv-corp-fs02"}},
  {"schema_version":"1.0.0","row_hash":"f91615ca69db13e1f017205ee86ad4f3f59fef17fe59b09d81341627848937b8","timestamp_utc":"2026-03-11T03:10:09.0000000Z","timestamp_desc":"LoginTime","source":"account","artifact":"Windows.EventLogs.Evtx","collector_kind":"native","host":"SRV-CORP-FS02","host_id":"4f1c0a9e-0002-4a00-9c31-b0de51000002","user":"EU\\svc-backup","message":"Network logon (type 3) for EU\\svc-backup from 10.0.5.41 - first ever logon from a workstation","target":"EU\\svc-backup","network":{"src_ip":"10.0.5.41","dst_ip":"10.0.5.20","dst_port":445,"direction":"inbound"},"event":{"channel":"Security","provider":"Microsoft-Windows-Security-Auditing","event_id":4624,"record_id":2210544,"level":"Information","computer":"SRV-CORP-FS02.eu.corp.example","logon_type":3,"logon_id":"0x3e7a14"},"detections":[{"engine":"sigma","rule_id":"demo-sigma-0019","rule_name":"Service Account Network Logon From A Workstation","severity":"high","rule_author":"IRTriage demo rule pack","rule_description":"A service account whose baseline is server-to-server authenticated from a user workstation.","rule_source":"sigma:demo-pack","mitre_techniques":["T1078.002","T1021.002"]}],"severity_max":"high","detection_count":1,"provenance":{"raw_file":"raw/Windows.EventLogs.Evtx/results.json","raw_row":280,"collection_id":"demo-srv-corp-fs02"}},
  {"schema_version":"1.0.0","row_hash":"253e72b162e4ec8b48405524d58368ad6e8cfd9a921b931105261d920bfa8df6","timestamp_utc":"2026-03-11T03:10:40.0000000Z","timestamp_desc":"Created","source":"filesystem","artifact":"Windows.NTFS.MFT","collector_kind":"velociraptor","host":"SRV-CORP-FS02","host_id":"4f1c0a9e-0002-4a00-9c31-b0de51000002","user":"EU\\svc-backup","message":"Implant copied to the file server as C:\\Windows\\upd.exe (identical SHA-256 to updatesvc.exe on WKS-CORP-01)","target":"C:\\Windows\\upd.exe","file":{"path":"C:\\Windows\\upd.exe","name":"upd.exe","extension":"exe","size_bytes":512000,"mft_entry":64188,"is_allocated":true,"signature_status":"unsigned"},"hashes":{"md5":"1c57f88a8b2fd9fbdbbf900995dad81f","sha1":"50e70678a346d57a0634584c8ede4f479f233c56","sha256":"d7d5201e38631d05a77cedb1130deddc29f7241c84bb689ac99c25cb66ef26c5"},"detections":[{"engine":"yara","rule_id":"demo-yara-0006","rule_name":"IRTriage_Demo_Implant_Loader","severity":"high","rule_author":"IRTriage demo rule pack","rule_description":"Same loader stub previously seen on WKS-CORP-01.","rule_source":"yara:demo-pack","mitre_techniques":["T1105","T1570"],"match_detail":"$c2_host_str","match_offset":20512}],"severity_max":"high","detection_count":1,"provenance":{"raw_file":"raw/Windows.NTFS.MFT/results.json","raw_row":1,"collection_id":"demo-srv-corp-fs02"}},
  {"schema_version":"1.0.0","row_hash":"e218c6139f5b53d94e81d75b834c8af5dae1c25a48086bf9dd3ece1afaf7e468","timestamp_utc":"2026-03-11T03:11:02.0000000Z","timestamp_desc":"InstallDate","source":"service","artifact":"Windows.EventLogs.Evtx","collector_kind":"native","host":"SRV-CORP-FS02","host_id":"4f1c0a9e-0002-4a00-9c31-b0de51000002","user":"EU\\svc-backup","message":"Service installed remotely: SyncHostSvc -> C:\\Windows\\upd.exe (auto start, LocalSystem)","target":"SyncHostSvc","event":{"channel":"System","provider":"Service Control Manager","event_id":7045,"record_id":5511903,"level":"Information","computer":"SRV-CORP-FS02.eu.corp.example"},"detections":[{"engine":"sigma","rule_id":"demo-sigma-0020","rule_name":"Service Created Immediately After A Remote Logon","severity":"high","rule_author":"IRTriage demo rule pack","rule_description":"A new auto-start service was registered within seconds of a network logon from another host.","rule_source":"sigma:demo-pack","mitre_techniques":["T1543.003","T1569.002","T1021.002"]}],"severity_max":"high","detection_count":1,"provenance":{"raw_file":"raw/Windows.EventLogs.Evtx/results.json","raw_row":281,"collection_id":"demo-srv-corp-fs02"},"extra":{"image_path":"C:\\Windows\\upd.exe","service_account":"LocalSystem","service_type":"user mode service","start_type":"auto start"}},
  {"schema_version":"1.0.0","row_hash":"422957041d957ec8d086c5fb5a41fb8c880770aac363fa6841d74f9ea8ff526b","timestamp_utc":"2026-03-11T03:11:20.0000000Z","timestamp_desc":"ProcessStartTime","source":"execution","artifact":"Windows.EventLogs.Evtx","collector_kind":"native","host":"SRV-CORP-FS02","host_id":"4f1c0a9e-0002-4a00-9c31-b0de51000002","user":"SYSTEM","message":"Implant running as SYSTEM under services.exe: upd.exe","target":"C:\\Windows\\upd.exe","hashes":{"md5":"1c57f88a8b2fd9fbdbbf900995dad81f","sha1":"50e70678a346d57a0634584c8ede4f479f233c56","sha256":"d7d5201e38631d05a77cedb1130deddc29f7241c84bb689ac99c25cb66ef26c5"},"process":{"pid":4188,"ppid":928,"name":"upd.exe","image_path":"C:\\Windows\\upd.exe","command_line":"C:\\Windows\\upd.exe -svc","parent_name":"services.exe","integrity_level":"System","session_id":0,"user":"SYSTEM"},"event":{"channel":"Microsoft-Windows-Sysmon/Operational","provider":"Microsoft-Windows-Sysmon","event_id":1,"record_id":5512004,"level":"Information"},"detections":[{"engine":"sigma","rule_id":"demo-sigma-0021","rule_name":"Unsigned Service Binary Running As SYSTEM From C:\\Windows","severity":"high","rule_author":"IRTriage demo rule pack","rule_description":"An unsigned binary placed directly in C:\\Windows is running with SYSTEM integrity.","rule_source":"sigma:demo-pack","mitre_techniques":["T1543.003"]}],"severity_max":"high","detection_count":1,"provenance":{"raw_file":"raw/Windows.EventLogs.Evtx/results.json","raw_row":282,"collection_id":"demo-srv-corp-fs02"}},
  {"schema_version":"1.0.0","row_hash":"c87b4138df7c463f18066867592c00c92fc9e27b13cd7bb691316579210e6494","timestamp_utc":"2026-03-11T03:14:51.0000000Z","timestamp_desc":"EventTime","source":"network","artifact":"Windows.Network.Netstat","collector_kind":"velociraptor","host":"SRV-CORP-FS02","host_id":"4f1c0a9e-0002-4a00-9c31-b0de51000002","user":"SYSTEM","message":"Second-stage C2 session from upd.exe to sync-relay.example","target":"203.0.113.77:8443","process":{"pid":4188,"name":"upd.exe","image_path":"C:\\Windows\\upd.exe","user":"SYSTEM"},"network":{"src_ip":"10.0.5.20","src_port":49810,"dst_ip":"203.0.113.77","dst_port":8443,"protocol":"tcp","domain":"sync-relay.example","direction":"outbound","state":"ESTABLISHED"},"detections":[{"engine":"sigma","rule_id":"demo-sigma-0022","rule_name":"Server Beaconing To An External Host On A Non-Standard TLS Port","severity":"high","rule_author":"IRTriage demo rule pack","rule_description":"A file server established repeated outbound sessions to an external host on 8443.","rule_source":"sigma:demo-pack","mitre_techniques":["T1071.001","T1573.001"]}],"severity_max":"high","detection_count":1,"provenance":{"raw_file":"raw/Windows.Network.Netstat/results.json","raw_row":70,"collection_id":"demo-srv-corp-fs02"},"extra":{"beacon_interval_seconds":300,"observed_sessions":88}},
  {"schema_version":"1.0.0","row_hash":"8c5a177b49bed78f03fcbb066f822bb242414e0b4a8cb2b099ee930b395368d5","timestamp_utc":"2026-03-11T06:45:05.8190000Z","timestamp_desc":"EventTime","source":"account","artifact":"Windows.EventLogs.Evtx","collector_kind":"native","host":"SRV-CORP-FS02","host_id":"4f1c0a9e-0002-4a00-9c31-b0de51000002","user":"EU\\SRV-CORP-FS02$","message":"Computer account password changed (machine account maintenance)","target":"EU\\SRV-CORP-FS02$","event":{"channel":"Security","provider":"Microsoft-Windows-Security-Auditing","event_id":4742,"record_id":566306,"level":"Information","computer":"SRV-CORP-FS02.eu.corp.example"},"detections":[],"severity_max":"none","detection_count":0,"provenance":{"raw_file":"raw/Windows.EventLogs.Evtx/results.json","raw_row":27,"collection_id":"demo-srv-corp-fs02"}},
  {"schema_version":"1.0.0","row_hash":"264bf9648ff1403bc986c18a9c46040adaa6ab263ab2cd800d54d90d45a75442","timestamp_utc":"2026-03-11T07:11:33.3850000Z","timestamp_desc":"EventTime","source":"service","artifact":"Windows.EventLogs.Evtx","collector_kind":"native","host":"SRV-CORP-FS02","host_id":"4f1c0a9e-0002-4a00-9c31-b0de51000002","user":"SYSTEM","message":"Service entered the running state: DFS Replication (DFSR)","target":"DFSR","process":{"name":"dfsrs.exe","image_path":"C:\\Windows\\System32\\DFSRs.exe","parent_name":"services.exe"},"event":{"channel":"System","provider":"Service Control Manager","event_id":7036,"record_id":6664,"level":"Information","computer":"SRV-CORP-FS02.eu.corp.example"},"detections":[],"severity_max":"none","detection_count":0,"provenance":{"raw_file":"raw/Windows.EventLogs.Evtx/results.json","raw_row":273,"collection_id":"demo-srv-corp-fs02"}},
  {"schema_version":"1.0.0","row_hash":"689b9cc5329fa49bd0608beee1a0d2dc59d59051f9390048667a9dd0e8afc5a3","timestamp_utc":"2026-03-11T08:08:24.1470000Z","timestamp_desc":"EventTime","timestamp_source_field":"System.TimeCreated.SystemTime","source":"eventlog","artifact":"Windows.EventLogs.Evtx","collector_kind":"native","host":"SRV-CORP-FS02","host_id":"4f1c0a9e-0002-4a00-9c31-b0de51000002","user":"EU\\Administrator","message":"Network share object accessed: \\\\SRV-CORP-FS02\\Finance by EU\\Administrator","target":"\\\\SRV-CORP-FS02\\Finance","network":{"src_ip":"10.0.5.41","dst_ip":"10.0.5.20","dst_port":445,"protocol":"tcp","direction":"inbound"},"event":{"channel":"Security","provider":"Microsoft-Windows-Security-Auditing","event_id":5140,"record_id":493526,"level":"Information","computer":"SRV-CORP-FS02.eu.corp.example","logon_type":3},"detections":[],"severity_max":"none","detection_count":0,"provenance":{"raw_file":"raw/Windows.EventLogs.Evtx/results.json","raw_row":248,"collection_id":"demo-srv-corp-fs02"}},
  {"schema_version":"1.0.0","row_hash":"c91cb5cf8d36c226850938a06b62773c63412c4fedd3cddd4a941aac9e490724","timestamp_utc":"2026-03-11T08:10:50.6780000Z","timestamp_desc":"EventTime","source":"service","artifact":"Windows.EventLogs.Evtx","collector_kind":"native","host":"SRV-CORP-FS02","host_id":"4f1c0a9e-0002-4a00-9c31-b0de51000002","user":"SYSTEM","message":"Service entered the running state: DFS Replication (DFSR)","target":"DFSR","process":{"name":"dfsrs.exe","image_path":"C:\\Windows\\System32\\DFSRs.exe","parent_name":"services.exe"},"event":{"channel":"System","provider":"Service Control Manager","event_id":7036,"record_id":10331,"level":"Information","computer":"SRV-CORP-FS02.eu.corp.example"},"detections":[],"severity_max":"none","detection_count":0,"provenance":{"raw_file":"raw/Windows.EventLogs.Evtx/results.json","raw_row":193,"collection_id":"demo-srv-corp-fs02"}},
  {"schema_version":"1.0.0","row_hash":"5a0c87bdc686ecfb913af78185be559230ab373212ee17c64f3a95b9674fead4","timestamp_utc":"2026-03-11T08:13:21.2360000Z","timestamp_desc":"EventTime","source":"account","artifact":"Windows.EventLogs.Evtx","collector_kind":"native","host":"SRV-CORP-FS02","host_id":"4f1c0a9e-0002-4a00-9c31-b0de51000002","user":"EU\\SRV-CORP-FS02$","message":"Computer account password changed (machine account maintenance)","target":"EU\\SRV-CORP-FS02$","event":{"channel":"Security","provider":"Microsoft-Windows-Security-Auditing","event_id":4742,"record_id":796598,"level":"Information","computer":"SRV-CORP-FS02.eu.corp.example"},"detections":[],"severity_max":"none","detection_count":0,"provenance":{"raw_file":"raw/Windows.EventLogs.Evtx/results.json","raw_row":139,"collection_id":"demo-srv-corp-fs02"}},
  {"schema_version":"1.0.0","row_hash":"2fedbca2881f8b61b62948325557250e1d3c818eced0945480d83bc56b3557bb","timestamp_utc":"2026-03-11T08:16:49.4090000Z","timestamp_desc":"EventTime","source":"account","artifact":"Windows.EventLogs.Evtx","collector_kind":"native","host":"SRV-CORP-FS02","host_id":"4f1c0a9e-0002-4a00-9c31-b0de51000002","user":"EU\\SRV-CORP-FS02$","message":"Computer account password changed (machine account maintenance)","target":"EU\\SRV-CORP-FS02$","event":{"channel":"Security","provider":"Microsoft-Windows-Security-Auditing","event_id":4742,"record_id":286453,"level":"Information","computer":"SRV-CORP-FS02.eu.corp.example"},"detections":[],"severity_max":"none","detection_count":0,"provenance":{"raw_file":"raw/Windows.EventLogs.Evtx/results.json","raw_row":107,"collection_id":"demo-srv-corp-fs02"}},
  {"schema_version":"1.0.0","row_hash":"7bafb1f5c5db59802b04bd58640c9aaabb452bf3ab97148f6a8bdb69e1ba5f1b","timestamp_utc":"2026-03-11T08:52:04.2610000Z","timestamp_desc":"EventTime","source":"service","artifact":"Windows.EventLogs.Evtx","collector_kind":"native","host":"SRV-CORP-FS02","host_id":"4f1c0a9e-0002-4a00-9c31-b0de51000002","user":"SYSTEM","message":"Service entered the running state: DFS Replication (DFSR)","target":"DFSR","process":{"name":"dfsrs.exe","image_path":"C:\\Windows\\System32\\DFSRs.exe","parent_name":"services.exe"},"event":{"channel":"System","provider":"Service Control Manager","event_id":7036,"record_id":7120,"level":"Information","computer":"SRV-CORP-FS02.eu.corp.example"},"detections":[],"severity_max":"none","detection_count":0,"provenance":{"raw_file":"raw/Windows.EventLogs.Evtx/results.json","raw_row":49,"collection_id":"demo-srv-corp-fs02"}},
  {"schema_version":"1.0.0","row_hash":"904da2a327aa67162e4ee1b5a4c9b5f850cc9303d98d9b367594aaf8d7f40b2d","timestamp_utc":"2026-03-11T09:09:13.1600000Z","timestamp_desc":"RunTime","source":"scheduled_task","artifact":"Windows.System.TaskScheduler","collector_kind":"velociraptor","host":"SRV-CORP-FS02","host_id":"4f1c0a9e-0002-4a00-9c31-b0de51000002","user":"EU\\svc-backup","message":"Scheduled task ran: \\Corp\\NightlyShareBackup","target":"\\Corp\\NightlyShareBackup","detections":[],"severity_max":"none","detection_count":0,"provenance":{"raw_file":"raw/Windows.System.TaskScheduler/results.json","raw_row":37,"collection_id":"demo-srv-corp-fs02"},"extra":{"result_code":0,"run_duration_seconds":1295,"task_author":"EU\\bob"}},
  {"schema_version":"1.0.0","row_hash":"2808d94ecb4ad6857d036e9e5cf40c22a523884785bd5c4c4f1b14e4507a0c5d","timestamp_utc":"2026-03-11T09:12:58.5390000Z","timestamp_desc":"EventTime","source":"service","artifact":"Windows.EventLogs.Evtx","collector_kind":"native","host":"SRV-CORP-FS02","host_id":"4f1c0a9e-0002-4a00-9c31-b0de51000002","user":"SYSTEM","message":"Service entered the running state: DFS Replication (DFSR)","target":"DFSR","process":{"name":"dfsrs.exe","image_path":"C:\\Windows\\System32\\DFSRs.exe","parent_name":"services.exe"},"event":{"channel":"System","provider":"Service Control Manager","event_id":7036,"record_id":7363,"level":"Information","computer":"SRV-CORP-FS02.eu.corp.example"},"detections":[],"severity_max":"none","detection_count":0,"provenance":{"raw_file":"raw/Windows.EventLogs.Evtx/results.json","raw_row":81,"collection_id":"demo-srv-corp-fs02"}},
  {"schema_version":"1.0.0","row_hash":"58f1fee1a75d9f7925c8ef7251a88882036f8dba7d440f638683bd1891b2739a","timestamp_utc":"2026-03-11T09:22:46.1290000Z","timestamp_desc":"RunTime","source":"scheduled_task","artifact":"Windows.System.TaskScheduler","collector_kind":"velociraptor","host":"SRV-CORP-FS02","host_id":"4f1c0a9e-0002-4a00-9c31-b0de51000002","user":"EU\\svc-backup","message":"Scheduled task ran: \\Corp\\NightlyShareBackup","target":"\\Corp\\NightlyShareBackup","detections":[],"severity_max":"none","detection_count":0,"provenance":{"raw_file":"raw/Windows.System.TaskScheduler/results.json","raw_row":45,"collection_id":"demo-srv-corp-fs02"},"extra":{"result_code":0,"run_duration_seconds":2585,"task_author":"EU\\bob"}},
  {"schema_version":"1.0.0","row_hash":"3eed4c54167e61a723daf446cdc51b80da08a14be421e656fc297e67a9c0fade","timestamp_utc":"2026-03-11T09:26:13.6930000Z","timestamp_desc":"EventTime","source":"account","artifact":"Windows.EventLogs.Evtx","collector_kind":"native","host":"SRV-CORP-FS02","host_id":"4f1c0a9e-0002-4a00-9c31-b0de51000002","user":"EU\\SRV-CORP-FS02$","message":"Computer account password changed (machine account maintenance)","target":"EU\\SRV-CORP-FS02$","event":{"channel":"Security","provider":"Microsoft-Windows-Security-Auditing","event_id":4742,"record_id":728829,"level":"Information","computer":"SRV-CORP-FS02.eu.corp.example"},"detections":[],"severity_max":"none","detection_count":0,"provenance":{"raw_file":"raw/Windows.EventLogs.Evtx/results.json","raw_row":251,"collection_id":"demo-srv-corp-fs02"}},
  {"schema_version":"1.0.0","row_hash":"7c84812a4c765a380a2814dd8dabb97dda79a51a649eb916bf027aa024ef9d28","timestamp_utc":"2026-03-11T09:28:25.9370000Z","timestamp_desc":"EventTime","source":"service","artifact":"Windows.EventLogs.Evtx","collector_kind":"native","host":"SRV-CORP-FS02","host_id":"4f1c0a9e-0002-4a00-9c31-b0de51000002","user":"SYSTEM","message":"Service entered the running state: DFS Replication (DFSR)","target":"DFSR","process":{"name":"dfsrs.exe","image_path":"C:\\Windows\\System32\\DFSRs.exe","parent_name":"services.exe"},"event":{"channel":"System","provider":"Service Control Manager","event_id":7036,"record_id":8935,"level":"Information","computer":"SRV-CORP-FS02.eu.corp.example"},"detections":[],"severity_max":"none","detection_count":0,"provenance":{"raw_file":"raw/Windows.EventLogs.Evtx/results.json","raw_row":241,"collection_id":"demo-srv-corp-fs02"}},
  {"schema_version":"1.0.0","row_hash":"1cac2b4a0b39cbdfa84c18036f0e4dfba0b0e3e04e9fccd06c06f90a97b06b14","timestamp_utc":"2026-03-11T09:28:56.5550000Z","timestamp_desc":"EventTime","timestamp_source_field":"System.TimeCreated.SystemTime","source":"eventlog","artifact":"Windows.EventLogs.Evtx","collector_kind":"native","host":"SRV-CORP-FS02","host_id":"4f1c0a9e-0002-4a00-9c31-b0de51000002","user":"EU\\alice","message":"Network share object accessed: \\\\SRV-CORP-FS02\\Finance by EU\\alice","target":"\\\\SRV-CORP-FS02\\Finance","network":{"src_ip":"10.0.5.15","dst_ip":"10.0.5.20","dst_port":445,"protocol":"tcp","direction":"inbound"},"event":{"channel":"Security","provider":"Microsoft-Windows-Security-Auditing","event_id":5140,"record_id":723606,"level":"Information","computer":"SRV-CORP-FS02.eu.corp.example","logon_type":3},"detections":[],"severity_max":"none","detection_count":0,"provenance":{"raw_file":"raw/Windows.EventLogs.Evtx/results.json","raw_row":152,"collection_id":"demo-srv-corp-fs02"}},
  {"schema_version":"1.0.0","row_hash":"032ce07264d913a7efd0c968dfe7d28f8a535a50c416bc891301e58f6be5bf7e","timestamp_utc":"2026-03-11T09:40:08.2890000Z","timestamp_desc":"EventTime","source":"service","artifact":"Windows.EventLogs.Evtx","collector_kind":"native","host":"SRV-CORP-FS02","host_id":"4f1c0a9e-0002-4a00-9c31-b0de51000002","user":"SYSTEM","message":"Service entered the running state: DFS Replication (DFSR)","target":"DFSR","process":{"name":"dfsrs.exe","image_path":"C:\\Windows\\System32\\DFSRs.exe","parent_name":"services.exe"},"event":{"channel":"System","provider":"Service Control Manager","event_id":7036,"record_id":6729,"level":"Information","computer":"SRV-CORP-FS02.eu.corp.example"},"detections":[],"severity_max":"none","detection_count":0,"provenance":{"raw_file":"raw/Windows.EventLogs.Evtx/results.json","raw_row":17,"collection_id":"demo-srv-corp-fs02"}},
  {"schema_version":"1.0.0","row_hash":"bc3e6977e3ff67e80a2305f27da28940712466000b52abab4e29b8f84a114852","timestamp_utc":"2026-03-11T10:01:51.9390000Z","timestamp_desc":"EventTime","timestamp_source_field":"System.TimeCreated.SystemTime","source":"eventlog","artifact":"Windows.EventLogs.Evtx","collector_kind":"native","host":"SRV-CORP-FS02","host_id":"4f1c0a9e-0002-4a00-9c31-b0de51000002","user":"EU\\carol","message":"Network share object accessed: \\\\SRV-CORP-FS02\\Finance by EU\\carol","target":"\\\\SRV-CORP-FS02\\Finance","network":{"src_ip":"10.0.5.41","dst_ip":"10.0.5.20","dst_port":445,"protocol":"tcp","direction":"inbound"},"event":{"channel":"Security","provider":"Microsoft-Windows-Security-Auditing","event_id":5140,"record_id":770829,"level":"Information","computer":"SRV-CORP-FS02.eu.corp.example","logon_type":3},"detections":[],"severity_max":"none","detection_count":0,"provenance":{"raw_file":"raw/Windows.EventLogs.Evtx/results.json","raw_row":72,"collection_id":"demo-srv-corp-fs02"}},
  {"schema_version":"1.0.0","row_hash":"e6a3cfee3dcaeab5c2e7f70d8ad7fa03418de05c025e0ec6ba4301ae0ae04787","timestamp_utc":"2026-03-11T10:03:22.4190000Z","timestamp_desc":"LastWriteTime","source":"registry","artifact":"Windows.Registry.Shares","collector_kind":"velociraptor","host":"SRV-CORP-FS02","host_id":"4f1c0a9e-0002-4a00-9c31-b0de51000002","user":"SYSTEM","message":"Share definition enumerated: Finance","target":"HKLM\\SYSTEM\\CurrentControlSet\\Services\\LanmanServer\\Shares\\Finance","registry":{"key":"HKLM\\SYSTEM\\CurrentControlSet\\Services\\LanmanServer\\Shares\\Finance","value_name":"Finance","value_data":"CSCFlags=0;MaxUses=4294967295;Path=D:\\Finance","value_type":"REG_MULTI_SZ","hive":"SYSTEM"},"detections":[],"severity_max":"none","detection_count":0,"provenance":{"raw_file":"raw/Windows.Registry.Shares/results.json","raw_row":67,"collection_id":"demo-srv-corp-fs02"},"extra":{"max_uses":4294967295,"slot":15}},
  {"schema_version":"1.0.0","row_hash":"47a6e335ff8e75ec6a4345c786791a7fa7060bd384b9bfec626c5dd5d8b1313a","timestamp_utc":"2026-03-11T10:06:58.1990000Z","timestamp_desc":"EventTime","source":"service","artifact":"Windows.EventLogs.Evtx","collector_kind":"native","host":"SRV-CORP-FS02","host_id":"4f1c0a9e-0002-4a00-9c31-b0de51000002","user":"SYSTEM","message":"Service entered the running state: DFS Replication (DFSR)","target":"DFSR","process":{"name":"dfsrs.exe","image_path":"C:\\Windows\\System32\\DFSRs.exe","parent_name":"services.exe"},"event":{"channel":"System","provider":"Service Control Manager","event_id":7036,"record_id":9098,"level":"Information","computer":"SRV-CORP-FS02.eu.corp.example"},"detections":[],"severity_max":"none","detection_count":0,"provenance":{"raw_file":"raw/Windows.EventLogs.Evtx/results.json","raw_row":1,"collection_id":"demo-srv-corp-fs02"}},
