  {"schema_version":"1.0.0","row_hash":"b67a4deb3cddb4b72d49e7cfa2a27238b3181612000df9c284c6420f019c3ba2","timestamp_utc":"2026-03-10T15:49:26.4960000Z","timestamp_desc":"EventTime","source":"network","artifact":"Windows.Network.Netstat","collector_kind":"velociraptor","host":"WKS-CORP-01","host_id":"4f1c0a9e-0001-4a00-9c31-b0de51000001","user":"EU\\alice","message":"Outbound HTTPS session via corporate proxy","target":"10.0.5.9:8080","process":{"name":"MSEDGE.EXE","image_path":"C:\\Program Files (x86)\\Microsoft\\Edge\\Application\\msedge.exe","parent_name":"explorer.exe"},"network":{"src_ip":"10.0.5.41","src_port":49877,"dst_ip":"10.0.5.9","dst_port":8080,"protocol":"tcp","domain":"wsus.corp.example","direction":"outbound","state":"ESTABLISHED"},"detections":[],"severity_max":"none","detection_count":0,"provenance":{"raw_file":"raw/Windows.Network.Netstat/results.json","raw_row":69,"collection_id":"demo-wks-corp-01"}},
  {"schema_version":"1.0.0","row_hash":"07f3ad256dae854a4af62ac2c7a9c86009687a9da6b1dc4b770bffe72ebe963e","timestamp_utc":"2026-03-10T15:52:24.1450000Z","timestamp_desc":"VisitTime","timestamp_source_field":"last_visit_time","source":"browser","artifact":"Windows.Applications.Edge.History","collector_kind":"velociraptor","host":"WKS-CORP-01","host_id":"4f1c0a9e-0001-4a00-9c31-b0de51000001","user":"EU\\alice","message":"Edge visit: Finance document library","target":"https://sharepoint.corp.example/sites/finance/Shared%20Documents","network":{"domain":"sharepoint.corp.example","url":"https://sharepoint.corp.example/sites/finance/Shared%20Documents","direction":"outbound"},"detections":[],"severity_max":"none","detection_count":0,"provenance":{"raw_file":"raw/Windows.Applications.Edge.History/results.json","raw_row":80,"collection_id":"demo-wks-corp-01"}},
  {"schema_version":"1.0.0","row_hash":"37b9f07e14674398fc80b7390dbe5697de5fbec087a5f556552d120d475e19ac","timestamp_utc":"2026-03-10T15:56:07.7700000Z","timestamp_desc":"LastExecuted","timestamp_source_field":"LastRunTimes","source":"execution","artifact":"Windows.Forensics.Prefetch","collector_kind":"velociraptor","host":"WKS-CORP-01","host_id":"4f1c0a9e-0001-4a00-9c31-b0de51000001","user":"EU\\alice","message":"EXCEL.EXE executed (prefetch run count 37)","target":"C:\\Program Files\\Microsoft Office\\root\\Office16\\EXCEL.EXE","process":{"name":"EXCEL.EXE","image_path":"C:\\Program Files\\Microsoft Office\\root\\Office16\\EXCEL.EXE","parent_name":"explorer.exe"},"detections":[],"severity_max":"none","detection_count":0,"provenance":{"raw_file":"raw/Windows.Forensics.Prefetch/results.json","raw_row":44,"collection_id":"demo-wks-corp-01"},"extra":{"prefetch_file":"EXCEL.EXE-19F3DD52.pf"}},
  {"schema_version":"1.0.0","row_hash":"f9381c5f340c61c35c4d6170533bdadf4feb0fda1e89f1966bcb53f8c6407e2a","timestamp_utc":"2026-03-10T15:56:46.5570000Z","timestamp_desc":"LastWriteTime","timestamp_source_field":"LastModified","source":"registry","artifact":"Windows.Registry.AppCompatCache","collector_kind":"velociraptor","host":"WKS-CORP-01","host_id":"4f1c0a9e-0001-4a00-9c31-b0de51000001","user":"SYSTEM","message":"AppCompatCache entry: MSEDGE.EXE","target":"C:\\Program Files (x86)\\Microsoft\\Edge\\Application\\msedge.exe","registry":{"key":"HKLM\\SYSTEM\\CurrentControlSet\\Control\\Session Manager\\AppCompatCache","value_name":"AppCompatCache","value_data":"C:\\Program Files (x86)\\Microsoft\\Edge\\Application\\msedge.exe","value_type":"REG_BINARY","hive":"SYSTEM"},"detections":[],"severity_max":"none","detection_count":0,"provenance":{"raw_file":"raw/Windows.Registry.AppCompatCache/results.json","raw_row":27,"collection_id":"demo-wks-corp-01"},"extra":{"cache_slot":1018}},
  {"schema_version":"1.0.0","row_hash":"98b4550ae2f6ad5bc7df6701d2d975967ee0f474847da1320915824385bd3faa","timestamp_utc":"2026-03-10T15:56:55.4350000Z","timestamp_desc":"LastWriteTime","source":"system_info","artifact":"Windows.Sysinternals.Autoruns","collector_kind":"velociraptor","host":"WKS-CORP-01","host_id":"4f1c0a9e-0001-4a00-9c31-b0de51000001","user":"SYSTEM","message":"Autorun entry enumerated: OneDrive (signed, Microsoft Corporation)","target":"C:\\Program Files\\Microsoft OneDrive\\OneDrive.exe","file":{"path":"C:\\Program Files\\Microsoft OneDrive\\OneDrive.exe","name":"OneDrive.exe","extension":"exe","size_bytes":2811306,"signature_status":"signed_valid","signer":"Microsoft Corporation"},"detections":[],"severity_max":"none","detection_count":0,"provenance":{"raw_file":"raw/Windows.Sysinternals.Autoruns/results.json","raw_row":19,"collection_id":"demo-wks-corp-01"}},
  {"schema_version":"1.0.0","row_hash":"55950538bc75eba282a3826dc003e4a6a88c7441c5c830c02a93d49cc29ccfac","timestamp_utc":"2026-03-10T16:03:22.7570000Z","timestamp_desc":"RunTime","source":"scheduled_task","artifact":"Windows.System.TaskScheduler","collector_kind":"velociraptor","host":"WKS-CORP-01","host_id":"4f1c0a9e-0001-4a00-9c31-b0de51000001","user":"SYSTEM","message":"Scheduled task ran: \\Microsoft\\Windows\\UpdateOrchestrator\\Schedule Scan","target":"\\Microsoft\\Windows\\UpdateOrchestrator\\Schedule Scan","detections":[],"severity_max":"none","detection_count":0,"provenance":{"raw_file":"raw/Windows.System.TaskScheduler/results.json","raw_row":68,"collection_id":"demo-wks-corp-01"},"extra":{"result_code":0,"run_duration_seconds":35,"task_author":"Microsoft Corporation"}},
  {"schema_version":"1.0.0","row_hash":"60dbbaad4d216103b94ce97891f07d4cd2be830c2f07848a160247d3d5a15fce","timestamp_utc":"2026-03-10T16:05:33.7510000Z","timestamp_desc":"RunTime","source":"scheduled_task","artifact":"Windows.System.TaskScheduler","collector_kind":"velociraptor","host":"WKS-CORP-01","host_id":"4f1c0a9e-0001-4a00-9c31-b0de51000001","user":"SYSTEM","message":"Scheduled task ran: \\Microsoft\\Windows\\UpdateOrchestrator\\Schedule Scan","target":"\\Microsoft\\Windows\\UpdateOrchestrator\\Schedule Scan","detections":[],"severity_max":"none","detection_count":0,"provenance":{"raw_file":"raw/Windows.System.TaskScheduler/results.json","raw_row":20,"collection_id":"demo-wks-corp-01"},"extra":{"result_code":0,"run_duration_seconds":36,"task_author":"Microsoft Corporation"}},
  {"schema_version":"1.0.0","row_hash":"e5d5f30a58cf0464e21e90633bcf77945d43bbc77da1cb6f3bcf96231aa1f285","timestamp_utc":"2026-03-10T16:07:59.0830000Z","timestamp_desc":"EventTime","source":"network","artifact":"Windows.Network.Netstat","collector_kind":"velociraptor","host":"WKS-CORP-01","host_id":"4f1c0a9e-0001-4a00-9c31-b0de51000001","user":"EU\\alice","message":"Outbound HTTPS session via corporate proxy","target":"10.0.5.9:8080","process":{"name":"MSEDGE.EXE","image_path":"C:\\Program Files (x86)\\Microsoft\\Edge\\Application\\msedge.exe","parent_name":"explorer.exe"},"network":{"src_ip":"10.0.5.41","src_port":56603,"dst_ip":"10.0.5.9","dst_port":8080,"protocol":"tcp","domain":"wsus.corp.example","direction":"outbound","state":"ESTABLISHED"},"detections":[],"severity_max":"none","detection_count":0,"provenance":{"raw_file":"raw/Windows.Network.Netstat/results.json","raw_row":29,"collection_id":"demo-wks-corp-01"}},
  {"schema_version":"1.0.0","row_hash":"7f5e5c852ba7b60de5c0b66c095c9215d6109645a5cfbf5772f0682239eb6032","timestamp_utc":"2026-03-10T16:22:27.2970000Z","timestamp_desc":"EventTime","source":"service","artifact":"Windows.EventLogs.Evtx","collector_kind":"native","host":"WKS-CORP-01","host_id":"4f1c0a9e-0001-4a00-9c31-b0de51000001","user":"SYSTEM","message":"Service entered the running state: Windows Update (wuauserv)","target":"wuauserv","process":{"name":"services.exe","image_path":"C:\\Windows\\System32\\services.exe"},"event":{"channel":"System","provider":"Service Control Manager","event_id":7036,"record_id":7529,"level":"Information","computer":"WKS-CORP-01.eu.corp.example"},"detections":[],"severity_max":"none","detection_count":0,"provenance":{"raw_file":"raw/Windows.EventLogs.Evtx/results.json","raw_row":5,"collection_id":"demo-wks-corp-01"}},
  {"schema_version":"1.0.0","row_hash":"46c5c9e584fdb0f122d971e7df39e4a329f0fc22fb1e1bf7c6f8810e9c5a7a95","timestamp_utc":"2026-03-10T16:24:54.5920000Z","timestamp_desc":"LastExecuted","timestamp_source_field":"LastRunTimes","source":"execution","artifact":"Windows.Forensics.Prefetch","collector_kind":"velociraptor","host":"WKS-CORP-01","host_id":"4f1c0a9e-0001-4a00-9c31-b0de51000001","user":"EU\\alice","message":"OUTLOOK.EXE executed (prefetch run count 71)","target":"C:\\Program Files\\Microsoft Office\\root\\Office16\\OUTLOOK.EXE","process":{"name":"OUTLOOK.EXE","image_path":"C:\\Program Files\\Microsoft Office\\root\\Office16\\OUTLOOK.EXE","parent_name":"explorer.exe"},"detections":[],"severity_max":"none","detection_count":0,"provenance":{"raw_file":"raw/Windows.Forensics.Prefetch/results.json","raw_row":68,"collection_id":"demo-wks-corp-01"},"extra":{"prefetch_file":"OUTLOOK.EXE-102B4503.pf"}},
  {"schema_version":"1.0.0","row_hash":"871b17e779b42a8a0a43886120db47b4f0a23ffaf3db46940038da86ada0c1cc","timestamp_utc":"2026-03-10T16:25:06.3870000Z","timestamp_desc":"EventTime","timestamp_source_field":"System.TimeCreated.SystemTime","source":"eventlog","artifact":"Windows.EventLogs.Evtx","collector_kind":"native","host":"WKS-CORP-01","host_id":"4f1c0a9e-0001-4a00-9c31-b0de51000001","user":"EU\\alice","message":"An account was successfully logged on (interactive): EU\\alice","target":"EU\\alice","event":{"channel":"Security","provider":"Microsoft-Windows-Security-Auditing","event_id":4624,"record_id":520141,"level":"Information","computer":"WKS-CORP-01.eu.corp.example","logon_type":2,"logon_id":"0x372c9"},"detections":[],"severity_max":"none","detection_count":0,"provenance":{"raw_file":"raw/Windows.EventLogs.Evtx/results.json","raw_row":243,"collection_id":"demo-wks-corp-01"}},
  {"schema_version":"1.0.0","row_hash":"8ea4b2a65838fc893927f80a2b1fb881fe72e59b4787c5a206e1a0cac6383ebf","timestamp_utc":"2026-03-10T16:28:40.1330000Z","timestamp_desc":"LastExecuted","timestamp_source_field":"LastRunTimes","source":"execution","artifact":"Windows.Forensics.Prefetch","collector_kind":"velociraptor","host":"WKS-CORP-01","host_id":"4f1c0a9e-0001-4a00-9c31-b0de51000001","user":"EU\\alice","message":"WINWORD.EXE executed (prefetch run count 69)","target":"C:\\Program Files\\Microsoft Office\\root\\Office16\\WINWORD.EXE","process":{"name":"WINWORD.EXE","image_path":"C:\\Program Files\\Microsoft Office\\root\\Office16\\WINWORD.EXE","parent_name":"explorer.exe"},"detections":[],"severity_max":"none","detection_count":0,"provenance":{"raw_file":"raw/Windows.Forensics.Prefetch/results.json","raw_row":36,"collection_id":"demo-wks-corp-01"},"extra":{"prefetch_file":"WINWORD.EXE-1715EBCC.pf"}},
  {"schema_version":"1.0.0","row_hash":"9b7c640d77dc3981ff0fcb6d2f91f38d9a1c32ded8908a44c98560cd70800add","timestamp_utc":"2026-03-10T16:32:38.5340000Z","timestamp_desc":"InstallDate","source":"usb_device","artifact":"Windows.Registry.USBSTOR","collector_kind":"velociraptor","host":"WKS-CORP-01","host_id":"4f1c0a9e-0001-4a00-9c31-b0de51000001","user":"EU\\alice","message":"Sanctioned encrypted USB volume connected (asset FIN-USB-04)","target":"USBSTOR\\Disk&Ven_Corp&Prod_SecureKey&Rev_1.0","registry":{"key":"HKLM\\SYSTEM\\CurrentControlSet\\Enum\\USBSTOR\\Disk&Ven_Corp&Prod_SecureKey&Rev_1.0","value_name":"FriendlyName","value_data":"Corp SecureKey USB Device","value_type":"REG_SZ","hive":"SYSTEM"},"detections":[],"severity_max":"none","detection_count":0,"provenance":{"raw_file":"raw/Windows.Registry.USBSTOR/results.json","raw_row":78,"collection_id":"demo-wks-corp-01"},"extra":{"serial_number":"FINUSB044347","volume_label":"FIN-USB-04"}},
  {"schema_version":"1.0.0","row_hash":"f916c667700646cfc8db3a446952ee288e479fec47cac36d7aa8d9fb65a2e731","timestamp_utc":"2026-03-10T16:33:14.7850000Z","timestamp_desc":"EventTime","source":"log","artifact":"Windows.EventLogs.Evtx","collector_kind":"native","host":"WKS-CORP-01","host_id":"4f1c0a9e-0001-4a00-9c31-b0de51000001","user":"SYSTEM","message":"Antimalware definitions updated to 1.421.335.0","target":"Microsoft-Windows-Windows Defender/Operational","process":{"name":"MsMpEng.exe","parent_name":"services.exe"},"event":{"channel":"Microsoft-Windows-Windows Defender/Operational","provider":"Microsoft-Windows-Windows-Defender","event_id":2000,"record_id":9189,"level":"Information","computer":"WKS-CORP-01.eu.corp.example"},"detections":[],"severity_max":"none","detection_count":0,"provenance":{"raw_file":"raw/Windows.EventLogs.Evtx/results.json","raw_row":94,"collection_id":"demo-wks-corp-01"}},
  {"schema_version":"1.0.0","row_hash":"28b4d9a19707723321efcf7dbc5647302fd771bd64ea05d3afb6af3f955d600d","timestamp_utc":"2026-03-10T16:40:02.2890000Z","timestamp_desc":"Modified","timestamp_source_field":"Mtime","source":"filesystem","artifact":"Windows.NTFS.MFT","collector_kind":"velociraptor","host":"WKS-CORP-01","host_id":"4f1c0a9e-0001-4a00-9c31-b0de51000001","user":"EU\\alice","message":"File modified: cashflow-model.xlsx","target":"C:\\Users\\alice\\Documents\\cashflow-model.xlsx","file":{"path":"C:\\Users\\alice\\Documents\\cashflow-model.xlsx","name":"cashflow-model.xlsx","extension":"xlsx","size_bytes":358128,"mft_entry":97865,"is_directory":false,"is_allocated":true},"detections":[],"severity_max":"none","detection_count":0,"provenance":{"raw_file":"raw/Windows.NTFS.MFT/results.json","raw_row":55,"collection_id":"demo-wks-corp-01"}},
  {"schema_version":"1.0.0","row_hash":"d8b55e66cad02da43ce09dd8a6a6d1060f816e425092b0d9ed517f23d0bc1aa6","timestamp_utc":"2026-03-10T16:47:45.4520000Z","timestamp_desc":"InstallDate","source":"usb_device","artifact":"Windows.Registry.USBSTOR","collector_kind":"velociraptor","host":"WKS-CORP-01","host_id":"4f1c0a9e-0001-4a00-9c31-b0de51000001","user":"EU\\alice","message":"Sanctioned encrypted USB volume connected (asset FIN-USB-04)","target":"USBSTOR\\Disk&Ven_Corp&Prod_SecureKey&Rev_1.0","registry":{"key":"HKLM\\SYSTEM\\CurrentControlSet\\Enum\\USBSTOR\\Disk&Ven_Corp&Prod_SecureKey&Rev_1.0","value_name":"FriendlyName","value_data":"Corp SecureKey USB Device","value_type":"REG_SZ","hive":"SYSTEM"},"detections":[],"severity_max":"none","detection_count":0,"provenance":{"raw_file":"raw/Windows.Registry.USBSTOR/results.json","raw_row":22,"collection_id":"demo-wks-corp-01"},"extra":{"serial_number":"FINUSB042913","volume_label":"FIN-USB-04"}},
  {"schema_version":"1.0.0","row_hash":"43beeb9f3de90347f54aac6f21753eaedb5f81ab28f38fc944f9a75b8dce5b79","timestamp_utc":"2026-03-10T16:57:02.5570000Z","timestamp_desc":"InstallDate","source":"usb_device","artifact":"Windows.Registry.USBSTOR","collector_kind":"velociraptor","host":"WKS-CORP-01","host_id":"4f1c0a9e-0001-4a00-9c31-b0de51000001","user":"EU\\alice","message":"Sanctioned encrypted USB volume connected (asset FIN-USB-04)","target":"USBSTOR\\Disk&Ven_Corp&Prod_SecureKey&Rev_1.0","registry":{"key":"HKLM\\SYSTEM\\CurrentControlSet\\Enum\\USBSTOR\\Disk&Ven_Corp&Prod_SecureKey&Rev_1.0","value_name":"FriendlyName","value_data":"Corp SecureKey USB Device","value_type":"REG_SZ","hive":"SYSTEM"},"detections":[],"severity_max":"none","detection_count":0,"provenance":{"raw_file":"raw/Windows.Registry.USBSTOR/results.json","raw_row":30,"collection_id":"demo-wks-corp-01"},"extra":{"serial_number":"FINUSB041624","volume_label":"FIN-USB-04"}},
  {"schema_version":"1.0.0","row_hash":"a84fe093b9649db96a2e12e21975e6ab29e3c75b41e214b18d78f3ae18ed2634","timestamp_utc":"2026-03-10T18:13:41.3260000Z","timestamp_desc":"LastExecuted","timestamp_source_field":"LastRunTimes","source":"execution","artifact":"Windows.Forensics.Prefetch","collector_kind":"velociraptor","host":"WKS-CORP-01","host_id":"4f1c0a9e-0001-4a00-9c31-b0de51000001","user":"EU\\alice","message":"OUTLOOK.EXE executed (prefetch run count 59)","target":"C:\\Program Files\\Microsoft Office\\root\\Office16\\OUTLOOK.EXE","process":{"name":"OUTLOOK.EXE","image_path":"C:\\Program Files\\Microsoft Office\\root\\Office16\\OUTLOOK.EXE","parent_name":"explorer.exe"},"detections":[],"severity_max":"none","detection_count":0,"provenance":{"raw_file":"raw/Windows.Forensics.Prefetch/results.json","raw_row":28,"collection_id":"demo-wks-corp-01"},"extra":{"prefetch_file":"OUTLOOK.EXE-1A220FAA.pf"}},
  {"schema_version":"1.0.0","row_hash":"019c5076b9611e6779a7336737cb6e4e0a4f1a472dfa1fe5529b66b4b89c51cb","timestamp_utc":"2026-03-10T18:47:35.6880000Z","timestamp_desc":"EventTime","source":"service","artifact":"Windows.EventLogs.Evtx","collector_kind":"native","host":"WKS-CORP-01","host_id":"4f1c0a9e-0001-4a00-9c31-b0de51000001","user":"SYSTEM","message":"Service entered the running state: Windows Update (wuauserv)","target":"wuauserv","process":{"name":"services.exe","image_path":"C:\\Windows\\System32\\services.exe"},"event":{"channel":"System","provider":"Service Control Manager","event_id":7036,"record_id":9714,"level":"Information","computer":"WKS-CORP-01.eu.corp.example"},"detections":[],"severity_max":"none","detection_count":0,"provenance":{"raw_file":"raw/Windows.EventLogs.Evtx/results.json","raw_row":101,"collection_id":"demo-wks-corp-01"}},
  {"schema_version":"1.0.0","row_hash":"43b1796092afc705e27a6e6d6bff092aaf73cff76e93af55c400a5aab772a051","timestamp_utc":"2026-03-10T19:03:00.6080000Z","timestamp_desc":"EventTime","source":"service","artifact":"Windows.EventLogs.Evtx","collector_kind":"native","host":"WKS-CORP-01","host_id":"4f1c0a9e-0001-4a00-9c31-b0de51000001","user":"SYSTEM","message":"Service entered the running state: Windows Update (wuauserv)","target":"wuauserv","process":{"name":"services.exe","image_path":"C:\\Windows\\System32\\services.exe"},"event":{"channel":"System","provider":"Service Control Manager","event_id":7036,"record_id":4109,"level":"Information","computer":"WKS-CORP-01.eu.corp.example"},"detections":[],"severity_max":"none","detection_count":0,"provenance":{"raw_file":"raw/Windows.EventLogs.Evtx/results.json","raw_row":221,"collection_id":"demo-wks-corp-01"}},
  {"schema_version":"1.0.0","row_hash":"b447444393def3f7baf80551c43920ba915de0bb37ce649ec7ca77b8c987f8d5","timestamp_utc":"2026-03-10T19:56:36.0940000Z","timestamp_desc":"LastWriteTime","timestamp_source_field":"LastModified","source":"registry","artifact":"Windows.Registry.AppCompatCache","collector_kind":"velociraptor","host":"WKS-CORP-01","host_id":"4f1c0a9e-0001-4a00-9c31-b0de51000001","user":"SYSTEM","message":"AppCompatCache entry: EXCEL.EXE","target":"C:\\Program Files\\Microsoft Office\\root\\Office16\\EXCEL.EXE","registry":{"key":"HKLM\\SYSTEM\\CurrentControlSet\\Control\\Session Manager\\AppCompatCache","value_name":"AppCompatCache","value_data":"C:\\Program Files\\Microsoft Office\\root\\Office16\\EXCEL.EXE","value_type":"REG_BINARY","hive":"SYSTEM"},"detections":[],"severity_max":"none","detection_count":0,"provenance":{"raw_file":"raw/Windows.Registry.AppCompatCache/results.json","raw_row":59,"collection_id":"demo-wks-corp-01"},"extra":{"cache_slot":921}},
  {"schema_version":"1.0.0","row_hash":"8c8ff7f51f9d7272eb2847e1f47eddcddfd1fa8fe63b569f40ef4204074643e0","timestamp_utc":"2026-03-10T21:41:47.7560000Z","timestamp_desc":"LastWriteTime","timestamp_source_field":"LastModified","source":"registry","artifact":"Windows.Registry.AppCompatCache","collector_kind":"velociraptor","host":"WKS-CORP-01","host_id":"4f1c0a9e-0001-4a00-9c31-b0de51000001","user":"SYSTEM","message":"AppCompatCache entry: EXCEL.EXE","target":"C:\\Program Files\\Microsoft Office\\root\\Office16\\EXCEL.EXE","registry":{"key":"HKLM\\SYSTEM\\CurrentControlSet\\Control\\Session Manager\\AppCompatCache","value_name":"AppCompatCache","value_data":"C:\\Program Files\\Microsoft Office\\root\\Office16\\EXCEL.EXE","value_type":"REG_BINARY","hive":"SYSTEM"},"detections":[],"severity_max":"none","detection_count":0,"provenance":{"raw_file":"raw/Windows.Registry.AppCompatCache/results.json","raw_row":51,"collection_id":"demo-wks-corp-01"},"extra":{"cache_slot":191}},
  {"schema_version":"1.0.0","row_hash":"e9978a8410ed5a9f0defdd645b59b64b3dd9ca02a51657142b224f421b6a2802","timestamp_utc":"2026-03-10T23:50:27.9960000Z","timestamp_desc":"EventTime","source":"log","artifact":"Windows.EventLogs.Evtx","collector_kind":"native","host":"WKS-CORP-01","host_id":"4f1c0a9e-0001-4a00-9c31-b0de51000001","user":"SYSTEM","message":"Antimalware definitions updated to 1.421.369.0","target":"Microsoft-Windows-Windows Defender/Operational","process":{"name":"MsMpEng.exe","parent_name":"services.exe"},"event":{"channel":"Microsoft-Windows-Windows Defender/Operational","provider":"Microsoft-Windows-Windows-Defender","event_id":2000,"record_id":9063,"level":"Information","computer":"WKS-CORP-01.eu.corp.example"},"detections":[],"severity_max":"none","detection_count":0,"provenance":{"raw_file":"raw/Windows.EventLogs.Evtx/results.json","raw_row":190,"collection_id":"demo-wks-corp-01"}},
  {"schema_version":"1.0.0","row_hash":"9629beb35f2c0fcd2574da5070bb32202c73f3243db60fae03810cc99bbebb7a","timestamp_utc":"2026-03-11T00:17:46.1300000Z","timestamp_desc":"EventTime","source":"log","artifact":"Windows.EventLogs.Evtx","collector_kind":"native","host":"WKS-CORP-01","host_id":"4f1c0a9e-0001-4a00-9c31-b0de51000001","user":"SYSTEM","message":"Antimalware definitions updated to 1.421.380.0","target":"Microsoft-Windows-Windows Defender/Operational","process":{"name":"MsMpEng.exe","parent_name":"services.exe"},"event":{"channel":"Microsoft-Windows-Windows Defender/Operational","provider":"Microsoft-Windows-Windows-Defender","event_id":2000,"record_id":4501,"level":"Information","computer":"WKS-CORP-01.eu.corp.example"},"detections":[],"severity_max":"none","detection_count":0,"provenance":{"raw_file":"raw/Windows.EventLogs.Evtx/results.json","raw_row":127,"collection_id":"demo-wks-corp-01"}},
  {"schema_version":"1.0.0","row_hash":"2921cd4c34bc9bdfd223f9d4dc3c13cbad57051132d4012108a6d7365cc1f412","timestamp_utc":"2026-03-11T00:22:40.4350000Z","timestamp_desc":"EventTime","source":"network","artifact":"Windows.Network.Netstat","collector_kind":"velociraptor","host":"WKS-CORP-01","host_id":"4f1c0a9e-0001-4a00-9c31-b0de51000001","user":"EU\\alice","message":"Outbound HTTPS session via corporate proxy","target":"10.0.5.9:8080","process":{"name":"MSEDGE.EXE","image_path":"C:\\Program Files (x86)\\Microsoft\\Edge\\Application\\msedge.exe","parent_name":"explorer.exe"},"network":{"src_ip":"10.0.5.41","src_port":59731,"dst_ip":"10.0.5.9","dst_port":8080,"protocol":"tcp","domain":"intranet.corp.example","direction":"outbound","state":"ESTABLISHED"},"detections":[],"severity_max":"none","detection_count":0,"provenance":{"raw_file":"raw/Windows.Network.Netstat/results.json","raw_row":16,"collection_id":"demo-wks-corp-01"}},
  {"schema_version":"1.0.0","row_hash":"5683013180269598b4ef27bdad0adcac68997563bbc6a6aab70467e62c9e764c","timestamp_utc":"2026-03-11T02:58:32.1330000Z","timestamp_desc":"LastWriteTime","source":"system_info","artifact":"Windows.Sysinternals.Autoruns","collector_kind":"velociraptor","host":"WKS-CORP-01","host_id":"4f1c0a9e-0001-4a00-9c31-b0de51000001","user":"SYSTEM","message":"Autorun entry enumerated: OneDrive (signed, Microsoft Corporation)","target":"C:\\Program Files\\Microsoft OneDrive\\OneDrive.exe","file":{"path":"C:\\Program Files\\Microsoft OneDrive\\OneDrive.exe","name":"OneDrive.exe","extension":"exe","size_bytes":2841125,"signature_status":"signed_valid","signer":"Microsoft Corporation"},"detections":[],"severity_max":"none","detection_count":0,"provenance":{"raw_file":"raw/Windows.Sysinternals.Autoruns/results.json","raw_row":38,"collection_id":"demo-wks-corp-01"}},
  {"schema_version":"1.0.0","row_hash":"cfea78bd00e1237d420c365b78e97989a0be5e3a63a469449fd7ab2d99c4c3e1","timestamp_utc":"2026-03-11T03:06:20.4940000Z","timestamp_desc":"LastExecuted","timestamp_source_field":"LastRunTimes","source":"execution","artifact":"Windows.Forensics.Prefetch","collector_kind":"velociraptor","host":"WKS-CORP-01","host_id":"4f1c0a9e-0001-4a00-9c31-b0de51000001","user":"EU\\alice","message":"TEAMS.EXE executed (prefetch run count 70)","target":"C:\\Program Files\\WindowsApps\\MSTeams_24245\\ms-teams.exe","process":{"name":"TEAMS.EXE","image_path":"C:\\Program Files\\WindowsApps\\MSTeams_24245\\ms-teams.exe","parent_name":"explorer.exe"},"detections":[],"severity_max":"none","detection_count":0,"provenance":{"raw_file":"raw/Windows.Forensics.Prefetch/results.json","raw_row":31,"collection_id":"demo-wks-corp-01"},"extra":{"prefetch_file":"TEAMS.EXE-1EA95D1E.pf"}},
  {"schema_version":"1.0.0","row_hash":"0cc473c18c81651c1b3e4d8940aedca970f07cc26cda17499cdc9915e3fe7e92","timestamp_utc":"2026-03-11T03:10:05.0000000Z","timestamp_desc":"EventTime","source":"network","artifact":"Windows.Network.Netstat","collector_kind":"velociraptor","host":"WKS-CORP-01","host_id":"4f1c0a9e-0001-4a00-9c31-b0de51000001","user":"EU\\svc-backup","message":"SMB session from updatesvc.exe to SRV-CORP-FS02 using the recovered service account","target":"10.0.5.20:445","process":{"pid":7900,"name":"updatesvc.exe","image_path":"C:\\Users\\alice\\AppData\\Roaming\\Sync\\updatesvc.exe","user":"EU\\svc-backup"},"network":{"src_ip":"10.0.5.41","src_port":52210,"dst_ip":"10.0.5.20","dst_port":445,"protocol":"tcp","direction":"outbound","state":"ESTABLISHED"},"detections":[{"engine":"sigma","rule_id":"demo-sigma-0018","rule_name":"SMB Session From A Beaconing Process Under A Service Account","severity":"high","rule_author":"IRTriage demo rule pack","rule_description":"A process already flagged as beaconing authenticated to a peer over SMB as a service account that has never logged on interactively.","rule_source":"sigma:demo-pack","mitre_techniques":["T1021.002","T1078.002"]}],"severity_max":"high","detection_count":1,"provenance":{"raw_file":"raw/Windows.Network.Netstat/results.json","raw_row":84,"collection_id":"demo-wks-corp-01"}},
  {"schema_version":"1.0.0","row_hash":"cadbd1c7c03eef0477a673c73d29a152e92adf4127cf07569b553373a8fe4f9c","timestamp_utc":"2026-03-11T03:54:53.1620000Z","timestamp_desc":"EventTime","timestamp_source_field":"System.TimeCreated.SystemTime","source":"eventlog","artifact":"Windows.EventLogs.Evtx","collector_kind":"native","host":"WKS-CORP-01","host_id":"4f1c0a9e-0001-4a00-9c31-b0de51000001","user":"EU\\alice","message":"An account was successfully logged on (interactive): EU\\alice","target":"EU\\alice","event":{"channel":"Security","provider":"Microsoft-Windows-Security-Auditing","event_id":4624,"record_id":328899,"level":"Information","computer":"WKS-CORP-01.eu.corp.example","logon_type":2,"logon_id":"0x320d8"},"detections":[],"severity_max":"none","detection_count":0,"provenance":{"raw_file":"raw/Windows.EventLogs.Evtx/results.json","raw_row":228,"collection_id":"demo-wks-corp-01"}},
  {"schema_version":"1.0.0","row_hash":"b3f4f0abb5a2385349ef1168de0d1f329d95e9e7b8a8433dafbca3a874240026","timestamp_utc":"2026-03-11T05:40:02.3300000Z","timestamp_desc":"EventTime","source":"log","artifact":"Windows.EventLogs.Evtx","collector_kind":"native","host":"WKS-CORP-01","host_id":"4f1c0a9e-0001-4a00-9c31-b0de51000001","user":"SYSTEM","message":"Antimalware definitions updated to 1.421.347.0","target":"Microsoft-Windows-Windows Defender/Operational","process":{"name":"MsMpEng.exe","parent_name":"services.exe"},"event":{"channel":"Microsoft-Windows-Windows Defender/Operational","provider":"Microsoft-Windows-Windows-Defender","event_id":2000,"record_id":3022,"level":"Information","computer":"WKS-CORP-01.eu.corp.example"},"detections":[],"severity_max":"none","detection_count":0,"provenance":{"raw_file":"raw/Windows.EventLogs.Evtx/results.json","raw_row":151,"collection_id":"demo-wks-corp-01"}},
  {"schema_version":"1.0.0","row_hash":"2d31f9ac7bc3388ca851d86f63d9600c64324833fd63bff148f428208eb23dcb","timestamp_utc":"2026-03-11T08:08:01.1720000Z","timestamp_desc":"EventTime","timestamp_source_field":"System.TimeCreated.SystemTime","source":"eventlog","artifact":"Windows.EventLogs.Evtx","collector_kind":"native","host":"WKS-CORP-01","host_id":"4f1c0a9e-0001-4a00-9c31-b0de51000001","user":"EU\\alice","message":"An account was successfully logged on (interactive): EU\\alice","target":"EU\\alice","event":{"channel":"Security","provider":"Microsoft-Windows-Security-Auditing","event_id":4624,"record_id":232258,"level":"Information","computer":"WKS-CORP-01.eu.corp.example","logon_type":2,"logon_id":"0x38ace"},"detections":[],"severity_max":"none","detection_count":0,"provenance":{"raw_file":"raw/Windows.EventLogs.Evtx/results.json","raw_row":204,"collection_id":"demo-wks-corp-01"}},
  {"schema_version":"1.0.0","row_hash":"b3f09f6b76e1e7802b350114f8fe1157f35d4480c5fe5ae63685f38b54485b5d","timestamp_utc":"2026-03-11T08:09:23.0970000Z","timestamp_desc":"InstallDate","source":"usb_device","artifact":"Windows.Registry.USBSTOR","collector_kind":"velociraptor","host":"WKS-CORP-01","host_id":"4f1c0a9e-0001-4a00-9c31-b0de51000001","user":"EU\\alice","message":"Sanctioned encrypted USB volume connected (asset FIN-USB-04)","target":"USBSTOR\\Disk&Ven_Corp&Prod_SecureKey&Rev_1.0","registry":{"key":"HKLM\\SYSTEM\\CurrentControlSet\\Enum\\USBSTOR\\Disk&Ven_Corp&Prod_SecureKey&Rev_1.0","value_name":"FriendlyName","value_data":"Corp SecureKey USB Device","value_type":"REG_SZ","hive":"SYSTEM"},"detections":[],"severity_max":"none","detection_count":0,"provenance":{"raw_file":"raw/Windows.Registry.USBSTOR/results.json","raw_row":9,"collection_id":"demo-wks-corp-01"},"extra":{"serial_number":"FINUSB047671","volume_label":"FIN-USB-04"}},
  {"schema_version":"1.0.0","row_hash":"403ab66fe2f485ed0fd27e0ea4de28306ecd626e3a8e0c0d5f37754eb4c3306c","timestamp_utc":"2026-03-11T08:28:16.5850000Z","timestamp_desc":"Modified","timestamp_source_field":"Mtime","source":"filesystem","artifact":"Windows.NTFS.MFT","collector_kind":"velociraptor","host":"WKS-CORP-01","host_id":"4f1c0a9e-0001-4a00-9c31-b0de51000001","user":"EU\\alice","message":"File modified: headcount-plan.xlsx","target":"C:\\Users\\alice\\Documents\\headcount-plan.xlsx","file":{"path":"C:\\Users\\alice\\Documents\\headcount-plan.xlsx","name":"headcount-plan.xlsx","extension":"xlsx","size_bytes":387106,"mft_entry":113447,"is_directory":false,"is_allocated":true},"detections":[],"severity_max":"none","detection_count":0,"provenance":{"raw_file":"raw/Windows.NTFS.MFT/results.json","raw_row":10,"collection_id":"demo-wks-corp-01"}},
  {"schema_version":"1.0.0","row_hash":"a2c61a93142fc497ed973c01c7c3c7b6468a0bdf260b3df9c4ecd3f7397da197","timestamp_utc":"2026-03-11T08:42:10.1640000Z","timestamp_desc":"VisitTime","timestamp_source_field":"last_visit_time","source":"browser","artifact":"Windows.Applications.Edge.History","collector_kind":"velociraptor","host":"WKS-CORP-01","host_id":"4f1c0a9e-0001-4a00-9c31-b0de51000001","user":"EU\\alice","message":"Edge visit: HR - leave balance","target":"https://intranet.corp.example/hr/leave","network":{"domain":"intranet.corp.example","url":"https://intranet.corp.example/hr/leave","direction":"outbound"},"detections":[],"severity_max":"none","detection_count":0,"provenance":{"raw_file":"raw/Windows.Applications.Edge.History/results.json","raw_row":3,"collection_id":"demo-wks-corp-01"}},
  {"schema_version":"1.0.0","row_hash":"521e1574f9d6d07c05cf3f1ad934a3e641557c4180aaafb684a3349698ad08ee","timestamp_utc":"2026-03-11T08:51:53.1460000Z","timestamp_desc":"Modified","timestamp_source_field":"Mtime","source":"filesystem","artifact":"Windows.NTFS.MFT","collector_kind":"velociraptor","host":"WKS-CORP-01","host_id":"4f1c0a9e-0001-4a00-9c31-b0de51000001","user":"EU\\alice","message":"File modified: contract-renewal.docx","target":"C:\\Users\\alice\\Documents\\contract-renewal.docx","file":{"path":"C:\\Users\\alice\\Documents\\contract-renewal.docx","name":"contract-renewal.docx","extension":"docx","size_bytes":211213,"mft_entry":115020,"is_directory":false,"is_allocated":true},"detections":[],"severity_max":"none","detection_count":0,"provenance":{"raw_file":"raw/Windows.NTFS.MFT/results.json","raw_row":26,"collection_id":"demo-wks-corp-01"}},
  {"schema_version":"1.0.0","row_hash":"6c513a2770933769b05519f154c5b8fd91cedb1700f157ae0239baeca9c255d4","timestamp_utc":"2026-03-11T08:57:49.9500000Z","timestamp_desc":"InstallDate","source":"usb_device","artifact":"Windows.Registry.USBSTOR","collector_kind":"velociraptor","host":"WKS-CORP-01","host_id":"4f1c0a9e-0001-4a00-9c31-b0de51000001","user":"EU\\alice","message":"Sanctioned encrypted USB volume connected (asset FIN-USB-04)","target":"USBSTOR\\Disk&Ven_Corp&Prod_SecureKey&Rev_1.0","registry":{"key":"HKLM\\SYSTEM\\CurrentControlSet\\Enum\\USBSTOR\\Disk&Ven_Corp&Prod_SecureKey&Rev_1.0","value_name":"FriendlyName","value_data":"Corp SecureKey USB Device","value_type":"REG_SZ","hive":"SYSTEM"},"detections":[],"severity_max":"none","detection_count":0,"provenance":{"raw_file":"raw/Windows.Registry.USBSTOR/results.json","raw_row":25,"collection_id":"demo-wks-corp-01"},"extra":{"serial_number":"FINUSB048940","volume_label":"FIN-USB-04"}},
  {"schema_version":"1.0.0","row_hash":"140337b4108cd6287bae91a72adf5377e9a5396e8047cd8ccb3a526fb3461412","timestamp_utc":"2026-03-11T09:30:34.9690000Z","timestamp_desc":"InstallDate","source":"usb_device","artifact":"Windows.Registry.USBSTOR","collector_kind":"velociraptor","host":"WKS-CORP-01","host_id":"4f1c0a9e-0001-4a00-9c31-b0de51000001","user":"EU\\alice","message":"Sanctioned encrypted USB volume connected (asset FIN-USB-04)","target":"USBSTOR\\Disk&Ven_Corp&Prod_SecureKey&Rev_1.0","registry":{"key":"HKLM\\SYSTEM\\CurrentControlSet\\Enum\\USBSTOR\\Disk&Ven_Corp&Prod_SecureKey&Rev_1.0","value_name":"FriendlyName","value_data":"Corp SecureKey USB Device","value_type":"REG_SZ","hive":"SYSTEM"},"detections":[],"severity_max":"none","detection_count":0,"provenance":{"raw_file":"raw/Windows.Registry.USBSTOR/results.json","raw_row":65,"collection_id":"demo-wks-corp-01"},"extra":{"serial_number":"FINUSB045624","volume_label":"FIN-USB-04"}},
  {"schema_version":"1.0.0","row_hash":"158f207c90794252036d30891de393515032e8dd9216892b00754f1f74a6269c","timestamp_utc":"2026-03-11T09:44:48.9530000Z","timestamp_desc":"RunTime","source":"scheduled_task","artifact":"Windows.System.TaskScheduler","collector_kind":"velociraptor","host":"WKS-CORP-01","host_id":"4f1c0a9e-0001-4a00-9c31-b0de51000001","user":"SYSTEM","message":"Scheduled task ran: \\Microsoft\\Windows\\UpdateOrchestrator\\Schedule Scan","target":"\\Microsoft\\Windows\\UpdateOrchestrator\\Schedule Scan","detections":[],"severity_max":"none","detection_count":0,"provenance":{"raw_file":"raw/Windows.System.TaskScheduler/results.json","raw_row":79,"collection_id":"demo-wks-corp-01"},"extra":{"result_code":0,"run_duration_seconds":13,"task_author":"Microsoft Corporation"}},
  {"schema_version":"1.0.0","row_hash":"0d62def412ddf1c761df14ab7453f235f3843756473b103e5133157f73280e20","timestamp_utc":"2026-03-11T09:45:28.5600000Z","timestamp_desc":"Modified","timestamp_source_field":"Mtime","source":"filesystem","artifact":"Windows.NTFS.MFT","collector_kind":"velociraptor","host":"WKS-CORP-01","host_id":"4f1c0a9e-0001-4a00-9c31-b0de51000001","user":"EU\\alice","message":"File modified: contract-renewal.docx","target":"C:\\Users\\alice\\Documents\\contract-renewal.docx","file":{"path":"C:\\Users\\alice\\Documents\\contract-renewal.docx","name":"contract-renewal.docx","extension":"docx","size_bytes":116055,"mft_entry":119082,"is_directory":false,"is_allocated":true},"detections":[],"severity_max":"none","detection_count":0,"provenance":{"raw_file":"raw/Windows.NTFS.MFT/results.json","raw_row":2,"collection_id":"demo-wks-corp-01"}},
  {"schema_version":"1.0.0","row_hash":"5dab2432c8819f34798a1d2df71a0b97d705f993dc7c5c47c0a95df24b09bdb5","timestamp_utc":"2026-03-11T09:45:59.1460000Z","timestamp_desc":"InstallDate","source":"usb_device","artifact":"Windows.Registry.USBSTOR","collector_kind":"velociraptor","host":"WKS-CORP-01","host_id":"4f1c0a9e-0001-4a00-9c31-b0de51000001","user":"EU\\alice","message":"Sanctioned encrypted USB volume connected (asset FIN-USB-04)","target":"USBSTOR\\Disk&Ven_Corp&Prod_SecureKey&Rev_1.0","registry":{"key":"HKLM\\SYSTEM\\CurrentControlSet\\Enum\\USBSTOR\\Disk&Ven_Corp&Prod_SecureKey&Rev_1.0","value_name":"FriendlyName","value_data":"Corp SecureKey USB Device","value_type":"REG_SZ","hive":"SYSTEM"},"detections":[],"severity_max":"none","detection_count":0,"provenance":{"raw_file":"raw/Windows.Registry.USBSTOR/results.json","raw_row":49,"collection_id":"demo-wks-corp-01"},"extra":{"serial_number":"FINUSB047305","volume_label":"FIN-USB-04"}},
  {"schema_version":"1.0.0","row_hash":"64dcb5e9d979893226fd415337247c384c13b5f2dfe7b9727152f2e42a91a7aa","timestamp_utc":"2026-03-11T10:00:59.2720000Z","timestamp_desc":"RunTime","source":"scheduled_task","artifact":"Windows.System.TaskScheduler","collector_kind":"velociraptor","host":"WKS-CORP-01","host_id":"4f1c0a9e-0001-4a00-9c31-b0de51000001","user":"SYSTEM","message":"Scheduled task ran: \\Microsoft\\Windows\\UpdateOrchestrator\\Schedule Scan","target":"\\Microsoft\\Windows\\UpdateOrchestrator\\Schedule Scan","detections":[],"severity_max":"none","detection_count":0,"provenance":{"raw_file":"raw/Windows.System.TaskScheduler/results.json","raw_row":31,"collection_id":"demo-wks-corp-01"},"extra":{"result_code":0,"run_duration_seconds":30,"task_author":"Microsoft Corporation"}},
  {"schema_version":"1.0.0","row_hash":"a440b43390099224b5c87d2ae61e38294677e4fb85e8c8b282e47279034322a0","timestamp_utc":"2026-03-11T10:04:03.5520000Z","timestamp_desc":"Modified","timestamp_source_field":"Mtime","source":"filesystem","artifact":"Windows.NTFS.MFT","collector_kind":"velociraptor","host":"WKS-CORP-01","host_id":"4f1c0a9e-0001-4a00-9c31-b0de51000001","user":"EU\\alice","message":"File modified: expenses-feb.xlsx","target":"C:\\Users\\alice\\Documents\\expenses-feb.xlsx","file":{"path":"C:\\Users\\alice\\Documents\\expenses-feb.xlsx","name":"expenses-feb.xlsx","extension":"xlsx","size_bytes":136639,"mft_entry":95772,"is_directory":false,"is_allocated":true},"detections":[],"severity_max":"none","detection_count":0,"provenance":{"raw_file":"raw/Windows.NTFS.MFT/results.json","raw_row":50,"collection_id":"demo-wks-corp-01"}},
  {"schema_version":"1.0.0","row_hash":"54767959c0980a031acc44b936c78598cf0dfd18b2c641fe5296be3289871d87","timestamp_utc":"2026-03-11T10:04:59.0100000Z","timestamp_desc":"EventTime","source":"network","artifact":"Windows.Network.Netstat","collector_kind":"velociraptor","host":"WKS-CORP-01","host_id":"4f1c0a9e-0001-4a00-9c31-b0de51000001","user":"EU\\alice","message":"Outbound HTTPS session via corporate proxy","target":"10.0.5.9:8080","process":{"name":"MSEDGE.EXE","image_path":"C:\\Program Files (x86)\\Microsoft\\Edge\\Application\\msedge.exe","parent_name":"explorer.exe"},"network":{"src_ip":"10.0.5.41","src_port":64501,"dst_ip":"10.0.5.9","dst_port":8080,"protocol":"tcp","domain":"dc-eu-01.eu.corp.example","direction":"outbound","state":"ESTABLISHED"},"detections":[],"severity_max":"none","detection_count":0,"provenance":{"raw_file":"raw/Windows.Network.Netstat/results.json","raw_row":0,"collection_id":"demo-wks-corp-01"}},
  {"schema_version":"1.0.0","row_hash":"569ed24267c90c9c6a064fb1ed91f4f1821d120128dbfc87071b4f61124e9e81","timestamp_utc":"2026-03-11T10:08:54.2040000Z","timestamp_desc":"EventTime","timestamp_source_field":"System.TimeCreated.SystemTime","source":"eventlog","artifact":"Windows.EventLogs.Evtx","collector_kind":"native","host":"WKS-CORP-01","host_id":"4f1c0a9e-0001-4a00-9c31-b0de51000001","user":"EU\\bob","message":"An account was successfully logged on (interactive): EU\\bob","target":"EU\\bob","event":{"channel":"Security","provider":"Microsoft-Windows-Security-Auditing","event_id":4624,"record_id":950149,"level":"Information","computer":"WKS-CORP-01.eu.corp.example","logon_type":2,"logon_id":"0x3801c"},"detections":[],"severity_max":"none","detection_count":0,"provenance":{"raw_file":"raw/Windows.EventLogs.Evtx/results.json","raw_row":36,"collection_id":"demo-wks-corp-01"}},
  {"schema_version":"1.0.0","row_hash":"bcd028ae7318a48b9b821058ee8b372845d7d122db3395f3b0034f9008a273b9","timestamp_utc":"2026-03-11T10:11:49.3410000Z","timestamp_desc":"LastWriteTime","source":"system_info","artifact":"Windows.Sysinternals.Autoruns","collector_kind":"velociraptor","host":"WKS-CORP-01","host_id":"4f1c0a9e-0001-4a00-9c31-b0de51000001","user":"SYSTEM","message":"Autorun entry enumerated: OneDrive (signed, Microsoft Corporation)","target":"C:\\Program Files\\Microsoft OneDrive\\OneDrive.exe","file":{"path":"C:\\Program Files\\Microsoft OneDrive\\OneDrive.exe","name":"OneDrive.exe","extension":"exe","size_bytes":2869869,"signature_status":"signed_valid","signer":"Microsoft Corporation"},"detections":[],"severity_max":"none","detection_count":0,"provenance":{"raw_file":"raw/Windows.Sysinternals.Autoruns/results.json","raw_row":22,"collection_id":"demo-wks-corp-01"}},
  {"schema_version":"1.0.0","row_hash":"65c6c192c5be17ab108063a1c182ab73b36de74d3ffd8fd7988f2402d6b9ab63","timestamp_utc":"2026-03-11T10:12:35.7940000Z","timestamp_desc":"Modified","timestamp_source_field":"Mtime","source":"filesystem","artifact":"Windows.NTFS.MFT","collector_kind":"velociraptor","host":"WKS-CORP-01","host_id":"4f1c0a9e-0001-4a00-9c31-b0de51000001","user":"EU\\alice","message":"File modified: Q1-forecast.xlsx","target":"C:\\Users\\alice\\Documents\\Q1-forecast.xlsx","file":{"path":"C:\\Users\\alice\\Documents\\Q1-forecast.xlsx","name":"Q1-forecast.xlsx","extension":"xlsx","size_bytes":380159,"mft_entry":108494,"is_directory":false,"is_allocated":true},"detections":[],"severity_max":"none","detection_count":0,"provenance":{"raw_file":"raw/Windows.NTFS.MFT/results.json","raw_row":58,"collection_id":"demo-wks-corp-01"}},
  {"schema_version":"1.0.0","row_hash":"2bb492a44cdcafdda2325a395239ec1d3bc282c7cc93bc569203ee5ee31053e9","timestamp_utc":"2026-03-11T10:23:38.6210000Z","timestamp_desc":"EventTime","timestamp_source_field":"System.TimeCreated.SystemTime","source":"eventlog","artifact":"Windows.EventLogs.Evtx","collector_kind":"native","host":"WKS-CORP-01","host_id":"4f1c0a9e-0001-4a00-9c31-b0de51000001","user":"EU\\alice","message":"An account was successfully logged on (interactive): EU\\alice","target":"EU\\alice","event":{"channel":"Security","provider":"Microsoft-Windows-Security-Auditing","event_id":4624,"record_id":998258,"level":"Information","computer":"WKS-CORP-01.eu.corp.example","logon_type":2,"logon_id":"0x32347"},"detections":[],"severity_max":"none","detection_count":0,"provenance":{"raw_file":"raw/Windows.EventLogs.Evtx/results.json","raw_row":156,"collection_id":"demo-wks-corp-01"}},
  {"schema_version":"1.0.0","row_hash":"2230504199fb82623376243ddce24276995206197d1bf31ecee7a6b8ac3957a5","timestamp_utc":"2026-03-11T10:24:33.2640000Z","timestamp_desc":"EventTime","source":"log","artifact":"Windows.EventLogs.Evtx","collector_kind":"native","host":"WKS-CORP-01","host_id":"4f1c0a9e-0001-4a00-9c31-b0de51000001","user":"SYSTEM","message":"Antimalware definitions updated to 1.421.309.0","target":"Microsoft-Windows-Windows Defender/Operational","process":{"name":"MsMpEng.exe","parent_name":"services.exe"},"event":{"channel":"Microsoft-Windows-Windows Defender/Operational","provider":"Microsoft-Windows-Windows-Defender","event_id":2000,"record_id":4823,"level":"Information","computer":"WKS-CORP-01.eu.corp.example"},"detections":[],"severity_max":"none","detection_count":0,"provenance":{"raw_file":"raw/Windows.EventLogs.Evtx/results.json","raw_row":223,"collection_id":"demo-wks-corp-01"}},
  {"schema_version":"1.0.0","row_hash":"8d311f0e9123c18d29898c2c489325733b29d00eb90222c037d0e1cc764e6cf5","timestamp_utc":"2026-03-11T10:25:45.3640000Z","timestamp_desc":"RunTime","source":"scheduled_task","artifact":"Windows.System.TaskScheduler","collector_kind":"velociraptor","host":"WKS-CORP-01","host_id":"4f1c0a9e-0001-4a00-9c31-b0de51000001","user":"SYSTEM","message":"Scheduled task ran: \\Microsoft\\Windows\\UpdateOrchestrator\\Schedule Scan","target":"\\Microsoft\\Windows\\UpdateOrchestrator\\Schedule Scan","detections":[],"severity_max":"none","detection_count":0,"provenance":{"raw_file":"raw/Windows.System.TaskScheduler/results.json","raw_row":47,"collection_id":"demo-wks-corp-01"},"extra":{"result_code":0,"run_duration_seconds":41,"task_author":"Microsoft Corporation"}},
  {"schema_version":"1.0.0","row_hash":"07ac49423c222fb6614b2d454959b2133afd47d1c3b899774995f32f5f8116c6","timestamp_utc":"2026-03-11T10:38:03.6780000Z","timestamp_desc":"LastWriteTime","source":"system_info","artifact":"Windows.Sysinternals.Autoruns","collector_kind":"velociraptor","host":"WKS-CORP-01","host_id":"4f1c0a9e-0001-4a00-9c31-b0de51000001","user":"SYSTEM","message":"Autorun entry enumerated: OneDrive (signed, Microsoft Corporation)","target":"C:\\Program Files\\Microsoft OneDrive\\OneDrive.exe","file":{"path":"C:\\Program Files\\Microsoft OneDrive\\OneDrive.exe","name":"OneDrive.exe","extension":"exe","size_bytes":2830540,"signature_status":"signed_valid","signer":"Microsoft Corporation"},"detections":[],"severity_max":"none","detection_count":0,"provenance":{"raw_file":"raw/Windows.Sysinternals.Autoruns/results.json","raw_row":54,"collection_id":"demo-wks-corp-01"}},
  {"schema_version":"1.0.0","row_hash":"e7842f2b842cf221dd88ce8a9a13d41e3228939a6346fe4a7501a1303511d161","timestamp_utc":"2026-03-11T10:41:20.2440000Z","timestamp_desc":"EventTime","source":"log","artifact":"Windows.EventLogs.Evtx","collector_kind":"native","host":"WKS-CORP-01","host_id":"4f1c0a9e-0001-4a00-9c31-b0de51000001","user":"SYSTEM","message":"Antimalware definitions updated to 1.421.387.0","target":"Microsoft-Windows-Windows Defender/Operational","process":{"name":"MsMpEng.exe","parent_name":"services.exe"},"event":{"channel":"Microsoft-Windows-Windows Defender/Operational","provider":"Microsoft-Windows-Windows-Defender","event_id":2000,"record_id":3563,"level":"Information","computer":"WKS-CORP-01.eu.corp.example"},"detections":[],"severity_max":"none","detection_count":0,"provenance":{"raw_file":"raw/Windows.EventLogs.Evtx/results.json","raw_row":7,"collection_id":"demo-wks-corp-01"}},
