  {"schema_version":"1.0.0","row_hash":"e40b39c36af3bd9936cd639be735c239d110349f19edb2b45ddffc8a519921ff","timestamp_utc":"2026-03-12T11:07:12.1300000Z","timestamp_desc":"EventTime","source":"system_info","artifact":"Windows.System.DiskInfo","collector_kind":"velociraptor","host":"SRV-CORP-FS02","host_id":"4f1c0a9e-0002-4a00-9c31-b0de51000002","user":"SYSTEM","message":"Volume D: capacity report: 60% used","target":"D:\\","detections":[],"severity_max":"none","detection_count":0,"provenance":{"raw_file":"raw/Windows.System.DiskInfo/results.json","raw_row":30,"collection_id":"demo-srv-corp-fs02"},"extra":{"file_system":"NTFS","size_bytes":4000787030016,"volume_label":"DATA"}},
  {"schema_version":"1.0.0","row_hash":"5faec0a8603302de47ff73fbdaed4ae38b7ee3eb1f0567d177236b043019f51e","timestamp_utc":"2026-03-12T11:11:40.1460000Z","timestamp_desc":"EventTime","source":"network","artifact":"Windows.Network.Netstat","collector_kind":"velociraptor","host":"SRV-CORP-FS02","host_id":"4f1c0a9e-0002-4a00-9c31-b0de51000002","user":"EU\\svc-backup","message":"Backup stream to SRV-CORP-BK01","target":"10.0.10.14:10000","network":{"src_ip":"10.0.5.20","src_port":58498,"dst_ip":"10.0.10.14","dst_port":10000,"protocol":"tcp","direction":"outbound","state":"ESTABLISHED"},"detections":[],"severity_max":"none","detection_count":0,"provenance":{"raw_file":"raw/Windows.Network.Netstat/results.json","raw_row":21,"collection_id":"demo-srv-corp-fs02"}},
  {"schema_version":"1.0.0","row_hash":"d31caa3a102e1715cf0447cb4774d91fca12f0b7248310cf7650660a55bf6316","timestamp_utc":"2026-03-12T11:15:37.0610000Z","timestamp_desc":"EventTime","source":"network","artifact":"Windows.Network.Netstat","collector_kind":"velociraptor","host":"SRV-CORP-FS02","host_id":"4f1c0a9e-0002-4a00-9c31-b0de51000002","user":"EU\\svc-backup","message":"Backup stream to SRV-CORP-BK01","target":"10.0.10.14:10000","network":{"src_ip":"10.0.5.20","src_port":63083,"dst_ip":"10.0.10.14","dst_port":10000,"protocol":"tcp","direction":"outbound","state":"ESTABLISHED"},"detections":[],"severity_max":"none","detection_count":0,"provenance":{"raw_file":"raw/Windows.Network.Netstat/results.json","raw_row":49,"collection_id":"demo-srv-corp-fs02"}},
  {"schema_version":"1.0.0","row_hash":"6302f0fdf344622e6b20603aac85298aa41d0c9f28efdce027f43e03d153b866","timestamp_utc":"2026-03-12T11:20:33.4940000Z","timestamp_desc":"LastExecuted","source":"execution","artifact":"Windows.Forensics.Prefetch","collector_kind":"velociraptor","host":"SRV-CORP-FS02","host_id":"4f1c0a9e-0002-4a00-9c31-b0de51000002","user":"EU\\bob","message":"ROBOCOPY.EXE executed (share maintenance)","target":"C:\\Windows\\System32\\Robocopy.exe","process":{"name":"ROBOCOPY.EXE","image_path":"C:\\Windows\\System32\\Robocopy.exe","command_line":"robocopy D:\\Finance\\2025Q4 E:\\Archive\\2025Q4 /MIR /R:1 /W:1","parent_name":"cmd.exe","user":"EU\\bob"},"detections":[],"severity_max":"none","detection_count":0,"provenance":{"raw_file":"raw/Windows.Forensics.Prefetch/results.json","raw_row":61,"collection_id":"demo-srv-corp-fs02"},"extra":{"prefetch_file":"ROBOCOPY.EXE-153DA490.pf"}},
  {"schema_version":"1.0.0","row_hash":"3545a075669b68ac31bc0fb99886227fc9b385b7648b83d9e42242015061d7f6","timestamp_utc":"2026-03-12T11:29:04.3650000Z","timestamp_desc":"EventTime","source":"log","artifact":"Windows.EventLogs.Evtx","collector_kind":"native","host":"SRV-CORP-FS02","host_id":"4f1c0a9e-0002-4a00-9c31-b0de51000002","user":"SYSTEM","message":"Volume shadow copy created for D: (nightly backup, 1 snapshots retained)","target":"D:\\","event":{"channel":"Application","provider":"VSS","event_id":8224,"record_id":602,"level":"Information","computer":"SRV-CORP-FS02.eu.corp.example"},"detections":[],"severity_max":"none","detection_count":0,"provenance":{"raw_file":"raw/Windows.EventLogs.Evtx/results.json","raw_row":174,"collection_id":"demo-srv-corp-fs02"}},
  {"schema_version":"1.0.0","row_hash":"4294dc2c5d25d2e8cd689ec4effa55a2b5bda8501a4f4b5bdce4cb4e7b12569c","timestamp_utc":"2026-03-12T11:41:25.3610000Z","timestamp_desc":"LastExecuted","source":"execution","artifact":"Windows.Forensics.Prefetch","collector_kind":"velociraptor","host":"SRV-CORP-FS02","host_id":"4f1c0a9e-0002-4a00-9c31-b0de51000002","user":"EU\\bob","message":"ROBOCOPY.EXE executed (share maintenance)","target":"C:\\Windows\\System32\\Robocopy.exe","process":{"name":"ROBOCOPY.EXE","image_path":"C:\\Windows\\System32\\Robocopy.exe","command_line":"robocopy D:\\Finance\\2025Q4 E:\\Archive\\2025Q4 /MIR /R:1 /W:1","parent_name":"cmd.exe","user":"EU\\bob"},"detections":[],"severity_max":"none","detection_count":0,"provenance":{"raw_file":"raw/Windows.Forensics.Prefetch/results.json","raw_row":49,"collection_id":"demo-srv-corp-fs02"},"extra":{"prefetch_file":"ROBOCOPY.EXE-183A3CA3.pf"}},
  {"schema_version":"1.0.0","row_hash":"e3af2ecc77f889a53b41d44612269785cab846c996ca15e549d5a5c7d5eb6771","timestamp_utc":"2026-03-12T11:47:48.5950000Z","timestamp_desc":"EventTime","source":"network","artifact":"Windows.Network.Netstat","collector_kind":"velociraptor","host":"SRV-CORP-FS02","host_id":"4f1c0a9e-0002-4a00-9c31-b0de51000002","user":"EU\\svc-backup","message":"Backup stream to SRV-CORP-BK01","target":"10.0.10.14:10000","network":{"src_ip":"10.0.5.20","src_port":49988,"dst_ip":"10.0.10.14","dst_port":10000,"protocol":"tcp","direction":"outbound","state":"ESTABLISHED"},"detections":[],"severity_max":"none","detection_count":0,"provenance":{"raw_file":"raw/Windows.Network.Netstat/results.json","raw_row":37,"collection_id":"demo-srv-corp-fs02"}},
  {"schema_version":"1.0.0","row_hash":"3d12423e5bb5e8982d42d7ce42a05c3bc14fe2a6f22b323067ba51f845b7a909","timestamp_utc":"2026-03-12T11:54:36.8730000Z","timestamp_desc":"EventTime","source":"network","artifact":"Windows.Network.Netstat","collector_kind":"velociraptor","host":"SRV-CORP-FS02","host_id":"4f1c0a9e-0002-4a00-9c31-b0de51000002","user":"EU\\svc-backup","message":"Backup stream to SRV-CORP-BK01","target":"10.0.10.14:10000","network":{"src_ip":"10.0.5.20","src_port":60651,"dst_ip":"10.0.10.14","dst_port":10000,"protocol":"tcp","direction":"outbound","state":"ESTABLISHED"},"detections":[],"severity_max":"none","detection_count":0,"provenance":{"raw_file":"raw/Windows.Network.Netstat/results.json","raw_row":65,"collection_id":"demo-srv-corp-fs02"}},
  {"schema_version":"1.0.0","row_hash":"91835b957bbbdb88a9044d82055fd654d4558e917195655c302bd1f600802c6e","timestamp_utc":"2026-03-12T11:54:58.5740000Z","timestamp_desc":"EventTime","source":"system_info","artifact":"Windows.System.DiskInfo","collector_kind":"velociraptor","host":"SRV-CORP-FS02","host_id":"4f1c0a9e-0002-4a00-9c31-b0de51000002","user":"SYSTEM","message":"Volume D: capacity report: 60% used","target":"D:\\","detections":[],"severity_max":"none","detection_count":0,"provenance":{"raw_file":"raw/Windows.System.DiskInfo/results.json","raw_row":50,"collection_id":"demo-srv-corp-fs02"},"extra":{"file_system":"NTFS","size_bytes":4000787030016,"volume_label":"DATA"}},
  {"schema_version":"1.0.0","row_hash":"4a171bd7f7f1f0a93832f2c0d8bb8dc392e632a4b06ac0c47729fc4827e25460","timestamp_utc":"2026-03-12T11:55:29.8000000Z","timestamp_desc":"EventTime","source":"system_info","artifact":"Windows.System.DiskInfo","collector_kind":"velociraptor","host":"SRV-CORP-FS02","host_id":"4f1c0a9e-0002-4a00-9c31-b0de51000002","user":"SYSTEM","message":"Volume D: capacity report: 69% used","target":"D:\\","detections":[],"severity_max":"none","detection_count":0,"provenance":{"raw_file":"raw/Windows.System.DiskInfo/results.json","raw_row":46,"collection_id":"demo-srv-corp-fs02"},"extra":{"file_system":"NTFS","size_bytes":4000787030016,"volume_label":"DATA"}},
  {"schema_version":"1.0.0","row_hash":"be51cfa75edab44cd943800ba3a4d71f744bf24c0142e3b048e918e97cf3a48e","timestamp_utc":"2026-03-12T12:31:17.6960000Z","timestamp_desc":"Modified","timestamp_source_field":"Mtime","source":"filesystem","artifact":"Generic.Collectors.File","collector_kind":"velociraptor","host":"SRV-CORP-FS02","host_id":"4f1c0a9e-0002-4a00-9c31-b0de51000002","user":"EU\\alice","message":"File modified on share: vat-return-2026.xlsx","target":"D:\\Shared\\Templates\\vat-return-2026.xlsx","file":{"path":"D:\\Shared\\Templates\\vat-return-2026.xlsx","name":"vat-return-2026.xlsx","extension":"xlsx","size_bytes":5574949,"is_directory":false,"is_allocated":true},"detections":[],"severity_max":"none","detection_count":0,"provenance":{"raw_file":"raw/Generic.Collectors.File/results.json","raw_row":26,"collection_id":"demo-srv-corp-fs02"}},
  {"schema_version":"1.0.0","row_hash":"ef7bbb4dedeb4ca3fc48d4370dab66e46585f0f34933578e777c84ee9e6b28e8","timestamp_utc":"2026-03-12T12:38:28.4540000Z","timestamp_desc":"Modified","timestamp_source_field":"Mtime","source":"filesystem","artifact":"Generic.Collectors.File","collector_kind":"velociraptor","host":"SRV-CORP-FS02","host_id":"4f1c0a9e-0002-4a00-9c31-b0de51000002","user":"EU\\carol","message":"File modified on share: board-pack-march.pptx","target":"D:\\Finance\\2025Q4\\board-pack-march.pptx","file":{"path":"D:\\Finance\\2025Q4\\board-pack-march.pptx","name":"board-pack-march.pptx","extension":"pptx","size_bytes":5110684,"is_directory":false,"is_allocated":true},"detections":[],"severity_max":"none","detection_count":0,"provenance":{"raw_file":"raw/Generic.Collectors.File/results.json","raw_row":30,"collection_id":"demo-srv-corp-fs02"}},
  {"schema_version":"1.0.0","row_hash":"aee0116f9c714688ebdf2b3861d3873f94decb55098df4e460857d7c4569dcfa","timestamp_utc":"2026-03-12T12:42:11.1960000Z","timestamp_desc":"LastExecuted","source":"execution","artifact":"Windows.Forensics.Prefetch","collector_kind":"velociraptor","host":"SRV-CORP-FS02","host_id":"4f1c0a9e-0002-4a00-9c31-b0de51000002","user":"EU\\bob","message":"ROBOCOPY.EXE executed (share maintenance)","target":"C:\\Windows\\System32\\Robocopy.exe","process":{"name":"ROBOCOPY.EXE","image_path":"C:\\Windows\\System32\\Robocopy.exe","command_line":"robocopy D:\\Finance\\2025Q4 E:\\Archive\\2025Q4 /MIR /R:1 /W:1","parent_name":"cmd.exe","user":"EU\\bob"},"detections":[],"severity_max":"none","detection_count":0,"provenance":{"raw_file":"raw/Windows.Forensics.Prefetch/results.json","raw_row":69,"collection_id":"demo-srv-corp-fs02"},"extra":{"prefetch_file":"ROBOCOPY.EXE-16A86946.pf"}},
  {"schema_version":"1.0.0","row_hash":"be77b03b0b69820682fd5464efc63928a5b8280590b5520c5aec2564a47d3ffa","timestamp_utc":"2026-03-12T12:44:26.1660000Z","timestamp_desc":"LastExecuted","source":"execution","artifact":"Windows.Forensics.Prefetch","collector_kind":"velociraptor","host":"SRV-CORP-FS02","host_id":"4f1c0a9e-0002-4a00-9c31-b0de51000002","user":"EU\\bob","message":"ROBOCOPY.EXE executed (share maintenance)","target":"C:\\Windows\\System32\\Robocopy.exe","process":{"name":"ROBOCOPY.EXE","image_path":"C:\\Windows\\System32\\Robocopy.exe","command_line":"robocopy D:\\Finance\\2025Q4 E:\\Archive\\2025Q4 /MIR /R:1 /W:1","parent_name":"cmd.exe","user":"EU\\bob"},"detections":[],"severity_max":"none","detection_count":0,"provenance":{"raw_file":"raw/Windows.Forensics.Prefetch/results.json","raw_row":1,"collection_id":"demo-srv-corp-fs02"},"extra":{"prefetch_file":"ROBOCOPY.EXE-17CFB950.pf"}},
  {"schema_version":"1.0.0","row_hash":"95c25f9e09033433e6f81c85d76f878254c9d3017b3260c87f3c4eef1acea7ca","timestamp_utc":"2026-03-12T13:08:21.3890000Z","timestamp_desc":"EventTime","source":"system_info","artifact":"Windows.System.DiskInfo","collector_kind":"velociraptor","host":"SRV-CORP-FS02","host_id":"4f1c0a9e-0002-4a00-9c31-b0de51000002","user":"SYSTEM","message":"Volume D: capacity report: 60% used","target":"D:\\","detections":[],"severity_max":"none","detection_count":0,"provenance":{"raw_file":"raw/Windows.System.DiskInfo/results.json","raw_row":66,"collection_id":"demo-srv-corp-fs02"},"extra":{"file_system":"NTFS","size_bytes":4000787030016,"volume_label":"DATA"}},
  {"schema_version":"1.0.0","row_hash":"028e0dffec3b2a44644d2b2a43a3affa1136d8c4c51d0e30cdda8563df34a502","timestamp_utc":"2026-03-12T13:32:52.8650000Z","timestamp_desc":"LastExecuted","source":"execution","artifact":"Windows.Forensics.Prefetch","collector_kind":"velociraptor","host":"SRV-CORP-FS02","host_id":"4f1c0a9e-0002-4a00-9c31-b0de51000002","user":"EU\\bob","message":"ROBOCOPY.EXE executed (share maintenance)","target":"C:\\Windows\\System32\\Robocopy.exe","process":{"name":"ROBOCOPY.EXE","image_path":"C:\\Windows\\System32\\Robocopy.exe","command_line":"robocopy D:\\Finance\\2025Q4 E:\\Archive\\2025Q4 /MIR /R:1 /W:1","parent_name":"cmd.exe","user":"EU\\bob"},"detections":[],"severity_max":"none","detection_count":0,"provenance":{"raw_file":"raw/Windows.Forensics.Prefetch/results.json","raw_row":33,"collection_id":"demo-srv-corp-fs02"},"extra":{"prefetch_file":"ROBOCOPY.EXE-1697721D.pf"}},
  {"schema_version":"1.0.0","row_hash":"91660819e54104dae3e710e509c4f0d3b9fe5512b0e2b6ea6e437db13ad26002","timestamp_utc":"2026-03-12T13:34:36.5910000Z","timestamp_desc":"Modified","timestamp_source_field":"Mtime","source":"filesystem","artifact":"Generic.Collectors.File","collector_kind":"velociraptor","host":"SRV-CORP-FS02","host_id":"4f1c0a9e-0002-4a00-9c31-b0de51000002","user":"EU\\alice","message":"File modified on share: vat-return-2026.xlsx","target":"D:\\Finance\\2026Q1\\vat-return-2026.xlsx","file":{"path":"D:\\Finance\\2026Q1\\vat-return-2026.xlsx","name":"vat-return-2026.xlsx","extension":"xlsx","size_bytes":1375226,"is_directory":false,"is_allocated":true},"detections":[],"severity_max":"none","detection_count":0,"provenance":{"raw_file":"raw/Generic.Collectors.File/results.json","raw_row":62,"collection_id":"demo-srv-corp-fs02"}},
  {"schema_version":"1.0.0","row_hash":"16d056a3fcd585c5d6b5c902499f513d103990f1d0f428ad058e9a7d52ba4857","timestamp_utc":"2026-03-12T13:36:05.7600000Z","timestamp_desc":"Modified","timestamp_source_field":"Mtime","source":"filesystem","artifact":"Generic.Collectors.File","collector_kind":"velociraptor","host":"SRV-CORP-FS02","host_id":"4f1c0a9e-0002-4a00-9c31-b0de51000002","user":"EU\\bob","message":"File modified on share: expenses-feb.xlsx","target":"D:\\Finance\\Audit\\expenses-feb.xlsx","file":{"path":"D:\\Finance\\Audit\\expenses-feb.xlsx","name":"expenses-feb.xlsx","extension":"xlsx","size_bytes":4853807,"is_directory":false,"is_allocated":true},"detections":[],"severity_max":"none","detection_count":0,"provenance":{"raw_file":"raw/Generic.Collectors.File/results.json","raw_row":38,"collection_id":"demo-srv-corp-fs02"}},
  {"schema_version":"1.0.0","row_hash":"7903b613749ceef60a5db80739189a1b4591fcb8877652630c0b02fc2f887603","timestamp_utc":"2026-03-12T13:46:04.1850000Z","timestamp_desc":"EventTime","source":"log","artifact":"Windows.EventLogs.Evtx","collector_kind":"native","host":"SRV-CORP-FS02","host_id":"4f1c0a9e-0002-4a00-9c31-b0de51000002","user":"SYSTEM","message":"Volume shadow copy created for D: (nightly backup, 6 snapshots retained)","target":"D:\\","event":{"channel":"Application","provider":"VSS","event_id":8224,"record_id":4290,"level":"Information","computer":"SRV-CORP-FS02.eu.corp.example"},"detections":[],"severity_max":"none","detection_count":0,"provenance":{"raw_file":"raw/Windows.EventLogs.Evtx/results.json","raw_row":254,"collection_id":"demo-srv-corp-fs02"}},
  {"schema_version":"1.0.0","row_hash":"5ec06b20a010159429e076fb37016e1ca2eec5c6f77c2e445fb649500d0ffece","timestamp_utc":"2026-03-12T13:47:13.4760000Z","timestamp_desc":"LastExecuted","source":"execution","artifact":"Windows.Forensics.Prefetch","collector_kind":"velociraptor","host":"SRV-CORP-FS02","host_id":"4f1c0a9e-0002-4a00-9c31-b0de51000002","user":"EU\\bob","message":"ROBOCOPY.EXE executed (share maintenance)","target":"C:\\Windows\\System32\\Robocopy.exe","process":{"name":"ROBOCOPY.EXE","image_path":"C:\\Windows\\System32\\Robocopy.exe","command_line":"robocopy D:\\Finance\\2025Q4 E:\\Archive\\2025Q4 /MIR /R:1 /W:1","parent_name":"cmd.exe","user":"EU\\bob"},"detections":[],"severity_max":"none","detection_count":0,"provenance":{"raw_file":"raw/Windows.Forensics.Prefetch/results.json","raw_row":29,"collection_id":"demo-srv-corp-fs02"},"extra":{"prefetch_file":"ROBOCOPY.EXE-1955DF11.pf"}},
  {"schema_version":"1.0.0","row_hash":"1a1b6bb515a15f1eb9e6093db47463c32d9e45f1ef577b4c069c0824ed0dbb2a","timestamp_utc":"2026-03-12T13:49:03.7670000Z","timestamp_desc":"EventTime","source":"network","artifact":"Windows.Network.Netstat","collector_kind":"velociraptor","host":"SRV-CORP-FS02","host_id":"4f1c0a9e-0002-4a00-9c31-b0de51000002","user":"EU\\svc-backup","message":"Backup stream to SRV-CORP-BK01","target":"10.0.10.14:10000","network":{"src_ip":"10.0.5.20","src_port":57174,"dst_ip":"10.0.10.14","dst_port":10000,"protocol":"tcp","direction":"outbound","state":"ESTABLISHED"},"detections":[],"severity_max":"none","detection_count":0,"provenance":{"raw_file":"raw/Windows.Network.Netstat/results.json","raw_row":57,"collection_id":"demo-srv-corp-fs02"}},
  {"schema_version":"1.0.0","row_hash":"9682f3dea137976311a3e4ab9a06d1eaf0e33553be0d2217e84c035da09480cd","timestamp_utc":"2026-03-12T13:51:36.6750000Z","timestamp_desc":"EventTime","source":"network","artifact":"Windows.Network.Netstat","collector_kind":"velociraptor","host":"SRV-CORP-FS02","host_id":"4f1c0a9e-0002-4a00-9c31-b0de51000002","user":"EU\\svc-backup","message":"Backup stream to SRV-CORP-BK01","target":"10.0.10.14:10000","network":{"src_ip":"10.0.5.20","src_port":63544,"dst_ip":"10.0.10.14","dst_port":10000,"protocol":"tcp","direction":"outbound","state":"ESTABLISHED"},"detections":[],"severity_max":"none","detection_count":0,"provenance":{"raw_file":"raw/Windows.Network.Netstat/results.json","raw_row":61,"collection_id":"demo-srv-corp-fs02"}},
  {"schema_version":"1.0.0","row_hash":"c9ea0a8badee7f7eba59dfdec31196de98927ed6103aab594579799fd19613ab","timestamp_utc":"2026-03-12T14:06:15.4910000Z","timestamp_desc":"EventTime","source":"network","artifact":"Windows.Network.Netstat","collector_kind":"velociraptor","host":"SRV-CORP-FS02","host_id":"4f1c0a9e-0002-4a00-9c31-b0de51000002","user":"EU\\svc-backup","message":"Backup stream to SRV-CORP-BK01","target":"10.0.10.14:10000","network":{"src_ip":"10.0.5.20","src_port":49397,"dst_ip":"10.0.10.14","dst_port":10000,"protocol":"tcp","direction":"outbound","state":"ESTABLISHED"},"detections":[],"severity_max":"none","detection_count":0,"provenance":{"raw_file":"raw/Windows.Network.Netstat/results.json","raw_row":25,"collection_id":"demo-srv-corp-fs02"}},
  {"schema_version":"1.0.0","row_hash":"5b3c9d804e152d91348561b36707597b290712eca229d44844d31261daa99ef8","timestamp_utc":"2026-03-12T14:09:48.2330000Z","timestamp_desc":"EventTime","source":"network","artifact":"Windows.Network.Netstat","collector_kind":"velociraptor","host":"SRV-CORP-FS02","host_id":"4f1c0a9e-0002-4a00-9c31-b0de51000002","user":"EU\\svc-backup","message":"Backup stream to SRV-CORP-BK01","target":"10.0.10.14:10000","network":{"src_ip":"10.0.5.20","src_port":62980,"dst_ip":"10.0.10.14","dst_port":10000,"protocol":"tcp","direction":"outbound","state":"ESTABLISHED"},"detections":[],"severity_max":"none","detection_count":0,"provenance":{"raw_file":"raw/Windows.Network.Netstat/results.json","raw_row":1,"collection_id":"demo-srv-corp-fs02"}},
  {"schema_version":"1.0.0","row_hash":"7e613032d7c25b6b8042094bf4681f8d8e734e78787046bc6a07e5aa8f0cbab2","timestamp_utc":"2026-03-12T14:18:58.2020000Z","timestamp_desc":"EventTime","source":"log","artifact":"Windows.EventLogs.Evtx","collector_kind":"native","host":"SRV-CORP-FS02","host_id":"4f1c0a9e-0002-4a00-9c31-b0de51000002","user":"SYSTEM","message":"Volume shadow copy created for D: (nightly backup, 7 snapshots retained)","target":"D:\\","event":{"channel":"Application","provider":"VSS","event_id":8224,"record_id":1338,"level":"Information","computer":"SRV-CORP-FS02.eu.corp.example"},"detections":[],"severity_max":"none","detection_count":0,"provenance":{"raw_file":"raw/Windows.EventLogs.Evtx/results.json","raw_row":158,"collection_id":"demo-srv-corp-fs02"}},
  {"schema_version":"1.0.0","row_hash":"fb3dc943b48d0284515e2cffbf9151c503ce65041706d7fd944887812c664880","timestamp_utc":"2026-03-12T14:21:51.3120000Z","timestamp_desc":"Modified","timestamp_source_field":"Mtime","source":"filesystem","artifact":"Generic.Collectors.File","collector_kind":"velociraptor","host":"SRV-CORP-FS02","host_id":"4f1c0a9e-0002-4a00-9c31-b0de51000002","user":"EU\\bob","message":"File modified on share: supplier-review.docx","target":"D:\\Finance\\2025Q4\\supplier-review.docx","file":{"path":"D:\\Finance\\2025Q4\\supplier-review.docx","name":"supplier-review.docx","extension":"docx","size_bytes":4102850,"is_directory":false,"is_allocated":true},"detections":[],"severity_max":"none","detection_count":0,"provenance":{"raw_file":"raw/Generic.Collectors.File/results.json","raw_row":46,"collection_id":"demo-srv-corp-fs02"}},
  {"schema_version":"1.0.0","row_hash":"088d98601a5914e755184b6f7c0ea1d0ff2f3838dcd34e0e71e81569801a6b1d","timestamp_utc":"2026-03-12T14:25:45.5930000Z","timestamp_desc":"EventTime","source":"network","artifact":"Windows.Network.Netstat","collector_kind":"velociraptor","host":"SRV-CORP-FS02","host_id":"4f1c0a9e-0002-4a00-9c31-b0de51000002","user":"EU\\svc-backup","message":"Backup stream to SRV-CORP-BK01","target":"10.0.10.14:10000","network":{"src_ip":"10.0.5.20","src_port":63926,"dst_ip":"10.0.10.14","dst_port":10000,"protocol":"tcp","direction":"outbound","state":"ESTABLISHED"},"detections":[],"severity_max":"none","detection_count":0,"provenance":{"raw_file":"raw/Windows.Network.Netstat/results.json","raw_row":9,"collection_id":"demo-srv-corp-fs02"}},
  {"schema_version":"1.0.0","row_hash":"870fd49b44c95f42dab7f73b9c54fc7e5574d9bda0a054acff9f6b2353165236","timestamp_utc":"2026-03-12T14:27:40.2660000Z","timestamp_desc":"EventTime","source":"log","artifact":"Windows.EventLogs.Evtx","collector_kind":"native","host":"SRV-CORP-FS02","host_id":"4f1c0a9e-0002-4a00-9c31-b0de51000002","user":"SYSTEM","message":"Volume shadow copy created for D: (nightly backup, 5 snapshots retained)","target":"D:\\","event":{"channel":"Application","provider":"VSS","event_id":8224,"record_id":1085,"level":"Information","computer":"SRV-CORP-FS02.eu.corp.example"},"detections":[],"severity_max":"none","detection_count":0,"provenance":{"raw_file":"raw/Windows.EventLogs.Evtx/results.json","raw_row":270,"collection_id":"demo-srv-corp-fs02"}},
  {"schema_version":"1.0.0","row_hash":"ab3cc0d93be6155ed2d98d67d70cb70b60668c55be6a2ef4f1b8e5b8a086ee68","timestamp_utc":"2026-03-12T14:32:38.0600000Z","timestamp_desc":"Modified","timestamp_source_field":"Mtime","source":"filesystem","artifact":"Generic.Collectors.File","collector_kind":"velociraptor","host":"SRV-CORP-FS02","host_id":"4f1c0a9e-0002-4a00-9c31-b0de51000002","user":"EU\\bob","message":"File modified on share: expenses-feb.xlsx","target":"D:\\Shared\\Templates\\expenses-feb.xlsx","file":{"path":"D:\\Shared\\Templates\\expenses-feb.xlsx","name":"expenses-feb.xlsx","extension":"xlsx","size_bytes":1766798,"is_directory":false,"is_allocated":true},"detections":[],"severity_max":"none","detection_count":0,"provenance":{"raw_file":"raw/Generic.Collectors.File/results.json","raw_row":58,"collection_id":"demo-srv-corp-fs02"}},
  {"schema_version":"1.0.0","row_hash":"20a7449b70b790a72acb9171dc74eb740ed70b2da72a6f1b9982ca83119b790b","timestamp_utc":"2026-03-12T14:33:06.9870000Z","timestamp_desc":"LastExecuted","source":"execution","artifact":"Windows.Forensics.Prefetch","collector_kind":"velociraptor","host":"SRV-CORP-FS02","host_id":"4f1c0a9e-0002-4a00-9c31-b0de51000002","user":"EU\\bob","message":"ROBOCOPY.EXE executed (share maintenance)","target":"C:\\Windows\\System32\\Robocopy.exe","process":{"name":"ROBOCOPY.EXE","image_path":"C:\\Windows\\System32\\Robocopy.exe","command_line":"robocopy D:\\Finance\\2025Q4 E:\\Archive\\2025Q4 /MIR /R:1 /W:1","parent_name":"cmd.exe","user":"EU\\bob"},"detections":[],"severity_max":"none","detection_count":0,"provenance":{"raw_file":"raw/Windows.Forensics.Prefetch/results.json","raw_row":53,"collection_id":"demo-srv-corp-fs02"},"extra":{"prefetch_file":"ROBOCOPY.EXE-1C6A92BB.pf"}},
  {"schema_version":"1.0.0","row_hash":"2d1fcf0c6fdfa02cfc0f4f2ec3dd7be643f330fedd9cb16705d41fccbdcbb5d3","timestamp_utc":"2026-03-12T14:33:42.2440000Z","timestamp_desc":"Modified","timestamp_source_field":"Mtime","source":"filesystem","artifact":"Generic.Collectors.File","collector_kind":"velociraptor","host":"SRV-CORP-FS02","host_id":"4f1c0a9e-0002-4a00-9c31-b0de51000002","user":"EU\\carol","message":"File modified on share: payroll-summary.xlsx","target":"D:\\Finance\\2025Q4\\payroll-summary.xlsx","file":{"path":"D:\\Finance\\2025Q4\\payroll-summary.xlsx","name":"payroll-summary.xlsx","extension":"xlsx","size_bytes":3317132,"is_directory":false,"is_allocated":true},"detections":[],"severity_max":"none","detection_count":0,"provenance":{"raw_file":"raw/Generic.Collectors.File/results.json","raw_row":22,"collection_id":"demo-srv-corp-fs02"}},
  {"schema_version":"1.0.0","row_hash":"02b78e94a0d73ee30f91005d3ff68c2e3ccc0b1ef2bec2467f1757bb48f580b0","timestamp_utc":"2026-03-12T14:36:38.2260000Z","timestamp_desc":"LastExecuted","source":"execution","artifact":"Windows.Forensics.Prefetch","collector_kind":"velociraptor","host":"SRV-CORP-FS02","host_id":"4f1c0a9e-0002-4a00-9c31-b0de51000002","user":"EU\\bob","message":"ROBOCOPY.EXE executed (share maintenance)","target":"C:\\Windows\\System32\\Robocopy.exe","process":{"name":"ROBOCOPY.EXE","image_path":"C:\\Windows\\System32\\Robocopy.exe","command_line":"robocopy D:\\Finance\\2025Q4 E:\\Archive\\2025Q4 /MIR /R:1 /W:1","parent_name":"cmd.exe","user":"EU\\bob"},"detections":[],"severity_max":"none","detection_count":0,"provenance":{"raw_file":"raw/Windows.Forensics.Prefetch/results.json","raw_row":13,"collection_id":"demo-srv-corp-fs02"},"extra":{"prefetch_file":"ROBOCOPY.EXE-1B46BEE8.pf"}},
  {"schema_version":"1.0.0","row_hash":"baa3c79d20213d289f375490e1eeae295ba757f6e47523920cb61290cdcb494b","timestamp_utc":"2026-03-12T14:37:49.7770000Z","timestamp_desc":"EventTime","source":"system_info","artifact":"Windows.System.DiskInfo","collector_kind":"velociraptor","host":"SRV-CORP-FS02","host_id":"4f1c0a9e-0002-4a00-9c31-b0de51000002","user":"SYSTEM","message":"Volume D: capacity report: 80% used","target":"D:\\","detections":[],"severity_max":"none","detection_count":0,"provenance":{"raw_file":"raw/Windows.System.DiskInfo/results.json","raw_row":54,"collection_id":"demo-srv-corp-fs02"},"extra":{"file_system":"NTFS","size_bytes":4000787030016,"volume_label":"DATA"}},
  {"schema_version":"1.0.0","row_hash":"508db67f1f89618b63e3bddfb640bdc8eb4da90c3e969134921f7bef2cf61254","timestamp_utc":"2026-03-12T14:53:45.1640000Z","timestamp_desc":"LastExecuted","source":"execution","artifact":"Windows.Forensics.Prefetch","collector_kind":"velociraptor","host":"SRV-CORP-FS02","host_id":"4f1c0a9e-0002-4a00-9c31-b0de51000002","user":"EU\\bob","message":"ROBOCOPY.EXE executed (share maintenance)","target":"C:\\Windows\\System32\\Robocopy.exe","process":{"name":"ROBOCOPY.EXE","image_path":"C:\\Windows\\System32\\Robocopy.exe","command_line":"robocopy D:\\Finance\\2025Q4 E:\\Archive\\2025Q4 /MIR /R:1 /W:1","parent_name":"cmd.exe","user":"EU\\bob"},"detections":[],"severity_max":"none","detection_count":0,"provenance":{"raw_file":"raw/Windows.Forensics.Prefetch/results.json","raw_row":65,"collection_id":"demo-srv-corp-fs02"},"extra":{"prefetch_file":"ROBOCOPY.EXE-1D9EE182.pf"}},
  {"schema_version":"1.0.0","row_hash":"322c969709885bb0dea5481eb4bb136f7f8f1e9ca2c83fd92341cadd413b2c39","timestamp_utc":"2026-03-12T14:57:55.1410000Z","timestamp_desc":"Modified","timestamp_source_field":"Mtime","source":"filesystem","artifact":"Generic.Collectors.File","collector_kind":"velociraptor","host":"SRV-CORP-FS02","host_id":"4f1c0a9e-0002-4a00-9c31-b0de51000002","user":"EU\\alice","message":"File modified on share: Q1-forecast.xlsx","target":"D:\\Shared\\Templates\\Q1-forecast.xlsx","file":{"path":"D:\\Shared\\Templates\\Q1-forecast.xlsx","name":"Q1-forecast.xlsx","extension":"xlsx","size_bytes":187077,"is_directory":false,"is_allocated":true},"detections":[],"severity_max":"none","detection_count":0,"provenance":{"raw_file":"raw/Generic.Collectors.File/results.json","raw_row":18,"collection_id":"demo-srv-corp-fs02"}},
  {"schema_version":"1.0.0","row_hash":"0d9eb1476a074ae48453e54185af9cbdcfaa3fb53d3e9f7a4036323281776b02","timestamp_utc":"2026-03-12T15:02:28.4920000Z","timestamp_desc":"EventTime","source":"system_info","artifact":"Windows.System.DiskInfo","collector_kind":"velociraptor","host":"SRV-CORP-FS02","host_id":"4f1c0a9e-0002-4a00-9c31-b0de51000002","user":"SYSTEM","message":"Volume D: capacity report: 72% used","target":"D:\\","detections":[],"severity_max":"none","detection_count":0,"provenance":{"raw_file":"raw/Windows.System.DiskInfo/results.json","raw_row":10,"collection_id":"demo-srv-corp-fs02"},"extra":{"file_system":"NTFS","size_bytes":4000787030016,"volume_label":"DATA"}},
  {"schema_version":"1.0.0","row_hash":"ff939852d86e380608e17f5b495f4b9297208953fdb360000c367db834e1aa70","timestamp_utc":"2026-03-12T15:11:27.4850000Z","timestamp_desc":"LastExecuted","source":"execution","artifact":"Windows.Forensics.Prefetch","collector_kind":"velociraptor","host":"SRV-CORP-FS02","host_id":"4f1c0a9e-0002-4a00-9c31-b0de51000002","user":"EU\\bob","message":"ROBOCOPY.EXE executed (share maintenance)","target":"C:\\Windows\\System32\\Robocopy.exe","process":{"name":"ROBOCOPY.EXE","image_path":"C:\\Windows\\System32\\Robocopy.exe","command_line":"robocopy D:\\Finance\\2025Q4 E:\\Archive\\2025Q4 /MIR /R:1 /W:1","parent_name":"cmd.exe","user":"EU\\bob"},"detections":[],"severity_max":"none","detection_count":0,"provenance":{"raw_file":"raw/Windows.Forensics.Prefetch/results.json","raw_row":5,"collection_id":"demo-srv-corp-fs02"},"extra":{"prefetch_file":"ROBOCOPY.EXE-12CBEDCE.pf"}},
  {"schema_version":"1.0.0","row_hash":"af578b99d7b57ec8f91f40153d2deb8b8930b0dc5877a4bc672c15c4d88b843f","timestamp_utc":"2026-03-12T15:15:44.6210000Z","timestamp_desc":"EventTime","source":"network","artifact":"Windows.Network.Netstat","collector_kind":"velociraptor","host":"SRV-CORP-FS02","host_id":"4f1c0a9e-0002-4a00-9c31-b0de51000002","user":"EU\\svc-backup","message":"Backup stream to SRV-CORP-BK01","target":"10.0.10.14:10000","network":{"src_ip":"10.0.5.20","src_port":53057,"dst_ip":"10.0.10.14","dst_port":10000,"protocol":"tcp","direction":"outbound","state":"ESTABLISHED"},"detections":[],"severity_max":"none","detection_count":0,"provenance":{"raw_file":"raw/Windows.Network.Netstat/results.json","raw_row":5,"collection_id":"demo-srv-corp-fs02"}},
  {"schema_version":"1.0.0","row_hash":"0b1e6144bb8c4456c73dbf7a3f4efe56601bee526cc65dd0d551f0f47c6d5255","timestamp_utc":"2026-03-12T15:25:16.2340000Z","timestamp_desc":"EventTime","source":"log","artifact":"Windows.EventLogs.Evtx","collector_kind":"native","host":"SRV-CORP-FS02","host_id":"4f1c0a9e-0002-4a00-9c31-b0de51000002","user":"SYSTEM","message":"Volume shadow copy created for D: (nightly backup, 2 snapshots retained)","target":"D:\\","event":{"channel":"Application","provider":"VSS","event_id":8224,"record_id":458,"level":"Information","computer":"SRV-CORP-FS02.eu.corp.example"},"detections":[],"severity_max":"none","detection_count":0,"provenance":{"raw_file":"raw/Windows.EventLogs.Evtx/results.json","raw_row":30,"collection_id":"demo-srv-corp-fs02"}},
  {"schema_version":"1.0.0","row_hash":"9ca165fface55010b5a97e14554543f925f22935d6f40ac26d4e64d7a8ac757c","timestamp_utc":"2026-03-12T15:30:40.9470000Z","timestamp_desc":"EventTime","source":"log","artifact":"Windows.EventLogs.Evtx","collector_kind":"native","host":"SRV-CORP-FS02","host_id":"4f1c0a9e-0002-4a00-9c31-b0de51000002","user":"SYSTEM","message":"Volume shadow copy created for D: (nightly backup, 6 snapshots retained)","target":"D:\\","event":{"channel":"Application","provider":"VSS","event_id":8224,"record_id":758,"level":"Information","computer":"SRV-CORP-FS02.eu.corp.example"},"detections":[],"severity_max":"none","detection_count":0,"provenance":{"raw_file":"raw/Windows.EventLogs.Evtx/results.json","raw_row":206,"collection_id":"demo-srv-corp-fs02"}},
  {"schema_version":"1.0.0","row_hash":"6f0163cc79f9c3c71e63a0df92d341291c6e3b2b9d3b81121575866d58ad8a67","timestamp_utc":"2026-03-12T15:47:31.3640000Z","timestamp_desc":"LastExecuted","source":"execution","artifact":"Windows.Forensics.Prefetch","collector_kind":"velociraptor","host":"SRV-CORP-FS02","host_id":"4f1c0a9e-0002-4a00-9c31-b0de51000002","user":"EU\\bob","message":"ROBOCOPY.EXE executed (share maintenance)","target":"C:\\Windows\\System32\\Robocopy.exe","process":{"name":"ROBOCOPY.EXE","image_path":"C:\\Windows\\System32\\Robocopy.exe","command_line":"robocopy D:\\Finance\\2025Q4 E:\\Archive\\2025Q4 /MIR /R:1 /W:1","parent_name":"cmd.exe","user":"EU\\bob"},"detections":[],"severity_max":"none","detection_count":0,"provenance":{"raw_file":"raw/Windows.Forensics.Prefetch/results.json","raw_row":17,"collection_id":"demo-srv-corp-fs02"},"extra":{"prefetch_file":"ROBOCOPY.EXE-1A44C45A.pf"}},
  {"schema_version":"1.0.0","row_hash":"3700c4ab3c8cb7c2e5643b5c59380825448206c76e8d0a16a57d3dab18512025","timestamp_utc":"2026-03-12T15:54:49.5160000Z","timestamp_desc":"EventTime","source":"network","artifact":"Windows.Network.Netstat","collector_kind":"velociraptor","host":"SRV-CORP-FS02","host_id":"4f1c0a9e-0002-4a00-9c31-b0de51000002","user":"EU\\svc-backup","message":"Backup stream to SRV-CORP-BK01","target":"10.0.10.14:10000","network":{"src_ip":"10.0.5.20","src_port":53486,"dst_ip":"10.0.10.14","dst_port":10000,"protocol":"tcp","direction":"outbound","state":"ESTABLISHED"},"detections":[],"severity_max":"none","detection_count":0,"provenance":{"raw_file":"raw/Windows.Network.Netstat/results.json","raw_row":29,"collection_id":"demo-srv-corp-fs02"}},
  {"schema_version":"1.0.0","row_hash":"20f016e2defab931a310018dafd097e5d14ae2aa83cd05c54e7263974d9d24cb","timestamp_utc":"2026-03-12T16:08:50.0420000Z","timestamp_desc":"EventTime","source":"log","artifact":"Windows.EventLogs.Evtx","collector_kind":"native","host":"SRV-CORP-FS02","host_id":"4f1c0a9e-0002-4a00-9c31-b0de51000002","user":"SYSTEM","message":"Volume shadow copy created for D: (nightly backup, 2 snapshots retained)","target":"D:\\","event":{"channel":"Application","provider":"VSS","event_id":8224,"record_id":434,"level":"Information","computer":"SRV-CORP-FS02.eu.corp.example"},"detections":[],"severity_max":"none","detection_count":0,"provenance":{"raw_file":"raw/Windows.EventLogs.Evtx/results.json","raw_row":110,"collection_id":"demo-srv-corp-fs02"}},
  {"schema_version":"1.0.0","row_hash":"63b32d9db6a398905bf230d5ff30fc4d489963767594047c12cf95d088961ca2","timestamp_utc":"2026-03-12T16:52:09.0430000Z","timestamp_desc":"EventTime","source":"system_info","artifact":"Windows.System.DiskInfo","collector_kind":"velociraptor","host":"SRV-CORP-FS02","host_id":"4f1c0a9e-0002-4a00-9c31-b0de51000002","user":"SYSTEM","message":"Volume D: capacity report: 84% used","target":"D:\\","detections":[],"severity_max":"none","detection_count":0,"provenance":{"raw_file":"raw/Windows.System.DiskInfo/results.json","raw_row":34,"collection_id":"demo-srv-corp-fs02"},"extra":{"file_system":"NTFS","size_bytes":4000787030016,"volume_label":"DATA"}},
  {"schema_version":"1.0.0","row_hash":"e6cbaf3d2a30e1f4d4bf883440271ffcf13f041e260fcd4f1efdb6af153feea7","timestamp_utc":"2026-03-12T17:07:13.4910000Z","timestamp_desc":"EventTime","source":"log","artifact":"Windows.EventLogs.Evtx","collector_kind":"native","host":"SRV-CORP-FS02","host_id":"4f1c0a9e-0002-4a00-9c31-b0de51000002","user":"SYSTEM","message":"Volume shadow copy created for D: (nightly backup, 5 snapshots retained)","target":"D:\\","event":{"channel":"Application","provider":"VSS","event_id":8224,"record_id":419,"level":"Information","computer":"SRV-CORP-FS02.eu.corp.example"},"detections":[],"severity_max":"none","detection_count":0,"provenance":{"raw_file":"raw/Windows.EventLogs.Evtx/results.json","raw_row":14,"collection_id":"demo-srv-corp-fs02"}},
  {"schema_version":"1.0.0","row_hash":"a55f2ee0a14ef0525c1d19c7f5df1aeef4d69ef2f0dc9cdaba4684c94486d71d","timestamp_utc":"2026-03-12T17:19:43.6110000Z","timestamp_desc":"LastExecuted","source":"execution","artifact":"Windows.Forensics.Prefetch","collector_kind":"velociraptor","host":"SRV-CORP-FS02","host_id":"4f1c0a9e-0002-4a00-9c31-b0de51000002","user":"EU\\bob","message":"ROBOCOPY.EXE executed (share maintenance)","target":"C:\\Windows\\System32\\Robocopy.exe","process":{"name":"ROBOCOPY.EXE","image_path":"C:\\Windows\\System32\\Robocopy.exe","command_line":"robocopy D:\\Finance\\2025Q4 E:\\Archive\\2025Q4 /MIR /R:1 /W:1","parent_name":"cmd.exe","user":"EU\\bob"},"detections":[],"severity_max":"none","detection_count":0,"provenance":{"raw_file":"raw/Windows.Forensics.Prefetch/results.json","raw_row":57,"collection_id":"demo-srv-corp-fs02"},"extra":{"prefetch_file":"ROBOCOPY.EXE-1CC48217.pf"}},
  {"schema_version":"1.0.0","row_hash":"1a8c9575d7b90fd8e32becd694476c601bed6303c46298abdd1de60e99bebdef","timestamp_utc":"2026-03-12T17:24:23.6570000Z","timestamp_desc":"EventTime","source":"system_info","artifact":"Windows.System.DiskInfo","collector_kind":"velociraptor","host":"SRV-CORP-FS02","host_id":"4f1c0a9e-0002-4a00-9c31-b0de51000002","user":"SYSTEM","message":"Volume D: capacity report: 88% used","target":"D:\\","detections":[],"severity_max":"none","detection_count":0,"provenance":{"raw_file":"raw/Windows.System.DiskInfo/results.json","raw_row":2,"collection_id":"demo-srv-corp-fs02"},"extra":{"file_system":"NTFS","size_bytes":4000787030016,"volume_label":"DATA"}},
  {"schema_version":"1.0.0","row_hash":"d5b8102f59f4ee4300e54f90bdd7b7ce4efb1fb3f1a58a9466f393d8cbb1895c","timestamp_utc":"2026-03-12T17:47:08.6300000Z","timestamp_desc":"EventTime","source":"network","artifact":"Windows.Network.Netstat","collector_kind":"velociraptor","host":"SRV-CORP-FS02","host_id":"4f1c0a9e-0002-4a00-9c31-b0de51000002","user":"EU\\svc-backup","message":"Backup stream to SRV-CORP-BK01","target":"10.0.10.14:10000","network":{"src_ip":"10.0.5.20","src_port":52685,"dst_ip":"10.0.10.14","dst_port":10000,"protocol":"tcp","direction":"outbound","state":"ESTABLISHED"},"detections":[],"severity_max":"none","detection_count":0,"provenance":{"raw_file":"raw/Windows.Network.Netstat/results.json","raw_row":69,"collection_id":"demo-srv-corp-fs02"}},
  {"schema_version":"1.0.0","row_hash":"b282b7f44245a0cd01578f5e4bbb4f7d9562601ec2d2ed54719b29564dddaf6e","timestamp_utc":"2026-03-12T17:51:32.0770000Z","timestamp_desc":"EventTime","source":"system_info","artifact":"Windows.System.DiskInfo","collector_kind":"velociraptor","host":"SRV-CORP-FS02","host_id":"4f1c0a9e-0002-4a00-9c31-b0de51000002","user":"SYSTEM","message":"Volume D: capacity report: 66% used","target":"D:\\","detections":[],"severity_max":"none","detection_count":0,"provenance":{"raw_file":"raw/Windows.System.DiskInfo/results.json","raw_row":38,"collection_id":"demo-srv-corp-fs02"},"extra":{"file_system":"NTFS","size_bytes":4000787030016,"volume_label":"DATA"}},
  {"schema_version":"1.0.0","row_hash":"63fa8754fbbf763a227e3735acf97ed381db4b5f4237d31bc9b953f84963a3c6","timestamp_utc":"2026-03-12T19:53:15.0260000Z","timestamp_desc":"EventTime","source":"log","artifact":"Windows.EventLogs.Evtx","collector_kind":"native","host":"SRV-CORP-FS02","host_id":"4f1c0a9e-0002-4a00-9c31-b0de51000002","user":"SYSTEM","message":"Volume shadow copy created for D: (nightly backup, 3 snapshots retained)","target":"D:\\","event":{"channel":"Application","provider":"VSS","event_id":8224,"record_id":4251,"level":"Information","computer":"SRV-CORP-FS02.eu.corp.example"},"detections":[],"severity_max":"none","detection_count":0,"provenance":{"raw_file":"raw/Windows.EventLogs.Evtx/results.json","raw_row":94,"collection_id":"demo-srv-corp-fs02"}},
  {"schema_version":"1.0.0","row_hash":"85ad3229b5d060bfdd67eb308bd80eb6ef569c1d933665e8d15b0e5d1356f28c","timestamp_utc":"2026-03-12T19:54:50.5730000Z","timestamp_desc":"EventTime","source":"system_info","artifact":"Windows.System.DiskInfo","collector_kind":"velociraptor","host":"SRV-CORP-FS02","host_id":"4f1c0a9e-0002-4a00-9c31-b0de51000002","user":"SYSTEM","message":"Volume D: capacity report: 70% used","target":"D:\\","detections":[],"severity_max":"none","detection_count":0,"provenance":{"raw_file":"raw/Windows.System.DiskInfo/results.json","raw_row":26,"collection_id":"demo-srv-corp-fs02"},"extra":{"file_system":"NTFS","size_bytes":4000787030016,"volume_label":"DATA"}},
  {"schema_version":"1.0.0","row_hash":"667d9cd70b7d327ccc0156c7325c9d834bcd7d9fcb151fe08ad699eebc01a87a","timestamp_utc":"2026-03-12T20:48:49.6810000Z","timestamp_desc":"EventTime","source":"log","artifact":"Windows.EventLogs.Evtx","collector_kind":"native","host":"SRV-CORP-FS02","host_id":"4f1c0a9e-0002-4a00-9c31-b0de51000002","user":"SYSTEM","message":"Volume shadow copy created for D: (nightly backup, 5 snapshots retained)","target":"D:\\","event":{"channel":"Application","provider":"VSS","event_id":8224,"record_id":4251,"level":"Information","computer":"SRV-CORP-FS02.eu.corp.example"},"detections":[],"severity_max":"none","detection_count":0,"provenance":{"raw_file":"raw/Windows.EventLogs.Evtx/results.json","raw_row":190,"collection_id":"demo-srv-corp-fs02"}},
  {"schema_version":"1.0.0","row_hash":"331cdf17e16b4104b2209d453fb8ba47b349ed1c0285049e42795c41b3608d37","timestamp_utc":"2026-03-12T21:55:06.5390000Z","timestamp_desc":"LastExecuted","source":"execution","artifact":"Windows.Forensics.Prefetch","collector_kind":"velociraptor","host":"SRV-CORP-FS02","host_id":"4f1c0a9e-0002-4a00-9c31-b0de51000002","user":"EU\\bob","message":"ROBOCOPY.EXE executed (share maintenance)","target":"C:\\Windows\\System32\\Robocopy.exe","process":{"name":"ROBOCOPY.EXE","image_path":"C:\\Windows\\System32\\Robocopy.exe","command_line":"robocopy D:\\Finance\\2025Q4 E:\\Archive\\2025Q4 /MIR /R:1 /W:1","parent_name":"cmd.exe","user":"EU\\bob"},"detections":[],"severity_max":"none","detection_count":0,"provenance":{"raw_file":"raw/Windows.Forensics.Prefetch/results.json","raw_row":21,"collection_id":"demo-srv-corp-fs02"},"extra":{"prefetch_file":"ROBOCOPY.EXE-1B0E8920.pf"}},
  {"schema_version":"1.0.0","row_hash":"6b42eceb636b3597557f4d356031a370289319b56104fab7821690b87e85a653","timestamp_utc":"2026-03-12T23:18:49.9120000Z","timestamp_desc":"EventTime","source":"network","artifact":"Windows.Network.Netstat","collector_kind":"velociraptor","host":"SRV-CORP-FS02","host_id":"4f1c0a9e-0002-4a00-9c31-b0de51000002","user":"EU\\svc-backup","message":"Backup stream to SRV-CORP-BK01","target":"10.0.10.14:10000","network":{"src_ip":"10.0.5.20","src_port":49726,"dst_ip":"10.0.10.14","dst_port":10000,"protocol":"tcp","direction":"outbound","state":"ESTABLISHED"},"detections":[],"severity_max":"none","detection_count":0,"provenance":{"raw_file":"raw/Windows.Network.Netstat/results.json","raw_row":41,"collection_id":"demo-srv-corp-fs02"}},
  {"schema_version":"1.0.0","row_hash":"6b237c98ac215f552a48820059bc276ac85bea285854430ab7953c2039b9182b","timestamp_utc":"2026-03-13T00:48:27.7180000Z","timestamp_desc":"LastWriteTime","source":"registry","artifact":"Windows.Registry.Shares","collector_kind":"velociraptor","host":"SRV-CORP-FS02","host_id":"4f1c0a9e-0002-4a00-9c31-b0de51000002","user":"SYSTEM","message":"Share definition enumerated: Finance","target":"HKLM\\SYSTEM\\CurrentControlSet\\Services\\LanmanServer\\Shares\\Finance","registry":{"key":"HKLM\\SYSTEM\\CurrentControlSet\\Services\\LanmanServer\\Shares\\Finance","value_name":"Finance","value_data":"CSCFlags=0;MaxUses=4294967295;Path=D:\\Finance","value_type":"REG_MULTI_SZ","hive":"SYSTEM"},"detections":[],"severity_max":"none","detection_count":0,"provenance":{"raw_file":"raw/Windows.Registry.Shares/results.json","raw_row":16,"collection_id":"demo-srv-corp-fs02"},"extra":{"max_uses":4294967295,"slot":8}},
  {"schema_version":"1.0.0","row_hash":"d84452e71430e248ee907d7e14bb7a074de61662010b851d378d56d372ccad1f","timestamp_utc":"2026-03-13T01:15:56.0330000Z","timestamp_desc":"EventTime","timestamp_source_field":"System.TimeCreated.SystemTime","source":"eventlog","artifact":"Windows.EventLogs.Evtx","collector_kind":"native","host":"SRV-CORP-FS02","host_id":"4f1c0a9e-0002-4a00-9c31-b0de51000002","user":"EU\\bob","message":"Network share object accessed: \\\\SRV-CORP-FS02\\Finance by EU\\bob","target":"\\\\SRV-CORP-FS02\\Finance","network":{"src_ip":"10.0.5.15","dst_ip":"10.0.5.20","dst_port":445,"protocol":"tcp","direction":"inbound"},"event":{"channel":"Security","provider":"Microsoft-Windows-Security-Auditing","event_id":5140,"record_id":918108,"level":"Information","computer":"SRV-CORP-FS02.eu.corp.example","logon_type":3},"detections":[],"severity_max":"none","detection_count":0,"provenance":{"raw_file":"raw/Windows.EventLogs.Evtx/results.json","raw_row":220,"collection_id":"demo-srv-corp-fs02"}},
  {"schema_version":"1.0.0","row_hash":"22c8b12e0013bf1b28492014861eeb81f1cbdffa2881e31a95bc6eb8d6813be3","timestamp_utc":"2026-03-13T02:09:09.1520000Z","timestamp_desc":"RunTime","source":"scheduled_task","artifact":"Windows.System.TaskScheduler","collector_kind":"velociraptor","host":"SRV-CORP-FS02","host_id":"4f1c0a9e-0002-4a00-9c31-b0de51000002","user":"EU\\svc-backup","message":"Scheduled task ran: \\Corp\\NightlyShareBackup","target":"\\Corp\\NightlyShareBackup","detections":[],"severity_max":"none","detection_count":0,"provenance":{"raw_file":"raw/Windows.System.TaskScheduler/results.json","raw_row":58,"collection_id":"demo-srv-corp-fs02"},"extra":{"result_code":0,"run_duration_seconds":1511,"task_author":"EU\\bob"}},
  {"schema_version":"1.0.0","row_hash":"d7ffdd3e688b8246fec25760f9020a2a5eda7ccbd8439c6dc962f586cd1754d0","timestamp_utc":"2026-03-13T02:19:55.6290000Z","timestamp_desc":"EventTime","source":"account","artifact":"Windows.EventLogs.Evtx","collector_kind":"native","host":"SRV-CORP-FS02","host_id":"4f1c0a9e-0002-4a00-9c31-b0de51000002","user":"EU\\SRV-CORP-FS02$","message":"Computer account password changed (machine account maintenance)","target":"EU\\SRV-CORP-FS02$","event":{"channel":"Security","provider":"Microsoft-Windows-Security-Auditing","event_id":4742,"record_id":646624,"level":"Information","computer":"SRV-CORP-FS02.eu.corp.example"},"detections":[],"severity_max":"none","detection_count":0,"provenance":{"raw_file":"raw/Windows.EventLogs.Evtx/results.json","raw_row":159,"collection_id":"demo-srv-corp-fs02"}},
  {"schema_version":"1.0.0","row_hash":"b321d8a85016207698d5e4d1558e596ca981c964657ae30e12064f3cfae1b553","timestamp_utc":"2026-03-13T02:35:46.3930000Z","timestamp_desc":"EventTime","source":"service","artifact":"Windows.EventLogs.Evtx","collector_kind":"native","host":"SRV-CORP-FS02","host_id":"4f1c0a9e-0002-4a00-9c31-b0de51000002","user":"SYSTEM","message":"Service entered the running state: DFS Replication (DFSR)","target":"DFSR","process":{"name":"dfsrs.exe","image_path":"C:\\Windows\\System32\\DFSRs.exe","parent_name":"services.exe"},"event":{"channel":"System","provider":"Service Control Manager","event_id":7036,"record_id":5166,"level":"Information","computer":"SRV-CORP-FS02.eu.corp.example"},"detections":[],"severity_max":"none","detection_count":0,"provenance":{"raw_file":"raw/Windows.EventLogs.Evtx/results.json","raw_row":277,"collection_id":"demo-srv-corp-fs02"}},
  {"schema_version":"1.0.0","row_hash":"3565f0e00f2d97b3e11b013a60a785ee9fcc84603cdd79b1679cfbc996c5212e","timestamp_utc":"2026-03-13T02:56:59.2620000Z","timestamp_desc":"EventTime","timestamp_source_field":"System.TimeCreated.SystemTime","source":"eventlog","artifact":"Windows.EventLogs.Evtx","collector_kind":"native","host":"SRV-CORP-FS02","host_id":"4f1c0a9e-0002-4a00-9c31-b0de51000002","user":"EU\\alice","message":"Network share object accessed: \\\\SRV-CORP-FS02\\Finance by EU\\alice","target":"\\\\SRV-CORP-FS02\\Finance","network":{"src_ip":"10.0.5.42","dst_ip":"10.0.5.20","dst_port":445,"protocol":"tcp","direction":"inbound"},"event":{"channel":"Security","provider":"Microsoft-Windows-Security-Auditing","event_id":5140,"record_id":677072,"level":"Information","computer":"SRV-CORP-FS02.eu.corp.example","logon_type":3},"detections":[],"severity_max":"none","detection_count":0,"provenance":{"raw_file":"raw/Windows.EventLogs.Evtx/results.json","raw_row":12,"collection_id":"demo-srv-corp-fs02"}},
