  {"schema_version":"1.0.0","row_hash":"c0aaba48aeec6d3b3f3f66aa70b1fab359b541008ae91bae2bfe3caf4ba11702","timestamp_utc":"2026-03-07T10:21:21.9620000Z","timestamp_desc":"LastWriteTime","timestamp_source_field":"LastModified","source":"registry","artifact":"Windows.Registry.AppCompatCache","collector_kind":"velociraptor","host":"WKS-CORP-01","host_id":"4f1c0a9e-0001-4a00-9c31-b0de51000001","user":"SYSTEM","message":"AppCompatCache entry: TEAMS.EXE","target":"C:\\Program Files\\WindowsApps\\MSTeams_24245\\ms-teams.exe","registry":{"key":"HKLM\\SYSTEM\\CurrentControlSet\\Control\\Session Manager\\AppCompatCache","value_name":"AppCompatCache","value_data":"C:\\Program Files\\WindowsApps\\MSTeams_24245\\ms-teams.exe","value_type":"REG_BINARY","hive":"SYSTEM"},"detections":[],"severity_max":"none","detection_count":0,"provenance":{"raw_file":"raw/Windows.Registry.AppCompatCache/results.json","raw_row":82,"collection_id":"demo-wks-corp-01"},"extra":{"cache_slot":545}},
  {"schema_version":"1.0.0","row_hash":"5ba7c7b09b32da73dea427932cd164ab2a409fcf2f682aeeebebdf869de2a97b","timestamp_utc":"2026-03-07T10:28:39.9360000Z","timestamp_desc":"LastWriteTime","timestamp_source_field":"LastModified","source":"registry","artifact":"Windows.Registry.AppCompatCache","collector_kind":"velociraptor","host":"WKS-CORP-01","host_id":"4f1c0a9e-0001-4a00-9c31-b0de51000001","user":"SYSTEM","message":"AppCompatCache entry: EXCEL.EXE","target":"C:\\Program Files\\Microsoft Office\\root\\Office16\\EXCEL.EXE","registry":{"key":"HKLM\\SYSTEM\\CurrentControlSet\\Control\\Session Manager\\AppCompatCache","value_name":"AppCompatCache","value_data":"C:\\Program Files\\Microsoft Office\\root\\Office16\\EXCEL.EXE","value_type":"REG_BINARY","hive":"SYSTEM"},"detections":[],"severity_max":"none","detection_count":0,"provenance":{"raw_file":"raw/Windows.Registry.AppCompatCache/results.json","raw_row":66,"collection_id":"demo-wks-corp-01"},"extra":{"cache_slot":770}},
  {"schema_version":"1.0.0","row_hash":"8fb6fe23575e227582558085ff063a00080615d84e8bfb3e847487825ed65186","timestamp_utc":"2026-03-07T10:31:04.0010000Z","timestamp_desc":"LastWriteTime","source":"system_info","artifact":"Windows.Sysinternals.Autoruns","collector_kind":"velociraptor","host":"WKS-CORP-01","host_id":"4f1c0a9e-0001-4a00-9c31-b0de51000001","user":"SYSTEM","message":"Autorun entry enumerated: OneDrive (signed, Microsoft Corporation)","target":"C:\\Program Files\\Microsoft OneDrive\\OneDrive.exe","file":{"path":"C:\\Program Files\\Microsoft OneDrive\\OneDrive.exe","name":"OneDrive.exe","extension":"exe","size_bytes":2857264,"signature_status":"signed_valid","signer":"Microsoft Corporation"},"detections":[],"severity_max":"none","detection_count":0,"provenance":{"raw_file":"raw/Windows.Sysinternals.Autoruns/results.json","raw_row":18,"collection_id":"demo-wks-corp-01"}},
  {"schema_version":"1.0.0","row_hash":"862909f8744e41402d524a34f5d9e6c7a56bbea12ad50034fdf068f44c34eb78","timestamp_utc":"2026-03-07T10:33:21.9990000Z","timestamp_desc":"Modified","timestamp_source_field":"Mtime","source":"filesystem","artifact":"Windows.NTFS.MFT","collector_kind":"velociraptor","host":"WKS-CORP-01","host_id":"4f1c0a9e-0001-4a00-9c31-b0de51000001","user":"EU\\alice","message":"File modified: vat-return-2026.xlsx","target":"C:\\Users\\alice\\Documents\\vat-return-2026.xlsx","file":{"path":"C:\\Users\\alice\\Documents\\vat-return-2026.xlsx","name":"vat-return-2026.xlsx","extension":"xlsx","size_bytes":154700,"mft_entry":113693,"is_directory":false,"is_allocated":true},"detections":[],"severity_max":"none","detection_count":0,"provenance":{"raw_file":"raw/Windows.NTFS.MFT/results.json","raw_row":14,"collection_id":"demo-wks-corp-01"}},
  {"schema_version":"1.0.0","row_hash":"ac0940b8ba09482cd3997132231340b85f26514bfe5a2da493b94083dd2419ad","timestamp_utc":"2026-03-07T10:34:09.2920000Z","timestamp_desc":"EventTime","timestamp_source_field":"System.TimeCreated.SystemTime","source":"eventlog","artifact":"Windows.EventLogs.Evtx","collector_kind":"native","host":"WKS-CORP-01","host_id":"4f1c0a9e-0001-4a00-9c31-b0de51000001","user":"EU\\alice","message":"An account was successfully logged on (interactive): EU\\alice","target":"EU\\alice","event":{"channel":"Security","provider":"Microsoft-Windows-Security-Auditing","event_id":4624,"record_id":393293,"level":"Information","computer":"WKS-CORP-01.eu.corp.example","logon_type":2,"logon_id":"0x39094"},"detections":[],"severity_max":"none","detection_count":0,"provenance":{"raw_file":"raw/Windows.EventLogs.Evtx/results.json","raw_row":48,"collection_id":"demo-wks-corp-01"}},
  {"schema_version":"1.0.0","row_hash":"fa780b4f42eea5e5ead146718cbf0e1af8b71a2c58dd1aa0da2b23b187797291","timestamp_utc":"2026-03-07T10:34:37.1650000Z","timestamp_desc":"Modified","timestamp_source_field":"Mtime","source":"filesystem","artifact":"Windows.NTFS.MFT","collector_kind":"velociraptor","host":"WKS-CORP-01","host_id":"4f1c0a9e-0001-4a00-9c31-b0de51000001","user":"EU\\alice","message":"File modified: payroll-summary.xlsx","target":"C:\\Users\\alice\\Documents\\payroll-summary.xlsx","file":{"path":"C:\\Users\\alice\\Documents\\payroll-summary.xlsx","name":"payroll-summary.xlsx","extension":"xlsx","size_bytes":139435,"mft_entry":104562,"is_directory":false,"is_allocated":true},"detections":[],"severity_max":"none","detection_count":0,"provenance":{"raw_file":"raw/Windows.NTFS.MFT/results.json","raw_row":70,"collection_id":"demo-wks-corp-01"}},
  {"schema_version":"1.0.0","row_hash":"98ce68266097f2ba946c025d18969c8c8835e65ed2f86e9adf93b259a6501a7e","timestamp_utc":"2026-03-07T10:46:26.3080000Z","timestamp_desc":"LastWriteTime","source":"system_info","artifact":"Windows.Sysinternals.Autoruns","collector_kind":"velociraptor","host":"WKS-CORP-01","host_id":"4f1c0a9e-0001-4a00-9c31-b0de51000001","user":"SYSTEM","message":"Autorun entry enumerated: OneDrive (signed, Microsoft Corporation)","target":"C:\\Program Files\\Microsoft OneDrive\\OneDrive.exe","file":{"path":"C:\\Program Files\\Microsoft OneDrive\\OneDrive.exe","name":"OneDrive.exe","extension":"exe","size_bytes":2878523,"signature_status":"signed_valid","signer":"Microsoft Corporation"},"detections":[],"severity_max":"none","detection_count":0,"provenance":{"raw_file":"raw/Windows.Sysinternals.Autoruns/results.json","raw_row":42,"collection_id":"demo-wks-corp-01"}},
  {"schema_version":"1.0.0","row_hash":"ff62e109ea9ce6f7297503a023266237a41c6e26cf6f2ce781604e1c7b7ee7cd","timestamp_utc":"2026-03-07T10:51:54.8440000Z","timestamp_desc":"InstallDate","source":"usb_device","artifact":"Windows.Registry.USBSTOR","collector_kind":"velociraptor","host":"WKS-CORP-01","host_id":"4f1c0a9e-0001-4a00-9c31-b0de51000001","user":"EU\\alice","message":"Sanctioned encrypted USB volume connected (asset FIN-USB-04)","target":"USBSTOR\\Disk&Ven_Corp&Prod_SecureKey&Rev_1.0","registry":{"key":"HKLM\\SYSTEM\\CurrentControlSet\\Enum\\USBSTOR\\Disk&Ven_Corp&Prod_SecureKey&Rev_1.0","value_name":"FriendlyName","value_data":"Corp SecureKey USB Device","value_type":"REG_SZ","hive":"SYSTEM"},"detections":[],"severity_max":"none","detection_count":0,"provenance":{"raw_file":"raw/Windows.Registry.USBSTOR/results.json","raw_row":29,"collection_id":"demo-wks-corp-01"},"extra":{"serial_number":"FINUSB041660","volume_label":"FIN-USB-04"}},
  {"schema_version":"1.0.0","row_hash":"5130ae60c6339f507c3a46b1b61652bf2dc906f1e869cbc991019f94434cddff","timestamp_utc":"2026-03-07T10:54:23.7460000Z","timestamp_desc":"EventTime","timestamp_source_field":"System.TimeCreated.SystemTime","source":"eventlog","artifact":"Windows.EventLogs.Evtx","collector_kind":"native","host":"WKS-CORP-01","host_id":"4f1c0a9e-0001-4a00-9c31-b0de51000001","user":"EU\\alice","message":"An account was successfully logged on (interactive): EU\\alice","target":"EU\\alice","event":{"channel":"Security","provider":"Microsoft-Windows-Security-Auditing","event_id":4624,"record_id":592916,"level":"Information","computer":"WKS-CORP-01.eu.corp.example","logon_type":2,"logon_id":"0x3f497"},"detections":[],"severity_max":"none","detection_count":0,"provenance":{"raw_file":"raw/Windows.EventLogs.Evtx/results.json","raw_row":96,"collection_id":"demo-wks-corp-01"}},
  {"schema_version":"1.0.0","row_hash":"e8f488923b0344030b487ad55ee9312f0b32d18d8f4fae3d40e8f939f47de355","timestamp_utc":"2026-03-07T10:56:47.6760000Z","timestamp_desc":"LastWriteTime","timestamp_source_field":"LastModified","source":"registry","artifact":"Windows.Registry.AppCompatCache","collector_kind":"velociraptor","host":"WKS-CORP-01","host_id":"4f1c0a9e-0001-4a00-9c31-b0de51000001","user":"SYSTEM","message":"AppCompatCache entry: MSEDGE.EXE","target":"C:\\Program Files (x86)\\Microsoft\\Edge\\Application\\msedge.exe","registry":{"key":"HKLM\\SYSTEM\\CurrentControlSet\\Control\\Session Manager\\AppCompatCache","value_name":"AppCompatCache","value_data":"C:\\Program Files (x86)\\Microsoft\\Edge\\Application\\msedge.exe","value_type":"REG_BINARY","hive":"SYSTEM"},"detections":[],"severity_max":"none","detection_count":0,"provenance":{"raw_file":"raw/Windows.Registry.AppCompatCache/results.json","raw_row":34,"collection_id":"demo-wks-corp-01"},"extra":{"cache_slot":905}},
  {"schema_version":"1.0.0","row_hash":"2d10507dbea983d789cfb8b5b800b4944c66c7b7fabfdecb438c560ea0c2cbcc","timestamp_utc":"2026-03-07T11:00:08.0470000Z","timestamp_desc":"EventTime","source":"log","artifact":"Windows.EventLogs.Evtx","collector_kind":"native","host":"WKS-CORP-01","host_id":"4f1c0a9e-0001-4a00-9c31-b0de51000001","user":"SYSTEM","message":"Antimalware definitions updated to 1.421.332.0","target":"Microsoft-Windows-Windows Defender/Operational","process":{"name":"MsMpEng.exe","parent_name":"services.exe"},"event":{"channel":"Microsoft-Windows-Windows Defender/Operational","provider":"Microsoft-Windows-Windows-Defender","event_id":2000,"record_id":5863,"level":"Information","computer":"WKS-CORP-01.eu.corp.example"},"detections":[],"severity_max":"none","detection_count":0,"provenance":{"raw_file":"raw/Windows.EventLogs.Evtx/results.json","raw_row":235,"collection_id":"demo-wks-corp-01"}},
  {"schema_version":"1.0.0","row_hash":"a591409e0113cae4ca543aa96b20c41878f705a048628ce27846599d95280b92","timestamp_utc":"2026-03-07T11:06:18.3510000Z","timestamp_desc":"VisitTime","timestamp_source_field":"last_visit_time","source":"browser","artifact":"Windows.Applications.Edge.History","collector_kind":"velociraptor","host":"WKS-CORP-01","host_id":"4f1c0a9e-0001-4a00-9c31-b0de51000001","user":"EU\\alice","message":"Edge visit: Company news","target":"https://intranet.corp.example/news","network":{"domain":"intranet.corp.example","url":"https://intranet.corp.example/news","direction":"outbound"},"detections":[],"severity_max":"none","detection_count":0,"provenance":{"raw_file":"raw/Windows.Applications.Edge.History/results.json","raw_row":15,"collection_id":"demo-wks-corp-01"}},
  {"schema_version":"1.0.0","row_hash":"3c3670358b29bdbbc49198f8b20d1656d3dbbac66520f193717c57133b2d0aad","timestamp_utc":"2026-03-07T11:06:41.9760000Z","timestamp_desc":"EventTime","source":"log","artifact":"Windows.EventLogs.Evtx","collector_kind":"native","host":"WKS-CORP-01","host_id":"4f1c0a9e-0001-4a00-9c31-b0de51000001","user":"SYSTEM","message":"Antimalware definitions updated to 1.421.369.0","target":"Microsoft-Windows-Windows Defender/Operational","process":{"name":"MsMpEng.exe","parent_name":"services.exe"},"event":{"channel":"Microsoft-Windows-Windows Defender/Operational","provider":"Microsoft-Windows-Windows-Defender","event_id":2000,"record_id":5691,"level":"Information","computer":"WKS-CORP-01.eu.corp.example"},"detections":[],"severity_max":"none","detection_count":0,"provenance":{"raw_file":"raw/Windows.EventLogs.Evtx/results.json","raw_row":115,"collection_id":"demo-wks-corp-01"}},
  {"schema_version":"1.0.0","row_hash":"541830488a018169e2824025b5951cdc56285224ee22ada185b3d40c20860100","timestamp_utc":"2026-03-07T11:09:27.8630000Z","timestamp_desc":"LastWriteTime","source":"system_info","artifact":"Windows.Sysinternals.Autoruns","collector_kind":"velociraptor","host":"WKS-CORP-01","host_id":"4f1c0a9e-0001-4a00-9c31-b0de51000001","user":"SYSTEM","message":"Autorun entry enumerated: OneDrive (signed, Microsoft Corporation)","target":"C:\\Program Files\\Microsoft OneDrive\\OneDrive.exe","file":{"path":"C:\\Program Files\\Microsoft OneDrive\\OneDrive.exe","name":"OneDrive.exe","extension":"exe","size_bytes":2880193,"signature_status":"signed_valid","signer":"Microsoft Corporation"},"detections":[],"severity_max":"none","detection_count":0,"provenance":{"raw_file":"raw/Windows.Sysinternals.Autoruns/results.json","raw_row":58,"collection_id":"demo-wks-corp-01"}},
  {"schema_version":"1.0.0","row_hash":"4fc7d20d713612888ca3d2488c5a6e74b19ef3092f7c672667ce854ecd234d9b","timestamp_utc":"2026-03-07T11:17:26.9050000Z","timestamp_desc":"EventTime","source":"network","artifact":"Windows.Network.Netstat","collector_kind":"velociraptor","host":"WKS-CORP-01","host_id":"4f1c0a9e-0001-4a00-9c31-b0de51000001","user":"EU\\alice","message":"Outbound HTTPS session via corporate proxy","target":"10.0.5.9:8080","process":{"name":"MSEDGE.EXE","image_path":"C:\\Program Files (x86)\\Microsoft\\Edge\\Application\\msedge.exe","parent_name":"explorer.exe"},"network":{"src_ip":"10.0.5.41","src_port":64619,"dst_ip":"10.0.5.9","dst_port":8080,"protocol":"tcp","domain":"sharepoint.corp.example","direction":"outbound","state":"ESTABLISHED"},"detections":[],"severity_max":"none","detection_count":0,"provenance":{"raw_file":"raw/Windows.Network.Netstat/results.json","raw_row":52,"collection_id":"demo-wks-corp-01"}},
  {"schema_version":"1.0.0","row_hash":"4e8e3fd5b70b3ff4bda71fc8fb923dfd4c62c9869270268851caf5c81c72538e","timestamp_utc":"2026-03-07T11:19:55.5720000Z","timestamp_desc":"EventTime","source":"network","artifact":"Windows.Network.Netstat","collector_kind":"velociraptor","host":"WKS-CORP-01","host_id":"4f1c0a9e-0001-4a00-9c31-b0de51000001","user":"EU\\alice","message":"Outbound HTTPS session via corporate proxy","target":"10.0.5.9:8080","process":{"name":"MSEDGE.EXE","image_path":"C:\\Program Files (x86)\\Microsoft\\Edge\\Application\\msedge.exe","parent_name":"explorer.exe"},"network":{"src_ip":"10.0.5.41","src_port":61129,"dst_ip":"10.0.5.9","dst_port":8080,"protocol":"tcp","domain":"srv-corp-fs02.eu.corp.example","direction":"outbound","state":"ESTABLISHED"},"detections":[],"severity_max":"none","detection_count":0,"provenance":{"raw_file":"raw/Windows.Network.Netstat/results.json","raw_row":20,"collection_id":"demo-wks-corp-01"}},
  {"schema_version":"1.0.0","row_hash":"d65b93f5e7935e459a7e28d33c1604ba0db2d080fdfa831ae93683ab5b2884a5","timestamp_utc":"2026-03-07T11:21:24.8570000Z","timestamp_desc":"EventTime","source":"service","artifact":"Windows.EventLogs.Evtx","collector_kind":"native","host":"WKS-CORP-01","host_id":"4f1c0a9e-0001-4a00-9c31-b0de51000001","user":"SYSTEM","message":"Service entered the running state: Windows Update (wuauserv)","target":"wuauserv","process":{"name":"services.exe","image_path":"C:\\Windows\\System32\\services.exe"},"event":{"channel":"System","provider":"Service Control Manager","event_id":7036,"record_id":8407,"level":"Information","computer":"WKS-CORP-01.eu.corp.example"},"detections":[],"severity_max":"none","detection_count":0,"provenance":{"raw_file":"raw/Windows.EventLogs.Evtx/results.json","raw_row":194,"collection_id":"demo-wks-corp-01"}},
  {"schema_version":"1.0.0","row_hash":"edbf620f3faf3ec8bf59bbc98bea8f39d17322d7e045c6c4552f9a00514f5efb","timestamp_utc":"2026-03-07T11:26:38.0380000Z","timestamp_desc":"Modified","timestamp_source_field":"Mtime","source":"filesystem","artifact":"Windows.NTFS.MFT","collector_kind":"velociraptor","host":"WKS-CORP-01","host_id":"4f1c0a9e-0001-4a00-9c31-b0de51000001","user":"EU\\alice","message":"File modified: Q1-forecast.xlsx","target":"C:\\Users\\alice\\Documents\\Q1-forecast.xlsx","file":{"path":"C:\\Users\\alice\\Documents\\Q1-forecast.xlsx","name":"Q1-forecast.xlsx","extension":"xlsx","size_bytes":72891,"mft_entry":111548,"is_directory":false,"is_allocated":true},"detections":[],"severity_max":"none","detection_count":0,"provenance":{"raw_file":"raw/Windows.NTFS.MFT/results.json","raw_row":30,"collection_id":"demo-wks-corp-01"}},
  {"schema_version":"1.0.0","row_hash":"37512a3c58ffc1c330b55d85a12fd85decb51676093524be4499bdba015225d2","timestamp_utc":"2026-03-07T11:32:53.4900000Z","timestamp_desc":"LastWriteTime","timestamp_source_field":"LastModified","source":"registry","artifact":"Windows.Registry.AppCompatCache","collector_kind":"velociraptor","host":"WKS-CORP-01","host_id":"4f1c0a9e-0001-4a00-9c31-b0de51000001","user":"SYSTEM","message":"AppCompatCache entry: TEAMS.EXE","target":"C:\\Program Files\\WindowsApps\\MSTeams_24245\\ms-teams.exe","registry":{"key":"HKLM\\SYSTEM\\CurrentControlSet\\Control\\Session Manager\\AppCompatCache","value_name":"AppCompatCache","value_data":"C:\\Program Files\\WindowsApps\\MSTeams_24245\\ms-teams.exe","value_type":"REG_BINARY","hive":"SYSTEM"},"detections":[],"severity_max":"none","detection_count":0,"provenance":{"raw_file":"raw/Windows.Registry.AppCompatCache/results.json","raw_row":42,"collection_id":"demo-wks-corp-01"},"extra":{"cache_slot":9}},
  {"schema_version":"1.0.0","row_hash":"9427d0da9ca2436068e5dfc376fad51b364d7a3c88345444a7279a27d89b718c","timestamp_utc":"2026-03-07T11:40:06.1130000Z","timestamp_desc":"EventTime","source":"service","artifact":"Windows.EventLogs.Evtx","collector_kind":"native","host":"WKS-CORP-01","host_id":"4f1c0a9e-0001-4a00-9c31-b0de51000001","user":"SYSTEM","message":"Service entered the running state: Windows Update (wuauserv)","target":"wuauserv","process":{"name":"services.exe","image_path":"C:\\Windows\\System32\\services.exe"},"event":{"channel":"System","provider":"Service Control Manager","event_id":7036,"record_id":5817,"level":"Information","computer":"WKS-CORP-01.eu.corp.example"},"detections":[],"severity_max":"none","detection_count":0,"provenance":{"raw_file":"raw/Windows.EventLogs.Evtx/results.json","raw_row":242,"collection_id":"demo-wks-corp-01"}},
  {"schema_version":"1.0.0","row_hash":"9f44f6aca0b65957438b8e07c9b2840d1f5e43e0c114a5d062149fc8d3df9396","timestamp_utc":"2026-03-07T11:42:47.5610000Z","timestamp_desc":"InstallDate","source":"usb_device","artifact":"Windows.Registry.USBSTOR","collector_kind":"velociraptor","host":"WKS-CORP-01","host_id":"4f1c0a9e-0001-4a00-9c31-b0de51000001","user":"EU\\alice","message":"Sanctioned encrypted USB volume connected (asset FIN-USB-04)","target":"USBSTOR\\Disk&Ven_Corp&Prod_SecureKey&Rev_1.0","registry":{"key":"HKLM\\SYSTEM\\CurrentControlSet\\Enum\\USBSTOR\\Disk&Ven_Corp&Prod_SecureKey&Rev_1.0","value_name":"FriendlyName","value_data":"Corp SecureKey USB Device","value_type":"REG_SZ","hive":"SYSTEM"},"detections":[],"severity_max":"none","detection_count":0,"provenance":{"raw_file":"raw/Windows.Registry.USBSTOR/results.json","raw_row":45,"collection_id":"demo-wks-corp-01"},"extra":{"serial_number":"FINUSB048276","volume_label":"FIN-USB-04"}},
  {"schema_version":"1.0.0","row_hash":"110adc4f5413e62f53f1e39ce89c436620b5ab916d5aef46f8d0b146ac0e49a0","timestamp_utc":"2026-03-07T11:46:40.8010000Z","timestamp_desc":"Modified","timestamp_source_field":"Mtime","source":"filesystem","artifact":"Windows.NTFS.MFT","collector_kind":"velociraptor","host":"WKS-CORP-01","host_id":"4f1c0a9e-0001-4a00-9c31-b0de51000001","user":"EU\\alice","message":"File modified: contract-renewal.docx","target":"C:\\Users\\alice\\Documents\\contract-renewal.docx","file":{"path":"C:\\Users\\alice\\Documents\\contract-renewal.docx","name":"contract-renewal.docx","extension":"docx","size_bytes":366923,"mft_entry":106490,"is_directory":false,"is_allocated":true},"detections":[],"severity_max":"none","detection_count":0,"provenance":{"raw_file":"raw/Windows.NTFS.MFT/results.json","raw_row":22,"collection_id":"demo-wks-corp-01"}},
  {"schema_version":"1.0.0","row_hash":"ff721ad2dab57fe30575b038628f4a7b6b911f744e40e9b7d3d2d96acc3d2056","timestamp_utc":"2026-03-07T11:53:29.8510000Z","timestamp_desc":"VisitTime","timestamp_source_field":"last_visit_time","source":"browser","artifact":"Windows.Applications.Edge.History","collector_kind":"velociraptor","host":"WKS-CORP-01","host_id":"4f1c0a9e-0001-4a00-9c31-b0de51000001","user":"EU\\alice","message":"Edge visit: HR - leave balance","target":"https://intranet.corp.example/hr/leave","network":{"domain":"intranet.corp.example","url":"https://intranet.corp.example/hr/leave","direction":"outbound"},"detections":[],"severity_max":"none","detection_count":0,"provenance":{"raw_file":"raw/Windows.Applications.Edge.History/results.json","raw_row":55,"collection_id":"demo-wks-corp-01"}},
  {"schema_version":"1.0.0","row_hash":"bb38ef3cb9596177415d985a687a0d72445575d56ddb5df8fc6df33b6b02daa4","timestamp_utc":"2026-03-07T11:55:39.2850000Z","timestamp_desc":"EventTime","source":"service","artifact":"Windows.EventLogs.Evtx","collector_kind":"native","host":"WKS-CORP-01","host_id":"4f1c0a9e-0001-4a00-9c31-b0de51000001","user":"SYSTEM","message":"Service entered the running state: Windows Update (wuauserv)","target":"wuauserv","process":{"name":"services.exe","image_path":"C:\\Windows\\System32\\services.exe"},"event":{"channel":"System","provider":"Service Control Manager","event_id":7036,"record_id":8638,"level":"Information","computer":"WKS-CORP-01.eu.corp.example"},"detections":[],"severity_max":"none","detection_count":0,"provenance":{"raw_file":"raw/Windows.EventLogs.Evtx/results.json","raw_row":218,"collection_id":"demo-wks-corp-01"}},
  {"schema_version":"1.0.0","row_hash":"e9a3e9a36f930eae95966ce789ce18c85133d7113b864d843e0024dbe37c2642","timestamp_utc":"2026-03-07T11:58:33.7190000Z","timestamp_desc":"VisitTime","timestamp_source_field":"last_visit_time","source":"browser","artifact":"Windows.Applications.Edge.History","collector_kind":"velociraptor","host":"WKS-CORP-01","host_id":"4f1c0a9e-0001-4a00-9c31-b0de51000001","user":"EU\\alice","message":"Edge visit: HR - leave balance","target":"https://intranet.corp.example/hr/leave","network":{"domain":"intranet.corp.example","url":"https://intranet.corp.example/hr/leave","direction":"outbound"},"detections":[],"severity_max":"none","detection_count":0,"provenance":{"raw_file":"raw/Windows.Applications.Edge.History/results.json","raw_row":31,"collection_id":"demo-wks-corp-01"}},
  {"schema_version":"1.0.0","row_hash":"68b0ef4b328a98b72e837033efde871d8d60b9f04ade0066a6ba734d71264012","timestamp_utc":"2026-03-07T12:00:41.8480000Z","timestamp_desc":"InstallDate","source":"usb_device","artifact":"Windows.Registry.USBSTOR","collector_kind":"velociraptor","host":"WKS-CORP-01","host_id":"4f1c0a9e-0001-4a00-9c31-b0de51000001","user":"EU\\alice","message":"Sanctioned encrypted USB volume connected (asset FIN-USB-04)","target":"USBSTOR\\Disk&Ven_Corp&Prod_SecureKey&Rev_1.0","registry":{"key":"HKLM\\SYSTEM\\CurrentControlSet\\Enum\\USBSTOR\\Disk&Ven_Corp&Prod_SecureKey&Rev_1.0","value_name":"FriendlyName","value_data":"Corp SecureKey USB Device","value_type":"REG_SZ","hive":"SYSTEM"},"detections":[],"severity_max":"none","detection_count":0,"provenance":{"raw_file":"raw/Windows.Registry.USBSTOR/results.json","raw_row":61,"collection_id":"demo-wks-corp-01"},"extra":{"serial_number":"FINUSB041246","volume_label":"FIN-USB-04"}},
  {"schema_version":"1.0.0","row_hash":"1b2555dd7c0d38c5b55dfd685c66c86d49372327e09f74ed346b5fee0da257df","timestamp_utc":"2026-03-07T12:27:12.4070000Z","timestamp_desc":"LastWriteTime","timestamp_source_field":"LastModified","source":"registry","artifact":"Windows.Registry.AppCompatCache","collector_kind":"velociraptor","host":"WKS-CORP-01","host_id":"4f1c0a9e-0001-4a00-9c31-b0de51000001","user":"SYSTEM","message":"AppCompatCache entry: TEAMS.EXE","target":"C:\\Program Files\\WindowsApps\\MSTeams_24245\\ms-teams.exe","registry":{"key":"HKLM\\SYSTEM\\CurrentControlSet\\Control\\Session Manager\\AppCompatCache","value_name":"AppCompatCache","value_data":"C:\\Program Files\\WindowsApps\\MSTeams_24245\\ms-teams.exe","value_type":"REG_BINARY","hive":"SYSTEM"},"detections":[],"severity_max":"none","detection_count":0,"provenance":{"raw_file":"raw/Windows.Registry.AppCompatCache/results.json","raw_row":74,"collection_id":"demo-wks-corp-01"},"extra":{"cache_slot":413}},
  {"schema_version":"1.0.0","row_hash":"28a0359a75df42799f7aaa3a565d16232e9bebac5f69f06c25e92d916f924c3e","timestamp_utc":"2026-03-07T12:55:46.4930000Z","timestamp_desc":"LastWriteTime","timestamp_source_field":"LastModified","source":"registry","artifact":"Windows.Registry.AppCompatCache","collector_kind":"velociraptor","host":"WKS-CORP-01","host_id":"4f1c0a9e-0001-4a00-9c31-b0de51000001","user":"SYSTEM","message":"AppCompatCache entry: NOTEPAD.EXE","target":"C:\\Windows\\System32\\notepad.exe","registry":{"key":"HKLM\\SYSTEM\\CurrentControlSet\\Control\\Session Manager\\AppCompatCache","value_name":"AppCompatCache","value_data":"C:\\Windows\\System32\\notepad.exe","value_type":"REG_BINARY","hive":"SYSTEM"},"detections":[],"severity_max":"none","detection_count":0,"provenance":{"raw_file":"raw/Windows.Registry.AppCompatCache/results.json","raw_row":58,"collection_id":"demo-wks-corp-01"},"extra":{"cache_slot":92}},
  {"schema_version":"1.0.0","row_hash":"aa26d7f07ad4c1c03f063ce177c9c7f076bb1bb07094fa8ed91c193f763226f9","timestamp_utc":"2026-03-07T13:03:51.5650000Z","timestamp_desc":"LastWriteTime","timestamp_source_field":"LastModified","source":"registry","artifact":"Windows.Registry.AppCompatCache","collector_kind":"velociraptor","host":"WKS-CORP-01","host_id":"4f1c0a9e-0001-4a00-9c31-b0de51000001","user":"SYSTEM","message":"AppCompatCache entry: MSEDGE.EXE","target":"C:\\Program Files (x86)\\Microsoft\\Edge\\Application\\msedge.exe","registry":{"key":"HKLM\\SYSTEM\\CurrentControlSet\\Control\\Session Manager\\AppCompatCache","value_name":"AppCompatCache","value_data":"C:\\Program Files (x86)\\Microsoft\\Edge\\Application\\msedge.exe","value_type":"REG_BINARY","hive":"SYSTEM"},"detections":[],"severity_max":"none","detection_count":0,"provenance":{"raw_file":"raw/Windows.Registry.AppCompatCache/results.json","raw_row":18,"collection_id":"demo-wks-corp-01"},"extra":{"cache_slot":492}},
  {"schema_version":"1.0.0","row_hash":"3fc879ec3f9ef63c0a5faad1fd10e1c5686b04db6295975a0e2a431dcaaf7ad1","timestamp_utc":"2026-03-07T13:03:53.6880000Z","timestamp_desc":"LastExecuted","timestamp_source_field":"LastRunTimes","source":"execution","artifact":"Windows.Forensics.Prefetch","collector_kind":"velociraptor","host":"WKS-CORP-01","host_id":"4f1c0a9e-0001-4a00-9c31-b0de51000001","user":"EU\\alice","message":"EXCEL.EXE executed (prefetch run count 23)","target":"C:\\Program Files\\Microsoft Office\\root\\Office16\\EXCEL.EXE","process":{"name":"EXCEL.EXE","image_path":"C:\\Program Files\\Microsoft Office\\root\\Office16\\EXCEL.EXE","parent_name":"explorer.exe"},"detections":[],"severity_max":"none","detection_count":0,"provenance":{"raw_file":"raw/Windows.Forensics.Prefetch/results.json","raw_row":43,"collection_id":"demo-wks-corp-01"},"extra":{"prefetch_file":"EXCEL.EXE-1222033A.pf"}},
  {"schema_version":"1.0.0","row_hash":"57e0d821357c8219ce289b20a05f6ba68ee9b01d242731befd9f9eb684fe2de8","timestamp_utc":"2026-03-07T13:05:04.7220000Z","timestamp_desc":"EventTime","timestamp_source_field":"System.TimeCreated.SystemTime","source":"eventlog","artifact":"Windows.EventLogs.Evtx","collector_kind":"native","host":"WKS-CORP-01","host_id":"4f1c0a9e-0001-4a00-9c31-b0de51000001","user":"EU\\alice","message":"An account was successfully logged on (interactive): EU\\alice","target":"EU\\alice","event":{"channel":"Security","provider":"Microsoft-Windows-Security-Auditing","event_id":4624,"record_id":752530,"level":"Information","computer":"WKS-CORP-01.eu.corp.example","logon_type":2,"logon_id":"0x37947"},"detections":[],"severity_max":"none","detection_count":0,"provenance":{"raw_file":"raw/Windows.EventLogs.Evtx/results.json","raw_row":0,"collection_id":"demo-wks-corp-01"}},
  {"schema_version":"1.0.0","row_hash":"c1fe0649a3c4ef2762c7c34d197357da5b7871edd26eaca6a696cf4dc429b645","timestamp_utc":"2026-03-07T13:10:42.7970000Z","timestamp_desc":"LastWriteTime","timestamp_source_field":"LastModified","source":"registry","artifact":"Windows.Registry.AppCompatCache","collector_kind":"velociraptor","host":"WKS-CORP-01","host_id":"4f1c0a9e-0001-4a00-9c31-b0de51000001","user":"SYSTEM","message":"AppCompatCache entry: SNIPPINGTOOL.EXE","target":"C:\\Windows\\System32\\SnippingTool.exe","registry":{"key":"HKLM\\SYSTEM\\CurrentControlSet\\Control\\Session Manager\\AppCompatCache","value_name":"AppCompatCache","value_data":"C:\\Windows\\System32\\SnippingTool.exe","value_type":"REG_BINARY","hive":"SYSTEM"},"detections":[],"severity_max":"none","detection_count":0,"provenance":{"raw_file":"raw/Windows.Registry.AppCompatCache/results.json","raw_row":26,"collection_id":"demo-wks-corp-01"},"extra":{"cache_slot":360}},
  {"schema_version":"1.0.0","row_hash":"ace9c55273b8af372c85722ef846b4ccdd4a37a3d7696fc091080e54ee59609f","timestamp_utc":"2026-03-07T13:11:03.1780000Z","timestamp_desc":"LastExecuted","timestamp_source_field":"LastRunTimes","source":"execution","artifact":"Windows.Forensics.Prefetch","collector_kind":"velociraptor","host":"WKS-CORP-01","host_id":"4f1c0a9e-0001-4a00-9c31-b0de51000001","user":"EU\\alice","message":"TEAMS.EXE executed (prefetch run count 60)","target":"C:\\Program Files\\WindowsApps\\MSTeams_24245\\ms-teams.exe","process":{"name":"TEAMS.EXE","image_path":"C:\\Program Files\\WindowsApps\\MSTeams_24245\\ms-teams.exe","parent_name":"explorer.exe"},"detections":[],"severity_max":"none","detection_count":0,"provenance":{"raw_file":"raw/Windows.Forensics.Prefetch/results.json","raw_row":19,"collection_id":"demo-wks-corp-01"},"extra":{"prefetch_file":"TEAMS.EXE-1A51E157.pf"}},
  {"schema_version":"1.0.0","row_hash":"3b362405e2948e232bbd8c0faec5a3af235348b593bdb9c09cf220f6e65d1c60","timestamp_utc":"2026-03-07T13:19:29.3350000Z","timestamp_desc":"EventTime","timestamp_source_field":"System.TimeCreated.SystemTime","source":"eventlog","artifact":"Windows.EventLogs.Evtx","collector_kind":"native","host":"WKS-CORP-01","host_id":"4f1c0a9e-0001-4a00-9c31-b0de51000001","user":"EU\\alice","message":"An account was successfully logged on (interactive): EU\\alice","target":"EU\\alice","event":{"channel":"Security","provider":"Microsoft-Windows-Security-Auditing","event_id":4624,"record_id":169457,"level":"Information","computer":"WKS-CORP-01.eu.corp.example","logon_type":2,"logon_id":"0x31426"},"detections":[],"severity_max":"none","detection_count":0,"provenance":{"raw_file":"raw/Windows.EventLogs.Evtx/results.json","raw_row":120,"collection_id":"demo-wks-corp-01"}},
  {"schema_version":"1.0.0","row_hash":"c09bccc83ce70871cdcbc91263758c0a18df78025d41c14fcb142a62f0f7bf4b","timestamp_utc":"2026-03-07T13:34:24.7110000Z","timestamp_desc":"EventTime","source":"service","artifact":"Windows.EventLogs.Evtx","collector_kind":"native","host":"WKS-CORP-01","host_id":"4f1c0a9e-0001-4a00-9c31-b0de51000001","user":"SYSTEM","message":"Service entered the running state: Windows Update (wuauserv)","target":"wuauserv","process":{"name":"services.exe","image_path":"C:\\Windows\\System32\\services.exe"},"event":{"channel":"System","provider":"Service Control Manager","event_id":7036,"record_id":6660,"level":"Information","computer":"WKS-CORP-01.eu.corp.example"},"detections":[],"severity_max":"none","detection_count":0,"provenance":{"raw_file":"raw/Windows.EventLogs.Evtx/results.json","raw_row":170,"collection_id":"demo-wks-corp-01"}},
  {"schema_version":"1.0.0","row_hash":"c7c27f1d6ef5fd29bfbd69d3e8d0d4d59f518cd9367b69c986f1ae02dcfd209d","timestamp_utc":"2026-03-07T13:37:18.3180000Z","timestamp_desc":"EventTime","source":"log","artifact":"Windows.EventLogs.Evtx","collector_kind":"native","host":"WKS-CORP-01","host_id":"4f1c0a9e-0001-4a00-9c31-b0de51000001","user":"SYSTEM","message":"Antimalware definitions updated to 1.421.306.0","target":"Microsoft-Windows-Windows Defender/Operational","process":{"name":"MsMpEng.exe","parent_name":"services.exe"},"event":{"channel":"Microsoft-Windows-Windows Defender/Operational","provider":"Microsoft-Windows-Windows-Defender","event_id":2000,"record_id":4874,"level":"Information","computer":"WKS-CORP-01.eu.corp.example"},"detections":[],"severity_max":"none","detection_count":0,"provenance":{"raw_file":"raw/Windows.EventLogs.Evtx/results.json","raw_row":43,"collection_id":"demo-wks-corp-01"}},
  {"schema_version":"1.0.0","row_hash":"68f4bc98f7a5fc20c445f63996ba98dbdb23c22189f6d8ecf95108f52de035a2","timestamp_utc":"2026-03-07T13:40:50.7440000Z","timestamp_desc":"LastWriteTime","source":"system_info","artifact":"Windows.Sysinternals.Autoruns","collector_kind":"velociraptor","host":"WKS-CORP-01","host_id":"4f1c0a9e-0001-4a00-9c31-b0de51000001","user":"SYSTEM","message":"Autorun entry enumerated: OneDrive (signed, Microsoft Corporation)","target":"C:\\Program Files\\Microsoft OneDrive\\OneDrive.exe","file":{"path":"C:\\Program Files\\Microsoft OneDrive\\OneDrive.exe","name":"OneDrive.exe","extension":"exe","size_bytes":2825503,"signature_status":"signed_valid","signer":"Microsoft Corporation"},"detections":[],"severity_max":"none","detection_count":0,"provenance":{"raw_file":"raw/Windows.Sysinternals.Autoruns/results.json","raw_row":66,"collection_id":"demo-wks-corp-01"}},
  {"schema_version":"1.0.0","row_hash":"d66a9f5489520923eac1cef267e8b7cc172dceb3cd861f51e5c59e8f0a7f4218","timestamp_utc":"2026-03-07T13:44:05.1540000Z","timestamp_desc":"LastExecuted","timestamp_source_field":"LastRunTimes","source":"execution","artifact":"Windows.Forensics.Prefetch","collector_kind":"velociraptor","host":"WKS-CORP-01","host_id":"4f1c0a9e-0001-4a00-9c31-b0de51000001","user":"EU\\alice","message":"MSEDGE.EXE executed (prefetch run count 55)","target":"C:\\Program Files (x86)\\Microsoft\\Edge\\Application\\msedge.exe","process":{"name":"MSEDGE.EXE","image_path":"C:\\Program Files (x86)\\Microsoft\\Edge\\Application\\msedge.exe","parent_name":"explorer.exe"},"detections":[],"severity_max":"none","detection_count":0,"provenance":{"raw_file":"raw/Windows.Forensics.Prefetch/results.json","raw_row":67,"collection_id":"demo-wks-corp-01"},"extra":{"prefetch_file":"MSEDGE.EXE-16F1F1BE.pf"}},
  {"schema_version":"1.0.0","row_hash":"d9703e158693d5189c07cd3869ac3ea00b66b93df68d781db59030d747656def","timestamp_utc":"2026-03-07T13:52:17.8780000Z","timestamp_desc":"LastExecuted","timestamp_source_field":"LastRunTimes","source":"execution","artifact":"Windows.Forensics.Prefetch","collector_kind":"velociraptor","host":"WKS-CORP-01","host_id":"4f1c0a9e-0001-4a00-9c31-b0de51000001","user":"EU\\alice","message":"CALC.EXE executed (prefetch run count 31)","target":"C:\\Windows\\System32\\calc.exe","process":{"name":"CALC.EXE","image_path":"C:\\Windows\\System32\\calc.exe","parent_name":"explorer.exe"},"detections":[],"severity_max":"none","detection_count":0,"provenance":{"raw_file":"raw/Windows.Forensics.Prefetch/results.json","raw_row":35,"collection_id":"demo-wks-corp-01"},"extra":{"prefetch_file":"CALC.EXE-1378CDC6.pf"}},
  {"schema_version":"1.0.0","row_hash":"4364e2247ae3f656284fa2e7f763b4afd98048fa14ae1124ae10bb4cccd00387","timestamp_utc":"2026-03-07T13:59:06.5480000Z","timestamp_desc":"Modified","timestamp_source_field":"Mtime","source":"filesystem","artifact":"Windows.NTFS.MFT","collector_kind":"velociraptor","host":"WKS-CORP-01","host_id":"4f1c0a9e-0001-4a00-9c31-b0de51000001","user":"EU\\alice","message":"File modified: Q1-forecast.xlsx","target":"C:\\Users\\alice\\Documents\\Q1-forecast.xlsx","file":{"path":"C:\\Users\\alice\\Documents\\Q1-forecast.xlsx","name":"Q1-forecast.xlsx","extension":"xlsx","size_bytes":24935,"mft_entry":129919,"is_directory":false,"is_allocated":true},"detections":[],"severity_max":"none","detection_count":0,"provenance":{"raw_file":"raw/Windows.NTFS.MFT/results.json","raw_row":38,"collection_id":"demo-wks-corp-01"}},
  {"schema_version":"1.0.0","row_hash":"6c1f2e162c9880c2dd0e3ff861d239d334162146d9cd538396769468599dbd9b","timestamp_utc":"2026-03-07T14:05:24.2860000Z","timestamp_desc":"EventTime","timestamp_source_field":"System.TimeCreated.SystemTime","source":"eventlog","artifact":"Windows.EventLogs.Evtx","collector_kind":"native","host":"WKS-CORP-01","host_id":"4f1c0a9e-0001-4a00-9c31-b0de51000001","user":"EU\\alice","message":"An account was successfully logged on (interactive): EU\\alice","target":"EU\\alice","event":{"channel":"Security","provider":"Microsoft-Windows-Security-Auditing","event_id":4624,"record_id":174813,"level":"Information","computer":"WKS-CORP-01.eu.corp.example","logon_type":2,"logon_id":"0x381e8"},"detections":[],"severity_max":"none","detection_count":0,"provenance":{"raw_file":"raw/Windows.EventLogs.Evtx/results.json","raw_row":192,"collection_id":"demo-wks-corp-01"}},
  {"schema_version":"1.0.0","row_hash":"586ff960ea8d8f88d1b022e2765de33c51b2f8d35a5f53afe9d75714ea306d89","timestamp_utc":"2026-03-07T14:05:35.5720000Z","timestamp_desc":"VisitTime","timestamp_source_field":"last_visit_time","source":"browser","artifact":"Windows.Applications.Edge.History","collector_kind":"velociraptor","host":"WKS-CORP-01","host_id":"4f1c0a9e-0001-4a00-9c31-b0de51000001","user":"EU\\alice","message":"Edge visit: Finance - monthly close","target":"https://intranet.corp.example/finance/monthly-close","network":{"domain":"intranet.corp.example","url":"https://intranet.corp.example/finance/monthly-close","direction":"outbound"},"detections":[],"severity_max":"none","detection_count":0,"provenance":{"raw_file":"raw/Windows.Applications.Edge.History/results.json","raw_row":39,"collection_id":"demo-wks-corp-01"}},
  {"schema_version":"1.0.0","row_hash":"660459a926dac7443c2d4681fa3912d6658193d97f7a196e6b79a8048c875ced","timestamp_utc":"2026-03-07T14:09:59.1920000Z","timestamp_desc":"VisitTime","timestamp_source_field":"last_visit_time","source":"browser","artifact":"Windows.Applications.Edge.History","collector_kind":"velociraptor","host":"WKS-CORP-01","host_id":"4f1c0a9e-0001-4a00-9c31-b0de51000001","user":"EU\\alice","message":"Edge visit: Finance document library","target":"https://sharepoint.corp.example/sites/finance/Shared%20Documents","network":{"domain":"sharepoint.corp.example","url":"https://sharepoint.corp.example/sites/finance/Shared%20Documents","direction":"outbound"},"detections":[],"severity_max":"none","detection_count":0,"provenance":{"raw_file":"raw/Windows.Applications.Edge.History/results.json","raw_row":79,"collection_id":"demo-wks-corp-01"}},
  {"schema_version":"1.0.0","row_hash":"2347b147aa0c579e7f596f91ba96fdbe4f7686754648651c44e52573ec4fd006","timestamp_utc":"2026-03-07T14:12:00.8830000Z","timestamp_desc":"LastWriteTime","source":"system_info","artifact":"Windows.Sysinternals.Autoruns","collector_kind":"velociraptor","host":"WKS-CORP-01","host_id":"4f1c0a9e-0001-4a00-9c31-b0de51000001","user":"SYSTEM","message":"Autorun entry enumerated: OneDrive (signed, Microsoft Corporation)","target":"C:\\Program Files\\Microsoft OneDrive\\OneDrive.exe","file":{"path":"C:\\Program Files\\Microsoft OneDrive\\OneDrive.exe","name":"OneDrive.exe","extension":"exe","size_bytes":2837041,"signature_status":"signed_valid","signer":"Microsoft Corporation"},"detections":[],"severity_max":"none","detection_count":0,"provenance":{"raw_file":"raw/Windows.Sysinternals.Autoruns/results.json","raw_row":50,"collection_id":"demo-wks-corp-01"}},
  {"schema_version":"1.0.0","row_hash":"3f0a4147f624a1b5590cf8d90177321a2ec1a6c6a43cd44250d47aaeb4bc3542","timestamp_utc":"2026-03-07T14:21:55.7500000Z","timestamp_desc":"EventTime","timestamp_source_field":"System.TimeCreated.SystemTime","source":"eventlog","artifact":"Windows.EventLogs.Evtx","collector_kind":"native","host":"WKS-CORP-01","host_id":"4f1c0a9e-0001-4a00-9c31-b0de51000001","user":"EU\\alice","message":"An account was successfully logged on (interactive): EU\\alice","target":"EU\\alice","event":{"channel":"Security","provider":"Microsoft-Windows-Security-Auditing","event_id":4624,"record_id":848025,"level":"Information","computer":"WKS-CORP-01.eu.corp.example","logon_type":2,"logon_id":"0x344eb"},"detections":[],"severity_max":"none","detection_count":0,"provenance":{"raw_file":"raw/Windows.EventLogs.Evtx/results.json","raw_row":24,"collection_id":"demo-wks-corp-01"}},
  {"schema_version":"1.0.0","row_hash":"15a7160bb9ebce46a1e241b4ba0adfa4a59f2986768982eb44b40fa5d202b4b0","timestamp_utc":"2026-03-07T14:33:54.7040000Z","timestamp_desc":"LastExecuted","timestamp_source_field":"LastRunTimes","source":"execution","artifact":"Windows.Forensics.Prefetch","collector_kind":"velociraptor","host":"WKS-CORP-01","host_id":"4f1c0a9e-0001-4a00-9c31-b0de51000001","user":"EU\\alice","message":"SNIPPINGTOOL.EXE executed (prefetch run count 60)","target":"C:\\Windows\\System32\\SnippingTool.exe","process":{"name":"SNIPPINGTOOL.EXE","image_path":"C:\\Windows\\System32\\SnippingTool.exe","parent_name":"explorer.exe"},"detections":[],"severity_max":"none","detection_count":0,"provenance":{"raw_file":"raw/Windows.Forensics.Prefetch/results.json","raw_row":51,"collection_id":"demo-wks-corp-01"},"extra":{"prefetch_file":"SNIPPINGTOOL.EXE-1D2A733A.pf"}},
  {"schema_version":"1.0.0","row_hash":"7e93f188f997161a8bacd5c69e8f910f62a4b52635f594ededcea9b7697024e9","timestamp_utc":"2026-03-07T14:34:11.1080000Z","timestamp_desc":"EventTime","source":"network","artifact":"Windows.Network.Netstat","collector_kind":"velociraptor","host":"WKS-CORP-01","host_id":"4f1c0a9e-0001-4a00-9c31-b0de51000001","user":"EU\\alice","message":"Outbound HTTPS session via corporate proxy","target":"10.0.5.9:8080","process":{"name":"MSEDGE.EXE","image_path":"C:\\Program Files (x86)\\Microsoft\\Edge\\Application\\msedge.exe","parent_name":"explorer.exe"},"network":{"src_ip":"10.0.5.41","src_port":51626,"dst_ip":"10.0.5.9","dst_port":8080,"protocol":"tcp","domain":"dc-eu-01.eu.corp.example","direction":"outbound","state":"ESTABLISHED"},"detections":[],"severity_max":"none","detection_count":0,"provenance":{"raw_file":"raw/Windows.Network.Netstat/results.json","raw_row":28,"collection_id":"demo-wks-corp-01"}},
  {"schema_version":"1.0.0","row_hash":"00622f877ce5d075b4836baf7a372f93db365235afd90027350e487e7d8301ff","timestamp_utc":"2026-03-07T14:39:39.2140000Z","timestamp_desc":"VisitTime","timestamp_source_field":"last_visit_time","source":"browser","artifact":"Windows.Applications.Edge.History","collector_kind":"velociraptor","host":"WKS-CORP-01","host_id":"4f1c0a9e-0001-4a00-9c31-b0de51000001","user":"EU\\alice","message":"Edge visit: Company news","target":"https://intranet.corp.example/news","network":{"domain":"intranet.corp.example","url":"https://intranet.corp.example/news","direction":"outbound"},"detections":[],"severity_max":"none","detection_count":0,"provenance":{"raw_file":"raw/Windows.Applications.Edge.History/results.json","raw_row":47,"collection_id":"demo-wks-corp-01"}},
  {"schema_version":"1.0.0","row_hash":"b1565b4d34b8472b9dc82579dae064b472d86c890039c9b392d33b6750a1849c","timestamp_utc":"2026-03-07T14:41:19.7840000Z","timestamp_desc":"InstallDate","source":"usb_device","artifact":"Windows.Registry.USBSTOR","collector_kind":"velociraptor","host":"WKS-CORP-01","host_id":"4f1c0a9e-0001-4a00-9c31-b0de51000001","user":"EU\\alice","message":"Sanctioned encrypted USB volume connected (asset FIN-USB-04)","target":"USBSTOR\\Disk&Ven_Corp&Prod_SecureKey&Rev_1.0","registry":{"key":"HKLM\\SYSTEM\\CurrentControlSet\\Enum\\USBSTOR\\Disk&Ven_Corp&Prod_SecureKey&Rev_1.0","value_name":"FriendlyName","value_data":"Corp SecureKey USB Device","value_type":"REG_SZ","hive":"SYSTEM"},"detections":[],"severity_max":"none","detection_count":0,"provenance":{"raw_file":"raw/Windows.Registry.USBSTOR/results.json","raw_row":77,"collection_id":"demo-wks-corp-01"},"extra":{"serial_number":"FINUSB048599","volume_label":"FIN-USB-04"}},
  {"schema_version":"1.0.0","row_hash":"ab3bcacba7598949ad7866b973a03f348871070623c277fa5c4c6af4dedcfc68","timestamp_utc":"2026-03-07T14:44:39.1050000Z","timestamp_desc":"InstallDate","source":"usb_device","artifact":"Windows.Registry.USBSTOR","collector_kind":"velociraptor","host":"WKS-CORP-01","host_id":"4f1c0a9e-0001-4a00-9c31-b0de51000001","user":"EU\\alice","message":"Sanctioned encrypted USB volume connected (asset FIN-USB-04)","target":"USBSTOR\\Disk&Ven_Corp&Prod_SecureKey&Rev_1.0","registry":{"key":"HKLM\\SYSTEM\\CurrentControlSet\\Enum\\USBSTOR\\Disk&Ven_Corp&Prod_SecureKey&Rev_1.0","value_name":"FriendlyName","value_data":"Corp SecureKey USB Device","value_type":"REG_SZ","hive":"SYSTEM"},"detections":[],"severity_max":"none","detection_count":0,"provenance":{"raw_file":"raw/Windows.Registry.USBSTOR/results.json","raw_row":53,"collection_id":"demo-wks-corp-01"},"extra":{"serial_number":"FINUSB049270","volume_label":"FIN-USB-04"}},
  {"schema_version":"1.0.0","row_hash":"42a657c0df491f25e2e4212845004218f04e0cae73e60b4e7ee0c46396efbc10","timestamp_utc":"2026-03-07T15:06:10.7200000Z","timestamp_desc":"EventTime","source":"log","artifact":"Windows.EventLogs.Evtx","collector_kind":"native","host":"WKS-CORP-01","host_id":"4f1c0a9e-0001-4a00-9c31-b0de51000001","user":"SYSTEM","message":"Antimalware definitions updated to 1.421.363.0","target":"Microsoft-Windows-Windows Defender/Operational","process":{"name":"MsMpEng.exe","parent_name":"services.exe"},"event":{"channel":"Microsoft-Windows-Windows Defender/Operational","provider":"Microsoft-Windows-Windows-Defender","event_id":2000,"record_id":8329,"level":"Information","computer":"WKS-CORP-01.eu.corp.example"},"detections":[],"severity_max":"none","detection_count":0,"provenance":{"raw_file":"raw/Windows.EventLogs.Evtx/results.json","raw_row":211,"collection_id":"demo-wks-corp-01"}},
  {"schema_version":"1.0.0","row_hash":"99bc23ea57caac318bf360ce72d651bc62e555fde4c2983f0dbea9874ff73a66","timestamp_utc":"2026-03-07T15:09:02.4090000Z","timestamp_desc":"EventTime","source":"log","artifact":"Windows.EventLogs.Evtx","collector_kind":"native","host":"WKS-CORP-01","host_id":"4f1c0a9e-0001-4a00-9c31-b0de51000001","user":"SYSTEM","message":"Antimalware definitions updated to 1.421.366.0","target":"Microsoft-Windows-Windows Defender/Operational","process":{"name":"MsMpEng.exe","parent_name":"services.exe"},"event":{"channel":"Microsoft-Windows-Windows Defender/Operational","provider":"Microsoft-Windows-Windows-Defender","event_id":2000,"record_id":8062,"level":"Information","computer":"WKS-CORP-01.eu.corp.example"},"detections":[],"severity_max":"none","detection_count":0,"provenance":{"raw_file":"raw/Windows.EventLogs.Evtx/results.json","raw_row":163,"collection_id":"demo-wks-corp-01"}},
