  {"schema_version":"1.0.0","row_hash":"7839f46976de6e6c2d1e4b01178da41f60c69759cb46efd043a5d01f162c0f6b","timestamp_utc":"2026-03-10T11:09:54.2070000Z","timestamp_desc":"EventTime","source":"network","artifact":"Windows.Network.Netstat","collector_kind":"velociraptor","host":"WKS-CORP-01","host_id":"4f1c0a9e-0001-4a00-9c31-b0de51000001","user":"EU\\alice","message":"Outbound HTTPS session via corporate proxy","target":"10.0.5.9:8080","process":{"name":"MSEDGE.EXE","image_path":"C:\\Program Files (x86)\\Microsoft\\Edge\\Application\\msedge.exe","parent_name":"explorer.exe"},"network":{"src_ip":"10.0.5.41","src_port":54321,"dst_ip":"10.0.5.9","dst_port":8080,"protocol":"tcp","domain":"intranet.corp.example","direction":"outbound","state":"ESTABLISHED"},"detections":[],"severity_max":"none","detection_count":0,"provenance":{"raw_file":"raw/Windows.Network.Netstat/results.json","raw_row":13,"collection_id":"demo-wks-corp-01"}},
  {"schema_version":"1.0.0","row_hash":"51dff442a35191ccb120e84a1c0cdd7b2f4caab5595786dd0a63da1dcecccc6e","timestamp_utc":"2026-03-10T11:10:01.9010000Z","timestamp_desc":"LastWriteTime","timestamp_source_field":"LastModified","source":"registry","artifact":"Windows.Registry.AppCompatCache","collector_kind":"velociraptor","host":"WKS-CORP-01","host_id":"4f1c0a9e-0001-4a00-9c31-b0de51000001","user":"SYSTEM","message":"AppCompatCache entry: MSEDGE.EXE","target":"C:\\Program Files (x86)\\Microsoft\\Edge\\Application\\msedge.exe","registry":{"key":"HKLM\\SYSTEM\\CurrentControlSet\\Control\\Session Manager\\AppCompatCache","value_name":"AppCompatCache","value_data":"C:\\Program Files (x86)\\Microsoft\\Edge\\Application\\msedge.exe","value_type":"REG_BINARY","hive":"SYSTEM"},"detections":[],"severity_max":"none","detection_count":0,"provenance":{"raw_file":"raw/Windows.Registry.AppCompatCache/results.json","raw_row":43,"collection_id":"demo-wks-corp-01"},"extra":{"cache_slot":476}},
  {"schema_version":"1.0.0","row_hash":"7440d1015a9e22c5bfc0f2a0e2378efb59fe0bc2de68eb5df942f3ebfa3d0ca0","timestamp_utc":"2026-03-10T11:22:00.0650000Z","timestamp_desc":"EventTime","timestamp_source_field":"System.TimeCreated.SystemTime","source":"eventlog","artifact":"Windows.EventLogs.Evtx","collector_kind":"native","host":"WKS-CORP-01","host_id":"4f1c0a9e-0001-4a00-9c31-b0de51000001","user":"EU\\bob","message":"An account was successfully logged on (interactive): EU\\bob","target":"EU\\bob","event":{"channel":"Security","provider":"Microsoft-Windows-Security-Auditing","event_id":4624,"record_id":819033,"level":"Information","computer":"WKS-CORP-01.eu.corp.example","logon_type":2,"logon_id":"0x30a9a"},"detections":[],"severity_max":"none","detection_count":0,"provenance":{"raw_file":"raw/Windows.EventLogs.Evtx/results.json","raw_row":27,"collection_id":"demo-wks-corp-01"}},
  {"schema_version":"1.0.0","row_hash":"f1a90acbd5f7d72f2938185acca7b248c65c85185b73b0402a95d5905f1af06c","timestamp_utc":"2026-03-10T11:31:25.3350000Z","timestamp_desc":"LastWriteTime","source":"system_info","artifact":"Windows.Sysinternals.Autoruns","collector_kind":"velociraptor","host":"WKS-CORP-01","host_id":"4f1c0a9e-0001-4a00-9c31-b0de51000001","user":"SYSTEM","message":"Autorun entry enumerated: OneDrive (signed, Microsoft Corporation)","target":"C:\\Program Files\\Microsoft OneDrive\\OneDrive.exe","file":{"path":"C:\\Program Files\\Microsoft OneDrive\\OneDrive.exe","name":"OneDrive.exe","extension":"exe","size_bytes":2835071,"signature_status":"signed_valid","signer":"Microsoft Corporation"},"detections":[],"severity_max":"none","detection_count":0,"provenance":{"raw_file":"raw/Windows.Sysinternals.Autoruns/results.json","raw_row":67,"collection_id":"demo-wks-corp-01"}},
  {"schema_version":"1.0.0","row_hash":"d90c2309567d08256ea1778ccdf63ad20f4c2e50e0f484b26beda037058072ab","timestamp_utc":"2026-03-10T11:31:36.4330000Z","timestamp_desc":"EventTime","source":"service","artifact":"Windows.EventLogs.Evtx","collector_kind":"native","host":"WKS-CORP-01","host_id":"4f1c0a9e-0001-4a00-9c31-b0de51000001","user":"SYSTEM","message":"Service entered the running state: Windows Update (wuauserv)","target":"wuauserv","process":{"name":"services.exe","image_path":"C:\\Windows\\System32\\services.exe"},"event":{"channel":"System","provider":"Service Control Manager","event_id":7036,"record_id":7811,"level":"Information","computer":"WKS-CORP-01.eu.corp.example"},"detections":[],"severity_max":"none","detection_count":0,"provenance":{"raw_file":"raw/Windows.EventLogs.Evtx/results.json","raw_row":245,"collection_id":"demo-wks-corp-01"}},
  {"schema_version":"1.0.0","row_hash":"05d50965136e701d910d1968f32be11e252b5e18bdb7059f5e814d1d8b9e16ed","timestamp_utc":"2026-03-10T11:37:25.2580000Z","timestamp_desc":"EventTime","timestamp_source_field":"System.TimeCreated.SystemTime","source":"eventlog","artifact":"Windows.EventLogs.Evtx","collector_kind":"native","host":"WKS-CORP-01","host_id":"4f1c0a9e-0001-4a00-9c31-b0de51000001","user":"EU\\bob","message":"An account was successfully logged on (interactive): EU\\bob","target":"EU\\bob","event":{"channel":"Security","provider":"Microsoft-Windows-Security-Auditing","event_id":4624,"record_id":463931,"level":"Information","computer":"WKS-CORP-01.eu.corp.example","logon_type":2,"logon_id":"0x3cae1"},"detections":[],"severity_max":"none","detection_count":0,"provenance":{"raw_file":"raw/Windows.EventLogs.Evtx/results.json","raw_row":123,"collection_id":"demo-wks-corp-01"}},
  {"schema_version":"1.0.0","row_hash":"cd6f1eb9706c81af800c37c543bb3e997a2bc3fa6b00911804d7e1306e1236a3","timestamp_utc":"2026-03-10T11:49:03.8460000Z","timestamp_desc":"EventTime","source":"service","artifact":"Windows.EventLogs.Evtx","collector_kind":"native","host":"WKS-CORP-01","host_id":"4f1c0a9e-0001-4a00-9c31-b0de51000001","user":"SYSTEM","message":"Service entered the running state: Windows Update (wuauserv)","target":"wuauserv","process":{"name":"services.exe","image_path":"C:\\Windows\\System32\\services.exe"},"event":{"channel":"System","provider":"Service Control Manager","event_id":7036,"record_id":5075,"level":"Information","computer":"WKS-CORP-01.eu.corp.example"},"detections":[],"severity_max":"none","detection_count":0,"provenance":{"raw_file":"raw/Windows.EventLogs.Evtx/results.json","raw_row":197,"collection_id":"demo-wks-corp-01"}},
  {"schema_version":"1.0.0","row_hash":"176a308f74ffe67e233f38869e24302445999a989cd1690af83b8ff015f43f78","timestamp_utc":"2026-03-10T11:50:45.7050000Z","timestamp_desc":"EventTime","source":"log","artifact":"Windows.EventLogs.Evtx","collector_kind":"native","host":"WKS-CORP-01","host_id":"4f1c0a9e-0001-4a00-9c31-b0de51000001","user":"SYSTEM","message":"Antimalware definitions updated to 1.421.301.0","target":"Microsoft-Windows-Windows Defender/Operational","process":{"name":"MsMpEng.exe","parent_name":"services.exe"},"event":{"channel":"Microsoft-Windows-Windows Defender/Operational","provider":"Microsoft-Windows-Windows-Defender","event_id":2000,"record_id":1601,"level":"Information","computer":"WKS-CORP-01.eu.corp.example"},"detections":[],"severity_max":"none","detection_count":0,"provenance":{"raw_file":"raw/Windows.EventLogs.Evtx/results.json","raw_row":46,"collection_id":"demo-wks-corp-01"}},
  {"schema_version":"1.0.0","row_hash":"8dfc00eadfe56d4ce63da1032359629809c6a49921a70739d2dcf1a83907c694","timestamp_utc":"2026-03-10T11:52:38.8420000Z","timestamp_desc":"VisitTime","timestamp_source_field":"last_visit_time","source":"browser","artifact":"Windows.Applications.Edge.History","collector_kind":"velociraptor","host":"WKS-CORP-01","host_id":"4f1c0a9e-0001-4a00-9c31-b0de51000001","user":"EU\\alice","message":"Edge visit: Finance - monthly close","target":"https://intranet.corp.example/finance/monthly-close","network":{"domain":"intranet.corp.example","url":"https://intranet.corp.example/finance/monthly-close","direction":"outbound"},"detections":[],"severity_max":"none","detection_count":0,"provenance":{"raw_file":"raw/Windows.Applications.Edge.History/results.json","raw_row":56,"collection_id":"demo-wks-corp-01"}},
  {"schema_version":"1.0.0","row_hash":"bd103da460b860465946514c8323b00da8b9eb0ca5fb5cb9aaca0503557462d0","timestamp_utc":"2026-03-10T12:05:44.9630000Z","timestamp_desc":"LastExecuted","timestamp_source_field":"LastRunTimes","source":"execution","artifact":"Windows.Forensics.Prefetch","collector_kind":"velociraptor","host":"WKS-CORP-01","host_id":"4f1c0a9e-0001-4a00-9c31-b0de51000001","user":"EU\\alice","message":"WINWORD.EXE executed (prefetch run count 15)","target":"C:\\Program Files\\Microsoft Office\\root\\Office16\\WINWORD.EXE","process":{"name":"WINWORD.EXE","image_path":"C:\\Program Files\\Microsoft Office\\root\\Office16\\WINWORD.EXE","parent_name":"explorer.exe"},"detections":[],"severity_max":"none","detection_count":0,"provenance":{"raw_file":"raw/Windows.Forensics.Prefetch/results.json","raw_row":12,"collection_id":"demo-wks-corp-01"},"extra":{"prefetch_file":"WINWORD.EXE-1E7096BA.pf"}},
  {"schema_version":"1.0.0","row_hash":"0555414ca67cf99416ed74c78d20d1bb2cb29d68fe18c503dfb4e56af8bc2fd5","timestamp_utc":"2026-03-10T12:08:31.6990000Z","timestamp_desc":"EventTime","source":"network","artifact":"Windows.Network.Netstat","collector_kind":"velociraptor","host":"WKS-CORP-01","host_id":"4f1c0a9e-0001-4a00-9c31-b0de51000001","user":"EU\\alice","message":"Outbound HTTPS session via corporate proxy","target":"10.0.5.9:8080","process":{"name":"MSEDGE.EXE","image_path":"C:\\Program Files (x86)\\Microsoft\\Edge\\Application\\msedge.exe","parent_name":"explorer.exe"},"network":{"src_ip":"10.0.5.41","src_port":58165,"dst_ip":"10.0.5.9","dst_port":8080,"protocol":"tcp","domain":"sharepoint.corp.example","direction":"outbound","state":"ESTABLISHED"},"detections":[],"severity_max":"none","detection_count":0,"provenance":{"raw_file":"raw/Windows.Network.Netstat/results.json","raw_row":5,"collection_id":"demo-wks-corp-01"}},
  {"schema_version":"1.0.0","row_hash":"d0028a66b4c5e3fb523526e6d03b494bb69f3f9fbabb43d0529acf4cb735e472","timestamp_utc":"2026-03-10T12:13:19.6180000Z","timestamp_desc":"LastExecuted","timestamp_source_field":"LastRunTimes","source":"execution","artifact":"Windows.Forensics.Prefetch","collector_kind":"velociraptor","host":"WKS-CORP-01","host_id":"4f1c0a9e-0001-4a00-9c31-b0de51000001","user":"EU\\alice","message":"WINWORD.EXE executed (prefetch run count 18)","target":"C:\\Program Files\\Microsoft Office\\root\\Office16\\WINWORD.EXE","process":{"name":"WINWORD.EXE","image_path":"C:\\Program Files\\Microsoft Office\\root\\Office16\\WINWORD.EXE","parent_name":"explorer.exe"},"detections":[],"severity_max":"none","detection_count":0,"provenance":{"raw_file":"raw/Windows.Forensics.Prefetch/results.json","raw_row":60,"collection_id":"demo-wks-corp-01"},"extra":{"prefetch_file":"WINWORD.EXE-149F9148.pf"}},
  {"schema_version":"1.0.0","row_hash":"9ea4426969ee869ac6a60cfa2dee8a9ca9b035c0714141f17582bebdc63c98e1","timestamp_utc":"2026-03-10T12:18:41.3440000Z","timestamp_desc":"EventTime","source":"network","artifact":"Windows.Network.Netstat","collector_kind":"velociraptor","host":"WKS-CORP-01","host_id":"4f1c0a9e-0001-4a00-9c31-b0de51000001","user":"EU\\alice","message":"Outbound HTTPS session via corporate proxy","target":"10.0.5.9:8080","process":{"name":"MSEDGE.EXE","image_path":"C:\\Program Files (x86)\\Microsoft\\Edge\\Application\\msedge.exe","parent_name":"explorer.exe"},"network":{"src_ip":"10.0.5.41","src_port":59396,"dst_ip":"10.0.5.9","dst_port":8080,"protocol":"tcp","domain":"srv-corp-fs02.eu.corp.example","direction":"outbound","state":"ESTABLISHED"},"detections":[],"severity_max":"none","detection_count":0,"provenance":{"raw_file":"raw/Windows.Network.Netstat/results.json","raw_row":45,"collection_id":"demo-wks-corp-01"}},
  {"schema_version":"1.0.0","row_hash":"addf68a3057424c87ad89323bdaf6d31e77e34a3f15d7a36522fb91c3aada100","timestamp_utc":"2026-03-10T12:26:24.7180000Z","timestamp_desc":"RunTime","source":"scheduled_task","artifact":"Windows.System.TaskScheduler","collector_kind":"velociraptor","host":"WKS-CORP-01","host_id":"4f1c0a9e-0001-4a00-9c31-b0de51000001","user":"SYSTEM","message":"Scheduled task ran: \\Microsoft\\Windows\\UpdateOrchestrator\\Schedule Scan","target":"\\Microsoft\\Windows\\UpdateOrchestrator\\Schedule Scan","detections":[],"severity_max":"none","detection_count":0,"provenance":{"raw_file":"raw/Windows.System.TaskScheduler/results.json","raw_row":12,"collection_id":"demo-wks-corp-01"},"extra":{"result_code":0,"run_duration_seconds":20,"task_author":"Microsoft Corporation"}},
  {"schema_version":"1.0.0","row_hash":"e107abb795721d2b77b19fe515c3d256ab36723e2c43d9472142fddd42a7a7b8","timestamp_utc":"2026-03-10T12:31:13.7770000Z","timestamp_desc":"LastExecuted","timestamp_source_field":"LastRunTimes","source":"execution","artifact":"Windows.Forensics.Prefetch","collector_kind":"velociraptor","host":"WKS-CORP-01","host_id":"4f1c0a9e-0001-4a00-9c31-b0de51000001","user":"EU\\alice","message":"SNIPPINGTOOL.EXE executed (prefetch run count 11)","target":"C:\\Windows\\System32\\SnippingTool.exe","process":{"name":"SNIPPINGTOOL.EXE","image_path":"C:\\Windows\\System32\\SnippingTool.exe","parent_name":"explorer.exe"},"detections":[],"severity_max":"none","detection_count":0,"provenance":{"raw_file":"raw/Windows.Forensics.Prefetch/results.json","raw_row":52,"collection_id":"demo-wks-corp-01"},"extra":{"prefetch_file":"SNIPPINGTOOL.EXE-11275B8D.pf"}},
  {"schema_version":"1.0.0","row_hash":"cbe87b783277fdcf4fb8b2c9fb69bd4f5437dfcc00bf6957742a652fc0bbe4db","timestamp_utc":"2026-03-10T12:44:53.4080000Z","timestamp_desc":"LastWriteTime","source":"system_info","artifact":"Windows.Sysinternals.Autoruns","collector_kind":"velociraptor","host":"WKS-CORP-01","host_id":"4f1c0a9e-0001-4a00-9c31-b0de51000001","user":"SYSTEM","message":"Autorun entry enumerated: OneDrive (signed, Microsoft Corporation)","target":"C:\\Program Files\\Microsoft OneDrive\\OneDrive.exe","file":{"path":"C:\\Program Files\\Microsoft OneDrive\\OneDrive.exe","name":"OneDrive.exe","extension":"exe","size_bytes":2807305,"signature_status":"signed_valid","signer":"Microsoft Corporation"},"detections":[],"severity_max":"none","detection_count":0,"provenance":{"raw_file":"raw/Windows.Sysinternals.Autoruns/results.json","raw_row":11,"collection_id":"demo-wks-corp-01"}},
  {"schema_version":"1.0.0","row_hash":"262980623979dba172321d7507364a925a9a95f5637a182340e3952ed624602b","timestamp_utc":"2026-03-10T12:52:22.6360000Z","timestamp_desc":"Modified","timestamp_source_field":"Mtime","source":"filesystem","artifact":"Windows.NTFS.MFT","collector_kind":"velociraptor","host":"WKS-CORP-01","host_id":"4f1c0a9e-0001-4a00-9c31-b0de51000001","user":"EU\\alice","message":"File modified: board-pack-march.pptx","target":"C:\\Users\\alice\\Documents\\board-pack-march.pptx","file":{"path":"C:\\Users\\alice\\Documents\\board-pack-march.pptx","name":"board-pack-march.pptx","extension":"pptx","size_bytes":271756,"mft_entry":93707,"is_directory":false,"is_allocated":true},"detections":[],"severity_max":"none","detection_count":0,"provenance":{"raw_file":"raw/Windows.NTFS.MFT/results.json","raw_row":47,"collection_id":"demo-wks-corp-01"}},
  {"schema_version":"1.0.0","row_hash":"ea56e2600b70c5fca24c9c09931e3beee7e0437831e09a281c90e5b8660636f3","timestamp_utc":"2026-03-10T12:52:57.1790000Z","timestamp_desc":"EventTime","source":"network","artifact":"Windows.Network.Netstat","collector_kind":"velociraptor","host":"WKS-CORP-01","host_id":"4f1c0a9e-0001-4a00-9c31-b0de51000001","user":"EU\\alice","message":"Outbound HTTPS session via corporate proxy","target":"10.0.5.9:8080","process":{"name":"MSEDGE.EXE","image_path":"C:\\Program Files (x86)\\Microsoft\\Edge\\Application\\msedge.exe","parent_name":"explorer.exe"},"network":{"src_ip":"10.0.5.41","src_port":50066,"dst_ip":"10.0.5.9","dst_port":8080,"protocol":"tcp","domain":"dc-corp-01.corp.example","direction":"outbound","state":"ESTABLISHED"},"detections":[],"severity_max":"none","detection_count":0,"provenance":{"raw_file":"raw/Windows.Network.Netstat/results.json","raw_row":53,"collection_id":"demo-wks-corp-01"}},
  {"schema_version":"1.0.0","row_hash":"b267774adf9ecef07e2dd0b232ebed6cd4a11baba883127475e93fa367f0a2f4","timestamp_utc":"2026-03-10T12:53:35.1920000Z","timestamp_desc":"Modified","timestamp_source_field":"Mtime","source":"filesystem","artifact":"Windows.NTFS.MFT","collector_kind":"velociraptor","host":"WKS-CORP-01","host_id":"4f1c0a9e-0001-4a00-9c31-b0de51000001","user":"EU\\alice","message":"File modified: board-pack-march.pptx","target":"C:\\Users\\alice\\Documents\\board-pack-march.pptx","file":{"path":"C:\\Users\\alice\\Documents\\board-pack-march.pptx","name":"board-pack-march.pptx","extension":"pptx","size_bytes":388592,"mft_entry":115809,"is_directory":false,"is_allocated":true},"detections":[],"severity_max":"none","detection_count":0,"provenance":{"raw_file":"raw/Windows.NTFS.MFT/results.json","raw_row":15,"collection_id":"demo-wks-corp-01"}},
  {"schema_version":"1.0.0","row_hash":"8eaf5a17a1106144626dbf3dc8d724661b4d293912944ba2d20c168887f85fa4","timestamp_utc":"2026-03-10T13:06:25.5600000Z","timestamp_desc":"RunTime","source":"scheduled_task","artifact":"Windows.System.TaskScheduler","collector_kind":"velociraptor","host":"WKS-CORP-01","host_id":"4f1c0a9e-0001-4a00-9c31-b0de51000001","user":"SYSTEM","message":"Scheduled task ran: \\Microsoft\\Windows\\UpdateOrchestrator\\Schedule Scan","target":"\\Microsoft\\Windows\\UpdateOrchestrator\\Schedule Scan","detections":[],"severity_max":"none","detection_count":0,"provenance":{"raw_file":"raw/Windows.System.TaskScheduler/results.json","raw_row":76,"collection_id":"demo-wks-corp-01"},"extra":{"result_code":0,"run_duration_seconds":11,"task_author":"Microsoft Corporation"}},
  {"schema_version":"1.0.0","row_hash":"d37f3d095a6b5d1786c296845f8aa16927990c0442ec75d6924e7e1ac79b7d3f","timestamp_utc":"2026-03-10T13:18:14.2320000Z","timestamp_desc":"EventTime","source":"log","artifact":"Windows.EventLogs.Evtx","collector_kind":"native","host":"WKS-CORP-01","host_id":"4f1c0a9e-0001-4a00-9c31-b0de51000001","user":"SYSTEM","message":"Antimalware definitions updated to 1.421.351.0","target":"Microsoft-Windows-Windows Defender/Operational","process":{"name":"MsMpEng.exe","parent_name":"services.exe"},"event":{"channel":"Microsoft-Windows-Windows Defender/Operational","provider":"Microsoft-Windows-Windows-Defender","event_id":2000,"record_id":8295,"level":"Information","computer":"WKS-CORP-01.eu.corp.example"},"detections":[],"severity_max":"none","detection_count":0,"provenance":{"raw_file":"raw/Windows.EventLogs.Evtx/results.json","raw_row":214,"collection_id":"demo-wks-corp-01"}},
  {"schema_version":"1.0.0","row_hash":"5bec06a6d524c8f49366a94ec73f892bdb0d96ed61cae6bc18f0f8840c481fd6","timestamp_utc":"2026-03-10T13:19:44.1880000Z","timestamp_desc":"Modified","timestamp_source_field":"Mtime","source":"filesystem","artifact":"Windows.NTFS.MFT","collector_kind":"velociraptor","host":"WKS-CORP-01","host_id":"4f1c0a9e-0001-4a00-9c31-b0de51000001","user":"EU\\alice","message":"File modified: vat-return-2026.xlsx","target":"C:\\Users\\alice\\Documents\\vat-return-2026.xlsx","file":{"path":"C:\\Users\\alice\\Documents\\vat-return-2026.xlsx","name":"vat-return-2026.xlsx","extension":"xlsx","size_bytes":311833,"mft_entry":113665,"is_directory":false,"is_allocated":true},"detections":[],"severity_max":"none","detection_count":0,"provenance":{"raw_file":"raw/Windows.NTFS.MFT/results.json","raw_row":71,"collection_id":"demo-wks-corp-01"}},
  {"schema_version":"1.0.0","row_hash":"eaf12e6ca6803acf2ed5cc98e8fb9f37d9d3998ad52bfc4b99f38554943345fa","timestamp_utc":"2026-03-10T13:27:49.3770000Z","timestamp_desc":"RunTime","source":"scheduled_task","artifact":"Windows.System.TaskScheduler","collector_kind":"velociraptor","host":"WKS-CORP-01","host_id":"4f1c0a9e-0001-4a00-9c31-b0de51000001","user":"SYSTEM","message":"Scheduled task ran: \\Microsoft\\Windows\\UpdateOrchestrator\\Schedule Scan","target":"\\Microsoft\\Windows\\UpdateOrchestrator\\Schedule Scan","detections":[],"severity_max":"none","detection_count":0,"provenance":{"raw_file":"raw/Windows.System.TaskScheduler/results.json","raw_row":28,"collection_id":"demo-wks-corp-01"},"extra":{"result_code":0,"run_duration_seconds":16,"task_author":"Microsoft Corporation"}},
  {"schema_version":"1.0.0","row_hash":"a61cf8dc5b7e8dea2677c6ace5a0bad38c799a64130764fad9dbb7a5cf9aa9e0","timestamp_utc":"2026-03-10T13:36:25.4340000Z","timestamp_desc":"EventTime","timestamp_source_field":"System.TimeCreated.SystemTime","source":"eventlog","artifact":"Windows.EventLogs.Evtx","collector_kind":"native","host":"WKS-CORP-01","host_id":"4f1c0a9e-0001-4a00-9c31-b0de51000001","user":"EU\\alice","message":"An account was successfully logged on (interactive): EU\\alice","target":"EU\\alice","event":{"channel":"Security","provider":"Microsoft-Windows-Security-Auditing","event_id":4624,"record_id":566207,"level":"Information","computer":"WKS-CORP-01.eu.corp.example","logon_type":2,"logon_id":"0x3b625"},"detections":[],"severity_max":"none","detection_count":0,"provenance":{"raw_file":"raw/Windows.EventLogs.Evtx/results.json","raw_row":75,"collection_id":"demo-wks-corp-01"}},
  {"schema_version":"1.0.0","row_hash":"6ea4c968dfe900db2fccf10fb7e2f573571b757770554e12555aacff40097675","timestamp_utc":"2026-03-10T13:39:41.3220000Z","timestamp_desc":"VisitTime","timestamp_source_field":"last_visit_time","source":"browser","artifact":"Windows.Applications.Edge.History","collector_kind":"velociraptor","host":"WKS-CORP-01","host_id":"4f1c0a9e-0001-4a00-9c31-b0de51000001","user":"EU\\alice","message":"Edge visit: Finance document library","target":"https://sharepoint.corp.example/sites/finance/Shared%20Documents","network":{"domain":"sharepoint.corp.example","url":"https://sharepoint.corp.example/sites/finance/Shared%20Documents","direction":"outbound"},"detections":[],"severity_max":"none","detection_count":0,"provenance":{"raw_file":"raw/Windows.Applications.Edge.History/results.json","raw_row":48,"collection_id":"demo-wks-corp-01"}},
  {"schema_version":"1.0.0","row_hash":"2532303d5ba3cee078b9309c75570cd46f62a83eff3c25c3bdeae4bb6b2a7b78","timestamp_utc":"2026-03-10T13:43:39.1140000Z","timestamp_desc":"EventTime","source":"service","artifact":"Windows.EventLogs.Evtx","collector_kind":"native","host":"WKS-CORP-01","host_id":"4f1c0a9e-0001-4a00-9c31-b0de51000001","user":"SYSTEM","message":"Service entered the running state: Windows Update (wuauserv)","target":"wuauserv","process":{"name":"services.exe","image_path":"C:\\Windows\\System32\\services.exe"},"event":{"channel":"System","provider":"Service Control Manager","event_id":7036,"record_id":9651,"level":"Information","computer":"WKS-CORP-01.eu.corp.example"},"detections":[],"severity_max":"none","detection_count":0,"provenance":{"raw_file":"raw/Windows.EventLogs.Evtx/results.json","raw_row":53,"collection_id":"demo-wks-corp-01"}},
  {"schema_version":"1.0.0","row_hash":"123e0640d682ab11f75cd0cbbf19e43844f62eb1eb8bd4c2597026a17e3ee4ac","timestamp_utc":"2026-03-10T13:44:19.2730000Z","timestamp_desc":"VisitTime","timestamp_source_field":"last_visit_time","source":"browser","artifact":"Windows.Applications.Edge.History","collector_kind":"velociraptor","host":"WKS-CORP-01","host_id":"4f1c0a9e-0001-4a00-9c31-b0de51000001","user":"EU\\alice","message":"Edge visit: Finance - monthly close","target":"https://intranet.corp.example/finance/monthly-close","network":{"domain":"intranet.corp.example","url":"https://intranet.corp.example/finance/monthly-close","direction":"outbound"},"detections":[],"severity_max":"none","detection_count":0,"provenance":{"raw_file":"raw/Windows.Applications.Edge.History/results.json","raw_row":24,"collection_id":"demo-wks-corp-01"}},
  {"schema_version":"1.0.0","row_hash":"54c8e90397b864c5da4792995621cecf77f3da2a4807d942477ad1a8b573c713","timestamp_utc":"2026-03-10T13:53:05.6310000Z","timestamp_desc":"EventTime","source":"service","artifact":"Windows.EventLogs.Evtx","collector_kind":"native","host":"WKS-CORP-01","host_id":"4f1c0a9e-0001-4a00-9c31-b0de51000001","user":"SYSTEM","message":"Service entered the running state: Windows Update (wuauserv)","target":"wuauserv","process":{"name":"services.exe","image_path":"C:\\Windows\\System32\\services.exe"},"event":{"channel":"System","provider":"Service Control Manager","event_id":7036,"record_id":4145,"level":"Information","computer":"WKS-CORP-01.eu.corp.example"},"detections":[],"severity_max":"none","detection_count":0,"provenance":{"raw_file":"raw/Windows.EventLogs.Evtx/results.json","raw_row":125,"collection_id":"demo-wks-corp-01"}},
  {"schema_version":"1.0.0","row_hash":"6419bfe6c02e2c3a9bad316270d28dcafe6c96f2e7a86e5bf4df80983af6d7df","timestamp_utc":"2026-03-10T13:59:33.7260000Z","timestamp_desc":"LastWriteTime","source":"system_info","artifact":"Windows.Sysinternals.Autoruns","collector_kind":"velociraptor","host":"WKS-CORP-01","host_id":"4f1c0a9e-0001-4a00-9c31-b0de51000001","user":"SYSTEM","message":"Autorun entry enumerated: OneDrive (signed, Microsoft Corporation)","target":"C:\\Program Files\\Microsoft OneDrive\\OneDrive.exe","file":{"path":"C:\\Program Files\\Microsoft OneDrive\\OneDrive.exe","name":"OneDrive.exe","extension":"exe","size_bytes":2823554,"signature_status":"signed_valid","signer":"Microsoft Corporation"},"detections":[],"severity_max":"none","detection_count":0,"provenance":{"raw_file":"raw/Windows.Sysinternals.Autoruns/results.json","raw_row":43,"collection_id":"demo-wks-corp-01"}},
  {"schema_version":"1.0.0","row_hash":"956e1965949b4296e3b2fc9debad72e6d44627e68fe577eefdadf797e6df3f22","timestamp_utc":"2026-03-10T14:04:13.5710000Z","timestamp_desc":"Modified","timestamp_source_field":"Mtime","source":"filesystem","artifact":"Windows.NTFS.MFT","collector_kind":"velociraptor","host":"WKS-CORP-01","host_id":"4f1c0a9e-0001-4a00-9c31-b0de51000001","user":"EU\\alice","message":"File modified: Q1-forecast.xlsx","target":"C:\\Users\\alice\\Documents\\Q1-forecast.xlsx","file":{"path":"C:\\Users\\alice\\Documents\\Q1-forecast.xlsx","name":"Q1-forecast.xlsx","extension":"xlsx","size_bytes":152100,"mft_entry":108462,"is_directory":false,"is_allocated":true},"detections":[],"severity_max":"none","detection_count":0,"provenance":{"raw_file":"raw/Windows.NTFS.MFT/results.json","raw_row":7,"collection_id":"demo-wks-corp-01"}},
  {"schema_version":"1.0.0","row_hash":"627e881bfb373c1ca785031dc5ac49cf905367b940e4b20b5a58b1802b609f92","timestamp_utc":"2026-03-10T14:09:27.0500000Z","timestamp_desc":"InstallDate","source":"usb_device","artifact":"Windows.Registry.USBSTOR","collector_kind":"velociraptor","host":"WKS-CORP-01","host_id":"4f1c0a9e-0001-4a00-9c31-b0de51000001","user":"EU\\alice","message":"Sanctioned encrypted USB volume connected (asset FIN-USB-04)","target":"USBSTOR\\Disk&Ven_Corp&Prod_SecureKey&Rev_1.0","registry":{"key":"HKLM\\SYSTEM\\CurrentControlSet\\Enum\\USBSTOR\\Disk&Ven_Corp&Prod_SecureKey&Rev_1.0","value_name":"FriendlyName","value_data":"Corp SecureKey USB Device","value_type":"REG_SZ","hive":"SYSTEM"},"detections":[],"severity_max":"none","detection_count":0,"provenance":{"raw_file":"raw/Windows.Registry.USBSTOR/results.json","raw_row":14,"collection_id":"demo-wks-corp-01"},"extra":{"serial_number":"FINUSB041674","volume_label":"FIN-USB-04"}},
  {"schema_version":"1.0.0","row_hash":"f19c17bae6e722178277c7f8daf7761385a3e4adbb58433e3d7302c91b4ab346","timestamp_utc":"2026-03-10T14:14:04.3320000Z","timestamp_desc":"LastWriteTime","source":"system_info","artifact":"Windows.Sysinternals.Autoruns","collector_kind":"velociraptor","host":"WKS-CORP-01","host_id":"4f1c0a9e-0001-4a00-9c31-b0de51000001","user":"SYSTEM","message":"Autorun entry enumerated: OneDrive (signed, Microsoft Corporation)","target":"C:\\Program Files\\Microsoft OneDrive\\OneDrive.exe","file":{"path":"C:\\Program Files\\Microsoft OneDrive\\OneDrive.exe","name":"OneDrive.exe","extension":"exe","size_bytes":2856392,"signature_status":"signed_valid","signer":"Microsoft Corporation"},"detections":[],"severity_max":"none","detection_count":0,"provenance":{"raw_file":"raw/Windows.Sysinternals.Autoruns/results.json","raw_row":51,"collection_id":"demo-wks-corp-01"}},
  {"schema_version":"1.0.0","row_hash":"9bde2f823b70eef048dfbfd1f5b0de62a924ff6930581a74eb28c8c5bcb1eaac","timestamp_utc":"2026-03-10T14:26:35.8900000Z","timestamp_desc":"LastWriteTime","source":"system_info","artifact":"Windows.Sysinternals.Autoruns","collector_kind":"velociraptor","host":"WKS-CORP-01","host_id":"4f1c0a9e-0001-4a00-9c31-b0de51000001","user":"SYSTEM","message":"Autorun entry enumerated: OneDrive (signed, Microsoft Corporation)","target":"C:\\Program Files\\Microsoft OneDrive\\OneDrive.exe","file":{"path":"C:\\Program Files\\Microsoft OneDrive\\OneDrive.exe","name":"OneDrive.exe","extension":"exe","size_bytes":2840880,"signature_status":"signed_valid","signer":"Microsoft Corporation"},"detections":[],"severity_max":"none","detection_count":0,"provenance":{"raw_file":"raw/Windows.Sysinternals.Autoruns/results.json","raw_row":27,"collection_id":"demo-wks-corp-01"}},
  {"schema_version":"1.0.0","row_hash":"ce62be8758e598970fe6d003e7695c3573d0112ffec4379209e6dbb80527d440","timestamp_utc":"2026-03-10T14:27:10.1000000Z","timestamp_desc":"InstallDate","source":"usb_device","artifact":"Windows.Registry.USBSTOR","collector_kind":"velociraptor","host":"WKS-CORP-01","host_id":"4f1c0a9e-0001-4a00-9c31-b0de51000001","user":"EU\\alice","message":"Sanctioned encrypted USB volume connected (asset FIN-USB-04)","target":"USBSTOR\\Disk&Ven_Corp&Prod_SecureKey&Rev_1.0","registry":{"key":"HKLM\\SYSTEM\\CurrentControlSet\\Enum\\USBSTOR\\Disk&Ven_Corp&Prod_SecureKey&Rev_1.0","value_name":"FriendlyName","value_data":"Corp SecureKey USB Device","value_type":"REG_SZ","hive":"SYSTEM"},"detections":[],"severity_max":"none","detection_count":0,"provenance":{"raw_file":"raw/Windows.Registry.USBSTOR/results.json","raw_row":54,"collection_id":"demo-wks-corp-01"},"extra":{"serial_number":"FINUSB048413","volume_label":"FIN-USB-04"}},
  {"schema_version":"1.0.0","row_hash":"82b46db60ad32da2bb8963fd045a50658ca4d83bf804ba7ede9b21913d943a94","timestamp_utc":"2026-03-10T14:27:15.7920000Z","timestamp_desc":"EventTime","source":"service","artifact":"Windows.EventLogs.Evtx","collector_kind":"native","host":"WKS-CORP-01","host_id":"4f1c0a9e-0001-4a00-9c31-b0de51000001","user":"SYSTEM","message":"Service entered the running state: Windows Update (wuauserv)","target":"wuauserv","process":{"name":"services.exe","image_path":"C:\\Windows\\System32\\services.exe"},"event":{"channel":"System","provider":"Service Control Manager","event_id":7036,"record_id":9967,"level":"Information","computer":"WKS-CORP-01.eu.corp.example"},"detections":[],"severity_max":"none","detection_count":0,"provenance":{"raw_file":"raw/Windows.EventLogs.Evtx/results.json","raw_row":173,"collection_id":"demo-wks-corp-01"}},
  {"schema_version":"1.0.0","row_hash":"e02aea7bb354fab0920587ecfebac37288625a70c4927f9c301aec7be1238acd","timestamp_utc":"2026-03-10T14:29:45.0780000Z","timestamp_desc":"LastExecuted","timestamp_source_field":"LastRunTimes","source":"execution","artifact":"Windows.Forensics.Prefetch","collector_kind":"velociraptor","host":"WKS-CORP-01","host_id":"4f1c0a9e-0001-4a00-9c31-b0de51000001","user":"EU\\alice","message":"EXCEL.EXE executed (prefetch run count 61)","target":"C:\\Program Files\\Microsoft Office\\root\\Office16\\EXCEL.EXE","process":{"name":"EXCEL.EXE","image_path":"C:\\Program Files\\Microsoft Office\\root\\Office16\\EXCEL.EXE","parent_name":"explorer.exe"},"detections":[],"severity_max":"none","detection_count":0,"provenance":{"raw_file":"raw/Windows.Forensics.Prefetch/results.json","raw_row":20,"collection_id":"demo-wks-corp-01"},"extra":{"prefetch_file":"EXCEL.EXE-1B7648E1.pf"}},
  {"schema_version":"1.0.0","row_hash":"6feefe7959c8494a70d7ebf3d8667ffd9183a8a55ddb9aed7590f21c9666c3c3","timestamp_utc":"2026-03-10T14:30:37.4270000Z","timestamp_desc":"LastWriteTime","source":"system_info","artifact":"Windows.Sysinternals.Autoruns","collector_kind":"velociraptor","host":"WKS-CORP-01","host_id":"4f1c0a9e-0001-4a00-9c31-b0de51000001","user":"SYSTEM","message":"Autorun entry enumerated: OneDrive (signed, Microsoft Corporation)","target":"C:\\Program Files\\Microsoft OneDrive\\OneDrive.exe","file":{"path":"C:\\Program Files\\Microsoft OneDrive\\OneDrive.exe","name":"OneDrive.exe","extension":"exe","size_bytes":2885735,"signature_status":"signed_valid","signer":"Microsoft Corporation"},"detections":[],"severity_max":"none","detection_count":0,"provenance":{"raw_file":"raw/Windows.Sysinternals.Autoruns/results.json","raw_row":75,"collection_id":"demo-wks-corp-01"}},
  {"schema_version":"1.0.0","row_hash":"b8f1f7e10ac1c85bf22da324a5e64945bcffd79048d0b893ce08e339b39045ab","timestamp_utc":"2026-03-10T14:31:26.3870000Z","timestamp_desc":"EventTime","source":"network","artifact":"Windows.Network.Netstat","collector_kind":"velociraptor","host":"WKS-CORP-01","host_id":"4f1c0a9e-0001-4a00-9c31-b0de51000001","user":"EU\\alice","message":"Outbound HTTPS session via corporate proxy","target":"10.0.5.9:8080","process":{"name":"MSEDGE.EXE","image_path":"C:\\Program Files (x86)\\Microsoft\\Edge\\Application\\msedge.exe","parent_name":"explorer.exe"},"network":{"src_ip":"10.0.5.41","src_port":51453,"dst_ip":"10.0.5.9","dst_port":8080,"protocol":"tcp","domain":"srv-corp-fs02.eu.corp.example","direction":"outbound","state":"ESTABLISHED"},"detections":[],"severity_max":"none","detection_count":0,"provenance":{"raw_file":"raw/Windows.Network.Netstat/results.json","raw_row":77,"collection_id":"demo-wks-corp-01"}},
  {"schema_version":"1.0.0","row_hash":"6beb0a81de5678620b7f278ae184f8a6f900ed39f29fd6637c8617dd2b7c1d15","timestamp_utc":"2026-03-10T14:48:00.8310000Z","timestamp_desc":"EventTime","timestamp_source_field":"System.TimeCreated.SystemTime","source":"eventlog","artifact":"Windows.EventLogs.Evtx","collector_kind":"native","host":"WKS-CORP-01","host_id":"4f1c0a9e-0001-4a00-9c31-b0de51000001","user":"EU\\alice","message":"An account was successfully logged on (interactive): EU\\alice","target":"EU\\alice","event":{"channel":"Security","provider":"Microsoft-Windows-Security-Auditing","event_id":4624,"record_id":304461,"level":"Information","computer":"WKS-CORP-01.eu.corp.example","logon_type":2,"logon_id":"0x3b23c"},"detections":[],"severity_max":"none","detection_count":0,"provenance":{"raw_file":"raw/Windows.EventLogs.Evtx/results.json","raw_row":99,"collection_id":"demo-wks-corp-01"}},
  {"schema_version":"1.0.0","row_hash":"d947ec72a9bd40f949c039197383aecdf9bea958b11d067becdf9e445e42286c","timestamp_utc":"2026-03-10T14:53:38.3730000Z","timestamp_desc":"InstallDate","source":"usb_device","artifact":"Windows.Registry.USBSTOR","collector_kind":"velociraptor","host":"WKS-CORP-01","host_id":"4f1c0a9e-0001-4a00-9c31-b0de51000001","user":"EU\\alice","message":"Sanctioned encrypted USB volume connected (asset FIN-USB-04)","target":"USBSTOR\\Disk&Ven_Corp&Prod_SecureKey&Rev_1.0","registry":{"key":"HKLM\\SYSTEM\\CurrentControlSet\\Enum\\USBSTOR\\Disk&Ven_Corp&Prod_SecureKey&Rev_1.0","value_name":"FriendlyName","value_data":"Corp SecureKey USB Device","value_type":"REG_SZ","hive":"SYSTEM"},"detections":[],"severity_max":"none","detection_count":0,"provenance":{"raw_file":"raw/Windows.Registry.USBSTOR/results.json","raw_row":46,"collection_id":"demo-wks-corp-01"},"extra":{"serial_number":"FINUSB043473","volume_label":"FIN-USB-04"}},
  {"schema_version":"1.0.0","row_hash":"d14b1be3ad4ca7ddf5f36297d221488af955daf02071ddbc3223abf9520552a2","timestamp_utc":"2026-03-10T14:55:28.0620000Z","timestamp_desc":"VisitTime","timestamp_source_field":"last_visit_time","source":"browser","artifact":"Windows.Applications.Edge.History","collector_kind":"velociraptor","host":"WKS-CORP-01","host_id":"4f1c0a9e-0001-4a00-9c31-b0de51000001","user":"EU\\alice","message":"Edge visit: HR - leave balance","target":"https://intranet.corp.example/hr/leave","network":{"domain":"intranet.corp.example","url":"https://intranet.corp.example/hr/leave","direction":"outbound"},"detections":[],"severity_max":"none","detection_count":0,"provenance":{"raw_file":"raw/Windows.Applications.Edge.History/results.json","raw_row":16,"collection_id":"demo-wks-corp-01"}},
  {"schema_version":"1.0.0","row_hash":"4d8cd9c8473ae984120c9dd550cf94f8d9a1bdb9533ff7d2755ad8097390b280","timestamp_utc":"2026-03-10T15:00:11.5650000Z","timestamp_desc":"EventTime","source":"service","artifact":"Windows.EventLogs.Evtx","collector_kind":"native","host":"WKS-CORP-01","host_id":"4f1c0a9e-0001-4a00-9c31-b0de51000001","user":"SYSTEM","message":"Service entered the running state: Windows Update (wuauserv)","target":"wuauserv","process":{"name":"services.exe","image_path":"C:\\Windows\\System32\\services.exe"},"event":{"channel":"System","provider":"Service Control Manager","event_id":7036,"record_id":8417,"level":"Information","computer":"WKS-CORP-01.eu.corp.example"},"detections":[],"severity_max":"none","detection_count":0,"provenance":{"raw_file":"raw/Windows.EventLogs.Evtx/results.json","raw_row":149,"collection_id":"demo-wks-corp-01"}},
  {"schema_version":"1.0.0","row_hash":"da36d40c504a6c2d62ad1aa34c2dbfd2fe551bd737d0ba915303d4f334744c32","timestamp_utc":"2026-03-10T15:08:57.5950000Z","timestamp_desc":"VisitTime","timestamp_source_field":"last_visit_time","source":"browser","artifact":"Windows.Applications.Edge.History","collector_kind":"velociraptor","host":"WKS-CORP-01","host_id":"4f1c0a9e-0001-4a00-9c31-b0de51000001","user":"EU\\alice","message":"Edge visit: HR - leave balance","target":"https://intranet.corp.example/hr/leave","network":{"domain":"intranet.corp.example","url":"https://intranet.corp.example/hr/leave","direction":"outbound"},"detections":[],"severity_max":"none","detection_count":0,"provenance":{"raw_file":"raw/Windows.Applications.Edge.History/results.json","raw_row":64,"collection_id":"demo-wks-corp-01"}},
  {"schema_version":"1.0.0","row_hash":"0173cdf001984d5135e285993d39323e92a9aae1c310a48eb81277c118485e61","timestamp_utc":"2026-03-10T15:11:01.7200000Z","timestamp_desc":"RunTime","source":"scheduled_task","artifact":"Windows.System.TaskScheduler","collector_kind":"velociraptor","host":"WKS-CORP-01","host_id":"4f1c0a9e-0001-4a00-9c31-b0de51000001","user":"SYSTEM","message":"Scheduled task ran: \\Microsoft\\Windows\\UpdateOrchestrator\\Schedule Scan","target":"\\Microsoft\\Windows\\UpdateOrchestrator\\Schedule Scan","detections":[],"severity_max":"none","detection_count":0,"provenance":{"raw_file":"raw/Windows.System.TaskScheduler/results.json","raw_row":52,"collection_id":"demo-wks-corp-01"},"extra":{"result_code":0,"run_duration_seconds":34,"task_author":"Microsoft Corporation"}},
  {"schema_version":"1.0.0","row_hash":"02da5e3ff3266fcf1b22cc9a56a88d13e4c4a2f662b09adfaa725b13afaf2233","timestamp_utc":"2026-03-10T15:19:58.5830000Z","timestamp_desc":"VisitTime","timestamp_source_field":"last_visit_time","source":"browser","artifact":"Windows.Applications.Edge.History","collector_kind":"velociraptor","host":"WKS-CORP-01","host_id":"4f1c0a9e-0001-4a00-9c31-b0de51000001","user":"EU\\alice","message":"Edge visit: Finance document library","target":"https://sharepoint.corp.example/sites/finance/Shared%20Documents","network":{"domain":"sharepoint.corp.example","url":"https://sharepoint.corp.example/sites/finance/Shared%20Documents","direction":"outbound"},"detections":[],"severity_max":"none","detection_count":0,"provenance":{"raw_file":"raw/Windows.Applications.Edge.History/results.json","raw_row":72,"collection_id":"demo-wks-corp-01"}},
  {"schema_version":"1.0.0","row_hash":"7df65d2cd33775aeb5ffe8d1502d0af42f1f99013400c462a081465a36403d09","timestamp_utc":"2026-03-10T15:24:41.9960000Z","timestamp_desc":"InstallDate","source":"usb_device","artifact":"Windows.Registry.USBSTOR","collector_kind":"velociraptor","host":"WKS-CORP-01","host_id":"4f1c0a9e-0001-4a00-9c31-b0de51000001","user":"EU\\alice","message":"Sanctioned encrypted USB volume connected (asset FIN-USB-04)","target":"USBSTOR\\Disk&Ven_Corp&Prod_SecureKey&Rev_1.0","registry":{"key":"HKLM\\SYSTEM\\CurrentControlSet\\Enum\\USBSTOR\\Disk&Ven_Corp&Prod_SecureKey&Rev_1.0","value_name":"FriendlyName","value_data":"Corp SecureKey USB Device","value_type":"REG_SZ","hive":"SYSTEM"},"detections":[],"severity_max":"none","detection_count":0,"provenance":{"raw_file":"raw/Windows.Registry.USBSTOR/results.json","raw_row":62,"collection_id":"demo-wks-corp-01"},"extra":{"serial_number":"FINUSB045029","volume_label":"FIN-USB-04"}},
  {"schema_version":"1.0.0","row_hash":"8848fcd20cbeee691d5472f827ebe9c3eaa2454821befb40fc470dc6707f5fc4","timestamp_utc":"2026-03-10T15:26:50.0310000Z","timestamp_desc":"Modified","timestamp_source_field":"Mtime","source":"filesystem","artifact":"Windows.NTFS.MFT","collector_kind":"velociraptor","host":"WKS-CORP-01","host_id":"4f1c0a9e-0001-4a00-9c31-b0de51000001","user":"EU\\alice","message":"File modified: payroll-summary.xlsx","target":"C:\\Users\\alice\\Documents\\payroll-summary.xlsx","file":{"path":"C:\\Users\\alice\\Documents\\payroll-summary.xlsx","name":"payroll-summary.xlsx","extension":"xlsx","size_bytes":226481,"mft_entry":122172,"is_directory":false,"is_allocated":true},"detections":[],"severity_max":"none","detection_count":0,"provenance":{"raw_file":"raw/Windows.NTFS.MFT/results.json","raw_row":23,"collection_id":"demo-wks-corp-01"}},
  {"schema_version":"1.0.0","row_hash":"7ced1b22b4bd9df0a40c98b4971ede6f2e70541f620710d11d59463a8829c4a7","timestamp_utc":"2026-03-10T15:30:54.5310000Z","timestamp_desc":"EventTime","timestamp_source_field":"System.TimeCreated.SystemTime","source":"eventlog","artifact":"Windows.EventLogs.Evtx","collector_kind":"native","host":"WKS-CORP-01","host_id":"4f1c0a9e-0001-4a00-9c31-b0de51000001","user":"EU\\bob","message":"An account was successfully logged on (interactive): EU\\bob","target":"EU\\bob","event":{"channel":"Security","provider":"Microsoft-Windows-Security-Auditing","event_id":4624,"record_id":327340,"level":"Information","computer":"WKS-CORP-01.eu.corp.example","logon_type":2,"logon_id":"0x35aa3"},"detections":[],"severity_max":"none","detection_count":0,"provenance":{"raw_file":"raw/Windows.EventLogs.Evtx/results.json","raw_row":171,"collection_id":"demo-wks-corp-01"}},
