  {"schema_version":"1.0.0","row_hash":"b7ae54f4f152b6fe0d1c6e4cbdc2ad20c7c1566a7ddbdf0a47883974f77b17cf","timestamp_utc":"2026-03-13T14:58:20.1770000Z","timestamp_desc":"EventTime","source":"service","artifact":"Windows.EventLogs.Evtx","collector_kind":"native","host":"SRV-CORP-FS02","host_id":"4f1c0a9e-0002-4a00-9c31-b0de51000002","user":"SYSTEM","message":"Service entered the running state: DFS Replication (DFSR)","target":"DFSR","process":{"name":"dfsrs.exe","image_path":"C:\\Windows\\System32\\DFSRs.exe","parent_name":"services.exe"},"event":{"channel":"System","provider":"Service Control Manager","event_id":7036,"record_id":8966,"level":"Information","computer":"SRV-CORP-FS02.eu.corp.example"},"detections":[],"severity_max":"none","detection_count":0,"provenance":{"raw_file":"raw/Windows.EventLogs.Evtx/results.json","raw_row":133,"collection_id":"demo-srv-corp-fs02"}},
  {"schema_version":"1.0.0","row_hash":"2038aa29a8ef95e89afb6338c7b5ba4659b6e04bfbbd24de350da372198633d6","timestamp_utc":"2026-03-13T14:59:36.0300000Z","timestamp_desc":"EventTime","source":"account","artifact":"Windows.EventLogs.Evtx","collector_kind":"native","host":"SRV-CORP-FS02","host_id":"4f1c0a9e-0002-4a00-9c31-b0de51000002","user":"EU\\SRV-CORP-FS02$","message":"Computer account password changed (machine account maintenance)","target":"EU\\SRV-CORP-FS02$","event":{"channel":"Security","provider":"Microsoft-Windows-Security-Auditing","event_id":4742,"record_id":363706,"level":"Information","computer":"SRV-CORP-FS02.eu.corp.example"},"detections":[],"severity_max":"none","detection_count":0,"provenance":{"raw_file":"raw/Windows.EventLogs.Evtx/results.json","raw_row":255,"collection_id":"demo-srv-corp-fs02"}},
  {"schema_version":"1.0.0","row_hash":"2ba635c30bf95a28f4b619304a34fd386a49f3cc352c91a7587db2c4ce656f57","timestamp_utc":"2026-03-13T15:09:40.8980000Z","timestamp_desc":"LastWriteTime","source":"registry","artifact":"Windows.Registry.Shares","collector_kind":"velociraptor","host":"SRV-CORP-FS02","host_id":"4f1c0a9e-0002-4a00-9c31-b0de51000002","user":"SYSTEM","message":"Share definition enumerated: Finance","target":"HKLM\\SYSTEM\\CurrentControlSet\\Services\\LanmanServer\\Shares\\Finance","registry":{"key":"HKLM\\SYSTEM\\CurrentControlSet\\Services\\LanmanServer\\Shares\\Finance","value_name":"Finance","value_data":"CSCFlags=0;MaxUses=4294967295;Path=D:\\Finance","value_type":"REG_MULTI_SZ","hive":"SYSTEM"},"detections":[],"severity_max":"none","detection_count":0,"provenance":{"raw_file":"raw/Windows.Registry.Shares/results.json","raw_row":36,"collection_id":"demo-srv-corp-fs02"},"extra":{"max_uses":4294967295,"slot":36}},
  {"schema_version":"1.0.0","row_hash":"163847ec6b772dd169c6ee23a3200ce3c5ddbb5dbe2de7f9eab99181e105ba8f","timestamp_utc":"2026-03-13T15:20:01.9400000Z","timestamp_desc":"EventTime","source":"account","artifact":"Windows.EventLogs.Evtx","collector_kind":"native","host":"SRV-CORP-FS02","host_id":"4f1c0a9e-0002-4a00-9c31-b0de51000002","user":"EU\\SRV-CORP-FS02$","message":"Computer account password changed (machine account maintenance)","target":"EU\\SRV-CORP-FS02$","event":{"channel":"Security","provider":"Microsoft-Windows-Security-Auditing","event_id":4742,"record_id":618936,"level":"Information","computer":"SRV-CORP-FS02.eu.corp.example"},"detections":[],"severity_max":"none","detection_count":0,"provenance":{"raw_file":"raw/Windows.EventLogs.Evtx/results.json","raw_row":47,"collection_id":"demo-srv-corp-fs02"}},
  {"schema_version":"1.0.0","row_hash":"93a4477a81b9b79c5bee74756f7172b7888dc4dfde2c306299df3de931692107","timestamp_utc":"2026-03-13T15:22:57.5410000Z","timestamp_desc":"LastWriteTime","source":"registry","artifact":"Windows.Registry.Shares","collector_kind":"velociraptor","host":"SRV-CORP-FS02","host_id":"4f1c0a9e-0002-4a00-9c31-b0de51000002","user":"SYSTEM","message":"Share definition enumerated: Finance","target":"HKLM\\SYSTEM\\CurrentControlSet\\Services\\LanmanServer\\Shares\\Finance","registry":{"key":"HKLM\\SYSTEM\\CurrentControlSet\\Services\\LanmanServer\\Shares\\Finance","value_name":"Finance","value_data":"CSCFlags=0;MaxUses=4294967295;Path=D:\\Finance","value_type":"REG_MULTI_SZ","hive":"SYSTEM"},"detections":[],"severity_max":"none","detection_count":0,"provenance":{"raw_file":"raw/Windows.Registry.Shares/results.json","raw_row":20,"collection_id":"demo-srv-corp-fs02"},"extra":{"max_uses":4294967295,"slot":9}},
  {"schema_version":"1.0.0","row_hash":"53eab6db5e320d0ad19552c0e4c5cfb7ea3d4c33b20736a936370e83703c0b9a","timestamp_utc":"2026-03-13T15:26:35.3330000Z","timestamp_desc":"RunTime","source":"scheduled_task","artifact":"Windows.System.TaskScheduler","collector_kind":"velociraptor","host":"SRV-CORP-FS02","host_id":"4f1c0a9e-0002-4a00-9c31-b0de51000002","user":"EU\\svc-backup","message":"Scheduled task ran: \\Corp\\NightlyShareBackup","target":"\\Corp\\NightlyShareBackup","detections":[],"severity_max":"none","detection_count":0,"provenance":{"raw_file":"raw/Windows.System.TaskScheduler/results.json","raw_row":14,"collection_id":"demo-srv-corp-fs02"},"extra":{"result_code":0,"run_duration_seconds":2483,"task_author":"EU\\bob"}},
  {"schema_version":"1.0.0","row_hash":"b91a0e2469512efb420f7d544718cf369c5291723849fac761fc9ea027761237","timestamp_utc":"2026-03-13T15:32:02.4080000Z","timestamp_desc":"EventTime","source":"service","artifact":"Windows.EventLogs.Evtx","collector_kind":"native","host":"SRV-CORP-FS02","host_id":"4f1c0a9e-0002-4a00-9c31-b0de51000002","user":"SYSTEM","message":"Service entered the running state: DFS Replication (DFSR)","target":"DFSR","process":{"name":"dfsrs.exe","image_path":"C:\\Windows\\System32\\DFSRs.exe","parent_name":"services.exe"},"event":{"channel":"System","provider":"Service Control Manager","event_id":7036,"record_id":9953,"level":"Information","computer":"SRV-CORP-FS02.eu.corp.example"},"detections":[],"severity_max":"none","detection_count":0,"provenance":{"raw_file":"raw/Windows.EventLogs.Evtx/results.json","raw_row":149,"collection_id":"demo-srv-corp-fs02"}},
  {"schema_version":"1.0.0","row_hash":"af87d6493d792ed296c4cfaed675d75071701e1839224f14cfbf6c78eb278575","timestamp_utc":"2026-03-13T15:36:33.0510000Z","timestamp_desc":"EventTime","timestamp_source_field":"System.TimeCreated.SystemTime","source":"eventlog","artifact":"Windows.EventLogs.Evtx","collector_kind":"native","host":"SRV-CORP-FS02","host_id":"4f1c0a9e-0002-4a00-9c31-b0de51000002","user":"EU\\Administrator","message":"Network share object accessed: \\\\SRV-CORP-FS02\\Finance by EU\\Administrator","target":"\\\\SRV-CORP-FS02\\Finance","network":{"src_ip":"10.0.5.42","dst_ip":"10.0.5.20","dst_port":445,"protocol":"tcp","direction":"inbound"},"event":{"channel":"Security","provider":"Microsoft-Windows-Security-Auditing","event_id":5140,"record_id":719871,"level":"Information","computer":"SRV-CORP-FS02.eu.corp.example","logon_type":3},"detections":[],"severity_max":"none","detection_count":0,"provenance":{"raw_file":"raw/Windows.EventLogs.Evtx/results.json","raw_row":92,"collection_id":"demo-srv-corp-fs02"}},
  {"schema_version":"1.0.0","row_hash":"13385ba91666ce69459d87548d8afef8649a4b8f121dd92f6d5db6a38e18e20d","timestamp_utc":"2026-03-13T15:43:56.2600000Z","timestamp_desc":"EventTime","source":"account","artifact":"Windows.EventLogs.Evtx","collector_kind":"native","host":"SRV-CORP-FS02","host_id":"4f1c0a9e-0002-4a00-9c31-b0de51000002","user":"EU\\SRV-CORP-FS02$","message":"Computer account password changed (machine account maintenance)","target":"EU\\SRV-CORP-FS02$","event":{"channel":"Security","provider":"Microsoft-Windows-Security-Auditing","event_id":4742,"record_id":778207,"level":"Information","computer":"SRV-CORP-FS02.eu.corp.example"},"detections":[],"severity_max":"none","detection_count":0,"provenance":{"raw_file":"raw/Windows.EventLogs.Evtx/results.json","raw_row":191,"collection_id":"demo-srv-corp-fs02"}},
  {"schema_version":"1.0.0","row_hash":"e89dd43237ef67264446cfb473debbe90d9c10636738057ded1199676968767d","timestamp_utc":"2026-03-13T15:44:43.6930000Z","timestamp_desc":"EventTime","source":"account","artifact":"Windows.EventLogs.Evtx","collector_kind":"native","host":"SRV-CORP-FS02","host_id":"4f1c0a9e-0002-4a00-9c31-b0de51000002","user":"EU\\SRV-CORP-FS02$","message":"Computer account password changed (machine account maintenance)","target":"EU\\SRV-CORP-FS02$","event":{"channel":"Security","provider":"Microsoft-Windows-Security-Auditing","event_id":4742,"record_id":522553,"level":"Information","computer":"SRV-CORP-FS02.eu.corp.example"},"detections":[],"severity_max":"none","detection_count":0,"provenance":{"raw_file":"raw/Windows.EventLogs.Evtx/results.json","raw_row":95,"collection_id":"demo-srv-corp-fs02"}},
  {"schema_version":"1.0.0","row_hash":"fc77b89e2e6f83c1500dcafcc31d7778716225c78ea4c98d3157ee923ea84dbe","timestamp_utc":"2026-03-13T15:59:03.8000000Z","timestamp_desc":"RunTime","source":"scheduled_task","artifact":"Windows.System.TaskScheduler","collector_kind":"velociraptor","host":"SRV-CORP-FS02","host_id":"4f1c0a9e-0002-4a00-9c31-b0de51000002","user":"EU\\svc-backup","message":"Scheduled task ran: \\Corp\\NightlyShareBackup","target":"\\Corp\\NightlyShareBackup","detections":[],"severity_max":"none","detection_count":0,"provenance":{"raw_file":"raw/Windows.System.TaskScheduler/results.json","raw_row":6,"collection_id":"demo-srv-corp-fs02"},"extra":{"result_code":0,"run_duration_seconds":2640,"task_author":"EU\\bob"}},
  {"schema_version":"1.0.0","row_hash":"c3500bde2d2653c451bcaeec72629a7a49bbd22da9065c4c8077e5b98468dd7c","timestamp_utc":"2026-03-13T16:10:21.3160000Z","timestamp_desc":"EventTime","source":"account","artifact":"Windows.EventLogs.Evtx","collector_kind":"native","host":"SRV-CORP-FS02","host_id":"4f1c0a9e-0002-4a00-9c31-b0de51000002","user":"EU\\SRV-CORP-FS02$","message":"Computer account password changed (machine account maintenance)","target":"EU\\SRV-CORP-FS02$","event":{"channel":"Security","provider":"Microsoft-Windows-Security-Auditing","event_id":4742,"record_id":402415,"level":"Information","computer":"SRV-CORP-FS02.eu.corp.example"},"detections":[],"severity_max":"none","detection_count":0,"provenance":{"raw_file":"raw/Windows.EventLogs.Evtx/results.json","raw_row":239,"collection_id":"demo-srv-corp-fs02"}},
  {"schema_version":"1.0.0","row_hash":"e4a181185661b32257dc220a9e791f21ce0a1105c98416294927454d2cb9725a","timestamp_utc":"2026-03-13T16:20:53.7300000Z","timestamp_desc":"EventTime","source":"service","artifact":"Windows.EventLogs.Evtx","collector_kind":"native","host":"SRV-CORP-FS02","host_id":"4f1c0a9e-0002-4a00-9c31-b0de51000002","user":"SYSTEM","message":"Service entered the running state: DFS Replication (DFSR)","target":"DFSR","process":{"name":"dfsrs.exe","image_path":"C:\\Windows\\System32\\DFSRs.exe","parent_name":"services.exe"},"event":{"channel":"System","provider":"Service Control Manager","event_id":7036,"record_id":10031,"level":"Information","computer":"SRV-CORP-FS02.eu.corp.example"},"detections":[],"severity_max":"none","detection_count":0,"provenance":{"raw_file":"raw/Windows.EventLogs.Evtx/results.json","raw_row":213,"collection_id":"demo-srv-corp-fs02"}},
  {"schema_version":"1.0.0","row_hash":"6d7ce40a6eb25d70c036421851e0e4e3e5a490370cfa2242d5c436fa02b1daed","timestamp_utc":"2026-03-13T16:39:20.2240000Z","timestamp_desc":"LastWriteTime","source":"registry","artifact":"Windows.Registry.Shares","collector_kind":"velociraptor","host":"SRV-CORP-FS02","host_id":"4f1c0a9e-0002-4a00-9c31-b0de51000002","user":"SYSTEM","message":"Share definition enumerated: Finance","target":"HKLM\\SYSTEM\\CurrentControlSet\\Services\\LanmanServer\\Shares\\Finance","registry":{"key":"HKLM\\SYSTEM\\CurrentControlSet\\Services\\LanmanServer\\Shares\\Finance","value_name":"Finance","value_data":"CSCFlags=0;MaxUses=4294967295;Path=D:\\Finance","value_type":"REG_MULTI_SZ","hive":"SYSTEM"},"detections":[],"severity_max":"none","detection_count":0,"provenance":{"raw_file":"raw/Windows.Registry.Shares/results.json","raw_row":12,"collection_id":"demo-srv-corp-fs02"},"extra":{"max_uses":4294967295,"slot":45}},
  {"schema_version":"1.0.0","row_hash":"f4478bed0d292a6d4a11810c488250fcfeae65494ea0fa19f37e7edee727720d","timestamp_utc":"2026-03-13T16:47:51.3830000Z","timestamp_desc":"LastWriteTime","source":"registry","artifact":"Windows.Registry.Shares","collector_kind":"velociraptor","host":"SRV-CORP-FS02","host_id":"4f1c0a9e-0002-4a00-9c31-b0de51000002","user":"SYSTEM","message":"Share definition enumerated: Finance","target":"HKLM\\SYSTEM\\CurrentControlSet\\Services\\LanmanServer\\Shares\\Finance","registry":{"key":"HKLM\\SYSTEM\\CurrentControlSet\\Services\\LanmanServer\\Shares\\Finance","value_name":"Finance","value_data":"CSCFlags=0;MaxUses=4294967295;Path=D:\\Finance","value_type":"REG_MULTI_SZ","hive":"SYSTEM"},"detections":[],"severity_max":"none","detection_count":0,"provenance":{"raw_file":"raw/Windows.Registry.Shares/results.json","raw_row":8,"collection_id":"demo-srv-corp-fs02"},"extra":{"max_uses":4294967295,"slot":18}},
  {"schema_version":"1.0.0","row_hash":"17d3a4bc59a1d624f6e2dc22b3f7ecd6bdd0eb61c09084e909d303ae26fe47e6","timestamp_utc":"2026-03-13T16:54:58.8920000Z","timestamp_desc":"EventTime","source":"account","artifact":"Windows.EventLogs.Evtx","collector_kind":"native","host":"SRV-CORP-FS02","host_id":"4f1c0a9e-0002-4a00-9c31-b0de51000002","user":"EU\\SRV-CORP-FS02$","message":"Computer account password changed (machine account maintenance)","target":"EU\\SRV-CORP-FS02$","event":{"channel":"Security","provider":"Microsoft-Windows-Security-Auditing","event_id":4742,"record_id":641514,"level":"Information","computer":"SRV-CORP-FS02.eu.corp.example"},"detections":[],"severity_max":"none","detection_count":0,"provenance":{"raw_file":"raw/Windows.EventLogs.Evtx/results.json","raw_row":15,"collection_id":"demo-srv-corp-fs02"}},
  {"schema_version":"1.0.0","row_hash":"c9cddf4885459fce0320e38b7162c9857ec956af0272f458cff0a9f6bd727012","timestamp_utc":"2026-03-13T16:57:41.1560000Z","timestamp_desc":"RunTime","source":"scheduled_task","artifact":"Windows.System.TaskScheduler","collector_kind":"velociraptor","host":"SRV-CORP-FS02","host_id":"4f1c0a9e-0002-4a00-9c31-b0de51000002","user":"EU\\svc-backup","message":"Scheduled task ran: \\Corp\\NightlyShareBackup","target":"\\Corp\\NightlyShareBackup","detections":[],"severity_max":"none","detection_count":0,"provenance":{"raw_file":"raw/Windows.System.TaskScheduler/results.json","raw_row":46,"collection_id":"demo-srv-corp-fs02"},"extra":{"result_code":0,"run_duration_seconds":2966,"task_author":"EU\\bob"}},
  {"schema_version":"1.0.0","row_hash":"981132cf1d65303a26a634a7fad3ce8f826b3d590f1e55ed2a14af0b43be66f5","timestamp_utc":"2026-03-13T17:31:17.6240000Z","timestamp_desc":"RunTime","source":"scheduled_task","artifact":"Windows.System.TaskScheduler","collector_kind":"velociraptor","host":"SRV-CORP-FS02","host_id":"4f1c0a9e-0002-4a00-9c31-b0de51000002","user":"EU\\svc-backup","message":"Scheduled task ran: \\Corp\\NightlyShareBackup","target":"\\Corp\\NightlyShareBackup","detections":[],"severity_max":"none","detection_count":0,"provenance":{"raw_file":"raw/Windows.System.TaskScheduler/results.json","raw_row":66,"collection_id":"demo-srv-corp-fs02"},"extra":{"result_code":0,"run_duration_seconds":1701,"task_author":"EU\\bob"}},
  {"schema_version":"1.0.0","row_hash":"034c32fc3bf5f7749e4d9dbd23e7ff6d9b8a0b0a346e83cbfd0f3e0e21b88105","timestamp_utc":"2026-03-13T17:51:54.1500000Z","timestamp_desc":"EventTime","source":"account","artifact":"Windows.EventLogs.Evtx","collector_kind":"native","host":"SRV-CORP-FS02","host_id":"4f1c0a9e-0002-4a00-9c31-b0de51000002","user":"EU\\SRV-CORP-FS02$","message":"Computer account password changed (machine account maintenance)","target":"EU\\SRV-CORP-FS02$","event":{"channel":"Security","provider":"Microsoft-Windows-Security-Auditing","event_id":4742,"record_id":575755,"level":"Information","computer":"SRV-CORP-FS02.eu.corp.example"},"detections":[],"severity_max":"none","detection_count":0,"provenance":{"raw_file":"raw/Windows.EventLogs.Evtx/results.json","raw_row":207,"collection_id":"demo-srv-corp-fs02"}},
  {"schema_version":"1.0.0","row_hash":"2f681e14d44807d71d70bcf9b0a84d5ab02c26345e61ddbb204aeb4a8cab1417","timestamp_utc":"2026-03-13T18:17:32.2810000Z","timestamp_desc":"EventTime","source":"service","artifact":"Windows.EventLogs.Evtx","collector_kind":"native","host":"SRV-CORP-FS02","host_id":"4f1c0a9e-0002-4a00-9c31-b0de51000002","user":"SYSTEM","message":"Service entered the running state: DFS Replication (DFSR)","target":"DFSR","process":{"name":"dfsrs.exe","image_path":"C:\\Windows\\System32\\DFSRs.exe","parent_name":"services.exe"},"event":{"channel":"System","provider":"Service Control Manager","event_id":7036,"record_id":7490,"level":"Information","computer":"SRV-CORP-FS02.eu.corp.example"},"detections":[],"severity_max":"none","detection_count":0,"provenance":{"raw_file":"raw/Windows.EventLogs.Evtx/results.json","raw_row":197,"collection_id":"demo-srv-corp-fs02"}},
  {"schema_version":"1.0.0","row_hash":"b8c03bdfdf47663cd45de43a58a6cc218b1af81e960b64bcf71051afb6bfd39c","timestamp_utc":"2026-03-13T18:26:07.2030000Z","timestamp_desc":"RunTime","source":"scheduled_task","artifact":"Windows.System.TaskScheduler","collector_kind":"velociraptor","host":"SRV-CORP-FS02","host_id":"4f1c0a9e-0002-4a00-9c31-b0de51000002","user":"EU\\svc-backup","message":"Scheduled task ran: \\Corp\\NightlyShareBackup","target":"\\Corp\\NightlyShareBackup","detections":[],"severity_max":"none","detection_count":0,"provenance":{"raw_file":"raw/Windows.System.TaskScheduler/results.json","raw_row":38,"collection_id":"demo-srv-corp-fs02"},"extra":{"result_code":0,"run_duration_seconds":1311,"task_author":"EU\\bob"}},
  {"schema_version":"1.0.0","row_hash":"a36d94aa50e080c9a3b64ceb669ac284a5a86420b672d291fa6168cbe4d8eb55","timestamp_utc":"2026-03-13T19:31:55.3000000Z","timestamp_desc":"EventTime","source":"account","artifact":"Windows.EventLogs.Evtx","collector_kind":"native","host":"SRV-CORP-FS02","host_id":"4f1c0a9e-0002-4a00-9c31-b0de51000002","user":"EU\\SRV-CORP-FS02$","message":"Computer account password changed (machine account maintenance)","target":"EU\\SRV-CORP-FS02$","event":{"channel":"Security","provider":"Microsoft-Windows-Security-Auditing","event_id":4742,"record_id":418449,"level":"Information","computer":"SRV-CORP-FS02.eu.corp.example"},"detections":[],"severity_max":"none","detection_count":0,"provenance":{"raw_file":"raw/Windows.EventLogs.Evtx/results.json","raw_row":79,"collection_id":"demo-srv-corp-fs02"}},
  {"schema_version":"1.0.0","row_hash":"d72a7bbc1c7c989414d77e55578abba98e4a0d30948a3ff1c18624f39be37090","timestamp_utc":"2026-03-13T19:39:02.5620000Z","timestamp_desc":"LastWriteTime","source":"registry","artifact":"Windows.Registry.Shares","collector_kind":"velociraptor","host":"SRV-CORP-FS02","host_id":"4f1c0a9e-0002-4a00-9c31-b0de51000002","user":"SYSTEM","message":"Share definition enumerated: Finance","target":"HKLM\\SYSTEM\\CurrentControlSet\\Services\\LanmanServer\\Shares\\Finance","registry":{"key":"HKLM\\SYSTEM\\CurrentControlSet\\Services\\LanmanServer\\Shares\\Finance","value_name":"Finance","value_data":"CSCFlags=0;MaxUses=4294967295;Path=D:\\Finance","value_type":"REG_MULTI_SZ","hive":"SYSTEM"},"detections":[],"severity_max":"none","detection_count":0,"provenance":{"raw_file":"raw/Windows.Registry.Shares/results.json","raw_row":0,"collection_id":"demo-srv-corp-fs02"},"extra":{"max_uses":4294967295,"slot":60}},
  {"schema_version":"1.0.0","row_hash":"7facf75138a0ea3c70eb521ad33b1b583babbf0ac92213daa25ca75527e8b992","timestamp_utc":"2026-03-13T19:39:11.3250000Z","timestamp_desc":"RunTime","source":"scheduled_task","artifact":"Windows.System.TaskScheduler","collector_kind":"velociraptor","host":"SRV-CORP-FS02","host_id":"4f1c0a9e-0002-4a00-9c31-b0de51000002","user":"EU\\svc-backup","message":"Scheduled task ran: \\Corp\\NightlyShareBackup","target":"\\Corp\\NightlyShareBackup","detections":[],"severity_max":"none","detection_count":0,"provenance":{"raw_file":"raw/Windows.System.TaskScheduler/results.json","raw_row":2,"collection_id":"demo-srv-corp-fs02"},"extra":{"result_code":0,"run_duration_seconds":2851,"task_author":"EU\\bob"}},
  {"schema_version":"1.0.0","row_hash":"c3a4d43f6f83886a81a0f38216fd8aff0ddff8f77245cf7fe72e8dde6f9b727e","timestamp_utc":"2026-03-13T22:30:58.2000000Z","timestamp_desc":"EventTime","timestamp_source_field":"System.TimeCreated.SystemTime","source":"eventlog","artifact":"Windows.EventLogs.Evtx","collector_kind":"native","host":"SRV-CORP-FS02","host_id":"4f1c0a9e-0002-4a00-9c31-b0de51000002","user":"EU\\alice","message":"Network share object accessed: \\\\SRV-CORP-FS02\\Finance by EU\\alice","target":"\\\\SRV-CORP-FS02\\Finance","network":{"src_ip":"10.0.5.42","dst_ip":"10.0.5.20","dst_port":445,"protocol":"tcp","direction":"inbound"},"event":{"channel":"Security","provider":"Microsoft-Windows-Security-Auditing","event_id":5140,"record_id":616755,"level":"Information","computer":"SRV-CORP-FS02.eu.corp.example","logon_type":3},"detections":[],"severity_max":"none","detection_count":0,"provenance":{"raw_file":"raw/Windows.EventLogs.Evtx/results.json","raw_row":124,"collection_id":"demo-srv-corp-fs02"}},
  {"schema_version":"1.0.0","row_hash":"5f52a03eb11cf31f6953b54b92d54035df724157f37ab2465705a3b16c8e111f","timestamp_utc":"2026-03-13T22:31:18.8460000Z","timestamp_desc":"EventTime","source":"account","artifact":"Windows.EventLogs.Evtx","collector_kind":"native","host":"SRV-CORP-FS02","host_id":"4f1c0a9e-0002-4a00-9c31-b0de51000002","user":"EU\\SRV-CORP-FS02$","message":"Computer account password changed (machine account maintenance)","target":"EU\\SRV-CORP-FS02$","event":{"channel":"Security","provider":"Microsoft-Windows-Security-Auditing","event_id":4742,"record_id":220606,"level":"Information","computer":"SRV-CORP-FS02.eu.corp.example"},"detections":[],"severity_max":"none","detection_count":0,"provenance":{"raw_file":"raw/Windows.EventLogs.Evtx/results.json","raw_row":63,"collection_id":"demo-srv-corp-fs02"}},
  {"schema_version":"1.0.0","row_hash":"a1338591f744fca34d223ebede50a17358be8e631173c82fd0264a4db21fe425","timestamp_utc":"2026-03-13T22:40:18.0000000Z","timestamp_desc":"ProcessStartTime","source":"execution","artifact":"Windows.EventLogs.Evtx","collector_kind":"native","host":"SRV-CORP-FS02","host_id":"4f1c0a9e-0002-4a00-9c31-b0de51000002","user":"SYSTEM","message":"Renamed archiver executed against the finance share with an encrypted-header password","target":"C:\\Windows\\Temp\\arch\\a.exe","hashes":{"md5":"32027c9d8304a62534b38ffcc55c08c7","sha1":"fba9edfdba3485b642f7abd7e8199d07d40b0aac","sha256":"5af8d60483f1c9ed88514c036bb429677ab0e8287d9e123e12359a85b84bff44"},"process":{"pid":5330,"ppid":4188,"name":"a.exe","image_path":"C:\\Windows\\Temp\\arch\\a.exe","command_line":"a.exe a -t7z -mhe=on -pR3dact3d C:\\Windows\\Temp\\arch\\fin-2026Q1.7z D:\\Finance\\2026Q1","parent_name":"upd.exe","integrity_level":"System","session_id":0,"user":"SYSTEM"},"event":{"channel":"Microsoft-Windows-Sysmon/Operational","provider":"Microsoft-Windows-Sysmon","event_id":1,"record_id":5601220,"level":"Information"},"detections":[{"engine":"sigma","rule_id":"demo-sigma-0029","rule_name":"Archive Created With Encrypted Headers By A Service Process","severity":"high","rule_author":"IRTriage demo rule pack","rule_description":"An archiver with a renamed executable produced a password-protected archive of a business data share.","rule_source":"sigma:demo-pack","mitre_techniques":["T1560.001","T1074.001"]}],"severity_max":"high","detection_count":1,"provenance":{"raw_file":"raw/Windows.EventLogs.Evtx/results.json","raw_row":284,"collection_id":"demo-srv-corp-fs02"}},
  {"schema_version":"1.0.0","row_hash":"c90d32691767c1402e7bd3fe617c26a5cbd842fa1d0f64bbe0a10352f0033b5e","timestamp_utc":"2026-03-13T22:58:02.0000000Z","timestamp_desc":"Created","source":"filesystem","artifact":"Windows.NTFS.MFT","collector_kind":"velociraptor","host":"SRV-CORP-FS02","host_id":"4f1c0a9e-0002-4a00-9c31-b0de51000002","user":"SYSTEM","message":"Staging archive written: fin-2026Q1.7z (3.4 GB) in C:\\Windows\\Temp","target":"C:\\Windows\\Temp\\arch\\fin-2026Q1.7z","file":{"path":"C:\\Windows\\Temp\\arch\\fin-2026Q1.7z","name":"fin-2026Q1.7z","extension":"7z","size_bytes":3612479488,"mft_entry":64990,"is_allocated":true},"hashes":{"md5":"b1bfb22d24f0c5547709309d16a3b389","sha1":"a3d3bac1bbc6a325020b226899afe7412bdcad0b","sha256":"e0f9e2e36d5ca08013ca6b33082e8c1ff881e3a23d278657e3e5ce585c8d81ba"},"detections":[{"engine":"sigma","rule_id":"demo-sigma-0030","rule_name":"Large Archive Staged In A System Temp Directory","severity":"high","rule_author":"IRTriage demo rule pack","rule_description":"A multi-gigabyte archive of business data was written to C:\\Windows\\Temp.","rule_source":"sigma:demo-pack","mitre_techniques":["T1074.001"]}],"severity_max":"high","detection_count":1,"provenance":{"raw_file":"raw/Windows.NTFS.MFT/results.json","raw_row":3,"collection_id":"demo-srv-corp-fs02"}},
  {"schema_version":"1.0.0","row_hash":"3552e2b79a2625d6dea56c489ede0edf1c89356063dd9e80075654edd9845d6e","timestamp_utc":"2026-03-13T23:05:44.0000000Z","timestamp_desc":"EventTime","source":"network","artifact":"Windows.Network.Netstat","collector_kind":"velociraptor","host":"SRV-CORP-FS02","host_id":"4f1c0a9e-0002-4a00-9c31-b0de51000002","user":"SYSTEM","message":"Sustained 3.4 GB outbound transfer to files-transfer-node.example over 47 minutes","target":"203.0.113.142:8443","process":{"pid":4188,"name":"upd.exe","image_path":"C:\\Windows\\upd.exe","user":"SYSTEM"},"network":{"src_ip":"10.0.5.20","src_port":49922,"dst_ip":"203.0.113.142","dst_port":8443,"protocol":"tcp","domain":"files-transfer-node.example","direction":"outbound","state":"ESTABLISHED"},"detections":[{"engine":"sigma","rule_id":"demo-sigma-0031","rule_name":"Large Outbound Transfer To A Newly Observed External Host","severity":"critical","rule_author":"IRTriage demo rule pack","rule_description":"Volume and destination are both unprecedented for this host; the byte count matches the staged archive exactly.","rule_source":"sigma:demo-pack","mitre_techniques":["T1041"]},{"engine":"hayabusa","rule_id":"demo-haya-0004","rule_name":"Exfil: Large Egress From Server","severity":"critical","rule_author":"IRTriage demo rule pack","rule_description":"Exfil: Large Egress From Server","rule_source":"hayabusa:demo-pack","mitre_techniques":["T1041"],"match_detail":"bytes_sent > 1 GB to external host"}],"severity_max":"critical","detection_count":2,"provenance":{"raw_file":"raw/Windows.Network.Netstat/results.json","raw_row":71,"collection_id":"demo-srv-corp-fs02"},"extra":{"bytes_received":1841664,"bytes_sent":3612479488,"duration_seconds":2820}},
  {"schema_version":"1.0.0","row_hash":"daace936b2606b7985f3fdd86570e713a52fbc0954afbd2b6b38b59fd5fd8211","timestamp_utc":"2026-03-13T23:56:12.0000000Z","timestamp_desc":"DeletedTime","source":"filesystem","artifact":"Windows.NTFS.USNJrnl","collector_kind":"velociraptor","host":"SRV-CORP-FS02","host_id":"4f1c0a9e-0002-4a00-9c31-b0de51000002","user":"SYSTEM","message":"Staging archive deleted after transfer completed (USN FILE_DELETE)","target":"C:\\Windows\\Temp\\arch\\fin-2026Q1.7z","file":{"path":"C:\\Windows\\Temp\\arch\\fin-2026Q1.7z","name":"fin-2026Q1.7z","extension":"7z","size_bytes":3612479488,"mft_entry":64990,"is_allocated":false},"detections":[{"engine":"sigma","rule_id":"demo-sigma-0032","rule_name":"Staged Archive Deleted Immediately After A Large Egress","severity":"high","rule_author":"IRTriage demo rule pack","rule_description":"The archive whose size matches the outbound transfer was deleted minutes after the transfer finished.","rule_source":"sigma:demo-pack","mitre_techniques":["T1070.004","T1074.001"]}],"severity_max":"high","detection_count":1,"provenance":{"raw_file":"raw/Windows.NTFS.USNJrnl/results.json","raw_row":0,"collection_id":"demo-srv-corp-fs02"},"extra":{"usn":184992104448,"usn_reason":"FILE_DELETE|CLOSE"}},
  {"schema_version":"1.0.0","row_hash":"14b7d10d5fa24b80ce66ed13a3a91cefc80ac82392b7a7ceb31b7948fdb82b30","timestamp_utc":"2026-03-14T00:12:41.0000000Z","timestamp_desc":"ProcessStartTime","source":"execution","artifact":"Windows.EventLogs.Evtx","collector_kind":"native","host":"SRV-CORP-FS02","host_id":"4f1c0a9e-0002-4a00-9c31-b0de51000002","user":"SYSTEM","message":"Event log cleared from the command line: wevtutil.exe cl Security","target":"C:\\Windows\\System32\\wevtutil.exe","process":{"pid":5740,"ppid":4188,"name":"wevtutil.exe","image_path":"C:\\Windows\\System32\\wevtutil.exe","command_line":"wevtutil.exe cl Security","parent_name":"upd.exe","integrity_level":"System","session_id":0,"user":"SYSTEM"},"event":{"channel":"Microsoft-Windows-Sysmon/Operational","provider":"Microsoft-Windows-Sysmon","event_id":1,"record_id":5602440,"level":"Information"},"detections":[{"engine":"sigma","rule_id":"demo-sigma-0033","rule_name":"Event Log Cleared Via wevtutil","severity":"high","rule_author":"IRTriage demo rule pack","rule_description":"wevtutil cl was executed against the Security channel.","rule_source":"sigma:demo-pack","mitre_techniques":["T1070.001"]}],"severity_max":"high","detection_count":1,"provenance":{"raw_file":"raw/Windows.EventLogs.Evtx/results.json","raw_row":285,"collection_id":"demo-srv-corp-fs02"}},
  {"schema_version":"1.0.0","row_hash":"c0da06181fe22c3c0f25d0d65249f6e29e0afeda261b8641916a7b0e0205c8d2","timestamp_utc":"2026-03-14T00:12:58.0000000Z","timestamp_desc":"EventTime","source":"eventlog","artifact":"Windows.EventLogs.Evtx","collector_kind":"native","host":"SRV-CORP-FS02","host_id":"4f1c0a9e-0002-4a00-9c31-b0de51000002","user":"SYSTEM","message":"The audit log was cleared (the last record before the gap)","target":"Security","event":{"channel":"Security","provider":"Microsoft-Windows-Eventlog","event_id":1102,"record_id":2211002,"level":"Information","computer":"SRV-CORP-FS02.eu.corp.example"},"detections":[{"engine":"sigma","rule_id":"demo-sigma-0034","rule_name":"Security Audit Log Cleared","severity":"high","rule_author":"IRTriage demo rule pack","rule_description":"Event 1102 indicates deliberate destruction of audit history.","rule_source":"sigma:demo-pack","mitre_techniques":["T1070.001"]}],"severity_max":"high","detection_count":1,"provenance":{"raw_file":"raw/Windows.EventLogs.Evtx/results.json","raw_row":286,"collection_id":"demo-srv-corp-fs02"}},
  {"schema_version":"1.0.0","row_hash":"f4d343d7b3b25932434f5b68deb3da5848fcde373ffcfb572136453b1bf50bc1","timestamp_utc":"2026-03-14T00:18:20.0000000Z","timestamp_desc":"ProcessStartTime","source":"execution","artifact":"Windows.EventLogs.Evtx","collector_kind":"native","host":"SRV-CORP-FS02","host_id":"4f1c0a9e-0002-4a00-9c31-b0de51000002","user":"SYSTEM","message":"All volume shadow copies deleted: vssadmin.exe delete shadows /all /quiet","target":"C:\\Windows\\System32\\vssadmin.exe","process":{"pid":5802,"ppid":4188,"name":"vssadmin.exe","image_path":"C:\\Windows\\System32\\vssadmin.exe","command_line":"vssadmin.exe delete shadows /all /quiet","parent_name":"upd.exe","integrity_level":"System","session_id":0,"user":"SYSTEM"},"event":{"channel":"Microsoft-Windows-Sysmon/Operational","provider":"Microsoft-Windows-Sysmon","event_id":1,"record_id":5602501,"level":"Information"},"detections":[{"engine":"sigma","rule_id":"demo-sigma-0035","rule_name":"Shadow Copy Deletion","severity":"critical","rule_author":"IRTriage demo rule pack","rule_description":"Deleting all shadow copies destroys the most useful recovery and forensic source on the host.","rule_source":"sigma:demo-pack","mitre_techniques":["T1490"]}],"severity_max":"critical","detection_count":1,"provenance":{"raw_file":"raw/Windows.EventLogs.Evtx/results.json","raw_row":287,"collection_id":"demo-srv-corp-fs02"}},
  {"schema_version":"1.0.0","row_hash":"3851dfd03e6f7b410a5b6e4c79c5a38c41b603ac2a6dd8ee8dec2c0cdb246aea","timestamp_utc":"2026-03-14T02:16:01.5950000Z","timestamp_desc":"EventTime","source":"system_info","artifact":"Windows.System.DiskInfo","collector_kind":"velociraptor","host":"SRV-CORP-FS02","host_id":"4f1c0a9e-0002-4a00-9c31-b0de51000002","user":"SYSTEM","message":"Volume D: capacity report: 88% used","target":"D:\\","detections":[],"severity_max":"none","detection_count":0,"provenance":{"raw_file":"raw/Windows.System.DiskInfo/results.json","raw_row":11,"collection_id":"demo-srv-corp-fs02"},"extra":{"file_system":"NTFS","size_bytes":4000787030016,"volume_label":"DATA"}},
  {"schema_version":"1.0.0","row_hash":"c5f01c687355c277c741ddb7b3f2a65acb98fbd766b977d20617e6a1d6c1a9d9","timestamp_utc":"2026-03-14T03:08:34.3970000Z","timestamp_desc":"LastExecuted","source":"execution","artifact":"Windows.Forensics.Prefetch","collector_kind":"velociraptor","host":"SRV-CORP-FS02","host_id":"4f1c0a9e-0002-4a00-9c31-b0de51000002","user":"EU\\bob","message":"ROBOCOPY.EXE executed (share maintenance)","target":"C:\\Windows\\System32\\Robocopy.exe","process":{"name":"ROBOCOPY.EXE","image_path":"C:\\Windows\\System32\\Robocopy.exe","command_line":"robocopy D:\\Finance\\2025Q4 E:\\Archive\\2025Q4 /MIR /R:1 /W:1","parent_name":"cmd.exe","user":"EU\\bob"},"detections":[],"severity_max":"none","detection_count":0,"provenance":{"raw_file":"raw/Windows.Forensics.Prefetch/results.json","raw_row":14,"collection_id":"demo-srv-corp-fs02"},"extra":{"prefetch_file":"ROBOCOPY.EXE-1BCDC4F4.pf"}},
  {"schema_version":"1.0.0","row_hash":"9b1ea3233f70e9c41a0df3d28c7efb005869146e488f455ba55c1fe7cb966f45","timestamp_utc":"2026-03-14T03:28:36.8880000Z","timestamp_desc":"EventTime","source":"network","artifact":"Windows.Network.Netstat","collector_kind":"velociraptor","host":"SRV-CORP-FS02","host_id":"4f1c0a9e-0002-4a00-9c31-b0de51000002","user":"EU\\svc-backup","message":"Backup stream to SRV-CORP-BK01","target":"10.0.10.14:10000","network":{"src_ip":"10.0.5.20","src_port":62342,"dst_ip":"10.0.10.14","dst_port":10000,"protocol":"tcp","direction":"outbound","state":"ESTABLISHED"},"detections":[],"severity_max":"none","detection_count":0,"provenance":{"raw_file":"raw/Windows.Network.Netstat/results.json","raw_row":6,"collection_id":"demo-srv-corp-fs02"}},
  {"schema_version":"1.0.0","row_hash":"e58daeb23af393cc017338393e20a557bbda73d6ce0f05b06921f73b2ee2eea8","timestamp_utc":"2026-03-14T03:52:59.3820000Z","timestamp_desc":"LastExecuted","source":"execution","artifact":"Windows.Forensics.Prefetch","collector_kind":"velociraptor","host":"SRV-CORP-FS02","host_id":"4f1c0a9e-0002-4a00-9c31-b0de51000002","user":"EU\\bob","message":"ROBOCOPY.EXE executed (share maintenance)","target":"C:\\Windows\\System32\\Robocopy.exe","process":{"name":"ROBOCOPY.EXE","image_path":"C:\\Windows\\System32\\Robocopy.exe","command_line":"robocopy D:\\Finance\\2025Q4 E:\\Archive\\2025Q4 /MIR /R:1 /W:1","parent_name":"cmd.exe","user":"EU\\bob"},"detections":[],"severity_max":"none","detection_count":0,"provenance":{"raw_file":"raw/Windows.Forensics.Prefetch/results.json","raw_row":6,"collection_id":"demo-srv-corp-fs02"},"extra":{"prefetch_file":"ROBOCOPY.EXE-11EF3CE3.pf"}},
  {"schema_version":"1.0.0","row_hash":"c3e891a1b5c45ecc53e4e1f53b71ec9b65745c30bb2efcaec1a252da387c3056","timestamp_utc":"2026-03-14T06:13:12.9110000Z","timestamp_desc":"EventTime","source":"network","artifact":"Windows.Network.Netstat","collector_kind":"velociraptor","host":"SRV-CORP-FS02","host_id":"4f1c0a9e-0002-4a00-9c31-b0de51000002","user":"EU\\svc-backup","message":"Backup stream to SRV-CORP-BK01","target":"10.0.10.14:10000","network":{"src_ip":"10.0.5.20","src_port":51497,"dst_ip":"10.0.10.14","dst_port":10000,"protocol":"tcp","direction":"outbound","state":"ESTABLISHED"},"detections":[],"severity_max":"none","detection_count":0,"provenance":{"raw_file":"raw/Windows.Network.Netstat/results.json","raw_row":46,"collection_id":"demo-srv-corp-fs02"}},
  {"schema_version":"1.0.0","row_hash":"f7b3ae4e2e5f1693eafa4d338785524a569d4acfcbb1167175c499ef07572beb","timestamp_utc":"2026-03-14T06:37:26.4290000Z","timestamp_desc":"EventTime","source":"network","artifact":"Windows.Network.Netstat","collector_kind":"velociraptor","host":"SRV-CORP-FS02","host_id":"4f1c0a9e-0002-4a00-9c31-b0de51000002","user":"EU\\svc-backup","message":"Backup stream to SRV-CORP-BK01","target":"10.0.10.14:10000","network":{"src_ip":"10.0.5.20","src_port":62416,"dst_ip":"10.0.10.14","dst_port":10000,"protocol":"tcp","direction":"outbound","state":"ESTABLISHED"},"detections":[],"severity_max":"none","detection_count":0,"provenance":{"raw_file":"raw/Windows.Network.Netstat/results.json","raw_row":14,"collection_id":"demo-srv-corp-fs02"}},
  {"schema_version":"1.0.0","row_hash":"5f12dbdfcb856fdf422f5e0814e1626d906022094fd267688b3785b50e4ffff0","timestamp_utc":"2026-03-14T07:48:37.1880000Z","timestamp_desc":"Modified","timestamp_source_field":"Mtime","source":"filesystem","artifact":"Generic.Collectors.File","collector_kind":"velociraptor","host":"SRV-CORP-FS02","host_id":"4f1c0a9e-0002-4a00-9c31-b0de51000002","user":"EU\\alice","message":"File modified on share: headcount-plan.xlsx","target":"D:\\Finance\\2026Q1\\headcount-plan.xlsx","file":{"path":"D:\\Finance\\2026Q1\\headcount-plan.xlsx","name":"headcount-plan.xlsx","extension":"xlsx","size_bytes":2104180,"is_directory":false,"is_allocated":true},"detections":[],"severity_max":"none","detection_count":0,"provenance":{"raw_file":"raw/Generic.Collectors.File/results.json","raw_row":55,"collection_id":"demo-srv-corp-fs02"}},
  {"schema_version":"1.0.0","row_hash":"6e2455f98f1e3d3c8a6723c7516d1c290275c145cb5fd7ca84bba7f6042d231f","timestamp_utc":"2026-03-14T07:52:02.0710000Z","timestamp_desc":"LastExecuted","source":"execution","artifact":"Windows.Forensics.Prefetch","collector_kind":"velociraptor","host":"SRV-CORP-FS02","host_id":"4f1c0a9e-0002-4a00-9c31-b0de51000002","user":"EU\\bob","message":"ROBOCOPY.EXE executed (share maintenance)","target":"C:\\Windows\\System32\\Robocopy.exe","process":{"name":"ROBOCOPY.EXE","image_path":"C:\\Windows\\System32\\Robocopy.exe","command_line":"robocopy D:\\Finance\\2025Q4 E:\\Archive\\2025Q4 /MIR /R:1 /W:1","parent_name":"cmd.exe","user":"EU\\bob"},"detections":[],"severity_max":"none","detection_count":0,"provenance":{"raw_file":"raw/Windows.Forensics.Prefetch/results.json","raw_row":58,"collection_id":"demo-srv-corp-fs02"},"extra":{"prefetch_file":"ROBOCOPY.EXE-1B396D50.pf"}},
  {"schema_version":"1.0.0","row_hash":"d1a75007b6b267f6d9a95b6e4d5f12d207c3b27396d318650f6bfdaaf2c3d036","timestamp_utc":"2026-03-14T08:15:29.8120000Z","timestamp_desc":"EventTime","source":"log","artifact":"Windows.EventLogs.Evtx","collector_kind":"native","host":"SRV-CORP-FS02","host_id":"4f1c0a9e-0002-4a00-9c31-b0de51000002","user":"SYSTEM","message":"Volume shadow copy created for D: (nightly backup, 2 snapshots retained)","target":"D:\\","event":{"channel":"Application","provider":"VSS","event_id":8224,"record_id":1509,"level":"Information","computer":"SRV-CORP-FS02.eu.corp.example"},"detections":[],"severity_max":"none","detection_count":0,"provenance":{"raw_file":"raw/Windows.EventLogs.Evtx/results.json","raw_row":178,"collection_id":"demo-srv-corp-fs02"}},
  {"schema_version":"1.0.0","row_hash":"8fb9ad8415dfd1720248ad089b5929615fbf316e08558b4e90387ebf1579a9c9","timestamp_utc":"2026-03-14T08:20:26.5970000Z","timestamp_desc":"EventTime","source":"system_info","artifact":"Windows.System.DiskInfo","collector_kind":"velociraptor","host":"SRV-CORP-FS02","host_id":"4f1c0a9e-0002-4a00-9c31-b0de51000002","user":"SYSTEM","message":"Volume D: capacity report: 60% used","target":"D:\\","detections":[],"severity_max":"none","detection_count":0,"provenance":{"raw_file":"raw/Windows.System.DiskInfo/results.json","raw_row":35,"collection_id":"demo-srv-corp-fs02"},"extra":{"file_system":"NTFS","size_bytes":4000787030016,"volume_label":"DATA"}},
  {"schema_version":"1.0.0","row_hash":"50ecfd73e43308c777acc84bc19f173626e4d283c6390f39b841d84e64cd2269","timestamp_utc":"2026-03-14T08:22:45.9670000Z","timestamp_desc":"LastExecuted","source":"execution","artifact":"Windows.Forensics.Prefetch","collector_kind":"velociraptor","host":"SRV-CORP-FS02","host_id":"4f1c0a9e-0002-4a00-9c31-b0de51000002","user":"EU\\bob","message":"ROBOCOPY.EXE executed (share maintenance)","target":"C:\\Windows\\System32\\Robocopy.exe","process":{"name":"ROBOCOPY.EXE","image_path":"C:\\Windows\\System32\\Robocopy.exe","command_line":"robocopy D:\\Finance\\2025Q4 E:\\Archive\\2025Q4 /MIR /R:1 /W:1","parent_name":"cmd.exe","user":"EU\\bob"},"detections":[],"severity_max":"none","detection_count":0,"provenance":{"raw_file":"raw/Windows.Forensics.Prefetch/results.json","raw_row":62,"collection_id":"demo-srv-corp-fs02"},"extra":{"prefetch_file":"ROBOCOPY.EXE-18F6E97F.pf"}},
  {"schema_version":"1.0.0","row_hash":"9d6ec5299b0f04858bd0e211152e074ddd66d1590055d337bb8a1bde34edcfa5","timestamp_utc":"2026-03-14T08:34:24.7320000Z","timestamp_desc":"EventTime","source":"log","artifact":"Windows.EventLogs.Evtx","collector_kind":"native","host":"SRV-CORP-FS02","host_id":"4f1c0a9e-0002-4a00-9c31-b0de51000002","user":"SYSTEM","message":"Volume shadow copy created for D: (nightly backup, 4 snapshots retained)","target":"D:\\","event":{"channel":"Application","provider":"VSS","event_id":8224,"record_id":3427,"level":"Information","computer":"SRV-CORP-FS02.eu.corp.example"},"detections":[],"severity_max":"none","detection_count":0,"provenance":{"raw_file":"raw/Windows.EventLogs.Evtx/results.json","raw_row":50,"collection_id":"demo-srv-corp-fs02"}},
  {"schema_version":"1.0.0","row_hash":"a0e0d077f2d55daac8cd4a3eb8341d658a3c6ef902e3096ccc9364b23cdf0c27","timestamp_utc":"2026-03-14T08:35:07.3440000Z","timestamp_desc":"LastExecuted","source":"execution","artifact":"Windows.Forensics.Prefetch","collector_kind":"velociraptor","host":"SRV-CORP-FS02","host_id":"4f1c0a9e-0002-4a00-9c31-b0de51000002","user":"EU\\bob","message":"ROBOCOPY.EXE executed (share maintenance)","target":"C:\\Windows\\System32\\Robocopy.exe","process":{"name":"ROBOCOPY.EXE","image_path":"C:\\Windows\\System32\\Robocopy.exe","command_line":"robocopy D:\\Finance\\2025Q4 E:\\Archive\\2025Q4 /MIR /R:1 /W:1","parent_name":"cmd.exe","user":"EU\\bob"},"detections":[],"severity_max":"none","detection_count":0,"provenance":{"raw_file":"raw/Windows.Forensics.Prefetch/results.json","raw_row":66,"collection_id":"demo-srv-corp-fs02"},"extra":{"prefetch_file":"ROBOCOPY.EXE-1CA61673.pf"}},
  {"schema_version":"1.0.0","row_hash":"2be0a4281030bcfd365730e287a3183c197f77efdb5f366070b1d7460dcb61a2","timestamp_utc":"2026-03-14T08:39:16.4540000Z","timestamp_desc":"Modified","timestamp_source_field":"Mtime","source":"filesystem","artifact":"Generic.Collectors.File","collector_kind":"velociraptor","host":"SRV-CORP-FS02","host_id":"4f1c0a9e-0002-4a00-9c31-b0de51000002","user":"EU\\alice","message":"File modified on share: contract-renewal.docx","target":"D:\\Finance\\Audit\\contract-renewal.docx","file":{"path":"D:\\Finance\\Audit\\contract-renewal.docx","name":"contract-renewal.docx","extension":"docx","size_bytes":4504216,"is_directory":false,"is_allocated":true},"detections":[],"severity_max":"none","detection_count":0,"provenance":{"raw_file":"raw/Generic.Collectors.File/results.json","raw_row":27,"collection_id":"demo-srv-corp-fs02"}},
  {"schema_version":"1.0.0","row_hash":"b50387ddaf438b678c44a09bf3b1f9a1c62d6b31bdce4c60947872a260568abe","timestamp_utc":"2026-03-14T09:10:48.1200000Z","timestamp_desc":"LastExecuted","source":"execution","artifact":"Windows.Forensics.Prefetch","collector_kind":"velociraptor","host":"SRV-CORP-FS02","host_id":"4f1c0a9e-0002-4a00-9c31-b0de51000002","user":"EU\\bob","message":"ROBOCOPY.EXE executed (share maintenance)","target":"C:\\Windows\\System32\\Robocopy.exe","process":{"name":"ROBOCOPY.EXE","image_path":"C:\\Windows\\System32\\Robocopy.exe","command_line":"robocopy D:\\Finance\\2025Q4 E:\\Archive\\2025Q4 /MIR /R:1 /W:1","parent_name":"cmd.exe","user":"EU\\bob"},"detections":[],"severity_max":"none","detection_count":0,"provenance":{"raw_file":"raw/Windows.Forensics.Prefetch/results.json","raw_row":38,"collection_id":"demo-srv-corp-fs02"},"extra":{"prefetch_file":"ROBOCOPY.EXE-1E5267A0.pf"}},
  {"schema_version":"1.0.0","row_hash":"50ba4e1fe8d7c900cf8d32a84c9a1a65ca1d4022e829bfe8f95207b555081ac4","timestamp_utc":"2026-03-14T09:15:56.9870000Z","timestamp_desc":"EventTime","source":"log","artifact":"Windows.EventLogs.Evtx","collector_kind":"native","host":"SRV-CORP-FS02","host_id":"4f1c0a9e-0002-4a00-9c31-b0de51000002","user":"SYSTEM","message":"Volume shadow copy created for D: (nightly backup, 6 snapshots retained)","target":"D:\\","event":{"channel":"Application","provider":"VSS","event_id":8224,"record_id":1710,"level":"Information","computer":"SRV-CORP-FS02.eu.corp.example"},"detections":[],"severity_max":"none","detection_count":0,"provenance":{"raw_file":"raw/Windows.EventLogs.Evtx/results.json","raw_row":146,"collection_id":"demo-srv-corp-fs02"}},
  {"schema_version":"1.0.0","row_hash":"97e9265e3b822e8da46f3847f1bab6f81135e782ada9fba915aebc274379a522","timestamp_utc":"2026-03-14T09:36:01.9260000Z","timestamp_desc":"EventTime","source":"log","artifact":"Windows.EventLogs.Evtx","collector_kind":"native","host":"SRV-CORP-FS02","host_id":"4f1c0a9e-0002-4a00-9c31-b0de51000002","user":"SYSTEM","message":"Volume shadow copy created for D: (nightly backup, 8 snapshots retained)","target":"D:\\","event":{"channel":"Application","provider":"VSS","event_id":8224,"record_id":2090,"level":"Information","computer":"SRV-CORP-FS02.eu.corp.example"},"detections":[],"severity_max":"none","detection_count":0,"provenance":{"raw_file":"raw/Windows.EventLogs.Evtx/results.json","raw_row":2,"collection_id":"demo-srv-corp-fs02"}},
