  {"schema_version":"1.0.0","row_hash":"6dd70d9dbeb0854bf8ca960f8712ff6fc3289bd8f3922013f0e7e6a1146963c2","timestamp_utc":"2026-03-12T12:48:15.0820000Z","timestamp_desc":"Modified","timestamp_source_field":"Mtime","source":"filesystem","artifact":"Windows.NTFS.MFT","collector_kind":"velociraptor","host":"WKS-CORP-01","host_id":"4f1c0a9e-0001-4a00-9c31-b0de51000001","user":"EU\\alice","message":"File modified: board-pack-march.pptx","target":"C:\\Users\\alice\\Documents\\board-pack-march.pptx","file":{"path":"C:\\Users\\alice\\Documents\\board-pack-march.pptx","name":"board-pack-march.pptx","extension":"pptx","size_bytes":261413,"mft_entry":94067,"is_directory":false,"is_allocated":true},"detections":[],"severity_max":"none","detection_count":0,"provenance":{"raw_file":"raw/Windows.NTFS.MFT/results.json","raw_row":21,"collection_id":"demo-wks-corp-01"}},
  {"schema_version":"1.0.0","row_hash":"b3efd353ea25a5ffdf45742bd1362ac5712260b97bb5f679b4c58157e9f8cdba","timestamp_utc":"2026-03-12T12:54:42.8190000Z","timestamp_desc":"LastExecuted","timestamp_source_field":"LastRunTimes","source":"execution","artifact":"Windows.Forensics.Prefetch","collector_kind":"velociraptor","host":"WKS-CORP-01","host_id":"4f1c0a9e-0001-4a00-9c31-b0de51000001","user":"EU\\alice","message":"MSEDGE.EXE executed (prefetch run count 87)","target":"C:\\Program Files (x86)\\Microsoft\\Edge\\Application\\msedge.exe","process":{"name":"MSEDGE.EXE","image_path":"C:\\Program Files (x86)\\Microsoft\\Edge\\Application\\msedge.exe","parent_name":"explorer.exe"},"detections":[],"severity_max":"none","detection_count":0,"provenance":{"raw_file":"raw/Windows.Forensics.Prefetch/results.json","raw_row":66,"collection_id":"demo-wks-corp-01"},"extra":{"prefetch_file":"MSEDGE.EXE-145FEF74.pf"}},
  {"schema_version":"1.0.0","row_hash":"7902a79f449d803a07953982f805247bd9414a9730a6f9026f339c7f1e82bb67","timestamp_utc":"2026-03-12T13:09:35.7940000Z","timestamp_desc":"InstallDate","source":"usb_device","artifact":"Windows.Registry.USBSTOR","collector_kind":"velociraptor","host":"WKS-CORP-01","host_id":"4f1c0a9e-0001-4a00-9c31-b0de51000001","user":"EU\\alice","message":"Sanctioned encrypted USB volume connected (asset FIN-USB-04)","target":"USBSTOR\\Disk&Ven_Corp&Prod_SecureKey&Rev_1.0","registry":{"key":"HKLM\\SYSTEM\\CurrentControlSet\\Enum\\USBSTOR\\Disk&Ven_Corp&Prod_SecureKey&Rev_1.0","value_name":"FriendlyName","value_data":"Corp SecureKey USB Device","value_type":"REG_SZ","hive":"SYSTEM"},"detections":[],"severity_max":"none","detection_count":0,"provenance":{"raw_file":"raw/Windows.Registry.USBSTOR/results.json","raw_row":4,"collection_id":"demo-wks-corp-01"},"extra":{"serial_number":"FINUSB041441","volume_label":"FIN-USB-04"}},
  {"schema_version":"1.0.0","row_hash":"5d063b85a00b898fba7f2b3645c4126eb8ba8627757bc8c97524d8fac1873d87","timestamp_utc":"2026-03-12T13:09:39.5890000Z","timestamp_desc":"LastWriteTime","timestamp_source_field":"LastModified","source":"registry","artifact":"Windows.Registry.AppCompatCache","collector_kind":"velociraptor","host":"WKS-CORP-01","host_id":"4f1c0a9e-0001-4a00-9c31-b0de51000001","user":"SYSTEM","message":"AppCompatCache entry: MSEDGE.EXE","target":"C:\\Program Files (x86)\\Microsoft\\Edge\\Application\\msedge.exe","registry":{"key":"HKLM\\SYSTEM\\CurrentControlSet\\Control\\Session Manager\\AppCompatCache","value_name":"AppCompatCache","value_data":"C:\\Program Files (x86)\\Microsoft\\Edge\\Application\\msedge.exe","value_type":"REG_BINARY","hive":"SYSTEM"},"detections":[],"severity_max":"none","detection_count":0,"provenance":{"raw_file":"raw/Windows.Registry.AppCompatCache/results.json","raw_row":57,"collection_id":"demo-wks-corp-01"},"extra":{"cache_slot":56}},
  {"schema_version":"1.0.0","row_hash":"3e10a59c5aa3e4ce7b6f7049fe2cd8da444d00efa0931312f34d286954455fe5","timestamp_utc":"2026-03-12T13:12:53.1960000Z","timestamp_desc":"RunTime","source":"scheduled_task","artifact":"Windows.System.TaskScheduler","collector_kind":"velociraptor","host":"WKS-CORP-01","host_id":"4f1c0a9e-0001-4a00-9c31-b0de51000001","user":"SYSTEM","message":"Scheduled task ran: \\Microsoft\\Windows\\UpdateOrchestrator\\Schedule Scan","target":"\\Microsoft\\Windows\\UpdateOrchestrator\\Schedule Scan","detections":[],"severity_max":"none","detection_count":0,"provenance":{"raw_file":"raw/Windows.System.TaskScheduler/results.json","raw_row":58,"collection_id":"demo-wks-corp-01"},"extra":{"result_code":0,"run_duration_seconds":34,"task_author":"Microsoft Corporation"}},
  {"schema_version":"1.0.0","row_hash":"8f7e4b060c465b27ab3227e43af5f3067f557d7d72ec503f8a24247b9acc0f9e","timestamp_utc":"2026-03-12T13:21:06.7490000Z","timestamp_desc":"RunTime","source":"scheduled_task","artifact":"Windows.System.TaskScheduler","collector_kind":"velociraptor","host":"WKS-CORP-01","host_id":"4f1c0a9e-0001-4a00-9c31-b0de51000001","user":"SYSTEM","message":"Scheduled task ran: \\Microsoft\\Windows\\UpdateOrchestrator\\Schedule Scan","target":"\\Microsoft\\Windows\\UpdateOrchestrator\\Schedule Scan","detections":[],"severity_max":"none","detection_count":0,"provenance":{"raw_file":"raw/Windows.System.TaskScheduler/results.json","raw_row":2,"collection_id":"demo-wks-corp-01"},"extra":{"result_code":0,"run_duration_seconds":28,"task_author":"Microsoft Corporation"}},
  {"schema_version":"1.0.0","row_hash":"74d2bd863fb7499b25da7c0974642b16ac8eab7fc9c36f11a78fcc7fd40b8b2c","timestamp_utc":"2026-03-12T13:23:24.1150000Z","timestamp_desc":"VisitTime","timestamp_source_field":"last_visit_time","source":"browser","artifact":"Windows.Applications.Edge.History","collector_kind":"velociraptor","host":"WKS-CORP-01","host_id":"4f1c0a9e-0001-4a00-9c31-b0de51000001","user":"EU\\alice","message":"Edge visit: Company news","target":"https://intranet.corp.example/news","network":{"domain":"intranet.corp.example","url":"https://intranet.corp.example/news","direction":"outbound"},"detections":[],"severity_max":"none","detection_count":0,"provenance":{"raw_file":"raw/Windows.Applications.Edge.History/results.json","raw_row":30,"collection_id":"demo-wks-corp-01"}},
  {"schema_version":"1.0.0","row_hash":"e7b00bc06c2a27522bc5a3daa3225a16c61767a28c064dfc7a5a9225b115c710","timestamp_utc":"2026-03-12T13:31:58.3150000Z","timestamp_desc":"LastWriteTime","timestamp_source_field":"LastModified","source":"registry","artifact":"Windows.Registry.AppCompatCache","collector_kind":"velociraptor","host":"WKS-CORP-01","host_id":"4f1c0a9e-0001-4a00-9c31-b0de51000001","user":"SYSTEM","message":"AppCompatCache entry: MSEDGE.EXE","target":"C:\\Program Files (x86)\\Microsoft\\Edge\\Application\\msedge.exe","registry":{"key":"HKLM\\SYSTEM\\CurrentControlSet\\Control\\Session Manager\\AppCompatCache","value_name":"AppCompatCache","value_data":"C:\\Program Files (x86)\\Microsoft\\Edge\\Application\\msedge.exe","value_type":"REG_BINARY","hive":"SYSTEM"},"detections":[],"severity_max":"none","detection_count":0,"provenance":{"raw_file":"raw/Windows.Registry.AppCompatCache/results.json","raw_row":81,"collection_id":"demo-wks-corp-01"},"extra":{"cache_slot":312}},
  {"schema_version":"1.0.0","row_hash":"9fd6ac58190e07f37345451c7964575f42b2af95fc56ae7669337bbfbd3460fe","timestamp_utc":"2026-03-12T13:36:13.5690000Z","timestamp_desc":"EventTime","source":"service","artifact":"Windows.EventLogs.Evtx","collector_kind":"native","host":"WKS-CORP-01","host_id":"4f1c0a9e-0001-4a00-9c31-b0de51000001","user":"SYSTEM","message":"Service entered the running state: Windows Update (wuauserv)","target":"wuauserv","process":{"name":"services.exe","image_path":"C:\\Windows\\System32\\services.exe"},"event":{"channel":"System","provider":"Service Control Manager","event_id":7036,"record_id":4282,"level":"Information","computer":"WKS-CORP-01.eu.corp.example"},"detections":[],"severity_max":"none","detection_count":0,"provenance":{"raw_file":"raw/Windows.EventLogs.Evtx/results.json","raw_row":119,"collection_id":"demo-wks-corp-01"}},
  {"schema_version":"1.0.0","row_hash":"99249796d35e2ca13f1573ac59f3c0119618a82bdfb0e3f6a655b7a7ee045e76","timestamp_utc":"2026-03-12T13:39:41.3130000Z","timestamp_desc":"EventTime","source":"log","artifact":"Windows.EventLogs.Evtx","collector_kind":"native","host":"WKS-CORP-01","host_id":"4f1c0a9e-0001-4a00-9c31-b0de51000001","user":"SYSTEM","message":"Antimalware definitions updated to 1.421.347.0","target":"Microsoft-Windows-Windows Defender/Operational","process":{"name":"MsMpEng.exe","parent_name":"services.exe"},"event":{"channel":"Microsoft-Windows-Windows Defender/Operational","provider":"Microsoft-Windows-Windows-Defender","event_id":2000,"record_id":8391,"level":"Information","computer":"WKS-CORP-01.eu.corp.example"},"detections":[],"severity_max":"none","detection_count":0,"provenance":{"raw_file":"raw/Windows.EventLogs.Evtx/results.json","raw_row":232,"collection_id":"demo-wks-corp-01"}},
  {"schema_version":"1.0.0","row_hash":"7864f8ec2a6357ec3ce11392ea5592547e5c251d52932657dbe92b09f69e3b15","timestamp_utc":"2026-03-12T13:50:52.6160000Z","timestamp_desc":"EventTime","source":"network","artifact":"Windows.Network.Netstat","collector_kind":"velociraptor","host":"WKS-CORP-01","host_id":"4f1c0a9e-0001-4a00-9c31-b0de51000001","user":"EU\\alice","message":"Outbound HTTPS session via corporate proxy","target":"10.0.5.9:8080","process":{"name":"MSEDGE.EXE","image_path":"C:\\Program Files (x86)\\Microsoft\\Edge\\Application\\msedge.exe","parent_name":"explorer.exe"},"network":{"src_ip":"10.0.5.41","src_port":60877,"dst_ip":"10.0.5.9","dst_port":8080,"protocol":"tcp","domain":"sharepoint.corp.example","direction":"outbound","state":"ESTABLISHED"},"detections":[],"severity_max":"none","detection_count":0,"provenance":{"raw_file":"raw/Windows.Network.Netstat/results.json","raw_row":75,"collection_id":"demo-wks-corp-01"}},
  {"schema_version":"1.0.0","row_hash":"1c0df70c51e9c28124209f6bdafd051d6ea1849505b06ca0b7fd79f6318facaf","timestamp_utc":"2026-03-12T14:11:12.9890000Z","timestamp_desc":"EventTime","source":"log","artifact":"Windows.EventLogs.Evtx","collector_kind":"native","host":"WKS-CORP-01","host_id":"4f1c0a9e-0001-4a00-9c31-b0de51000001","user":"SYSTEM","message":"Antimalware definitions updated to 1.421.303.0","target":"Microsoft-Windows-Windows Defender/Operational","process":{"name":"MsMpEng.exe","parent_name":"services.exe"},"event":{"channel":"Microsoft-Windows-Windows Defender/Operational","provider":"Microsoft-Windows-Windows-Defender","event_id":2000,"record_id":6386,"level":"Information","computer":"WKS-CORP-01.eu.corp.example"},"detections":[],"severity_max":"none","detection_count":0,"provenance":{"raw_file":"raw/Windows.EventLogs.Evtx/results.json","raw_row":160,"collection_id":"demo-wks-corp-01"}},
  {"schema_version":"1.0.0","row_hash":"98e7d770783f94d26ed26896eaf9be7cc90765b055b97243c012ebf9dd1b7179","timestamp_utc":"2026-03-12T14:22:15.4080000Z","timestamp_desc":"Modified","timestamp_source_field":"Mtime","source":"filesystem","artifact":"Windows.NTFS.MFT","collector_kind":"velociraptor","host":"WKS-CORP-01","host_id":"4f1c0a9e-0001-4a00-9c31-b0de51000001","user":"EU\\alice","message":"File modified: expenses-feb.xlsx","target":"C:\\Users\\alice\\Documents\\expenses-feb.xlsx","file":{"path":"C:\\Users\\alice\\Documents\\expenses-feb.xlsx","name":"expenses-feb.xlsx","extension":"xlsx","size_bytes":395812,"mft_entry":94772,"is_directory":false,"is_allocated":true},"detections":[],"severity_max":"none","detection_count":0,"provenance":{"raw_file":"raw/Windows.NTFS.MFT/results.json","raw_row":37,"collection_id":"demo-wks-corp-01"}},
  {"schema_version":"1.0.0","row_hash":"3458d48183601cab324364126a8d9370e37e5e65c696f14097ae43f9e33f7472","timestamp_utc":"2026-03-12T14:23:43.2200000Z","timestamp_desc":"LastWriteTime","source":"system_info","artifact":"Windows.Sysinternals.Autoruns","collector_kind":"velociraptor","host":"WKS-CORP-01","host_id":"4f1c0a9e-0001-4a00-9c31-b0de51000001","user":"SYSTEM","message":"Autorun entry enumerated: OneDrive (signed, Microsoft Corporation)","target":"C:\\Program Files\\Microsoft OneDrive\\OneDrive.exe","file":{"path":"C:\\Program Files\\Microsoft OneDrive\\OneDrive.exe","name":"OneDrive.exe","extension":"exe","size_bytes":2867349,"signature_status":"signed_valid","signer":"Microsoft Corporation"},"detections":[],"severity_max":"none","detection_count":0,"provenance":{"raw_file":"raw/Windows.Sysinternals.Autoruns/results.json","raw_row":57,"collection_id":"demo-wks-corp-01"}},
  {"schema_version":"1.0.0","row_hash":"be1f157e15c1fcb440aeff1cc8677c9f04c28c35c3e7c9e5feb3781f72e5bc90","timestamp_utc":"2026-03-12T14:27:46.9940000Z","timestamp_desc":"EventTime","source":"log","artifact":"Windows.EventLogs.Evtx","collector_kind":"native","host":"WKS-CORP-01","host_id":"4f1c0a9e-0001-4a00-9c31-b0de51000001","user":"SYSTEM","message":"Antimalware definitions updated to 1.421.364.0","target":"Microsoft-Windows-Windows Defender/Operational","process":{"name":"MsMpEng.exe","parent_name":"services.exe"},"event":{"channel":"Microsoft-Windows-Windows Defender/Operational","provider":"Microsoft-Windows-Windows-Defender","event_id":2000,"record_id":3112,"level":"Information","computer":"WKS-CORP-01.eu.corp.example"},"detections":[],"severity_max":"none","detection_count":0,"provenance":{"raw_file":"raw/Windows.EventLogs.Evtx/results.json","raw_row":112,"collection_id":"demo-wks-corp-01"}},
  {"schema_version":"1.0.0","row_hash":"49df70d996af55772e16ff2aa36ea8ed7d6dd3b20d38c88c5669d5d102158535","timestamp_utc":"2026-03-12T14:28:58.5800000Z","timestamp_desc":"VisitTime","timestamp_source_field":"last_visit_time","source":"browser","artifact":"Windows.Applications.Edge.History","collector_kind":"velociraptor","host":"WKS-CORP-01","host_id":"4f1c0a9e-0001-4a00-9c31-b0de51000001","user":"EU\\alice","message":"Edge visit: HR - leave balance","target":"https://intranet.corp.example/hr/leave","network":{"domain":"intranet.corp.example","url":"https://intranet.corp.example/hr/leave","direction":"outbound"},"detections":[],"severity_max":"none","detection_count":0,"provenance":{"raw_file":"raw/Windows.Applications.Edge.History/results.json","raw_row":46,"collection_id":"demo-wks-corp-01"}},
  {"schema_version":"1.0.0","row_hash":"f494c6b605eb36adb89ae1a58390f8eec58a358c71894e21893898a9394e842d","timestamp_utc":"2026-03-12T14:33:20.7550000Z","timestamp_desc":"InstallDate","source":"usb_device","artifact":"Windows.Registry.USBSTOR","collector_kind":"velociraptor","host":"WKS-CORP-01","host_id":"4f1c0a9e-0001-4a00-9c31-b0de51000001","user":"EU\\alice","message":"Sanctioned encrypted USB volume connected (asset FIN-USB-04)","target":"USBSTOR\\Disk&Ven_Corp&Prod_SecureKey&Rev_1.0","registry":{"key":"HKLM\\SYSTEM\\CurrentControlSet\\Enum\\USBSTOR\\Disk&Ven_Corp&Prod_SecureKey&Rev_1.0","value_name":"FriendlyName","value_data":"Corp SecureKey USB Device","value_type":"REG_SZ","hive":"SYSTEM"},"detections":[],"severity_max":"none","detection_count":0,"provenance":{"raw_file":"raw/Windows.Registry.USBSTOR/results.json","raw_row":68,"collection_id":"demo-wks-corp-01"},"extra":{"serial_number":"FINUSB048942","volume_label":"FIN-USB-04"}},
  {"schema_version":"1.0.0","row_hash":"b74dc07d63fbe6d7a0af20a4ad070a7f17bd461102cbe37fab5101f9a4f03c53","timestamp_utc":"2026-03-12T14:38:02.3160000Z","timestamp_desc":"VisitTime","timestamp_source_field":"last_visit_time","source":"browser","artifact":"Windows.Applications.Edge.History","collector_kind":"velociraptor","host":"WKS-CORP-01","host_id":"4f1c0a9e-0001-4a00-9c31-b0de51000001","user":"EU\\alice","message":"Edge visit: Finance document library","target":"https://sharepoint.corp.example/sites/finance/Shared%20Documents","network":{"domain":"sharepoint.corp.example","url":"https://sharepoint.corp.example/sites/finance/Shared%20Documents","direction":"outbound"},"detections":[],"severity_max":"none","detection_count":0,"provenance":{"raw_file":"raw/Windows.Applications.Edge.History/results.json","raw_row":6,"collection_id":"demo-wks-corp-01"}},
  {"schema_version":"1.0.0","row_hash":"c17ea3d13f7a4311720f889cbce899b03885af4d31c31594e4f7ce68c15ee779","timestamp_utc":"2026-03-12T14:38:02.9310000Z","timestamp_desc":"VisitTime","timestamp_source_field":"last_visit_time","source":"browser","artifact":"Windows.Applications.Edge.History","collector_kind":"velociraptor","host":"WKS-CORP-01","host_id":"4f1c0a9e-0001-4a00-9c31-b0de51000001","user":"EU\\alice","message":"Edge visit: IT service desk","target":"https://intranet.corp.example/it/servicedesk","network":{"domain":"intranet.corp.example","url":"https://intranet.corp.example/it/servicedesk","direction":"outbound"},"detections":[],"severity_max":"none","detection_count":0,"provenance":{"raw_file":"raw/Windows.Applications.Edge.History/results.json","raw_row":38,"collection_id":"demo-wks-corp-01"}},
  {"schema_version":"1.0.0","row_hash":"5d5eee674bfacc0a3689d0e836d75fce96a5213405ad26308d9a288a9138e283","timestamp_utc":"2026-03-12T14:39:47.3870000Z","timestamp_desc":"VisitTime","timestamp_source_field":"last_visit_time","source":"browser","artifact":"Windows.Applications.Edge.History","collector_kind":"velociraptor","host":"WKS-CORP-01","host_id":"4f1c0a9e-0001-4a00-9c31-b0de51000001","user":"EU\\alice","message":"Edge visit: Finance document library","target":"https://sharepoint.corp.example/sites/finance/Shared%20Documents","network":{"domain":"sharepoint.corp.example","url":"https://sharepoint.corp.example/sites/finance/Shared%20Documents","direction":"outbound"},"detections":[],"severity_max":"none","detection_count":0,"provenance":{"raw_file":"raw/Windows.Applications.Edge.History/results.json","raw_row":54,"collection_id":"demo-wks-corp-01"}},
  {"schema_version":"1.0.0","row_hash":"3e97f5ddfe469287fd9db6c81eaf23b8a4ff781ae12167cc9db52df999c10b06","timestamp_utc":"2026-03-12T14:57:29.7490000Z","timestamp_desc":"LastWriteTime","timestamp_source_field":"LastModified","source":"registry","artifact":"Windows.Registry.AppCompatCache","collector_kind":"velociraptor","host":"WKS-CORP-01","host_id":"4f1c0a9e-0001-4a00-9c31-b0de51000001","user":"SYSTEM","message":"AppCompatCache entry: EXCEL.EXE","target":"C:\\Program Files\\Microsoft Office\\root\\Office16\\EXCEL.EXE","registry":{"key":"HKLM\\SYSTEM\\CurrentControlSet\\Control\\Session Manager\\AppCompatCache","value_name":"AppCompatCache","value_data":"C:\\Program Files\\Microsoft Office\\root\\Office16\\EXCEL.EXE","value_type":"REG_BINARY","hive":"SYSTEM"},"detections":[],"severity_max":"none","detection_count":0,"provenance":{"raw_file":"raw/Windows.Registry.AppCompatCache/results.json","raw_row":1,"collection_id":"demo-wks-corp-01"},"extra":{"cache_slot":865}},
  {"schema_version":"1.0.0","row_hash":"ab5c66d81a6e1d76582fbcd3cb25c88d90d394fb714b86742dc8ddf54d928d3f","timestamp_utc":"2026-03-12T15:08:10.0960000Z","timestamp_desc":"LastWriteTime","source":"system_info","artifact":"Windows.Sysinternals.Autoruns","collector_kind":"velociraptor","host":"WKS-CORP-01","host_id":"4f1c0a9e-0001-4a00-9c31-b0de51000001","user":"SYSTEM","message":"Autorun entry enumerated: OneDrive (signed, Microsoft Corporation)","target":"C:\\Program Files\\Microsoft OneDrive\\OneDrive.exe","file":{"path":"C:\\Program Files\\Microsoft OneDrive\\OneDrive.exe","name":"OneDrive.exe","extension":"exe","size_bytes":2878626,"signature_status":"signed_valid","signer":"Microsoft Corporation"},"detections":[],"severity_max":"none","detection_count":0,"provenance":{"raw_file":"raw/Windows.Sysinternals.Autoruns/results.json","raw_row":33,"collection_id":"demo-wks-corp-01"}},
  {"schema_version":"1.0.0","row_hash":"2080d2b1759c336b1850195ebb155702fd6875d90c1e1132e6d15de6a2c0f169","timestamp_utc":"2026-03-12T15:16:36.4540000Z","timestamp_desc":"LastWriteTime","source":"system_info","artifact":"Windows.Sysinternals.Autoruns","collector_kind":"velociraptor","host":"WKS-CORP-01","host_id":"4f1c0a9e-0001-4a00-9c31-b0de51000001","user":"SYSTEM","message":"Autorun entry enumerated: OneDrive (signed, Microsoft Corporation)","target":"C:\\Program Files\\Microsoft OneDrive\\OneDrive.exe","file":{"path":"C:\\Program Files\\Microsoft OneDrive\\OneDrive.exe","name":"OneDrive.exe","extension":"exe","size_bytes":2876741,"signature_status":"signed_valid","signer":"Microsoft Corporation"},"detections":[],"severity_max":"none","detection_count":0,"provenance":{"raw_file":"raw/Windows.Sysinternals.Autoruns/results.json","raw_row":9,"collection_id":"demo-wks-corp-01"}},
  {"schema_version":"1.0.0","row_hash":"1c6707202cea5557c740ada97985070688e83b04b273d871bb7e3c10818dabdb","timestamp_utc":"2026-03-12T15:20:04.6610000Z","timestamp_desc":"EventTime","source":"network","artifact":"Windows.Network.Netstat","collector_kind":"velociraptor","host":"WKS-CORP-01","host_id":"4f1c0a9e-0001-4a00-9c31-b0de51000001","user":"EU\\alice","message":"Outbound HTTPS session via corporate proxy","target":"10.0.5.9:8080","process":{"name":"MSEDGE.EXE","image_path":"C:\\Program Files (x86)\\Microsoft\\Edge\\Application\\msedge.exe","parent_name":"explorer.exe"},"network":{"src_ip":"10.0.5.41","src_port":59465,"dst_ip":"10.0.5.9","dst_port":8080,"protocol":"tcp","domain":"mail.corp.example","direction":"outbound","state":"ESTABLISHED"},"detections":[],"severity_max":"none","detection_count":0,"provenance":{"raw_file":"raw/Windows.Network.Netstat/results.json","raw_row":3,"collection_id":"demo-wks-corp-01"}},
  {"schema_version":"1.0.0","row_hash":"b289b7c126d83d1ce0959cfaff2105261af5458db2cb2f20cad2c0213751488f","timestamp_utc":"2026-03-12T15:26:58.1100000Z","timestamp_desc":"EventTime","source":"network","artifact":"Windows.Network.Netstat","collector_kind":"velociraptor","host":"WKS-CORP-01","host_id":"4f1c0a9e-0001-4a00-9c31-b0de51000001","user":"EU\\alice","message":"Outbound HTTPS session via corporate proxy","target":"10.0.5.9:8080","process":{"name":"MSEDGE.EXE","image_path":"C:\\Program Files (x86)\\Microsoft\\Edge\\Application\\msedge.exe","parent_name":"explorer.exe"},"network":{"src_ip":"10.0.5.41","src_port":59882,"dst_ip":"10.0.5.9","dst_port":8080,"protocol":"tcp","domain":"dc-eu-01.eu.corp.example","direction":"outbound","state":"ESTABLISHED"},"detections":[],"severity_max":"none","detection_count":0,"provenance":{"raw_file":"raw/Windows.Network.Netstat/results.json","raw_row":43,"collection_id":"demo-wks-corp-01"}},
  {"schema_version":"1.0.0","row_hash":"a33cfe0518b33538ade9c42c729eab57f2520fa8a123f1b080b132fab2dce722","timestamp_utc":"2026-03-12T15:42:27.3390000Z","timestamp_desc":"RunTime","source":"scheduled_task","artifact":"Windows.System.TaskScheduler","collector_kind":"velociraptor","host":"WKS-CORP-01","host_id":"4f1c0a9e-0001-4a00-9c31-b0de51000001","user":"SYSTEM","message":"Scheduled task ran: \\Microsoft\\Windows\\UpdateOrchestrator\\Schedule Scan","target":"\\Microsoft\\Windows\\UpdateOrchestrator\\Schedule Scan","detections":[],"severity_max":"none","detection_count":0,"provenance":{"raw_file":"raw/Windows.System.TaskScheduler/results.json","raw_row":74,"collection_id":"demo-wks-corp-01"},"extra":{"result_code":0,"run_duration_seconds":4,"task_author":"Microsoft Corporation"}},
  {"schema_version":"1.0.0","row_hash":"a71632f6e4cd2ffbd57935c59f6d6c02633541b2271fd97db2b0416d4a96dbe0","timestamp_utc":"2026-03-12T15:48:57.3650000Z","timestamp_desc":"LastWriteTime","timestamp_source_field":"LastModified","source":"registry","artifact":"Windows.Registry.AppCompatCache","collector_kind":"velociraptor","host":"WKS-CORP-01","host_id":"4f1c0a9e-0001-4a00-9c31-b0de51000001","user":"SYSTEM","message":"AppCompatCache entry: OUTLOOK.EXE","target":"C:\\Program Files\\Microsoft Office\\root\\Office16\\OUTLOOK.EXE","registry":{"key":"HKLM\\SYSTEM\\CurrentControlSet\\Control\\Session Manager\\AppCompatCache","value_name":"AppCompatCache","value_data":"C:\\Program Files\\Microsoft Office\\root\\Office16\\OUTLOOK.EXE","value_type":"REG_BINARY","hive":"SYSTEM"},"detections":[],"severity_max":"none","detection_count":0,"provenance":{"raw_file":"raw/Windows.Registry.AppCompatCache/results.json","raw_row":9,"collection_id":"demo-wks-corp-01"},"extra":{"cache_slot":995}},
  {"schema_version":"1.0.0","row_hash":"9456bf015935919e40fd2ce40c3515aa144e23b9ea5f7b71d0a232ed02106e0f","timestamp_utc":"2026-03-12T15:50:21.9750000Z","timestamp_desc":"EventTime","source":"service","artifact":"Windows.EventLogs.Evtx","collector_kind":"native","host":"WKS-CORP-01","host_id":"4f1c0a9e-0001-4a00-9c31-b0de51000001","user":"SYSTEM","message":"Service entered the running state: Windows Update (wuauserv)","target":"wuauserv","process":{"name":"services.exe","image_path":"C:\\Windows\\System32\\services.exe"},"event":{"channel":"System","provider":"Service Control Manager","event_id":7036,"record_id":4682,"level":"Information","computer":"WKS-CORP-01.eu.corp.example"},"detections":[],"severity_max":"none","detection_count":0,"provenance":{"raw_file":"raw/Windows.EventLogs.Evtx/results.json","raw_row":95,"collection_id":"demo-wks-corp-01"}},
  {"schema_version":"1.0.0","row_hash":"b39644b0ee863409c08318295add20d81485a518d546db290ab30aaf40976a97","timestamp_utc":"2026-03-12T15:54:33.6790000Z","timestamp_desc":"InstallDate","source":"usb_device","artifact":"Windows.Registry.USBSTOR","collector_kind":"velociraptor","host":"WKS-CORP-01","host_id":"4f1c0a9e-0001-4a00-9c31-b0de51000001","user":"EU\\alice","message":"Sanctioned encrypted USB volume connected (asset FIN-USB-04)","target":"USBSTOR\\Disk&Ven_Corp&Prod_SecureKey&Rev_1.0","registry":{"key":"HKLM\\SYSTEM\\CurrentControlSet\\Enum\\USBSTOR\\Disk&Ven_Corp&Prod_SecureKey&Rev_1.0","value_name":"FriendlyName","value_data":"Corp SecureKey USB Device","value_type":"REG_SZ","hive":"SYSTEM"},"detections":[],"severity_max":"none","detection_count":0,"provenance":{"raw_file":"raw/Windows.Registry.USBSTOR/results.json","raw_row":12,"collection_id":"demo-wks-corp-01"},"extra":{"serial_number":"FINUSB041923","volume_label":"FIN-USB-04"}},
  {"schema_version":"1.0.0","row_hash":"e564f88c12b3da48feb19b1c0a2f938948d4c3418515900e1ecb309b7650326f","timestamp_utc":"2026-03-12T15:56:31.0580000Z","timestamp_desc":"VisitTime","timestamp_source_field":"last_visit_time","source":"browser","artifact":"Windows.Applications.Edge.History","collector_kind":"velociraptor","host":"WKS-CORP-01","host_id":"4f1c0a9e-0001-4a00-9c31-b0de51000001","user":"EU\\alice","message":"Edge visit: Finance - monthly close","target":"https://intranet.corp.example/finance/monthly-close","network":{"domain":"intranet.corp.example","url":"https://intranet.corp.example/finance/monthly-close","direction":"outbound"},"detections":[],"severity_max":"none","detection_count":0,"provenance":{"raw_file":"raw/Windows.Applications.Edge.History/results.json","raw_row":22,"collection_id":"demo-wks-corp-01"}},
  {"schema_version":"1.0.0","row_hash":"14c4a7c45fec5e2eab6c747c9474219db78a9885e4ea24d3bcdbacb2f3fa73d5","timestamp_utc":"2026-03-12T16:10:33.3470000Z","timestamp_desc":"EventTime","timestamp_source_field":"System.TimeCreated.SystemTime","source":"eventlog","artifact":"Windows.EventLogs.Evtx","collector_kind":"native","host":"WKS-CORP-01","host_id":"4f1c0a9e-0001-4a00-9c31-b0de51000001","user":"EU\\bob","message":"An account was successfully logged on (interactive): EU\\bob","target":"EU\\bob","event":{"channel":"Security","provider":"Microsoft-Windows-Security-Auditing","event_id":4624,"record_id":918498,"level":"Information","computer":"WKS-CORP-01.eu.corp.example","logon_type":2,"logon_id":"0x3d6f9"},"detections":[],"severity_max":"none","detection_count":0,"provenance":{"raw_file":"raw/Windows.EventLogs.Evtx/results.json","raw_row":189,"collection_id":"demo-wks-corp-01"}},
  {"schema_version":"1.0.0","row_hash":"599c7c10bcf4c06d84f904ab004674237f1ade7e81b541af53d4308c7068ef07","timestamp_utc":"2026-03-12T16:19:44.8560000Z","timestamp_desc":"LastWriteTime","source":"system_info","artifact":"Windows.Sysinternals.Autoruns","collector_kind":"velociraptor","host":"WKS-CORP-01","host_id":"4f1c0a9e-0001-4a00-9c31-b0de51000001","user":"SYSTEM","message":"Autorun entry enumerated: OneDrive (signed, Microsoft Corporation)","target":"C:\\Program Files\\Microsoft OneDrive\\OneDrive.exe","file":{"path":"C:\\Program Files\\Microsoft OneDrive\\OneDrive.exe","name":"OneDrive.exe","extension":"exe","size_bytes":2816412,"signature_status":"signed_valid","signer":"Microsoft Corporation"},"detections":[],"severity_max":"none","detection_count":0,"provenance":{"raw_file":"raw/Windows.Sysinternals.Autoruns/results.json","raw_row":73,"collection_id":"demo-wks-corp-01"}},
  {"schema_version":"1.0.0","row_hash":"4a7b136b1b2ce45e8c93b8baf5e0254276c88a51fa61fb22549eceb398c3b0c6","timestamp_utc":"2026-03-12T16:45:27.3820000Z","timestamp_desc":"EventTime","source":"service","artifact":"Windows.EventLogs.Evtx","collector_kind":"native","host":"WKS-CORP-01","host_id":"4f1c0a9e-0001-4a00-9c31-b0de51000001","user":"SYSTEM","message":"Service entered the running state: Windows Update (wuauserv)","target":"wuauserv","process":{"name":"services.exe","image_path":"C:\\Windows\\System32\\services.exe"},"event":{"channel":"System","provider":"Service Control Manager","event_id":7036,"record_id":7134,"level":"Information","computer":"WKS-CORP-01.eu.corp.example"},"detections":[],"severity_max":"none","detection_count":0,"provenance":{"raw_file":"raw/Windows.EventLogs.Evtx/results.json","raw_row":191,"collection_id":"demo-wks-corp-01"}},
  {"schema_version":"1.0.0","row_hash":"e9598a0bf8bb6c8a57d7101b546515dc008a05082da074b506fe8e4315e26e2f","timestamp_utc":"2026-03-12T16:51:31.0160000Z","timestamp_desc":"EventTime","timestamp_source_field":"System.TimeCreated.SystemTime","source":"eventlog","artifact":"Windows.EventLogs.Evtx","collector_kind":"native","host":"WKS-CORP-01","host_id":"4f1c0a9e-0001-4a00-9c31-b0de51000001","user":"EU\\alice","message":"An account was successfully logged on (interactive): EU\\alice","target":"EU\\alice","event":{"channel":"Security","provider":"Microsoft-Windows-Security-Auditing","event_id":4624,"record_id":539703,"level":"Information","computer":"WKS-CORP-01.eu.corp.example","logon_type":2,"logon_id":"0x39d00"},"detections":[],"severity_max":"none","detection_count":0,"provenance":{"raw_file":"raw/Windows.EventLogs.Evtx/results.json","raw_row":117,"collection_id":"demo-wks-corp-01"}},
  {"schema_version":"1.0.0","row_hash":"dab8a74ed21acd5ddbf71d6b8c84e0afb0310a1ccbfd39c1ccdf999e835a5dc0","timestamp_utc":"2026-03-12T16:53:38.3660000Z","timestamp_desc":"VisitTime","timestamp_source_field":"last_visit_time","source":"browser","artifact":"Windows.Applications.Edge.History","collector_kind":"velociraptor","host":"WKS-CORP-01","host_id":"4f1c0a9e-0001-4a00-9c31-b0de51000001","user":"EU\\alice","message":"Edge visit: Company news","target":"https://intranet.corp.example/news","network":{"domain":"intranet.corp.example","url":"https://intranet.corp.example/news","direction":"outbound"},"detections":[],"severity_max":"none","detection_count":0,"provenance":{"raw_file":"raw/Windows.Applications.Edge.History/results.json","raw_row":14,"collection_id":"demo-wks-corp-01"}},
  {"schema_version":"1.0.0","row_hash":"eb0debcd2fd9d8b5b07f2e4220ee721a2c651a0d3e28b00bf9e5280b7e6c9f2f","timestamp_utc":"2026-03-12T16:56:14.5220000Z","timestamp_desc":"Modified","timestamp_source_field":"Mtime","source":"filesystem","artifact":"Windows.NTFS.MFT","collector_kind":"velociraptor","host":"WKS-CORP-01","host_id":"4f1c0a9e-0001-4a00-9c31-b0de51000001","user":"EU\\alice","message":"File modified: audit-notes.docx","target":"C:\\Users\\alice\\Documents\\audit-notes.docx","file":{"path":"C:\\Users\\alice\\Documents\\audit-notes.docx","name":"audit-notes.docx","extension":"docx","size_bytes":113915,"mft_entry":114906,"is_directory":false,"is_allocated":true},"detections":[],"severity_max":"none","detection_count":0,"provenance":{"raw_file":"raw/Windows.NTFS.MFT/results.json","raw_row":69,"collection_id":"demo-wks-corp-01"}},
  {"schema_version":"1.0.0","row_hash":"6d56d4ed2b8d12d572452bce4462fc7073f0e90185e4704e12933e68ecbd22ac","timestamp_utc":"2026-03-12T17:07:40.0600000Z","timestamp_desc":"EventTime","timestamp_source_field":"System.TimeCreated.SystemTime","source":"eventlog","artifact":"Windows.EventLogs.Evtx","collector_kind":"native","host":"WKS-CORP-01","host_id":"4f1c0a9e-0001-4a00-9c31-b0de51000001","user":"EU\\alice","message":"An account was successfully logged on (interactive): EU\\alice","target":"EU\\alice","event":{"channel":"Security","provider":"Microsoft-Windows-Security-Auditing","event_id":4624,"record_id":676157,"level":"Information","computer":"WKS-CORP-01.eu.corp.example","logon_type":2,"logon_id":"0x39987"},"detections":[],"severity_max":"none","detection_count":0,"provenance":{"raw_file":"raw/Windows.EventLogs.Evtx/results.json","raw_row":21,"collection_id":"demo-wks-corp-01"}},
  {"schema_version":"1.0.0","row_hash":"e38962e20c23c3720a8d83fbf2d21894dce717703d060528fc9237ca29104887","timestamp_utc":"2026-03-12T17:18:23.5140000Z","timestamp_desc":"LastWriteTime","timestamp_source_field":"LastModified","source":"registry","artifact":"Windows.Registry.AppCompatCache","collector_kind":"velociraptor","host":"WKS-CORP-01","host_id":"4f1c0a9e-0001-4a00-9c31-b0de51000001","user":"SYSTEM","message":"AppCompatCache entry: NOTEPAD.EXE","target":"C:\\Windows\\System32\\notepad.exe","registry":{"key":"HKLM\\SYSTEM\\CurrentControlSet\\Control\\Session Manager\\AppCompatCache","value_name":"AppCompatCache","value_data":"C:\\Windows\\System32\\notepad.exe","value_type":"REG_BINARY","hive":"SYSTEM"},"detections":[],"severity_max":"none","detection_count":0,"provenance":{"raw_file":"raw/Windows.Registry.AppCompatCache/results.json","raw_row":33,"collection_id":"demo-wks-corp-01"},"extra":{"cache_slot":321}},
  {"schema_version":"1.0.0","row_hash":"059ebc9a6f58f58b71ec53f474ffafcf3e66c551b6bb0d32bef5bf4be2c1a3fd","timestamp_utc":"2026-03-12T17:28:41.8150000Z","timestamp_desc":"VisitTime","timestamp_source_field":"last_visit_time","source":"browser","artifact":"Windows.Applications.Edge.History","collector_kind":"velociraptor","host":"WKS-CORP-01","host_id":"4f1c0a9e-0001-4a00-9c31-b0de51000001","user":"EU\\alice","message":"Edge visit: Finance - monthly close","target":"https://intranet.corp.example/finance/monthly-close","network":{"domain":"intranet.corp.example","url":"https://intranet.corp.example/finance/monthly-close","direction":"outbound"},"detections":[],"severity_max":"none","detection_count":0,"provenance":{"raw_file":"raw/Windows.Applications.Edge.History/results.json","raw_row":70,"collection_id":"demo-wks-corp-01"}},
  {"schema_version":"1.0.0","row_hash":"b83d9df4b6b910617f01adbe710fd32a0ddb5ae44d35214cc1a3083e81ec8336","timestamp_utc":"2026-03-12T17:51:03.1740000Z","timestamp_desc":"EventTime","source":"log","artifact":"Windows.EventLogs.Evtx","collector_kind":"native","host":"WKS-CORP-01","host_id":"4f1c0a9e-0001-4a00-9c31-b0de51000001","user":"SYSTEM","message":"Antimalware definitions updated to 1.421.315.0","target":"Microsoft-Windows-Windows Defender/Operational","process":{"name":"MsMpEng.exe","parent_name":"services.exe"},"event":{"channel":"Microsoft-Windows-Windows Defender/Operational","provider":"Microsoft-Windows-Windows-Defender","event_id":2000,"record_id":8460,"level":"Information","computer":"WKS-CORP-01.eu.corp.example"},"detections":[],"severity_max":"none","detection_count":0,"provenance":{"raw_file":"raw/Windows.EventLogs.Evtx/results.json","raw_row":40,"collection_id":"demo-wks-corp-01"}},
  {"schema_version":"1.0.0","row_hash":"fc5ea375594b65714b5682a752ae00e8844f762b909e9ae746fb13ac0000cce2","timestamp_utc":"2026-03-12T18:02:37.8150000Z","timestamp_desc":"LastWriteTime","source":"system_info","artifact":"Windows.Sysinternals.Autoruns","collector_kind":"velociraptor","host":"WKS-CORP-01","host_id":"4f1c0a9e-0001-4a00-9c31-b0de51000001","user":"SYSTEM","message":"Autorun entry enumerated: OneDrive (signed, Microsoft Corporation)","target":"C:\\Program Files\\Microsoft OneDrive\\OneDrive.exe","file":{"path":"C:\\Program Files\\Microsoft OneDrive\\OneDrive.exe","name":"OneDrive.exe","extension":"exe","size_bytes":2842633,"signature_status":"signed_valid","signer":"Microsoft Corporation"},"detections":[],"severity_max":"none","detection_count":0,"provenance":{"raw_file":"raw/Windows.Sysinternals.Autoruns/results.json","raw_row":49,"collection_id":"demo-wks-corp-01"}},
  {"schema_version":"1.0.0","row_hash":"2d498018d9d001014ded8412eb82aa79dad4b8e877bbea4c081f3aee1582868f","timestamp_utc":"2026-03-12T18:42:59.7400000Z","timestamp_desc":"LastWriteTime","timestamp_source_field":"LastModified","source":"registry","artifact":"Windows.Registry.AppCompatCache","collector_kind":"velociraptor","host":"WKS-CORP-01","host_id":"4f1c0a9e-0001-4a00-9c31-b0de51000001","user":"SYSTEM","message":"AppCompatCache entry: SNIPPINGTOOL.EXE","target":"C:\\Windows\\System32\\SnippingTool.exe","registry":{"key":"HKLM\\SYSTEM\\CurrentControlSet\\Control\\Session Manager\\AppCompatCache","value_name":"AppCompatCache","value_data":"C:\\Windows\\System32\\SnippingTool.exe","value_type":"REG_BINARY","hive":"SYSTEM"},"detections":[],"severity_max":"none","detection_count":0,"provenance":{"raw_file":"raw/Windows.Registry.AppCompatCache/results.json","raw_row":73,"collection_id":"demo-wks-corp-01"},"extra":{"cache_slot":546}},
  {"schema_version":"1.0.0","row_hash":"031c14de15427798421198e779148872a42da7a7e3a799c910bef3cd1eb2f333","timestamp_utc":"2026-03-12T19:13:06.4650000Z","timestamp_desc":"InstallDate","source":"usb_device","artifact":"Windows.Registry.USBSTOR","collector_kind":"velociraptor","host":"WKS-CORP-01","host_id":"4f1c0a9e-0001-4a00-9c31-b0de51000001","user":"EU\\alice","message":"Sanctioned encrypted USB volume connected (asset FIN-USB-04)","target":"USBSTOR\\Disk&Ven_Corp&Prod_SecureKey&Rev_1.0","registry":{"key":"HKLM\\SYSTEM\\CurrentControlSet\\Enum\\USBSTOR\\Disk&Ven_Corp&Prod_SecureKey&Rev_1.0","value_name":"FriendlyName","value_data":"Corp SecureKey USB Device","value_type":"REG_SZ","hive":"SYSTEM"},"detections":[],"severity_max":"none","detection_count":0,"provenance":{"raw_file":"raw/Windows.Registry.USBSTOR/results.json","raw_row":44,"collection_id":"demo-wks-corp-01"},"extra":{"serial_number":"FINUSB049251","volume_label":"FIN-USB-04"}},
  {"schema_version":"1.0.0","row_hash":"8b61cb7905957837a719fec265ae8781a66ce39a529fadd855d91584c5fea25d","timestamp_utc":"2026-03-12T19:17:01.1990000Z","timestamp_desc":"InstallDate","source":"usb_device","artifact":"Windows.Registry.USBSTOR","collector_kind":"velociraptor","host":"WKS-CORP-01","host_id":"4f1c0a9e-0001-4a00-9c31-b0de51000001","user":"EU\\alice","message":"Sanctioned encrypted USB volume connected (asset FIN-USB-04)","target":"USBSTOR\\Disk&Ven_Corp&Prod_SecureKey&Rev_1.0","registry":{"key":"HKLM\\SYSTEM\\CurrentControlSet\\Enum\\USBSTOR\\Disk&Ven_Corp&Prod_SecureKey&Rev_1.0","value_name":"FriendlyName","value_data":"Corp SecureKey USB Device","value_type":"REG_SZ","hive":"SYSTEM"},"detections":[],"severity_max":"none","detection_count":0,"provenance":{"raw_file":"raw/Windows.Registry.USBSTOR/results.json","raw_row":28,"collection_id":"demo-wks-corp-01"},"extra":{"serial_number":"FINUSB044817","volume_label":"FIN-USB-04"}},
  {"schema_version":"1.0.0","row_hash":"0374ca14ca4902b1baf03e7b6fb4eb2ca1ec5cfeaef93ab29b8dc95674d891d5","timestamp_utc":"2026-03-12T22:40:15.5200000Z","timestamp_desc":"Modified","timestamp_source_field":"Mtime","source":"filesystem","artifact":"Windows.NTFS.MFT","collector_kind":"velociraptor","host":"WKS-CORP-01","host_id":"4f1c0a9e-0001-4a00-9c31-b0de51000001","user":"EU\\alice","message":"File modified: cashflow-model.xlsx","target":"C:\\Users\\alice\\Documents\\cashflow-model.xlsx","file":{"path":"C:\\Users\\alice\\Documents\\cashflow-model.xlsx","name":"cashflow-model.xlsx","extension":"xlsx","size_bytes":252052,"mft_entry":110000,"is_directory":false,"is_allocated":true},"detections":[],"severity_max":"none","detection_count":0,"provenance":{"raw_file":"raw/Windows.NTFS.MFT/results.json","raw_row":5,"collection_id":"demo-wks-corp-01"}},
  {"schema_version":"1.0.0","row_hash":"f4ef406af5cddf84614cbc3cbc03daa7755001869cc9467d7b6ebe04a52dbea4","timestamp_utc":"2026-03-12T23:39:27.7310000Z","timestamp_desc":"LastWriteTime","source":"system_info","artifact":"Windows.Sysinternals.Autoruns","collector_kind":"velociraptor","host":"WKS-CORP-01","host_id":"4f1c0a9e-0001-4a00-9c31-b0de51000001","user":"SYSTEM","message":"Autorun entry enumerated: OneDrive (signed, Microsoft Corporation)","target":"C:\\Program Files\\Microsoft OneDrive\\OneDrive.exe","file":{"path":"C:\\Program Files\\Microsoft OneDrive\\OneDrive.exe","name":"OneDrive.exe","extension":"exe","size_bytes":2885727,"signature_status":"signed_valid","signer":"Microsoft Corporation"},"detections":[],"severity_max":"none","detection_count":0,"provenance":{"raw_file":"raw/Windows.Sysinternals.Autoruns/results.json","raw_row":17,"collection_id":"demo-wks-corp-01"}},
  {"schema_version":"1.0.0","row_hash":"0af318125a4dae08c0368f645b7078407a827bdd69a5c892cd73a251d6ecf387","timestamp_utc":"2026-03-12T23:57:02.1370000Z","timestamp_desc":"LastExecuted","timestamp_source_field":"LastRunTimes","source":"execution","artifact":"Windows.Forensics.Prefetch","collector_kind":"velociraptor","host":"WKS-CORP-01","host_id":"4f1c0a9e-0001-4a00-9c31-b0de51000001","user":"EU\\alice","message":"WINWORD.EXE executed (prefetch run count 29)","target":"C:\\Program Files\\Microsoft Office\\root\\Office16\\WINWORD.EXE","process":{"name":"WINWORD.EXE","image_path":"C:\\Program Files\\Microsoft Office\\root\\Office16\\WINWORD.EXE","parent_name":"explorer.exe"},"detections":[],"severity_max":"none","detection_count":0,"provenance":{"raw_file":"raw/Windows.Forensics.Prefetch/results.json","raw_row":58,"collection_id":"demo-wks-corp-01"},"extra":{"prefetch_file":"WINWORD.EXE-124B8F62.pf"}},
  {"schema_version":"1.0.0","row_hash":"bc0425173fdfb5a4b078d30caa918213c5ed27b418a5809b943368254817423d","timestamp_utc":"2026-03-13T03:06:40.6270000Z","timestamp_desc":"VisitTime","timestamp_source_field":"last_visit_time","source":"browser","artifact":"Windows.Applications.Edge.History","collector_kind":"velociraptor","host":"WKS-CORP-01","host_id":"4f1c0a9e-0001-4a00-9c31-b0de51000001","user":"EU\\alice","message":"Edge visit: Finance - monthly close","target":"https://intranet.corp.example/finance/monthly-close","network":{"domain":"intranet.corp.example","url":"https://intranet.corp.example/finance/monthly-close","direction":"outbound"},"detections":[],"severity_max":"none","detection_count":0,"provenance":{"raw_file":"raw/Windows.Applications.Edge.History/results.json","raw_row":17,"collection_id":"demo-wks-corp-01"}},
  {"schema_version":"1.0.0","row_hash":"4c34ad7dc36e75b04953011107208c11acbd76cc71c8a52caec464d937bfdc72","timestamp_utc":"2026-03-13T03:23:31.5090000Z","timestamp_desc":"EventTime","source":"service","artifact":"Windows.EventLogs.Evtx","collector_kind":"native","host":"WKS-CORP-01","host_id":"4f1c0a9e-0001-4a00-9c31-b0de51000001","user":"SYSTEM","message":"Service entered the running state: Windows Update (wuauserv)","target":"wuauserv","process":{"name":"services.exe","image_path":"C:\\Windows\\System32\\services.exe"},"event":{"channel":"System","provider":"Service Control Manager","event_id":7036,"record_id":4888,"level":"Information","computer":"WKS-CORP-01.eu.corp.example"},"detections":[],"severity_max":"none","detection_count":0,"provenance":{"raw_file":"raw/Windows.EventLogs.Evtx/results.json","raw_row":200,"collection_id":"demo-wks-corp-01"}},
  {"schema_version":"1.0.0","row_hash":"8b1136fd330f976336b6f9c5ea6dd38abc3dfa468053a89155338edf1114ebde","timestamp_utc":"2026-03-13T03:27:41.3390000Z","timestamp_desc":"LastWriteTime","timestamp_source_field":"LastModified","source":"registry","artifact":"Windows.Registry.AppCompatCache","collector_kind":"velociraptor","host":"WKS-CORP-01","host_id":"4f1c0a9e-0001-4a00-9c31-b0de51000001","user":"SYSTEM","message":"AppCompatCache entry: OUTLOOK.EXE","target":"C:\\Program Files\\Microsoft Office\\root\\Office16\\OUTLOOK.EXE","registry":{"key":"HKLM\\SYSTEM\\CurrentControlSet\\Control\\Session Manager\\AppCompatCache","value_name":"AppCompatCache","value_data":"C:\\Program Files\\Microsoft Office\\root\\Office16\\OUTLOOK.EXE","value_type":"REG_BINARY","hive":"SYSTEM"},"detections":[],"severity_max":"none","detection_count":0,"provenance":{"raw_file":"raw/Windows.Registry.AppCompatCache/results.json","raw_row":60,"collection_id":"demo-wks-corp-01"},"extra":{"cache_slot":921}},
  {"schema_version":"1.0.0","row_hash":"506b32421449f7b105e1816e948431f16453e4299a45279398d24288eb137dc0","timestamp_utc":"2026-03-13T03:38:10.7440000Z","timestamp_desc":"LastWriteTime","timestamp_source_field":"LastModified","source":"registry","artifact":"Windows.Registry.AppCompatCache","collector_kind":"velociraptor","host":"WKS-CORP-01","host_id":"4f1c0a9e-0001-4a00-9c31-b0de51000001","user":"SYSTEM","message":"AppCompatCache entry: NOTEPAD.EXE","target":"C:\\Windows\\System32\\notepad.exe","registry":{"key":"HKLM\\SYSTEM\\CurrentControlSet\\Control\\Session Manager\\AppCompatCache","value_name":"AppCompatCache","value_data":"C:\\Windows\\System32\\notepad.exe","value_type":"REG_BINARY","hive":"SYSTEM"},"detections":[],"severity_max":"none","detection_count":0,"provenance":{"raw_file":"raw/Windows.Registry.AppCompatCache/results.json","raw_row":4,"collection_id":"demo-wks-corp-01"},"extra":{"cache_slot":98}},
  {"schema_version":"1.0.0","row_hash":"57d608dbfd139e4e0477ebbdda4958c25841e74e80d0bf028c332bdf59cc574b","timestamp_utc":"2026-03-13T03:48:30.3680000Z","timestamp_desc":"InstallDate","source":"usb_device","artifact":"Windows.Registry.USBSTOR","collector_kind":"velociraptor","host":"WKS-CORP-01","host_id":"4f1c0a9e-0001-4a00-9c31-b0de51000001","user":"EU\\alice","message":"Sanctioned encrypted USB volume connected (asset FIN-USB-04)","target":"USBSTOR\\Disk&Ven_Corp&Prod_SecureKey&Rev_1.0","registry":{"key":"HKLM\\SYSTEM\\CurrentControlSet\\Enum\\USBSTOR\\Disk&Ven_Corp&Prod_SecureKey&Rev_1.0","value_name":"FriendlyName","value_data":"Corp SecureKey USB Device","value_type":"REG_SZ","hive":"SYSTEM"},"detections":[],"severity_max":"none","detection_count":0,"provenance":{"raw_file":"raw/Windows.Registry.USBSTOR/results.json","raw_row":71,"collection_id":"demo-wks-corp-01"},"extra":{"serial_number":"FINUSB044925","volume_label":"FIN-USB-04"}},
  {"schema_version":"1.0.0","row_hash":"015f5df5baa7a03d54769a58d380f760e2efac205688d65097774b104cf16583","timestamp_utc":"2026-03-13T03:56:40.0570000Z","timestamp_desc":"EventTime","source":"service","artifact":"Windows.EventLogs.Evtx","collector_kind":"native","host":"WKS-CORP-01","host_id":"4f1c0a9e-0001-4a00-9c31-b0de51000001","user":"SYSTEM","message":"Service entered the running state: Windows Update (wuauserv)","target":"wuauserv","process":{"name":"services.exe","image_path":"C:\\Windows\\System32\\services.exe"},"event":{"channel":"System","provider":"Service Control Manager","event_id":7036,"record_id":8150,"level":"Information","computer":"WKS-CORP-01.eu.corp.example"},"detections":[],"severity_max":"none","detection_count":0,"provenance":{"raw_file":"raw/Windows.EventLogs.Evtx/results.json","raw_row":56,"collection_id":"demo-wks-corp-01"}},
