  {"schema_version":"1.0.0","row_hash":"f222b2febb7bf0d4068a39e77be08e64254226b0010e07e7d341cb328c2dfe14","timestamp_utc":"2026-03-13T13:27:07.1970000Z","timestamp_desc":"LastWriteTime","source":"registry","artifact":"Windows.Registry.NTDS","collector_kind":"velociraptor","host":"DC-CORP-01","host_id":"4f1c0a9e-0003-4a00-9c31-b0de51000003","user":"SYSTEM","message":"NTDS parameter enumerated: Database backup path","target":"HKLM\\SYSTEM\\CurrentControlSet\\Services\\NTDS\\Parameters","registry":{"key":"HKLM\\SYSTEM\\CurrentControlSet\\Services\\NTDS\\Parameters","value_name":"DSA Database file","value_data":"C:\\Windows\\NTDS\\ntds.dit","value_type":"REG_SZ","hive":"SYSTEM"},"detections":[],"severity_max":"none","detection_count":0,"provenance":{"raw_file":"raw/Windows.Registry.NTDS/results.json","raw_row":53,"collection_id":"demo-dc-corp-01"},"extra":{"slot":19}},
  {"schema_version":"1.0.0","row_hash":"17cd781d2276dba08e15ead7ca5fac33f004b939666e28a6351fd5c923eab3d5","timestamp_utc":"2026-03-13T13:37:45.4760000Z","timestamp_desc":"LastExecuted","source":"execution","artifact":"Windows.Forensics.Prefetch","collector_kind":"velociraptor","host":"DC-CORP-01","host_id":"4f1c0a9e-0003-4a00-9c31-b0de51000003","user":"CORP\\Administrator","message":"REPADMIN.EXE executed (replication health check)","target":"C:\\Windows\\System32\\repadmin.exe","process":{"name":"REPADMIN.EXE","image_path":"C:\\Windows\\System32\\repadmin.exe","command_line":"repadmin /replsummary","parent_name":"cmd.exe","user":"CORP\\Administrator"},"detections":[],"severity_max":"none","detection_count":0,"provenance":{"raw_file":"raw/Windows.Forensics.Prefetch/results.json","raw_row":15,"collection_id":"demo-dc-corp-01"},"extra":{"prefetch_file":"REPADMIN.EXE-148B5666.pf"}},
  {"schema_version":"1.0.0","row_hash":"3c0e802a0da5c7ead5ebc20052f3ff5d684636a49ddb10ff47ed6044b9e163d1","timestamp_utc":"2026-03-13T13:41:25.1530000Z","timestamp_desc":"LastWriteTime","source":"registry","artifact":"Windows.Registry.NTDS","collector_kind":"velociraptor","host":"DC-CORP-01","host_id":"4f1c0a9e-0003-4a00-9c31-b0de51000003","user":"SYSTEM","message":"NTDS parameter enumerated: Database backup path","target":"HKLM\\SYSTEM\\CurrentControlSet\\Services\\NTDS\\Parameters","registry":{"key":"HKLM\\SYSTEM\\CurrentControlSet\\Services\\NTDS\\Parameters","value_name":"DSA Database file","value_data":"C:\\Windows\\NTDS\\ntds.dit","value_type":"REG_SZ","hive":"SYSTEM"},"detections":[],"severity_max":"none","detection_count":0,"provenance":{"raw_file":"raw/Windows.Registry.NTDS/results.json","raw_row":29,"collection_id":"demo-dc-corp-01"},"extra":{"slot":16}},
  {"schema_version":"1.0.0","row_hash":"3e3d8f07e4cd779f9031142e31332eab41ea3fdf54b9650dbba5193e8a23392e","timestamp_utc":"2026-03-13T13:47:28.9220000Z","timestamp_desc":"EventTime","source":"account","artifact":"Windows.EventLogs.Evtx","collector_kind":"native","host":"DC-CORP-01","host_id":"4f1c0a9e-0003-4a00-9c31-b0de51000003","user":"EU\\carol","message":"User password was changed at the request of the account owner","target":"EU\\alice","event":{"channel":"Security","provider":"Microsoft-Windows-Security-Auditing","event_id":4723,"record_id":574231,"level":"Information","computer":"DC-CORP-01.corp.example"},"detections":[],"severity_max":"none","detection_count":0,"provenance":{"raw_file":"raw/Windows.EventLogs.Evtx/results.json","raw_row":113,"collection_id":"demo-dc-corp-01"}},
  {"schema_version":"1.0.0","row_hash":"5a1dd3a09b1ca6363917ac34b82cabf7543793b323903c07940276c79f3052c1","timestamp_utc":"2026-03-13T13:52:27.3890000Z","timestamp_desc":"LastWriteTime","source":"registry","artifact":"Windows.Registry.NTDS","collector_kind":"velociraptor","host":"DC-CORP-01","host_id":"4f1c0a9e-0003-4a00-9c31-b0de51000003","user":"SYSTEM","message":"NTDS parameter enumerated: Database backup path","target":"HKLM\\SYSTEM\\CurrentControlSet\\Services\\NTDS\\Parameters","registry":{"key":"HKLM\\SYSTEM\\CurrentControlSet\\Services\\NTDS\\Parameters","value_name":"DSA Database file","value_data":"C:\\Windows\\NTDS\\ntds.dit","value_type":"REG_SZ","hive":"SYSTEM"},"detections":[],"severity_max":"none","detection_count":0,"provenance":{"raw_file":"raw/Windows.Registry.NTDS/results.json","raw_row":1,"collection_id":"demo-dc-corp-01"},"extra":{"slot":6}},
  {"schema_version":"1.0.0","row_hash":"c28311413f02007f0626710ff808ba928ded895a91c246f1827c9defb87294ed","timestamp_utc":"2026-03-13T14:00:58.3750000Z","timestamp_desc":"LastWriteTime","source":"registry","artifact":"Windows.Registry.NTDS","collector_kind":"velociraptor","host":"DC-CORP-01","host_id":"4f1c0a9e-0003-4a00-9c31-b0de51000003","user":"SYSTEM","message":"NTDS parameter enumerated: Database backup path","target":"HKLM\\SYSTEM\\CurrentControlSet\\Services\\NTDS\\Parameters","registry":{"key":"HKLM\\SYSTEM\\CurrentControlSet\\Services\\NTDS\\Parameters","value_name":"DSA Database file","value_data":"C:\\Windows\\NTDS\\ntds.dit","value_type":"REG_SZ","hive":"SYSTEM"},"detections":[],"severity_max":"none","detection_count":0,"provenance":{"raw_file":"raw/Windows.Registry.NTDS/results.json","raw_row":25,"collection_id":"demo-dc-corp-01"},"extra":{"slot":19}},
  {"schema_version":"1.0.0","row_hash":"f75fbb7d503616371f6fbdf22e834b86ad44d9d4aa84022d59a4970cd80ec1ce","timestamp_utc":"2026-03-13T14:33:02.8220000Z","timestamp_desc":"LastExecuted","source":"execution","artifact":"Windows.Forensics.Prefetch","collector_kind":"velociraptor","host":"DC-CORP-01","host_id":"4f1c0a9e-0003-4a00-9c31-b0de51000003","user":"CORP\\Administrator","message":"REPADMIN.EXE executed (replication health check)","target":"C:\\Windows\\System32\\repadmin.exe","process":{"name":"REPADMIN.EXE","image_path":"C:\\Windows\\System32\\repadmin.exe","command_line":"repadmin /replsummary","parent_name":"cmd.exe","user":"CORP\\Administrator"},"detections":[],"severity_max":"none","detection_count":0,"provenance":{"raw_file":"raw/Windows.Forensics.Prefetch/results.json","raw_row":35,"collection_id":"demo-dc-corp-01"},"extra":{"prefetch_file":"REPADMIN.EXE-1308AF12.pf"}},
  {"schema_version":"1.0.0","row_hash":"3c8a6a56a5c3f63be7a1c8f851bb2fcefe73eab86aea54529b58e8f4245496e1","timestamp_utc":"2026-03-13T14:43:13.2660000Z","timestamp_desc":"EventTime","timestamp_source_field":"System.TimeCreated.SystemTime","source":"eventlog","artifact":"Windows.EventLogs.Evtx","collector_kind":"native","host":"DC-CORP-01","host_id":"4f1c0a9e-0003-4a00-9c31-b0de51000003","user":"EU\\bob","message":"Kerberos authentication ticket (TGT) was requested for EU\\bob","target":"EU\\bob","network":{"src_ip":"10.0.5.15","dst_ip":"10.0.10.10","dst_port":88,"protocol":"tcp","direction":"inbound"},"event":{"channel":"Security","provider":"Microsoft-Windows-Security-Auditing","event_id":4768,"record_id":908286,"level":"Information","computer":"DC-CORP-01.corp.example"},"detections":[],"severity_max":"none","detection_count":0,"provenance":{"raw_file":"raw/Windows.EventLogs.Evtx/results.json","raw_row":296,"collection_id":"demo-dc-corp-01"},"extra":{"encryption_type":"0x12 (AES256-CTS-HMAC-SHA1-96)","ticket_options":"0x40810010"}},
  {"schema_version":"1.0.0","row_hash":"1bd3bf08191466af56871952c922f5707bbd8bdd0e3ce3a89202f4f9b6ccf94f","timestamp_utc":"2026-03-13T14:45:24.0450000Z","timestamp_desc":"LastExecuted","source":"execution","artifact":"Windows.Forensics.Prefetch","collector_kind":"velociraptor","host":"DC-CORP-01","host_id":"4f1c0a9e-0003-4a00-9c31-b0de51000003","user":"CORP\\Administrator","message":"REPADMIN.EXE executed (replication health check)","target":"C:\\Windows\\System32\\repadmin.exe","process":{"name":"REPADMIN.EXE","image_path":"C:\\Windows\\System32\\repadmin.exe","command_line":"repadmin /replsummary","parent_name":"cmd.exe","user":"CORP\\Administrator"},"detections":[],"severity_max":"none","detection_count":0,"provenance":{"raw_file":"raw/Windows.Forensics.Prefetch/results.json","raw_row":67,"collection_id":"demo-dc-corp-01"},"extra":{"prefetch_file":"REPADMIN.EXE-1B9073BB.pf"}},
  {"schema_version":"1.0.0","row_hash":"738854859cf374ac348523ed7f5bab031d066247b0819f97f7d2fd05528ec35f","timestamp_utc":"2026-03-13T14:59:22.3270000Z","timestamp_desc":"LastExecuted","source":"execution","artifact":"Windows.Forensics.Prefetch","collector_kind":"velociraptor","host":"DC-CORP-01","host_id":"4f1c0a9e-0003-4a00-9c31-b0de51000003","user":"CORP\\Administrator","message":"REPADMIN.EXE executed (replication health check)","target":"C:\\Windows\\System32\\repadmin.exe","process":{"name":"REPADMIN.EXE","image_path":"C:\\Windows\\System32\\repadmin.exe","command_line":"repadmin /replsummary","parent_name":"cmd.exe","user":"CORP\\Administrator"},"detections":[],"severity_max":"none","detection_count":0,"provenance":{"raw_file":"raw/Windows.Forensics.Prefetch/results.json","raw_row":3,"collection_id":"demo-dc-corp-01"},"extra":{"prefetch_file":"REPADMIN.EXE-136A229E.pf"}},
  {"schema_version":"1.0.0","row_hash":"5bc00a2c3e2ee0d6378faeeeb19728705a0823d7a5eae97add0e97e27eaa389b","timestamp_utc":"2026-03-13T15:04:31.2310000Z","timestamp_desc":"EventTime","source":"account","artifact":"Windows.EventLogs.Evtx","collector_kind":"native","host":"DC-CORP-01","host_id":"4f1c0a9e-0003-4a00-9c31-b0de51000003","user":"EU\\bob","message":"User password was changed at the request of the account owner","target":"EU\\alice","event":{"channel":"Security","provider":"Microsoft-Windows-Security-Auditing","event_id":4723,"record_id":815761,"level":"Information","computer":"DC-CORP-01.corp.example"},"detections":[],"severity_max":"none","detection_count":0,"provenance":{"raw_file":"raw/Windows.EventLogs.Evtx/results.json","raw_row":133,"collection_id":"demo-dc-corp-01"}},
  {"schema_version":"1.0.0","row_hash":"fe3608e0176867ad095f2601a72fe0e22a6a45fbfbb051eee8640a9c47dd0a72","timestamp_utc":"2026-03-13T15:06:35.4600000Z","timestamp_desc":"EventTime","source":"network","artifact":"Windows.Network.Netstat","collector_kind":"velociraptor","host":"DC-CORP-01","host_id":"4f1c0a9e-0003-4a00-9c31-b0de51000003","user":"SYSTEM","message":"Inter-site AD replication session with DC-EU-01","target":"10.0.5.10:135","network":{"src_ip":"10.0.10.10","src_port":64172,"dst_ip":"10.0.5.10","dst_port":135,"protocol":"tcp","direction":"outbound","state":"ESTABLISHED"},"detections":[],"severity_max":"none","detection_count":0,"provenance":{"raw_file":"raw/Windows.Network.Netstat/results.json","raw_row":4,"collection_id":"demo-dc-corp-01"},"extra":{"naming_context":"DC=eu,DC=corp,DC=example","replication_partner":"DC-EU-01"}},
  {"schema_version":"1.0.0","row_hash":"6a7b0028b97516aee7b3bbf556fd1c3afa63adf4536e853d16c800e54276bf12","timestamp_utc":"2026-03-13T15:10:23.9710000Z","timestamp_desc":"LastWriteTime","source":"registry","artifact":"Windows.Registry.NTDS","collector_kind":"velociraptor","host":"DC-CORP-01","host_id":"4f1c0a9e-0003-4a00-9c31-b0de51000003","user":"SYSTEM","message":"NTDS parameter enumerated: Database backup path","target":"HKLM\\SYSTEM\\CurrentControlSet\\Services\\NTDS\\Parameters","registry":{"key":"HKLM\\SYSTEM\\CurrentControlSet\\Services\\NTDS\\Parameters","value_name":"DSA Database file","value_data":"C:\\Windows\\NTDS\\ntds.dit","value_type":"REG_SZ","hive":"SYSTEM"},"detections":[],"severity_max":"none","detection_count":0,"provenance":{"raw_file":"raw/Windows.Registry.NTDS/results.json","raw_row":17,"collection_id":"demo-dc-corp-01"},"extra":{"slot":28}},
  {"schema_version":"1.0.0","row_hash":"748f59db45111a65ff89976e4cdec407a12f05047e5817bc555b1287c7673179","timestamp_utc":"2026-03-13T15:22:14.9870000Z","timestamp_desc":"EventTime","timestamp_source_field":"System.TimeCreated.SystemTime","source":"eventlog","artifact":"Windows.EventLogs.Evtx","collector_kind":"native","host":"DC-CORP-01","host_id":"4f1c0a9e-0003-4a00-9c31-b0de51000003","user":"CORP\\Administrator","message":"Kerberos authentication ticket (TGT) was requested for CORP\\Administrator","target":"CORP\\Administrator","network":{"src_ip":"10.0.5.15","dst_ip":"10.0.10.10","dst_port":88,"protocol":"tcp","direction":"inbound"},"event":{"channel":"Security","provider":"Microsoft-Windows-Security-Auditing","event_id":4768,"record_id":430589,"level":"Information","computer":"DC-CORP-01.corp.example"},"detections":[],"severity_max":"none","detection_count":0,"provenance":{"raw_file":"raw/Windows.EventLogs.Evtx/results.json","raw_row":336,"collection_id":"demo-dc-corp-01"},"extra":{"encryption_type":"0x12 (AES256-CTS-HMAC-SHA1-96)","ticket_options":"0x40810010"}},
  {"schema_version":"1.0.0","row_hash":"677a0a045550eb972d0ea60be066a37ac865322f5de7761ccf65d8eebe8ff07e","timestamp_utc":"2026-03-13T15:24:26.2180000Z","timestamp_desc":"EventTime","source":"account","artifact":"Windows.EventLogs.Evtx","collector_kind":"native","host":"DC-CORP-01","host_id":"4f1c0a9e-0003-4a00-9c31-b0de51000003","user":"EU\\carol","message":"User password was changed at the request of the account owner","target":"EU\\carol","event":{"channel":"Security","provider":"Microsoft-Windows-Security-Auditing","event_id":4723,"record_id":443919,"level":"Information","computer":"DC-CORP-01.corp.example"},"detections":[],"severity_max":"none","detection_count":0,"provenance":{"raw_file":"raw/Windows.EventLogs.Evtx/results.json","raw_row":153,"collection_id":"demo-dc-corp-01"}},
  {"schema_version":"1.0.0","row_hash":"495003a186b54e6820d469eb696bf6a7153e2a2af5b56113243b2e3e0552673e","timestamp_utc":"2026-03-13T15:26:11.3920000Z","timestamp_desc":"LastExecuted","source":"execution","artifact":"Windows.Forensics.Prefetch","collector_kind":"velociraptor","host":"DC-CORP-01","host_id":"4f1c0a9e-0003-4a00-9c31-b0de51000003","user":"CORP\\Administrator","message":"REPADMIN.EXE executed (replication health check)","target":"C:\\Windows\\System32\\repadmin.exe","process":{"name":"REPADMIN.EXE","image_path":"C:\\Windows\\System32\\repadmin.exe","command_line":"repadmin /replsummary","parent_name":"cmd.exe","user":"CORP\\Administrator"},"detections":[],"severity_max":"none","detection_count":0,"provenance":{"raw_file":"raw/Windows.Forensics.Prefetch/results.json","raw_row":47,"collection_id":"demo-dc-corp-01"},"extra":{"prefetch_file":"REPADMIN.EXE-11B76AA4.pf"}},
  {"schema_version":"1.0.0","row_hash":"3bc1fb510ac01f292024b33e46b844696533feec656c2773423b8a2739c39b70","timestamp_utc":"2026-03-13T15:27:08.8540000Z","timestamp_desc":"LastExecuted","source":"execution","artifact":"Windows.Forensics.Prefetch","collector_kind":"velociraptor","host":"DC-CORP-01","host_id":"4f1c0a9e-0003-4a00-9c31-b0de51000003","user":"CORP\\Administrator","message":"REPADMIN.EXE executed (replication health check)","target":"C:\\Windows\\System32\\repadmin.exe","process":{"name":"REPADMIN.EXE","image_path":"C:\\Windows\\System32\\repadmin.exe","command_line":"repadmin /replsummary","parent_name":"cmd.exe","user":"CORP\\Administrator"},"detections":[],"severity_max":"none","detection_count":0,"provenance":{"raw_file":"raw/Windows.Forensics.Prefetch/results.json","raw_row":23,"collection_id":"demo-dc-corp-01"},"extra":{"prefetch_file":"REPADMIN.EXE-1041FDD7.pf"}},
  {"schema_version":"1.0.0","row_hash":"b08a910ad93722108b0ca8fafab4c33b0b8472cce212b0a615a3a69c34c77efa","timestamp_utc":"2026-03-13T15:34:32.7660000Z","timestamp_desc":"LastWriteTime","source":"registry","artifact":"Windows.Registry.NTDS","collector_kind":"velociraptor","host":"DC-CORP-01","host_id":"4f1c0a9e-0003-4a00-9c31-b0de51000003","user":"SYSTEM","message":"NTDS parameter enumerated: Database backup path","target":"HKLM\\SYSTEM\\CurrentControlSet\\Services\\NTDS\\Parameters","registry":{"key":"HKLM\\SYSTEM\\CurrentControlSet\\Services\\NTDS\\Parameters","value_name":"DSA Database file","value_data":"C:\\Windows\\NTDS\\ntds.dit","value_type":"REG_SZ","hive":"SYSTEM"},"detections":[],"severity_max":"none","detection_count":0,"provenance":{"raw_file":"raw/Windows.Registry.NTDS/results.json","raw_row":21,"collection_id":"demo-dc-corp-01"},"extra":{"slot":20}},
  {"schema_version":"1.0.0","row_hash":"414dfdc853625955e96dabc97dcb5b76d1038e016de5b78055ba847f832eee30","timestamp_utc":"2026-03-13T15:56:55.7130000Z","timestamp_desc":"EventTime","source":"network","artifact":"Windows.Network.Netstat","collector_kind":"velociraptor","host":"DC-CORP-01","host_id":"4f1c0a9e-0003-4a00-9c31-b0de51000003","user":"SYSTEM","message":"Inter-site AD replication session with DC-EU-01","target":"10.0.5.10:135","network":{"src_ip":"10.0.10.10","src_port":54490,"dst_ip":"10.0.5.10","dst_port":135,"protocol":"tcp","direction":"outbound","state":"ESTABLISHED"},"detections":[],"severity_max":"none","detection_count":0,"provenance":{"raw_file":"raw/Windows.Network.Netstat/results.json","raw_row":32,"collection_id":"demo-dc-corp-01"},"extra":{"naming_context":"DC=eu,DC=corp,DC=example","replication_partner":"DC-EU-01"}},
  {"schema_version":"1.0.0","row_hash":"36b1fc3c94b1a7600810bdb1d5a8e478f627f68f6f39d6ead80bf461b3805ea1","timestamp_utc":"2026-03-13T16:01:06.7970000Z","timestamp_desc":"LastExecuted","source":"execution","artifact":"Windows.Forensics.Prefetch","collector_kind":"velociraptor","host":"DC-CORP-01","host_id":"4f1c0a9e-0003-4a00-9c31-b0de51000003","user":"CORP\\Administrator","message":"REPADMIN.EXE executed (replication health check)","target":"C:\\Windows\\System32\\repadmin.exe","process":{"name":"REPADMIN.EXE","image_path":"C:\\Windows\\System32\\repadmin.exe","command_line":"repadmin /replsummary","parent_name":"cmd.exe","user":"CORP\\Administrator"},"detections":[],"severity_max":"none","detection_count":0,"provenance":{"raw_file":"raw/Windows.Forensics.Prefetch/results.json","raw_row":11,"collection_id":"demo-dc-corp-01"},"extra":{"prefetch_file":"REPADMIN.EXE-19E0499C.pf"}},
  {"schema_version":"1.0.0","row_hash":"c376641347c924d230a6f5ffece63ce8badcfdd97533bff987592c3d361e73f9","timestamp_utc":"2026-03-13T16:02:33.6600000Z","timestamp_desc":"LastWriteTime","source":"registry","artifact":"Windows.Registry.NTDS","collector_kind":"velociraptor","host":"DC-CORP-01","host_id":"4f1c0a9e-0003-4a00-9c31-b0de51000003","user":"SYSTEM","message":"NTDS parameter enumerated: Database backup path","target":"HKLM\\SYSTEM\\CurrentControlSet\\Services\\NTDS\\Parameters","registry":{"key":"HKLM\\SYSTEM\\CurrentControlSet\\Services\\NTDS\\Parameters","value_name":"DSA Database file","value_data":"C:\\Windows\\NTDS\\ntds.dit","value_type":"REG_SZ","hive":"SYSTEM"},"detections":[],"severity_max":"none","detection_count":0,"provenance":{"raw_file":"raw/Windows.Registry.NTDS/results.json","raw_row":57,"collection_id":"demo-dc-corp-01"},"extra":{"slot":24}},
  {"schema_version":"1.0.0","row_hash":"8ab0088403c46e714c32273768c9d2e1dc4b41b3e36563395eb5d375124f8359","timestamp_utc":"2026-03-13T16:16:01.6750000Z","timestamp_desc":"LastWriteTime","source":"registry","artifact":"Windows.Registry.NTDS","collector_kind":"velociraptor","host":"DC-CORP-01","host_id":"4f1c0a9e-0003-4a00-9c31-b0de51000003","user":"SYSTEM","message":"NTDS parameter enumerated: Database backup path","target":"HKLM\\SYSTEM\\CurrentControlSet\\Services\\NTDS\\Parameters","registry":{"key":"HKLM\\SYSTEM\\CurrentControlSet\\Services\\NTDS\\Parameters","value_name":"DSA Database file","value_data":"C:\\Windows\\NTDS\\ntds.dit","value_type":"REG_SZ","hive":"SYSTEM"},"detections":[],"severity_max":"none","detection_count":0,"provenance":{"raw_file":"raw/Windows.Registry.NTDS/results.json","raw_row":5,"collection_id":"demo-dc-corp-01"},"extra":{"slot":28}},
  {"schema_version":"1.0.0","row_hash":"cd87f70cc400b5dfe23344d9d8442b1d3d973af9d8e071e17a5e2d557ba897c7","timestamp_utc":"2026-03-13T16:17:00.9420000Z","timestamp_desc":"EventTime","timestamp_source_field":"System.TimeCreated.SystemTime","source":"eventlog","artifact":"Windows.EventLogs.Evtx","collector_kind":"native","host":"DC-CORP-01","host_id":"4f1c0a9e-0003-4a00-9c31-b0de51000003","user":"EU\\svc-backup","message":"Kerberos authentication ticket (TGT) was requested for EU\\svc-backup","target":"EU\\svc-backup","network":{"src_ip":"10.0.5.15","dst_ip":"10.0.10.10","dst_port":88,"protocol":"tcp","direction":"inbound"},"event":{"channel":"Security","provider":"Microsoft-Windows-Security-Auditing","event_id":4768,"record_id":1158355,"level":"Information","computer":"DC-CORP-01.corp.example"},"detections":[],"severity_max":"none","detection_count":0,"provenance":{"raw_file":"raw/Windows.EventLogs.Evtx/results.json","raw_row":56,"collection_id":"demo-dc-corp-01"},"extra":{"encryption_type":"0x12 (AES256-CTS-HMAC-SHA1-96)","ticket_options":"0x40810010"}},
  {"schema_version":"1.0.0","row_hash":"c22308252673219dd0c1fa83253e63307e2e245780230b37b816662fb74b448d","timestamp_utc":"2026-03-13T16:25:38.6720000Z","timestamp_desc":"LastExecuted","source":"execution","artifact":"Windows.Forensics.Prefetch","collector_kind":"velociraptor","host":"DC-CORP-01","host_id":"4f1c0a9e-0003-4a00-9c31-b0de51000003","user":"CORP\\Administrator","message":"REPADMIN.EXE executed (replication health check)","target":"C:\\Windows\\System32\\repadmin.exe","process":{"name":"REPADMIN.EXE","image_path":"C:\\Windows\\System32\\repadmin.exe","command_line":"repadmin /replsummary","parent_name":"cmd.exe","user":"CORP\\Administrator"},"detections":[],"severity_max":"none","detection_count":0,"provenance":{"raw_file":"raw/Windows.Forensics.Prefetch/results.json","raw_row":7,"collection_id":"demo-dc-corp-01"},"extra":{"prefetch_file":"REPADMIN.EXE-110B3CF3.pf"}},
  {"schema_version":"1.0.0","row_hash":"7a9926f6267b2a2196de49595c2341437b625c1a97c42283afbb8e622b00cc47","timestamp_utc":"2026-03-13T16:41:19.0880000Z","timestamp_desc":"LastWriteTime","source":"registry","artifact":"Windows.Registry.NTDS","collector_kind":"velociraptor","host":"DC-CORP-01","host_id":"4f1c0a9e-0003-4a00-9c31-b0de51000003","user":"SYSTEM","message":"NTDS parameter enumerated: Database backup path","target":"HKLM\\SYSTEM\\CurrentControlSet\\Services\\NTDS\\Parameters","registry":{"key":"HKLM\\SYSTEM\\CurrentControlSet\\Services\\NTDS\\Parameters","value_name":"DSA Database file","value_data":"C:\\Windows\\NTDS\\ntds.dit","value_type":"REG_SZ","hive":"SYSTEM"},"detections":[],"severity_max":"none","detection_count":0,"provenance":{"raw_file":"raw/Windows.Registry.NTDS/results.json","raw_row":49,"collection_id":"demo-dc-corp-01"},"extra":{"slot":0}},
  {"schema_version":"1.0.0","row_hash":"2f827a8da57188d83da0a64a6d0d8dc6f9674c770a8509b41cae2241220ab2ac","timestamp_utc":"2026-03-13T16:46:43.7950000Z","timestamp_desc":"EventTime","timestamp_source_field":"System.TimeCreated.SystemTime","source":"eventlog","artifact":"Windows.EventLogs.Evtx","collector_kind":"native","host":"DC-CORP-01","host_id":"4f1c0a9e-0003-4a00-9c31-b0de51000003","user":"EU\\bob","message":"Kerberos authentication ticket (TGT) was requested for EU\\bob","target":"EU\\bob","network":{"src_ip":"10.0.5.41","dst_ip":"10.0.10.10","dst_port":88,"protocol":"tcp","direction":"inbound"},"event":{"channel":"Security","provider":"Microsoft-Windows-Security-Auditing","event_id":4768,"record_id":549510,"level":"Information","computer":"DC-CORP-01.corp.example"},"detections":[],"severity_max":"none","detection_count":0,"provenance":{"raw_file":"raw/Windows.EventLogs.Evtx/results.json","raw_row":256,"collection_id":"demo-dc-corp-01"},"extra":{"encryption_type":"0x12 (AES256-CTS-HMAC-SHA1-96)","ticket_options":"0x40810010"}},
  {"schema_version":"1.0.0","row_hash":"c851fd461d800a0354ca6dd1006a2ffa079e1b18413bf7e25bfc80ce25c8f88a","timestamp_utc":"2026-03-13T16:49:25.4660000Z","timestamp_desc":"EventTime","source":"account","artifact":"Windows.EventLogs.Evtx","collector_kind":"native","host":"DC-CORP-01","host_id":"4f1c0a9e-0003-4a00-9c31-b0de51000003","user":"EU\\alice","message":"User password was changed at the request of the account owner","target":"EU\\alice","event":{"channel":"Security","provider":"Microsoft-Windows-Security-Auditing","event_id":4723,"record_id":556034,"level":"Information","computer":"DC-CORP-01.corp.example"},"detections":[],"severity_max":"none","detection_count":0,"provenance":{"raw_file":"raw/Windows.EventLogs.Evtx/results.json","raw_row":93,"collection_id":"demo-dc-corp-01"}},
  {"schema_version":"1.0.0","row_hash":"c083d9f81f874bd47a5204e2472d8fc33f352a75ea759707512bafea398c6759","timestamp_utc":"2026-03-13T16:51:19.4740000Z","timestamp_desc":"EventTime","source":"account","artifact":"Windows.EventLogs.Evtx","collector_kind":"native","host":"DC-CORP-01","host_id":"4f1c0a9e-0003-4a00-9c31-b0de51000003","user":"EU\\carol","message":"User password was changed at the request of the account owner","target":"EU\\carol","event":{"channel":"Security","provider":"Microsoft-Windows-Security-Auditing","event_id":4723,"record_id":781844,"level":"Information","computer":"DC-CORP-01.corp.example"},"detections":[],"severity_max":"none","detection_count":0,"provenance":{"raw_file":"raw/Windows.EventLogs.Evtx/results.json","raw_row":173,"collection_id":"demo-dc-corp-01"}},
  {"schema_version":"1.0.0","row_hash":"46b49e39bb7ea5e3d0e3e66af81810b39968f0cd32fb2eb81afcf71f8afb9ef1","timestamp_utc":"2026-03-13T16:51:48.8350000Z","timestamp_desc":"LastExecuted","source":"execution","artifact":"Windows.Forensics.Prefetch","collector_kind":"velociraptor","host":"DC-CORP-01","host_id":"4f1c0a9e-0003-4a00-9c31-b0de51000003","user":"CORP\\Administrator","message":"REPADMIN.EXE executed (replication health check)","target":"C:\\Windows\\System32\\repadmin.exe","process":{"name":"REPADMIN.EXE","image_path":"C:\\Windows\\System32\\repadmin.exe","command_line":"repadmin /replsummary","parent_name":"cmd.exe","user":"CORP\\Administrator"},"detections":[],"severity_max":"none","detection_count":0,"provenance":{"raw_file":"raw/Windows.Forensics.Prefetch/results.json","raw_row":59,"collection_id":"demo-dc-corp-01"},"extra":{"prefetch_file":"REPADMIN.EXE-13D1EAF7.pf"}},
  {"schema_version":"1.0.0","row_hash":"1a5d5a35fd14a1449bc2ef5c484c1b2b1f7367e91248e76aa2e4158ca9f35a46","timestamp_utc":"2026-03-13T17:08:54.0900000Z","timestamp_desc":"EventTime","source":"network","artifact":"Windows.Network.Netstat","collector_kind":"velociraptor","host":"DC-CORP-01","host_id":"4f1c0a9e-0003-4a00-9c31-b0de51000003","user":"SYSTEM","message":"Inter-site AD replication session with DC-EU-01","target":"10.0.5.10:135","network":{"src_ip":"10.0.10.10","src_port":52353,"dst_ip":"10.0.5.10","dst_port":135,"protocol":"tcp","direction":"outbound","state":"ESTABLISHED"},"detections":[],"severity_max":"none","detection_count":0,"provenance":{"raw_file":"raw/Windows.Network.Netstat/results.json","raw_row":24,"collection_id":"demo-dc-corp-01"},"extra":{"naming_context":"DC=eu,DC=corp,DC=example","replication_partner":"DC-EU-01"}},
  {"schema_version":"1.0.0","row_hash":"49ed071174b2cd6e787c1007986f1c3ab7e634da954e448f19359af35d3971a6","timestamp_utc":"2026-03-13T17:32:29.8770000Z","timestamp_desc":"EventTime","timestamp_source_field":"System.TimeCreated.SystemTime","source":"eventlog","artifact":"Windows.EventLogs.Evtx","collector_kind":"native","host":"DC-CORP-01","host_id":"4f1c0a9e-0003-4a00-9c31-b0de51000003","user":"CORP\\Administrator","message":"Kerberos authentication ticket (TGT) was requested for CORP\\Administrator","target":"CORP\\Administrator","network":{"src_ip":"10.0.5.42","dst_ip":"10.0.10.10","dst_port":88,"protocol":"tcp","direction":"inbound"},"event":{"channel":"Security","provider":"Microsoft-Windows-Security-Auditing","event_id":4768,"record_id":551466,"level":"Information","computer":"DC-CORP-01.corp.example"},"detections":[],"severity_max":"none","detection_count":0,"provenance":{"raw_file":"raw/Windows.EventLogs.Evtx/results.json","raw_row":36,"collection_id":"demo-dc-corp-01"},"extra":{"encryption_type":"0x12 (AES256-CTS-HMAC-SHA1-96)","ticket_options":"0x40810010"}},
  {"schema_version":"1.0.0","row_hash":"fff2ac53fa1b9be9fc844d6dbbfa9879c2d39a1c3dcbada4bb4b3bf9e486f8a1","timestamp_utc":"2026-03-13T19:34:36.3560000Z","timestamp_desc":"EventTime","source":"network","artifact":"Windows.Network.Netstat","collector_kind":"velociraptor","host":"DC-CORP-01","host_id":"4f1c0a9e-0003-4a00-9c31-b0de51000003","user":"SYSTEM","message":"Inter-site AD replication session with DC-EU-01","target":"10.0.5.10:135","network":{"src_ip":"10.0.10.10","src_port":63427,"dst_ip":"10.0.5.10","dst_port":135,"protocol":"tcp","direction":"outbound","state":"ESTABLISHED"},"detections":[],"severity_max":"none","detection_count":0,"provenance":{"raw_file":"raw/Windows.Network.Netstat/results.json","raw_row":44,"collection_id":"demo-dc-corp-01"},"extra":{"naming_context":"DC=eu,DC=corp,DC=example","replication_partner":"DC-EU-01"}},
  {"schema_version":"1.0.0","row_hash":"db4c86e050ca2d5f87e1bf44de6469aed35570a425d24fc3c927d7fcc9e88424","timestamp_utc":"2026-03-13T21:18:23.1190000Z","timestamp_desc":"EventTime","source":"network","artifact":"Windows.Network.Netstat","collector_kind":"velociraptor","host":"DC-CORP-01","host_id":"4f1c0a9e-0003-4a00-9c31-b0de51000003","user":"SYSTEM","message":"Inter-site AD replication session with DC-EU-01","target":"10.0.5.10:135","network":{"src_ip":"10.0.10.10","src_port":56238,"dst_ip":"10.0.5.10","dst_port":135,"protocol":"tcp","direction":"outbound","state":"ESTABLISHED"},"detections":[],"severity_max":"none","detection_count":0,"provenance":{"raw_file":"raw/Windows.Network.Netstat/results.json","raw_row":0,"collection_id":"demo-dc-corp-01"},"extra":{"naming_context":"DC=eu,DC=corp,DC=example","replication_partner":"DC-EU-01"}},
  {"schema_version":"1.0.0","row_hash":"c164199d7748c6d55deb159438dc7c2c5187e179a971d834e220ccfa56a08e69","timestamp_utc":"2026-03-13T21:55:55.0770000Z","timestamp_desc":"EventTime","source":"network","artifact":"Windows.Network.Netstat","collector_kind":"velociraptor","host":"DC-CORP-01","host_id":"4f1c0a9e-0003-4a00-9c31-b0de51000003","user":"SYSTEM","message":"Inter-site AD replication session with DC-EU-01","target":"10.0.5.10:135","network":{"src_ip":"10.0.10.10","src_port":61040,"dst_ip":"10.0.5.10","dst_port":135,"protocol":"tcp","direction":"outbound","state":"ESTABLISHED"},"detections":[],"severity_max":"none","detection_count":0,"provenance":{"raw_file":"raw/Windows.Network.Netstat/results.json","raw_row":52,"collection_id":"demo-dc-corp-01"},"extra":{"naming_context":"DC=eu,DC=corp,DC=example","replication_partner":"DC-EU-01"}},
  {"schema_version":"1.0.0","row_hash":"98932b47d9e5c96e587e072fa954eae6a8d8becc449039c9410f90955ed0f029","timestamp_utc":"2026-03-13T22:53:30.5120000Z","timestamp_desc":"EventTime","source":"account","artifact":"Windows.EventLogs.Evtx","collector_kind":"native","host":"DC-CORP-01","host_id":"4f1c0a9e-0003-4a00-9c31-b0de51000003","user":"EU\\carol","message":"User password was changed at the request of the account owner","target":"EU\\bob","event":{"channel":"Security","provider":"Microsoft-Windows-Security-Auditing","event_id":4723,"record_id":564290,"level":"Information","computer":"DC-CORP-01.corp.example"},"detections":[],"severity_max":"none","detection_count":0,"provenance":{"raw_file":"raw/Windows.EventLogs.Evtx/results.json","raw_row":213,"collection_id":"demo-dc-corp-01"}},
  {"schema_version":"1.0.0","row_hash":"59a67dd9773bdbf3c01dbb8a60998bd14a8a2218b293556a0c600fac33029b34","timestamp_utc":"2026-03-13T23:16:55.8790000Z","timestamp_desc":"EventTime","timestamp_source_field":"System.TimeCreated.SystemTime","source":"eventlog","artifact":"Windows.EventLogs.Evtx","collector_kind":"native","host":"DC-CORP-01","host_id":"4f1c0a9e-0003-4a00-9c31-b0de51000003","user":"EU\\carol","message":"Kerberos authentication ticket (TGT) was requested for EU\\carol","target":"EU\\carol","network":{"src_ip":"10.0.5.41","dst_ip":"10.0.10.10","dst_port":88,"protocol":"tcp","direction":"inbound"},"event":{"channel":"Security","provider":"Microsoft-Windows-Security-Auditing","event_id":4768,"record_id":502324,"level":"Information","computer":"DC-CORP-01.corp.example"},"detections":[],"severity_max":"none","detection_count":0,"provenance":{"raw_file":"raw/Windows.EventLogs.Evtx/results.json","raw_row":156,"collection_id":"demo-dc-corp-01"},"extra":{"encryption_type":"0x12 (AES256-CTS-HMAC-SHA1-96)","ticket_options":"0x40810010"}},
  {"schema_version":"1.0.0","row_hash":"68a31f43a148ccfe36b03e9288ab91cbf4c93778464df72aa8cf02257d037095","timestamp_utc":"2026-03-13T23:44:23.5310000Z","timestamp_desc":"EventTime","source":"network","artifact":"Windows.Network.Netstat","collector_kind":"velociraptor","host":"DC-CORP-01","host_id":"4f1c0a9e-0003-4a00-9c31-b0de51000003","user":"SYSTEM","message":"Inter-site AD replication session with DC-EU-01","target":"10.0.5.10:135","network":{"src_ip":"10.0.10.10","src_port":52709,"dst_ip":"10.0.5.10","dst_port":135,"protocol":"tcp","direction":"outbound","state":"ESTABLISHED"},"detections":[],"severity_max":"none","detection_count":0,"provenance":{"raw_file":"raw/Windows.Network.Netstat/results.json","raw_row":60,"collection_id":"demo-dc-corp-01"},"extra":{"naming_context":"DC=eu,DC=corp,DC=example","replication_partner":"DC-EU-01"}},
  {"schema_version":"1.0.0","row_hash":"f1e452586077113765bafe55e6f70608b93c1350312d98df339358d2b29c1086","timestamp_utc":"2026-03-13T23:59:35.7530000Z","timestamp_desc":"LastExecuted","source":"execution","artifact":"Windows.Forensics.Prefetch","collector_kind":"velociraptor","host":"DC-CORP-01","host_id":"4f1c0a9e-0003-4a00-9c31-b0de51000003","user":"CORP\\Administrator","message":"REPADMIN.EXE executed (replication health check)","target":"C:\\Windows\\System32\\repadmin.exe","process":{"name":"REPADMIN.EXE","image_path":"C:\\Windows\\System32\\repadmin.exe","command_line":"repadmin /replsummary","parent_name":"cmd.exe","user":"CORP\\Administrator"},"detections":[],"severity_max":"none","detection_count":0,"provenance":{"raw_file":"raw/Windows.Forensics.Prefetch/results.json","raw_row":63,"collection_id":"demo-dc-corp-01"},"extra":{"prefetch_file":"REPADMIN.EXE-1448A4F9.pf"}},
  {"schema_version":"1.0.0","row_hash":"0f60d6fa19e407b3b854118f7384e4c4a9c7457278e7978d88c015472b0ca97f","timestamp_utc":"2026-03-14T00:18:52.6700000Z","timestamp_desc":"EventTime","source":"log","artifact":"Windows.EventLogs.Evtx","collector_kind":"native","host":"DC-CORP-01","host_id":"4f1c0a9e-0003-4a00-9c31-b0de51000003","user":"SYSTEM","message":"DNS zone transfer completed for corp.example","target":"Microsoft-Windows-DNS-Server/Audit","process":{"name":"dns.exe","image_path":"C:\\Windows\\System32\\dns.exe","parent_name":"services.exe"},"event":{"channel":"DNS Server","provider":"Microsoft-Windows-DNS-Server-Service","event_id":6522,"record_id":7615,"level":"Information","computer":"DC-CORP-01.corp.example"},"detections":[],"severity_max":"none","detection_count":0,"provenance":{"raw_file":"raw/Windows.EventLogs.Evtx/results.json","raw_row":34,"collection_id":"demo-dc-corp-01"}},
  {"schema_version":"1.0.0","row_hash":"9451ddf86e7042affcdde03da6f8ce47825612383c6dbe7a46f3db21d8ebcdba","timestamp_utc":"2026-03-14T00:31:12.0000000Z","timestamp_desc":"EventTime","source":"eventlog","artifact":"Windows.EventLogs.Evtx","collector_kind":"native","host":"DC-CORP-01","host_id":"4f1c0a9e-0003-4a00-9c31-b0de51000003","user":"CORP\\svc-support","message":"The audit log was cleared on the forest-root domain controller","target":"Security","event":{"channel":"Security","provider":"Microsoft-Windows-Eventlog","event_id":1102,"record_id":4502990,"level":"Information","computer":"DC-CORP-01.corp.example"},"detections":[{"engine":"sigma","rule_id":"demo-sigma-0037","rule_name":"Security Audit Log Cleared On A Domain Controller","severity":"critical","rule_author":"IRTriage demo rule pack","rule_description":"Audit history destroyed on the forest-root DC by the attacker-created account.","rule_source":"sigma:demo-pack","mitre_techniques":["T1070.001"]}],"severity_max":"critical","detection_count":1,"provenance":{"raw_file":"raw/Windows.EventLogs.Evtx/results.json","raw_row":359,"collection_id":"demo-dc-corp-01"}},
  {"schema_version":"1.0.0","row_hash":"4143fb314803840380bfb250b7dbedc4b0b3cd4722ab2fb964b72463039ae606","timestamp_utc":"2026-03-14T01:12:42.5870000Z","timestamp_desc":"EventTime","source":"system_info","artifact":"Windows.System.TrustRelationships","collector_kind":"velociraptor","host":"DC-CORP-01","host_id":"4f1c0a9e-0003-4a00-9c31-b0de51000003","user":"SYSTEM","message":"Forest trust enumerated: eu.corp.example -> corp.example (parent/child, transitive)","target":"eu.corp.example","detections":[],"severity_max":"none","detection_count":0,"provenance":{"raw_file":"raw/Windows.System.TrustRelationships/results.json","raw_row":3,"collection_id":"demo-dc-corp-01"},"extra":{"probe":7,"trust_attributes":"WITHIN_FOREST","trust_direction":"Bidirectional","trust_type":"Uplevel","validated":true}},
  {"schema_version":"1.0.0","row_hash":"098e32591f3edc95ce009455fd527748c3dbbcd7fea30486117d0260801ddce3","timestamp_utc":"2026-03-14T02:46:17.9730000Z","timestamp_desc":"EventTime","source":"system_info","artifact":"Windows.System.TrustRelationships","collector_kind":"velociraptor","host":"DC-CORP-01","host_id":"4f1c0a9e-0003-4a00-9c31-b0de51000003","user":"SYSTEM","message":"Forest trust enumerated: eu.corp.example -> corp.example (parent/child, transitive)","target":"eu.corp.example","detections":[],"severity_max":"none","detection_count":0,"provenance":{"raw_file":"raw/Windows.System.TrustRelationships/results.json","raw_row":39,"collection_id":"demo-dc-corp-01"},"extra":{"probe":5,"trust_attributes":"WITHIN_FOREST","trust_direction":"Bidirectional","trust_type":"Uplevel","validated":true}},
  {"schema_version":"1.0.0","row_hash":"e61fef640412c48621c5538063276bffbd69e60fbe9d638afe629c00efb0e1ec","timestamp_utc":"2026-03-14T03:10:26.8630000Z","timestamp_desc":"Modified","source":"filesystem","artifact":"Windows.NTFS.MFT","collector_kind":"velociraptor","host":"DC-CORP-01","host_id":"4f1c0a9e-0003-4a00-9c31-b0de51000003","user":"SYSTEM","message":"Group Policy template modified: Default Domain Policy","target":"C:\\Windows\\SYSVOL\\sysvol\\corp.example\\Policies\\{31B2F340-016D-11D2-945F-00C04FB984F9}\\GPT.INI","file":{"path":"C:\\Windows\\SYSVOL\\sysvol\\corp.example\\Policies\\{31B2F340-016D-11D2-945F-00C04FB984F9}\\GPT.INI","name":"GPT.INI","extension":"INI","size_bytes":71,"mft_entry":75215,"is_allocated":true},"detections":[],"severity_max":"none","detection_count":0,"provenance":{"raw_file":"raw/Windows.NTFS.MFT/results.json","raw_row":22,"collection_id":"demo-dc-corp-01"}},
  {"schema_version":"1.0.0","row_hash":"736fcfc7d30c8ee5bcca94c4a8c986aed936530de426a61e216217685256f060","timestamp_utc":"2026-03-14T03:50:58.6910000Z","timestamp_desc":"Modified","source":"filesystem","artifact":"Windows.NTFS.MFT","collector_kind":"velociraptor","host":"DC-CORP-01","host_id":"4f1c0a9e-0003-4a00-9c31-b0de51000003","user":"SYSTEM","message":"Group Policy template modified: Default Domain Policy","target":"C:\\Windows\\SYSVOL\\sysvol\\corp.example\\Policies\\{31B2F340-016D-11D2-945F-00C04FB984F9}\\GPT.INI","file":{"path":"C:\\Windows\\SYSVOL\\sysvol\\corp.example\\Policies\\{31B2F340-016D-11D2-945F-00C04FB984F9}\\GPT.INI","name":"GPT.INI","extension":"INI","size_bytes":95,"mft_entry":76705,"is_allocated":true},"detections":[],"severity_max":"none","detection_count":0,"provenance":{"raw_file":"raw/Windows.NTFS.MFT/results.json","raw_row":58,"collection_id":"demo-dc-corp-01"}},
  {"schema_version":"1.0.0","row_hash":"3fc647b9751523f6ebe5bd0febe3ddb9d31443f0f01fc3853283b35f0b44a8d4","timestamp_utc":"2026-03-14T04:28:07.4510000Z","timestamp_desc":"EventTime","source":"log","artifact":"Windows.EventLogs.Evtx","collector_kind":"native","host":"DC-CORP-01","host_id":"4f1c0a9e-0003-4a00-9c31-b0de51000003","user":"SYSTEM","message":"DNS zone transfer completed for corp.example","target":"Microsoft-Windows-DNS-Server/Audit","process":{"name":"dns.exe","image_path":"C:\\Windows\\System32\\dns.exe","parent_name":"services.exe"},"event":{"channel":"DNS Server","provider":"Microsoft-Windows-DNS-Server-Service","event_id":6522,"record_id":1466,"level":"Information","computer":"DC-CORP-01.corp.example"},"detections":[],"severity_max":"none","detection_count":0,"provenance":{"raw_file":"raw/Windows.EventLogs.Evtx/results.json","raw_row":234,"collection_id":"demo-dc-corp-01"}},
  {"schema_version":"1.0.0","row_hash":"f55489c246f06706bb6c503989a90fba1c51361ea69315a717850503049919b7","timestamp_utc":"2026-03-14T05:33:03.5030000Z","timestamp_desc":"EventTime","source":"system_info","artifact":"Windows.System.TrustRelationships","collector_kind":"velociraptor","host":"DC-CORP-01","host_id":"4f1c0a9e-0003-4a00-9c31-b0de51000003","user":"SYSTEM","message":"Forest trust enumerated: eu.corp.example -> corp.example (parent/child, transitive)","target":"eu.corp.example","detections":[],"severity_max":"none","detection_count":0,"provenance":{"raw_file":"raw/Windows.System.TrustRelationships/results.json","raw_row":31,"collection_id":"demo-dc-corp-01"},"extra":{"probe":4,"trust_attributes":"WITHIN_FOREST","trust_direction":"Bidirectional","trust_type":"Uplevel","validated":true}},
  {"schema_version":"1.0.0","row_hash":"c37e75ab6e27b4e86fc8495958672ec9d2469a8e53a584bc1a1ea57d56b6ea40","timestamp_utc":"2026-03-14T07:27:34.6060000Z","timestamp_desc":"EventTime","source":"system_info","artifact":"Windows.System.TrustRelationships","collector_kind":"velociraptor","host":"DC-CORP-01","host_id":"4f1c0a9e-0003-4a00-9c31-b0de51000003","user":"SYSTEM","message":"Forest trust enumerated: eu.corp.example -> corp.example (parent/child, transitive)","target":"eu.corp.example","detections":[],"severity_max":"none","detection_count":0,"provenance":{"raw_file":"raw/Windows.System.TrustRelationships/results.json","raw_row":23,"collection_id":"demo-dc-corp-01"},"extra":{"probe":0,"trust_attributes":"WITHIN_FOREST","trust_direction":"Bidirectional","trust_type":"Uplevel","validated":true}},
  {"schema_version":"1.0.0","row_hash":"e914d4b35b3948a6c968abdc4ca6ccd72efe44a0578d0eb3576178c235868a4b","timestamp_utc":"2026-03-14T07:46:19.0260000Z","timestamp_desc":"Modified","source":"filesystem","artifact":"Windows.NTFS.MFT","collector_kind":"velociraptor","host":"DC-CORP-01","host_id":"4f1c0a9e-0003-4a00-9c31-b0de51000003","user":"SYSTEM","message":"Group Policy template modified: Default Domain Policy","target":"C:\\Windows\\SYSVOL\\sysvol\\corp.example\\Policies\\{31B2F340-016D-11D2-945F-00C04FB984F9}\\GPT.INI","file":{"path":"C:\\Windows\\SYSVOL\\sysvol\\corp.example\\Policies\\{31B2F340-016D-11D2-945F-00C04FB984F9}\\GPT.INI","name":"GPT.INI","extension":"INI","size_bytes":72,"mft_entry":74533,"is_allocated":true},"detections":[],"severity_max":"none","detection_count":0,"provenance":{"raw_file":"raw/Windows.NTFS.MFT/results.json","raw_row":46,"collection_id":"demo-dc-corp-01"}},
  {"schema_version":"1.0.0","row_hash":"8f6ad258c4ec260d0c8672c4ebed148f413d13e189f660458a4e1663bb87e89c","timestamp_utc":"2026-03-14T08:02:58.8660000Z","timestamp_desc":"Modified","source":"filesystem","artifact":"Windows.NTFS.MFT","collector_kind":"velociraptor","host":"DC-CORP-01","host_id":"4f1c0a9e-0003-4a00-9c31-b0de51000003","user":"SYSTEM","message":"Group Policy template modified: Default Domain Policy","target":"C:\\Windows\\SYSVOL\\sysvol\\corp.example\\Policies\\{31B2F340-016D-11D2-945F-00C04FB984F9}\\GPT.INI","file":{"path":"C:\\Windows\\SYSVOL\\sysvol\\corp.example\\Policies\\{31B2F340-016D-11D2-945F-00C04FB984F9}\\GPT.INI","name":"GPT.INI","extension":"INI","size_bytes":71,"mft_entry":75893,"is_allocated":true},"detections":[],"severity_max":"none","detection_count":0,"provenance":{"raw_file":"raw/Windows.NTFS.MFT/results.json","raw_row":30,"collection_id":"demo-dc-corp-01"}},
  {"schema_version":"1.0.0","row_hash":"4b1bb5ea07a724648c03f5c73d2aea8c351236d6aa5729603050a07315f3162f","timestamp_utc":"2026-03-14T08:12:25.8810000Z","timestamp_desc":"EventTime","source":"eventlog","artifact":"Windows.EventLogs.Evtx","collector_kind":"native","host":"DC-CORP-01","host_id":"4f1c0a9e-0003-4a00-9c31-b0de51000003","user":"EU\\bob","message":"Kerberos service ticket was requested: host/SRV-CORP-FS02.eu.corp.example","target":"EU\\bob","event":{"channel":"Security","provider":"Microsoft-Windows-Security-Auditing","event_id":4769,"record_id":824420,"level":"Information","computer":"DC-CORP-01.corp.example"},"detections":[],"severity_max":"none","detection_count":0,"provenance":{"raw_file":"raw/Windows.EventLogs.Evtx/results.json","raw_row":217,"collection_id":"demo-dc-corp-01"},"extra":{"encryption_type":"0x12 (AES256-CTS-HMAC-SHA1-96)","failure_code":"0x0"}},
  {"schema_version":"1.0.0","row_hash":"ac57a075e64d2678cdbe68f46e40f230c9eb43a64bbbc036452bb6a1bc26bea7","timestamp_utc":"2026-03-14T08:18:57.5160000Z","timestamp_desc":"EventTime","source":"eventlog","artifact":"Windows.EventLogs.Evtx","collector_kind":"native","host":"DC-CORP-01","host_id":"4f1c0a9e-0003-4a00-9c31-b0de51000003","user":"CORP\\Administrator","message":"Kerberos service ticket was requested: ldap/DC-CORP-01.corp.example","target":"CORP\\Administrator","event":{"channel":"Security","provider":"Microsoft-Windows-Security-Auditing","event_id":4769,"record_id":1212729,"level":"Information","computer":"DC-CORP-01.corp.example"},"detections":[],"severity_max":"none","detection_count":0,"provenance":{"raw_file":"raw/Windows.EventLogs.Evtx/results.json","raw_row":157,"collection_id":"demo-dc-corp-01"},"extra":{"encryption_type":"0x12 (AES256-CTS-HMAC-SHA1-96)","failure_code":"0x0"}},
  {"schema_version":"1.0.0","row_hash":"1b169d541d4e4aaae946946e3f652607ee29b38a04dfda455002249edf2f9ddd","timestamp_utc":"2026-03-14T08:55:06.2190000Z","timestamp_desc":"EventTime","source":"log","artifact":"Windows.EventLogs.Evtx","collector_kind":"native","host":"DC-CORP-01","host_id":"4f1c0a9e-0003-4a00-9c31-b0de51000003","user":"SYSTEM","message":"DNS zone transfer completed for eu.corp.example","target":"Microsoft-Windows-DNS-Server/Audit","process":{"name":"dns.exe","image_path":"C:\\Windows\\System32\\dns.exe","parent_name":"services.exe"},"event":{"channel":"DNS Server","provider":"Microsoft-Windows-DNS-Server-Service","event_id":6522,"record_id":3558,"level":"Information","computer":"DC-CORP-01.corp.example"},"detections":[],"severity_max":"none","detection_count":0,"provenance":{"raw_file":"raw/Windows.EventLogs.Evtx/results.json","raw_row":274,"collection_id":"demo-dc-corp-01"}},
  {"schema_version":"1.0.0","row_hash":"ea5bdb512177b5f8bf2c1bc5f0ebee69a8ee046750e4580e46a7dcbcb4e2d58d","timestamp_utc":"2026-03-14T09:04:54.0510000Z","timestamp_desc":"EventTime","source":"service","artifact":"Windows.EventLogs.Evtx","collector_kind":"native","host":"DC-CORP-01","host_id":"4f1c0a9e-0003-4a00-9c31-b0de51000003","user":"SYSTEM","message":"Service entered the running state: Active Directory Domain Services (NTDS)","target":"NTDS","process":{"name":"services.exe","image_path":"C:\\Windows\\System32\\services.exe"},"event":{"channel":"System","provider":"Service Control Manager","event_id":7036,"record_id":9994,"level":"Information","computer":"DC-CORP-01.corp.example"},"detections":[],"severity_max":"none","detection_count":0,"provenance":{"raw_file":"raw/Windows.EventLogs.Evtx/results.json","raw_row":5,"collection_id":"demo-dc-corp-01"}},
  {"schema_version":"1.0.0","row_hash":"be009c1fa13844900795897efdc926add203df72484d2b06c9376a348a90afb2","timestamp_utc":"2026-03-14T09:09:16.9140000Z","timestamp_desc":"Modified","source":"filesystem","artifact":"Windows.NTFS.MFT","collector_kind":"velociraptor","host":"DC-CORP-01","host_id":"4f1c0a9e-0003-4a00-9c31-b0de51000003","user":"SYSTEM","message":"Group Policy template modified: Default Domain Policy","target":"C:\\Windows\\SYSVOL\\sysvol\\corp.example\\Policies\\{31B2F340-016D-11D2-945F-00C04FB984F9}\\GPT.INI","file":{"path":"C:\\Windows\\SYSVOL\\sysvol\\corp.example\\Policies\\{31B2F340-016D-11D2-945F-00C04FB984F9}\\GPT.INI","name":"GPT.INI","extension":"INI","size_bytes":65,"mft_entry":76989,"is_allocated":true},"detections":[],"severity_max":"none","detection_count":0,"provenance":{"raw_file":"raw/Windows.NTFS.MFT/results.json","raw_row":42,"collection_id":"demo-dc-corp-01"}},
  {"schema_version":"1.0.0","row_hash":"53f8d8c8f10b3493b534514360a100be957b3a4a052094a6e9d1e9d25b660687","timestamp_utc":"2026-03-14T09:14:29.4550000Z","timestamp_desc":"EventTime","source":"log","artifact":"Windows.EventLogs.Evtx","collector_kind":"native","host":"DC-CORP-01","host_id":"4f1c0a9e-0003-4a00-9c31-b0de51000003","user":"SYSTEM","message":"DNS zone transfer completed for corp.example","target":"Microsoft-Windows-DNS-Server/Audit","process":{"name":"dns.exe","image_path":"C:\\Windows\\System32\\dns.exe","parent_name":"services.exe"},"event":{"channel":"DNS Server","provider":"Microsoft-Windows-DNS-Server-Service","event_id":6522,"record_id":4620,"level":"Information","computer":"DC-CORP-01.corp.example"},"detections":[],"severity_max":"none","detection_count":0,"provenance":{"raw_file":"raw/Windows.EventLogs.Evtx/results.json","raw_row":74,"collection_id":"demo-dc-corp-01"}},
