// GENERATED FILE -- do not edit by hand.
// Demo timeline rows for SRV-CORP-FS02 (726 records).
// Regenerate with:  node scripts/gen-demo-dataset.mjs
//
// SYNTHETIC DATA ONLY. Every host, account, address, domain and hash below is
// invented: RFC 5737 documentation IP ranges, the RFC 2606 reserved .example
// TLD, and hashes derived from fixed labels. No real host was ever collected.
// See docs/DEMO.md.

export const rows = [
  {"schema_version":"1.0.0","row_hash":"39e502776f4bda99d7a17135f3f496a7d35eff000ee0a9ebc1a234f2c065f957","timestamp_utc":"0001-01-01T00:00:00.0000000Z","timestamp_desc":"Created","timestamp_source_field":"Btime","source":"filesystem","artifact":"Windows.NTFS.MFT","collector_kind":"velociraptor","host":"SRV-CORP-FS02","host_id":"4f1c0a9e-0002-4a00-9c31-b0de51000002","user":"SYSTEM","message":"MFT entry recovered with zeroed $STANDARD_INFORMATION timestamps","target":"C:\\$Extend\\$RmMetadata\\$TxfLog\\$TxfLog.blf","file":{"path":"C:\\$Extend\\$RmMetadata\\$TxfLog\\$TxfLog.blf","name":"$TxfLog.blf","mft_entry":30,"is_allocated":true},"detections":[],"severity_max":"none","detection_count":0,"provenance":{"raw_file":"raw/Windows.NTFS.MFT/results.json","raw_row":0,"collection_id":"demo-srv-corp-fs02"},"extra":{"note":"timestamp unavailable in source; sentinel per docs/timeline_schema.json"}},
  {"schema_version":"1.0.0","row_hash":"52d6e82f418ca56d4ec5fc720bbd2956aca5a2a0b705c3e0c4c879bb42602eb4","timestamp_utc":"0001-01-01T00:00:00.0000000Z","timestamp_desc":"LastWriteTime","source":"registry","artifact":"Windows.Registry.AppCompatCache","collector_kind":"velociraptor","host":"SRV-CORP-FS02","host_id":"4f1c0a9e-0002-4a00-9c31-b0de51000002","user":"SYSTEM","message":"AppCompatCache entry with no recoverable last-write time","target":"HKLM\\SYSTEM\\CurrentControlSet\\Control\\Session Manager\\AppCompatCache","registry":{"key":"HKLM\\SYSTEM\\CurrentControlSet\\Control\\Session Manager\\AppCompatCache","value_name":"AppCompatCache","value_type":"REG_BINARY","hive":"SYSTEM"},"detections":[],"severity_max":"none","detection_count":0,"provenance":{"raw_file":"raw/Windows.Registry.AppCompatCache/results.json","raw_row":0,"collection_id":"demo-srv-corp-fs02"},"extra":{"note":"timestamp unavailable in source; sentinel per docs/timeline_schema.json"}},
  {"schema_version":"1.0.0","row_hash":"e0aa77ef9ba414f6c8a82c0bd251c01f329784c91b85faf9ba404e4923e4b224","timestamp_utc":"2026-03-07T00:05:00.0000000Z","timestamp_desc":"ProcessStartTime","timestamp_source_field":"CreateTime","source":"process","artifact":"Windows.System.Pslist","collector_kind":"velociraptor","host":"SRV-CORP-FS02","host_id":"4f1c0a9e-0002-4a00-9c31-b0de51000002","user":"SYSTEM","message":"Process running: wininit.exe (pid 560)","target":"C:\\Windows\\System32\\wininit.exe","process":{"pid":560,"name":"wininit.exe","image_path":"C:\\Windows\\System32\\wininit.exe","user":"SYSTEM"},"detections":[],"severity_max":"none","detection_count":0,"provenance":{"raw_file":"raw/Windows.System.Pslist/results.json","raw_row":0,"collection_id":"demo-srv-corp-fs02"}},
  {"schema_version":"1.0.0","row_hash":"52985de11fda38c6b1a2edfc1920931a6f602fffa4534de04b56e95d7e915b37","timestamp_utc":"2026-03-07T00:05:01.0000000Z","timestamp_desc":"ProcessStartTime","timestamp_source_field":"CreateTime","source":"process","artifact":"Windows.System.Pslist","collector_kind":"velociraptor","host":"SRV-CORP-FS02","host_id":"4f1c0a9e-0002-4a00-9c31-b0de51000002","user":"SYSTEM","message":"Process running: services.exe (pid 928)","target":"C:\\Windows\\System32\\services.exe","process":{"pid":928,"ppid":560,"name":"services.exe","image_path":"C:\\Windows\\System32\\services.exe","user":"SYSTEM"},"detections":[],"severity_max":"none","detection_count":0,"provenance":{"raw_file":"raw/Windows.System.Pslist/results.json","raw_row":1,"collection_id":"demo-srv-corp-fs02"}},
  {"schema_version":"1.0.0","row_hash":"b339b22e3ba790a8bafa2a6c564763604b83a41a05697aa99542d313bb7d6675","timestamp_utc":"2026-03-07T00:05:02.0000000Z","timestamp_desc":"ProcessStartTime","timestamp_source_field":"CreateTime","source":"process","artifact":"Windows.System.Pslist","collector_kind":"velociraptor","host":"SRV-CORP-FS02","host_id":"4f1c0a9e-0002-4a00-9c31-b0de51000002","user":"SYSTEM","message":"Process running: lsass.exe (pid 944)","target":"C:\\Windows\\System32\\lsass.exe","process":{"pid":944,"ppid":560,"name":"lsass.exe","image_path":"C:\\Windows\\System32\\lsass.exe","user":"SYSTEM"},"detections":[],"severity_max":"none","detection_count":0,"provenance":{"raw_file":"raw/Windows.System.Pslist/results.json","raw_row":2,"collection_id":"demo-srv-corp-fs02"}},
  {"schema_version":"1.0.0","row_hash":"899ef3f7bf17c400e6050085eab1cc8bebbe3489fc87286b12e3b55d902e86f3","timestamp_utc":"2026-03-07T00:05:03.0000000Z","timestamp_desc":"ProcessStartTime","timestamp_source_field":"CreateTime","source":"process","artifact":"Windows.System.Pslist","collector_kind":"velociraptor","host":"SRV-CORP-FS02","host_id":"4f1c0a9e-0002-4a00-9c31-b0de51000002","user":"NETWORK SERVICE","message":"Process running: svchost.exe (pid 1220)","target":"C:\\Windows\\System32\\svchost.exe","process":{"pid":1220,"ppid":928,"name":"svchost.exe","image_path":"C:\\Windows\\System32\\svchost.exe","user":"NETWORK SERVICE"},"detections":[],"severity_max":"none","detection_count":0,"provenance":{"raw_file":"raw/Windows.System.Pslist/results.json","raw_row":3,"collection_id":"demo-srv-corp-fs02"}},
  {"schema_version":"1.0.0","row_hash":"c2f4644d509072853e46877282a7b4f80170204d8df262b100cf5564807d1710","timestamp_utc":"2026-03-07T00:05:04.0000000Z","timestamp_desc":"ProcessStartTime","timestamp_source_field":"CreateTime","source":"process","artifact":"Windows.System.Pslist","collector_kind":"velociraptor","host":"SRV-CORP-FS02","host_id":"4f1c0a9e-0002-4a00-9c31-b0de51000002","user":"EU\\bob","message":"Process running: explorer.exe (pid 3960)","target":"C:\\Windows\\explorer.exe","process":{"pid":3960,"ppid":3872,"name":"explorer.exe","image_path":"C:\\Windows\\explorer.exe","user":"EU\\bob"},"detections":[],"severity_max":"none","detection_count":0,"provenance":{"raw_file":"raw/Windows.System.Pslist/results.json","raw_row":4,"collection_id":"demo-srv-corp-fs02"}},
  {"schema_version":"1.0.0","row_hash":"26999844ac08f93fb0496b84470ae95847c12aa445e427148f5e9a9ce66d20e5","timestamp_utc":"2026-03-07T00:05:05.0000000Z","timestamp_desc":"ProcessStartTime","timestamp_source_field":"CreateTime","source":"process","artifact":"Windows.System.Pslist","collector_kind":"velociraptor","host":"SRV-CORP-FS02","host_id":"4f1c0a9e-0002-4a00-9c31-b0de51000002","user":"EU\\bob","message":"Process running: cmd.exe (pid 4020)","target":"C:\\Windows\\System32\\cmd.exe","process":{"pid":4020,"ppid":3960,"name":"cmd.exe","image_path":"C:\\Windows\\System32\\cmd.exe","user":"EU\\bob"},"detections":[],"severity_max":"none","detection_count":0,"provenance":{"raw_file":"raw/Windows.System.Pslist/results.json","raw_row":5,"collection_id":"demo-srv-corp-fs02"}},
  {"schema_version":"1.0.0","row_hash":"09118477a7fdefca69910b11e2a8eb4cbdd5a03a1f4b6ebfb80b9b1786264313","timestamp_utc":"2026-03-07T00:05:06.0000000Z","timestamp_desc":"ProcessStartTime","timestamp_source_field":"CreateTime","source":"process","artifact":"Windows.System.Pslist","collector_kind":"velociraptor","host":"SRV-CORP-FS02","host_id":"4f1c0a9e-0002-4a00-9c31-b0de51000002","user":"SYSTEM","message":"Process running: taskhostw.exe (pid 4400)","target":"C:\\Windows\\System32\\taskhostw.exe","process":{"pid":4400,"ppid":1220,"name":"taskhostw.exe","image_path":"C:\\Windows\\System32\\taskhostw.exe","user":"SYSTEM"},"detections":[],"severity_max":"none","detection_count":0,"provenance":{"raw_file":"raw/Windows.System.Pslist/results.json","raw_row":6,"collection_id":"demo-srv-corp-fs02"}},
  {"schema_version":"1.0.0","row_hash":"fb4ba21f74ec1f3f99a82d1da72fcf2d636166967256ab05107984416f212904","timestamp_utc":"2026-03-07T00:05:07.0000000Z","timestamp_desc":"ProcessStartTime","timestamp_source_field":"CreateTime","source":"process","artifact":"Windows.System.Pslist","collector_kind":"velociraptor","host":"SRV-CORP-FS02","host_id":"4f1c0a9e-0002-4a00-9c31-b0de51000002","user":"SYSTEM","message":"Process running: dfsrs.exe (pid 2144)","target":"C:\\Windows\\System32\\DFSRs.exe","process":{"pid":2144,"ppid":928,"name":"dfsrs.exe","image_path":"C:\\Windows\\System32\\DFSRs.exe","user":"SYSTEM"},"detections":[],"severity_max":"none","detection_count":0,"provenance":{"raw_file":"raw/Windows.System.Pslist/results.json","raw_row":7,"collection_id":"demo-srv-corp-fs02"}},
  {"schema_version":"1.0.0","row_hash":"66b61da1328e3c35c61de461f7b9da3f6e9f4e72d73bcbfc3f6d65be61824202","timestamp_utc":"2026-03-07T00:05:08.0000000Z","timestamp_desc":"ProcessStartTime","timestamp_source_field":"CreateTime","source":"process","artifact":"Windows.System.Pslist","collector_kind":"velociraptor","host":"SRV-CORP-FS02","host_id":"4f1c0a9e-0002-4a00-9c31-b0de51000002","user":"SYSTEM","message":"Process running: MsMpEng.exe (pid 2712)","target":"C:\\ProgramData\\Microsoft\\Windows Defender\\Platform\\4.18.24090.11-0\\MsMpEng.exe","process":{"pid":2712,"ppid":928,"name":"MsMpEng.exe","image_path":"C:\\ProgramData\\Microsoft\\Windows Defender\\Platform\\4.18.24090.11-0\\MsMpEng.exe","user":"SYSTEM"},"detections":[],"severity_max":"none","detection_count":0,"provenance":{"raw_file":"raw/Windows.System.Pslist/results.json","raw_row":8,"collection_id":"demo-srv-corp-fs02"}},
  {"schema_version":"1.0.0","row_hash":"7c0aeb231f0564addaa5d8ebeb1252fd1e7c813e84f3c4d0f247bd229c1b881c","timestamp_utc":"2026-03-07T00:30:32.9600000Z","timestamp_desc":"RunTime","source":"scheduled_task","artifact":"Windows.System.TaskScheduler","collector_kind":"velociraptor","host":"SRV-CORP-FS02","host_id":"4f1c0a9e-0002-4a00-9c31-b0de51000002","user":"EU\\svc-backup","message":"Scheduled task ran: \\Corp\\NightlyShareBackup","target":"\\Corp\\NightlyShareBackup","detections":[],"severity_max":"none","detection_count":0,"provenance":{"raw_file":"raw/Windows.System.TaskScheduler/results.json","raw_row":3,"collection_id":"demo-srv-corp-fs02"},"extra":{"result_code":0,"run_duration_seconds":2740,"task_author":"EU\\bob"}},
  {"schema_version":"1.0.0","row_hash":"cac8020cade162745b35463700523cf883275c92fb651213ec7256f691e83c77","timestamp_utc":"2026-03-07T00:38:54.3100000Z","timestamp_desc":"RunTime","source":"scheduled_task","artifact":"Windows.System.TaskScheduler","collector_kind":"velociraptor","host":"SRV-CORP-FS02","host_id":"4f1c0a9e-0002-4a00-9c31-b0de51000002","user":"EU\\svc-backup","message":"Scheduled task ran: \\Corp\\NightlyShareBackup","target":"\\Corp\\NightlyShareBackup","detections":[],"severity_max":"none","detection_count":0,"provenance":{"raw_file":"raw/Windows.System.TaskScheduler/results.json","raw_row":31,"collection_id":"demo-srv-corp-fs02"},"extra":{"result_code":0,"run_duration_seconds":1111,"task_author":"EU\\bob"}},
  {"schema_version":"1.0.0","row_hash":"8fe5098337293e328d78035a68047a18effb7ee5d4535a104e3d1926aeb904c0","timestamp_utc":"2026-03-07T02:46:15.0290000Z","timestamp_desc":"EventTime","source":"account","artifact":"Windows.EventLogs.Evtx","collector_kind":"native","host":"SRV-CORP-FS02","host_id":"4f1c0a9e-0002-4a00-9c31-b0de51000002","user":"EU\\SRV-CORP-FS02$","message":"Computer account password changed (machine account maintenance)","target":"EU\\SRV-CORP-FS02$","event":{"channel":"Security","provider":"Microsoft-Windows-Security-Auditing","event_id":4742,"record_id":595978,"level":"Information","computer":"SRV-CORP-FS02.eu.corp.example"},"detections":[],"severity_max":"none","detection_count":0,"provenance":{"raw_file":"raw/Windows.EventLogs.Evtx/results.json","raw_row":67,"collection_id":"demo-srv-corp-fs02"}},
  {"schema_version":"1.0.0","row_hash":"f904a97298fbc3cc6f8b4289ea1b6d6e1c2d0e0a14c612dc6613ea6c3c4cb553","timestamp_utc":"2026-03-07T08:25:38.0240000Z","timestamp_desc":"EventTime","timestamp_source_field":"System.TimeCreated.SystemTime","source":"eventlog","artifact":"Windows.EventLogs.Evtx","collector_kind":"native","host":"SRV-CORP-FS02","host_id":"4f1c0a9e-0002-4a00-9c31-b0de51000002","user":"EU\\bob","message":"Network share object accessed: \\\\SRV-CORP-FS02\\Finance by EU\\bob","target":"\\\\SRV-CORP-FS02\\Finance","network":{"src_ip":"10.0.5.15","dst_ip":"10.0.5.20","dst_port":445,"protocol":"tcp","direction":"inbound"},"event":{"channel":"Security","provider":"Microsoft-Windows-Security-Auditing","event_id":5140,"record_id":365160,"level":"Information","computer":"SRV-CORP-FS02.eu.corp.example","logon_type":3},"detections":[],"severity_max":"none","detection_count":0,"provenance":{"raw_file":"raw/Windows.EventLogs.Evtx/results.json","raw_row":240,"collection_id":"demo-srv-corp-fs02"}},
  {"schema_version":"1.0.0","row_hash":"13310215e56d4550a1b55b2cd3b2d620d5a562621f77803f14716507f34c03db","timestamp_utc":"2026-03-07T08:32:51.2810000Z","timestamp_desc":"LastWriteTime","source":"registry","artifact":"Windows.Registry.Shares","collector_kind":"velociraptor","host":"SRV-CORP-FS02","host_id":"4f1c0a9e-0002-4a00-9c31-b0de51000002","user":"SYSTEM","message":"Share definition enumerated: Finance","target":"HKLM\\SYSTEM\\CurrentControlSet\\Services\\LanmanServer\\Shares\\Finance","registry":{"key":"HKLM\\SYSTEM\\CurrentControlSet\\Services\\LanmanServer\\Shares\\Finance","value_name":"Finance","value_data":"CSCFlags=0;MaxUses=4294967295;Path=D:\\Finance","value_type":"REG_MULTI_SZ","hive":"SYSTEM"},"detections":[],"severity_max":"none","detection_count":0,"provenance":{"raw_file":"raw/Windows.Registry.Shares/results.json","raw_row":41,"collection_id":"demo-srv-corp-fs02"},"extra":{"max_uses":4294967295,"slot":12}},
  {"schema_version":"1.0.0","row_hash":"08240db4c2d9ac3d7e17b8c809bf7ded3562db3855afaa6afa37021e0969229c","timestamp_utc":"2026-03-07T08:44:23.3270000Z","timestamp_desc":"EventTime","source":"account","artifact":"Windows.EventLogs.Evtx","collector_kind":"native","host":"SRV-CORP-FS02","host_id":"4f1c0a9e-0002-4a00-9c31-b0de51000002","user":"EU\\SRV-CORP-FS02$","message":"Computer account password changed (machine account maintenance)","target":"EU\\SRV-CORP-FS02$","event":{"channel":"Security","provider":"Microsoft-Windows-Security-Auditing","event_id":4742,"record_id":347172,"level":"Information","computer":"SRV-CORP-FS02.eu.corp.example"},"detections":[],"severity_max":"none","detection_count":0,"provenance":{"raw_file":"raw/Windows.EventLogs.Evtx/results.json","raw_row":35,"collection_id":"demo-srv-corp-fs02"}},
  {"schema_version":"1.0.0","row_hash":"85716ae4a0ce6278bd29ef5cfbf25fc407c05a607de449dc33f202b680636e2e","timestamp_utc":"2026-03-07T08:46:30.3330000Z","timestamp_desc":"EventTime","timestamp_source_field":"System.TimeCreated.SystemTime","source":"eventlog","artifact":"Windows.EventLogs.Evtx","collector_kind":"native","host":"SRV-CORP-FS02","host_id":"4f1c0a9e-0002-4a00-9c31-b0de51000002","user":"EU\\carol","message":"Network share object accessed: \\\\SRV-CORP-FS02\\Finance by EU\\carol","target":"\\\\SRV-CORP-FS02\\Finance","network":{"src_ip":"10.0.5.41","dst_ip":"10.0.5.20","dst_port":445,"protocol":"tcp","direction":"inbound"},"event":{"channel":"Security","provider":"Microsoft-Windows-Security-Auditing","event_id":5140,"record_id":772616,"level":"Information","computer":"SRV-CORP-FS02.eu.corp.example","logon_type":3},"detections":[],"severity_max":"none","detection_count":0,"provenance":{"raw_file":"raw/Windows.EventLogs.Evtx/results.json","raw_row":96,"collection_id":"demo-srv-corp-fs02"}},
  {"schema_version":"1.0.0","row_hash":"8171a919a4c9d94ca35b9351ddfc3718a13a7175e086ea06fe7f8cb489d945f6","timestamp_utc":"2026-03-07T08:47:01.3190000Z","timestamp_desc":"EventTime","source":"account","artifact":"Windows.EventLogs.Evtx","collector_kind":"native","host":"SRV-CORP-FS02","host_id":"4f1c0a9e-0002-4a00-9c31-b0de51000002","user":"EU\\SRV-CORP-FS02$","message":"Computer account password changed (machine account maintenance)","target":"EU\\SRV-CORP-FS02$","event":{"channel":"Security","provider":"Microsoft-Windows-Security-Auditing","event_id":4742,"record_id":795257,"level":"Information","computer":"SRV-CORP-FS02.eu.corp.example"},"detections":[],"severity_max":"none","detection_count":0,"provenance":{"raw_file":"raw/Windows.EventLogs.Evtx/results.json","raw_row":99,"collection_id":"demo-srv-corp-fs02"}},
  {"schema_version":"1.0.0","row_hash":"be9b4cc9f5630fcc0a4e8904eb47038a3d2caf1b870aea3ec23e597faccace6f","timestamp_utc":"2026-03-07T08:51:33.4350000Z","timestamp_desc":"RunTime","source":"scheduled_task","artifact":"Windows.System.TaskScheduler","collector_kind":"velociraptor","host":"SRV-CORP-FS02","host_id":"4f1c0a9e-0002-4a00-9c31-b0de51000002","user":"EU\\svc-backup","message":"Scheduled task ran: \\Corp\\NightlyShareBackup","target":"\\Corp\\NightlyShareBackup","detections":[],"severity_max":"none","detection_count":0,"provenance":{"raw_file":"raw/Windows.System.TaskScheduler/results.json","raw_row":11,"collection_id":"demo-srv-corp-fs02"},"extra":{"result_code":0,"run_duration_seconds":2951,"task_author":"EU\\bob"}},
  {"schema_version":"1.0.0","row_hash":"6c9e1696f22c191e33e2cf358a9ab99dd0a5547cb9d8b5b315638250ce294849","timestamp_utc":"2026-03-07T09:04:15.2130000Z","timestamp_desc":"LastWriteTime","source":"registry","artifact":"Windows.Registry.Shares","collector_kind":"velociraptor","host":"SRV-CORP-FS02","host_id":"4f1c0a9e-0002-4a00-9c31-b0de51000002","user":"SYSTEM","message":"Share definition enumerated: Finance","target":"HKLM\\SYSTEM\\CurrentControlSet\\Services\\LanmanServer\\Shares\\Finance","registry":{"key":"HKLM\\SYSTEM\\CurrentControlSet\\Services\\LanmanServer\\Shares\\Finance","value_name":"Finance","value_data":"CSCFlags=0;MaxUses=4294967295;Path=D:\\Finance","value_type":"REG_MULTI_SZ","hive":"SYSTEM"},"detections":[],"severity_max":"none","detection_count":0,"provenance":{"raw_file":"raw/Windows.Registry.Shares/results.json","raw_row":25,"collection_id":"demo-srv-corp-fs02"},"extra":{"max_uses":4294967295,"slot":18}},
  {"schema_version":"1.0.0","row_hash":"6e7efe72f214452cb582295c8431bb90a450e37471d8c93f58921422230b040a","timestamp_utc":"2026-03-07T09:08:26.5730000Z","timestamp_desc":"LastWriteTime","source":"registry","artifact":"Windows.Registry.Shares","collector_kind":"velociraptor","host":"SRV-CORP-FS02","host_id":"4f1c0a9e-0002-4a00-9c31-b0de51000002","user":"SYSTEM","message":"Share definition enumerated: Finance","target":"HKLM\\SYSTEM\\CurrentControlSet\\Services\\LanmanServer\\Shares\\Finance","registry":{"key":"HKLM\\SYSTEM\\CurrentControlSet\\Services\\LanmanServer\\Shares\\Finance","value_name":"Finance","value_data":"CSCFlags=0;MaxUses=4294967295;Path=D:\\Finance","value_type":"REG_MULTI_SZ","hive":"SYSTEM"},"detections":[],"severity_max":"none","detection_count":0,"provenance":{"raw_file":"raw/Windows.Registry.Shares/results.json","raw_row":29,"collection_id":"demo-srv-corp-fs02"},"extra":{"max_uses":4294967295,"slot":4}},
  {"schema_version":"1.0.0","row_hash":"579464acc8699ac9704d10a0a3fd8561efde9ed00bb5db4717e2d84f09e3edfa","timestamp_utc":"2026-03-07T09:09:08.4880000Z","timestamp_desc":"RunTime","source":"scheduled_task","artifact":"Windows.System.TaskScheduler","collector_kind":"velociraptor","host":"SRV-CORP-FS02","host_id":"4f1c0a9e-0002-4a00-9c31-b0de51000002","user":"EU\\svc-backup","message":"Scheduled task ran: \\Corp\\NightlyShareBackup","target":"\\Corp\\NightlyShareBackup","detections":[],"severity_max":"none","detection_count":0,"provenance":{"raw_file":"raw/Windows.System.TaskScheduler/results.json","raw_row":19,"collection_id":"demo-srv-corp-fs02"},"extra":{"result_code":0,"run_duration_seconds":2215,"task_author":"EU\\bob"}},
  {"schema_version":"1.0.0","row_hash":"03d45e56b8780a77e368c9857a62775d9001b010fc313e1e4b07aae940eda246","timestamp_utc":"2026-03-07T09:09:51.6120000Z","timestamp_desc":"RunTime","source":"scheduled_task","artifact":"Windows.System.TaskScheduler","collector_kind":"velociraptor","host":"SRV-CORP-FS02","host_id":"4f1c0a9e-0002-4a00-9c31-b0de51000002","user":"EU\\svc-backup","message":"Scheduled task ran: \\Corp\\NightlyShareBackup","target":"\\Corp\\NightlyShareBackup","detections":[],"severity_max":"none","detection_count":0,"provenance":{"raw_file":"raw/Windows.System.TaskScheduler/results.json","raw_row":51,"collection_id":"demo-srv-corp-fs02"},"extra":{"result_code":0,"run_duration_seconds":2434,"task_author":"EU\\bob"}},
  {"schema_version":"1.0.0","row_hash":"5c36c22f04aa440a517bdf5f0a331d2a0046e05e415b95a58ca2d414ab63c3d3","timestamp_utc":"2026-03-07T09:10:15.3100000Z","timestamp_desc":"RunTime","source":"scheduled_task","artifact":"Windows.System.TaskScheduler","collector_kind":"velociraptor","host":"SRV-CORP-FS02","host_id":"4f1c0a9e-0002-4a00-9c31-b0de51000002","user":"EU\\svc-backup","message":"Scheduled task ran: \\Corp\\NightlyShareBackup","target":"\\Corp\\NightlyShareBackup","detections":[],"severity_max":"none","detection_count":0,"provenance":{"raw_file":"raw/Windows.System.TaskScheduler/results.json","raw_row":15,"collection_id":"demo-srv-corp-fs02"},"extra":{"result_code":0,"run_duration_seconds":2215,"task_author":"EU\\bob"}},
  {"schema_version":"1.0.0","row_hash":"b9fd4e0e90933ef848d8841298c35cabc09a4c76f6eb9e2c020e4f4ccc80af5f","timestamp_utc":"2026-03-07T09:15:34.5970000Z","timestamp_desc":"RunTime","source":"scheduled_task","artifact":"Windows.System.TaskScheduler","collector_kind":"velociraptor","host":"SRV-CORP-FS02","host_id":"4f1c0a9e-0002-4a00-9c31-b0de51000002","user":"EU\\svc-backup","message":"Scheduled task ran: \\Corp\\NightlyShareBackup","target":"\\Corp\\NightlyShareBackup","detections":[],"severity_max":"none","detection_count":0,"provenance":{"raw_file":"raw/Windows.System.TaskScheduler/results.json","raw_row":55,"collection_id":"demo-srv-corp-fs02"},"extra":{"result_code":0,"run_duration_seconds":1981,"task_author":"EU\\bob"}},
  {"schema_version":"1.0.0","row_hash":"8d99193ee9438ae3cbc958edd09921aa477522d0370f6b941943ca9c342b7edc","timestamp_utc":"2026-03-07T09:15:54.8670000Z","timestamp_desc":"LastWriteTime","source":"registry","artifact":"Windows.Registry.Shares","collector_kind":"velociraptor","host":"SRV-CORP-FS02","host_id":"4f1c0a9e-0002-4a00-9c31-b0de51000002","user":"SYSTEM","message":"Share definition enumerated: Finance","target":"HKLM\\SYSTEM\\CurrentControlSet\\Services\\LanmanServer\\Shares\\Finance","registry":{"key":"HKLM\\SYSTEM\\CurrentControlSet\\Services\\LanmanServer\\Shares\\Finance","value_name":"Finance","value_data":"CSCFlags=0;MaxUses=4294967295;Path=D:\\Finance","value_type":"REG_MULTI_SZ","hive":"SYSTEM"},"detections":[],"severity_max":"none","detection_count":0,"provenance":{"raw_file":"raw/Windows.Registry.Shares/results.json","raw_row":53,"collection_id":"demo-srv-corp-fs02"},"extra":{"max_uses":4294967295,"slot":27}},
  {"schema_version":"1.0.0","row_hash":"aba7d9db1f8650bb6359645c701cf4f2c9712f7e82d98240e43dd9af401aa85b","timestamp_utc":"2026-03-07T09:22:28.4990000Z","timestamp_desc":"EventTime","source":"account","artifact":"Windows.EventLogs.Evtx","collector_kind":"native","host":"SRV-CORP-FS02","host_id":"4f1c0a9e-0002-4a00-9c31-b0de51000002","user":"EU\\SRV-CORP-FS02$","message":"Computer account password changed (machine account maintenance)","target":"EU\\SRV-CORP-FS02$","event":{"channel":"Security","provider":"Microsoft-Windows-Security-Auditing","event_id":4742,"record_id":431198,"level":"Information","computer":"SRV-CORP-FS02.eu.corp.example"},"detections":[],"severity_max":"none","detection_count":0,"provenance":{"raw_file":"raw/Windows.EventLogs.Evtx/results.json","raw_row":83,"collection_id":"demo-srv-corp-fs02"}},
  {"schema_version":"1.0.0","row_hash":"8c3fd5951ffe53f69d62558b4871e054e2b5eb46e3e24847315a6e59c4bebc6f","timestamp_utc":"2026-03-07T09:24:49.2510000Z","timestamp_desc":"EventTime","source":"service","artifact":"Windows.EventLogs.Evtx","collector_kind":"native","host":"SRV-CORP-FS02","host_id":"4f1c0a9e-0002-4a00-9c31-b0de51000002","user":"SYSTEM","message":"Service entered the running state: DFS Replication (DFSR)","target":"DFSR","process":{"name":"dfsrs.exe","image_path":"C:\\Windows\\System32\\DFSRs.exe","parent_name":"services.exe"},"event":{"channel":"System","provider":"Service Control Manager","event_id":7036,"record_id":10073,"level":"Information","computer":"SRV-CORP-FS02.eu.corp.example"},"detections":[],"severity_max":"none","detection_count":0,"provenance":{"raw_file":"raw/Windows.EventLogs.Evtx/results.json","raw_row":73,"collection_id":"demo-srv-corp-fs02"}},
  {"schema_version":"1.0.0","row_hash":"5cbb14fdd19fe1f6bd84a9a40019170a2b497b92491d1c02f38a1bb7c7ef50a4","timestamp_utc":"2026-03-07T09:27:57.0660000Z","timestamp_desc":"EventTime","timestamp_source_field":"System.TimeCreated.SystemTime","source":"eventlog","artifact":"Windows.EventLogs.Evtx","collector_kind":"native","host":"SRV-CORP-FS02","host_id":"4f1c0a9e-0002-4a00-9c31-b0de51000002","user":"EU\\alice","message":"Network share object accessed: \\\\SRV-CORP-FS02\\Finance by EU\\alice","target":"\\\\SRV-CORP-FS02\\Finance","network":{"src_ip":"10.0.5.41","dst_ip":"10.0.5.20","dst_port":445,"protocol":"tcp","direction":"inbound"},"event":{"channel":"Security","provider":"Microsoft-Windows-Security-Auditing","event_id":5140,"record_id":865842,"level":"Information","computer":"SRV-CORP-FS02.eu.corp.example","logon_type":3},"detections":[],"severity_max":"none","detection_count":0,"provenance":{"raw_file":"raw/Windows.EventLogs.Evtx/results.json","raw_row":144,"collection_id":"demo-srv-corp-fs02"}},
  {"schema_version":"1.0.0","row_hash":"55cfb2df9432b5668c247bcc848d8c91b8483329f639f5c7258a27cd31221664","timestamp_utc":"2026-03-07T09:28:13.0270000Z","timestamp_desc":"EventTime","source":"service","artifact":"Windows.EventLogs.Evtx","collector_kind":"native","host":"SRV-CORP-FS02","host_id":"4f1c0a9e-0002-4a00-9c31-b0de51000002","user":"SYSTEM","message":"Service entered the running state: DFS Replication (DFSR)","target":"DFSR","process":{"name":"dfsrs.exe","image_path":"C:\\Windows\\System32\\DFSRs.exe","parent_name":"services.exe"},"event":{"channel":"System","provider":"Service Control Manager","event_id":7036,"record_id":6094,"level":"Information","computer":"SRV-CORP-FS02.eu.corp.example"},"detections":[],"severity_max":"none","detection_count":0,"provenance":{"raw_file":"raw/Windows.EventLogs.Evtx/results.json","raw_row":9,"collection_id":"demo-srv-corp-fs02"}},
  {"schema_version":"1.0.0","row_hash":"51f649a0482f2e6b25648211d2a24d97c5bf785c40911a18d280a1fc84d44678","timestamp_utc":"2026-03-07T09:31:53.0340000Z","timestamp_desc":"EventTime","source":"service","artifact":"Windows.EventLogs.Evtx","collector_kind":"native","host":"SRV-CORP-FS02","host_id":"4f1c0a9e-0002-4a00-9c31-b0de51000002","user":"SYSTEM","message":"Service entered the running state: DFS Replication (DFSR)","target":"DFSR","process":{"name":"dfsrs.exe","image_path":"C:\\Windows\\System32\\DFSRs.exe","parent_name":"services.exe"},"event":{"channel":"System","provider":"Service Control Manager","event_id":7036,"record_id":9454,"level":"Information","computer":"SRV-CORP-FS02.eu.corp.example"},"detections":[],"severity_max":"none","detection_count":0,"provenance":{"raw_file":"raw/Windows.EventLogs.Evtx/results.json","raw_row":217,"collection_id":"demo-srv-corp-fs02"}},
  {"schema_version":"1.0.0","row_hash":"6200ec717a5c753b812a81ebf4af146c751dd4df5c6a91b07a2bb8a799d69df0","timestamp_utc":"2026-03-07T09:32:00.8720000Z","timestamp_desc":"RunTime","source":"scheduled_task","artifact":"Windows.System.TaskScheduler","collector_kind":"velociraptor","host":"SRV-CORP-FS02","host_id":"4f1c0a9e-0002-4a00-9c31-b0de51000002","user":"EU\\svc-backup","message":"Scheduled task ran: \\Corp\\NightlyShareBackup","target":"\\Corp\\NightlyShareBackup","detections":[],"severity_max":"none","detection_count":0,"provenance":{"raw_file":"raw/Windows.System.TaskScheduler/results.json","raw_row":47,"collection_id":"demo-srv-corp-fs02"},"extra":{"result_code":0,"run_duration_seconds":1675,"task_author":"EU\\bob"}},
  {"schema_version":"1.0.0","row_hash":"c9aa46203b2d64333717d584b3e3918d9c0c134fb06462ee18f37423395eba58","timestamp_utc":"2026-03-07T09:34:54.1730000Z","timestamp_desc":"EventTime","source":"service","artifact":"Windows.EventLogs.Evtx","collector_kind":"native","host":"SRV-CORP-FS02","host_id":"4f1c0a9e-0002-4a00-9c31-b0de51000002","user":"SYSTEM","message":"Service entered the running state: DFS Replication (DFSR)","target":"DFSR","process":{"name":"dfsrs.exe","image_path":"C:\\Windows\\System32\\DFSRs.exe","parent_name":"services.exe"},"event":{"channel":"System","provider":"Service Control Manager","event_id":7036,"record_id":9737,"level":"Information","computer":"SRV-CORP-FS02.eu.corp.example"},"detections":[],"severity_max":"none","detection_count":0,"provenance":{"raw_file":"raw/Windows.EventLogs.Evtx/results.json","raw_row":89,"collection_id":"demo-srv-corp-fs02"}},
  {"schema_version":"1.0.0","row_hash":"2dd032b615b5bd4d8dc1114a5bb9f7fce93e3817b8803c8af681adb12bbda37b","timestamp_utc":"2026-03-07T09:43:26.4630000Z","timestamp_desc":"LastWriteTime","source":"registry","artifact":"Windows.Registry.Shares","collector_kind":"velociraptor","host":"SRV-CORP-FS02","host_id":"4f1c0a9e-0002-4a00-9c31-b0de51000002","user":"SYSTEM","message":"Share definition enumerated: Finance","target":"HKLM\\SYSTEM\\CurrentControlSet\\Services\\LanmanServer\\Shares\\Finance","registry":{"key":"HKLM\\SYSTEM\\CurrentControlSet\\Services\\LanmanServer\\Shares\\Finance","value_name":"Finance","value_data":"CSCFlags=0;MaxUses=4294967295;Path=D:\\Finance","value_type":"REG_MULTI_SZ","hive":"SYSTEM"},"detections":[],"severity_max":"none","detection_count":0,"provenance":{"raw_file":"raw/Windows.Registry.Shares/results.json","raw_row":65,"collection_id":"demo-srv-corp-fs02"},"extra":{"max_uses":4294967295,"slot":51}},
  {"schema_version":"1.0.0","row_hash":"3bca5f0ce6a89fcdd562831cc84b2370cc0d7f5db06de99841bdcc7dfede3709","timestamp_utc":"2026-03-07T09:48:01.1780000Z","timestamp_desc":"EventTime","timestamp_source_field":"System.TimeCreated.SystemTime","source":"eventlog","artifact":"Windows.EventLogs.Evtx","collector_kind":"native","host":"SRV-CORP-FS02","host_id":"4f1c0a9e-0002-4a00-9c31-b0de51000002","user":"EU\\Administrator","message":"Network share object accessed: \\\\SRV-CORP-FS02\\Finance by EU\\Administrator","target":"\\\\SRV-CORP-FS02\\Finance","network":{"src_ip":"10.0.5.42","dst_ip":"10.0.5.20","dst_port":445,"protocol":"tcp","direction":"inbound"},"event":{"channel":"Security","provider":"Microsoft-Windows-Security-Auditing","event_id":5140,"record_id":704854,"level":"Information","computer":"SRV-CORP-FS02.eu.corp.example","logon_type":3},"detections":[],"severity_max":"none","detection_count":0,"provenance":{"raw_file":"raw/Windows.EventLogs.Evtx/results.json","raw_row":256,"collection_id":"demo-srv-corp-fs02"}},
  {"schema_version":"1.0.0","row_hash":"8d6b1630b75cac5aef7fb64f375423b0630947d63eec70f7478c9223449055ac","timestamp_utc":"2026-03-07T10:07:04.0530000Z","timestamp_desc":"EventTime","source":"service","artifact":"Windows.EventLogs.Evtx","collector_kind":"native","host":"SRV-CORP-FS02","host_id":"4f1c0a9e-0002-4a00-9c31-b0de51000002","user":"SYSTEM","message":"Service entered the running state: DFS Replication (DFSR)","target":"DFSR","process":{"name":"dfsrs.exe","image_path":"C:\\Windows\\System32\\DFSRs.exe","parent_name":"services.exe"},"event":{"channel":"System","provider":"Service Control Manager","event_id":7036,"record_id":10884,"level":"Information","computer":"SRV-CORP-FS02.eu.corp.example"},"detections":[],"severity_max":"none","detection_count":0,"provenance":{"raw_file":"raw/Windows.EventLogs.Evtx/results.json","raw_row":233,"collection_id":"demo-srv-corp-fs02"}},
  {"schema_version":"1.0.0","row_hash":"a700bbddc622ba71620b94f2bbd432a4395fd3c0a8893bf750855e37609a653b","timestamp_utc":"2026-03-07T10:16:35.3370000Z","timestamp_desc":"RunTime","source":"scheduled_task","artifact":"Windows.System.TaskScheduler","collector_kind":"velociraptor","host":"SRV-CORP-FS02","host_id":"4f1c0a9e-0002-4a00-9c31-b0de51000002","user":"EU\\svc-backup","message":"Scheduled task ran: \\Corp\\NightlyShareBackup","target":"\\Corp\\NightlyShareBackup","detections":[],"severity_max":"none","detection_count":0,"provenance":{"raw_file":"raw/Windows.System.TaskScheduler/results.json","raw_row":39,"collection_id":"demo-srv-corp-fs02"},"extra":{"result_code":0,"run_duration_seconds":2732,"task_author":"EU\\bob"}},
  {"schema_version":"1.0.0","row_hash":"e729efdf680891cec7da3cf05f498f655626a5ba340d14bd91052d6388da55fb","timestamp_utc":"2026-03-07T10:18:04.3830000Z","timestamp_desc":"RunTime","source":"scheduled_task","artifact":"Windows.System.TaskScheduler","collector_kind":"velociraptor","host":"SRV-CORP-FS02","host_id":"4f1c0a9e-0002-4a00-9c31-b0de51000002","user":"EU\\svc-backup","message":"Scheduled task ran: \\Corp\\NightlyShareBackup","target":"\\Corp\\NightlyShareBackup","detections":[],"severity_max":"none","detection_count":0,"provenance":{"raw_file":"raw/Windows.System.TaskScheduler/results.json","raw_row":43,"collection_id":"demo-srv-corp-fs02"},"extra":{"result_code":0,"run_duration_seconds":3106,"task_author":"EU\\bob"}},
  {"schema_version":"1.0.0","row_hash":"fb668912551b12549cbf8510b5a7597d65cd6e4027533da48b50e5afd7f31872","timestamp_utc":"2026-03-07T10:25:13.5560000Z","timestamp_desc":"RunTime","source":"scheduled_task","artifact":"Windows.System.TaskScheduler","collector_kind":"velociraptor","host":"SRV-CORP-FS02","host_id":"4f1c0a9e-0002-4a00-9c31-b0de51000002","user":"EU\\svc-backup","message":"Scheduled task ran: \\Corp\\NightlyShareBackup","target":"\\Corp\\NightlyShareBackup","detections":[],"severity_max":"none","detection_count":0,"provenance":{"raw_file":"raw/Windows.System.TaskScheduler/results.json","raw_row":35,"collection_id":"demo-srv-corp-fs02"},"extra":{"result_code":0,"run_duration_seconds":2826,"task_author":"EU\\bob"}},
  {"schema_version":"1.0.0","row_hash":"4b43bd6b43a082f5149342bbf599c1fa4e5b01a041b8d2788124f7334a1ca001","timestamp_utc":"2026-03-07T10:29:08.9680000Z","timestamp_desc":"EventTime","source":"account","artifact":"Windows.EventLogs.Evtx","collector_kind":"native","host":"SRV-CORP-FS02","host_id":"4f1c0a9e-0002-4a00-9c31-b0de51000002","user":"EU\\SRV-CORP-FS02$","message":"Computer account password changed (machine account maintenance)","target":"EU\\SRV-CORP-FS02$","event":{"channel":"Security","provider":"Microsoft-Windows-Security-Auditing","event_id":4742,"record_id":532657,"level":"Information","computer":"SRV-CORP-FS02.eu.corp.example"},"detections":[],"severity_max":"none","detection_count":0,"provenance":{"raw_file":"raw/Windows.EventLogs.Evtx/results.json","raw_row":131,"collection_id":"demo-srv-corp-fs02"}},
  {"schema_version":"1.0.0","row_hash":"f73126a8a9d9933c02aad276b87060348df623a171f1f1265ec778690015e57d","timestamp_utc":"2026-03-07T10:31:30.3390000Z","timestamp_desc":"EventTime","source":"service","artifact":"Windows.EventLogs.Evtx","collector_kind":"native","host":"SRV-CORP-FS02","host_id":"4f1c0a9e-0002-4a00-9c31-b0de51000002","user":"SYSTEM","message":"Service entered the running state: DFS Replication (DFSR)","target":"DFSR","process":{"name":"dfsrs.exe","image_path":"C:\\Windows\\System32\\DFSRs.exe","parent_name":"services.exe"},"event":{"channel":"System","provider":"Service Control Manager","event_id":7036,"record_id":9229,"level":"Information","computer":"SRV-CORP-FS02.eu.corp.example"},"detections":[],"severity_max":"none","detection_count":0,"provenance":{"raw_file":"raw/Windows.EventLogs.Evtx/results.json","raw_row":265,"collection_id":"demo-srv-corp-fs02"}},
  {"schema_version":"1.0.0","row_hash":"5724a302351b8ecd97f2d7665de177a34beb04e53b52051411b29d415686d0d6","timestamp_utc":"2026-03-07T10:39:08.9450000Z","timestamp_desc":"LastWriteTime","source":"registry","artifact":"Windows.Registry.Shares","collector_kind":"velociraptor","host":"SRV-CORP-FS02","host_id":"4f1c0a9e-0002-4a00-9c31-b0de51000002","user":"SYSTEM","message":"Share definition enumerated: Finance","target":"HKLM\\SYSTEM\\CurrentControlSet\\Services\\LanmanServer\\Shares\\Finance","registry":{"key":"HKLM\\SYSTEM\\CurrentControlSet\\Services\\LanmanServer\\Shares\\Finance","value_name":"Finance","value_data":"CSCFlags=0;MaxUses=4294967295;Path=D:\\Finance","value_type":"REG_MULTI_SZ","hive":"SYSTEM"},"detections":[],"severity_max":"none","detection_count":0,"provenance":{"raw_file":"raw/Windows.Registry.Shares/results.json","raw_row":13,"collection_id":"demo-srv-corp-fs02"},"extra":{"max_uses":4294967295,"slot":8}},
  {"schema_version":"1.0.0","row_hash":"9817931f77eecce11f6b84ce62738872e11c85d2fe8892437e0bdf7824017518","timestamp_utc":"2026-03-07T10:41:22.5390000Z","timestamp_desc":"EventTime","timestamp_source_field":"System.TimeCreated.SystemTime","source":"eventlog","artifact":"Windows.EventLogs.Evtx","collector_kind":"native","host":"SRV-CORP-FS02","host_id":"4f1c0a9e-0002-4a00-9c31-b0de51000002","user":"EU\\svc-backup","message":"Network share object accessed: \\\\SRV-CORP-FS02\\Finance by EU\\svc-backup","target":"\\\\SRV-CORP-FS02\\Finance","network":{"src_ip":"10.0.5.15","dst_ip":"10.0.5.20","dst_port":445,"protocol":"tcp","direction":"inbound"},"event":{"channel":"Security","provider":"Microsoft-Windows-Security-Auditing","event_id":5140,"record_id":560834,"level":"Information","computer":"SRV-CORP-FS02.eu.corp.example","logon_type":3},"detections":[],"severity_max":"none","detection_count":0,"provenance":{"raw_file":"raw/Windows.EventLogs.Evtx/results.json","raw_row":16,"collection_id":"demo-srv-corp-fs02"}},
  {"schema_version":"1.0.0","row_hash":"10965c71dbddf21497b47fe4422097b2676bcaa505b5b47e6c88070b1c5f4f65","timestamp_utc":"2026-03-07T10:58:01.7260000Z","timestamp_desc":"EventTime","timestamp_source_field":"System.TimeCreated.SystemTime","source":"eventlog","artifact":"Windows.EventLogs.Evtx","collector_kind":"native","host":"SRV-CORP-FS02","host_id":"4f1c0a9e-0002-4a00-9c31-b0de51000002","user":"EU\\carol","message":"Network share object accessed: \\\\SRV-CORP-FS02\\Finance by EU\\carol","target":"\\\\SRV-CORP-FS02\\Finance","network":{"src_ip":"10.0.5.41","dst_ip":"10.0.5.20","dst_port":445,"protocol":"tcp","direction":"inbound"},"event":{"channel":"Security","provider":"Microsoft-Windows-Security-Auditing","event_id":5140,"record_id":352212,"level":"Information","computer":"SRV-CORP-FS02.eu.corp.example","logon_type":3},"detections":[],"severity_max":"none","detection_count":0,"provenance":{"raw_file":"raw/Windows.EventLogs.Evtx/results.json","raw_row":176,"collection_id":"demo-srv-corp-fs02"}},
  {"schema_version":"1.0.0","row_hash":"7dbafff722fd07e7536036a6528f36ee8107576bc3fa95dffcf2a3e97466b196","timestamp_utc":"2026-03-07T10:59:47.5080000Z","timestamp_desc":"EventTime","timestamp_source_field":"System.TimeCreated.SystemTime","source":"eventlog","artifact":"Windows.EventLogs.Evtx","collector_kind":"native","host":"SRV-CORP-FS02","host_id":"4f1c0a9e-0002-4a00-9c31-b0de51000002","user":"EU\\alice","message":"Network share object accessed: \\\\SRV-CORP-FS02\\Finance by EU\\alice","target":"\\\\SRV-CORP-FS02\\Finance","network":{"src_ip":"10.0.5.42","dst_ip":"10.0.5.20","dst_port":445,"protocol":"tcp","direction":"inbound"},"event":{"channel":"Security","provider":"Microsoft-Windows-Security-Auditing","event_id":5140,"record_id":974461,"level":"Information","computer":"SRV-CORP-FS02.eu.corp.example","logon_type":3},"detections":[],"severity_max":"none","detection_count":0,"provenance":{"raw_file":"raw/Windows.EventLogs.Evtx/results.json","raw_row":224,"collection_id":"demo-srv-corp-fs02"}},
  {"schema_version":"1.0.0","row_hash":"38a3d1eb454afaa8e189d87c509099cb69374723fbeea74417d8983738d657b8","timestamp_utc":"2026-03-07T10:59:50.5880000Z","timestamp_desc":"EventTime","timestamp_source_field":"System.TimeCreated.SystemTime","source":"eventlog","artifact":"Windows.EventLogs.Evtx","collector_kind":"native","host":"SRV-CORP-FS02","host_id":"4f1c0a9e-0002-4a00-9c31-b0de51000002","user":"EU\\carol","message":"Network share object accessed: \\\\SRV-CORP-FS02\\Finance by EU\\carol","target":"\\\\SRV-CORP-FS02\\Finance","network":{"src_ip":"10.0.5.41","dst_ip":"10.0.5.20","dst_port":445,"protocol":"tcp","direction":"inbound"},"event":{"channel":"Security","provider":"Microsoft-Windows-Security-Auditing","event_id":5140,"record_id":792453,"level":"Information","computer":"SRV-CORP-FS02.eu.corp.example","logon_type":3},"detections":[],"severity_max":"none","detection_count":0,"provenance":{"raw_file":"raw/Windows.EventLogs.Evtx/results.json","raw_row":272,"collection_id":"demo-srv-corp-fs02"}},
  {"schema_version":"1.0.0","row_hash":"87559a28e621aff4524803ae4f280ce30e583deb67fa6b4617c6b4cd2a521c7c","timestamp_utc":"2026-03-07T11:02:26.2840000Z","timestamp_desc":"RunTime","source":"scheduled_task","artifact":"Windows.System.TaskScheduler","collector_kind":"velociraptor","host":"SRV-CORP-FS02","host_id":"4f1c0a9e-0002-4a00-9c31-b0de51000002","user":"EU\\svc-backup","message":"Scheduled task ran: \\Corp\\NightlyShareBackup","target":"\\Corp\\NightlyShareBackup","detections":[],"severity_max":"none","detection_count":0,"provenance":{"raw_file":"raw/Windows.System.TaskScheduler/results.json","raw_row":27,"collection_id":"demo-srv-corp-fs02"},"extra":{"result_code":0,"run_duration_seconds":2225,"task_author":"EU\\bob"}},
  {"schema_version":"1.0.0","row_hash":"fb4d6d778d56f595ebb7b55f713ba7c9d02213c213cbf8583ddde0a54db18eee","timestamp_utc":"2026-03-07T11:03:58.4950000Z","timestamp_desc":"EventTime","timestamp_source_field":"System.TimeCreated.SystemTime","source":"eventlog","artifact":"Windows.EventLogs.Evtx","collector_kind":"native","host":"SRV-CORP-FS02","host_id":"4f1c0a9e-0002-4a00-9c31-b0de51000002","user":"EU\\bob","message":"Network share object accessed: \\\\SRV-CORP-FS02\\Finance by EU\\bob","target":"\\\\SRV-CORP-FS02\\Finance","network":{"src_ip":"10.0.5.15","dst_ip":"10.0.5.20","dst_port":445,"protocol":"tcp","direction":"inbound"},"event":{"channel":"Security","provider":"Microsoft-Windows-Security-Auditing","event_id":5140,"record_id":843423,"level":"Information","computer":"SRV-CORP-FS02.eu.corp.example","logon_type":3},"detections":[],"severity_max":"none","detection_count":0,"provenance":{"raw_file":"raw/Windows.EventLogs.Evtx/results.json","raw_row":112,"collection_id":"demo-srv-corp-fs02"}},
  {"schema_version":"1.0.0","row_hash":"b51478265233f250f556fe2f1beacab0edf87d3b0d0732ee5b37ec674f742c27","timestamp_utc":"2026-03-07T11:04:45.1970000Z","timestamp_desc":"EventTime","source":"service","artifact":"Windows.EventLogs.Evtx","collector_kind":"native","host":"SRV-CORP-FS02","host_id":"4f1c0a9e-0002-4a00-9c31-b0de51000002","user":"SYSTEM","message":"Service entered the running state: DFS Replication (DFSR)","target":"DFSR","process":{"name":"dfsrs.exe","image_path":"C:\\Windows\\System32\\DFSRs.exe","parent_name":"services.exe"},"event":{"channel":"System","provider":"Service Control Manager","event_id":7036,"record_id":7600,"level":"Information","computer":"SRV-CORP-FS02.eu.corp.example"},"detections":[],"severity_max":"none","detection_count":0,"provenance":{"raw_file":"raw/Windows.EventLogs.Evtx/results.json","raw_row":25,"collection_id":"demo-srv-corp-fs02"}},
  {"schema_version":"1.0.0","row_hash":"d418f0bba2a17e865775eaf991d167db1ea8a992bbbeb57ae24a76d62290f579","timestamp_utc":"2026-03-07T11:13:45.7120000Z","timestamp_desc":"LastWriteTime","source":"registry","artifact":"Windows.Registry.Shares","collector_kind":"velociraptor","host":"SRV-CORP-FS02","host_id":"4f1c0a9e-0002-4a00-9c31-b0de51000002","user":"SYSTEM","message":"Share definition enumerated: Finance","target":"HKLM\\SYSTEM\\CurrentControlSet\\Services\\LanmanServer\\Shares\\Finance","registry":{"key":"HKLM\\SYSTEM\\CurrentControlSet\\Services\\LanmanServer\\Shares\\Finance","value_name":"Finance","value_data":"CSCFlags=0;MaxUses=4294967295;Path=D:\\Finance","value_type":"REG_MULTI_SZ","hive":"SYSTEM"},"detections":[],"severity_max":"none","detection_count":0,"provenance":{"raw_file":"raw/Windows.Registry.Shares/results.json","raw_row":49,"collection_id":"demo-srv-corp-fs02"},"extra":{"max_uses":4294967295,"slot":58}},
  {"schema_version":"1.0.0","row_hash":"482aa07f261445fb30705d1ada47ceeefbe45ba6abdc8cc7e2c8002a16ad0638","timestamp_utc":"2026-03-07T11:18:40.3920000Z","timestamp_desc":"EventTime","timestamp_source_field":"System.TimeCreated.SystemTime","source":"eventlog","artifact":"Windows.EventLogs.Evtx","collector_kind":"native","host":"SRV-CORP-FS02","host_id":"4f1c0a9e-0002-4a00-9c31-b0de51000002","user":"EU\\Administrator","message":"Network share object accessed: \\\\SRV-CORP-FS02\\Finance by EU\\Administrator","target":"\\\\SRV-CORP-FS02\\Finance","network":{"src_ip":"10.0.5.41","dst_ip":"10.0.5.20","dst_port":445,"protocol":"tcp","direction":"inbound"},"event":{"channel":"Security","provider":"Microsoft-Windows-Security-Auditing","event_id":5140,"record_id":400648,"level":"Information","computer":"SRV-CORP-FS02.eu.corp.example","logon_type":3},"detections":[],"severity_max":"none","detection_count":0,"provenance":{"raw_file":"raw/Windows.EventLogs.Evtx/results.json","raw_row":80,"collection_id":"demo-srv-corp-fs02"}},
  {"schema_version":"1.0.0","row_hash":"a346ed1a7b460348cd1498fabfd6fadb6dadbef2155d8f39c68fe7b98237333d","timestamp_utc":"2026-03-07T11:19:47.0090000Z","timestamp_desc":"EventTime","source":"account","artifact":"Windows.EventLogs.Evtx","collector_kind":"native","host":"SRV-CORP-FS02","host_id":"4f1c0a9e-0002-4a00-9c31-b0de51000002","user":"EU\\SRV-CORP-FS02$","message":"Computer account password changed (machine account maintenance)","target":"EU\\SRV-CORP-FS02$","event":{"channel":"Security","provider":"Microsoft-Windows-Security-Auditing","event_id":4742,"record_id":419989,"level":"Information","computer":"SRV-CORP-FS02.eu.corp.example"},"detections":[],"severity_max":"none","detection_count":0,"provenance":{"raw_file":"raw/Windows.EventLogs.Evtx/results.json","raw_row":179,"collection_id":"demo-srv-corp-fs02"}},
  {"schema_version":"1.0.0","row_hash":"c14a71907f2381ece4af6c1cd9df6bc9f3a4bcc14aae3a0d414f89f4fd43c9cf","timestamp_utc":"2026-03-07T11:42:37.3930000Z","timestamp_desc":"EventTime","source":"account","artifact":"Windows.EventLogs.Evtx","collector_kind":"native","host":"SRV-CORP-FS02","host_id":"4f1c0a9e-0002-4a00-9c31-b0de51000002","user":"EU\\SRV-CORP-FS02$","message":"Computer account password changed (machine account maintenance)","target":"EU\\SRV-CORP-FS02$","event":{"channel":"Security","provider":"Microsoft-Windows-Security-Auditing","event_id":4742,"record_id":259414,"level":"Information","computer":"SRV-CORP-FS02.eu.corp.example"},"detections":[],"severity_max":"none","detection_count":0,"provenance":{"raw_file":"raw/Windows.EventLogs.Evtx/results.json","raw_row":259,"collection_id":"demo-srv-corp-fs02"}},
  {"schema_version":"1.0.0","row_hash":"f2e3edc51a5c0f44770c17fb2e2416909ef7f0c8c2005be9fc8375a184ba86e5","timestamp_utc":"2026-03-07T11:50:22.3280000Z","timestamp_desc":"EventTime","source":"service","artifact":"Windows.EventLogs.Evtx","collector_kind":"native","host":"SRV-CORP-FS02","host_id":"4f1c0a9e-0002-4a00-9c31-b0de51000002","user":"SYSTEM","message":"Service entered the running state: DFS Replication (DFSR)","target":"DFSR","process":{"name":"dfsrs.exe","image_path":"C:\\Windows\\System32\\DFSRs.exe","parent_name":"services.exe"},"event":{"channel":"System","provider":"Service Control Manager","event_id":7036,"record_id":8905,"level":"Information","computer":"SRV-CORP-FS02.eu.corp.example"},"detections":[],"severity_max":"none","detection_count":0,"provenance":{"raw_file":"raw/Windows.EventLogs.Evtx/results.json","raw_row":249,"collection_id":"demo-srv-corp-fs02"}},
  {"schema_version":"1.0.0","row_hash":"3a90f1854192f765471d99347250b69e035428afad6e5f402d64b69293c2b56c","timestamp_utc":"2026-03-07T11:54:52.9740000Z","timestamp_desc":"EventTime","source":"service","artifact":"Windows.EventLogs.Evtx","collector_kind":"native","host":"SRV-CORP-FS02","host_id":"4f1c0a9e-0002-4a00-9c31-b0de51000002","user":"SYSTEM","message":"Service entered the running state: DFS Replication (DFSR)","target":"DFSR","process":{"name":"dfsrs.exe","image_path":"C:\\Windows\\System32\\DFSRs.exe","parent_name":"services.exe"},"event":{"channel":"System","provider":"Service Control Manager","event_id":7036,"record_id":7759,"level":"Information","computer":"SRV-CORP-FS02.eu.corp.example"},"detections":[],"severity_max":"none","detection_count":0,"provenance":{"raw_file":"raw/Windows.EventLogs.Evtx/results.json","raw_row":57,"collection_id":"demo-srv-corp-fs02"}},
  {"schema_version":"1.0.0","row_hash":"8169fd0bb01d57811cc7a7689d974e5b8197196fac7dcaa878598a9315b89441","timestamp_utc":"2026-03-07T12:00:13.8780000Z","timestamp_desc":"EventTime","source":"account","artifact":"Windows.EventLogs.Evtx","collector_kind":"native","host":"SRV-CORP-FS02","host_id":"4f1c0a9e-0002-4a00-9c31-b0de51000002","user":"EU\\SRV-CORP-FS02$","message":"Computer account password changed (machine account maintenance)","target":"EU\\SRV-CORP-FS02$","event":{"channel":"Security","provider":"Microsoft-Windows-Security-Auditing","event_id":4742,"record_id":758905,"level":"Information","computer":"SRV-CORP-FS02.eu.corp.example"},"detections":[],"severity_max":"none","detection_count":0,"provenance":{"raw_file":"raw/Windows.EventLogs.Evtx/results.json","raw_row":195,"collection_id":"demo-srv-corp-fs02"}},
