  {"schema_version":"1.0.0","row_hash":"b662d711ae5488d07ada93bf369c2b080e7125edf3c6178215867403a29c993f","timestamp_utc":"2026-03-07T15:25:40.1930000Z","timestamp_desc":"LastExecuted","timestamp_source_field":"LastRunTimes","source":"execution","artifact":"Windows.Forensics.Prefetch","collector_kind":"velociraptor","host":"WKS-CORP-01","host_id":"4f1c0a9e-0001-4a00-9c31-b0de51000001","user":"EU\\alice","message":"WINWORD.EXE executed (prefetch run count 42)","target":"C:\\Program Files\\Microsoft Office\\root\\Office16\\WINWORD.EXE","process":{"name":"WINWORD.EXE","image_path":"C:\\Program Files\\Microsoft Office\\root\\Office16\\WINWORD.EXE","parent_name":"explorer.exe"},"detections":[],"severity_max":"none","detection_count":0,"provenance":{"raw_file":"raw/Windows.Forensics.Prefetch/results.json","raw_row":11,"collection_id":"demo-wks-corp-01"},"extra":{"prefetch_file":"WINWORD.EXE-1A536120.pf"}},
  {"schema_version":"1.0.0","row_hash":"9d755dfc70e016b451ff9bf0a59e4fc8b877fc26358f9e5921ef579b0ef4751c","timestamp_utc":"2026-03-07T15:31:33.4130000Z","timestamp_desc":"RunTime","source":"scheduled_task","artifact":"Windows.System.TaskScheduler","collector_kind":"velociraptor","host":"WKS-CORP-01","host_id":"4f1c0a9e-0001-4a00-9c31-b0de51000001","user":"SYSTEM","message":"Scheduled task ran: \\Microsoft\\Windows\\UpdateOrchestrator\\Schedule Scan","target":"\\Microsoft\\Windows\\UpdateOrchestrator\\Schedule Scan","detections":[],"severity_max":"none","detection_count":0,"provenance":{"raw_file":"raw/Windows.System.TaskScheduler/results.json","raw_row":51,"collection_id":"demo-wks-corp-01"},"extra":{"result_code":0,"run_duration_seconds":41,"task_author":"Microsoft Corporation"}},
  {"schema_version":"1.0.0","row_hash":"1b03995e3b5ea9fdfc2c86acae2e1ed536d79ffa6ae9e39ab5b8ef9ac0faeb21","timestamp_utc":"2026-03-07T15:35:54.5640000Z","timestamp_desc":"InstallDate","source":"usb_device","artifact":"Windows.Registry.USBSTOR","collector_kind":"velociraptor","host":"WKS-CORP-01","host_id":"4f1c0a9e-0001-4a00-9c31-b0de51000001","user":"EU\\alice","message":"Sanctioned encrypted USB volume connected (asset FIN-USB-04)","target":"USBSTOR\\Disk&Ven_Corp&Prod_SecureKey&Rev_1.0","registry":{"key":"HKLM\\SYSTEM\\CurrentControlSet\\Enum\\USBSTOR\\Disk&Ven_Corp&Prod_SecureKey&Rev_1.0","value_name":"FriendlyName","value_data":"Corp SecureKey USB Device","value_type":"REG_SZ","hive":"SYSTEM"},"detections":[],"severity_max":"none","detection_count":0,"provenance":{"raw_file":"raw/Windows.Registry.USBSTOR/results.json","raw_row":21,"collection_id":"demo-wks-corp-01"},"extra":{"serial_number":"FINUSB041917","volume_label":"FIN-USB-04"}},
  {"schema_version":"1.0.0","row_hash":"b93f57f224a0300ef0f0af862fcfb95723c31a6676ad34f0dd5d9f464610b51f","timestamp_utc":"2026-03-07T15:51:37.5620000Z","timestamp_desc":"RunTime","source":"scheduled_task","artifact":"Windows.System.TaskScheduler","collector_kind":"velociraptor","host":"WKS-CORP-01","host_id":"4f1c0a9e-0001-4a00-9c31-b0de51000001","user":"SYSTEM","message":"Scheduled task ran: \\Microsoft\\Windows\\UpdateOrchestrator\\Schedule Scan","target":"\\Microsoft\\Windows\\UpdateOrchestrator\\Schedule Scan","detections":[],"severity_max":"none","detection_count":0,"provenance":{"raw_file":"raw/Windows.System.TaskScheduler/results.json","raw_row":75,"collection_id":"demo-wks-corp-01"},"extra":{"result_code":0,"run_duration_seconds":40,"task_author":"Microsoft Corporation"}},
  {"schema_version":"1.0.0","row_hash":"1f7f82b58b3e0e16a432b1ba92e6b5c1c8eff8ab2a97cc46535dedb0a74e8e96","timestamp_utc":"2026-03-07T16:12:19.8080000Z","timestamp_desc":"InstallDate","source":"usb_device","artifact":"Windows.Registry.USBSTOR","collector_kind":"velociraptor","host":"WKS-CORP-01","host_id":"4f1c0a9e-0001-4a00-9c31-b0de51000001","user":"EU\\alice","message":"Sanctioned encrypted USB volume connected (asset FIN-USB-04)","target":"USBSTOR\\Disk&Ven_Corp&Prod_SecureKey&Rev_1.0","registry":{"key":"HKLM\\SYSTEM\\CurrentControlSet\\Enum\\USBSTOR\\Disk&Ven_Corp&Prod_SecureKey&Rev_1.0","value_name":"FriendlyName","value_data":"Corp SecureKey USB Device","value_type":"REG_SZ","hive":"SYSTEM"},"detections":[],"severity_max":"none","detection_count":0,"provenance":{"raw_file":"raw/Windows.Registry.USBSTOR/results.json","raw_row":5,"collection_id":"demo-wks-corp-01"},"extra":{"serial_number":"FINUSB043573","volume_label":"FIN-USB-04"}},
  {"schema_version":"1.0.0","row_hash":"6c1d30f47e0ccc9795deadca2460582d0d2114f56675a1f8867e4abb52e824e1","timestamp_utc":"2026-03-07T16:13:54.8450000Z","timestamp_desc":"RunTime","source":"scheduled_task","artifact":"Windows.System.TaskScheduler","collector_kind":"velociraptor","host":"WKS-CORP-01","host_id":"4f1c0a9e-0001-4a00-9c31-b0de51000001","user":"SYSTEM","message":"Scheduled task ran: \\Microsoft\\Windows\\UpdateOrchestrator\\Schedule Scan","target":"\\Microsoft\\Windows\\UpdateOrchestrator\\Schedule Scan","detections":[],"severity_max":"none","detection_count":0,"provenance":{"raw_file":"raw/Windows.System.TaskScheduler/results.json","raw_row":11,"collection_id":"demo-wks-corp-01"},"extra":{"result_code":0,"run_duration_seconds":36,"task_author":"Microsoft Corporation"}},
  {"schema_version":"1.0.0","row_hash":"0687a4b67ec1f2bf1ad1293aae92268c8f4c0cc89d145ad3adc61fd04464f052","timestamp_utc":"2026-03-07T16:14:58.4460000Z","timestamp_desc":"EventTime","source":"service","artifact":"Windows.EventLogs.Evtx","collector_kind":"native","host":"WKS-CORP-01","host_id":"4f1c0a9e-0001-4a00-9c31-b0de51000001","user":"SYSTEM","message":"Service entered the running state: Windows Update (wuauserv)","target":"wuauserv","process":{"name":"services.exe","image_path":"C:\\Windows\\System32\\services.exe"},"event":{"channel":"System","provider":"Service Control Manager","event_id":7036,"record_id":5490,"level":"Information","computer":"WKS-CORP-01.eu.corp.example"},"detections":[],"severity_max":"none","detection_count":0,"provenance":{"raw_file":"raw/Windows.EventLogs.Evtx/results.json","raw_row":146,"collection_id":"demo-wks-corp-01"}},
  {"schema_version":"1.0.0","row_hash":"426b224ba5c2d769482c746e8b56c9b1980307e8e5bdf16f07af92b0ade97437","timestamp_utc":"2026-03-07T16:34:45.5260000Z","timestamp_desc":"EventTime","source":"network","artifact":"Windows.Network.Netstat","collector_kind":"velociraptor","host":"WKS-CORP-01","host_id":"4f1c0a9e-0001-4a00-9c31-b0de51000001","user":"EU\\alice","message":"Outbound HTTPS session via corporate proxy","target":"10.0.5.9:8080","process":{"name":"MSEDGE.EXE","image_path":"C:\\Program Files (x86)\\Microsoft\\Edge\\Application\\msedge.exe","parent_name":"explorer.exe"},"network":{"src_ip":"10.0.5.41","src_port":58994,"dst_ip":"10.0.5.9","dst_port":8080,"protocol":"tcp","domain":"dc-eu-01.eu.corp.example","direction":"outbound","state":"ESTABLISHED"},"detections":[],"severity_max":"none","detection_count":0,"provenance":{"raw_file":"raw/Windows.Network.Netstat/results.json","raw_row":44,"collection_id":"demo-wks-corp-01"}},
  {"schema_version":"1.0.0","row_hash":"5953c18145d4ac327456a0c486db711aceee73116af4442b7d9593f313c7da97","timestamp_utc":"2026-03-07T16:42:19.4910000Z","timestamp_desc":"EventTime","source":"log","artifact":"Windows.EventLogs.Evtx","collector_kind":"native","host":"WKS-CORP-01","host_id":"4f1c0a9e-0001-4a00-9c31-b0de51000001","user":"SYSTEM","message":"Antimalware definitions updated to 1.421.370.0","target":"Microsoft-Windows-Windows Defender/Operational","process":{"name":"MsMpEng.exe","parent_name":"services.exe"},"event":{"channel":"Microsoft-Windows-Windows Defender/Operational","provider":"Microsoft-Windows-Windows-Defender","event_id":2000,"record_id":8572,"level":"Information","computer":"WKS-CORP-01.eu.corp.example"},"detections":[],"severity_max":"none","detection_count":0,"provenance":{"raw_file":"raw/Windows.EventLogs.Evtx/results.json","raw_row":67,"collection_id":"demo-wks-corp-01"}},
  {"schema_version":"1.0.0","row_hash":"ad55e452c7ff7fc81deee315b9f41693e8a0152f892112f4f9443bd204721117","timestamp_utc":"2026-03-07T16:51:29.6020000Z","timestamp_desc":"EventTime","timestamp_source_field":"System.TimeCreated.SystemTime","source":"eventlog","artifact":"Windows.EventLogs.Evtx","collector_kind":"native","host":"WKS-CORP-01","host_id":"4f1c0a9e-0001-4a00-9c31-b0de51000001","user":"EU\\alice","message":"An account was successfully logged on (interactive): EU\\alice","target":"EU\\alice","event":{"channel":"Security","provider":"Microsoft-Windows-Security-Auditing","event_id":4624,"record_id":893049,"level":"Information","computer":"WKS-CORP-01.eu.corp.example","logon_type":2,"logon_id":"0x3d939"},"detections":[],"severity_max":"none","detection_count":0,"provenance":{"raw_file":"raw/Windows.EventLogs.Evtx/results.json","raw_row":216,"collection_id":"demo-wks-corp-01"}},
  {"schema_version":"1.0.0","row_hash":"4a843f6bfcbab8743e0c39502c06dfecd95ca171da9021c5b610c45a179420cb","timestamp_utc":"2026-03-07T16:54:19.8370000Z","timestamp_desc":"Modified","timestamp_source_field":"Mtime","source":"filesystem","artifact":"Windows.NTFS.MFT","collector_kind":"velociraptor","host":"WKS-CORP-01","host_id":"4f1c0a9e-0001-4a00-9c31-b0de51000001","user":"EU\\alice","message":"File modified: payroll-summary.xlsx","target":"C:\\Users\\alice\\Documents\\payroll-summary.xlsx","file":{"path":"C:\\Users\\alice\\Documents\\payroll-summary.xlsx","name":"payroll-summary.xlsx","extension":"xlsx","size_bytes":257359,"mft_entry":107452,"is_directory":false,"is_allocated":true},"detections":[],"severity_max":"none","detection_count":0,"provenance":{"raw_file":"raw/Windows.NTFS.MFT/results.json","raw_row":78,"collection_id":"demo-wks-corp-01"}},
  {"schema_version":"1.0.0","row_hash":"bba384dbf2f608686615765b67d9e1921bc43101a6df62c4bf1f891cc7dd8b93","timestamp_utc":"2026-03-07T16:55:00.6030000Z","timestamp_desc":"EventTime","timestamp_source_field":"System.TimeCreated.SystemTime","source":"eventlog","artifact":"Windows.EventLogs.Evtx","collector_kind":"native","host":"WKS-CORP-01","host_id":"4f1c0a9e-0001-4a00-9c31-b0de51000001","user":"EU\\alice","message":"An account was successfully logged on (interactive): EU\\alice","target":"EU\\alice","event":{"channel":"Security","provider":"Microsoft-Windows-Security-Auditing","event_id":4624,"record_id":985277,"level":"Information","computer":"WKS-CORP-01.eu.corp.example","logon_type":2,"logon_id":"0x3525d"},"detections":[],"severity_max":"none","detection_count":0,"provenance":{"raw_file":"raw/Windows.EventLogs.Evtx/results.json","raw_row":72,"collection_id":"demo-wks-corp-01"}},
  {"schema_version":"1.0.0","row_hash":"3bf132ed39b1dda40ebd35b9f187e0af9462c5a0ac179179905a01c730415af1","timestamp_utc":"2026-03-07T16:59:03.1480000Z","timestamp_desc":"EventTime","source":"service","artifact":"Windows.EventLogs.Evtx","collector_kind":"native","host":"WKS-CORP-01","host_id":"4f1c0a9e-0001-4a00-9c31-b0de51000001","user":"SYSTEM","message":"Service entered the running state: Windows Update (wuauserv)","target":"wuauserv","process":{"name":"services.exe","image_path":"C:\\Windows\\System32\\services.exe"},"event":{"channel":"System","provider":"Service Control Manager","event_id":7036,"record_id":4384,"level":"Information","computer":"WKS-CORP-01.eu.corp.example"},"detections":[],"severity_max":"none","detection_count":0,"provenance":{"raw_file":"raw/Windows.EventLogs.Evtx/results.json","raw_row":50,"collection_id":"demo-wks-corp-01"}},
  {"schema_version":"1.0.0","row_hash":"6d69a214824bf1024c59bc9ca7efc90309b1410345279b182ce77fff4ebd3a79","timestamp_utc":"2026-03-07T17:05:36.1390000Z","timestamp_desc":"LastWriteTime","source":"system_info","artifact":"Windows.Sysinternals.Autoruns","collector_kind":"velociraptor","host":"WKS-CORP-01","host_id":"4f1c0a9e-0001-4a00-9c31-b0de51000001","user":"SYSTEM","message":"Autorun entry enumerated: OneDrive (signed, Microsoft Corporation)","target":"C:\\Program Files\\Microsoft OneDrive\\OneDrive.exe","file":{"path":"C:\\Program Files\\Microsoft OneDrive\\OneDrive.exe","name":"OneDrive.exe","extension":"exe","size_bytes":2833822,"signature_status":"signed_valid","signer":"Microsoft Corporation"},"detections":[],"severity_max":"none","detection_count":0,"provenance":{"raw_file":"raw/Windows.Sysinternals.Autoruns/results.json","raw_row":2,"collection_id":"demo-wks-corp-01"}},
  {"schema_version":"1.0.0","row_hash":"7413d572919decdd1764d7450e3dee7afc08d8a27294f8d52d122d03dc33e050","timestamp_utc":"2026-03-07T17:22:04.6320000Z","timestamp_desc":"LastWriteTime","source":"system_info","artifact":"Windows.Sysinternals.Autoruns","collector_kind":"velociraptor","host":"WKS-CORP-01","host_id":"4f1c0a9e-0001-4a00-9c31-b0de51000001","user":"SYSTEM","message":"Autorun entry enumerated: OneDrive (signed, Microsoft Corporation)","target":"C:\\Program Files\\Microsoft OneDrive\\OneDrive.exe","file":{"path":"C:\\Program Files\\Microsoft OneDrive\\OneDrive.exe","name":"OneDrive.exe","extension":"exe","size_bytes":2847847,"signature_status":"signed_valid","signer":"Microsoft Corporation"},"detections":[],"severity_max":"none","detection_count":0,"provenance":{"raw_file":"raw/Windows.Sysinternals.Autoruns/results.json","raw_row":10,"collection_id":"demo-wks-corp-01"}},
  {"schema_version":"1.0.0","row_hash":"efcfa2dd3e955ce89daa6fda9197f61d7a692a062e871fac856ad5c139aff37a","timestamp_utc":"2026-03-07T17:30:13.5070000Z","timestamp_desc":"EventTime","source":"service","artifact":"Windows.EventLogs.Evtx","collector_kind":"native","host":"WKS-CORP-01","host_id":"4f1c0a9e-0001-4a00-9c31-b0de51000001","user":"SYSTEM","message":"Service entered the running state: Windows Update (wuauserv)","target":"wuauserv","process":{"name":"services.exe","image_path":"C:\\Windows\\System32\\services.exe"},"event":{"channel":"System","provider":"Service Control Manager","event_id":7036,"record_id":7283,"level":"Information","computer":"WKS-CORP-01.eu.corp.example"},"detections":[],"severity_max":"none","detection_count":0,"provenance":{"raw_file":"raw/Windows.EventLogs.Evtx/results.json","raw_row":2,"collection_id":"demo-wks-corp-01"}},
  {"schema_version":"1.0.0","row_hash":"672bd76f5c3df193d8c478f91fda1190f060d05a8a4bcf6524c2d0a37778f0a6","timestamp_utc":"2026-03-07T17:51:26.0710000Z","timestamp_desc":"EventTime","timestamp_source_field":"System.TimeCreated.SystemTime","source":"eventlog","artifact":"Windows.EventLogs.Evtx","collector_kind":"native","host":"WKS-CORP-01","host_id":"4f1c0a9e-0001-4a00-9c31-b0de51000001","user":"EU\\alice","message":"An account was successfully logged on (interactive): EU\\alice","target":"EU\\alice","event":{"channel":"Security","provider":"Microsoft-Windows-Security-Auditing","event_id":4624,"record_id":758266,"level":"Information","computer":"WKS-CORP-01.eu.corp.example","logon_type":2,"logon_id":"0x3e281"},"detections":[],"severity_max":"none","detection_count":0,"provenance":{"raw_file":"raw/Windows.EventLogs.Evtx/results.json","raw_row":240,"collection_id":"demo-wks-corp-01"}},
  {"schema_version":"1.0.0","row_hash":"7e5e4e5fc9cfd64bbf8a5d3e6762036eaedac6e3531e5bd839436e81d5c97164","timestamp_utc":"2026-03-07T18:33:33.6410000Z","timestamp_desc":"EventTime","timestamp_source_field":"System.TimeCreated.SystemTime","source":"eventlog","artifact":"Windows.EventLogs.Evtx","collector_kind":"native","host":"WKS-CORP-01","host_id":"4f1c0a9e-0001-4a00-9c31-b0de51000001","user":"EU\\bob","message":"An account was successfully logged on (interactive): EU\\bob","target":"EU\\bob","event":{"channel":"Security","provider":"Microsoft-Windows-Security-Auditing","event_id":4624,"record_id":147105,"level":"Information","computer":"WKS-CORP-01.eu.corp.example","logon_type":2,"logon_id":"0x331d2"},"detections":[],"severity_max":"none","detection_count":0,"provenance":{"raw_file":"raw/Windows.EventLogs.Evtx/results.json","raw_row":168,"collection_id":"demo-wks-corp-01"}},
  {"schema_version":"1.0.0","row_hash":"6cf30cde7a03b69cd0d4ea935f4c4afb608373bbfa51b3f582f2508e91c12cb1","timestamp_utc":"2026-03-07T18:39:06.9310000Z","timestamp_desc":"LastWriteTime","source":"system_info","artifact":"Windows.Sysinternals.Autoruns","collector_kind":"velociraptor","host":"WKS-CORP-01","host_id":"4f1c0a9e-0001-4a00-9c31-b0de51000001","user":"SYSTEM","message":"Autorun entry enumerated: OneDrive (signed, Microsoft Corporation)","target":"C:\\Program Files\\Microsoft OneDrive\\OneDrive.exe","file":{"path":"C:\\Program Files\\Microsoft OneDrive\\OneDrive.exe","name":"OneDrive.exe","extension":"exe","size_bytes":2887562,"signature_status":"signed_valid","signer":"Microsoft Corporation"},"detections":[],"severity_max":"none","detection_count":0,"provenance":{"raw_file":"raw/Windows.Sysinternals.Autoruns/results.json","raw_row":26,"collection_id":"demo-wks-corp-01"}},
  {"schema_version":"1.0.0","row_hash":"ec5dbb8da820e32cfda361bb960a54622b120ebdd293e1d8e7f537fa56f9647d","timestamp_utc":"2026-03-08T00:12:37.5270000Z","timestamp_desc":"EventTime","timestamp_source_field":"System.TimeCreated.SystemTime","source":"eventlog","artifact":"Windows.EventLogs.Evtx","collector_kind":"native","host":"WKS-CORP-01","host_id":"4f1c0a9e-0001-4a00-9c31-b0de51000001","user":"EU\\bob","message":"An account was successfully logged on (interactive): EU\\bob","target":"EU\\bob","event":{"channel":"Security","provider":"Microsoft-Windows-Security-Auditing","event_id":4624,"record_id":335617,"level":"Information","computer":"WKS-CORP-01.eu.corp.example","logon_type":2,"logon_id":"0x3ce19"},"detections":[],"severity_max":"none","detection_count":0,"provenance":{"raw_file":"raw/Windows.EventLogs.Evtx/results.json","raw_row":201,"collection_id":"demo-wks-corp-01"}},
  {"schema_version":"1.0.0","row_hash":"f3ed0debd53f54ce2086606376117065b394f1a3441e4983a3b47fcaad9d323d","timestamp_utc":"2026-03-08T00:24:09.0820000Z","timestamp_desc":"LastWriteTime","source":"system_info","artifact":"Windows.Sysinternals.Autoruns","collector_kind":"velociraptor","host":"WKS-CORP-01","host_id":"4f1c0a9e-0001-4a00-9c31-b0de51000001","user":"SYSTEM","message":"Autorun entry enumerated: OneDrive (signed, Microsoft Corporation)","target":"C:\\Program Files\\Microsoft OneDrive\\OneDrive.exe","file":{"path":"C:\\Program Files\\Microsoft OneDrive\\OneDrive.exe","name":"OneDrive.exe","extension":"exe","size_bytes":2824534,"signature_status":"signed_valid","signer":"Microsoft Corporation"},"detections":[],"severity_max":"none","detection_count":0,"provenance":{"raw_file":"raw/Windows.Sysinternals.Autoruns/results.json","raw_row":53,"collection_id":"demo-wks-corp-01"}},
  {"schema_version":"1.0.0","row_hash":"ca28c5cadfdf64af9d62724e0ccd7813eb3b9e7b566f112d110f3998a20cc049","timestamp_utc":"2026-03-08T01:55:32.0000000Z","timestamp_desc":"LastWriteTime","source":"system_info","artifact":"Windows.Sysinternals.Autoruns","collector_kind":"velociraptor","host":"WKS-CORP-01","host_id":"4f1c0a9e-0001-4a00-9c31-b0de51000001","user":"SYSTEM","message":"Autorun entry enumerated: OneDrive (signed, Microsoft Corporation)","target":"C:\\Program Files\\Microsoft OneDrive\\OneDrive.exe","file":{"path":"C:\\Program Files\\Microsoft OneDrive\\OneDrive.exe","name":"OneDrive.exe","extension":"exe","size_bytes":2807192,"signature_status":"signed_valid","signer":"Microsoft Corporation"},"detections":[],"severity_max":"none","detection_count":0,"provenance":{"raw_file":"raw/Windows.Sysinternals.Autoruns/results.json","raw_row":37,"collection_id":"demo-wks-corp-01"}},
  {"schema_version":"1.0.0","row_hash":"6a7ba9bedd38294aaa373195d1d595b1d40a985222ede61bfa47bee79f4bcab6","timestamp_utc":"2026-03-08T02:09:19.8830000Z","timestamp_desc":"LastWriteTime","timestamp_source_field":"LastModified","source":"registry","artifact":"Windows.Registry.AppCompatCache","collector_kind":"velociraptor","host":"WKS-CORP-01","host_id":"4f1c0a9e-0001-4a00-9c31-b0de51000001","user":"SYSTEM","message":"AppCompatCache entry: CALC.EXE","target":"C:\\Windows\\System32\\calc.exe","registry":{"key":"HKLM\\SYSTEM\\CurrentControlSet\\Control\\Session Manager\\AppCompatCache","value_name":"AppCompatCache","value_data":"C:\\Windows\\System32\\calc.exe","value_type":"REG_BINARY","hive":"SYSTEM"},"detections":[],"severity_max":"none","detection_count":0,"provenance":{"raw_file":"raw/Windows.Registry.AppCompatCache/results.json","raw_row":37,"collection_id":"demo-wks-corp-01"},"extra":{"cache_slot":1018}},
  {"schema_version":"1.0.0","row_hash":"3906b98a9385cd85b89d92fb60152622be254e35a9bf158dee74fe80dd9cd6f8","timestamp_utc":"2026-03-08T02:50:25.5950000Z","timestamp_desc":"Modified","timestamp_source_field":"Mtime","source":"filesystem","artifact":"Windows.NTFS.MFT","collector_kind":"velociraptor","host":"WKS-CORP-01","host_id":"4f1c0a9e-0001-4a00-9c31-b0de51000001","user":"EU\\alice","message":"File modified: audit-notes.docx","target":"C:\\Users\\alice\\Documents\\audit-notes.docx","file":{"path":"C:\\Users\\alice\\Documents\\audit-notes.docx","name":"audit-notes.docx","extension":"docx","size_bytes":119428,"mft_entry":108043,"is_directory":false,"is_allocated":true},"detections":[],"severity_max":"none","detection_count":0,"provenance":{"raw_file":"raw/Windows.NTFS.MFT/results.json","raw_row":1,"collection_id":"demo-wks-corp-01"}},
  {"schema_version":"1.0.0","row_hash":"afcc9e1ecf7b4a9de2b8880e343a15b4fa00eec9416b5a1472f16caf1bfc32f9","timestamp_utc":"2026-03-08T02:51:52.9800000Z","timestamp_desc":"RunTime","source":"scheduled_task","artifact":"Windows.System.TaskScheduler","collector_kind":"velociraptor","host":"WKS-CORP-01","host_id":"4f1c0a9e-0001-4a00-9c31-b0de51000001","user":"SYSTEM","message":"Scheduled task ran: \\Microsoft\\Windows\\UpdateOrchestrator\\Schedule Scan","target":"\\Microsoft\\Windows\\UpdateOrchestrator\\Schedule Scan","detections":[],"severity_max":"none","detection_count":0,"provenance":{"raw_file":"raw/Windows.System.TaskScheduler/results.json","raw_row":22,"collection_id":"demo-wks-corp-01"},"extra":{"result_code":0,"run_duration_seconds":41,"task_author":"Microsoft Corporation"}},
  {"schema_version":"1.0.0","row_hash":"1a11d7a5496f0c0fc82a9bc592b8f8c3360d42bc75c95221e2193f56364ef620","timestamp_utc":"2026-03-08T03:02:33.5520000Z","timestamp_desc":"Modified","timestamp_source_field":"Mtime","source":"filesystem","artifact":"Windows.NTFS.MFT","collector_kind":"velociraptor","host":"WKS-CORP-01","host_id":"4f1c0a9e-0001-4a00-9c31-b0de51000001","user":"EU\\alice","message":"File modified: expenses-feb.xlsx","target":"C:\\Users\\alice\\Documents\\expenses-feb.xlsx","file":{"path":"C:\\Users\\alice\\Documents\\expenses-feb.xlsx","name":"expenses-feb.xlsx","extension":"xlsx","size_bytes":314413,"mft_entry":122250,"is_directory":false,"is_allocated":true},"detections":[],"severity_max":"none","detection_count":0,"provenance":{"raw_file":"raw/Windows.NTFS.MFT/results.json","raw_row":9,"collection_id":"demo-wks-corp-01"}},
  {"schema_version":"1.0.0","row_hash":"80a3d08f126da4590eb7cdc7f0cb8678caa962767730ad7582a92c11cd97796e","timestamp_utc":"2026-03-08T03:18:32.4560000Z","timestamp_desc":"InstallDate","source":"usb_device","artifact":"Windows.Registry.USBSTOR","collector_kind":"velociraptor","host":"WKS-CORP-01","host_id":"4f1c0a9e-0001-4a00-9c31-b0de51000001","user":"EU\\alice","message":"Sanctioned encrypted USB volume connected (asset FIN-USB-04)","target":"USBSTOR\\Disk&Ven_Corp&Prod_SecureKey&Rev_1.0","registry":{"key":"HKLM\\SYSTEM\\CurrentControlSet\\Enum\\USBSTOR\\Disk&Ven_Corp&Prod_SecureKey&Rev_1.0","value_name":"FriendlyName","value_data":"Corp SecureKey USB Device","value_type":"REG_SZ","hive":"SYSTEM"},"detections":[],"severity_max":"none","detection_count":0,"provenance":{"raw_file":"raw/Windows.Registry.USBSTOR/results.json","raw_row":0,"collection_id":"demo-wks-corp-01"},"extra":{"serial_number":"FINUSB043338","volume_label":"FIN-USB-04"}},
  {"schema_version":"1.0.0","row_hash":"b9b05d809217acf07641f02d5a336dbdb032e2c75748e56c9e59be6764ed4985","timestamp_utc":"2026-03-08T03:22:57.1660000Z","timestamp_desc":"EventTime","source":"service","artifact":"Windows.EventLogs.Evtx","collector_kind":"native","host":"WKS-CORP-01","host_id":"4f1c0a9e-0001-4a00-9c31-b0de51000001","user":"SYSTEM","message":"Service entered the running state: Windows Update (wuauserv)","target":"wuauserv","process":{"name":"services.exe","image_path":"C:\\Windows\\System32\\services.exe"},"event":{"channel":"System","provider":"Service Control Manager","event_id":7036,"record_id":4849,"level":"Information","computer":"WKS-CORP-01.eu.corp.example"},"detections":[],"severity_max":"none","detection_count":0,"provenance":{"raw_file":"raw/Windows.EventLogs.Evtx/results.json","raw_row":131,"collection_id":"demo-wks-corp-01"}},
  {"schema_version":"1.0.0","row_hash":"e28a6ba524dfd22133cf8054a2daeddf6d58142332138deece086f84adf2c6e7","timestamp_utc":"2026-03-08T03:43:48.1070000Z","timestamp_desc":"Modified","timestamp_source_field":"Mtime","source":"filesystem","artifact":"Windows.NTFS.MFT","collector_kind":"velociraptor","host":"WKS-CORP-01","host_id":"4f1c0a9e-0001-4a00-9c31-b0de51000001","user":"EU\\alice","message":"File modified: Q1-forecast.xlsx","target":"C:\\Users\\alice\\Documents\\Q1-forecast.xlsx","file":{"path":"C:\\Users\\alice\\Documents\\Q1-forecast.xlsx","name":"Q1-forecast.xlsx","extension":"xlsx","size_bytes":392663,"mft_entry":121069,"is_directory":false,"is_allocated":true},"detections":[],"severity_max":"none","detection_count":0,"provenance":{"raw_file":"raw/Windows.NTFS.MFT/results.json","raw_row":25,"collection_id":"demo-wks-corp-01"}},
  {"schema_version":"1.0.0","row_hash":"bdc830189df84ade7f0a7e74e4fce0cdc1dfd4026b6a8b69299c3051ae5d9e4d","timestamp_utc":"2026-03-08T03:55:17.4340000Z","timestamp_desc":"EventTime","source":"log","artifact":"Windows.EventLogs.Evtx","collector_kind":"native","host":"WKS-CORP-01","host_id":"4f1c0a9e-0001-4a00-9c31-b0de51000001","user":"SYSTEM","message":"Antimalware definitions updated to 1.421.361.0","target":"Microsoft-Windows-Windows Defender/Operational","process":{"name":"MsMpEng.exe","parent_name":"services.exe"},"event":{"channel":"Microsoft-Windows-Windows Defender/Operational","provider":"Microsoft-Windows-Windows-Defender","event_id":2000,"record_id":5250,"level":"Information","computer":"WKS-CORP-01.eu.corp.example"},"detections":[],"severity_max":"none","detection_count":0,"provenance":{"raw_file":"raw/Windows.EventLogs.Evtx/results.json","raw_row":76,"collection_id":"demo-wks-corp-01"}},
  {"schema_version":"1.0.0","row_hash":"01899252433cebc442978d8c6eefd3368bdf8bf14d0b3178dd739f3fb79e1086","timestamp_utc":"2026-03-08T06:16:59.4380000Z","timestamp_desc":"EventTime","timestamp_source_field":"System.TimeCreated.SystemTime","source":"eventlog","artifact":"Windows.EventLogs.Evtx","collector_kind":"native","host":"WKS-CORP-01","host_id":"4f1c0a9e-0001-4a00-9c31-b0de51000001","user":"EU\\alice","message":"An account was successfully logged on (interactive): EU\\alice","target":"EU\\alice","event":{"channel":"Security","provider":"Microsoft-Windows-Security-Auditing","event_id":4624,"record_id":965843,"level":"Information","computer":"WKS-CORP-01.eu.corp.example","logon_type":2,"logon_id":"0x3c08f"},"detections":[],"severity_max":"none","detection_count":0,"provenance":{"raw_file":"raw/Windows.EventLogs.Evtx/results.json","raw_row":153,"collection_id":"demo-wks-corp-01"}},
  {"schema_version":"1.0.0","row_hash":"143d07dca89d0041cc30759d155e47fd6e54e41e48ffc929d351087459ec5c2d","timestamp_utc":"2026-03-08T06:27:47.5190000Z","timestamp_desc":"LastWriteTime","timestamp_source_field":"LastModified","source":"registry","artifact":"Windows.Registry.AppCompatCache","collector_kind":"velociraptor","host":"WKS-CORP-01","host_id":"4f1c0a9e-0001-4a00-9c31-b0de51000001","user":"SYSTEM","message":"AppCompatCache entry: WINWORD.EXE","target":"C:\\Program Files\\Microsoft Office\\root\\Office16\\WINWORD.EXE","registry":{"key":"HKLM\\SYSTEM\\CurrentControlSet\\Control\\Session Manager\\AppCompatCache","value_name":"AppCompatCache","value_data":"C:\\Program Files\\Microsoft Office\\root\\Office16\\WINWORD.EXE","value_type":"REG_BINARY","hive":"SYSTEM"},"detections":[],"severity_max":"none","detection_count":0,"provenance":{"raw_file":"raw/Windows.Registry.AppCompatCache/results.json","raw_row":61,"collection_id":"demo-wks-corp-01"},"extra":{"cache_slot":532}},
  {"schema_version":"1.0.0","row_hash":"90bb26578dc9628d5a7afe5671e201f1d28d88524e4bc6391f66b23fdae92b04","timestamp_utc":"2026-03-08T07:39:28.2180000Z","timestamp_desc":"EventTime","source":"network","artifact":"Windows.Network.Netstat","collector_kind":"velociraptor","host":"WKS-CORP-01","host_id":"4f1c0a9e-0001-4a00-9c31-b0de51000001","user":"EU\\alice","message":"Outbound HTTPS session via corporate proxy","target":"10.0.5.9:8080","process":{"name":"MSEDGE.EXE","image_path":"C:\\Program Files (x86)\\Microsoft\\Edge\\Application\\msedge.exe","parent_name":"explorer.exe"},"network":{"src_ip":"10.0.5.41","src_port":62014,"dst_ip":"10.0.5.9","dst_port":8080,"protocol":"tcp","domain":"dc-eu-01.eu.corp.example","direction":"outbound","state":"ESTABLISHED"},"detections":[],"severity_max":"none","detection_count":0,"provenance":{"raw_file":"raw/Windows.Network.Netstat/results.json","raw_row":31,"collection_id":"demo-wks-corp-01"}},
  {"schema_version":"1.0.0","row_hash":"a45ed9b131c47902e6cb5147f79a25a077f050d22119a1ed6016379528d91a00","timestamp_utc":"2026-03-08T07:44:28.5450000Z","timestamp_desc":"LastExecuted","timestamp_source_field":"LastRunTimes","source":"execution","artifact":"Windows.Forensics.Prefetch","collector_kind":"velociraptor","host":"WKS-CORP-01","host_id":"4f1c0a9e-0001-4a00-9c31-b0de51000001","user":"EU\\alice","message":"CALC.EXE executed (prefetch run count 28)","target":"C:\\Windows\\System32\\calc.exe","process":{"name":"CALC.EXE","image_path":"C:\\Windows\\System32\\calc.exe","parent_name":"explorer.exe"},"detections":[],"severity_max":"none","detection_count":0,"provenance":{"raw_file":"raw/Windows.Forensics.Prefetch/results.json","raw_row":14,"collection_id":"demo-wks-corp-01"},"extra":{"prefetch_file":"CALC.EXE-10E577D3.pf"}},
  {"schema_version":"1.0.0","row_hash":"85a848ddb52e52136d4057105b761eaffb42af731f2ef8e6ae192f5143b893b6","timestamp_utc":"2026-03-08T07:57:55.4520000Z","timestamp_desc":"EventTime","source":"service","artifact":"Windows.EventLogs.Evtx","collector_kind":"native","host":"WKS-CORP-01","host_id":"4f1c0a9e-0001-4a00-9c31-b0de51000001","user":"SYSTEM","message":"Service entered the running state: Windows Update (wuauserv)","target":"wuauserv","process":{"name":"services.exe","image_path":"C:\\Windows\\System32\\services.exe"},"event":{"channel":"System","provider":"Service Control Manager","event_id":7036,"record_id":4984,"level":"Information","computer":"WKS-CORP-01.eu.corp.example"},"detections":[],"severity_max":"none","detection_count":0,"provenance":{"raw_file":"raw/Windows.EventLogs.Evtx/results.json","raw_row":155,"collection_id":"demo-wks-corp-01"}},
  {"schema_version":"1.0.0","row_hash":"7b30082064d965919b208bc688c0bc611dd25d7247a06e11741d6e2de59e95e5","timestamp_utc":"2026-03-08T08:33:44.2760000Z","timestamp_desc":"LastWriteTime","source":"system_info","artifact":"Windows.Sysinternals.Autoruns","collector_kind":"velociraptor","host":"WKS-CORP-01","host_id":"4f1c0a9e-0001-4a00-9c31-b0de51000001","user":"SYSTEM","message":"Autorun entry enumerated: OneDrive (signed, Microsoft Corporation)","target":"C:\\Program Files\\Microsoft OneDrive\\OneDrive.exe","file":{"path":"C:\\Program Files\\Microsoft OneDrive\\OneDrive.exe","name":"OneDrive.exe","extension":"exe","size_bytes":2864526,"signature_status":"signed_valid","signer":"Microsoft Corporation"},"detections":[],"severity_max":"none","detection_count":0,"provenance":{"raw_file":"raw/Windows.Sysinternals.Autoruns/results.json","raw_row":5,"collection_id":"demo-wks-corp-01"}},
  {"schema_version":"1.0.0","row_hash":"6805698ae14a8f31054238f5b75a102991def564ebb6374d681a2a38e467fef9","timestamp_utc":"2026-03-08T08:36:17.6150000Z","timestamp_desc":"Modified","timestamp_source_field":"Mtime","source":"filesystem","artifact":"Windows.NTFS.MFT","collector_kind":"velociraptor","host":"WKS-CORP-01","host_id":"4f1c0a9e-0001-4a00-9c31-b0de51000001","user":"EU\\alice","message":"File modified: expenses-feb.xlsx","target":"C:\\Users\\alice\\Documents\\expenses-feb.xlsx","file":{"path":"C:\\Users\\alice\\Documents\\expenses-feb.xlsx","name":"expenses-feb.xlsx","extension":"xlsx","size_bytes":178124,"mft_entry":120133,"is_directory":false,"is_allocated":true},"detections":[],"severity_max":"none","detection_count":0,"provenance":{"raw_file":"raw/Windows.NTFS.MFT/results.json","raw_row":49,"collection_id":"demo-wks-corp-01"}},
  {"schema_version":"1.0.0","row_hash":"d99e5101bf99ee5069b4ad7f8c1714203548682dac54868fdcb5231ca90ceffd","timestamp_utc":"2026-03-08T08:40:25.8830000Z","timestamp_desc":"Modified","timestamp_source_field":"Mtime","source":"filesystem","artifact":"Windows.NTFS.MFT","collector_kind":"velociraptor","host":"WKS-CORP-01","host_id":"4f1c0a9e-0001-4a00-9c31-b0de51000001","user":"EU\\alice","message":"File modified: audit-notes.docx","target":"C:\\Users\\alice\\Documents\\audit-notes.docx","file":{"path":"C:\\Users\\alice\\Documents\\audit-notes.docx","name":"audit-notes.docx","extension":"docx","size_bytes":54051,"mft_entry":110865,"is_directory":false,"is_allocated":true},"detections":[],"severity_max":"none","detection_count":0,"provenance":{"raw_file":"raw/Windows.NTFS.MFT/results.json","raw_row":81,"collection_id":"demo-wks-corp-01"}},
  {"schema_version":"1.0.0","row_hash":"06a58a99a7f01af483134303f1792685a5f8907b3e7bd5525e7b3a69afbb6f4c","timestamp_utc":"2026-03-08T08:43:39.1920000Z","timestamp_desc":"VisitTime","timestamp_source_field":"last_visit_time","source":"browser","artifact":"Windows.Applications.Edge.History","collector_kind":"velociraptor","host":"WKS-CORP-01","host_id":"4f1c0a9e-0001-4a00-9c31-b0de51000001","user":"EU\\alice","message":"Edge visit: IT service desk","target":"https://intranet.corp.example/it/servicedesk","network":{"domain":"intranet.corp.example","url":"https://intranet.corp.example/it/servicedesk","direction":"outbound"},"detections":[],"severity_max":"none","detection_count":0,"provenance":{"raw_file":"raw/Windows.Applications.Edge.History/results.json","raw_row":34,"collection_id":"demo-wks-corp-01"}},
  {"schema_version":"1.0.0","row_hash":"deed07cf0241e0bb6e8abbda9918b1d3b60cdda73535a265cf254e00b9ec3707","timestamp_utc":"2026-03-08T08:53:15.4140000Z","timestamp_desc":"RunTime","source":"scheduled_task","artifact":"Windows.System.TaskScheduler","collector_kind":"velociraptor","host":"WKS-CORP-01","host_id":"4f1c0a9e-0001-4a00-9c31-b0de51000001","user":"SYSTEM","message":"Scheduled task ran: \\Microsoft\\Windows\\UpdateOrchestrator\\Schedule Scan","target":"\\Microsoft\\Windows\\UpdateOrchestrator\\Schedule Scan","detections":[],"severity_max":"none","detection_count":0,"provenance":{"raw_file":"raw/Windows.System.TaskScheduler/results.json","raw_row":62,"collection_id":"demo-wks-corp-01"},"extra":{"result_code":0,"run_duration_seconds":34,"task_author":"Microsoft Corporation"}},
  {"schema_version":"1.0.0","row_hash":"5a249ac5a9c8435a1cda590fc531d3677ee50132d217ce7b90585cb252d9e4b4","timestamp_utc":"2026-03-08T08:54:40.7480000Z","timestamp_desc":"RunTime","source":"scheduled_task","artifact":"Windows.System.TaskScheduler","collector_kind":"velociraptor","host":"WKS-CORP-01","host_id":"4f1c0a9e-0001-4a00-9c31-b0de51000001","user":"SYSTEM","message":"Scheduled task ran: \\Microsoft\\Windows\\UpdateOrchestrator\\Schedule Scan","target":"\\Microsoft\\Windows\\UpdateOrchestrator\\Schedule Scan","detections":[],"severity_max":"none","detection_count":0,"provenance":{"raw_file":"raw/Windows.System.TaskScheduler/results.json","raw_row":6,"collection_id":"demo-wks-corp-01"},"extra":{"result_code":0,"run_duration_seconds":26,"task_author":"Microsoft Corporation"}},
  {"schema_version":"1.0.0","row_hash":"bdba698e955f5ff4cc5a81aaec02531ff89141f626a15351a5fb4e3e095edf24","timestamp_utc":"2026-03-08T08:59:13.4670000Z","timestamp_desc":"EventTime","timestamp_source_field":"System.TimeCreated.SystemTime","source":"eventlog","artifact":"Windows.EventLogs.Evtx","collector_kind":"native","host":"WKS-CORP-01","host_id":"4f1c0a9e-0001-4a00-9c31-b0de51000001","user":"EU\\bob","message":"An account was successfully logged on (interactive): EU\\bob","target":"EU\\bob","event":{"channel":"Security","provider":"Microsoft-Windows-Security-Auditing","event_id":4624,"record_id":784453,"level":"Information","computer":"WKS-CORP-01.eu.corp.example","logon_type":2,"logon_id":"0x394b3"},"detections":[],"severity_max":"none","detection_count":0,"provenance":{"raw_file":"raw/Windows.EventLogs.Evtx/results.json","raw_row":33,"collection_id":"demo-wks-corp-01"}},
  {"schema_version":"1.0.0","row_hash":"21f5c3f75d4370415e956bbcee5ea36eac30014c724ba8412cbe75cf5455d1f4","timestamp_utc":"2026-03-08T09:03:35.7760000Z","timestamp_desc":"LastWriteTime","source":"system_info","artifact":"Windows.Sysinternals.Autoruns","collector_kind":"velociraptor","host":"WKS-CORP-01","host_id":"4f1c0a9e-0001-4a00-9c31-b0de51000001","user":"SYSTEM","message":"Autorun entry enumerated: OneDrive (signed, Microsoft Corporation)","target":"C:\\Program Files\\Microsoft OneDrive\\OneDrive.exe","file":{"path":"C:\\Program Files\\Microsoft OneDrive\\OneDrive.exe","name":"OneDrive.exe","extension":"exe","size_bytes":2816321,"signature_status":"signed_valid","signer":"Microsoft Corporation"},"detections":[],"severity_max":"none","detection_count":0,"provenance":{"raw_file":"raw/Windows.Sysinternals.Autoruns/results.json","raw_row":61,"collection_id":"demo-wks-corp-01"}},
  {"schema_version":"1.0.0","row_hash":"cb211ee4a2941cd3fab80cc63e1ed2e3c6625646ad387eb78ed59504b9519102","timestamp_utc":"2026-03-08T09:05:00.4240000Z","timestamp_desc":"EventTime","source":"service","artifact":"Windows.EventLogs.Evtx","collector_kind":"native","host":"WKS-CORP-01","host_id":"4f1c0a9e-0001-4a00-9c31-b0de51000001","user":"SYSTEM","message":"Service entered the running state: Windows Update (wuauserv)","target":"wuauserv","process":{"name":"services.exe","image_path":"C:\\Windows\\System32\\services.exe"},"event":{"channel":"System","provider":"Service Control Manager","event_id":7036,"record_id":9003,"level":"Information","computer":"WKS-CORP-01.eu.corp.example"},"detections":[],"severity_max":"none","detection_count":0,"provenance":{"raw_file":"raw/Windows.EventLogs.Evtx/results.json","raw_row":179,"collection_id":"demo-wks-corp-01"}},
  {"schema_version":"1.0.0","row_hash":"12b4a9711fac6ad5e59ae486a76b78f186de57bdebd5861b17e2b6ec634f47ef","timestamp_utc":"2026-03-08T09:09:40.7250000Z","timestamp_desc":"VisitTime","timestamp_source_field":"last_visit_time","source":"browser","artifact":"Windows.Applications.Edge.History","collector_kind":"velociraptor","host":"WKS-CORP-01","host_id":"4f1c0a9e-0001-4a00-9c31-b0de51000001","user":"EU\\alice","message":"Edge visit: HR - leave balance","target":"https://intranet.corp.example/hr/leave","network":{"domain":"intranet.corp.example","url":"https://intranet.corp.example/hr/leave","direction":"outbound"},"detections":[],"severity_max":"none","detection_count":0,"provenance":{"raw_file":"raw/Windows.Applications.Edge.History/results.json","raw_row":42,"collection_id":"demo-wks-corp-01"}},
  {"schema_version":"1.0.0","row_hash":"a3bde575d53708b32626a4b22393ba22175d58eb1ad58dfaf28eab1729a32182","timestamp_utc":"2026-03-08T09:12:00.0000000Z","timestamp_desc":"LastExecuted","source":"execution","artifact":"Windows.Forensics.Prefetch","collector_kind":"velociraptor","host":"WKS-CORP-01","host_id":"4f1c0a9e-0001-4a00-9c31-b0de51000001","user":"EU\\bob","message":"powershell.exe executed an IT baseline profile script","target":"C:\\Windows\\System32\\WindowsPowerShell\\v1.0\\powershell.exe","process":{"name":"powershell.exe","image_path":"C:\\Windows\\System32\\WindowsPowerShell\\v1.0\\powershell.exe","command_line":"powershell.exe -File \"C:\\ProgramData\\Corp\\IT\\Microsoft.PowerShell_profile.ps1\"","parent_name":"cmd.exe","user":"EU\\bob"},"detections":[{"engine":"sigma","rule_id":"demo-sigma-0038","rule_name":"Non-standard PowerShell Profile Load","severity":"informational","rule_author":"IRTriage demo rule pack","rule_description":"A PowerShell profile outside the default path was loaded.","rule_source":"sigma:demo-pack","mitre_techniques":["T1059.001"],"false_positives":["Administrator login scripts","Managed workstation baseline profiles"],"match_detail":"ScriptBlockText contains Microsoft.PowerShell_profile.ps1"}],"severity_max":"informational","detection_count":1,"provenance":{"raw_file":"raw/Windows.Forensics.Prefetch/results.json","raw_row":0,"collection_id":"demo-wks-corp-01"}},
  {"schema_version":"1.0.0","row_hash":"5d1b44d9ec2df9132ddd765bf51dd7b6b51f6b0167651e999f60ad9f327cdcf9","timestamp_utc":"2026-03-08T09:21:10.3390000Z","timestamp_desc":"EventTime","source":"network","artifact":"Windows.Network.Netstat","collector_kind":"velociraptor","host":"WKS-CORP-01","host_id":"4f1c0a9e-0001-4a00-9c31-b0de51000001","user":"EU\\alice","message":"Outbound HTTPS session via corporate proxy","target":"10.0.5.9:8080","process":{"name":"MSEDGE.EXE","image_path":"C:\\Program Files (x86)\\Microsoft\\Edge\\Application\\msedge.exe","parent_name":"explorer.exe"},"network":{"src_ip":"10.0.5.41","src_port":54541,"dst_ip":"10.0.5.9","dst_port":8080,"protocol":"tcp","domain":"srv-corp-fs02.eu.corp.example","direction":"outbound","state":"ESTABLISHED"},"detections":[],"severity_max":"none","detection_count":0,"provenance":{"raw_file":"raw/Windows.Network.Netstat/results.json","raw_row":63,"collection_id":"demo-wks-corp-01"}},
  {"schema_version":"1.0.0","row_hash":"95658934b5eb18658c63822ff415ebeb0321c8dc896e407dc2b414e5e99cd99f","timestamp_utc":"2026-03-08T09:24:53.1320000Z","timestamp_desc":"Modified","timestamp_source_field":"Mtime","source":"filesystem","artifact":"Windows.NTFS.MFT","collector_kind":"velociraptor","host":"WKS-CORP-01","host_id":"4f1c0a9e-0001-4a00-9c31-b0de51000001","user":"EU\\alice","message":"File modified: expenses-feb.xlsx","target":"C:\\Users\\alice\\Documents\\expenses-feb.xlsx","file":{"path":"C:\\Users\\alice\\Documents\\expenses-feb.xlsx","name":"expenses-feb.xlsx","extension":"xlsx","size_bytes":43694,"mft_entry":103063,"is_directory":false,"is_allocated":true},"detections":[],"severity_max":"none","detection_count":0,"provenance":{"raw_file":"raw/Windows.NTFS.MFT/results.json","raw_row":41,"collection_id":"demo-wks-corp-01"}},
  {"schema_version":"1.0.0","row_hash":"4aabffef3855e774611bd7f407e299855047d0f9a580c22dc28f4f0077e62d1e","timestamp_utc":"2026-03-08T09:29:34.0350000Z","timestamp_desc":"LastWriteTime","timestamp_source_field":"LastModified","source":"registry","artifact":"Windows.Registry.AppCompatCache","collector_kind":"velociraptor","host":"WKS-CORP-01","host_id":"4f1c0a9e-0001-4a00-9c31-b0de51000001","user":"SYSTEM","message":"AppCompatCache entry: OUTLOOK.EXE","target":"C:\\Program Files\\Microsoft Office\\root\\Office16\\OUTLOOK.EXE","registry":{"key":"HKLM\\SYSTEM\\CurrentControlSet\\Control\\Session Manager\\AppCompatCache","value_name":"AppCompatCache","value_data":"C:\\Program Files\\Microsoft Office\\root\\Office16\\OUTLOOK.EXE","value_type":"REG_BINARY","hive":"SYSTEM"},"detections":[],"severity_max":"none","detection_count":0,"provenance":{"raw_file":"raw/Windows.Registry.AppCompatCache/results.json","raw_row":13,"collection_id":"demo-wks-corp-01"},"extra":{"cache_slot":202}},
  {"schema_version":"1.0.0","row_hash":"0140ce7bf9da55bcac4ab39178e68305ae0602fa27583371037a7861c574d5ae","timestamp_utc":"2026-03-08T09:37:30.2110000Z","timestamp_desc":"Modified","timestamp_source_field":"Mtime","source":"filesystem","artifact":"Windows.NTFS.MFT","collector_kind":"velociraptor","host":"WKS-CORP-01","host_id":"4f1c0a9e-0001-4a00-9c31-b0de51000001","user":"EU\\alice","message":"File modified: supplier-review.docx","target":"C:\\Users\\alice\\Documents\\supplier-review.docx","file":{"path":"C:\\Users\\alice\\Documents\\supplier-review.docx","name":"supplier-review.docx","extension":"docx","size_bytes":352010,"mft_entry":124795,"is_directory":false,"is_allocated":true},"detections":[],"severity_max":"none","detection_count":0,"provenance":{"raw_file":"raw/Windows.NTFS.MFT/results.json","raw_row":73,"collection_id":"demo-wks-corp-01"}},
  {"schema_version":"1.0.0","row_hash":"f9fe691ee932186353e21f226d44603a04b54a8f8399c6f241a4efc6c9a24fc1","timestamp_utc":"2026-03-08T09:41:44.5590000Z","timestamp_desc":"EventTime","source":"log","artifact":"Windows.EventLogs.Evtx","collector_kind":"native","host":"WKS-CORP-01","host_id":"4f1c0a9e-0001-4a00-9c31-b0de51000001","user":"SYSTEM","message":"Antimalware definitions updated to 1.421.309.0","target":"Microsoft-Windows-Windows Defender/Operational","process":{"name":"MsMpEng.exe","parent_name":"services.exe"},"event":{"channel":"Microsoft-Windows-Windows Defender/Operational","provider":"Microsoft-Windows-Windows-Defender","event_id":2000,"record_id":2109,"level":"Information","computer":"WKS-CORP-01.eu.corp.example"},"detections":[],"severity_max":"none","detection_count":0,"provenance":{"raw_file":"raw/Windows.EventLogs.Evtx/results.json","raw_row":28,"collection_id":"demo-wks-corp-01"}},
  {"schema_version":"1.0.0","row_hash":"52a1e7aa715c85b0bf31c8ef07bc58e2cf7fa266db5a8f5c2e791accb1707955","timestamp_utc":"2026-03-08T09:52:55.0060000Z","timestamp_desc":"InstallDate","source":"usb_device","artifact":"Windows.Registry.USBSTOR","collector_kind":"velociraptor","host":"WKS-CORP-01","host_id":"4f1c0a9e-0001-4a00-9c31-b0de51000001","user":"EU\\alice","message":"Sanctioned encrypted USB volume connected (asset FIN-USB-04)","target":"USBSTOR\\Disk&Ven_Corp&Prod_SecureKey&Rev_1.0","registry":{"key":"HKLM\\SYSTEM\\CurrentControlSet\\Enum\\USBSTOR\\Disk&Ven_Corp&Prod_SecureKey&Rev_1.0","value_name":"FriendlyName","value_data":"Corp SecureKey USB Device","value_type":"REG_SZ","hive":"SYSTEM"},"detections":[],"severity_max":"none","detection_count":0,"provenance":{"raw_file":"raw/Windows.Registry.USBSTOR/results.json","raw_row":64,"collection_id":"demo-wks-corp-01"},"extra":{"serial_number":"FINUSB043209","volume_label":"FIN-USB-04"}},
  {"schema_version":"1.0.0","row_hash":"043d103397746b7c19ff7ed21df49fc47ec981903a610c9e9a1198065fce99c8","timestamp_utc":"2026-03-08T09:57:57.0550000Z","timestamp_desc":"LastExecuted","timestamp_source_field":"LastRunTimes","source":"execution","artifact":"Windows.Forensics.Prefetch","collector_kind":"velociraptor","host":"WKS-CORP-01","host_id":"4f1c0a9e-0001-4a00-9c31-b0de51000001","user":"EU\\alice","message":"MSEDGE.EXE executed (prefetch run count 52)","target":"C:\\Program Files (x86)\\Microsoft\\Edge\\Application\\msedge.exe","process":{"name":"MSEDGE.EXE","image_path":"C:\\Program Files (x86)\\Microsoft\\Edge\\Application\\msedge.exe","parent_name":"explorer.exe"},"detections":[],"severity_max":"none","detection_count":0,"provenance":{"raw_file":"raw/Windows.Forensics.Prefetch/results.json","raw_row":30,"collection_id":"demo-wks-corp-01"},"extra":{"prefetch_file":"MSEDGE.EXE-158E6F3B.pf"}},
  {"schema_version":"1.0.0","row_hash":"4cc6166befab9e2121f0eb270f8512633f5e4594b316d73685ea1fbdf71f8ad0","timestamp_utc":"2026-03-08T10:00:31.2650000Z","timestamp_desc":"EventTime","timestamp_source_field":"System.TimeCreated.SystemTime","source":"eventlog","artifact":"Windows.EventLogs.Evtx","collector_kind":"native","host":"WKS-CORP-01","host_id":"4f1c0a9e-0001-4a00-9c31-b0de51000001","user":"EU\\alice","message":"An account was successfully logged on (interactive): EU\\alice","target":"EU\\alice","event":{"channel":"Security","provider":"Microsoft-Windows-Security-Auditing","event_id":4624,"record_id":178616,"level":"Information","computer":"WKS-CORP-01.eu.corp.example","logon_type":2,"logon_id":"0x3969a"},"detections":[],"severity_max":"none","detection_count":0,"provenance":{"raw_file":"raw/Windows.EventLogs.Evtx/results.json","raw_row":129,"collection_id":"demo-wks-corp-01"}},
