  {"schema_version":"1.0.0","row_hash":"9ee1656a05215f06b0bb80b3d11c98b0750d25ba8ebfd934c0c5739d89d21343","timestamp_utc":"2026-03-13T12:56:44.8440000Z","timestamp_desc":"LastWriteTime","source":"system_info","artifact":"Windows.Sysinternals.Autoruns","collector_kind":"velociraptor","host":"WKS-CORP-01","host_id":"4f1c0a9e-0001-4a00-9c31-b0de51000001","user":"SYSTEM","message":"Autorun entry enumerated: OneDrive (signed, Microsoft Corporation)","target":"C:\\Program Files\\Microsoft OneDrive\\OneDrive.exe","file":{"path":"C:\\Program Files\\Microsoft OneDrive\\OneDrive.exe","name":"OneDrive.exe","extension":"exe","size_bytes":2828074,"signature_status":"signed_valid","signer":"Microsoft Corporation"},"detections":[],"severity_max":"none","detection_count":0,"provenance":{"raw_file":"raw/Windows.Sysinternals.Autoruns/results.json","raw_row":20,"collection_id":"demo-wks-corp-01"}},
  {"schema_version":"1.0.0","row_hash":"df5eadc6df445e5c4367742eca234006c95d12befae2b86bd5bd1991e2a0b2f5","timestamp_utc":"2026-03-13T13:02:30.6670000Z","timestamp_desc":"LastExecuted","timestamp_source_field":"LastRunTimes","source":"execution","artifact":"Windows.Forensics.Prefetch","collector_kind":"velociraptor","host":"WKS-CORP-01","host_id":"4f1c0a9e-0001-4a00-9c31-b0de51000001","user":"EU\\alice","message":"MSEDGE.EXE executed (prefetch run count 65)","target":"C:\\Program Files (x86)\\Microsoft\\Edge\\Application\\msedge.exe","process":{"name":"MSEDGE.EXE","image_path":"C:\\Program Files (x86)\\Microsoft\\Edge\\Application\\msedge.exe","parent_name":"explorer.exe"},"detections":[],"severity_max":"none","detection_count":0,"provenance":{"raw_file":"raw/Windows.Forensics.Prefetch/results.json","raw_row":77,"collection_id":"demo-wks-corp-01"},"extra":{"prefetch_file":"MSEDGE.EXE-151ED9CD.pf"}},
  {"schema_version":"1.0.0","row_hash":"2986aec05a494730390dfe6b8c7a7842033e36ffacf798b9363275fa103c5719","timestamp_utc":"2026-03-13T13:03:42.1460000Z","timestamp_desc":"EventTime","source":"network","artifact":"Windows.Network.Netstat","collector_kind":"velociraptor","host":"WKS-CORP-01","host_id":"4f1c0a9e-0001-4a00-9c31-b0de51000001","user":"EU\\alice","message":"Outbound HTTPS session via corporate proxy","target":"10.0.5.9:8080","process":{"name":"MSEDGE.EXE","image_path":"C:\\Program Files (x86)\\Microsoft\\Edge\\Application\\msedge.exe","parent_name":"explorer.exe"},"network":{"src_ip":"10.0.5.41","src_port":57038,"dst_ip":"10.0.5.9","dst_port":8080,"protocol":"tcp","domain":"srv-corp-fs02.eu.corp.example","direction":"outbound","state":"ESTABLISHED"},"detections":[],"severity_max":"none","detection_count":0,"provenance":{"raw_file":"raw/Windows.Network.Netstat/results.json","raw_row":46,"collection_id":"demo-wks-corp-01"}},
  {"schema_version":"1.0.0","row_hash":"ccd09805d6d5524db3781721152bba8c685671507683191bfbc4ca55515e2757","timestamp_utc":"2026-03-13T13:06:43.6580000Z","timestamp_desc":"LastExecuted","timestamp_source_field":"LastRunTimes","source":"execution","artifact":"Windows.Forensics.Prefetch","collector_kind":"velociraptor","host":"WKS-CORP-01","host_id":"4f1c0a9e-0001-4a00-9c31-b0de51000001","user":"EU\\alice","message":"EXCEL.EXE executed (prefetch run count 15)","target":"C:\\Program Files\\Microsoft Office\\root\\Office16\\EXCEL.EXE","process":{"name":"EXCEL.EXE","image_path":"C:\\Program Files\\Microsoft Office\\root\\Office16\\EXCEL.EXE","parent_name":"explorer.exe"},"detections":[],"severity_max":"none","detection_count":0,"provenance":{"raw_file":"raw/Windows.Forensics.Prefetch/results.json","raw_row":37,"collection_id":"demo-wks-corp-01"},"extra":{"prefetch_file":"EXCEL.EXE-105DDDC0.pf"}},
  {"schema_version":"1.0.0","row_hash":"393a3c8495e14b33023995e65745c806e30a853f172f6cebb9f7f72429bb39e4","timestamp_utc":"2026-03-13T13:07:00.1970000Z","timestamp_desc":"LastWriteTime","source":"system_info","artifact":"Windows.Sysinternals.Autoruns","collector_kind":"velociraptor","host":"WKS-CORP-01","host_id":"4f1c0a9e-0001-4a00-9c31-b0de51000001","user":"SYSTEM","message":"Autorun entry enumerated: OneDrive (signed, Microsoft Corporation)","target":"C:\\Program Files\\Microsoft OneDrive\\OneDrive.exe","file":{"path":"C:\\Program Files\\Microsoft OneDrive\\OneDrive.exe","name":"OneDrive.exe","extension":"exe","size_bytes":2815666,"signature_status":"signed_valid","signer":"Microsoft Corporation"},"detections":[],"severity_max":"none","detection_count":0,"provenance":{"raw_file":"raw/Windows.Sysinternals.Autoruns/results.json","raw_row":52,"collection_id":"demo-wks-corp-01"}},
  {"schema_version":"1.0.0","row_hash":"29a066200b8bb79e880c64121a7fd2991d8398b632b4865775c813db7b68d7a3","timestamp_utc":"2026-03-13T13:21:03.9650000Z","timestamp_desc":"EventTime","source":"log","artifact":"Windows.EventLogs.Evtx","collector_kind":"native","host":"WKS-CORP-01","host_id":"4f1c0a9e-0001-4a00-9c31-b0de51000001","user":"SYSTEM","message":"Antimalware definitions updated to 1.421.376.0","target":"Microsoft-Windows-Windows Defender/Operational","process":{"name":"MsMpEng.exe","parent_name":"services.exe"},"event":{"channel":"Microsoft-Windows-Windows Defender/Operational","provider":"Microsoft-Windows-Windows-Defender","event_id":2000,"record_id":1181,"level":"Information","computer":"WKS-CORP-01.eu.corp.example"},"detections":[],"severity_max":"none","detection_count":0,"provenance":{"raw_file":"raw/Windows.EventLogs.Evtx/results.json","raw_row":1,"collection_id":"demo-wks-corp-01"}},
  {"schema_version":"1.0.0","row_hash":"929c41a2953a23571f60bc62166a9c0d8ec227c58a480c0eff11fe12e72d30fb","timestamp_utc":"2026-03-13T13:22:37.4830000Z","timestamp_desc":"VisitTime","timestamp_source_field":"last_visit_time","source":"browser","artifact":"Windows.Applications.Edge.History","collector_kind":"velociraptor","host":"WKS-CORP-01","host_id":"4f1c0a9e-0001-4a00-9c31-b0de51000001","user":"EU\\alice","message":"Edge visit: IT service desk","target":"https://intranet.corp.example/it/servicedesk","network":{"domain":"intranet.corp.example","url":"https://intranet.corp.example/it/servicedesk","direction":"outbound"},"detections":[],"severity_max":"none","detection_count":0,"provenance":{"raw_file":"raw/Windows.Applications.Edge.History/results.json","raw_row":65,"collection_id":"demo-wks-corp-01"}},
  {"schema_version":"1.0.0","row_hash":"98adacc6151a85a256ee9d7cf19313dc30a45efad3865dfd75ae30db02e78823","timestamp_utc":"2026-03-13T13:45:09.2610000Z","timestamp_desc":"Modified","timestamp_source_field":"Mtime","source":"filesystem","artifact":"Windows.NTFS.MFT","collector_kind":"velociraptor","host":"WKS-CORP-01","host_id":"4f1c0a9e-0001-4a00-9c31-b0de51000001","user":"EU\\alice","message":"File modified: cashflow-model.xlsx","target":"C:\\Users\\alice\\Documents\\cashflow-model.xlsx","file":{"path":"C:\\Users\\alice\\Documents\\cashflow-model.xlsx","name":"cashflow-model.xlsx","extension":"xlsx","size_bytes":142098,"mft_entry":121414,"is_directory":false,"is_allocated":true},"detections":[],"severity_max":"none","detection_count":0,"provenance":{"raw_file":"raw/Windows.NTFS.MFT/results.json","raw_row":72,"collection_id":"demo-wks-corp-01"}},
  {"schema_version":"1.0.0","row_hash":"b28f1714803dab816f72a6e92c2699436c77e0d9e748e06b2b0ae8162db577e1","timestamp_utc":"2026-03-13T13:50:17.9810000Z","timestamp_desc":"Modified","timestamp_source_field":"Mtime","source":"filesystem","artifact":"Windows.NTFS.MFT","collector_kind":"velociraptor","host":"WKS-CORP-01","host_id":"4f1c0a9e-0001-4a00-9c31-b0de51000001","user":"EU\\alice","message":"File modified: audit-notes.docx","target":"C:\\Users\\alice\\Documents\\audit-notes.docx","file":{"path":"C:\\Users\\alice\\Documents\\audit-notes.docx","name":"audit-notes.docx","extension":"docx","size_bytes":383462,"mft_entry":116030,"is_directory":false,"is_allocated":true},"detections":[],"severity_max":"none","detection_count":0,"provenance":{"raw_file":"raw/Windows.NTFS.MFT/results.json","raw_row":64,"collection_id":"demo-wks-corp-01"}},
  {"schema_version":"1.0.0","row_hash":"9460180a78f9ec45cee3fff76a876baeac98530291412a65dd8930c1782ae5aa","timestamp_utc":"2026-03-13T13:52:15.1220000Z","timestamp_desc":"LastExecuted","timestamp_source_field":"LastRunTimes","source":"execution","artifact":"Windows.Forensics.Prefetch","collector_kind":"velociraptor","host":"WKS-CORP-01","host_id":"4f1c0a9e-0001-4a00-9c31-b0de51000001","user":"EU\\alice","message":"SNIPPINGTOOL.EXE executed (prefetch run count 35)","target":"C:\\Windows\\System32\\SnippingTool.exe","process":{"name":"SNIPPINGTOOL.EXE","image_path":"C:\\Windows\\System32\\SnippingTool.exe","parent_name":"explorer.exe"},"detections":[],"severity_max":"none","detection_count":0,"provenance":{"raw_file":"raw/Windows.Forensics.Prefetch/results.json","raw_row":29,"collection_id":"demo-wks-corp-01"},"extra":{"prefetch_file":"SNIPPINGTOOL.EXE-1A7289B4.pf"}},
  {"schema_version":"1.0.0","row_hash":"4c55d3ca3a79307c86f63722690b9388b79b3353e9f90a6cd74f64a72b218973","timestamp_utc":"2026-03-13T13:55:03.1210000Z","timestamp_desc":"Modified","timestamp_source_field":"Mtime","source":"filesystem","artifact":"Windows.NTFS.MFT","collector_kind":"velociraptor","host":"WKS-CORP-01","host_id":"4f1c0a9e-0001-4a00-9c31-b0de51000001","user":"EU\\alice","message":"File modified: contract-renewal.docx","target":"C:\\Users\\alice\\Documents\\contract-renewal.docx","file":{"path":"C:\\Users\\alice\\Documents\\contract-renewal.docx","name":"contract-renewal.docx","extension":"docx","size_bytes":270856,"mft_entry":93965,"is_directory":false,"is_allocated":true},"detections":[],"severity_max":"none","detection_count":0,"provenance":{"raw_file":"raw/Windows.NTFS.MFT/results.json","raw_row":32,"collection_id":"demo-wks-corp-01"}},
  {"schema_version":"1.0.0","row_hash":"a0390cdac24a6c2660db14b7921d89224cbd4007dba16fba5a1f8a2e8adf171c","timestamp_utc":"2026-03-13T13:58:58.3490000Z","timestamp_desc":"LastWriteTime","source":"system_info","artifact":"Windows.Sysinternals.Autoruns","collector_kind":"velociraptor","host":"WKS-CORP-01","host_id":"4f1c0a9e-0001-4a00-9c31-b0de51000001","user":"SYSTEM","message":"Autorun entry enumerated: OneDrive (signed, Microsoft Corporation)","target":"C:\\Program Files\\Microsoft OneDrive\\OneDrive.exe","file":{"path":"C:\\Program Files\\Microsoft OneDrive\\OneDrive.exe","name":"OneDrive.exe","extension":"exe","size_bytes":2847453,"signature_status":"signed_valid","signer":"Microsoft Corporation"},"detections":[],"severity_max":"none","detection_count":0,"provenance":{"raw_file":"raw/Windows.Sysinternals.Autoruns/results.json","raw_row":68,"collection_id":"demo-wks-corp-01"}},
  {"schema_version":"1.0.0","row_hash":"e1efd54b8acc2c94dc19dcc2f5793e5228ff9ed217c1fb697f47f7ab92721cf2","timestamp_utc":"2026-03-13T14:07:48.6030000Z","timestamp_desc":"EventTime","timestamp_source_field":"System.TimeCreated.SystemTime","source":"eventlog","artifact":"Windows.EventLogs.Evtx","collector_kind":"native","host":"WKS-CORP-01","host_id":"4f1c0a9e-0001-4a00-9c31-b0de51000001","user":"EU\\alice","message":"An account was successfully logged on (interactive): EU\\alice","target":"EU\\alice","event":{"channel":"Security","provider":"Microsoft-Windows-Security-Auditing","event_id":4624,"record_id":194124,"level":"Information","computer":"WKS-CORP-01.eu.corp.example","logon_type":2,"logon_id":"0x300d4"},"detections":[],"severity_max":"none","detection_count":0,"provenance":{"raw_file":"raw/Windows.EventLogs.Evtx/results.json","raw_row":102,"collection_id":"demo-wks-corp-01"}},
  {"schema_version":"1.0.0","row_hash":"62bed36866e24d3980c7c55c425ddc81fc54311a16d78174c5f4ecf6aae1e0fd","timestamp_utc":"2026-03-13T14:18:05.5990000Z","timestamp_desc":"LastWriteTime","source":"system_info","artifact":"Windows.Sysinternals.Autoruns","collector_kind":"velociraptor","host":"WKS-CORP-01","host_id":"4f1c0a9e-0001-4a00-9c31-b0de51000001","user":"SYSTEM","message":"Autorun entry enumerated: OneDrive (signed, Microsoft Corporation)","target":"C:\\Program Files\\Microsoft OneDrive\\OneDrive.exe","file":{"path":"C:\\Program Files\\Microsoft OneDrive\\OneDrive.exe","name":"OneDrive.exe","extension":"exe","size_bytes":2880965,"signature_status":"signed_valid","signer":"Microsoft Corporation"},"detections":[],"severity_max":"none","detection_count":0,"provenance":{"raw_file":"raw/Windows.Sysinternals.Autoruns/results.json","raw_row":60,"collection_id":"demo-wks-corp-01"}},
  {"schema_version":"1.0.0","row_hash":"861de6d1886a6e0f111591f50329f9627be30442814aa35639dafebfa923dc74","timestamp_utc":"2026-03-13T14:18:55.3450000Z","timestamp_desc":"RunTime","source":"scheduled_task","artifact":"Windows.System.TaskScheduler","collector_kind":"velociraptor","host":"WKS-CORP-01","host_id":"4f1c0a9e-0001-4a00-9c31-b0de51000001","user":"SYSTEM","message":"Scheduled task ran: \\Microsoft\\Windows\\UpdateOrchestrator\\Schedule Scan","target":"\\Microsoft\\Windows\\UpdateOrchestrator\\Schedule Scan","detections":[],"severity_max":"none","detection_count":0,"provenance":{"raw_file":"raw/Windows.System.TaskScheduler/results.json","raw_row":13,"collection_id":"demo-wks-corp-01"},"extra":{"result_code":0,"run_duration_seconds":24,"task_author":"Microsoft Corporation"}},
  {"schema_version":"1.0.0","row_hash":"3f069894a2e1ffb1ada372618c3553a0bffbf108623d8ccd462bd91d8d2c5100","timestamp_utc":"2026-03-13T14:22:50.8350000Z","timestamp_desc":"LastWriteTime","source":"system_info","artifact":"Windows.Sysinternals.Autoruns","collector_kind":"velociraptor","host":"WKS-CORP-01","host_id":"4f1c0a9e-0001-4a00-9c31-b0de51000001","user":"SYSTEM","message":"Autorun entry enumerated: OneDrive (signed, Microsoft Corporation)","target":"C:\\Program Files\\Microsoft OneDrive\\OneDrive.exe","file":{"path":"C:\\Program Files\\Microsoft OneDrive\\OneDrive.exe","name":"OneDrive.exe","extension":"exe","size_bytes":2861406,"signature_status":"signed_valid","signer":"Microsoft Corporation"},"detections":[],"severity_max":"none","detection_count":0,"provenance":{"raw_file":"raw/Windows.Sysinternals.Autoruns/results.json","raw_row":44,"collection_id":"demo-wks-corp-01"}},
  {"schema_version":"1.0.0","row_hash":"8adcd9a7eedd44084780be59c891b989769457fbfded8876af6932973f5dfea9","timestamp_utc":"2026-03-13T14:30:01.2110000Z","timestamp_desc":"InstallDate","source":"usb_device","artifact":"Windows.Registry.USBSTOR","collector_kind":"velociraptor","host":"WKS-CORP-01","host_id":"4f1c0a9e-0001-4a00-9c31-b0de51000001","user":"EU\\alice","message":"Sanctioned encrypted USB volume connected (asset FIN-USB-04)","target":"USBSTOR\\Disk&Ven_Corp&Prod_SecureKey&Rev_1.0","registry":{"key":"HKLM\\SYSTEM\\CurrentControlSet\\Enum\\USBSTOR\\Disk&Ven_Corp&Prod_SecureKey&Rev_1.0","value_name":"FriendlyName","value_data":"Corp SecureKey USB Device","value_type":"REG_SZ","hive":"SYSTEM"},"detections":[],"severity_max":"none","detection_count":0,"provenance":{"raw_file":"raw/Windows.Registry.USBSTOR/results.json","raw_row":47,"collection_id":"demo-wks-corp-01"},"extra":{"serial_number":"FINUSB046392","volume_label":"FIN-USB-04"}},
  {"schema_version":"1.0.0","row_hash":"f1562e82d2f430f1d1d23e00c7f8404b75024647d030caafe6993cfc64dad18f","timestamp_utc":"2026-03-13T14:32:09.3170000Z","timestamp_desc":"RunTime","source":"scheduled_task","artifact":"Windows.System.TaskScheduler","collector_kind":"velociraptor","host":"WKS-CORP-01","host_id":"4f1c0a9e-0001-4a00-9c31-b0de51000001","user":"SYSTEM","message":"Scheduled task ran: \\Microsoft\\Windows\\UpdateOrchestrator\\Schedule Scan","target":"\\Microsoft\\Windows\\UpdateOrchestrator\\Schedule Scan","detections":[],"severity_max":"none","detection_count":0,"provenance":{"raw_file":"raw/Windows.System.TaskScheduler/results.json","raw_row":21,"collection_id":"demo-wks-corp-01"},"extra":{"result_code":0,"run_duration_seconds":28,"task_author":"Microsoft Corporation"}},
  {"schema_version":"1.0.0","row_hash":"67ccaf3780311fab76bd4c2132c3bf5835557e014cc335debe0825ff506e34ad","timestamp_utc":"2026-03-13T14:32:40.3190000Z","timestamp_desc":"EventTime","timestamp_source_field":"System.TimeCreated.SystemTime","source":"eventlog","artifact":"Windows.EventLogs.Evtx","collector_kind":"native","host":"WKS-CORP-01","host_id":"4f1c0a9e-0001-4a00-9c31-b0de51000001","user":"EU\\alice","message":"An account was successfully logged on (interactive): EU\\alice","target":"EU\\alice","event":{"channel":"Security","provider":"Microsoft-Windows-Security-Auditing","event_id":4624,"record_id":470351,"level":"Information","computer":"WKS-CORP-01.eu.corp.example","logon_type":2,"logon_id":"0x3d87a"},"detections":[],"severity_max":"none","detection_count":0,"provenance":{"raw_file":"raw/Windows.EventLogs.Evtx/results.json","raw_row":78,"collection_id":"demo-wks-corp-01"}},
  {"schema_version":"1.0.0","row_hash":"5f42712b9f6149f6a028997ac0a85f81aa8e7dabbfd8aceb09f945eb9e01b5a5","timestamp_utc":"2026-03-13T14:33:53.6010000Z","timestamp_desc":"VisitTime","timestamp_source_field":"last_visit_time","source":"browser","artifact":"Windows.Applications.Edge.History","collector_kind":"velociraptor","host":"WKS-CORP-01","host_id":"4f1c0a9e-0001-4a00-9c31-b0de51000001","user":"EU\\alice","message":"Edge visit: Finance - monthly close","target":"https://intranet.corp.example/finance/monthly-close","network":{"domain":"intranet.corp.example","url":"https://intranet.corp.example/finance/monthly-close","direction":"outbound"},"detections":[],"severity_max":"none","detection_count":0,"provenance":{"raw_file":"raw/Windows.Applications.Edge.History/results.json","raw_row":49,"collection_id":"demo-wks-corp-01"}},
  {"schema_version":"1.0.0","row_hash":"516c0249691362b8e7c7393e4a9d70b2654f37249fc60b7ab3318837f72cf80f","timestamp_utc":"2026-03-13T14:38:31.0330000Z","timestamp_desc":"InstallDate","source":"usb_device","artifact":"Windows.Registry.USBSTOR","collector_kind":"velociraptor","host":"WKS-CORP-01","host_id":"4f1c0a9e-0001-4a00-9c31-b0de51000001","user":"EU\\alice","message":"Sanctioned encrypted USB volume connected (asset FIN-USB-04)","target":"USBSTOR\\Disk&Ven_Corp&Prod_SecureKey&Rev_1.0","registry":{"key":"HKLM\\SYSTEM\\CurrentControlSet\\Enum\\USBSTOR\\Disk&Ven_Corp&Prod_SecureKey&Rev_1.0","value_name":"FriendlyName","value_data":"Corp SecureKey USB Device","value_type":"REG_SZ","hive":"SYSTEM"},"detections":[],"severity_max":"none","detection_count":0,"provenance":{"raw_file":"raw/Windows.Registry.USBSTOR/results.json","raw_row":31,"collection_id":"demo-wks-corp-01"},"extra":{"serial_number":"FINUSB045628","volume_label":"FIN-USB-04"}},
  {"schema_version":"1.0.0","row_hash":"ae29855bcf3400973ccafe6e128ea4c52bd3973ad4f9b528e36df8a309e404f3","timestamp_utc":"2026-03-13T14:42:22.9470000Z","timestamp_desc":"VisitTime","timestamp_source_field":"last_visit_time","source":"browser","artifact":"Windows.Applications.Edge.History","collector_kind":"velociraptor","host":"WKS-CORP-01","host_id":"4f1c0a9e-0001-4a00-9c31-b0de51000001","user":"EU\\alice","message":"Edge visit: Finance document library","target":"https://sharepoint.corp.example/sites/finance/Shared%20Documents","network":{"domain":"sharepoint.corp.example","url":"https://sharepoint.corp.example/sites/finance/Shared%20Documents","direction":"outbound"},"detections":[],"severity_max":"none","detection_count":0,"provenance":{"raw_file":"raw/Windows.Applications.Edge.History/results.json","raw_row":81,"collection_id":"demo-wks-corp-01"}},
  {"schema_version":"1.0.0","row_hash":"64eebdf724c499354851511ea6783592dc321c0cdccd56998130483e1f42a496","timestamp_utc":"2026-03-13T14:42:42.8610000Z","timestamp_desc":"LastExecuted","timestamp_source_field":"LastRunTimes","source":"execution","artifact":"Windows.Forensics.Prefetch","collector_kind":"velociraptor","host":"WKS-CORP-01","host_id":"4f1c0a9e-0001-4a00-9c31-b0de51000001","user":"EU\\alice","message":"NOTEPAD.EXE executed (prefetch run count 77)","target":"C:\\Windows\\System32\\notepad.exe","process":{"name":"NOTEPAD.EXE","image_path":"C:\\Windows\\System32\\notepad.exe","parent_name":"explorer.exe"},"detections":[],"severity_max":"none","detection_count":0,"provenance":{"raw_file":"raw/Windows.Forensics.Prefetch/results.json","raw_row":53,"collection_id":"demo-wks-corp-01"},"extra":{"prefetch_file":"NOTEPAD.EXE-1BD6EBC7.pf"}},
  {"schema_version":"1.0.0","row_hash":"d4a9b5185dad502803efe30fc8e539d66c7573f13e63c9e37e0bcaec9e8a1e6d","timestamp_utc":"2026-03-13T14:48:49.3270000Z","timestamp_desc":"Modified","timestamp_source_field":"Mtime","source":"filesystem","artifact":"Windows.NTFS.MFT","collector_kind":"velociraptor","host":"WKS-CORP-01","host_id":"4f1c0a9e-0001-4a00-9c31-b0de51000001","user":"EU\\alice","message":"File modified: Q1-forecast.xlsx","target":"C:\\Users\\alice\\Documents\\Q1-forecast.xlsx","file":{"path":"C:\\Users\\alice\\Documents\\Q1-forecast.xlsx","name":"Q1-forecast.xlsx","extension":"xlsx","size_bytes":189647,"mft_entry":95793,"is_directory":false,"is_allocated":true},"detections":[],"severity_max":"none","detection_count":0,"provenance":{"raw_file":"raw/Windows.NTFS.MFT/results.json","raw_row":24,"collection_id":"demo-wks-corp-01"}},
  {"schema_version":"1.0.0","row_hash":"c3f762019a39adc4636337f455615103e9d6318218c897d81e00e35ab945e6d9","timestamp_utc":"2026-03-13T14:52:20.9860000Z","timestamp_desc":"EventTime","source":"service","artifact":"Windows.EventLogs.Evtx","collector_kind":"native","host":"WKS-CORP-01","host_id":"4f1c0a9e-0001-4a00-9c31-b0de51000001","user":"SYSTEM","message":"Service entered the running state: Windows Update (wuauserv)","target":"wuauserv","process":{"name":"services.exe","image_path":"C:\\Windows\\System32\\services.exe"},"event":{"channel":"System","provider":"Service Control Manager","event_id":7036,"record_id":7439,"level":"Information","computer":"WKS-CORP-01.eu.corp.example"},"detections":[],"severity_max":"none","detection_count":0,"provenance":{"raw_file":"raw/Windows.EventLogs.Evtx/results.json","raw_row":152,"collection_id":"demo-wks-corp-01"}},
  {"schema_version":"1.0.0","row_hash":"0d51c7f57f0ab98a63d0e5810eba164149f0b6e0355187b9324545a1334693e2","timestamp_utc":"2026-03-13T15:06:38.7210000Z","timestamp_desc":"InstallDate","source":"usb_device","artifact":"Windows.Registry.USBSTOR","collector_kind":"velociraptor","host":"WKS-CORP-01","host_id":"4f1c0a9e-0001-4a00-9c31-b0de51000001","user":"EU\\alice","message":"Sanctioned encrypted USB volume connected (asset FIN-USB-04)","target":"USBSTOR\\Disk&Ven_Corp&Prod_SecureKey&Rev_1.0","registry":{"key":"HKLM\\SYSTEM\\CurrentControlSet\\Enum\\USBSTOR\\Disk&Ven_Corp&Prod_SecureKey&Rev_1.0","value_name":"FriendlyName","value_data":"Corp SecureKey USB Device","value_type":"REG_SZ","hive":"SYSTEM"},"detections":[],"severity_max":"none","detection_count":0,"provenance":{"raw_file":"raw/Windows.Registry.USBSTOR/results.json","raw_row":15,"collection_id":"demo-wks-corp-01"},"extra":{"serial_number":"FINUSB043869","volume_label":"FIN-USB-04"}},
  {"schema_version":"1.0.0","row_hash":"e9e7105596a27f502769cf5e111ce0e20930d30a85c4b9da838bb6ca136160e3","timestamp_utc":"2026-03-13T15:17:58.0760000Z","timestamp_desc":"EventTime","timestamp_source_field":"System.TimeCreated.SystemTime","source":"eventlog","artifact":"Windows.EventLogs.Evtx","collector_kind":"native","host":"WKS-CORP-01","host_id":"4f1c0a9e-0001-4a00-9c31-b0de51000001","user":"EU\\alice","message":"An account was successfully logged on (interactive): EU\\alice","target":"EU\\alice","event":{"channel":"Security","provider":"Microsoft-Windows-Security-Auditing","event_id":4624,"record_id":541618,"level":"Information","computer":"WKS-CORP-01.eu.corp.example","logon_type":2,"logon_id":"0x3a340"},"detections":[],"severity_max":"none","detection_count":0,"provenance":{"raw_file":"raw/Windows.EventLogs.Evtx/results.json","raw_row":54,"collection_id":"demo-wks-corp-01"}},
  {"schema_version":"1.0.0","row_hash":"81547874d6f04082da611a971811416f1ea3487c511f0df87ab91171d752fbdb","timestamp_utc":"2026-03-13T15:18:25.0610000Z","timestamp_desc":"InstallDate","source":"usb_device","artifact":"Windows.Registry.USBSTOR","collector_kind":"velociraptor","host":"WKS-CORP-01","host_id":"4f1c0a9e-0001-4a00-9c31-b0de51000001","user":"EU\\alice","message":"Sanctioned encrypted USB volume connected (asset FIN-USB-04)","target":"USBSTOR\\Disk&Ven_Corp&Prod_SecureKey&Rev_1.0","registry":{"key":"HKLM\\SYSTEM\\CurrentControlSet\\Enum\\USBSTOR\\Disk&Ven_Corp&Prod_SecureKey&Rev_1.0","value_name":"FriendlyName","value_data":"Corp SecureKey USB Device","value_type":"REG_SZ","hive":"SYSTEM"},"detections":[],"severity_max":"none","detection_count":0,"provenance":{"raw_file":"raw/Windows.Registry.USBSTOR/results.json","raw_row":63,"collection_id":"demo-wks-corp-01"},"extra":{"serial_number":"FINUSB043554","volume_label":"FIN-USB-04"}},
  {"schema_version":"1.0.0","row_hash":"490eecabebb388a8ef970006607e1d0a7c69302d45aa003bb645b8e4e040ea06","timestamp_utc":"2026-03-13T15:26:22.2020000Z","timestamp_desc":"EventTime","source":"log","artifact":"Windows.EventLogs.Evtx","collector_kind":"native","host":"WKS-CORP-01","host_id":"4f1c0a9e-0001-4a00-9c31-b0de51000001","user":"SYSTEM","message":"Antimalware definitions updated to 1.421.385.0","target":"Microsoft-Windows-Windows Defender/Operational","process":{"name":"MsMpEng.exe","parent_name":"services.exe"},"event":{"channel":"Microsoft-Windows-Windows Defender/Operational","provider":"Microsoft-Windows-Windows-Defender","event_id":2000,"record_id":1683,"level":"Information","computer":"WKS-CORP-01.eu.corp.example"},"detections":[],"severity_max":"none","detection_count":0,"provenance":{"raw_file":"raw/Windows.EventLogs.Evtx/results.json","raw_row":73,"collection_id":"demo-wks-corp-01"}},
  {"schema_version":"1.0.0","row_hash":"6380b3c670cb7b6d42e4dc438056143aa6dd91e491eccae151cd5a1a3c2bd80e","timestamp_utc":"2026-03-13T15:31:33.3820000Z","timestamp_desc":"LastWriteTime","timestamp_source_field":"LastModified","source":"registry","artifact":"Windows.Registry.AppCompatCache","collector_kind":"velociraptor","host":"WKS-CORP-01","host_id":"4f1c0a9e-0001-4a00-9c31-b0de51000001","user":"SYSTEM","message":"AppCompatCache entry: SNIPPINGTOOL.EXE","target":"C:\\Windows\\System32\\SnippingTool.exe","registry":{"key":"HKLM\\SYSTEM\\CurrentControlSet\\Control\\Session Manager\\AppCompatCache","value_name":"AppCompatCache","value_data":"C:\\Windows\\System32\\SnippingTool.exe","value_type":"REG_BINARY","hive":"SYSTEM"},"detections":[],"severity_max":"none","detection_count":0,"provenance":{"raw_file":"raw/Windows.Registry.AppCompatCache/results.json","raw_row":68,"collection_id":"demo-wks-corp-01"},"extra":{"cache_slot":961}},
  {"schema_version":"1.0.0","row_hash":"b8d321c3557381b21546f0cb0a0835f4dc546dce8f1a97c1e7c617812beefefc","timestamp_utc":"2026-03-13T15:32:49.1540000Z","timestamp_desc":"EventTime","source":"service","artifact":"Windows.EventLogs.Evtx","collector_kind":"native","host":"WKS-CORP-01","host_id":"4f1c0a9e-0001-4a00-9c31-b0de51000001","user":"SYSTEM","message":"Service entered the running state: Windows Update (wuauserv)","target":"wuauserv","process":{"name":"services.exe","image_path":"C:\\Windows\\System32\\services.exe"},"event":{"channel":"System","provider":"Service Control Manager","event_id":7036,"record_id":7693,"level":"Information","computer":"WKS-CORP-01.eu.corp.example"},"detections":[],"severity_max":"none","detection_count":0,"provenance":{"raw_file":"raw/Windows.EventLogs.Evtx/results.json","raw_row":32,"collection_id":"demo-wks-corp-01"}},
  {"schema_version":"1.0.0","row_hash":"f2d4f4532db889f68aeab8673729fa62b0a94640d17f0150bd9b3cecbc770140","timestamp_utc":"2026-03-13T15:42:43.6630000Z","timestamp_desc":"LastExecuted","timestamp_source_field":"LastRunTimes","source":"execution","artifact":"Windows.Forensics.Prefetch","collector_kind":"velociraptor","host":"WKS-CORP-01","host_id":"4f1c0a9e-0001-4a00-9c31-b0de51000001","user":"EU\\alice","message":"TEAMS.EXE executed (prefetch run count 12)","target":"C:\\Program Files\\WindowsApps\\MSTeams_24245\\ms-teams.exe","process":{"name":"TEAMS.EXE","image_path":"C:\\Program Files\\WindowsApps\\MSTeams_24245\\ms-teams.exe","parent_name":"explorer.exe"},"detections":[],"severity_max":"none","detection_count":0,"provenance":{"raw_file":"raw/Windows.Forensics.Prefetch/results.json","raw_row":69,"collection_id":"demo-wks-corp-01"},"extra":{"prefetch_file":"TEAMS.EXE-130DF3C5.pf"}},
  {"schema_version":"1.0.0","row_hash":"a5e83983386472a53db55b5b10a79dd9edb2c7883910d6eadcd254f1126b8416","timestamp_utc":"2026-03-13T15:43:16.8780000Z","timestamp_desc":"Modified","timestamp_source_field":"Mtime","source":"filesystem","artifact":"Windows.NTFS.MFT","collector_kind":"velociraptor","host":"WKS-CORP-01","host_id":"4f1c0a9e-0001-4a00-9c31-b0de51000001","user":"EU\\alice","message":"File modified: board-pack-march.pptx","target":"C:\\Users\\alice\\Documents\\board-pack-march.pptx","file":{"path":"C:\\Users\\alice\\Documents\\board-pack-march.pptx","name":"board-pack-march.pptx","extension":"pptx","size_bytes":121746,"mft_entry":129717,"is_directory":false,"is_allocated":true},"detections":[],"severity_max":"none","detection_count":0,"provenance":{"raw_file":"raw/Windows.NTFS.MFT/results.json","raw_row":8,"collection_id":"demo-wks-corp-01"}},
  {"schema_version":"1.0.0","row_hash":"895ebc5ca96731172494777ba09aa3dd8927fbecc3c56e3c16ebf1f99cfd851c","timestamp_utc":"2026-03-13T15:50:24.1540000Z","timestamp_desc":"LastWriteTime","source":"system_info","artifact":"Windows.Sysinternals.Autoruns","collector_kind":"velociraptor","host":"WKS-CORP-01","host_id":"4f1c0a9e-0001-4a00-9c31-b0de51000001","user":"SYSTEM","message":"Autorun entry enumerated: OneDrive (signed, Microsoft Corporation)","target":"C:\\Program Files\\Microsoft OneDrive\\OneDrive.exe","file":{"path":"C:\\Program Files\\Microsoft OneDrive\\OneDrive.exe","name":"OneDrive.exe","extension":"exe","size_bytes":2831005,"signature_status":"signed_valid","signer":"Microsoft Corporation"},"detections":[],"severity_max":"none","detection_count":0,"provenance":{"raw_file":"raw/Windows.Sysinternals.Autoruns/results.json","raw_row":4,"collection_id":"demo-wks-corp-01"}},
  {"schema_version":"1.0.0","row_hash":"f6174054ede90892b76763606c2bdddc181b357d41b07fe40d44f72fe819cce0","timestamp_utc":"2026-03-13T16:01:45.5290000Z","timestamp_desc":"LastWriteTime","timestamp_source_field":"LastModified","source":"registry","artifact":"Windows.Registry.AppCompatCache","collector_kind":"velociraptor","host":"WKS-CORP-01","host_id":"4f1c0a9e-0001-4a00-9c31-b0de51000001","user":"SYSTEM","message":"AppCompatCache entry: SNIPPINGTOOL.EXE","target":"C:\\Windows\\System32\\SnippingTool.exe","registry":{"key":"HKLM\\SYSTEM\\CurrentControlSet\\Control\\Session Manager\\AppCompatCache","value_name":"AppCompatCache","value_data":"C:\\Windows\\System32\\SnippingTool.exe","value_type":"REG_BINARY","hive":"SYSTEM"},"detections":[],"severity_max":"none","detection_count":0,"provenance":{"raw_file":"raw/Windows.Registry.AppCompatCache/results.json","raw_row":20,"collection_id":"demo-wks-corp-01"},"extra":{"cache_slot":101}},
  {"schema_version":"1.0.0","row_hash":"9f3b4d1155bdc0284422092658e7e4704ec8cf03b94d4fd25e32fb772ee51928","timestamp_utc":"2026-03-13T16:16:38.9180000Z","timestamp_desc":"RunTime","source":"scheduled_task","artifact":"Windows.System.TaskScheduler","collector_kind":"velociraptor","host":"WKS-CORP-01","host_id":"4f1c0a9e-0001-4a00-9c31-b0de51000001","user":"SYSTEM","message":"Scheduled task ran: \\Microsoft\\Windows\\UpdateOrchestrator\\Schedule Scan","target":"\\Microsoft\\Windows\\UpdateOrchestrator\\Schedule Scan","detections":[],"severity_max":"none","detection_count":0,"provenance":{"raw_file":"raw/Windows.System.TaskScheduler/results.json","raw_row":37,"collection_id":"demo-wks-corp-01"},"extra":{"result_code":0,"run_duration_seconds":18,"task_author":"Microsoft Corporation"}},
  {"schema_version":"1.0.0","row_hash":"bdebc339c0aec23fb7c4337579fc4b9d1d2cf59d18c8a4da579a1ca80367abb5","timestamp_utc":"2026-03-13T16:24:17.1460000Z","timestamp_desc":"RunTime","source":"scheduled_task","artifact":"Windows.System.TaskScheduler","collector_kind":"velociraptor","host":"WKS-CORP-01","host_id":"4f1c0a9e-0001-4a00-9c31-b0de51000001","user":"SYSTEM","message":"Scheduled task ran: \\Microsoft\\Windows\\UpdateOrchestrator\\Schedule Scan","target":"\\Microsoft\\Windows\\UpdateOrchestrator\\Schedule Scan","detections":[],"severity_max":"none","detection_count":0,"provenance":{"raw_file":"raw/Windows.System.TaskScheduler/results.json","raw_row":53,"collection_id":"demo-wks-corp-01"},"extra":{"result_code":0,"run_duration_seconds":42,"task_author":"Microsoft Corporation"}},
  {"schema_version":"1.0.0","row_hash":"a6bc298c10759970382def21cf4e0217fceb1d3ac5a1a31f07fee02221b1511c","timestamp_utc":"2026-03-13T16:52:06.2260000Z","timestamp_desc":"EventTime","source":"service","artifact":"Windows.EventLogs.Evtx","collector_kind":"native","host":"WKS-CORP-01","host_id":"4f1c0a9e-0001-4a00-9c31-b0de51000001","user":"SYSTEM","message":"Service entered the running state: Windows Update (wuauserv)","target":"wuauserv","process":{"name":"services.exe","image_path":"C:\\Windows\\System32\\services.exe"},"event":{"channel":"System","provider":"Service Control Manager","event_id":7036,"record_id":5039,"level":"Information","computer":"WKS-CORP-01.eu.corp.example"},"detections":[],"severity_max":"none","detection_count":0,"provenance":{"raw_file":"raw/Windows.EventLogs.Evtx/results.json","raw_row":8,"collection_id":"demo-wks-corp-01"}},
  {"schema_version":"1.0.0","row_hash":"6077e797d4a2f2b227397f3ed7787805b4298d602d1afce7d4a9db34d2c5a351","timestamp_utc":"2026-03-13T16:57:17.1090000Z","timestamp_desc":"EventTime","source":"log","artifact":"Windows.EventLogs.Evtx","collector_kind":"native","host":"WKS-CORP-01","host_id":"4f1c0a9e-0001-4a00-9c31-b0de51000001","user":"SYSTEM","message":"Antimalware definitions updated to 1.421.357.0","target":"Microsoft-Windows-Windows Defender/Operational","process":{"name":"MsMpEng.exe","parent_name":"services.exe"},"event":{"channel":"Microsoft-Windows-Windows Defender/Operational","provider":"Microsoft-Windows-Windows-Defender","event_id":2000,"record_id":4700,"level":"Information","computer":"WKS-CORP-01.eu.corp.example"},"detections":[],"severity_max":"none","detection_count":0,"provenance":{"raw_file":"raw/Windows.EventLogs.Evtx/results.json","raw_row":121,"collection_id":"demo-wks-corp-01"}},
  {"schema_version":"1.0.0","row_hash":"76018f233951c0ccba6f6335afbe1d001e54d6d4009688a60335ab5812843348","timestamp_utc":"2026-03-13T16:59:11.5340000Z","timestamp_desc":"InstallDate","source":"usb_device","artifact":"Windows.Registry.USBSTOR","collector_kind":"velociraptor","host":"WKS-CORP-01","host_id":"4f1c0a9e-0001-4a00-9c31-b0de51000001","user":"EU\\alice","message":"Sanctioned encrypted USB volume connected (asset FIN-USB-04)","target":"USBSTOR\\Disk&Ven_Corp&Prod_SecureKey&Rev_1.0","registry":{"key":"HKLM\\SYSTEM\\CurrentControlSet\\Enum\\USBSTOR\\Disk&Ven_Corp&Prod_SecureKey&Rev_1.0","value_name":"FriendlyName","value_data":"Corp SecureKey USB Device","value_type":"REG_SZ","hive":"SYSTEM"},"detections":[],"severity_max":"none","detection_count":0,"provenance":{"raw_file":"raw/Windows.Registry.USBSTOR/results.json","raw_row":39,"collection_id":"demo-wks-corp-01"},"extra":{"serial_number":"FINUSB043309","volume_label":"FIN-USB-04"}},
  {"schema_version":"1.0.0","row_hash":"3a5b78fbf6cfce5d3f9ba397e8e462c74a580ed8461f7b881c8ec09bcae116ed","timestamp_utc":"2026-03-13T17:23:41.0280000Z","timestamp_desc":"LastExecuted","timestamp_source_field":"LastRunTimes","source":"execution","artifact":"Windows.Forensics.Prefetch","collector_kind":"velociraptor","host":"WKS-CORP-01","host_id":"4f1c0a9e-0001-4a00-9c31-b0de51000001","user":"EU\\alice","message":"EXCEL.EXE executed (prefetch run count 3)","target":"C:\\Program Files\\Microsoft Office\\root\\Office16\\EXCEL.EXE","process":{"name":"EXCEL.EXE","image_path":"C:\\Program Files\\Microsoft Office\\root\\Office16\\EXCEL.EXE","parent_name":"explorer.exe"},"detections":[],"severity_max":"none","detection_count":0,"provenance":{"raw_file":"raw/Windows.Forensics.Prefetch/results.json","raw_row":61,"collection_id":"demo-wks-corp-01"},"extra":{"prefetch_file":"EXCEL.EXE-148ECD67.pf"}},
  {"schema_version":"1.0.0","row_hash":"8afc47af6b4f447d77861842ad4558ece6eab870dda3a56336eb7072cdfdb486","timestamp_utc":"2026-03-13T17:24:02.5260000Z","timestamp_desc":"EventTime","source":"log","artifact":"Windows.EventLogs.Evtx","collector_kind":"native","host":"WKS-CORP-01","host_id":"4f1c0a9e-0001-4a00-9c31-b0de51000001","user":"SYSTEM","message":"Antimalware definitions updated to 1.421.342.0","target":"Microsoft-Windows-Windows Defender/Operational","process":{"name":"MsMpEng.exe","parent_name":"services.exe"},"event":{"channel":"Microsoft-Windows-Windows Defender/Operational","provider":"Microsoft-Windows-Windows-Defender","event_id":2000,"record_id":7902,"level":"Information","computer":"WKS-CORP-01.eu.corp.example"},"detections":[],"severity_max":"none","detection_count":0,"provenance":{"raw_file":"raw/Windows.EventLogs.Evtx/results.json","raw_row":169,"collection_id":"demo-wks-corp-01"}},
  {"schema_version":"1.0.0","row_hash":"4d1cb0d2ff4ba086cb37661a7d2e8802f6ac3a7b05f3bf8b8ba491de6c4ac221","timestamp_utc":"2026-03-13T18:17:56.3520000Z","timestamp_desc":"EventTime","timestamp_source_field":"System.TimeCreated.SystemTime","source":"eventlog","artifact":"Windows.EventLogs.Evtx","collector_kind":"native","host":"WKS-CORP-01","host_id":"4f1c0a9e-0001-4a00-9c31-b0de51000001","user":"EU\\alice","message":"An account was successfully logged on (interactive): EU\\alice","target":"EU\\alice","event":{"channel":"Security","provider":"Microsoft-Windows-Security-Auditing","event_id":4624,"record_id":737229,"level":"Information","computer":"WKS-CORP-01.eu.corp.example","logon_type":2,"logon_id":"0x382dd"},"detections":[],"severity_max":"none","detection_count":0,"provenance":{"raw_file":"raw/Windows.EventLogs.Evtx/results.json","raw_row":222,"collection_id":"demo-wks-corp-01"}},
  {"schema_version":"1.0.0","row_hash":"a721b5553f93e48733dd020909a5f9dd0cb055bff287bcfb061d8bfd090069e7","timestamp_utc":"2026-03-13T18:18:54.3860000Z","timestamp_desc":"VisitTime","timestamp_source_field":"last_visit_time","source":"browser","artifact":"Windows.Applications.Edge.History","collector_kind":"velociraptor","host":"WKS-CORP-01","host_id":"4f1c0a9e-0001-4a00-9c31-b0de51000001","user":"EU\\alice","message":"Edge visit: Finance - monthly close","target":"https://intranet.corp.example/finance/monthly-close","network":{"domain":"intranet.corp.example","url":"https://intranet.corp.example/finance/monthly-close","direction":"outbound"},"detections":[],"severity_max":"none","detection_count":0,"provenance":{"raw_file":"raw/Windows.Applications.Edge.History/results.json","raw_row":9,"collection_id":"demo-wks-corp-01"}},
  {"schema_version":"1.0.0","row_hash":"4848865cbc4c09f02d8d8abf9adb7df3ef3791379190f0005cfbef970886401c","timestamp_utc":"2026-03-13T18:27:04.7740000Z","timestamp_desc":"LastExecuted","timestamp_source_field":"LastRunTimes","source":"execution","artifact":"Windows.Forensics.Prefetch","collector_kind":"velociraptor","host":"WKS-CORP-01","host_id":"4f1c0a9e-0001-4a00-9c31-b0de51000001","user":"EU\\alice","message":"CALC.EXE executed (prefetch run count 52)","target":"C:\\Windows\\System32\\calc.exe","process":{"name":"CALC.EXE","image_path":"C:\\Windows\\System32\\calc.exe","parent_name":"explorer.exe"},"detections":[],"severity_max":"none","detection_count":0,"provenance":{"raw_file":"raw/Windows.Forensics.Prefetch/results.json","raw_row":21,"collection_id":"demo-wks-corp-01"},"extra":{"prefetch_file":"CALC.EXE-130EC193.pf"}},
  {"schema_version":"1.0.0","row_hash":"903d7c7462374bb0af2d6f7e1417fec083e24794cbddc4c5f42d5e80f29a32fe","timestamp_utc":"2026-03-13T18:37:23.6620000Z","timestamp_desc":"EventTime","timestamp_source_field":"System.TimeCreated.SystemTime","source":"eventlog","artifact":"Windows.EventLogs.Evtx","collector_kind":"native","host":"WKS-CORP-01","host_id":"4f1c0a9e-0001-4a00-9c31-b0de51000001","user":"EU\\bob","message":"An account was successfully logged on (interactive): EU\\bob","target":"EU\\bob","event":{"channel":"Security","provider":"Microsoft-Windows-Security-Auditing","event_id":4624,"record_id":232556,"level":"Information","computer":"WKS-CORP-01.eu.corp.example","logon_type":2,"logon_id":"0x37dcb"},"detections":[],"severity_max":"none","detection_count":0,"provenance":{"raw_file":"raw/Windows.EventLogs.Evtx/results.json","raw_row":150,"collection_id":"demo-wks-corp-01"}},
  {"schema_version":"1.0.0","row_hash":"1ab8fd71a980517e641b4e88f390603fc46c234bfdc3ee3ba186a22ab1a54ab1","timestamp_utc":"2026-03-13T18:58:06.1480000Z","timestamp_desc":"EventTime","timestamp_source_field":"System.TimeCreated.SystemTime","source":"eventlog","artifact":"Windows.EventLogs.Evtx","collector_kind":"native","host":"WKS-CORP-01","host_id":"4f1c0a9e-0001-4a00-9c31-b0de51000001","user":"EU\\alice","message":"An account was successfully logged on (interactive): EU\\alice","target":"EU\\alice","event":{"channel":"Security","provider":"Microsoft-Windows-Security-Auditing","event_id":4624,"record_id":861778,"level":"Information","computer":"WKS-CORP-01.eu.corp.example","logon_type":2,"logon_id":"0x37712"},"detections":[],"severity_max":"none","detection_count":0,"provenance":{"raw_file":"raw/Windows.EventLogs.Evtx/results.json","raw_row":174,"collection_id":"demo-wks-corp-01"}},
  {"schema_version":"1.0.0","row_hash":"8007cd7c4cd35b79c30beacfc628c4d3077403f510d71873861757a93e677a14","timestamp_utc":"2026-03-13T19:35:58.3440000Z","timestamp_desc":"VisitTime","timestamp_source_field":"last_visit_time","source":"browser","artifact":"Windows.Applications.Edge.History","collector_kind":"velociraptor","host":"WKS-CORP-01","host_id":"4f1c0a9e-0001-4a00-9c31-b0de51000001","user":"EU\\alice","message":"Edge visit: Finance document library","target":"https://sharepoint.corp.example/sites/finance/Shared%20Documents","network":{"domain":"sharepoint.corp.example","url":"https://sharepoint.corp.example/sites/finance/Shared%20Documents","direction":"outbound"},"detections":[],"severity_max":"none","detection_count":0,"provenance":{"raw_file":"raw/Windows.Applications.Edge.History/results.json","raw_row":25,"collection_id":"demo-wks-corp-01"}},
  {"schema_version":"1.0.0","row_hash":"eedf19cf3d125f109e499d83e8ddc958af435d6aadbace0da8fcc9953f34a0c4","timestamp_utc":"2026-03-13T19:54:30.2610000Z","timestamp_desc":"EventTime","source":"log","artifact":"Windows.EventLogs.Evtx","collector_kind":"native","host":"WKS-CORP-01","host_id":"4f1c0a9e-0001-4a00-9c31-b0de51000001","user":"SYSTEM","message":"Antimalware definitions updated to 1.421.338.0","target":"Microsoft-Windows-Windows Defender/Operational","process":{"name":"MsMpEng.exe","parent_name":"services.exe"},"event":{"channel":"Microsoft-Windows-Windows Defender/Operational","provider":"Microsoft-Windows-Windows-Defender","event_id":2000,"record_id":6198,"level":"Information","computer":"WKS-CORP-01.eu.corp.example"},"detections":[],"severity_max":"none","detection_count":0,"provenance":{"raw_file":"raw/Windows.EventLogs.Evtx/results.json","raw_row":241,"collection_id":"demo-wks-corp-01"}},
  {"schema_version":"1.0.0","row_hash":"cbf2d8d8b5b99fdb7281352cebc4519414a4bd973f34416e8ba7fdad35753f73","timestamp_utc":"2026-03-13T19:57:24.9510000Z","timestamp_desc":"EventTime","timestamp_source_field":"System.TimeCreated.SystemTime","source":"eventlog","artifact":"Windows.EventLogs.Evtx","collector_kind":"native","host":"WKS-CORP-01","host_id":"4f1c0a9e-0001-4a00-9c31-b0de51000001","user":"EU\\alice","message":"An account was successfully logged on (interactive): EU\\alice","target":"EU\\alice","event":{"channel":"Security","provider":"Microsoft-Windows-Security-Auditing","event_id":4624,"record_id":680178,"level":"Information","computer":"WKS-CORP-01.eu.corp.example","logon_type":2,"logon_id":"0x3520b"},"detections":[],"severity_max":"none","detection_count":0,"provenance":{"raw_file":"raw/Windows.EventLogs.Evtx/results.json","raw_row":126,"collection_id":"demo-wks-corp-01"}},
  {"schema_version":"1.0.0","row_hash":"c5cf8207b29c5cb36fafeed7ef89a1b5a0f4282f9e94ebc5e5202936ee68b26f","timestamp_utc":"2026-03-13T20:12:45.5640000Z","timestamp_desc":"LastWriteTime","timestamp_source_field":"LastModified","source":"registry","artifact":"Windows.Registry.AppCompatCache","collector_kind":"velociraptor","host":"WKS-CORP-01","host_id":"4f1c0a9e-0001-4a00-9c31-b0de51000001","user":"SYSTEM","message":"AppCompatCache entry: NOTEPAD.EXE","target":"C:\\Windows\\System32\\notepad.exe","registry":{"key":"HKLM\\SYSTEM\\CurrentControlSet\\Control\\Session Manager\\AppCompatCache","value_name":"AppCompatCache","value_data":"C:\\Windows\\System32\\notepad.exe","value_type":"REG_BINARY","hive":"SYSTEM"},"detections":[],"severity_max":"none","detection_count":0,"provenance":{"raw_file":"raw/Windows.Registry.AppCompatCache/results.json","raw_row":44,"collection_id":"demo-wks-corp-01"},"extra":{"cache_slot":342}},
  {"schema_version":"1.0.0","row_hash":"257a69d5c2e241927488acedb6474d69fd64f3804463599bb2bc2855af684d44","timestamp_utc":"2026-03-13T20:13:07.4730000Z","timestamp_desc":"EventTime","source":"service","artifact":"Windows.EventLogs.Evtx","collector_kind":"native","host":"WKS-CORP-01","host_id":"4f1c0a9e-0001-4a00-9c31-b0de51000001","user":"SYSTEM","message":"Service entered the running state: Windows Update (wuauserv)","target":"wuauserv","process":{"name":"services.exe","image_path":"C:\\Windows\\System32\\services.exe"},"event":{"channel":"System","provider":"Service Control Manager","event_id":7036,"record_id":5348,"level":"Information","computer":"WKS-CORP-01.eu.corp.example"},"detections":[],"severity_max":"none","detection_count":0,"provenance":{"raw_file":"raw/Windows.EventLogs.Evtx/results.json","raw_row":128,"collection_id":"demo-wks-corp-01"}},
  {"schema_version":"1.0.0","row_hash":"d7f7f5d0dfaa0e0fc5c9e5d4bcec296718e80be098159ec4bf1a3c975a5a1f06","timestamp_utc":"2026-03-13T22:49:48.8980000Z","timestamp_desc":"LastWriteTime","timestamp_source_field":"LastModified","source":"registry","artifact":"Windows.Registry.AppCompatCache","collector_kind":"velociraptor","host":"WKS-CORP-01","host_id":"4f1c0a9e-0001-4a00-9c31-b0de51000001","user":"SYSTEM","message":"AppCompatCache entry: MSEDGE.EXE","target":"C:\\Program Files (x86)\\Microsoft\\Edge\\Application\\msedge.exe","registry":{"key":"HKLM\\SYSTEM\\CurrentControlSet\\Control\\Session Manager\\AppCompatCache","value_name":"AppCompatCache","value_data":"C:\\Program Files (x86)\\Microsoft\\Edge\\Application\\msedge.exe","value_type":"REG_BINARY","hive":"SYSTEM"},"detections":[],"severity_max":"none","detection_count":0,"provenance":{"raw_file":"raw/Windows.Registry.AppCompatCache/results.json","raw_row":28,"collection_id":"demo-wks-corp-01"},"extra":{"cache_slot":740}},
  {"schema_version":"1.0.0","row_hash":"18c30d7725aacd8b7f111e995952fbe33b4a4cee9d1fa406abae829abbfa2865","timestamp_utc":"2026-03-14T00:25:05.0000000Z","timestamp_desc":"ProcessStartTime","source":"execution","artifact":"Windows.EventLogs.Evtx","collector_kind":"native","host":"WKS-CORP-01","host_id":"4f1c0a9e-0001-4a00-9c31-b0de51000001","user":"EU\\alice","message":"LSASS dump deleted from the workstation: cmd.exe /c del /f /q C:\\Windows\\Temp\\ls.dmp","target":"C:\\Windows\\Temp\\ls.dmp","process":{"pid":9204,"ppid":7900,"name":"cmd.exe","image_path":"C:\\Windows\\System32\\cmd.exe","command_line":"cmd.exe /c del /f /q C:\\Windows\\Temp\\ls.dmp","parent_name":"updatesvc.exe","integrity_level":"High","session_id":2,"user":"EU\\alice"},"event":{"channel":"Microsoft-Windows-Sysmon/Operational","provider":"Microsoft-Windows-Sysmon","event_id":1,"record_id":892440,"level":"Information"},"detections":[{"engine":"sigma","rule_id":"demo-sigma-0036","rule_name":"Indicator Removal: Credential Dump Deleted","severity":"medium","rule_author":"IRTriage demo rule pack","rule_description":"The LSASS minidump created earlier was deleted from disk; the MFT and USN entries survive.","rule_source":"sigma:demo-pack","mitre_techniques":["T1070.004"]}],"severity_max":"medium","detection_count":1,"provenance":{"raw_file":"raw/Windows.EventLogs.Evtx/results.json","raw_row":256,"collection_id":"demo-wks-corp-01"}},
