  {"schema_version":"1.0.0","row_hash":"871c988ca89bbc160e88afba61814b2a0339d81a29dd3fde8a3e82bc5754abae","timestamp_utc":"2026-03-12T19:41:37.4100000Z","timestamp_desc":"EventTime","source":"log","artifact":"Windows.EventLogs.Evtx","collector_kind":"native","host":"DC-CORP-01","host_id":"4f1c0a9e-0003-4a00-9c31-b0de51000003","user":"SYSTEM","message":"DNS zone transfer completed for eu.corp.example","target":"Microsoft-Windows-DNS-Server/Audit","process":{"name":"dns.exe","image_path":"C:\\Windows\\System32\\dns.exe","parent_name":"services.exe"},"event":{"channel":"DNS Server","provider":"Microsoft-Windows-DNS-Server-Service","event_id":6522,"record_id":5614,"level":"Information","computer":"DC-CORP-01.corp.example"},"detections":[],"severity_max":"none","detection_count":0,"provenance":{"raw_file":"raw/Windows.EventLogs.Evtx/results.json","raw_row":349,"collection_id":"demo-dc-corp-01"}},
  {"schema_version":"1.0.0","row_hash":"6d7e78057122a9bd71a2a2c6a0618811b18701d1fc7c40d47a72af9dc318d8e7","timestamp_utc":"2026-03-12T20:26:01.4200000Z","timestamp_desc":"EventTime","source":"log","artifact":"Windows.EventLogs.Evtx","collector_kind":"native","host":"DC-CORP-01","host_id":"4f1c0a9e-0003-4a00-9c31-b0de51000003","user":"SYSTEM","message":"DNS zone transfer completed for eu.corp.example","target":"Microsoft-Windows-DNS-Server/Audit","process":{"name":"dns.exe","image_path":"C:\\Windows\\System32\\dns.exe","parent_name":"services.exe"},"event":{"channel":"DNS Server","provider":"Microsoft-Windows-DNS-Server-Service","event_id":6522,"record_id":1828,"level":"Information","computer":"DC-CORP-01.corp.example"},"detections":[],"severity_max":"none","detection_count":0,"provenance":{"raw_file":"raw/Windows.EventLogs.Evtx/results.json","raw_row":289,"collection_id":"demo-dc-corp-01"}},
  {"schema_version":"1.0.0","row_hash":"e4696023b4c8b2fc9d7f95d9d4e14bf3beee5368820fa7e20c571b55e163813c","timestamp_utc":"2026-03-12T20:44:22.0020000Z","timestamp_desc":"EventTime","source":"system_info","artifact":"Windows.System.TrustRelationships","collector_kind":"velociraptor","host":"DC-CORP-01","host_id":"4f1c0a9e-0003-4a00-9c31-b0de51000003","user":"SYSTEM","message":"Forest trust enumerated: eu.corp.example -> corp.example (parent/child, transitive)","target":"eu.corp.example","detections":[],"severity_max":"none","detection_count":0,"provenance":{"raw_file":"raw/Windows.System.TrustRelationships/results.json","raw_row":54,"collection_id":"demo-dc-corp-01"},"extra":{"probe":2,"trust_attributes":"WITHIN_FOREST","trust_direction":"Bidirectional","trust_type":"Uplevel","validated":true}},
  {"schema_version":"1.0.0","row_hash":"3bf2d1d8cdc230c846215629b589fff1faf2bf962c72e58dd2a326df85191352","timestamp_utc":"2026-03-12T21:16:01.0440000Z","timestamp_desc":"EventTime","source":"log","artifact":"Windows.EventLogs.Evtx","collector_kind":"native","host":"DC-CORP-01","host_id":"4f1c0a9e-0003-4a00-9c31-b0de51000003","user":"SYSTEM","message":"DNS zone transfer completed for eu.corp.example","target":"Microsoft-Windows-DNS-Server/Audit","process":{"name":"dns.exe","image_path":"C:\\Windows\\System32\\dns.exe","parent_name":"services.exe"},"event":{"channel":"DNS Server","provider":"Microsoft-Windows-DNS-Server-Service","event_id":6522,"record_id":9771,"level":"Information","computer":"DC-CORP-01.corp.example"},"detections":[],"severity_max":"none","detection_count":0,"provenance":{"raw_file":"raw/Windows.EventLogs.Evtx/results.json","raw_row":329,"collection_id":"demo-dc-corp-01"}},
  {"schema_version":"1.0.0","row_hash":"92e8cf55171ad40a7a237a61ef947c57801f5e6b6a313fa08239252999b79d19","timestamp_utc":"2026-03-13T02:44:08.4260000Z","timestamp_desc":"EventTime","timestamp_source_field":"System.TimeCreated.SystemTime","source":"eventlog","artifact":"Windows.EventLogs.Evtx","collector_kind":"native","host":"DC-CORP-01","host_id":"4f1c0a9e-0003-4a00-9c31-b0de51000003","user":"EU\\alice","message":"Kerberos authentication ticket (TGT) was requested for EU\\alice","target":"EU\\alice","network":{"src_ip":"10.0.5.15","dst_ip":"10.0.10.10","dst_port":88,"protocol":"tcp","direction":"inbound"},"event":{"channel":"Security","provider":"Microsoft-Windows-Security-Auditing","event_id":4768,"record_id":733282,"level":"Information","computer":"DC-CORP-01.corp.example"},"detections":[],"severity_max":"none","detection_count":0,"provenance":{"raw_file":"raw/Windows.EventLogs.Evtx/results.json","raw_row":176,"collection_id":"demo-dc-corp-01"},"extra":{"encryption_type":"0x12 (AES256-CTS-HMAC-SHA1-96)","ticket_options":"0x40810010"}},
  {"schema_version":"1.0.0","row_hash":"6987552e31e80356f60eb438b3898a3d2a0ce83d77dca18d430e8556994a3e42","timestamp_utc":"2026-03-13T03:35:54.6600000Z","timestamp_desc":"EventTime","source":"account","artifact":"Windows.EventLogs.Evtx","collector_kind":"native","host":"DC-CORP-01","host_id":"4f1c0a9e-0003-4a00-9c31-b0de51000003","user":"EU\\bob","message":"User password was changed at the request of the account owner","target":"EU\\bob","event":{"channel":"Security","provider":"Microsoft-Windows-Security-Auditing","event_id":4723,"record_id":831755,"level":"Information","computer":"DC-CORP-01.corp.example"},"detections":[],"severity_max":"none","detection_count":0,"provenance":{"raw_file":"raw/Windows.EventLogs.Evtx/results.json","raw_row":333,"collection_id":"demo-dc-corp-01"}},
  {"schema_version":"1.0.0","row_hash":"7c4ed3a4bc5f18fd165ede15698ab1c0e3c515e548f3f45d7d5ff7d81362cf50","timestamp_utc":"2026-03-13T03:54:49.0940000Z","timestamp_desc":"EventTime","source":"network","artifact":"Windows.Network.Netstat","collector_kind":"velociraptor","host":"DC-CORP-01","host_id":"4f1c0a9e-0003-4a00-9c31-b0de51000003","user":"SYSTEM","message":"Inter-site AD replication session with DC-EU-01","target":"10.0.5.10:135","network":{"src_ip":"10.0.10.10","src_port":60555,"dst_ip":"10.0.5.10","dst_port":135,"protocol":"tcp","direction":"outbound","state":"ESTABLISHED"},"detections":[],"severity_max":"none","detection_count":0,"provenance":{"raw_file":"raw/Windows.Network.Netstat/results.json","raw_row":16,"collection_id":"demo-dc-corp-01"},"extra":{"naming_context":"DC=eu,DC=corp,DC=example","replication_partner":"DC-EU-01"}},
  {"schema_version":"1.0.0","row_hash":"9f521f59bd422da550c9b1ec7f14259a4bf44fcfb4577c644007ec08a61b64c4","timestamp_utc":"2026-03-13T04:07:17.3100000Z","timestamp_desc":"EventTime","source":"network","artifact":"Windows.Network.Netstat","collector_kind":"velociraptor","host":"DC-CORP-01","host_id":"4f1c0a9e-0003-4a00-9c31-b0de51000003","user":"SYSTEM","message":"Inter-site AD replication session with DC-EU-01","target":"10.0.5.10:135","network":{"src_ip":"10.0.10.10","src_port":52242,"dst_ip":"10.0.5.10","dst_port":135,"protocol":"tcp","direction":"outbound","state":"ESTABLISHED"},"detections":[],"severity_max":"none","detection_count":0,"provenance":{"raw_file":"raw/Windows.Network.Netstat/results.json","raw_row":48,"collection_id":"demo-dc-corp-01"},"extra":{"naming_context":"DC=eu,DC=corp,DC=example","replication_partner":"DC-EU-01"}},
  {"schema_version":"1.0.0","row_hash":"d339f120be91132769d83e550cff9b3f50ec70ddc152b5defac0ede32223f4a9","timestamp_utc":"2026-03-13T05:46:01.8000000Z","timestamp_desc":"LastWriteTime","source":"registry","artifact":"Windows.Registry.NTDS","collector_kind":"velociraptor","host":"DC-CORP-01","host_id":"4f1c0a9e-0003-4a00-9c31-b0de51000003","user":"SYSTEM","message":"NTDS parameter enumerated: Database backup path","target":"HKLM\\SYSTEM\\CurrentControlSet\\Services\\NTDS\\Parameters","registry":{"key":"HKLM\\SYSTEM\\CurrentControlSet\\Services\\NTDS\\Parameters","value_name":"DSA Database file","value_data":"C:\\Windows\\NTDS\\ntds.dit","value_type":"REG_SZ","hive":"SYSTEM"},"detections":[],"severity_max":"none","detection_count":0,"provenance":{"raw_file":"raw/Windows.Registry.NTDS/results.json","raw_row":61,"collection_id":"demo-dc-corp-01"},"extra":{"slot":9}},
  {"schema_version":"1.0.0","row_hash":"b375b2a42f47bc3cde2f72b0ebd742870545e9693c7e49d5af2b0919047cacff","timestamp_utc":"2026-03-13T06:28:59.4830000Z","timestamp_desc":"LastExecuted","source":"execution","artifact":"Windows.Forensics.Prefetch","collector_kind":"velociraptor","host":"DC-CORP-01","host_id":"4f1c0a9e-0003-4a00-9c31-b0de51000003","user":"CORP\\Administrator","message":"REPADMIN.EXE executed (replication health check)","target":"C:\\Windows\\System32\\repadmin.exe","process":{"name":"REPADMIN.EXE","image_path":"C:\\Windows\\System32\\repadmin.exe","command_line":"repadmin /replsummary","parent_name":"cmd.exe","user":"CORP\\Administrator"},"detections":[],"severity_max":"none","detection_count":0,"provenance":{"raw_file":"raw/Windows.Forensics.Prefetch/results.json","raw_row":55,"collection_id":"demo-dc-corp-01"},"extra":{"prefetch_file":"REPADMIN.EXE-186B0FDD.pf"}},
  {"schema_version":"1.0.0","row_hash":"bb3c84a0f08ddba85bf0dcbbeff4b8f163df5b6e4a783bcb772a7182c7430af6","timestamp_utc":"2026-03-13T07:18:20.5000000Z","timestamp_desc":"EventTime","timestamp_source_field":"System.TimeCreated.SystemTime","source":"eventlog","artifact":"Windows.EventLogs.Evtx","collector_kind":"native","host":"DC-CORP-01","host_id":"4f1c0a9e-0003-4a00-9c31-b0de51000003","user":"EU\\alice","message":"Kerberos authentication ticket (TGT) was requested for EU\\alice","target":"EU\\alice","network":{"src_ip":"10.0.5.41","dst_ip":"10.0.10.10","dst_port":88,"protocol":"tcp","direction":"inbound"},"event":{"channel":"Security","provider":"Microsoft-Windows-Security-Auditing","event_id":4768,"record_id":529376,"level":"Information","computer":"DC-CORP-01.corp.example"},"detections":[],"severity_max":"none","detection_count":0,"provenance":{"raw_file":"raw/Windows.EventLogs.Evtx/results.json","raw_row":76,"collection_id":"demo-dc-corp-01"},"extra":{"encryption_type":"0x12 (AES256-CTS-HMAC-SHA1-96)","ticket_options":"0x40810010"}},
  {"schema_version":"1.0.0","row_hash":"318d4fec951021bb39323b6d74b33ff5456bdea601b2cc511d2baf04d5da2a08","timestamp_utc":"2026-03-13T07:31:52.7800000Z","timestamp_desc":"LastWriteTime","source":"registry","artifact":"Windows.Registry.NTDS","collector_kind":"velociraptor","host":"DC-CORP-01","host_id":"4f1c0a9e-0003-4a00-9c31-b0de51000003","user":"SYSTEM","message":"NTDS parameter enumerated: Database backup path","target":"HKLM\\SYSTEM\\CurrentControlSet\\Services\\NTDS\\Parameters","registry":{"key":"HKLM\\SYSTEM\\CurrentControlSet\\Services\\NTDS\\Parameters","value_name":"DSA Database file","value_data":"C:\\Windows\\NTDS\\ntds.dit","value_type":"REG_SZ","hive":"SYSTEM"},"detections":[],"severity_max":"none","detection_count":0,"provenance":{"raw_file":"raw/Windows.Registry.NTDS/results.json","raw_row":41,"collection_id":"demo-dc-corp-01"},"extra":{"slot":16}},
  {"schema_version":"1.0.0","row_hash":"ff7c07ca940e593f3d856dcf4796cb605c17f0a8a34606a60f76b218fe65285e","timestamp_utc":"2026-03-13T07:54:38.1530000Z","timestamp_desc":"EventTime","source":"account","artifact":"Windows.EventLogs.Evtx","collector_kind":"native","host":"DC-CORP-01","host_id":"4f1c0a9e-0003-4a00-9c31-b0de51000003","user":"EU\\alice","message":"User password was changed at the request of the account owner","target":"EU\\carol","event":{"channel":"Security","provider":"Microsoft-Windows-Security-Auditing","event_id":4723,"record_id":498295,"level":"Information","computer":"DC-CORP-01.corp.example"},"detections":[],"severity_max":"none","detection_count":0,"provenance":{"raw_file":"raw/Windows.EventLogs.Evtx/results.json","raw_row":73,"collection_id":"demo-dc-corp-01"}},
  {"schema_version":"1.0.0","row_hash":"e66c2176f04fad047bc36bf3202b0221b4c0eb00fd8f82d2591ba16154196dae","timestamp_utc":"2026-03-13T08:02:40.5180000Z","timestamp_desc":"EventTime","timestamp_source_field":"System.TimeCreated.SystemTime","source":"eventlog","artifact":"Windows.EventLogs.Evtx","collector_kind":"native","host":"DC-CORP-01","host_id":"4f1c0a9e-0003-4a00-9c31-b0de51000003","user":"EU\\svc-backup","message":"Kerberos authentication ticket (TGT) was requested for EU\\svc-backup","target":"EU\\svc-backup","network":{"src_ip":"10.0.5.41","dst_ip":"10.0.10.10","dst_port":88,"protocol":"tcp","direction":"inbound"},"event":{"channel":"Security","provider":"Microsoft-Windows-Security-Auditing","event_id":4768,"record_id":775543,"level":"Information","computer":"DC-CORP-01.corp.example"},"detections":[],"severity_max":"none","detection_count":0,"provenance":{"raw_file":"raw/Windows.EventLogs.Evtx/results.json","raw_row":136,"collection_id":"demo-dc-corp-01"},"extra":{"encryption_type":"0x12 (AES256-CTS-HMAC-SHA1-96)","ticket_options":"0x40810010"}},
  {"schema_version":"1.0.0","row_hash":"2c88b1a1a9dd8b7db53cb8143549eb78c0364a99ff5d69749a940f3ebef51f8a","timestamp_utc":"2026-03-13T08:29:32.6630000Z","timestamp_desc":"LastWriteTime","source":"registry","artifact":"Windows.Registry.NTDS","collector_kind":"velociraptor","host":"DC-CORP-01","host_id":"4f1c0a9e-0003-4a00-9c31-b0de51000003","user":"SYSTEM","message":"NTDS parameter enumerated: Database backup path","target":"HKLM\\SYSTEM\\CurrentControlSet\\Services\\NTDS\\Parameters","registry":{"key":"HKLM\\SYSTEM\\CurrentControlSet\\Services\\NTDS\\Parameters","value_name":"DSA Database file","value_data":"C:\\Windows\\NTDS\\ntds.dit","value_type":"REG_SZ","hive":"SYSTEM"},"detections":[],"severity_max":"none","detection_count":0,"provenance":{"raw_file":"raw/Windows.Registry.NTDS/results.json","raw_row":69,"collection_id":"demo-dc-corp-01"},"extra":{"slot":6}},
  {"schema_version":"1.0.0","row_hash":"2b3a8b775b4de6131e4ec271fac16b07221e8a99569b7750591a2dbfbfaa4f95","timestamp_utc":"2026-03-13T08:51:17.6570000Z","timestamp_desc":"EventTime","source":"account","artifact":"Windows.EventLogs.Evtx","collector_kind":"native","host":"DC-CORP-01","host_id":"4f1c0a9e-0003-4a00-9c31-b0de51000003","user":"EU\\bob","message":"User password was changed at the request of the account owner","target":"EU\\alice","event":{"channel":"Security","provider":"Microsoft-Windows-Security-Auditing","event_id":4723,"record_id":803343,"level":"Information","computer":"DC-CORP-01.corp.example"},"detections":[],"severity_max":"none","detection_count":0,"provenance":{"raw_file":"raw/Windows.EventLogs.Evtx/results.json","raw_row":13,"collection_id":"demo-dc-corp-01"}},
  {"schema_version":"1.0.0","row_hash":"57c050dbe889bbabdb81d5f13952d3700319d778a9de640bbf4cc52d9b6b6177","timestamp_utc":"2026-03-13T08:51:50.3340000Z","timestamp_desc":"LastWriteTime","source":"registry","artifact":"Windows.Registry.NTDS","collector_kind":"velociraptor","host":"DC-CORP-01","host_id":"4f1c0a9e-0003-4a00-9c31-b0de51000003","user":"SYSTEM","message":"NTDS parameter enumerated: Database backup path","target":"HKLM\\SYSTEM\\CurrentControlSet\\Services\\NTDS\\Parameters","registry":{"key":"HKLM\\SYSTEM\\CurrentControlSet\\Services\\NTDS\\Parameters","value_name":"DSA Database file","value_data":"C:\\Windows\\NTDS\\ntds.dit","value_type":"REG_SZ","hive":"SYSTEM"},"detections":[],"severity_max":"none","detection_count":0,"provenance":{"raw_file":"raw/Windows.Registry.NTDS/results.json","raw_row":33,"collection_id":"demo-dc-corp-01"},"extra":{"slot":17}},
  {"schema_version":"1.0.0","row_hash":"ca119ed5e1932b8d8c200adb970d512d6973f3665a53cb629e5d879f5f7aa931","timestamp_utc":"2026-03-13T08:53:36.2350000Z","timestamp_desc":"EventTime","source":"network","artifact":"Windows.Network.Netstat","collector_kind":"velociraptor","host":"DC-CORP-01","host_id":"4f1c0a9e-0003-4a00-9c31-b0de51000003","user":"SYSTEM","message":"Inter-site AD replication session with DC-EU-01","target":"10.0.5.10:135","network":{"src_ip":"10.0.10.10","src_port":51947,"dst_ip":"10.0.5.10","dst_port":135,"protocol":"tcp","direction":"outbound","state":"ESTABLISHED"},"detections":[],"severity_max":"none","detection_count":0,"provenance":{"raw_file":"raw/Windows.Network.Netstat/results.json","raw_row":56,"collection_id":"demo-dc-corp-01"},"extra":{"naming_context":"DC=eu,DC=corp,DC=example","replication_partner":"DC-EU-01"}},
  {"schema_version":"1.0.0","row_hash":"7ff418d21c12c11e46cfba1a00fe864525ccb8d43a2ae921d3c3cf27c91ef591","timestamp_utc":"2026-03-13T08:54:18.9710000Z","timestamp_desc":"EventTime","timestamp_source_field":"System.TimeCreated.SystemTime","source":"eventlog","artifact":"Windows.EventLogs.Evtx","collector_kind":"native","host":"DC-CORP-01","host_id":"4f1c0a9e-0003-4a00-9c31-b0de51000003","user":"EU\\carol","message":"Kerberos authentication ticket (TGT) was requested for EU\\carol","target":"EU\\carol","network":{"src_ip":"10.0.5.42","dst_ip":"10.0.10.10","dst_port":88,"protocol":"tcp","direction":"inbound"},"event":{"channel":"Security","provider":"Microsoft-Windows-Security-Auditing","event_id":4768,"record_id":1238524,"level":"Information","computer":"DC-CORP-01.corp.example"},"detections":[],"severity_max":"none","detection_count":0,"provenance":{"raw_file":"raw/Windows.EventLogs.Evtx/results.json","raw_row":236,"collection_id":"demo-dc-corp-01"},"extra":{"encryption_type":"0x12 (AES256-CTS-HMAC-SHA1-96)","ticket_options":"0x40810010"}},
  {"schema_version":"1.0.0","row_hash":"f38e8d9a6b414b99edb1f12dc114aa3e0c453b89295d8ef959f830ed3e134036","timestamp_utc":"2026-03-13T09:08:20.4300000Z","timestamp_desc":"EventTime","source":"network","artifact":"Windows.Network.Netstat","collector_kind":"velociraptor","host":"DC-CORP-01","host_id":"4f1c0a9e-0003-4a00-9c31-b0de51000003","user":"SYSTEM","message":"Inter-site AD replication session with DC-EU-01","target":"10.0.5.10:135","network":{"src_ip":"10.0.10.10","src_port":56103,"dst_ip":"10.0.5.10","dst_port":135,"protocol":"tcp","direction":"outbound","state":"ESTABLISHED"},"detections":[],"severity_max":"none","detection_count":0,"provenance":{"raw_file":"raw/Windows.Network.Netstat/results.json","raw_row":36,"collection_id":"demo-dc-corp-01"},"extra":{"naming_context":"DC=eu,DC=corp,DC=example","replication_partner":"DC-EU-01"}},
  {"schema_version":"1.0.0","row_hash":"0df849f01715dddb28df33316e575e4fb700d62016c1d2f140552c4aa0710d6e","timestamp_utc":"2026-03-13T09:11:23.0550000Z","timestamp_desc":"LastWriteTime","source":"registry","artifact":"Windows.Registry.NTDS","collector_kind":"velociraptor","host":"DC-CORP-01","host_id":"4f1c0a9e-0003-4a00-9c31-b0de51000003","user":"SYSTEM","message":"NTDS parameter enumerated: Database backup path","target":"HKLM\\SYSTEM\\CurrentControlSet\\Services\\NTDS\\Parameters","registry":{"key":"HKLM\\SYSTEM\\CurrentControlSet\\Services\\NTDS\\Parameters","value_name":"DSA Database file","value_data":"C:\\Windows\\NTDS\\ntds.dit","value_type":"REG_SZ","hive":"SYSTEM"},"detections":[],"severity_max":"none","detection_count":0,"provenance":{"raw_file":"raw/Windows.Registry.NTDS/results.json","raw_row":13,"collection_id":"demo-dc-corp-01"},"extra":{"slot":29}},
  {"schema_version":"1.0.0","row_hash":"bab2b974234b4a015983568fa89afd17a3fb85386fff0017b4045702fd74c732","timestamp_utc":"2026-03-13T09:21:30.2560000Z","timestamp_desc":"EventTime","source":"network","artifact":"Windows.Network.Netstat","collector_kind":"velociraptor","host":"DC-CORP-01","host_id":"4f1c0a9e-0003-4a00-9c31-b0de51000003","user":"SYSTEM","message":"Inter-site AD replication session with DC-EU-01","target":"10.0.5.10:135","network":{"src_ip":"10.0.10.10","src_port":58558,"dst_ip":"10.0.5.10","dst_port":135,"protocol":"tcp","direction":"outbound","state":"ESTABLISHED"},"detections":[],"severity_max":"none","detection_count":0,"provenance":{"raw_file":"raw/Windows.Network.Netstat/results.json","raw_row":12,"collection_id":"demo-dc-corp-01"},"extra":{"naming_context":"DC=eu,DC=corp,DC=example","replication_partner":"DC-EU-01"}},
  {"schema_version":"1.0.0","row_hash":"571c969e7b56b100300b37cb736a894593c46b7ad3a92da4659b33b75c6d17ee","timestamp_utc":"2026-03-13T09:46:22.5250000Z","timestamp_desc":"EventTime","timestamp_source_field":"System.TimeCreated.SystemTime","source":"eventlog","artifact":"Windows.EventLogs.Evtx","collector_kind":"native","host":"DC-CORP-01","host_id":"4f1c0a9e-0003-4a00-9c31-b0de51000003","user":"EU\\svc-backup","message":"Kerberos authentication ticket (TGT) was requested for EU\\svc-backup","target":"EU\\svc-backup","network":{"src_ip":"10.0.5.15","dst_ip":"10.0.10.10","dst_port":88,"protocol":"tcp","direction":"inbound"},"event":{"channel":"Security","provider":"Microsoft-Windows-Security-Auditing","event_id":4768,"record_id":636597,"level":"Information","computer":"DC-CORP-01.corp.example"},"detections":[],"severity_max":"none","detection_count":0,"provenance":{"raw_file":"raw/Windows.EventLogs.Evtx/results.json","raw_row":116,"collection_id":"demo-dc-corp-01"},"extra":{"encryption_type":"0x12 (AES256-CTS-HMAC-SHA1-96)","ticket_options":"0x40810010"}},
  {"schema_version":"1.0.0","row_hash":"5ee9128c6629739edb74870d6fc146e7fec487735ffbae88222a495af2191486","timestamp_utc":"2026-03-13T09:55:06.6110000Z","timestamp_desc":"EventTime","source":"account","artifact":"Windows.EventLogs.Evtx","collector_kind":"native","host":"DC-CORP-01","host_id":"4f1c0a9e-0003-4a00-9c31-b0de51000003","user":"EU\\bob","message":"User password was changed at the request of the account owner","target":"EU\\carol","event":{"channel":"Security","provider":"Microsoft-Windows-Security-Auditing","event_id":4723,"record_id":422992,"level":"Information","computer":"DC-CORP-01.corp.example"},"detections":[],"severity_max":"none","detection_count":0,"provenance":{"raw_file":"raw/Windows.EventLogs.Evtx/results.json","raw_row":33,"collection_id":"demo-dc-corp-01"}},
  {"schema_version":"1.0.0","row_hash":"be22d99d024e98d9925e91aa2dad6b69b770e1e2565817297ddaafa0b520ede9","timestamp_utc":"2026-03-13T10:01:30.6120000Z","timestamp_desc":"LastExecuted","source":"execution","artifact":"Windows.Forensics.Prefetch","collector_kind":"velociraptor","host":"DC-CORP-01","host_id":"4f1c0a9e-0003-4a00-9c31-b0de51000003","user":"CORP\\Administrator","message":"REPADMIN.EXE executed (replication health check)","target":"C:\\Windows\\System32\\repadmin.exe","process":{"name":"REPADMIN.EXE","image_path":"C:\\Windows\\System32\\repadmin.exe","command_line":"repadmin /replsummary","parent_name":"cmd.exe","user":"CORP\\Administrator"},"detections":[],"severity_max":"none","detection_count":0,"provenance":{"raw_file":"raw/Windows.Forensics.Prefetch/results.json","raw_row":39,"collection_id":"demo-dc-corp-01"},"extra":{"prefetch_file":"REPADMIN.EXE-1ACEDC54.pf"}},
  {"schema_version":"1.0.0","row_hash":"a7961440a92e8ee2e19f373933c75cb01631c2362ac55ad896bb76c513b96b5e","timestamp_utc":"2026-03-13T10:18:01.4990000Z","timestamp_desc":"EventTime","source":"network","artifact":"Windows.Network.Netstat","collector_kind":"velociraptor","host":"DC-CORP-01","host_id":"4f1c0a9e-0003-4a00-9c31-b0de51000003","user":"SYSTEM","message":"Inter-site AD replication session with DC-EU-01","target":"10.0.5.10:135","network":{"src_ip":"10.0.10.10","src_port":50532,"dst_ip":"10.0.5.10","dst_port":135,"protocol":"tcp","direction":"outbound","state":"ESTABLISHED"},"detections":[],"severity_max":"none","detection_count":0,"provenance":{"raw_file":"raw/Windows.Network.Netstat/results.json","raw_row":68,"collection_id":"demo-dc-corp-01"},"extra":{"naming_context":"DC=eu,DC=corp,DC=example","replication_partner":"DC-EU-01"}},
  {"schema_version":"1.0.0","row_hash":"846f6138134768bf87c758507b37ccb3194de8ca4adaa82db62c852aa3c7d78a","timestamp_utc":"2026-03-13T10:23:22.8570000Z","timestamp_desc":"LastExecuted","source":"execution","artifact":"Windows.Forensics.Prefetch","collector_kind":"velociraptor","host":"DC-CORP-01","host_id":"4f1c0a9e-0003-4a00-9c31-b0de51000003","user":"CORP\\Administrator","message":"REPADMIN.EXE executed (replication health check)","target":"C:\\Windows\\System32\\repadmin.exe","process":{"name":"REPADMIN.EXE","image_path":"C:\\Windows\\System32\\repadmin.exe","command_line":"repadmin /replsummary","parent_name":"cmd.exe","user":"CORP\\Administrator"},"detections":[],"severity_max":"none","detection_count":0,"provenance":{"raw_file":"raw/Windows.Forensics.Prefetch/results.json","raw_row":27,"collection_id":"demo-dc-corp-01"},"extra":{"prefetch_file":"REPADMIN.EXE-1B109A48.pf"}},
  {"schema_version":"1.0.0","row_hash":"7765198f8cf5dae5e377ae2d44705b1eef7280b2fc1d340f085908ff416e3dab","timestamp_utc":"2026-03-13T10:27:40.9420000Z","timestamp_desc":"EventTime","source":"network","artifact":"Windows.Network.Netstat","collector_kind":"velociraptor","host":"DC-CORP-01","host_id":"4f1c0a9e-0003-4a00-9c31-b0de51000003","user":"SYSTEM","message":"Inter-site AD replication session with DC-EU-01","target":"10.0.5.10:135","network":{"src_ip":"10.0.10.10","src_port":55292,"dst_ip":"10.0.5.10","dst_port":135,"protocol":"tcp","direction":"outbound","state":"ESTABLISHED"},"detections":[],"severity_max":"none","detection_count":0,"provenance":{"raw_file":"raw/Windows.Network.Netstat/results.json","raw_row":40,"collection_id":"demo-dc-corp-01"},"extra":{"naming_context":"DC=eu,DC=corp,DC=example","replication_partner":"DC-EU-01"}},
  {"schema_version":"1.0.0","row_hash":"af4e79f9d317e5ae21c73c6287eb2d72da20469483a835b6d9cff568a8885148","timestamp_utc":"2026-03-13T10:44:00.0630000Z","timestamp_desc":"LastExecuted","source":"execution","artifact":"Windows.Forensics.Prefetch","collector_kind":"velociraptor","host":"DC-CORP-01","host_id":"4f1c0a9e-0003-4a00-9c31-b0de51000003","user":"CORP\\Administrator","message":"REPADMIN.EXE executed (replication health check)","target":"C:\\Windows\\System32\\repadmin.exe","process":{"name":"REPADMIN.EXE","image_path":"C:\\Windows\\System32\\repadmin.exe","command_line":"repadmin /replsummary","parent_name":"cmd.exe","user":"CORP\\Administrator"},"detections":[],"severity_max":"none","detection_count":0,"provenance":{"raw_file":"raw/Windows.Forensics.Prefetch/results.json","raw_row":51,"collection_id":"demo-dc-corp-01"},"extra":{"prefetch_file":"REPADMIN.EXE-17874AAC.pf"}},
  {"schema_version":"1.0.0","row_hash":"81fe6d318eaefe75276fd2a7b25d386dfc88abbb72f0abb65c3e3b6e273ef4bd","timestamp_utc":"2026-03-13T10:44:06.0840000Z","timestamp_desc":"EventTime","source":"network","artifact":"Windows.Network.Netstat","collector_kind":"velociraptor","host":"DC-CORP-01","host_id":"4f1c0a9e-0003-4a00-9c31-b0de51000003","user":"SYSTEM","message":"Inter-site AD replication session with DC-EU-01","target":"10.0.5.10:135","network":{"src_ip":"10.0.10.10","src_port":64112,"dst_ip":"10.0.5.10","dst_port":135,"protocol":"tcp","direction":"outbound","state":"ESTABLISHED"},"detections":[],"severity_max":"none","detection_count":0,"provenance":{"raw_file":"raw/Windows.Network.Netstat/results.json","raw_row":8,"collection_id":"demo-dc-corp-01"},"extra":{"naming_context":"DC=eu,DC=corp,DC=example","replication_partner":"DC-EU-01"}},
  {"schema_version":"1.0.0","row_hash":"924a628a3b5eb63f3a212d8e7728bb2615334d1da56be8cf393552cff2f3cbe3","timestamp_utc":"2026-03-13T10:52:08.3460000Z","timestamp_desc":"LastWriteTime","source":"registry","artifact":"Windows.Registry.NTDS","collector_kind":"velociraptor","host":"DC-CORP-01","host_id":"4f1c0a9e-0003-4a00-9c31-b0de51000003","user":"SYSTEM","message":"NTDS parameter enumerated: Database backup path","target":"HKLM\\SYSTEM\\CurrentControlSet\\Services\\NTDS\\Parameters","registry":{"key":"HKLM\\SYSTEM\\CurrentControlSet\\Services\\NTDS\\Parameters","value_name":"DSA Database file","value_data":"C:\\Windows\\NTDS\\ntds.dit","value_type":"REG_SZ","hive":"SYSTEM"},"detections":[],"severity_max":"none","detection_count":0,"provenance":{"raw_file":"raw/Windows.Registry.NTDS/results.json","raw_row":9,"collection_id":"demo-dc-corp-01"},"extra":{"slot":18}},
  {"schema_version":"1.0.0","row_hash":"a0daa75a540574b53708952907acadd71179d6a31e50354f2ae2ad1fa96bc315","timestamp_utc":"2026-03-13T11:01:38.5660000Z","timestamp_desc":"EventTime","timestamp_source_field":"System.TimeCreated.SystemTime","source":"eventlog","artifact":"Windows.EventLogs.Evtx","collector_kind":"native","host":"DC-CORP-01","host_id":"4f1c0a9e-0003-4a00-9c31-b0de51000003","user":"EU\\bob","message":"Kerberos authentication ticket (TGT) was requested for EU\\bob","target":"EU\\bob","network":{"src_ip":"10.0.5.41","dst_ip":"10.0.10.10","dst_port":88,"protocol":"tcp","direction":"inbound"},"event":{"channel":"Security","provider":"Microsoft-Windows-Security-Auditing","event_id":4768,"record_id":1252423,"level":"Information","computer":"DC-CORP-01.corp.example"},"detections":[],"severity_max":"none","detection_count":0,"provenance":{"raw_file":"raw/Windows.EventLogs.Evtx/results.json","raw_row":316,"collection_id":"demo-dc-corp-01"},"extra":{"encryption_type":"0x12 (AES256-CTS-HMAC-SHA1-96)","ticket_options":"0x40810010"}},
  {"schema_version":"1.0.0","row_hash":"bc4d96dbd255414cce0185660b939d0d683f74188da2cbf37799554d437fdf92","timestamp_utc":"2026-03-13T11:13:36.6180000Z","timestamp_desc":"EventTime","timestamp_source_field":"System.TimeCreated.SystemTime","source":"eventlog","artifact":"Windows.EventLogs.Evtx","collector_kind":"native","host":"DC-CORP-01","host_id":"4f1c0a9e-0003-4a00-9c31-b0de51000003","user":"EU\\svc-backup","message":"Kerberos authentication ticket (TGT) was requested for EU\\svc-backup","target":"EU\\svc-backup","network":{"src_ip":"10.0.5.20","dst_ip":"10.0.10.10","dst_port":88,"protocol":"tcp","direction":"inbound"},"event":{"channel":"Security","provider":"Microsoft-Windows-Security-Auditing","event_id":4768,"record_id":1187689,"level":"Information","computer":"DC-CORP-01.corp.example"},"detections":[],"severity_max":"none","detection_count":0,"provenance":{"raw_file":"raw/Windows.EventLogs.Evtx/results.json","raw_row":96,"collection_id":"demo-dc-corp-01"},"extra":{"encryption_type":"0x12 (AES256-CTS-HMAC-SHA1-96)","ticket_options":"0x40810010"}},
  {"schema_version":"1.0.0","row_hash":"57ef0b3ccdf6fae818f52c273b11cf355fc76d1c88204f9903b7ed327ce1f948","timestamp_utc":"2026-03-13T11:17:35.3330000Z","timestamp_desc":"EventTime","source":"account","artifact":"Windows.EventLogs.Evtx","collector_kind":"native","host":"DC-CORP-01","host_id":"4f1c0a9e-0003-4a00-9c31-b0de51000003","user":"EU\\carol","message":"User password was changed at the request of the account owner","target":"EU\\alice","event":{"channel":"Security","provider":"Microsoft-Windows-Security-Auditing","event_id":4723,"record_id":438388,"level":"Information","computer":"DC-CORP-01.corp.example"},"detections":[],"severity_max":"none","detection_count":0,"provenance":{"raw_file":"raw/Windows.EventLogs.Evtx/results.json","raw_row":273,"collection_id":"demo-dc-corp-01"}},
  {"schema_version":"1.0.0","row_hash":"de6847fbc010b10dd2740f8ad5461c7610e628e4b9d2d29d8dc001a81eba740c","timestamp_utc":"2026-03-13T11:21:24.4410000Z","timestamp_desc":"EventTime","timestamp_source_field":"System.TimeCreated.SystemTime","source":"eventlog","artifact":"Windows.EventLogs.Evtx","collector_kind":"native","host":"DC-CORP-01","host_id":"4f1c0a9e-0003-4a00-9c31-b0de51000003","user":"EU\\carol","message":"Kerberos authentication ticket (TGT) was requested for EU\\carol","target":"EU\\carol","network":{"src_ip":"10.0.5.42","dst_ip":"10.0.10.10","dst_port":88,"protocol":"tcp","direction":"inbound"},"event":{"channel":"Security","provider":"Microsoft-Windows-Security-Auditing","event_id":4768,"record_id":688359,"level":"Information","computer":"DC-CORP-01.corp.example"},"detections":[],"severity_max":"none","detection_count":0,"provenance":{"raw_file":"raw/Windows.EventLogs.Evtx/results.json","raw_row":16,"collection_id":"demo-dc-corp-01"},"extra":{"encryption_type":"0x12 (AES256-CTS-HMAC-SHA1-96)","ticket_options":"0x40810010"}},
  {"schema_version":"1.0.0","row_hash":"c4eb6fec537ddd0847052a0217353c4887ed4b04717866ba3cfb6257c8a36848","timestamp_utc":"2026-03-13T11:30:41.6540000Z","timestamp_desc":"LastExecuted","source":"execution","artifact":"Windows.Forensics.Prefetch","collector_kind":"velociraptor","host":"DC-CORP-01","host_id":"4f1c0a9e-0003-4a00-9c31-b0de51000003","user":"CORP\\Administrator","message":"REPADMIN.EXE executed (replication health check)","target":"C:\\Windows\\System32\\repadmin.exe","process":{"name":"REPADMIN.EXE","image_path":"C:\\Windows\\System32\\repadmin.exe","command_line":"repadmin /replsummary","parent_name":"cmd.exe","user":"CORP\\Administrator"},"detections":[],"severity_max":"none","detection_count":0,"provenance":{"raw_file":"raw/Windows.Forensics.Prefetch/results.json","raw_row":43,"collection_id":"demo-dc-corp-01"},"extra":{"prefetch_file":"REPADMIN.EXE-10016176.pf"}},
  {"schema_version":"1.0.0","row_hash":"50bd7a77bdaa77179c8c4e216572282474d312c6b033b9ec374395444229d18f","timestamp_utc":"2026-03-13T11:39:45.0050000Z","timestamp_desc":"EventTime","source":"account","artifact":"Windows.EventLogs.Evtx","collector_kind":"native","host":"DC-CORP-01","host_id":"4f1c0a9e-0003-4a00-9c31-b0de51000003","user":"EU\\bob","message":"User password was changed at the request of the account owner","target":"EU\\bob","event":{"channel":"Security","provider":"Microsoft-Windows-Security-Auditing","event_id":4723,"record_id":787499,"level":"Information","computer":"DC-CORP-01.corp.example"},"detections":[],"severity_max":"none","detection_count":0,"provenance":{"raw_file":"raw/Windows.EventLogs.Evtx/results.json","raw_row":53,"collection_id":"demo-dc-corp-01"}},
  {"schema_version":"1.0.0","row_hash":"261e19d57c16880a290af5335ac27cf549874238ffbf5fcc31f2e273774f23cc","timestamp_utc":"2026-03-13T11:39:46.8940000Z","timestamp_desc":"LastExecuted","source":"execution","artifact":"Windows.Forensics.Prefetch","collector_kind":"velociraptor","host":"DC-CORP-01","host_id":"4f1c0a9e-0003-4a00-9c31-b0de51000003","user":"CORP\\Administrator","message":"REPADMIN.EXE executed (replication health check)","target":"C:\\Windows\\System32\\repadmin.exe","process":{"name":"REPADMIN.EXE","image_path":"C:\\Windows\\System32\\repadmin.exe","command_line":"repadmin /replsummary","parent_name":"cmd.exe","user":"CORP\\Administrator"},"detections":[],"severity_max":"none","detection_count":0,"provenance":{"raw_file":"raw/Windows.Forensics.Prefetch/results.json","raw_row":19,"collection_id":"demo-dc-corp-01"},"extra":{"prefetch_file":"REPADMIN.EXE-106677A5.pf"}},
  {"schema_version":"1.0.0","row_hash":"99e04ae557f92df471e5bca44c32fb53886a4d6ce83ddde15c2295dc10548865","timestamp_utc":"2026-03-13T11:55:23.1010000Z","timestamp_desc":"EventTime","timestamp_source_field":"System.TimeCreated.SystemTime","source":"eventlog","artifact":"Windows.EventLogs.Evtx","collector_kind":"native","host":"DC-CORP-01","host_id":"4f1c0a9e-0003-4a00-9c31-b0de51000003","user":"CORP\\Administrator","message":"Kerberos authentication ticket (TGT) was requested for CORP\\Administrator","target":"CORP\\Administrator","network":{"src_ip":"10.0.5.15","dst_ip":"10.0.10.10","dst_port":88,"protocol":"tcp","direction":"inbound"},"event":{"channel":"Security","provider":"Microsoft-Windows-Security-Auditing","event_id":4768,"record_id":1234797,"level":"Information","computer":"DC-CORP-01.corp.example"},"detections":[],"severity_max":"none","detection_count":0,"provenance":{"raw_file":"raw/Windows.EventLogs.Evtx/results.json","raw_row":196,"collection_id":"demo-dc-corp-01"},"extra":{"encryption_type":"0x12 (AES256-CTS-HMAC-SHA1-96)","ticket_options":"0x40810010"}},
  {"schema_version":"1.0.0","row_hash":"7137e9e4204725aae1eee7f2941fbbd72929e5fd274326cb8785c277b549b201","timestamp_utc":"2026-03-13T11:56:43.2760000Z","timestamp_desc":"LastWriteTime","source":"registry","artifact":"Windows.Registry.NTDS","collector_kind":"velociraptor","host":"DC-CORP-01","host_id":"4f1c0a9e-0003-4a00-9c31-b0de51000003","user":"SYSTEM","message":"NTDS parameter enumerated: Database backup path","target":"HKLM\\SYSTEM\\CurrentControlSet\\Services\\NTDS\\Parameters","registry":{"key":"HKLM\\SYSTEM\\CurrentControlSet\\Services\\NTDS\\Parameters","value_name":"DSA Database file","value_data":"C:\\Windows\\NTDS\\ntds.dit","value_type":"REG_SZ","hive":"SYSTEM"},"detections":[],"severity_max":"none","detection_count":0,"provenance":{"raw_file":"raw/Windows.Registry.NTDS/results.json","raw_row":65,"collection_id":"demo-dc-corp-01"},"extra":{"slot":5}},
  {"schema_version":"1.0.0","row_hash":"8d547a2b0a9c5062938e0ff1f7c56daab09dc9a2f4f23e24cbbb6e8a9874075f","timestamp_utc":"2026-03-13T12:02:15.3070000Z","timestamp_desc":"LastWriteTime","source":"registry","artifact":"Windows.Registry.NTDS","collector_kind":"velociraptor","host":"DC-CORP-01","host_id":"4f1c0a9e-0003-4a00-9c31-b0de51000003","user":"SYSTEM","message":"NTDS parameter enumerated: Database backup path","target":"HKLM\\SYSTEM\\CurrentControlSet\\Services\\NTDS\\Parameters","registry":{"key":"HKLM\\SYSTEM\\CurrentControlSet\\Services\\NTDS\\Parameters","value_name":"DSA Database file","value_data":"C:\\Windows\\NTDS\\ntds.dit","value_type":"REG_SZ","hive":"SYSTEM"},"detections":[],"severity_max":"none","detection_count":0,"provenance":{"raw_file":"raw/Windows.Registry.NTDS/results.json","raw_row":45,"collection_id":"demo-dc-corp-01"},"extra":{"slot":7}},
  {"schema_version":"1.0.0","row_hash":"c9b37f4ee0956b9ad0e3c44ef5adf886ef08f5cc41204089834e3b7ee2f08d8f","timestamp_utc":"2026-03-13T12:09:07.0620000Z","timestamp_desc":"EventTime","timestamp_source_field":"System.TimeCreated.SystemTime","source":"eventlog","artifact":"Windows.EventLogs.Evtx","collector_kind":"native","host":"DC-CORP-01","host_id":"4f1c0a9e-0003-4a00-9c31-b0de51000003","user":"EU\\svc-backup","message":"Kerberos authentication ticket (TGT) was requested for EU\\svc-backup","target":"EU\\svc-backup","network":{"src_ip":"10.0.5.20","dst_ip":"10.0.10.10","dst_port":88,"protocol":"tcp","direction":"inbound"},"event":{"channel":"Security","provider":"Microsoft-Windows-Security-Auditing","event_id":4768,"record_id":882540,"level":"Information","computer":"DC-CORP-01.corp.example"},"detections":[],"severity_max":"none","detection_count":0,"provenance":{"raw_file":"raw/Windows.EventLogs.Evtx/results.json","raw_row":276,"collection_id":"demo-dc-corp-01"},"extra":{"encryption_type":"0x12 (AES256-CTS-HMAC-SHA1-96)","ticket_options":"0x40810010"}},
  {"schema_version":"1.0.0","row_hash":"e3ab51148a6e1d5219d5f0f2d4f156b13132697305a115684e941d9717ed5ee1","timestamp_utc":"2026-03-13T12:30:59.2380000Z","timestamp_desc":"EventTime","source":"network","artifact":"Windows.Network.Netstat","collector_kind":"velociraptor","host":"DC-CORP-01","host_id":"4f1c0a9e-0003-4a00-9c31-b0de51000003","user":"SYSTEM","message":"Inter-site AD replication session with DC-EU-01","target":"10.0.5.10:135","network":{"src_ip":"10.0.10.10","src_port":58688,"dst_ip":"10.0.5.10","dst_port":135,"protocol":"tcp","direction":"outbound","state":"ESTABLISHED"},"detections":[],"severity_max":"none","detection_count":0,"provenance":{"raw_file":"raw/Windows.Network.Netstat/results.json","raw_row":28,"collection_id":"demo-dc-corp-01"},"extra":{"naming_context":"DC=eu,DC=corp,DC=example","replication_partner":"DC-EU-01"}},
  {"schema_version":"1.0.0","row_hash":"cb5a26014dd4df56b9c2882ce7ce21e11e4e4d7d394e116475fbc0ef961909f3","timestamp_utc":"2026-03-13T12:33:48.9150000Z","timestamp_desc":"EventTime","source":"account","artifact":"Windows.EventLogs.Evtx","collector_kind":"native","host":"DC-CORP-01","host_id":"4f1c0a9e-0003-4a00-9c31-b0de51000003","user":"EU\\carol","message":"User password was changed at the request of the account owner","target":"EU\\bob","event":{"channel":"Security","provider":"Microsoft-Windows-Security-Auditing","event_id":4723,"record_id":887403,"level":"Information","computer":"DC-CORP-01.corp.example"},"detections":[],"severity_max":"none","detection_count":0,"provenance":{"raw_file":"raw/Windows.EventLogs.Evtx/results.json","raw_row":193,"collection_id":"demo-dc-corp-01"}},
  {"schema_version":"1.0.0","row_hash":"b3f91390566b84e4fa43c90beaea7bace1f68b20a8b6d39652befa0ae7343fe9","timestamp_utc":"2026-03-13T12:34:31.3320000Z","timestamp_desc":"EventTime","source":"account","artifact":"Windows.EventLogs.Evtx","collector_kind":"native","host":"DC-CORP-01","host_id":"4f1c0a9e-0003-4a00-9c31-b0de51000003","user":"EU\\carol","message":"User password was changed at the request of the account owner","target":"EU\\carol","event":{"channel":"Security","provider":"Microsoft-Windows-Security-Auditing","event_id":4723,"record_id":580429,"level":"Information","computer":"DC-CORP-01.corp.example"},"detections":[],"severity_max":"none","detection_count":0,"provenance":{"raw_file":"raw/Windows.EventLogs.Evtx/results.json","raw_row":233,"collection_id":"demo-dc-corp-01"}},
  {"schema_version":"1.0.0","row_hash":"b93b1558043b6dbfce010d8204773b12dc1d98850bfbb2a3adb29ab2495e9926","timestamp_utc":"2026-03-13T12:43:51.9690000Z","timestamp_desc":"EventTime","timestamp_source_field":"System.TimeCreated.SystemTime","source":"eventlog","artifact":"Windows.EventLogs.Evtx","collector_kind":"native","host":"DC-CORP-01","host_id":"4f1c0a9e-0003-4a00-9c31-b0de51000003","user":"EU\\alice","message":"Kerberos authentication ticket (TGT) was requested for EU\\alice","target":"EU\\alice","network":{"src_ip":"10.0.5.20","dst_ip":"10.0.10.10","dst_port":88,"protocol":"tcp","direction":"inbound"},"event":{"channel":"Security","provider":"Microsoft-Windows-Security-Auditing","event_id":4768,"record_id":530382,"level":"Information","computer":"DC-CORP-01.corp.example"},"detections":[],"severity_max":"none","detection_count":0,"provenance":{"raw_file":"raw/Windows.EventLogs.Evtx/results.json","raw_row":216,"collection_id":"demo-dc-corp-01"},"extra":{"encryption_type":"0x12 (AES256-CTS-HMAC-SHA1-96)","ticket_options":"0x40810010"}},
  {"schema_version":"1.0.0","row_hash":"57867600a657aa09768482cf9dc324069bf5bb36195efb54111edf4dab83444d","timestamp_utc":"2026-03-13T12:46:34.3460000Z","timestamp_desc":"EventTime","source":"network","artifact":"Windows.Network.Netstat","collector_kind":"velociraptor","host":"DC-CORP-01","host_id":"4f1c0a9e-0003-4a00-9c31-b0de51000003","user":"SYSTEM","message":"Inter-site AD replication session with DC-EU-01","target":"10.0.5.10:135","network":{"src_ip":"10.0.10.10","src_port":52661,"dst_ip":"10.0.5.10","dst_port":135,"protocol":"tcp","direction":"outbound","state":"ESTABLISHED"},"detections":[],"severity_max":"none","detection_count":0,"provenance":{"raw_file":"raw/Windows.Network.Netstat/results.json","raw_row":64,"collection_id":"demo-dc-corp-01"},"extra":{"naming_context":"DC=eu,DC=corp,DC=example","replication_partner":"DC-EU-01"}},
  {"schema_version":"1.0.0","row_hash":"4578b3aea496e33a22fef66c5493cc6262aede292059906d0abb4c638b595878","timestamp_utc":"2026-03-13T12:54:43.2750000Z","timestamp_desc":"EventTime","source":"account","artifact":"Windows.EventLogs.Evtx","collector_kind":"native","host":"DC-CORP-01","host_id":"4f1c0a9e-0003-4a00-9c31-b0de51000003","user":"EU\\alice","message":"User password was changed at the request of the account owner","target":"EU\\bob","event":{"channel":"Security","provider":"Microsoft-Windows-Security-Auditing","event_id":4723,"record_id":585221,"level":"Information","computer":"DC-CORP-01.corp.example"},"detections":[],"severity_max":"none","detection_count":0,"provenance":{"raw_file":"raw/Windows.EventLogs.Evtx/results.json","raw_row":313,"collection_id":"demo-dc-corp-01"}},
  {"schema_version":"1.0.0","row_hash":"08ce6ac136c599a7ce3d6e6ce7bd4fccfd39083909ab2f3933d1e9e2d301ba7f","timestamp_utc":"2026-03-13T12:56:15.9080000Z","timestamp_desc":"EventTime","source":"account","artifact":"Windows.EventLogs.Evtx","collector_kind":"native","host":"DC-CORP-01","host_id":"4f1c0a9e-0003-4a00-9c31-b0de51000003","user":"EU\\carol","message":"User password was changed at the request of the account owner","target":"EU\\carol","event":{"channel":"Security","provider":"Microsoft-Windows-Security-Auditing","event_id":4723,"record_id":586360,"level":"Information","computer":"DC-CORP-01.corp.example"},"detections":[],"severity_max":"none","detection_count":0,"provenance":{"raw_file":"raw/Windows.EventLogs.Evtx/results.json","raw_row":253,"collection_id":"demo-dc-corp-01"}},
  {"schema_version":"1.0.0","row_hash":"678d932faf5db9c5ea2fb3d0f2d352d42880588363da77c246a86b0ec647e029","timestamp_utc":"2026-03-13T12:56:46.3700000Z","timestamp_desc":"LastWriteTime","source":"registry","artifact":"Windows.Registry.NTDS","collector_kind":"velociraptor","host":"DC-CORP-01","host_id":"4f1c0a9e-0003-4a00-9c31-b0de51000003","user":"SYSTEM","message":"NTDS parameter enumerated: Database backup path","target":"HKLM\\SYSTEM\\CurrentControlSet\\Services\\NTDS\\Parameters","registry":{"key":"HKLM\\SYSTEM\\CurrentControlSet\\Services\\NTDS\\Parameters","value_name":"DSA Database file","value_data":"C:\\Windows\\NTDS\\ntds.dit","value_type":"REG_SZ","hive":"SYSTEM"},"detections":[],"severity_max":"none","detection_count":0,"provenance":{"raw_file":"raw/Windows.Registry.NTDS/results.json","raw_row":37,"collection_id":"demo-dc-corp-01"},"extra":{"slot":17}},
  {"schema_version":"1.0.0","row_hash":"599883b28b816743845bd261926a9268bbf790e800e53d08ea871ff2d192668f","timestamp_utc":"2026-03-13T12:58:13.3690000Z","timestamp_desc":"LastExecuted","source":"execution","artifact":"Windows.Forensics.Prefetch","collector_kind":"velociraptor","host":"DC-CORP-01","host_id":"4f1c0a9e-0003-4a00-9c31-b0de51000003","user":"CORP\\Administrator","message":"REPADMIN.EXE executed (replication health check)","target":"C:\\Windows\\System32\\repadmin.exe","process":{"name":"REPADMIN.EXE","image_path":"C:\\Windows\\System32\\repadmin.exe","command_line":"repadmin /replsummary","parent_name":"cmd.exe","user":"CORP\\Administrator"},"detections":[],"severity_max":"none","detection_count":0,"provenance":{"raw_file":"raw/Windows.Forensics.Prefetch/results.json","raw_row":31,"collection_id":"demo-dc-corp-01"},"extra":{"prefetch_file":"REPADMIN.EXE-1ED9AB63.pf"}},
  {"schema_version":"1.0.0","row_hash":"f08ad33f6dcf15a89f5c969615aa39c7143ba2fa396cbe9da0953e2fd02602a6","timestamp_utc":"2026-03-13T13:02:22.8410000Z","timestamp_desc":"EventTime","source":"network","artifact":"Windows.Network.Netstat","collector_kind":"velociraptor","host":"DC-CORP-01","host_id":"4f1c0a9e-0003-4a00-9c31-b0de51000003","user":"SYSTEM","message":"Inter-site AD replication session with DC-EU-01","target":"10.0.5.10:135","network":{"src_ip":"10.0.10.10","src_port":55797,"dst_ip":"10.0.5.10","dst_port":135,"protocol":"tcp","direction":"outbound","state":"ESTABLISHED"},"detections":[],"severity_max":"none","detection_count":0,"provenance":{"raw_file":"raw/Windows.Network.Netstat/results.json","raw_row":20,"collection_id":"demo-dc-corp-01"},"extra":{"naming_context":"DC=eu,DC=corp,DC=example","replication_partner":"DC-EU-01"}},
  {"schema_version":"1.0.0","row_hash":"183091e30df50cde09fe5e87e719d7185f52a647b658ff8d505bab17663ec3fe","timestamp_utc":"2026-03-13T13:25:53.1840000Z","timestamp_desc":"EventTime","source":"account","artifact":"Windows.EventLogs.Evtx","collector_kind":"native","host":"DC-CORP-01","host_id":"4f1c0a9e-0003-4a00-9c31-b0de51000003","user":"EU\\carol","message":"User password was changed at the request of the account owner","target":"EU\\bob","event":{"channel":"Security","provider":"Microsoft-Windows-Security-Auditing","event_id":4723,"record_id":602579,"level":"Information","computer":"DC-CORP-01.corp.example"},"detections":[],"severity_max":"none","detection_count":0,"provenance":{"raw_file":"raw/Windows.EventLogs.Evtx/results.json","raw_row":293,"collection_id":"demo-dc-corp-01"}},
