  {"schema_version":"1.0.0","row_hash":"b542d0499d3a1a122439305184635cfd4c4558c4224711eb17ccd02558153ba0","timestamp_utc":"2026-03-09T12:33:04.7550000Z","timestamp_desc":"EventTime","source":"log","artifact":"Windows.EventLogs.Evtx","collector_kind":"native","host":"WKS-CORP-01","host_id":"4f1c0a9e-0001-4a00-9c31-b0de51000001","user":"SYSTEM","message":"Antimalware definitions updated to 1.421.368.0","target":"Microsoft-Windows-Windows Defender/Operational","process":{"name":"MsMpEng.exe","parent_name":"services.exe"},"event":{"channel":"Microsoft-Windows-Windows Defender/Operational","provider":"Microsoft-Windows-Windows-Defender","event_id":2000,"record_id":7646,"level":"Information","computer":"WKS-CORP-01.eu.corp.example"},"detections":[],"severity_max":"none","detection_count":0,"provenance":{"raw_file":"raw/Windows.EventLogs.Evtx/results.json","raw_row":133,"collection_id":"demo-wks-corp-01"}},
  {"schema_version":"1.0.0","row_hash":"cf7c12e9d94090e68571ce5b72f8a46086334af306358016e40d29165906991f","timestamp_utc":"2026-03-09T12:49:32.9320000Z","timestamp_desc":"RunTime","source":"scheduled_task","artifact":"Windows.System.TaskScheduler","collector_kind":"velociraptor","host":"WKS-CORP-01","host_id":"4f1c0a9e-0001-4a00-9c31-b0de51000001","user":"SYSTEM","message":"Scheduled task ran: \\Microsoft\\Windows\\UpdateOrchestrator\\Schedule Scan","target":"\\Microsoft\\Windows\\UpdateOrchestrator\\Schedule Scan","detections":[],"severity_max":"none","detection_count":0,"provenance":{"raw_file":"raw/Windows.System.TaskScheduler/results.json","raw_row":49,"collection_id":"demo-wks-corp-01"},"extra":{"result_code":0,"run_duration_seconds":8,"task_author":"Microsoft Corporation"}},
  {"schema_version":"1.0.0","row_hash":"381899ef859ae9c65b87e13835cbed92aa8abfce06dae36d2133219cbb44363f","timestamp_utc":"2026-03-09T12:51:20.5920000Z","timestamp_desc":"InstallDate","source":"usb_device","artifact":"Windows.Registry.USBSTOR","collector_kind":"velociraptor","host":"WKS-CORP-01","host_id":"4f1c0a9e-0001-4a00-9c31-b0de51000001","user":"EU\\alice","message":"Sanctioned encrypted USB volume connected (asset FIN-USB-04)","target":"USBSTOR\\Disk&Ven_Corp&Prod_SecureKey&Rev_1.0","registry":{"key":"HKLM\\SYSTEM\\CurrentControlSet\\Enum\\USBSTOR\\Disk&Ven_Corp&Prod_SecureKey&Rev_1.0","value_name":"FriendlyName","value_data":"Corp SecureKey USB Device","value_type":"REG_SZ","hive":"SYSTEM"},"detections":[],"severity_max":"none","detection_count":0,"provenance":{"raw_file":"raw/Windows.Registry.USBSTOR/results.json","raw_row":43,"collection_id":"demo-wks-corp-01"},"extra":{"serial_number":"FINUSB047008","volume_label":"FIN-USB-04"}},
  {"schema_version":"1.0.0","row_hash":"981332d6383ce88872f6cef794a8a0bdc8f0485748a03bdade05cf0594175fec","timestamp_utc":"2026-03-09T13:04:18.3050000Z","timestamp_desc":"Modified","timestamp_source_field":"Mtime","source":"filesystem","artifact":"Windows.NTFS.MFT","collector_kind":"velociraptor","host":"WKS-CORP-01","host_id":"4f1c0a9e-0001-4a00-9c31-b0de51000001","user":"EU\\alice","message":"File modified: expenses-feb.xlsx","target":"C:\\Users\\alice\\Documents\\expenses-feb.xlsx","file":{"path":"C:\\Users\\alice\\Documents\\expenses-feb.xlsx","name":"expenses-feb.xlsx","extension":"xlsx","size_bytes":174343,"mft_entry":121189,"is_directory":false,"is_allocated":true},"detections":[],"severity_max":"none","detection_count":0,"provenance":{"raw_file":"raw/Windows.NTFS.MFT/results.json","raw_row":28,"collection_id":"demo-wks-corp-01"}},
  {"schema_version":"1.0.0","row_hash":"063d1591353f0d8e627c2da5c37f232312503cd105e8117f988c70188edf1e45","timestamp_utc":"2026-03-09T13:10:13.3940000Z","timestamp_desc":"RunTime","source":"scheduled_task","artifact":"Windows.System.TaskScheduler","collector_kind":"velociraptor","host":"WKS-CORP-01","host_id":"4f1c0a9e-0001-4a00-9c31-b0de51000001","user":"SYSTEM","message":"Scheduled task ran: \\Microsoft\\Windows\\UpdateOrchestrator\\Schedule Scan","target":"\\Microsoft\\Windows\\UpdateOrchestrator\\Schedule Scan","detections":[],"severity_max":"none","detection_count":0,"provenance":{"raw_file":"raw/Windows.System.TaskScheduler/results.json","raw_row":1,"collection_id":"demo-wks-corp-01"},"extra":{"result_code":0,"run_duration_seconds":10,"task_author":"Microsoft Corporation"}},
  {"schema_version":"1.0.0","row_hash":"533432d74393645cc71baf0a723e6e1da4aac4667efdbd4ab5fb65fd87f0b566","timestamp_utc":"2026-03-09T13:26:15.8070000Z","timestamp_desc":"LastExecuted","timestamp_source_field":"LastRunTimes","source":"execution","artifact":"Windows.Forensics.Prefetch","collector_kind":"velociraptor","host":"WKS-CORP-01","host_id":"4f1c0a9e-0001-4a00-9c31-b0de51000001","user":"EU\\alice","message":"WINWORD.EXE executed (prefetch run count 6)","target":"C:\\Program Files\\Microsoft Office\\root\\Office16\\WINWORD.EXE","process":{"name":"WINWORD.EXE","image_path":"C:\\Program Files\\Microsoft Office\\root\\Office16\\WINWORD.EXE","parent_name":"explorer.exe"},"detections":[],"severity_max":"none","detection_count":0,"provenance":{"raw_file":"raw/Windows.Forensics.Prefetch/results.json","raw_row":25,"collection_id":"demo-wks-corp-01"},"extra":{"prefetch_file":"WINWORD.EXE-109D40DE.pf"}},
  {"schema_version":"1.0.0","row_hash":"bfa625752f4c63eaca799300e051c98f08c53ae25502a90f2f06360ed815cd6e","timestamp_utc":"2026-03-09T13:27:06.8420000Z","timestamp_desc":"RunTime","source":"scheduled_task","artifact":"Windows.System.TaskScheduler","collector_kind":"velociraptor","host":"WKS-CORP-01","host_id":"4f1c0a9e-0001-4a00-9c31-b0de51000001","user":"SYSTEM","message":"Scheduled task ran: \\Microsoft\\Windows\\UpdateOrchestrator\\Schedule Scan","target":"\\Microsoft\\Windows\\UpdateOrchestrator\\Schedule Scan","detections":[],"severity_max":"none","detection_count":0,"provenance":{"raw_file":"raw/Windows.System.TaskScheduler/results.json","raw_row":57,"collection_id":"demo-wks-corp-01"},"extra":{"result_code":0,"run_duration_seconds":26,"task_author":"Microsoft Corporation"}},
  {"schema_version":"1.0.0","row_hash":"0f921cae4e6186ee72b6b36d289396ce676cf1ad37f686a4c1216b709d4ea48f","timestamp_utc":"2026-03-09T13:29:00.8350000Z","timestamp_desc":"LastWriteTime","timestamp_source_field":"LastModified","source":"registry","artifact":"Windows.Registry.AppCompatCache","collector_kind":"velociraptor","host":"WKS-CORP-01","host_id":"4f1c0a9e-0001-4a00-9c31-b0de51000001","user":"SYSTEM","message":"AppCompatCache entry: SNIPPINGTOOL.EXE","target":"C:\\Windows\\System32\\SnippingTool.exe","registry":{"key":"HKLM\\SYSTEM\\CurrentControlSet\\Control\\Session Manager\\AppCompatCache","value_name":"AppCompatCache","value_data":"C:\\Windows\\System32\\SnippingTool.exe","value_type":"REG_BINARY","hive":"SYSTEM"},"detections":[],"severity_max":"none","detection_count":0,"provenance":{"raw_file":"raw/Windows.Registry.AppCompatCache/results.json","raw_row":56,"collection_id":"demo-wks-corp-01"},"extra":{"cache_slot":859}},
  {"schema_version":"1.0.0","row_hash":"1c90603db118ab374bec0afa75d3aa538e3c53d39b3af108639559ef4cd52e7e","timestamp_utc":"2026-03-09T13:35:54.7870000Z","timestamp_desc":"EventTime","source":"network","artifact":"Windows.Network.Netstat","collector_kind":"velociraptor","host":"WKS-CORP-01","host_id":"4f1c0a9e-0001-4a00-9c31-b0de51000001","user":"EU\\alice","message":"Outbound HTTPS session via corporate proxy","target":"10.0.5.9:8080","process":{"name":"MSEDGE.EXE","image_path":"C:\\Program Files (x86)\\Microsoft\\Edge\\Application\\msedge.exe","parent_name":"explorer.exe"},"network":{"src_ip":"10.0.5.41","src_port":61483,"dst_ip":"10.0.5.9","dst_port":8080,"protocol":"tcp","domain":"intranet.corp.example","direction":"outbound","state":"ESTABLISHED"},"detections":[],"severity_max":"none","detection_count":0,"provenance":{"raw_file":"raw/Windows.Network.Netstat/results.json","raw_row":66,"collection_id":"demo-wks-corp-01"}},
  {"schema_version":"1.0.0","row_hash":"0abfccb70fe6499bdb76a52f7f657a0bd5bac94a385601aa066959f39239ad32","timestamp_utc":"2026-03-09T13:36:29.0300000Z","timestamp_desc":"EventTime","timestamp_source_field":"System.TimeCreated.SystemTime","source":"eventlog","artifact":"Windows.EventLogs.Evtx","collector_kind":"native","host":"WKS-CORP-01","host_id":"4f1c0a9e-0001-4a00-9c31-b0de51000001","user":"EU\\alice","message":"An account was successfully logged on (interactive): EU\\alice","target":"EU\\alice","event":{"channel":"Security","provider":"Microsoft-Windows-Security-Auditing","event_id":4624,"record_id":787374,"level":"Information","computer":"WKS-CORP-01.eu.corp.example","logon_type":2,"logon_id":"0x365f8"},"detections":[],"severity_max":"none","detection_count":0,"provenance":{"raw_file":"raw/Windows.EventLogs.Evtx/results.json","raw_row":138,"collection_id":"demo-wks-corp-01"}},
  {"schema_version":"1.0.0","row_hash":"81e78dc7b52323217afd00e05fb6e4b9004e25dc2f4791d66f6454b3ddf5b509","timestamp_utc":"2026-03-09T13:48:28.4720000Z","timestamp_desc":"VisitTime","timestamp_source_field":"last_visit_time","source":"browser","artifact":"Windows.Applications.Edge.History","collector_kind":"velociraptor","host":"WKS-CORP-01","host_id":"4f1c0a9e-0001-4a00-9c31-b0de51000001","user":"EU\\alice","message":"Edge visit: Company news","target":"https://intranet.corp.example/news","network":{"domain":"intranet.corp.example","url":"https://intranet.corp.example/news","direction":"outbound"},"detections":[],"severity_max":"none","detection_count":0,"provenance":{"raw_file":"raw/Windows.Applications.Edge.History/results.json","raw_row":69,"collection_id":"demo-wks-corp-01"}},
  {"schema_version":"1.0.0","row_hash":"510bae9d77ce64c3aac7bc2c156d33a1f6f6817715c1bb4ff22d76584941e1ab","timestamp_utc":"2026-03-09T13:48:35.9120000Z","timestamp_desc":"Modified","timestamp_source_field":"Mtime","source":"filesystem","artifact":"Windows.NTFS.MFT","collector_kind":"velociraptor","host":"WKS-CORP-01","host_id":"4f1c0a9e-0001-4a00-9c31-b0de51000001","user":"EU\\alice","message":"File modified: supplier-review.docx","target":"C:\\Users\\alice\\Documents\\supplier-review.docx","file":{"path":"C:\\Users\\alice\\Documents\\supplier-review.docx","name":"supplier-review.docx","extension":"docx","size_bytes":65048,"mft_entry":129886,"is_directory":false,"is_allocated":true},"detections":[],"severity_max":"none","detection_count":0,"provenance":{"raw_file":"raw/Windows.NTFS.MFT/results.json","raw_row":44,"collection_id":"demo-wks-corp-01"}},
  {"schema_version":"1.0.0","row_hash":"be1f52b1e592fdf730260e98102f5a727c84c63ce436bb24f25ce3ee2fbc2b5a","timestamp_utc":"2026-03-09T13:57:38.7790000Z","timestamp_desc":"EventTime","timestamp_source_field":"System.TimeCreated.SystemTime","source":"eventlog","artifact":"Windows.EventLogs.Evtx","collector_kind":"native","host":"WKS-CORP-01","host_id":"4f1c0a9e-0001-4a00-9c31-b0de51000001","user":"EU\\bob","message":"An account was successfully logged on (interactive): EU\\bob","target":"EU\\bob","event":{"channel":"Security","provider":"Microsoft-Windows-Security-Auditing","event_id":4624,"record_id":813400,"level":"Information","computer":"WKS-CORP-01.eu.corp.example","logon_type":2,"logon_id":"0x3a2ea"},"detections":[],"severity_max":"none","detection_count":0,"provenance":{"raw_file":"raw/Windows.EventLogs.Evtx/results.json","raw_row":66,"collection_id":"demo-wks-corp-01"}},
  {"schema_version":"1.0.0","row_hash":"86dc037c982e5ddb5d9a9fadc0262221d07115b3fed253e5410dd05e6d59b688","timestamp_utc":"2026-03-09T14:09:22.8040000Z","timestamp_desc":"RunTime","source":"scheduled_task","artifact":"Windows.System.TaskScheduler","collector_kind":"velociraptor","host":"WKS-CORP-01","host_id":"4f1c0a9e-0001-4a00-9c31-b0de51000001","user":"SYSTEM","message":"Scheduled task ran: \\Microsoft\\Windows\\UpdateOrchestrator\\Schedule Scan","target":"\\Microsoft\\Windows\\UpdateOrchestrator\\Schedule Scan","detections":[],"severity_max":"none","detection_count":0,"provenance":{"raw_file":"raw/Windows.System.TaskScheduler/results.json","raw_row":17,"collection_id":"demo-wks-corp-01"},"extra":{"result_code":0,"run_duration_seconds":38,"task_author":"Microsoft Corporation"}},
  {"schema_version":"1.0.0","row_hash":"1b0cf48ce604ec5f3b14320337987ec5a43dbda60741b2f5a4da2085ea6cc5d3","timestamp_utc":"2026-03-09T14:17:19.4550000Z","timestamp_desc":"LastExecuted","timestamp_source_field":"LastRunTimes","source":"execution","artifact":"Windows.Forensics.Prefetch","collector_kind":"velociraptor","host":"WKS-CORP-01","host_id":"4f1c0a9e-0001-4a00-9c31-b0de51000001","user":"EU\\alice","message":"NOTEPAD.EXE executed (prefetch run count 76)","target":"C:\\Windows\\System32\\notepad.exe","process":{"name":"NOTEPAD.EXE","image_path":"C:\\Windows\\System32\\notepad.exe","parent_name":"explorer.exe"},"detections":[],"severity_max":"none","detection_count":0,"provenance":{"raw_file":"raw/Windows.Forensics.Prefetch/results.json","raw_row":9,"collection_id":"demo-wks-corp-01"},"extra":{"prefetch_file":"NOTEPAD.EXE-1ACCF07D.pf"}},
  {"schema_version":"1.0.0","row_hash":"5b966700114fddd2536be799355f07807238ec634b41fb935c319fb21d8d60b9","timestamp_utc":"2026-03-09T14:25:01.4340000Z","timestamp_desc":"LastWriteTime","source":"system_info","artifact":"Windows.Sysinternals.Autoruns","collector_kind":"velociraptor","host":"WKS-CORP-01","host_id":"4f1c0a9e-0001-4a00-9c31-b0de51000001","user":"SYSTEM","message":"Autorun entry enumerated: OneDrive (signed, Microsoft Corporation)","target":"C:\\Program Files\\Microsoft OneDrive\\OneDrive.exe","file":{"path":"C:\\Program Files\\Microsoft OneDrive\\OneDrive.exe","name":"OneDrive.exe","extension":"exe","size_bytes":2845314,"signature_status":"signed_valid","signer":"Microsoft Corporation"},"detections":[],"severity_max":"none","detection_count":0,"provenance":{"raw_file":"raw/Windows.Sysinternals.Autoruns/results.json","raw_row":56,"collection_id":"demo-wks-corp-01"}},
  {"schema_version":"1.0.0","row_hash":"569b071cde7aaad550a79cff23865964645a664f0a1f1718f2fe57b3384fbe87","timestamp_utc":"2026-03-09T14:26:57.3160000Z","timestamp_desc":"LastExecuted","timestamp_source_field":"LastRunTimes","source":"execution","artifact":"Windows.Forensics.Prefetch","collector_kind":"velociraptor","host":"WKS-CORP-01","host_id":"4f1c0a9e-0001-4a00-9c31-b0de51000001","user":"EU\\alice","message":"EXCEL.EXE executed (prefetch run count 5)","target":"C:\\Program Files\\Microsoft Office\\root\\Office16\\EXCEL.EXE","process":{"name":"EXCEL.EXE","image_path":"C:\\Program Files\\Microsoft Office\\root\\Office16\\EXCEL.EXE","parent_name":"explorer.exe"},"detections":[],"severity_max":"none","detection_count":0,"provenance":{"raw_file":"raw/Windows.Forensics.Prefetch/results.json","raw_row":65,"collection_id":"demo-wks-corp-01"},"extra":{"prefetch_file":"EXCEL.EXE-1A71DA26.pf"}},
  {"schema_version":"1.0.0","row_hash":"46870a9f53938bd559c80c7ca0b770730ce90a461cc29e2bad08cdf65b412458","timestamp_utc":"2026-03-09T14:49:34.6160000Z","timestamp_desc":"LastWriteTime","source":"system_info","artifact":"Windows.Sysinternals.Autoruns","collector_kind":"velociraptor","host":"WKS-CORP-01","host_id":"4f1c0a9e-0001-4a00-9c31-b0de51000001","user":"SYSTEM","message":"Autorun entry enumerated: OneDrive (signed, Microsoft Corporation)","target":"C:\\Program Files\\Microsoft OneDrive\\OneDrive.exe","file":{"path":"C:\\Program Files\\Microsoft OneDrive\\OneDrive.exe","name":"OneDrive.exe","extension":"exe","size_bytes":2813372,"signature_status":"signed_valid","signer":"Microsoft Corporation"},"detections":[],"severity_max":"none","detection_count":0,"provenance":{"raw_file":"raw/Windows.Sysinternals.Autoruns/results.json","raw_row":80,"collection_id":"demo-wks-corp-01"}},
  {"schema_version":"1.0.0","row_hash":"cbc745512a3d6fa02e62f34763d05daa3806ed91c937790cf6b4c92e21445cdc","timestamp_utc":"2026-03-09T14:50:07.7210000Z","timestamp_desc":"InstallDate","source":"usb_device","artifact":"Windows.Registry.USBSTOR","collector_kind":"velociraptor","host":"WKS-CORP-01","host_id":"4f1c0a9e-0001-4a00-9c31-b0de51000001","user":"EU\\alice","message":"Sanctioned encrypted USB volume connected (asset FIN-USB-04)","target":"USBSTOR\\Disk&Ven_Corp&Prod_SecureKey&Rev_1.0","registry":{"key":"HKLM\\SYSTEM\\CurrentControlSet\\Enum\\USBSTOR\\Disk&Ven_Corp&Prod_SecureKey&Rev_1.0","value_name":"FriendlyName","value_data":"Corp SecureKey USB Device","value_type":"REG_SZ","hive":"SYSTEM"},"detections":[],"severity_max":"none","detection_count":0,"provenance":{"raw_file":"raw/Windows.Registry.USBSTOR/results.json","raw_row":51,"collection_id":"demo-wks-corp-01"},"extra":{"serial_number":"FINUSB044759","volume_label":"FIN-USB-04"}},
  {"schema_version":"1.0.0","row_hash":"40e536e026b1be2bb8bc60434dcbab625b75b2c3c3dc129264eff080637adca2","timestamp_utc":"2026-03-09T14:50:18.0680000Z","timestamp_desc":"EventTime","source":"network","artifact":"Windows.Network.Netstat","collector_kind":"velociraptor","host":"WKS-CORP-01","host_id":"4f1c0a9e-0001-4a00-9c31-b0de51000001","user":"EU\\alice","message":"Outbound HTTPS session via corporate proxy","target":"10.0.5.9:8080","process":{"name":"MSEDGE.EXE","image_path":"C:\\Program Files (x86)\\Microsoft\\Edge\\Application\\msedge.exe","parent_name":"explorer.exe"},"network":{"src_ip":"10.0.5.41","src_port":56830,"dst_ip":"10.0.5.9","dst_port":8080,"protocol":"tcp","domain":"dc-corp-01.corp.example","direction":"outbound","state":"ESTABLISHED"},"detections":[],"severity_max":"none","detection_count":0,"provenance":{"raw_file":"raw/Windows.Network.Netstat/results.json","raw_row":18,"collection_id":"demo-wks-corp-01"}},
  {"schema_version":"1.0.0","row_hash":"591d1bf55d3a952676fc43585b59665a5ef3bf6ef6ab9a583d771cad18f655a4","timestamp_utc":"2026-03-09T14:56:18.8560000Z","timestamp_desc":"VisitTime","timestamp_source_field":"last_visit_time","source":"browser","artifact":"Windows.Applications.Edge.History","collector_kind":"velociraptor","host":"WKS-CORP-01","host_id":"4f1c0a9e-0001-4a00-9c31-b0de51000001","user":"EU\\alice","message":"Edge visit: Company news","target":"https://intranet.corp.example/news","network":{"domain":"intranet.corp.example","url":"https://intranet.corp.example/news","direction":"outbound"},"detections":[],"severity_max":"none","detection_count":0,"provenance":{"raw_file":"raw/Windows.Applications.Edge.History/results.json","raw_row":5,"collection_id":"demo-wks-corp-01"}},
  {"schema_version":"1.0.0","row_hash":"d33a1c543a19cf03a491e438d0a98453ebc9402a269098164c198fd2b7178531","timestamp_utc":"2026-03-09T15:05:50.2810000Z","timestamp_desc":"LastExecuted","timestamp_source_field":"LastRunTimes","source":"execution","artifact":"Windows.Forensics.Prefetch","collector_kind":"velociraptor","host":"WKS-CORP-01","host_id":"4f1c0a9e-0001-4a00-9c31-b0de51000001","user":"EU\\alice","message":"CALC.EXE executed (prefetch run count 16)","target":"C:\\Windows\\System32\\calc.exe","process":{"name":"CALC.EXE","image_path":"C:\\Windows\\System32\\calc.exe","parent_name":"explorer.exe"},"detections":[],"severity_max":"none","detection_count":0,"provenance":{"raw_file":"raw/Windows.Forensics.Prefetch/results.json","raw_row":57,"collection_id":"demo-wks-corp-01"},"extra":{"prefetch_file":"CALC.EXE-1D49EFA2.pf"}},
  {"schema_version":"1.0.0","row_hash":"2835ee2a04ad5ab64e027098c48d33a808e794161f535c03c28a84337e4613c0","timestamp_utc":"2026-03-09T15:06:11.1730000Z","timestamp_desc":"InstallDate","source":"usb_device","artifact":"Windows.Registry.USBSTOR","collector_kind":"velociraptor","host":"WKS-CORP-01","host_id":"4f1c0a9e-0001-4a00-9c31-b0de51000001","user":"EU\\alice","message":"Sanctioned encrypted USB volume connected (asset FIN-USB-04)","target":"USBSTOR\\Disk&Ven_Corp&Prod_SecureKey&Rev_1.0","registry":{"key":"HKLM\\SYSTEM\\CurrentControlSet\\Enum\\USBSTOR\\Disk&Ven_Corp&Prod_SecureKey&Rev_1.0","value_name":"FriendlyName","value_data":"Corp SecureKey USB Device","value_type":"REG_SZ","hive":"SYSTEM"},"detections":[],"severity_max":"none","detection_count":0,"provenance":{"raw_file":"raw/Windows.Registry.USBSTOR/results.json","raw_row":19,"collection_id":"demo-wks-corp-01"},"extra":{"serial_number":"FINUSB045412","volume_label":"FIN-USB-04"}},
  {"schema_version":"1.0.0","row_hash":"45f16c74f02f972e3a7840ff2247692cc32922867038618fec33a06deb45c608","timestamp_utc":"2026-03-09T15:09:31.8650000Z","timestamp_desc":"RunTime","source":"scheduled_task","artifact":"Windows.System.TaskScheduler","collector_kind":"velociraptor","host":"WKS-CORP-01","host_id":"4f1c0a9e-0001-4a00-9c31-b0de51000001","user":"SYSTEM","message":"Scheduled task ran: \\Microsoft\\Windows\\UpdateOrchestrator\\Schedule Scan","target":"\\Microsoft\\Windows\\UpdateOrchestrator\\Schedule Scan","detections":[],"severity_max":"none","detection_count":0,"provenance":{"raw_file":"raw/Windows.System.TaskScheduler/results.json","raw_row":81,"collection_id":"demo-wks-corp-01"},"extra":{"result_code":0,"run_duration_seconds":24,"task_author":"Microsoft Corporation"}},
  {"schema_version":"1.0.0","row_hash":"a5b161866c8546403c2ab04ff6365b58c4c11e487c66043af05a7c0a863b2435","timestamp_utc":"2026-03-09T15:11:13.4300000Z","timestamp_desc":"VisitTime","timestamp_source_field":"last_visit_time","source":"browser","artifact":"Windows.Applications.Edge.History","collector_kind":"velociraptor","host":"WKS-CORP-01","host_id":"4f1c0a9e-0001-4a00-9c31-b0de51000001","user":"EU\\alice","message":"Edge visit: IT service desk","target":"https://intranet.corp.example/it/servicedesk","network":{"domain":"intranet.corp.example","url":"https://intranet.corp.example/it/servicedesk","direction":"outbound"},"detections":[],"severity_max":"none","detection_count":0,"provenance":{"raw_file":"raw/Windows.Applications.Edge.History/results.json","raw_row":53,"collection_id":"demo-wks-corp-01"}},
  {"schema_version":"1.0.0","row_hash":"957c99fd3d4a87b72127057bb46221abc38372df913de5ab63034b5ca4d17863","timestamp_utc":"2026-03-09T15:12:26.7570000Z","timestamp_desc":"EventTime","source":"log","artifact":"Windows.EventLogs.Evtx","collector_kind":"native","host":"WKS-CORP-01","host_id":"4f1c0a9e-0001-4a00-9c31-b0de51000001","user":"SYSTEM","message":"Antimalware definitions updated to 1.421.343.0","target":"Microsoft-Windows-Windows Defender/Operational","process":{"name":"MsMpEng.exe","parent_name":"services.exe"},"event":{"channel":"Microsoft-Windows-Windows Defender/Operational","provider":"Microsoft-Windows-Windows-Defender","event_id":2000,"record_id":1722,"level":"Information","computer":"WKS-CORP-01.eu.corp.example"},"detections":[],"severity_max":"none","detection_count":0,"provenance":{"raw_file":"raw/Windows.EventLogs.Evtx/results.json","raw_row":61,"collection_id":"demo-wks-corp-01"}},
  {"schema_version":"1.0.0","row_hash":"1a5ab94f72174ec3b6f3d3ddb4ecb88965054b9f567b1b8d0ae264c9095c2f34","timestamp_utc":"2026-03-09T15:17:09.6680000Z","timestamp_desc":"EventTime","timestamp_source_field":"System.TimeCreated.SystemTime","source":"eventlog","artifact":"Windows.EventLogs.Evtx","collector_kind":"native","host":"WKS-CORP-01","host_id":"4f1c0a9e-0001-4a00-9c31-b0de51000001","user":"EU\\alice","message":"An account was successfully logged on (interactive): EU\\alice","target":"EU\\alice","event":{"channel":"Security","provider":"Microsoft-Windows-Security-Auditing","event_id":4624,"record_id":218246,"level":"Information","computer":"WKS-CORP-01.eu.corp.example","logon_type":2,"logon_id":"0x32d9e"},"detections":[],"severity_max":"none","detection_count":0,"provenance":{"raw_file":"raw/Windows.EventLogs.Evtx/results.json","raw_row":114,"collection_id":"demo-wks-corp-01"}},
  {"schema_version":"1.0.0","row_hash":"78b0a5fcccac256c293dd08ff0f415ee0b57f49ca08816a4953c45cefb5806d5","timestamp_utc":"2026-03-09T15:37:47.7820000Z","timestamp_desc":"EventTime","timestamp_source_field":"System.TimeCreated.SystemTime","source":"eventlog","artifact":"Windows.EventLogs.Evtx","collector_kind":"native","host":"WKS-CORP-01","host_id":"4f1c0a9e-0001-4a00-9c31-b0de51000001","user":"EU\\bob","message":"An account was successfully logged on (interactive): EU\\bob","target":"EU\\bob","event":{"channel":"Security","provider":"Microsoft-Windows-Security-Auditing","event_id":4624,"record_id":430229,"level":"Information","computer":"WKS-CORP-01.eu.corp.example","logon_type":2,"logon_id":"0x38d9c"},"detections":[],"severity_max":"none","detection_count":0,"provenance":{"raw_file":"raw/Windows.EventLogs.Evtx/results.json","raw_row":18,"collection_id":"demo-wks-corp-01"}},
  {"schema_version":"1.0.0","row_hash":"1490acfa0be3b1d56673a4347331c29761999d3d58f6d46674c24e1d868e6dc8","timestamp_utc":"2026-03-09T15:43:14.2480000Z","timestamp_desc":"InstallDate","source":"usb_device","artifact":"Windows.Registry.USBSTOR","collector_kind":"velociraptor","host":"WKS-CORP-01","host_id":"4f1c0a9e-0001-4a00-9c31-b0de51000001","user":"EU\\alice","message":"Sanctioned encrypted USB volume connected (asset FIN-USB-04)","target":"USBSTOR\\Disk&Ven_Corp&Prod_SecureKey&Rev_1.0","registry":{"key":"HKLM\\SYSTEM\\CurrentControlSet\\Enum\\USBSTOR\\Disk&Ven_Corp&Prod_SecureKey&Rev_1.0","value_name":"FriendlyName","value_data":"Corp SecureKey USB Device","value_type":"REG_SZ","hive":"SYSTEM"},"detections":[],"severity_max":"none","detection_count":0,"provenance":{"raw_file":"raw/Windows.Registry.USBSTOR/results.json","raw_row":35,"collection_id":"demo-wks-corp-01"},"extra":{"serial_number":"FINUSB041034","volume_label":"FIN-USB-04"}},
  {"schema_version":"1.0.0","row_hash":"8b2a42f5bc0539ca4b3ebf895fd898a307a368ffaf4e86c44b152ec2e869fb0c","timestamp_utc":"2026-03-09T15:44:43.3250000Z","timestamp_desc":"EventTime","source":"log","artifact":"Windows.EventLogs.Evtx","collector_kind":"native","host":"WKS-CORP-01","host_id":"4f1c0a9e-0001-4a00-9c31-b0de51000001","user":"SYSTEM","message":"Antimalware definitions updated to 1.421.387.0","target":"Microsoft-Windows-Windows Defender/Operational","process":{"name":"MsMpEng.exe","parent_name":"services.exe"},"event":{"channel":"Microsoft-Windows-Windows Defender/Operational","provider":"Microsoft-Windows-Windows-Defender","event_id":2000,"record_id":4510,"level":"Information","computer":"WKS-CORP-01.eu.corp.example"},"detections":[],"severity_max":"none","detection_count":0,"provenance":{"raw_file":"raw/Windows.EventLogs.Evtx/results.json","raw_row":37,"collection_id":"demo-wks-corp-01"}},
  {"schema_version":"1.0.0","row_hash":"f3535bedee5bf3093f4fa993659e2a7b27840523d961402262e38fdb55093514","timestamp_utc":"2026-03-09T15:47:13.4270000Z","timestamp_desc":"LastWriteTime","source":"system_info","artifact":"Windows.Sysinternals.Autoruns","collector_kind":"velociraptor","host":"WKS-CORP-01","host_id":"4f1c0a9e-0001-4a00-9c31-b0de51000001","user":"SYSTEM","message":"Autorun entry enumerated: OneDrive (signed, Microsoft Corporation)","target":"C:\\Program Files\\Microsoft OneDrive\\OneDrive.exe","file":{"path":"C:\\Program Files\\Microsoft OneDrive\\OneDrive.exe","name":"OneDrive.exe","extension":"exe","size_bytes":2821361,"signature_status":"signed_valid","signer":"Microsoft Corporation"},"detections":[],"severity_max":"none","detection_count":0,"provenance":{"raw_file":"raw/Windows.Sysinternals.Autoruns/results.json","raw_row":32,"collection_id":"demo-wks-corp-01"}},
  {"schema_version":"1.0.0","row_hash":"06031927587d5dc20d9fede6567a1da19907448d3db4f26d3702cb6cc47a85e6","timestamp_utc":"2026-03-09T15:51:49.5080000Z","timestamp_desc":"EventTime","source":"service","artifact":"Windows.EventLogs.Evtx","collector_kind":"native","host":"WKS-CORP-01","host_id":"4f1c0a9e-0001-4a00-9c31-b0de51000001","user":"SYSTEM","message":"Service entered the running state: Windows Update (wuauserv)","target":"wuauserv","process":{"name":"services.exe","image_path":"C:\\Windows\\System32\\services.exe"},"event":{"channel":"System","provider":"Service Control Manager","event_id":7036,"record_id":6317,"level":"Information","computer":"WKS-CORP-01.eu.corp.example"},"detections":[],"severity_max":"none","detection_count":0,"provenance":{"raw_file":"raw/Windows.EventLogs.Evtx/results.json","raw_row":44,"collection_id":"demo-wks-corp-01"}},
  {"schema_version":"1.0.0","row_hash":"105b610a1f69f4ddcd53779b1850d36730c67dcf07b34d7926507c6151602392","timestamp_utc":"2026-03-09T15:52:53.2220000Z","timestamp_desc":"EventTime","source":"network","artifact":"Windows.Network.Netstat","collector_kind":"velociraptor","host":"WKS-CORP-01","host_id":"4f1c0a9e-0001-4a00-9c31-b0de51000001","user":"EU\\alice","message":"Outbound HTTPS session via corporate proxy","target":"10.0.5.9:8080","process":{"name":"MSEDGE.EXE","image_path":"C:\\Program Files (x86)\\Microsoft\\Edge\\Application\\msedge.exe","parent_name":"explorer.exe"},"network":{"src_ip":"10.0.5.41","src_port":61974,"dst_ip":"10.0.5.9","dst_port":8080,"protocol":"tcp","domain":"dc-eu-01.eu.corp.example","direction":"outbound","state":"ESTABLISHED"},"detections":[],"severity_max":"none","detection_count":0,"provenance":{"raw_file":"raw/Windows.Network.Netstat/results.json","raw_row":42,"collection_id":"demo-wks-corp-01"}},
  {"schema_version":"1.0.0","row_hash":"8cb245c6c7bf4f14eb11fd7d6479336a7935d7564797ac56e9f4ae09629da865","timestamp_utc":"2026-03-09T16:03:42.5960000Z","timestamp_desc":"LastWriteTime","timestamp_source_field":"LastModified","source":"registry","artifact":"Windows.Registry.AppCompatCache","collector_kind":"velociraptor","host":"WKS-CORP-01","host_id":"4f1c0a9e-0001-4a00-9c31-b0de51000001","user":"SYSTEM","message":"AppCompatCache entry: SNIPPINGTOOL.EXE","target":"C:\\Windows\\System32\\SnippingTool.exe","registry":{"key":"HKLM\\SYSTEM\\CurrentControlSet\\Control\\Session Manager\\AppCompatCache","value_name":"AppCompatCache","value_data":"C:\\Windows\\System32\\SnippingTool.exe","value_type":"REG_BINARY","hive":"SYSTEM"},"detections":[],"severity_max":"none","detection_count":0,"provenance":{"raw_file":"raw/Windows.Registry.AppCompatCache/results.json","raw_row":64,"collection_id":"demo-wks-corp-01"},"extra":{"cache_slot":1000}},
  {"schema_version":"1.0.0","row_hash":"934b01f78a968424041bc1ccea17c4ac7e14e2773479792fe6859b5e9e18c69d","timestamp_utc":"2026-03-09T16:05:05.3750000Z","timestamp_desc":"LastWriteTime","source":"system_info","artifact":"Windows.Sysinternals.Autoruns","collector_kind":"velociraptor","host":"WKS-CORP-01","host_id":"4f1c0a9e-0001-4a00-9c31-b0de51000001","user":"SYSTEM","message":"Autorun entry enumerated: OneDrive (signed, Microsoft Corporation)","target":"C:\\Program Files\\Microsoft OneDrive\\OneDrive.exe","file":{"path":"C:\\Program Files\\Microsoft OneDrive\\OneDrive.exe","name":"OneDrive.exe","extension":"exe","size_bytes":2871582,"signature_status":"signed_valid","signer":"Microsoft Corporation"},"detections":[],"severity_max":"none","detection_count":0,"provenance":{"raw_file":"raw/Windows.Sysinternals.Autoruns/results.json","raw_row":24,"collection_id":"demo-wks-corp-01"}},
  {"schema_version":"1.0.0","row_hash":"2512ed1d2329a9fc2e3ef541ce00ac808c0fbf3df0f60324e482551e0940cd88","timestamp_utc":"2026-03-09T16:14:55.0850000Z","timestamp_desc":"RunTime","source":"scheduled_task","artifact":"Windows.System.TaskScheduler","collector_kind":"velociraptor","host":"WKS-CORP-01","host_id":"4f1c0a9e-0001-4a00-9c31-b0de51000001","user":"SYSTEM","message":"Scheduled task ran: \\Microsoft\\Windows\\UpdateOrchestrator\\Schedule Scan","target":"\\Microsoft\\Windows\\UpdateOrchestrator\\Schedule Scan","detections":[],"severity_max":"none","detection_count":0,"provenance":{"raw_file":"raw/Windows.System.TaskScheduler/results.json","raw_row":73,"collection_id":"demo-wks-corp-01"},"extra":{"result_code":0,"run_duration_seconds":16,"task_author":"Microsoft Corporation"}},
  {"schema_version":"1.0.0","row_hash":"3b87ab0771fefb636539bec97a07f18e774305b0b6cb2955f22c37b7b853919a","timestamp_utc":"2026-03-09T16:24:39.7150000Z","timestamp_desc":"EventTime","source":"network","artifact":"Windows.Network.Netstat","collector_kind":"velociraptor","host":"WKS-CORP-01","host_id":"4f1c0a9e-0001-4a00-9c31-b0de51000001","user":"EU\\alice","message":"Outbound HTTPS session via corporate proxy","target":"10.0.5.9:8080","process":{"name":"MSEDGE.EXE","image_path":"C:\\Program Files (x86)\\Microsoft\\Edge\\Application\\msedge.exe","parent_name":"explorer.exe"},"network":{"src_ip":"10.0.5.41","src_port":54649,"dst_ip":"10.0.5.9","dst_port":8080,"protocol":"tcp","domain":"dc-corp-01.corp.example","direction":"outbound","state":"ESTABLISHED"},"detections":[],"severity_max":"none","detection_count":0,"provenance":{"raw_file":"raw/Windows.Network.Netstat/results.json","raw_row":34,"collection_id":"demo-wks-corp-01"}},
  {"schema_version":"1.0.0","row_hash":"8c5a3e510f6bc0544a2c0fd137bb2391ea49646e3c8410d09614c50cfef68be4","timestamp_utc":"2026-03-09T16:25:06.8800000Z","timestamp_desc":"Modified","timestamp_source_field":"Mtime","source":"filesystem","artifact":"Windows.NTFS.MFT","collector_kind":"velociraptor","host":"WKS-CORP-01","host_id":"4f1c0a9e-0001-4a00-9c31-b0de51000001","user":"EU\\alice","message":"File modified: payroll-summary.xlsx","target":"C:\\Users\\alice\\Documents\\payroll-summary.xlsx","file":{"path":"C:\\Users\\alice\\Documents\\payroll-summary.xlsx","name":"payroll-summary.xlsx","extension":"xlsx","size_bytes":221444,"mft_entry":92970,"is_directory":false,"is_allocated":true},"detections":[],"severity_max":"none","detection_count":0,"provenance":{"raw_file":"raw/Windows.NTFS.MFT/results.json","raw_row":36,"collection_id":"demo-wks-corp-01"}},
  {"schema_version":"1.0.0","row_hash":"edc57203f6ebbd1863906d04c69390d91b17720f9c1e6472db12c22eae501294","timestamp_utc":"2026-03-09T16:35:37.7020000Z","timestamp_desc":"LastExecuted","timestamp_source_field":"LastRunTimes","source":"execution","artifact":"Windows.Forensics.Prefetch","collector_kind":"velociraptor","host":"WKS-CORP-01","host_id":"4f1c0a9e-0001-4a00-9c31-b0de51000001","user":"EU\\alice","message":"EXCEL.EXE executed (prefetch run count 61)","target":"C:\\Program Files\\Microsoft Office\\root\\Office16\\EXCEL.EXE","process":{"name":"EXCEL.EXE","image_path":"C:\\Program Files\\Microsoft Office\\root\\Office16\\EXCEL.EXE","parent_name":"explorer.exe"},"detections":[],"severity_max":"none","detection_count":0,"provenance":{"raw_file":"raw/Windows.Forensics.Prefetch/results.json","raw_row":49,"collection_id":"demo-wks-corp-01"},"extra":{"prefetch_file":"EXCEL.EXE-15E535C1.pf"}},
  {"schema_version":"1.0.0","row_hash":"a9a1103859af2ef63a1d8d661339087e163290db0295454cc208e63ae918657d","timestamp_utc":"2026-03-09T16:44:03.9660000Z","timestamp_desc":"EventTime","timestamp_source_field":"System.TimeCreated.SystemTime","source":"eventlog","artifact":"Windows.EventLogs.Evtx","collector_kind":"native","host":"WKS-CORP-01","host_id":"4f1c0a9e-0001-4a00-9c31-b0de51000001","user":"EU\\alice","message":"An account was successfully logged on (interactive): EU\\alice","target":"EU\\alice","event":{"channel":"Security","provider":"Microsoft-Windows-Security-Auditing","event_id":4624,"record_id":440185,"level":"Information","computer":"WKS-CORP-01.eu.corp.example","logon_type":2,"logon_id":"0x3f47a"},"detections":[],"severity_max":"none","detection_count":0,"provenance":{"raw_file":"raw/Windows.EventLogs.Evtx/results.json","raw_row":234,"collection_id":"demo-wks-corp-01"}},
  {"schema_version":"1.0.0","row_hash":"9b3d8947854fd92119f2d7762fda178fb70c2124ca07f9d305ba3f5e154c1226","timestamp_utc":"2026-03-09T16:46:05.2860000Z","timestamp_desc":"EventTime","source":"service","artifact":"Windows.EventLogs.Evtx","collector_kind":"native","host":"WKS-CORP-01","host_id":"4f1c0a9e-0001-4a00-9c31-b0de51000001","user":"SYSTEM","message":"Service entered the running state: Windows Update (wuauserv)","target":"wuauserv","process":{"name":"services.exe","image_path":"C:\\Windows\\System32\\services.exe"},"event":{"channel":"System","provider":"Service Control Manager","event_id":7036,"record_id":4520,"level":"Information","computer":"WKS-CORP-01.eu.corp.example"},"detections":[],"severity_max":"none","detection_count":0,"provenance":{"raw_file":"raw/Windows.EventLogs.Evtx/results.json","raw_row":140,"collection_id":"demo-wks-corp-01"}},
  {"schema_version":"1.0.0","row_hash":"df8db45d19f4e72548a62c168bb962283094d3934d6ab8acd755458bc9c81e1c","timestamp_utc":"2026-03-09T16:52:33.6100000Z","timestamp_desc":"VisitTime","timestamp_source_field":"last_visit_time","source":"browser","artifact":"Windows.Applications.Edge.History","collector_kind":"velociraptor","host":"WKS-CORP-01","host_id":"4f1c0a9e-0001-4a00-9c31-b0de51000001","user":"EU\\alice","message":"Edge visit: HR - leave balance","target":"https://intranet.corp.example/hr/leave","network":{"domain":"intranet.corp.example","url":"https://intranet.corp.example/hr/leave","direction":"outbound"},"detections":[],"severity_max":"none","detection_count":0,"provenance":{"raw_file":"raw/Windows.Applications.Edge.History/results.json","raw_row":29,"collection_id":"demo-wks-corp-01"}},
  {"schema_version":"1.0.0","row_hash":"d082121f40f536440bbbebbac7b989c79d97b47d414472118b420a2a31268647","timestamp_utc":"2026-03-09T16:53:58.4520000Z","timestamp_desc":"LastWriteTime","source":"system_info","artifact":"Windows.Sysinternals.Autoruns","collector_kind":"velociraptor","host":"WKS-CORP-01","host_id":"4f1c0a9e-0001-4a00-9c31-b0de51000001","user":"SYSTEM","message":"Autorun entry enumerated: OneDrive (signed, Microsoft Corporation)","target":"C:\\Program Files\\Microsoft OneDrive\\OneDrive.exe","file":{"path":"C:\\Program Files\\Microsoft OneDrive\\OneDrive.exe","name":"OneDrive.exe","extension":"exe","size_bytes":2861463,"signature_status":"signed_valid","signer":"Microsoft Corporation"},"detections":[],"severity_max":"none","detection_count":0,"provenance":{"raw_file":"raw/Windows.Sysinternals.Autoruns/results.json","raw_row":72,"collection_id":"demo-wks-corp-01"}},
  {"schema_version":"1.0.0","row_hash":"760f1583ef7e6be24ecc0854951207eea1c4c3b5fa43678aec033dc875ff391d","timestamp_utc":"2026-03-09T17:01:03.6940000Z","timestamp_desc":"Modified","timestamp_source_field":"Mtime","source":"filesystem","artifact":"Windows.NTFS.MFT","collector_kind":"velociraptor","host":"WKS-CORP-01","host_id":"4f1c0a9e-0001-4a00-9c31-b0de51000001","user":"EU\\alice","message":"File modified: contract-renewal.docx","target":"C:\\Users\\alice\\Documents\\contract-renewal.docx","file":{"path":"C:\\Users\\alice\\Documents\\contract-renewal.docx","name":"contract-renewal.docx","extension":"docx","size_bytes":156578,"mft_entry":125789,"is_directory":false,"is_allocated":true},"detections":[],"severity_max":"none","detection_count":0,"provenance":{"raw_file":"raw/Windows.NTFS.MFT/results.json","raw_row":4,"collection_id":"demo-wks-corp-01"}},
  {"schema_version":"1.0.0","row_hash":"4bf2fb3a5320723493c7c40b36625254ef7b0502ffe2aaa59a4905cdd58c9f94","timestamp_utc":"2026-03-09T17:45:22.7840000Z","timestamp_desc":"LastWriteTime","timestamp_source_field":"LastModified","source":"registry","artifact":"Windows.Registry.AppCompatCache","collector_kind":"velociraptor","host":"WKS-CORP-01","host_id":"4f1c0a9e-0001-4a00-9c31-b0de51000001","user":"SYSTEM","message":"AppCompatCache entry: EXCEL.EXE","target":"C:\\Program Files\\Microsoft Office\\root\\Office16\\EXCEL.EXE","registry":{"key":"HKLM\\SYSTEM\\CurrentControlSet\\Control\\Session Manager\\AppCompatCache","value_name":"AppCompatCache","value_data":"C:\\Program Files\\Microsoft Office\\root\\Office16\\EXCEL.EXE","value_type":"REG_BINARY","hive":"SYSTEM"},"detections":[],"severity_max":"none","detection_count":0,"provenance":{"raw_file":"raw/Windows.Registry.AppCompatCache/results.json","raw_row":80,"collection_id":"demo-wks-corp-01"},"extra":{"cache_slot":548}},
  {"schema_version":"1.0.0","row_hash":"a7b4a650ff2d1dbe1b1b8bb104178131162898ab9794f9059fd6f7dde4f19d9a","timestamp_utc":"2026-03-09T17:51:48.8050000Z","timestamp_desc":"EventTime","source":"network","artifact":"Windows.Network.Netstat","collector_kind":"velociraptor","host":"WKS-CORP-01","host_id":"4f1c0a9e-0001-4a00-9c31-b0de51000001","user":"EU\\alice","message":"Outbound HTTPS session via corporate proxy","target":"10.0.5.9:8080","process":{"name":"MSEDGE.EXE","image_path":"C:\\Program Files (x86)\\Microsoft\\Edge\\Application\\msedge.exe","parent_name":"explorer.exe"},"network":{"src_ip":"10.0.5.41","src_port":60728,"dst_ip":"10.0.5.9","dst_port":8080,"protocol":"tcp","domain":"wsus.corp.example","direction":"outbound","state":"ESTABLISHED"},"detections":[],"severity_max":"none","detection_count":0,"provenance":{"raw_file":"raw/Windows.Network.Netstat/results.json","raw_row":2,"collection_id":"demo-wks-corp-01"}},
  {"schema_version":"1.0.0","row_hash":"36d836744434fa135c2a998f7ddb5c9c099551ae210b11469eaf529c89d3c797","timestamp_utc":"2026-03-09T18:49:45.6450000Z","timestamp_desc":"VisitTime","timestamp_source_field":"last_visit_time","source":"browser","artifact":"Windows.Applications.Edge.History","collector_kind":"velociraptor","host":"WKS-CORP-01","host_id":"4f1c0a9e-0001-4a00-9c31-b0de51000001","user":"EU\\alice","message":"Edge visit: Finance - monthly close","target":"https://intranet.corp.example/finance/monthly-close","network":{"domain":"intranet.corp.example","url":"https://intranet.corp.example/finance/monthly-close","direction":"outbound"},"detections":[],"severity_max":"none","detection_count":0,"provenance":{"raw_file":"raw/Windows.Applications.Edge.History/results.json","raw_row":61,"collection_id":"demo-wks-corp-01"}},
  {"schema_version":"1.0.0","row_hash":"ed5d7ca1769fdc408ebca3370eb3d49026b9afe4fc0ad0e49cef11555320cd60","timestamp_utc":"2026-03-09T19:06:40.4010000Z","timestamp_desc":"LastWriteTime","timestamp_source_field":"LastModified","source":"registry","artifact":"Windows.Registry.AppCompatCache","collector_kind":"velociraptor","host":"WKS-CORP-01","host_id":"4f1c0a9e-0001-4a00-9c31-b0de51000001","user":"SYSTEM","message":"AppCompatCache entry: MSEDGE.EXE","target":"C:\\Program Files (x86)\\Microsoft\\Edge\\Application\\msedge.exe","registry":{"key":"HKLM\\SYSTEM\\CurrentControlSet\\Control\\Session Manager\\AppCompatCache","value_name":"AppCompatCache","value_data":"C:\\Program Files (x86)\\Microsoft\\Edge\\Application\\msedge.exe","value_type":"REG_BINARY","hive":"SYSTEM"},"detections":[],"severity_max":"none","detection_count":0,"provenance":{"raw_file":"raw/Windows.Registry.AppCompatCache/results.json","raw_row":8,"collection_id":"demo-wks-corp-01"},"extra":{"cache_slot":1002}},
  {"schema_version":"1.0.0","row_hash":"1461c7677d0997c592755e833350c991f3533e5d183844b95d318bda992a49a2","timestamp_utc":"2026-03-09T19:12:33.6440000Z","timestamp_desc":"EventTime","timestamp_source_field":"System.TimeCreated.SystemTime","source":"eventlog","artifact":"Windows.EventLogs.Evtx","collector_kind":"native","host":"WKS-CORP-01","host_id":"4f1c0a9e-0001-4a00-9c31-b0de51000001","user":"EU\\alice","message":"An account was successfully logged on (interactive): EU\\alice","target":"EU\\alice","event":{"channel":"Security","provider":"Microsoft-Windows-Security-Auditing","event_id":4624,"record_id":998074,"level":"Information","computer":"WKS-CORP-01.eu.corp.example","logon_type":2,"logon_id":"0x37083"},"detections":[],"severity_max":"none","detection_count":0,"provenance":{"raw_file":"raw/Windows.EventLogs.Evtx/results.json","raw_row":210,"collection_id":"demo-wks-corp-01"}},
  {"schema_version":"1.0.0","row_hash":"0b46a52e8357f53284ee3ddf1f773f11c907ea84a87d047a4bb1a557b8f4a4a3","timestamp_utc":"2026-03-09T19:26:48.7120000Z","timestamp_desc":"LastExecuted","timestamp_source_field":"LastRunTimes","source":"execution","artifact":"Windows.Forensics.Prefetch","collector_kind":"velociraptor","host":"WKS-CORP-01","host_id":"4f1c0a9e-0001-4a00-9c31-b0de51000001","user":"EU\\alice","message":"CALC.EXE executed (prefetch run count 59)","target":"C:\\Windows\\System32\\calc.exe","process":{"name":"CALC.EXE","image_path":"C:\\Windows\\System32\\calc.exe","parent_name":"explorer.exe"},"detections":[],"severity_max":"none","detection_count":0,"provenance":{"raw_file":"raw/Windows.Forensics.Prefetch/results.json","raw_row":17,"collection_id":"demo-wks-corp-01"},"extra":{"prefetch_file":"CALC.EXE-1CF66F18.pf"}},
  {"schema_version":"1.0.0","row_hash":"ba37c8d38fc4ae5726d3e12d8339f1aa77f4abfab6c11b05c2e7d65f96e14cb7","timestamp_utc":"2026-03-09T20:02:48.8850000Z","timestamp_desc":"VisitTime","timestamp_source_field":"last_visit_time","source":"browser","artifact":"Windows.Applications.Edge.History","collector_kind":"velociraptor","host":"WKS-CORP-01","host_id":"4f1c0a9e-0001-4a00-9c31-b0de51000001","user":"EU\\alice","message":"Edge visit: IT service desk","target":"https://intranet.corp.example/it/servicedesk","network":{"domain":"intranet.corp.example","url":"https://intranet.corp.example/it/servicedesk","direction":"outbound"},"detections":[],"severity_max":"none","detection_count":0,"provenance":{"raw_file":"raw/Windows.Applications.Edge.History/results.json","raw_row":13,"collection_id":"demo-wks-corp-01"}},
  {"schema_version":"1.0.0","row_hash":"d87c8a646cb68d9ce66750bdad252c2ae7970c96dacd89c486d66c889e3c6267","timestamp_utc":"2026-03-09T21:46:51.1030000Z","timestamp_desc":"LastWriteTime","source":"system_info","artifact":"Windows.Sysinternals.Autoruns","collector_kind":"velociraptor","host":"WKS-CORP-01","host_id":"4f1c0a9e-0001-4a00-9c31-b0de51000001","user":"SYSTEM","message":"Autorun entry enumerated: OneDrive (signed, Microsoft Corporation)","target":"C:\\Program Files\\Microsoft OneDrive\\OneDrive.exe","file":{"path":"C:\\Program Files\\Microsoft OneDrive\\OneDrive.exe","name":"OneDrive.exe","extension":"exe","size_bytes":2888525,"signature_status":"signed_valid","signer":"Microsoft Corporation"},"detections":[],"severity_max":"none","detection_count":0,"provenance":{"raw_file":"raw/Windows.Sysinternals.Autoruns/results.json","raw_row":48,"collection_id":"demo-wks-corp-01"}},
  {"schema_version":"1.0.0","row_hash":"786def2d4241976b0a678a1c65295968c848dc07fcd55cf0e4902728cc048904","timestamp_utc":"2026-03-09T22:44:52.0540000Z","timestamp_desc":"RunTime","source":"scheduled_task","artifact":"Windows.System.TaskScheduler","collector_kind":"velociraptor","host":"WKS-CORP-01","host_id":"4f1c0a9e-0001-4a00-9c31-b0de51000001","user":"SYSTEM","message":"Scheduled task ran: \\Microsoft\\Windows\\UpdateOrchestrator\\Schedule Scan","target":"\\Microsoft\\Windows\\UpdateOrchestrator\\Schedule Scan","detections":[],"severity_max":"none","detection_count":0,"provenance":{"raw_file":"raw/Windows.System.TaskScheduler/results.json","raw_row":9,"collection_id":"demo-wks-corp-01"},"extra":{"result_code":0,"run_duration_seconds":23,"task_author":"Microsoft Corporation"}},
  {"schema_version":"1.0.0","row_hash":"24831bed06ea758a7984d703e6b4cefb8d3806f95c8dcddad87c246bfc90e9e6","timestamp_utc":"2026-03-10T00:28:53.4440000Z","timestamp_desc":"LastWriteTime","source":"system_info","artifact":"Windows.Sysinternals.Autoruns","collector_kind":"velociraptor","host":"WKS-CORP-01","host_id":"4f1c0a9e-0001-4a00-9c31-b0de51000001","user":"SYSTEM","message":"Autorun entry enumerated: OneDrive (signed, Microsoft Corporation)","target":"C:\\Program Files\\Microsoft OneDrive\\OneDrive.exe","file":{"path":"C:\\Program Files\\Microsoft OneDrive\\OneDrive.exe","name":"OneDrive.exe","extension":"exe","size_bytes":2819566,"signature_status":"signed_valid","signer":"Microsoft Corporation"},"detections":[],"severity_max":"none","detection_count":0,"provenance":{"raw_file":"raw/Windows.Sysinternals.Autoruns/results.json","raw_row":3,"collection_id":"demo-wks-corp-01"}},
  {"schema_version":"1.0.0","row_hash":"479bbed29448e4cad9b76809435f4273a429be302be6ced81a3a5443cebdc72d","timestamp_utc":"2026-03-10T02:05:11.0000000Z","timestamp_desc":"ProcessStartTime","source":"execution","artifact":"Windows.EventLogs.Evtx","collector_kind":"native","host":"WKS-CORP-01","host_id":"4f1c0a9e-0001-4a00-9c31-b0de51000001","user":"EU\\alice","message":"Off-hours discovery: whoami.exe /all executed by the implant","target":"C:\\Windows\\System32\\whoami.exe","process":{"pid":8104,"ppid":7900,"name":"whoami.exe","image_path":"C:\\Windows\\System32\\whoami.exe","command_line":"whoami.exe /all","parent_name":"updatesvc.exe","integrity_level":"Medium","session_id":2,"user":"EU\\alice"},"event":{"channel":"Microsoft-Windows-Sysmon/Operational","provider":"Microsoft-Windows-Sysmon","event_id":1,"record_id":891002,"level":"Information"},"detections":[{"engine":"sigma","rule_id":"demo-sigma-0010","rule_name":"System Owner Discovery By Non-Interactive Parent","severity":"low","rule_author":"IRTriage demo rule pack","rule_description":"whoami /all run by a process with no interactive session at 02:05 local time.","rule_source":"sigma:demo-pack","mitre_techniques":["T1033"],"false_positives":["Logon scripts","Software inventory agents"]}],"severity_max":"low","detection_count":1,"provenance":{"raw_file":"raw/Windows.EventLogs.Evtx/results.json","raw_row":251,"collection_id":"demo-wks-corp-01"}},
