  {"schema_version":"1.0.0","row_hash":"6b1bfea712f8f2dec5d05b160d74da4465207655f7368ef072d12217692632d8","timestamp_utc":"2026-03-09T09:15:12.0000000Z","timestamp_desc":"EventTime","source":"network","artifact":"Windows.Network.Netstat","collector_kind":"velociraptor","host":"WKS-CORP-01","host_id":"4f1c0a9e-0001-4a00-9c31-b0de51000001","user":"EU\\alice","message":"powershell.exe opened an HTTPS session to cdn-sync-updates.example (first observation in this environment)","target":"198.51.100.24:443","process":{"pid":7484,"name":"powershell.exe","image_path":"C:\\Windows\\System32\\WindowsPowerShell\\v1.0\\powershell.exe","parent_name":"wscript.exe","user":"EU\\alice"},"network":{"src_ip":"10.0.5.41","src_port":51344,"dst_ip":"198.51.100.24","dst_port":443,"protocol":"tcp","domain":"cdn-sync-updates.example","direction":"outbound","state":"ESTABLISHED"},"detections":[{"engine":"sigma","rule_id":"demo-sigma-0005","rule_name":"PowerShell Network Connection To Newly Observed Domain","severity":"medium","rule_author":"IRTriage demo rule pack","rule_description":"A PowerShell process contacted an external domain with no prior history in this environment.","rule_source":"sigma:demo-pack","mitre_techniques":["T1071.001","T1105"]}],"severity_max":"medium","detection_count":1,"provenance":{"raw_file":"raw/Windows.Network.Netstat/results.json","raw_row":82,"collection_id":"demo-wks-corp-01"}},
  {"schema_version":"1.0.0","row_hash":"b4c5e6c4d0b80684dc62aa48bdfcfd77cb67402024d5816cc5cee3e55ff72f7c","timestamp_utc":"2026-03-09T09:15:44.0000000Z","timestamp_desc":"Created","timestamp_source_field":"Btime","source":"filesystem","artifact":"Windows.NTFS.MFT","collector_kind":"velociraptor","host":"WKS-CORP-01","host_id":"4f1c0a9e-0001-4a00-9c31-b0de51000001","user":"EU\\alice","message":"Unsigned executable written to a user-writable directory: updatesvc.exe","target":"C:\\Users\\alice\\AppData\\Roaming\\Sync\\updatesvc.exe","file":{"path":"C:\\Users\\alice\\AppData\\Roaming\\Sync\\updatesvc.exe","name":"updatesvc.exe","extension":"exe","size_bytes":512000,"mft_entry":118644,"is_allocated":true,"signature_status":"unsigned"},"hashes":{"md5":"1c57f88a8b2fd9fbdbbf900995dad81f","sha1":"50e70678a346d57a0634584c8ede4f479f233c56","sha256":"d7d5201e38631d05a77cedb1130deddc29f7241c84bb689ac99c25cb66ef26c5"},"detections":[{"engine":"yara","rule_id":"demo-yara-0002","rule_name":"IRTriage_Demo_Implant_Loader","severity":"high","rule_author":"IRTriage demo rule pack","rule_description":"Loader stub with an embedded C2 hostname and an XOR-decoded configuration block.","rule_source":"yara:demo-pack","mitre_techniques":["T1105","T1071.001"],"match_detail":"$c2_host_str","match_offset":20512}],"severity_max":"high","detection_count":1,"provenance":{"raw_file":"raw/Windows.NTFS.MFT/results.json","raw_row":85,"collection_id":"demo-wks-corp-01"}},
  {"schema_version":"1.0.0","row_hash":"ef57d88d8e8a71f4409b87efdb9292eb9a6b70c058d319e68a8ad4a81f381fda","timestamp_utc":"2026-03-09T09:16:03.0000000Z","timestamp_desc":"ProcessStartTime","source":"execution","artifact":"Windows.EventLogs.Evtx","collector_kind":"native","host":"WKS-CORP-01","host_id":"4f1c0a9e-0001-4a00-9c31-b0de51000001","user":"EU\\alice","message":"Implant executed from AppData: updatesvc.exe (parent powershell.exe)","target":"C:\\Users\\alice\\AppData\\Roaming\\Sync\\updatesvc.exe","hashes":{"md5":"1c57f88a8b2fd9fbdbbf900995dad81f","sha1":"50e70678a346d57a0634584c8ede4f479f233c56","sha256":"d7d5201e38631d05a77cedb1130deddc29f7241c84bb689ac99c25cb66ef26c5"},"process":{"pid":7900,"ppid":7484,"name":"updatesvc.exe","image_path":"C:\\Users\\alice\\AppData\\Roaming\\Sync\\updatesvc.exe","command_line":"\"C:\\Users\\alice\\AppData\\Roaming\\Sync\\updatesvc.exe\" -svc","parent_name":"powershell.exe","integrity_level":"Medium","session_id":2,"user":"EU\\alice"},"event":{"channel":"Microsoft-Windows-Sysmon/Operational","provider":"Microsoft-Windows-Sysmon","event_id":1,"record_id":884260,"level":"Information"},"detections":[{"engine":"sigma","rule_id":"demo-sigma-0006","rule_name":"Execution From User AppData Roaming Directory","severity":"high","rule_author":"IRTriage demo rule pack","rule_description":"An unsigned binary executed from %APPDATA%, spawned by PowerShell.","rule_source":"sigma:demo-pack","mitre_techniques":["T1204.002","T1105"]}],"severity_max":"high","detection_count":1,"provenance":{"raw_file":"raw/Windows.EventLogs.Evtx/results.json","raw_row":249,"collection_id":"demo-wks-corp-01"}},
  {"schema_version":"1.0.0","row_hash":"733742f9cdb0229651c72e17d4adb964dde5def02cf3ddd40ae89d67207331a4","timestamp_utc":"2026-03-09T09:16:05.0000000Z","timestamp_desc":"FirstExecuted","timestamp_source_field":"LastRunTimes","source":"execution","artifact":"Windows.Forensics.Prefetch","collector_kind":"velociraptor","host":"WKS-CORP-01","host_id":"4f1c0a9e-0001-4a00-9c31-b0de51000001","user":"EU\\alice","message":"Prefetch records first execution of UPDATESVC.EXE","target":"C:\\Users\\alice\\AppData\\Roaming\\Sync\\updatesvc.exe","process":{"name":"updatesvc.exe","image_path":"C:\\Users\\alice\\AppData\\Roaming\\Sync\\updatesvc.exe","parent_name":"powershell.exe"},"detections":[],"severity_max":"none","detection_count":0,"provenance":{"raw_file":"raw/Windows.Forensics.Prefetch/results.json","raw_row":83,"collection_id":"demo-wks-corp-01"},"extra":{"prefetch_file":"UPDATESVC.EXE-6A31F0C2.pf","run_count":1}},
  {"schema_version":"1.0.0","row_hash":"05ca445242f666728fdf7cfabf10846fd614b6de9144cb6baeceaa9c740b4ea6","timestamp_utc":"2026-03-09T09:18:22.0000000Z","timestamp_desc":"EventTime","source":"network","artifact":"Windows.Network.Netstat","collector_kind":"velociraptor","host":"WKS-CORP-01","host_id":"4f1c0a9e-0001-4a00-9c31-b0de51000001","user":"EU\\alice","message":"Regular-interval outbound sessions from updatesvc.exe to 198.51.100.24 (60 s +/- 3 s jitter)","target":"198.51.100.24:443","process":{"pid":7900,"name":"updatesvc.exe","image_path":"C:\\Users\\alice\\AppData\\Roaming\\Sync\\updatesvc.exe","user":"EU\\alice"},"network":{"src_ip":"10.0.5.41","src_port":51377,"dst_ip":"198.51.100.24","dst_port":443,"protocol":"tcp","domain":"cdn-sync-updates.example","direction":"outbound","state":"ESTABLISHED"},"detections":[{"engine":"sigma","rule_id":"demo-sigma-0007","rule_name":"Regular-Interval Beaconing From User-Writable Path","severity":"high","rule_author":"IRTriage demo rule pack","rule_description":"Periodic equal-size outbound sessions from a binary in a user-writable directory.","rule_source":"sigma:demo-pack","mitre_techniques":["T1071.001","T1573.001"]}],"severity_max":"high","detection_count":1,"provenance":{"raw_file":"raw/Windows.Network.Netstat/results.json","raw_row":83,"collection_id":"demo-wks-corp-01"},"extra":{"beacon_interval_seconds":60,"jitter_seconds":3,"observed_sessions":412}},
  {"schema_version":"1.0.0","row_hash":"9856262abf62ddf67ad5ceca5b88b74e7b46534cb1f531110b7094c72d44d2c8","timestamp_utc":"2026-03-09T09:18:51.1010000Z","timestamp_desc":"InstallDate","source":"usb_device","artifact":"Windows.Registry.USBSTOR","collector_kind":"velociraptor","host":"WKS-CORP-01","host_id":"4f1c0a9e-0001-4a00-9c31-b0de51000001","user":"EU\\alice","message":"Sanctioned encrypted USB volume connected (asset FIN-USB-04)","target":"USBSTOR\\Disk&Ven_Corp&Prod_SecureKey&Rev_1.0","registry":{"key":"HKLM\\SYSTEM\\CurrentControlSet\\Enum\\USBSTOR\\Disk&Ven_Corp&Prod_SecureKey&Rev_1.0","value_name":"FriendlyName","value_data":"Corp SecureKey USB Device","value_type":"REG_SZ","hive":"SYSTEM"},"detections":[],"severity_max":"none","detection_count":0,"provenance":{"raw_file":"raw/Windows.Registry.USBSTOR/results.json","raw_row":11,"collection_id":"demo-wks-corp-01"},"extra":{"serial_number":"FINUSB044527","volume_label":"FIN-USB-04"}},
  {"schema_version":"1.0.0","row_hash":"07eca98642a761db9d28c792696f726e39ac67e5673f756e7675698aa536a24f","timestamp_utc":"2026-03-09T09:22:10.0000000Z","timestamp_desc":"LastWriteTime","timestamp_source_field":"LastModified","source":"persistence","artifact":"Windows.Registry.NTUSER","collector_kind":"velociraptor","host":"WKS-CORP-01","host_id":"4f1c0a9e-0001-4a00-9c31-b0de51000001","user":"EU\\alice","message":"Run key added: SyncUpdater -> updatesvc.exe in AppData","target":"HKU\\S-1-5-21-2109-1147-3301-1104\\SOFTWARE\\Microsoft\\Windows\\CurrentVersion\\Run\\SyncUpdater","registry":{"key":"HKU\\S-1-5-21-2109-1147-3301-1104\\SOFTWARE\\Microsoft\\Windows\\CurrentVersion\\Run","value_name":"SyncUpdater","value_data":"C:\\Users\\alice\\AppData\\Roaming\\Sync\\updatesvc.exe","value_type":"REG_SZ","hive":"NTUSER.DAT"},"detections":[{"engine":"sigma","rule_id":"demo-sigma-0008","rule_name":"Run Key Pointing To User AppData Executable","severity":"high","rule_author":"IRTriage demo rule pack","rule_description":"An autorun value was created that points into %APPDATA%.","rule_source":"sigma:demo-pack","mitre_techniques":["T1547.001"]}],"severity_max":"high","detection_count":1,"provenance":{"raw_file":"raw/Windows.Registry.NTUSER/results.json","raw_row":0,"collection_id":"demo-wks-corp-01"}},
  {"schema_version":"1.0.0","row_hash":"79c501471539152fe57ed5bbd0c54e9902c541547c25f838f87a8dc2136f3b38","timestamp_utc":"2026-03-09T09:22:48.0000000Z","timestamp_desc":"Created","source":"persistence","artifact":"Windows.System.TaskScheduler","collector_kind":"velociraptor","host":"WKS-CORP-01","host_id":"4f1c0a9e-0001-4a00-9c31-b0de51000001","user":"EU\\alice","message":"Scheduled task created with an update-service-impersonating name: SyncUpdateTask","target":"\\Microsoft\\Windows\\Sync\\SyncUpdateTask","detections":[{"engine":"sigma","rule_id":"demo-sigma-0009","rule_name":"Scheduled Task Impersonating A Microsoft Update Task","severity":"medium","rule_author":"IRTriage demo rule pack","rule_description":"A task was created under a Microsoft-looking path but is not signed by, or registered to, a Microsoft component.","rule_source":"sigma:demo-pack","mitre_techniques":["T1053.005"]}],"severity_max":"medium","detection_count":1,"provenance":{"raw_file":"raw/Windows.System.TaskScheduler/results.json","raw_row":82,"collection_id":"demo-wks-corp-01"},"extra":{"task_author":"EU\\alice","task_command":"C:\\Users\\alice\\AppData\\Roaming\\Sync\\updatesvc.exe","task_trigger":"AtLogon","xml_path":"C:\\Windows\\System32\\Tasks\\Microsoft\\Windows\\Sync\\SyncUpdateTask"}},
  {"schema_version":"1.0.0","row_hash":"736daa8e335b17bf6baccfb0cdfb5d2cedc97a0244992647fc63100d383a34b5","timestamp_utc":"2026-03-09T09:23:02.0000000Z","timestamp_desc":"EventTime","source":"eventlog","artifact":"Windows.EventLogs.Evtx","collector_kind":"native","host":"WKS-CORP-01","host_id":"4f1c0a9e-0001-4a00-9c31-b0de51000001","user":"EU\\alice","message":"A scheduled task was created: \\Microsoft\\Windows\\Sync\\SyncUpdateTask","target":"\\Microsoft\\Windows\\Sync\\SyncUpdateTask","event":{"channel":"Security","provider":"Microsoft-Windows-Security-Auditing","event_id":4698,"record_id":884301,"level":"Information","computer":"WKS-CORP-01.eu.corp.example"},"detections":[],"severity_max":"none","detection_count":0,"provenance":{"raw_file":"raw/Windows.EventLogs.Evtx/results.json","raw_row":250,"collection_id":"demo-wks-corp-01"}},
  {"schema_version":"1.0.0","row_hash":"606029771f7e3c7e20f8793d313e8b5d546611a3e9d079ea70c02fea576a39f7","timestamp_utc":"2026-03-09T09:25:16.3700000Z","timestamp_desc":"Modified","timestamp_source_field":"Mtime","source":"filesystem","artifact":"Windows.NTFS.MFT","collector_kind":"velociraptor","host":"WKS-CORP-01","host_id":"4f1c0a9e-0001-4a00-9c31-b0de51000001","user":"EU\\alice","message":"File modified: cashflow-model.xlsx","target":"C:\\Users\\alice\\Documents\\cashflow-model.xlsx","file":{"path":"C:\\Users\\alice\\Documents\\cashflow-model.xlsx","name":"cashflow-model.xlsx","extension":"xlsx","size_bytes":401876,"mft_entry":101418,"is_directory":false,"is_allocated":true},"detections":[],"severity_max":"none","detection_count":0,"provenance":{"raw_file":"raw/Windows.NTFS.MFT/results.json","raw_row":60,"collection_id":"demo-wks-corp-01"}},
  {"schema_version":"1.0.0","row_hash":"d2523caa0d96c11e223e563b3311c3436f3807ef31198dc5ee87bcd3c692e395","timestamp_utc":"2026-03-09T09:31:47.7000000Z","timestamp_desc":"LastWriteTime","source":"system_info","artifact":"Windows.Sysinternals.Autoruns","collector_kind":"velociraptor","host":"WKS-CORP-01","host_id":"4f1c0a9e-0001-4a00-9c31-b0de51000001","user":"SYSTEM","message":"Autorun entry enumerated: OneDrive (signed, Microsoft Corporation)","target":"C:\\Program Files\\Microsoft OneDrive\\OneDrive.exe","file":{"path":"C:\\Program Files\\Microsoft OneDrive\\OneDrive.exe","name":"OneDrive.exe","extension":"exe","size_bytes":2883430,"signature_status":"signed_valid","signer":"Microsoft Corporation"},"detections":[],"severity_max":"none","detection_count":0,"provenance":{"raw_file":"raw/Windows.Sysinternals.Autoruns/results.json","raw_row":0,"collection_id":"demo-wks-corp-01"}},
  {"schema_version":"1.0.0","row_hash":"0e13e86c34aca9cd379ca946d1a54943229d4150ef2a70a22ae9c1029155e3b9","timestamp_utc":"2026-03-09T09:34:30.0980000Z","timestamp_desc":"InstallDate","source":"usb_device","artifact":"Windows.Registry.USBSTOR","collector_kind":"velociraptor","host":"WKS-CORP-01","host_id":"4f1c0a9e-0001-4a00-9c31-b0de51000001","user":"EU\\alice","message":"Sanctioned encrypted USB volume connected (asset FIN-USB-04)","target":"USBSTOR\\Disk&Ven_Corp&Prod_SecureKey&Rev_1.0","registry":{"key":"HKLM\\SYSTEM\\CurrentControlSet\\Enum\\USBSTOR\\Disk&Ven_Corp&Prod_SecureKey&Rev_1.0","value_name":"FriendlyName","value_data":"Corp SecureKey USB Device","value_type":"REG_SZ","hive":"SYSTEM"},"detections":[],"severity_max":"none","detection_count":0,"provenance":{"raw_file":"raw/Windows.Registry.USBSTOR/results.json","raw_row":67,"collection_id":"demo-wks-corp-01"},"extra":{"serial_number":"FINUSB048966","volume_label":"FIN-USB-04"}},
  {"schema_version":"1.0.0","row_hash":"34321c6aaaeed99271cbc002a405dabd5fd8aa1e47690a1ef784dd73bc60381c","timestamp_utc":"2026-03-09T09:34:59.8750000Z","timestamp_desc":"EventTime","source":"service","artifact":"Windows.EventLogs.Evtx","collector_kind":"native","host":"WKS-CORP-01","host_id":"4f1c0a9e-0001-4a00-9c31-b0de51000001","user":"SYSTEM","message":"Service entered the running state: Windows Update (wuauserv)","target":"wuauserv","process":{"name":"services.exe","image_path":"C:\\Windows\\System32\\services.exe"},"event":{"channel":"System","provider":"Service Control Manager","event_id":7036,"record_id":6758,"level":"Information","computer":"WKS-CORP-01.eu.corp.example"},"detections":[],"severity_max":"none","detection_count":0,"provenance":{"raw_file":"raw/Windows.EventLogs.Evtx/results.json","raw_row":164,"collection_id":"demo-wks-corp-01"}},
  {"schema_version":"1.0.0","row_hash":"f51105e7e49acd5fbb10aa2c0b8337b553bdddbfa2f16b85db561f36a28a6120","timestamp_utc":"2026-03-09T09:37:15.0910000Z","timestamp_desc":"VisitTime","timestamp_source_field":"last_visit_time","source":"browser","artifact":"Windows.Applications.Edge.History","collector_kind":"velociraptor","host":"WKS-CORP-01","host_id":"4f1c0a9e-0001-4a00-9c31-b0de51000001","user":"EU\\alice","message":"Edge visit: Finance document library","target":"https://sharepoint.corp.example/sites/finance/Shared%20Documents","network":{"domain":"sharepoint.corp.example","url":"https://sharepoint.corp.example/sites/finance/Shared%20Documents","direction":"outbound"},"detections":[],"severity_max":"none","detection_count":0,"provenance":{"raw_file":"raw/Windows.Applications.Edge.History/results.json","raw_row":21,"collection_id":"demo-wks-corp-01"}},
  {"schema_version":"1.0.0","row_hash":"71c84e41465d78327a31fa93cdcc0b25a32487a7c452a74f2b4986b434dc03ee","timestamp_utc":"2026-03-09T09:44:43.7890000Z","timestamp_desc":"LastWriteTime","timestamp_source_field":"LastModified","source":"registry","artifact":"Windows.Registry.AppCompatCache","collector_kind":"velociraptor","host":"WKS-CORP-01","host_id":"4f1c0a9e-0001-4a00-9c31-b0de51000001","user":"SYSTEM","message":"AppCompatCache entry: WINWORD.EXE","target":"C:\\Program Files\\Microsoft Office\\root\\Office16\\WINWORD.EXE","registry":{"key":"HKLM\\SYSTEM\\CurrentControlSet\\Control\\Session Manager\\AppCompatCache","value_name":"AppCompatCache","value_data":"C:\\Program Files\\Microsoft Office\\root\\Office16\\WINWORD.EXE","value_type":"REG_BINARY","hive":"SYSTEM"},"detections":[],"severity_max":"none","detection_count":0,"provenance":{"raw_file":"raw/Windows.Registry.AppCompatCache/results.json","raw_row":16,"collection_id":"demo-wks-corp-01"},"extra":{"cache_slot":819}},
  {"schema_version":"1.0.0","row_hash":"c59a07c36db0266d10cf03e27ab6d74dff66680c3f01c65b845700be2b8da698","timestamp_utc":"2026-03-09T09:50:29.1470000Z","timestamp_desc":"LastExecuted","timestamp_source_field":"LastRunTimes","source":"execution","artifact":"Windows.Forensics.Prefetch","collector_kind":"velociraptor","host":"WKS-CORP-01","host_id":"4f1c0a9e-0001-4a00-9c31-b0de51000001","user":"EU\\alice","message":"NOTEPAD.EXE executed (prefetch run count 50)","target":"C:\\Windows\\System32\\notepad.exe","process":{"name":"NOTEPAD.EXE","image_path":"C:\\Windows\\System32\\notepad.exe","parent_name":"explorer.exe"},"detections":[],"severity_max":"none","detection_count":0,"provenance":{"raw_file":"raw/Windows.Forensics.Prefetch/results.json","raw_row":81,"collection_id":"demo-wks-corp-01"},"extra":{"prefetch_file":"NOTEPAD.EXE-105E7217.pf"}},
  {"schema_version":"1.0.0","row_hash":"c44dc7f24d43e64d50dd938c3dc22fd8727603e934e9c30025dad05a10ac2c48","timestamp_utc":"2026-03-09T09:58:05.4640000Z","timestamp_desc":"LastWriteTime","source":"system_info","artifact":"Windows.Sysinternals.Autoruns","collector_kind":"velociraptor","host":"WKS-CORP-01","host_id":"4f1c0a9e-0001-4a00-9c31-b0de51000001","user":"SYSTEM","message":"Autorun entry enumerated: OneDrive (signed, Microsoft Corporation)","target":"C:\\Program Files\\Microsoft OneDrive\\OneDrive.exe","file":{"path":"C:\\Program Files\\Microsoft OneDrive\\OneDrive.exe","name":"OneDrive.exe","extension":"exe","size_bytes":2855437,"signature_status":"signed_valid","signer":"Microsoft Corporation"},"detections":[],"severity_max":"none","detection_count":0,"provenance":{"raw_file":"raw/Windows.Sysinternals.Autoruns/results.json","raw_row":16,"collection_id":"demo-wks-corp-01"}},
  {"schema_version":"1.0.0","row_hash":"fd114c60fe4bf1a0dd59c4a148cd260f45a8bba57bbeac411d040f5e177116f8","timestamp_utc":"2026-03-09T09:59:22.6270000Z","timestamp_desc":"LastWriteTime","timestamp_source_field":"LastModified","source":"registry","artifact":"Windows.Registry.AppCompatCache","collector_kind":"velociraptor","host":"WKS-CORP-01","host_id":"4f1c0a9e-0001-4a00-9c31-b0de51000001","user":"SYSTEM","message":"AppCompatCache entry: MSEDGE.EXE","target":"C:\\Program Files (x86)\\Microsoft\\Edge\\Application\\msedge.exe","registry":{"key":"HKLM\\SYSTEM\\CurrentControlSet\\Control\\Session Manager\\AppCompatCache","value_name":"AppCompatCache","value_data":"C:\\Program Files (x86)\\Microsoft\\Edge\\Application\\msedge.exe","value_type":"REG_BINARY","hive":"SYSTEM"},"detections":[],"severity_max":"none","detection_count":0,"provenance":{"raw_file":"raw/Windows.Registry.AppCompatCache/results.json","raw_row":48,"collection_id":"demo-wks-corp-01"},"extra":{"cache_slot":13}},
  {"schema_version":"1.0.0","row_hash":"b3a88a34c77965138bffe82dee71d2e21b3bfcffbd336bb238f53e5b62a341cc","timestamp_utc":"2026-03-09T09:59:40.4420000Z","timestamp_desc":"EventTime","source":"service","artifact":"Windows.EventLogs.Evtx","collector_kind":"native","host":"WKS-CORP-01","host_id":"4f1c0a9e-0001-4a00-9c31-b0de51000001","user":"SYSTEM","message":"Service entered the running state: Windows Update (wuauserv)","target":"wuauserv","process":{"name":"services.exe","image_path":"C:\\Windows\\System32\\services.exe"},"event":{"channel":"System","provider":"Service Control Manager","event_id":7036,"record_id":8623,"level":"Information","computer":"WKS-CORP-01.eu.corp.example"},"detections":[],"severity_max":"none","detection_count":0,"provenance":{"raw_file":"raw/Windows.EventLogs.Evtx/results.json","raw_row":20,"collection_id":"demo-wks-corp-01"}},
  {"schema_version":"1.0.0","row_hash":"81e3fc9b0260246f4bf3b599dc31e61414c0a111b5d505c7164aa6c660409d74","timestamp_utc":"2026-03-09T10:03:38.3220000Z","timestamp_desc":"EventTime","timestamp_source_field":"System.TimeCreated.SystemTime","source":"eventlog","artifact":"Windows.EventLogs.Evtx","collector_kind":"native","host":"WKS-CORP-01","host_id":"4f1c0a9e-0001-4a00-9c31-b0de51000001","user":"EU\\alice","message":"An account was successfully logged on (interactive): EU\\alice","target":"EU\\alice","event":{"channel":"Security","provider":"Microsoft-Windows-Security-Auditing","event_id":4624,"record_id":737399,"level":"Information","computer":"WKS-CORP-01.eu.corp.example","logon_type":2,"logon_id":"0x3a2d3"},"detections":[],"severity_max":"none","detection_count":0,"provenance":{"raw_file":"raw/Windows.EventLogs.Evtx/results.json","raw_row":186,"collection_id":"demo-wks-corp-01"}},
  {"schema_version":"1.0.0","row_hash":"b9f3aa3ca9f64325e7e702d5f440235367bf67053387155b69d29b0caba72ef4","timestamp_utc":"2026-03-09T10:06:27.8810000Z","timestamp_desc":"VisitTime","timestamp_source_field":"last_visit_time","source":"browser","artifact":"Windows.Applications.Edge.History","collector_kind":"velociraptor","host":"WKS-CORP-01","host_id":"4f1c0a9e-0001-4a00-9c31-b0de51000001","user":"EU\\alice","message":"Edge visit: Company news","target":"https://intranet.corp.example/news","network":{"domain":"intranet.corp.example","url":"https://intranet.corp.example/news","direction":"outbound"},"detections":[],"severity_max":"none","detection_count":0,"provenance":{"raw_file":"raw/Windows.Applications.Edge.History/results.json","raw_row":77,"collection_id":"demo-wks-corp-01"}},
  {"schema_version":"1.0.0","row_hash":"6cbcf6adc92c8c91ffa8488a6e853f8718526609da42f1b0983605825301d14b","timestamp_utc":"2026-03-09T10:09:45.0680000Z","timestamp_desc":"InstallDate","source":"usb_device","artifact":"Windows.Registry.USBSTOR","collector_kind":"velociraptor","host":"WKS-CORP-01","host_id":"4f1c0a9e-0001-4a00-9c31-b0de51000001","user":"EU\\alice","message":"Sanctioned encrypted USB volume connected (asset FIN-USB-04)","target":"USBSTOR\\Disk&Ven_Corp&Prod_SecureKey&Rev_1.0","registry":{"key":"HKLM\\SYSTEM\\CurrentControlSet\\Enum\\USBSTOR\\Disk&Ven_Corp&Prod_SecureKey&Rev_1.0","value_name":"FriendlyName","value_data":"Corp SecureKey USB Device","value_type":"REG_SZ","hive":"SYSTEM"},"detections":[],"severity_max":"none","detection_count":0,"provenance":{"raw_file":"raw/Windows.Registry.USBSTOR/results.json","raw_row":27,"collection_id":"demo-wks-corp-01"},"extra":{"serial_number":"FINUSB042657","volume_label":"FIN-USB-04"}},
  {"schema_version":"1.0.0","row_hash":"cfc74684b87ff3c7c431a6185b5afdbc7ee8a301140f6d8a1fd8f135f6683f54","timestamp_utc":"2026-03-09T10:14:16.1190000Z","timestamp_desc":"InstallDate","source":"usb_device","artifact":"Windows.Registry.USBSTOR","collector_kind":"velociraptor","host":"WKS-CORP-01","host_id":"4f1c0a9e-0001-4a00-9c31-b0de51000001","user":"EU\\alice","message":"Sanctioned encrypted USB volume connected (asset FIN-USB-04)","target":"USBSTOR\\Disk&Ven_Corp&Prod_SecureKey&Rev_1.0","registry":{"key":"HKLM\\SYSTEM\\CurrentControlSet\\Enum\\USBSTOR\\Disk&Ven_Corp&Prod_SecureKey&Rev_1.0","value_name":"FriendlyName","value_data":"Corp SecureKey USB Device","value_type":"REG_SZ","hive":"SYSTEM"},"detections":[],"severity_max":"none","detection_count":0,"provenance":{"raw_file":"raw/Windows.Registry.USBSTOR/results.json","raw_row":75,"collection_id":"demo-wks-corp-01"},"extra":{"serial_number":"FINUSB046522","volume_label":"FIN-USB-04"}},
  {"schema_version":"1.0.0","row_hash":"14e25c40fcaade7996393aa0958f09a7622c10ad3288768187c9f82a72c8fa65","timestamp_utc":"2026-03-09T10:22:34.3290000Z","timestamp_desc":"EventTime","source":"log","artifact":"Windows.EventLogs.Evtx","collector_kind":"native","host":"WKS-CORP-01","host_id":"4f1c0a9e-0001-4a00-9c31-b0de51000001","user":"SYSTEM","message":"Antimalware definitions updated to 1.421.349.0","target":"Microsoft-Windows-Windows Defender/Operational","process":{"name":"MsMpEng.exe","parent_name":"services.exe"},"event":{"channel":"Microsoft-Windows-Windows Defender/Operational","provider":"Microsoft-Windows-Windows-Defender","event_id":2000,"record_id":4193,"level":"Information","computer":"WKS-CORP-01.eu.corp.example"},"detections":[],"severity_max":"none","detection_count":0,"provenance":{"raw_file":"raw/Windows.EventLogs.Evtx/results.json","raw_row":85,"collection_id":"demo-wks-corp-01"}},
  {"schema_version":"1.0.0","row_hash":"66c2a8ddd6eb77e12a84f587b843c5f5e30134507b9ac72e2975ae48f262e504","timestamp_utc":"2026-03-09T10:22:37.0860000Z","timestamp_desc":"EventTime","source":"network","artifact":"Windows.Network.Netstat","collector_kind":"velociraptor","host":"WKS-CORP-01","host_id":"4f1c0a9e-0001-4a00-9c31-b0de51000001","user":"EU\\alice","message":"Outbound HTTPS session via corporate proxy","target":"10.0.5.9:8080","process":{"name":"MSEDGE.EXE","image_path":"C:\\Program Files (x86)\\Microsoft\\Edge\\Application\\msedge.exe","parent_name":"explorer.exe"},"network":{"src_ip":"10.0.5.41","src_port":64358,"dst_ip":"10.0.5.9","dst_port":8080,"protocol":"tcp","domain":"dc-eu-01.eu.corp.example","direction":"outbound","state":"ESTABLISHED"},"detections":[],"severity_max":"none","detection_count":0,"provenance":{"raw_file":"raw/Windows.Network.Netstat/results.json","raw_row":26,"collection_id":"demo-wks-corp-01"}},
  {"schema_version":"1.0.0","row_hash":"98cc93e2aad97becc00375358ccce969f0359ee930e7c8978e82525c5744f00e","timestamp_utc":"2026-03-09T10:27:47.3160000Z","timestamp_desc":"EventTime","source":"log","artifact":"Windows.EventLogs.Evtx","collector_kind":"native","host":"WKS-CORP-01","host_id":"4f1c0a9e-0001-4a00-9c31-b0de51000001","user":"SYSTEM","message":"Antimalware definitions updated to 1.421.328.0","target":"Microsoft-Windows-Windows Defender/Operational","process":{"name":"MsMpEng.exe","parent_name":"services.exe"},"event":{"channel":"Microsoft-Windows-Windows Defender/Operational","provider":"Microsoft-Windows-Windows-Defender","event_id":2000,"record_id":9808,"level":"Information","computer":"WKS-CORP-01.eu.corp.example"},"detections":[],"severity_max":"none","detection_count":0,"provenance":{"raw_file":"raw/Windows.EventLogs.Evtx/results.json","raw_row":229,"collection_id":"demo-wks-corp-01"}},
  {"schema_version":"1.0.0","row_hash":"ce43b310ae31ba4a7c6dbb5c08bcf5d2d3fa1c9c48a280ebf8e6705cce5adac4","timestamp_utc":"2026-03-09T10:32:57.8940000Z","timestamp_desc":"EventTime","source":"log","artifact":"Windows.EventLogs.Evtx","collector_kind":"native","host":"WKS-CORP-01","host_id":"4f1c0a9e-0001-4a00-9c31-b0de51000001","user":"SYSTEM","message":"Antimalware definitions updated to 1.421.343.0","target":"Microsoft-Windows-Windows Defender/Operational","process":{"name":"MsMpEng.exe","parent_name":"services.exe"},"event":{"channel":"Microsoft-Windows-Windows Defender/Operational","provider":"Microsoft-Windows-Windows-Defender","event_id":2000,"record_id":4997,"level":"Information","computer":"WKS-CORP-01.eu.corp.example"},"detections":[],"severity_max":"none","detection_count":0,"provenance":{"raw_file":"raw/Windows.EventLogs.Evtx/results.json","raw_row":109,"collection_id":"demo-wks-corp-01"}},
  {"schema_version":"1.0.0","row_hash":"e90384e21523ee7b16ed1c263f877ca0e2503dc54b52fff736a1b5d1960829cd","timestamp_utc":"2026-03-09T10:35:25.7650000Z","timestamp_desc":"EventTime","source":"network","artifact":"Windows.Network.Netstat","collector_kind":"velociraptor","host":"WKS-CORP-01","host_id":"4f1c0a9e-0001-4a00-9c31-b0de51000001","user":"EU\\alice","message":"Outbound HTTPS session via corporate proxy","target":"10.0.5.9:8080","process":{"name":"MSEDGE.EXE","image_path":"C:\\Program Files (x86)\\Microsoft\\Edge\\Application\\msedge.exe","parent_name":"explorer.exe"},"network":{"src_ip":"10.0.5.41","src_port":59554,"dst_ip":"10.0.5.9","dst_port":8080,"protocol":"tcp","domain":"mail.corp.example","direction":"outbound","state":"ESTABLISHED"},"detections":[],"severity_max":"none","detection_count":0,"provenance":{"raw_file":"raw/Windows.Network.Netstat/results.json","raw_row":50,"collection_id":"demo-wks-corp-01"}},
  {"schema_version":"1.0.0","row_hash":"9614853811140eac08c12f0ba1d87dbe91a6782f0167bd6bcdb34e3307cfd708","timestamp_utc":"2026-03-09T10:39:16.8620000Z","timestamp_desc":"EventTime","source":"service","artifact":"Windows.EventLogs.Evtx","collector_kind":"native","host":"WKS-CORP-01","host_id":"4f1c0a9e-0001-4a00-9c31-b0de51000001","user":"SYSTEM","message":"Service entered the running state: Windows Update (wuauserv)","target":"wuauserv","process":{"name":"services.exe","image_path":"C:\\Windows\\System32\\services.exe"},"event":{"channel":"System","provider":"Service Control Manager","event_id":7036,"record_id":8890,"level":"Information","computer":"WKS-CORP-01.eu.corp.example"},"detections":[],"severity_max":"none","detection_count":0,"provenance":{"raw_file":"raw/Windows.EventLogs.Evtx/results.json","raw_row":236,"collection_id":"demo-wks-corp-01"}},
  {"schema_version":"1.0.0","row_hash":"3603f22f94f0d0a4bef1133e4cf790eb54fae06d95a9734aad2614b1807b08de","timestamp_utc":"2026-03-09T10:39:59.9660000Z","timestamp_desc":"EventTime","source":"log","artifact":"Windows.EventLogs.Evtx","collector_kind":"native","host":"WKS-CORP-01","host_id":"4f1c0a9e-0001-4a00-9c31-b0de51000001","user":"SYSTEM","message":"Antimalware definitions updated to 1.421.389.0","target":"Microsoft-Windows-Windows Defender/Operational","process":{"name":"MsMpEng.exe","parent_name":"services.exe"},"event":{"channel":"Microsoft-Windows-Windows Defender/Operational","provider":"Microsoft-Windows-Windows-Defender","event_id":2000,"record_id":5405,"level":"Information","computer":"WKS-CORP-01.eu.corp.example"},"detections":[],"severity_max":"none","detection_count":0,"provenance":{"raw_file":"raw/Windows.EventLogs.Evtx/results.json","raw_row":181,"collection_id":"demo-wks-corp-01"}},
  {"schema_version":"1.0.0","row_hash":"17287ebcf3d80ebedd3ffc970f03b8e8e5724c3744b8def18d0d864cebe3b51d","timestamp_utc":"2026-03-09T10:43:05.5710000Z","timestamp_desc":"RunTime","source":"scheduled_task","artifact":"Windows.System.TaskScheduler","collector_kind":"velociraptor","host":"WKS-CORP-01","host_id":"4f1c0a9e-0001-4a00-9c31-b0de51000001","user":"SYSTEM","message":"Scheduled task ran: \\Microsoft\\Windows\\UpdateOrchestrator\\Schedule Scan","target":"\\Microsoft\\Windows\\UpdateOrchestrator\\Schedule Scan","detections":[],"severity_max":"none","detection_count":0,"provenance":{"raw_file":"raw/Windows.System.TaskScheduler/results.json","raw_row":41,"collection_id":"demo-wks-corp-01"},"extra":{"result_code":0,"run_duration_seconds":38,"task_author":"Microsoft Corporation"}},
  {"schema_version":"1.0.0","row_hash":"9c79e11616793321ae60d0d378d30ddf740c21c9dce62c1fe7f039237da0131c","timestamp_utc":"2026-03-09T10:48:32.2910000Z","timestamp_desc":"Modified","timestamp_source_field":"Mtime","source":"filesystem","artifact":"Windows.NTFS.MFT","collector_kind":"velociraptor","host":"WKS-CORP-01","host_id":"4f1c0a9e-0001-4a00-9c31-b0de51000001","user":"EU\\alice","message":"File modified: payroll-summary.xlsx","target":"C:\\Users\\alice\\Documents\\payroll-summary.xlsx","file":{"path":"C:\\Users\\alice\\Documents\\payroll-summary.xlsx","name":"payroll-summary.xlsx","extension":"xlsx","size_bytes":135874,"mft_entry":122963,"is_directory":false,"is_allocated":true},"detections":[],"severity_max":"none","detection_count":0,"provenance":{"raw_file":"raw/Windows.NTFS.MFT/results.json","raw_row":76,"collection_id":"demo-wks-corp-01"}},
  {"schema_version":"1.0.0","row_hash":"b82a75803dcdaf02153618181e29e9f7673ed9c8dbfd025c59b4a63d03e41258","timestamp_utc":"2026-03-09T10:48:45.8290000Z","timestamp_desc":"EventTime","source":"log","artifact":"Windows.EventLogs.Evtx","collector_kind":"native","host":"WKS-CORP-01","host_id":"4f1c0a9e-0001-4a00-9c31-b0de51000001","user":"SYSTEM","message":"Antimalware definitions updated to 1.421.308.0","target":"Microsoft-Windows-Windows Defender/Operational","process":{"name":"MsMpEng.exe","parent_name":"services.exe"},"event":{"channel":"Microsoft-Windows-Windows Defender/Operational","provider":"Microsoft-Windows-Windows-Defender","event_id":2000,"record_id":3834,"level":"Information","computer":"WKS-CORP-01.eu.corp.example"},"detections":[],"severity_max":"none","detection_count":0,"provenance":{"raw_file":"raw/Windows.EventLogs.Evtx/results.json","raw_row":13,"collection_id":"demo-wks-corp-01"}},
  {"schema_version":"1.0.0","row_hash":"cd4b0c87592841b852a278368c5847718081d9c7e0931ab5d3370603d0037705","timestamp_utc":"2026-03-09T10:49:17.2980000Z","timestamp_desc":"EventTime","source":"service","artifact":"Windows.EventLogs.Evtx","collector_kind":"native","host":"WKS-CORP-01","host_id":"4f1c0a9e-0001-4a00-9c31-b0de51000001","user":"SYSTEM","message":"Service entered the running state: Windows Update (wuauserv)","target":"wuauserv","process":{"name":"services.exe","image_path":"C:\\Windows\\System32\\services.exe"},"event":{"channel":"System","provider":"Service Control Manager","event_id":7036,"record_id":5922,"level":"Information","computer":"WKS-CORP-01.eu.corp.example"},"detections":[],"severity_max":"none","detection_count":0,"provenance":{"raw_file":"raw/Windows.EventLogs.Evtx/results.json","raw_row":68,"collection_id":"demo-wks-corp-01"}},
  {"schema_version":"1.0.0","row_hash":"32ce8f54e6f11cb4a4f2ca6ef75c1ce0d8d67a59c0c2eed5ad1899e43cd1b56f","timestamp_utc":"2026-03-09T10:51:53.7100000Z","timestamp_desc":"Modified","timestamp_source_field":"Mtime","source":"filesystem","artifact":"Windows.NTFS.MFT","collector_kind":"velociraptor","host":"WKS-CORP-01","host_id":"4f1c0a9e-0001-4a00-9c31-b0de51000001","user":"EU\\alice","message":"File modified: payroll-summary.xlsx","target":"C:\\Users\\alice\\Documents\\payroll-summary.xlsx","file":{"path":"C:\\Users\\alice\\Documents\\payroll-summary.xlsx","name":"payroll-summary.xlsx","extension":"xlsx","size_bytes":344892,"mft_entry":123268,"is_directory":false,"is_allocated":true},"detections":[],"severity_max":"none","detection_count":0,"provenance":{"raw_file":"raw/Windows.NTFS.MFT/results.json","raw_row":20,"collection_id":"demo-wks-corp-01"}},
  {"schema_version":"1.0.0","row_hash":"6139c4162e1220d69e629336cca3f992df6009a454d5f298d9a180a9fe4d46dd","timestamp_utc":"2026-03-09T10:53:51.0950000Z","timestamp_desc":"LastWriteTime","source":"system_info","artifact":"Windows.Sysinternals.Autoruns","collector_kind":"velociraptor","host":"WKS-CORP-01","host_id":"4f1c0a9e-0001-4a00-9c31-b0de51000001","user":"SYSTEM","message":"Autorun entry enumerated: OneDrive (signed, Microsoft Corporation)","target":"C:\\Program Files\\Microsoft OneDrive\\OneDrive.exe","file":{"path":"C:\\Program Files\\Microsoft OneDrive\\OneDrive.exe","name":"OneDrive.exe","extension":"exe","size_bytes":2813108,"signature_status":"signed_valid","signer":"Microsoft Corporation"},"detections":[],"severity_max":"none","detection_count":0,"provenance":{"raw_file":"raw/Windows.Sysinternals.Autoruns/results.json","raw_row":40,"collection_id":"demo-wks-corp-01"}},
  {"schema_version":"1.0.0","row_hash":"3dc949895de2abcb4ec0036da64693a77f76fb2a17ec258507552b2390369a44","timestamp_utc":"2026-03-09T10:55:31.9250000Z","timestamp_desc":"RunTime","source":"scheduled_task","artifact":"Windows.System.TaskScheduler","collector_kind":"velociraptor","host":"WKS-CORP-01","host_id":"4f1c0a9e-0001-4a00-9c31-b0de51000001","user":"SYSTEM","message":"Scheduled task ran: \\Microsoft\\Windows\\UpdateOrchestrator\\Schedule Scan","target":"\\Microsoft\\Windows\\UpdateOrchestrator\\Schedule Scan","detections":[],"severity_max":"none","detection_count":0,"provenance":{"raw_file":"raw/Windows.System.TaskScheduler/results.json","raw_row":25,"collection_id":"demo-wks-corp-01"},"extra":{"result_code":0,"run_duration_seconds":12,"task_author":"Microsoft Corporation"}},
  {"schema_version":"1.0.0","row_hash":"6b5311a1a042129567ea415d732d0d9b6984fb89b4f995469a994c2e2906f6ef","timestamp_utc":"2026-03-09T11:08:42.9010000Z","timestamp_desc":"Modified","timestamp_source_field":"Mtime","source":"filesystem","artifact":"Windows.NTFS.MFT","collector_kind":"velociraptor","host":"WKS-CORP-01","host_id":"4f1c0a9e-0001-4a00-9c31-b0de51000001","user":"EU\\alice","message":"File modified: board-pack-march.pptx","target":"C:\\Users\\alice\\Documents\\board-pack-march.pptx","file":{"path":"C:\\Users\\alice\\Documents\\board-pack-march.pptx","name":"board-pack-march.pptx","extension":"pptx","size_bytes":54088,"mft_entry":127331,"is_directory":false,"is_allocated":true},"detections":[],"severity_max":"none","detection_count":0,"provenance":{"raw_file":"raw/Windows.NTFS.MFT/results.json","raw_row":52,"collection_id":"demo-wks-corp-01"}},
  {"schema_version":"1.0.0","row_hash":"edfe3880028ba7a24250b50fa6ac4fb626e7022ccb1b7e801700633ec573e76c","timestamp_utc":"2026-03-09T11:13:34.5700000Z","timestamp_desc":"LastWriteTime","source":"system_info","artifact":"Windows.Sysinternals.Autoruns","collector_kind":"velociraptor","host":"WKS-CORP-01","host_id":"4f1c0a9e-0001-4a00-9c31-b0de51000001","user":"SYSTEM","message":"Autorun entry enumerated: OneDrive (signed, Microsoft Corporation)","target":"C:\\Program Files\\Microsoft OneDrive\\OneDrive.exe","file":{"path":"C:\\Program Files\\Microsoft OneDrive\\OneDrive.exe","name":"OneDrive.exe","extension":"exe","size_bytes":2808737,"signature_status":"signed_valid","signer":"Microsoft Corporation"},"detections":[],"severity_max":"none","detection_count":0,"provenance":{"raw_file":"raw/Windows.Sysinternals.Autoruns/results.json","raw_row":64,"collection_id":"demo-wks-corp-01"}},
  {"schema_version":"1.0.0","row_hash":"4e179219d1957ef3aa38e50add06e77f8341e0f3a211b5437e097fb96d9c848c","timestamp_utc":"2026-03-09T11:16:52.9230000Z","timestamp_desc":"EventTime","source":"log","artifact":"Windows.EventLogs.Evtx","collector_kind":"native","host":"WKS-CORP-01","host_id":"4f1c0a9e-0001-4a00-9c31-b0de51000001","user":"SYSTEM","message":"Antimalware definitions updated to 1.421.353.0","target":"Microsoft-Windows-Windows Defender/Operational","process":{"name":"MsMpEng.exe","parent_name":"services.exe"},"event":{"channel":"Microsoft-Windows-Windows Defender/Operational","provider":"Microsoft-Windows-Windows-Defender","event_id":2000,"record_id":1692,"level":"Information","computer":"WKS-CORP-01.eu.corp.example"},"detections":[],"severity_max":"none","detection_count":0,"provenance":{"raw_file":"raw/Windows.EventLogs.Evtx/results.json","raw_row":157,"collection_id":"demo-wks-corp-01"}},
  {"schema_version":"1.0.0","row_hash":"e011c04ae5b0cfdca3a9be0ca44eabdd3b5c4c6bc2cba14066c3c0dc3f8037c4","timestamp_utc":"2026-03-09T11:36:03.8940000Z","timestamp_desc":"EventTime","source":"log","artifact":"Windows.EventLogs.Evtx","collector_kind":"native","host":"WKS-CORP-01","host_id":"4f1c0a9e-0001-4a00-9c31-b0de51000001","user":"SYSTEM","message":"Antimalware definitions updated to 1.421.319.0","target":"Microsoft-Windows-Windows Defender/Operational","process":{"name":"MsMpEng.exe","parent_name":"services.exe"},"event":{"channel":"Microsoft-Windows-Windows Defender/Operational","provider":"Microsoft-Windows-Windows-Defender","event_id":2000,"record_id":8224,"level":"Information","computer":"WKS-CORP-01.eu.corp.example"},"detections":[],"severity_max":"none","detection_count":0,"provenance":{"raw_file":"raw/Windows.EventLogs.Evtx/results.json","raw_row":205,"collection_id":"demo-wks-corp-01"}},
  {"schema_version":"1.0.0","row_hash":"ecf05a687f3eac1d67e5f679e2cd81ec73a9bc3b4aa3ce9f3002aee171fa5e15","timestamp_utc":"2026-03-09T11:37:56.3380000Z","timestamp_desc":"LastExecuted","timestamp_source_field":"LastRunTimes","source":"execution","artifact":"Windows.Forensics.Prefetch","collector_kind":"velociraptor","host":"WKS-CORP-01","host_id":"4f1c0a9e-0001-4a00-9c31-b0de51000001","user":"EU\\alice","message":"CALC.EXE executed (prefetch run count 89)","target":"C:\\Windows\\System32\\calc.exe","process":{"name":"CALC.EXE","image_path":"C:\\Windows\\System32\\calc.exe","parent_name":"explorer.exe"},"detections":[],"severity_max":"none","detection_count":0,"provenance":{"raw_file":"raw/Windows.Forensics.Prefetch/results.json","raw_row":1,"collection_id":"demo-wks-corp-01"},"extra":{"prefetch_file":"CALC.EXE-15318694.pf"}},
  {"schema_version":"1.0.0","row_hash":"3dff5a2df2a3a9ebe8589683446456adbcbcd82fa1447ad4d845daa0daef8302","timestamp_utc":"2026-03-09T11:39:31.9400000Z","timestamp_desc":"LastExecuted","timestamp_source_field":"LastRunTimes","source":"execution","artifact":"Windows.Forensics.Prefetch","collector_kind":"velociraptor","host":"WKS-CORP-01","host_id":"4f1c0a9e-0001-4a00-9c31-b0de51000001","user":"EU\\alice","message":"SNIPPINGTOOL.EXE executed (prefetch run count 25)","target":"C:\\Windows\\System32\\SnippingTool.exe","process":{"name":"SNIPPINGTOOL.EXE","image_path":"C:\\Windows\\System32\\SnippingTool.exe","parent_name":"explorer.exe"},"detections":[],"severity_max":"none","detection_count":0,"provenance":{"raw_file":"raw/Windows.Forensics.Prefetch/results.json","raw_row":73,"collection_id":"demo-wks-corp-01"},"extra":{"prefetch_file":"SNIPPINGTOOL.EXE-1356AD4A.pf"}},
  {"schema_version":"1.0.0","row_hash":"d212b098dfc6c73d10519247b5f948048c6ff6dc7a0a1d334a1d08c4b60931fa","timestamp_utc":"2026-03-09T11:52:22.7040000Z","timestamp_desc":"InstallDate","source":"usb_device","artifact":"Windows.Registry.USBSTOR","collector_kind":"velociraptor","host":"WKS-CORP-01","host_id":"4f1c0a9e-0001-4a00-9c31-b0de51000001","user":"EU\\alice","message":"Sanctioned encrypted USB volume connected (asset FIN-USB-04)","target":"USBSTOR\\Disk&Ven_Corp&Prod_SecureKey&Rev_1.0","registry":{"key":"HKLM\\SYSTEM\\CurrentControlSet\\Enum\\USBSTOR\\Disk&Ven_Corp&Prod_SecureKey&Rev_1.0","value_name":"FriendlyName","value_data":"Corp SecureKey USB Device","value_type":"REG_SZ","hive":"SYSTEM"},"detections":[],"severity_max":"none","detection_count":0,"provenance":{"raw_file":"raw/Windows.Registry.USBSTOR/results.json","raw_row":59,"collection_id":"demo-wks-corp-01"},"extra":{"serial_number":"FINUSB047523","volume_label":"FIN-USB-04"}},
  {"schema_version":"1.0.0","row_hash":"8f3af843a732bb42162de10293e370d165869f3e73cfa73755d433ac85db60d8","timestamp_utc":"2026-03-09T11:55:01.5840000Z","timestamp_desc":"EventTime","timestamp_source_field":"System.TimeCreated.SystemTime","source":"eventlog","artifact":"Windows.EventLogs.Evtx","collector_kind":"native","host":"WKS-CORP-01","host_id":"4f1c0a9e-0001-4a00-9c31-b0de51000001","user":"EU\\bob","message":"An account was successfully logged on (interactive): EU\\bob","target":"EU\\bob","event":{"channel":"Security","provider":"Microsoft-Windows-Security-Auditing","event_id":4624,"record_id":909450,"level":"Information","computer":"WKS-CORP-01.eu.corp.example","logon_type":2,"logon_id":"0x3a856"},"detections":[],"severity_max":"none","detection_count":0,"provenance":{"raw_file":"raw/Windows.EventLogs.Evtx/results.json","raw_row":162,"collection_id":"demo-wks-corp-01"}},
  {"schema_version":"1.0.0","row_hash":"452a8c901bf22011d379b42c026d08fad45d19a2e8a94d5fd28cf412057c9132","timestamp_utc":"2026-03-09T12:01:49.3210000Z","timestamp_desc":"Modified","timestamp_source_field":"Mtime","source":"filesystem","artifact":"Windows.NTFS.MFT","collector_kind":"velociraptor","host":"WKS-CORP-01","host_id":"4f1c0a9e-0001-4a00-9c31-b0de51000001","user":"EU\\alice","message":"File modified: board-pack-march.pptx","target":"C:\\Users\\alice\\Documents\\board-pack-march.pptx","file":{"path":"C:\\Users\\alice\\Documents\\board-pack-march.pptx","name":"board-pack-march.pptx","extension":"pptx","size_bytes":75927,"mft_entry":108047,"is_directory":false,"is_allocated":true},"detections":[],"severity_max":"none","detection_count":0,"provenance":{"raw_file":"raw/Windows.NTFS.MFT/results.json","raw_row":68,"collection_id":"demo-wks-corp-01"}},
  {"schema_version":"1.0.0","row_hash":"1159e5944d5978f85efdccfe01ffc14f4e1678233b625ada83d40f8b7f0ec8bc","timestamp_utc":"2026-03-09T12:06:42.3880000Z","timestamp_desc":"LastWriteTime","source":"system_info","artifact":"Windows.Sysinternals.Autoruns","collector_kind":"velociraptor","host":"WKS-CORP-01","host_id":"4f1c0a9e-0001-4a00-9c31-b0de51000001","user":"SYSTEM","message":"Autorun entry enumerated: OneDrive (signed, Microsoft Corporation)","target":"C:\\Program Files\\Microsoft OneDrive\\OneDrive.exe","file":{"path":"C:\\Program Files\\Microsoft OneDrive\\OneDrive.exe","name":"OneDrive.exe","extension":"exe","size_bytes":2856941,"signature_status":"signed_valid","signer":"Microsoft Corporation"},"detections":[],"severity_max":"none","detection_count":0,"provenance":{"raw_file":"raw/Windows.Sysinternals.Autoruns/results.json","raw_row":8,"collection_id":"demo-wks-corp-01"}},
  {"schema_version":"1.0.0","row_hash":"2acc70f57865529552ff97cf1b6eb4138c95214840363dbdfa5f64670747d2c2","timestamp_utc":"2026-03-09T12:15:55.6210000Z","timestamp_desc":"EventTime","source":"network","artifact":"Windows.Network.Netstat","collector_kind":"velociraptor","host":"WKS-CORP-01","host_id":"4f1c0a9e-0001-4a00-9c31-b0de51000001","user":"EU\\alice","message":"Outbound HTTPS session via corporate proxy","target":"10.0.5.9:8080","process":{"name":"MSEDGE.EXE","image_path":"C:\\Program Files (x86)\\Microsoft\\Edge\\Application\\msedge.exe","parent_name":"explorer.exe"},"network":{"src_ip":"10.0.5.41","src_port":63878,"dst_ip":"10.0.5.9","dst_port":8080,"protocol":"tcp","domain":"wsus.corp.example","direction":"outbound","state":"ESTABLISHED"},"detections":[],"severity_max":"none","detection_count":0,"provenance":{"raw_file":"raw/Windows.Network.Netstat/results.json","raw_row":74,"collection_id":"demo-wks-corp-01"}},
  {"schema_version":"1.0.0","row_hash":"baf72ac4eeff49ec71d4875e3d10722c0bcbab1ddc7ab651a9783d908531fb71","timestamp_utc":"2026-03-09T12:29:59.2200000Z","timestamp_desc":"InstallDate","source":"usb_device","artifact":"Windows.Registry.USBSTOR","collector_kind":"velociraptor","host":"WKS-CORP-01","host_id":"4f1c0a9e-0001-4a00-9c31-b0de51000001","user":"EU\\alice","message":"Sanctioned encrypted USB volume connected (asset FIN-USB-04)","target":"USBSTOR\\Disk&Ven_Corp&Prod_SecureKey&Rev_1.0","registry":{"key":"HKLM\\SYSTEM\\CurrentControlSet\\Enum\\USBSTOR\\Disk&Ven_Corp&Prod_SecureKey&Rev_1.0","value_name":"FriendlyName","value_data":"Corp SecureKey USB Device","value_type":"REG_SZ","hive":"SYSTEM"},"detections":[],"severity_max":"none","detection_count":0,"provenance":{"raw_file":"raw/Windows.Registry.USBSTOR/results.json","raw_row":3,"collection_id":"demo-wks-corp-01"},"extra":{"serial_number":"FINUSB049994","volume_label":"FIN-USB-04"}},
  {"schema_version":"1.0.0","row_hash":"c9bb6090c964f2ddd3c0477f97efcaabcb3d5853e2086422249026397a921753","timestamp_utc":"2026-03-09T12:32:05.2620000Z","timestamp_desc":"EventTime","source":"service","artifact":"Windows.EventLogs.Evtx","collector_kind":"native","host":"WKS-CORP-01","host_id":"4f1c0a9e-0001-4a00-9c31-b0de51000001","user":"SYSTEM","message":"Service entered the running state: Windows Update (wuauserv)","target":"wuauserv","process":{"name":"services.exe","image_path":"C:\\Windows\\System32\\services.exe"},"event":{"channel":"System","provider":"Service Control Manager","event_id":7036,"record_id":8745,"level":"Information","computer":"WKS-CORP-01.eu.corp.example"},"detections":[],"severity_max":"none","detection_count":0,"provenance":{"raw_file":"raw/Windows.EventLogs.Evtx/results.json","raw_row":116,"collection_id":"demo-wks-corp-01"}},
